Hello! My Rank is  1.
Hello! My Rank is  2.
Hello! My Rank is  3.
Hello! My Rank is  4.
 epsilon =   9.99999993922529029E-009
 iteration:          500
 relative error =   4.46239507750312411E-004
 iteration:         1000
 relative error =   1.13901083249059372E-004
 iteration:         1500
 relative error =   3.47239526419049086E-005
 iteration:         2000
 relative error =   1.08076268740555031E-005
 iteration:         2500
 relative error =   3.37201241628242345E-006
 iteration:         3000
 relative error =   1.05246638650674690E-006
 iteration:         3500
 relative error =   3.28519570711280944E-007
 iteration:         4000
 relative error =   1.02547099885751181E-007
 iteration:         4500
 relative error =   3.20101897860737371E-008
 iteration:         4999
  1    0.31923E-02
  2    0.63815E-02
  3    0.95643E-02
  4    0.12738E-01
  5    0.15899E-01
  6    0.19044E-01
  7    0.22170E-01
  8    0.25275E-01
  9    0.28354E-01
 10    0.31406E-01
 11    0.34426E-01
 12    0.37413E-01
 13    0.40363E-01
 14    0.43272E-01
 15    0.46140E-01
 16    0.48961E-01
 17    0.51734E-01
 18    0.54457E-01
 19    0.57125E-01
 20    0.59737E-01
 21    0.62290E-01
 22    0.64782E-01
 23    0.67210E-01
 24    0.69571E-01
 25    0.71864E-01
 26    0.74086E-01
 27    0.76235E-01
 28    0.78308E-01
 29    0.80304E-01
 30    0.82221E-01
 31    0.84057E-01
 32    0.85810E-01
 33    0.87478E-01
 34    0.89060E-01
 35    0.90554E-01
 36    0.91959E-01
 37    0.93272E-01
 38    0.94494E-01
 39    0.95623E-01
 40    0.96657E-01
 41    0.97596E-01
 42    0.98438E-01
 43    0.99184E-01
 44    0.99831E-01
 45    0.10038E+00
 46    0.10083E+00
 47    0.10118E+00
 48    0.10143E+00
 49    0.10158E+00
 50    0.10163E+00
 51    0.10158E+00
 52    0.10143E+00
 53    0.10118E+00
 54    0.10083E+00
 55    0.10038E+00
 56    0.99831E-01
 57    0.99184E-01
 58    0.98438E-01
 59    0.97596E-01
 60    0.96657E-01
 61    0.95623E-01
 62    0.94494E-01
 63    0.93272E-01
 64    0.91959E-01
 65    0.90554E-01
 66    0.89060E-01
 67    0.87478E-01
 68    0.85810E-01
 69    0.84057E-01
 70    0.82221E-01
 71    0.80304E-01
 72    0.78308E-01
 73    0.76235E-01
 74    0.74086E-01
 75    0.71864E-01
 76    0.69571E-01
 77    0.67210E-01
 78    0.64782E-01
 79    0.62290E-01
 80    0.59737E-01
 81    0.57125E-01
 82    0.54457E-01
 83    0.51735E-01
 84    0.48961E-01
 85    0.46140E-01
 86    0.43272E-01
 87    0.40363E-01
 88    0.37413E-01
 89    0.34426E-01
 90    0.31406E-01
 91    0.28354E-01
 92    0.25275E-01
 93    0.22170E-01
 94    0.19044E-01
 95    0.15899E-01
 96    0.12738E-01
 97    0.95643E-02
 98    0.63815E-02
 99    0.31923E-02
