  0.000  0.000    0.69532-309
  0.000  0.033    0.34836E-09
  0.000  0.067    0.69970E-08
  0.000  0.100    0.11254E-06
  0.000  0.133    0.14493E-05
  0.000  0.167    0.14945E-04
  0.000  0.200    0.12341E-03
  0.000  0.233    0.81599E-03
  0.000  0.267    0.43202E-02
  0.000  0.300    0.18316E-01
  0.000  0.333    0.62177E-01
  0.000  0.367    0.16901E+00
  0.000  0.400    0.36788E+00
  0.000  0.433    0.64118E+00
  0.000  0.467    0.89484E+00
  0.000  0.500    0.10000E+01
  0.000  0.533    0.89484E+00
  0.000  0.567    0.64118E+00
  0.000  0.600    0.36788E+00
  0.000  0.633    0.16901E+00
  0.000  0.667    0.62177E-01
  0.000  0.700    0.18316E-01
  0.000  0.733    0.43202E-02
  0.000  0.767    0.81599E-03
  0.000  0.800    0.12341E-03
  0.000  0.833    0.14945E-04
  0.000  0.867    0.14493E-05
  0.000  0.900    0.11254E-06
  0.000  0.933    0.69970E-08
  0.000  0.967    0.34836E-09
  0.000  1.000    0.13888E-10
 
  0.020  0.000    0.41526E-09
  0.020  0.033    0.83268E-08
  0.020  0.067    0.13364E-06
  0.020  0.100    0.17166E-05
  0.020  0.133    0.17645E-04
  0.020  0.167    0.14510E-03
  0.020  0.200    0.95450E-03
  0.020  0.233    0.50211E-02
  0.020  0.267    0.21115E-01
  0.020  0.300    0.70949E-01
  0.020  0.333    0.19038E+00
  0.020  0.367    0.40765E+00
  0.020  0.400    0.69584E+00
  0.020  0.433    0.94557E+00
  0.020  0.467    0.10210E+01
  0.020  0.500    0.87381E+00
  0.020  0.533    0.59045E+00
  0.020  0.567    0.31322E+00
  0.020  0.600    0.12924E+00
  0.020  0.633    0.40809E-01
  0.020  0.667    0.95435E-02
  0.020  0.700    0.15212E-02
  0.020  0.733    0.11514E-03
  0.020  0.767   -0.15106E-04
  0.020  0.800   -0.67476E-05
  0.020  0.833   -0.12499E-05
  0.020  0.867   -0.15481E-06
  0.020  0.900   -0.14111E-07
  0.020  0.933   -0.98137E-09
  0.020  0.967   -0.53007E-10
  0.020  1.000    0.41526E-09
 
  0.040  0.000    0.99091E-08
  0.040  0.033    0.15871E-06
  0.040  0.067    0.20332E-05
  0.040  0.100    0.20830E-04
  0.040  0.133    0.17059E-03
  0.040  0.167    0.11164E-02
  0.040  0.200    0.58344E-02
  0.040  0.233    0.24333E-01
  0.040  0.267    0.80915E-01
  0.040  0.300    0.21427E+00
  0.040  0.333    0.45111E+00
  0.040  0.367    0.75348E+00
  0.040  0.400    0.99552E+00
  0.040  0.433    0.10361E+01
  0.040  0.467    0.84436E+00
  0.040  0.500    0.53378E+00
  0.040  0.533    0.25777E+00
  0.040  0.567    0.92444E-01
  0.040  0.600    0.23123E-01
  0.040  0.633    0.32903E-02
  0.040  0.667   -0.83301E-04
  0.040  0.700   -0.16607E-03
  0.040  0.733   -0.41154E-04
  0.040  0.767   -0.50759E-05
  0.040  0.800   -0.15041E-06
  0.040  0.833    0.64210E-07
  0.040  0.867    0.14030E-07
  0.040  0.900    0.16445E-08
  0.040  0.933    0.13267E-09
  0.040  0.967    0.50891E-09
  0.040  1.000    0.99091E-08
 
  0.060  0.000    0.18847E-06
  0.060  0.033    0.24081E-05
  0.060  0.067    0.24590E-04
  0.060  0.100    0.20055E-03
  0.060  0.133    0.13055E-02
  0.060  0.167    0.67780E-02
  0.060  0.200    0.28033E-01
  0.060  0.233    0.92232E-01
  0.060  0.267    0.24094E+00
  0.060  0.300    0.49848E+00
  0.060  0.333    0.81395E+00
  0.060  0.367    0.10439E+01
  0.060  0.400    0.10442E+01
  0.060  0.433    0.80601E+00
  0.060  0.467    0.47166E+00
  0.060  0.500    0.20257E+00
  0.060  0.533    0.59378E-01
  0.060  0.567    0.92587E-02
  0.060  0.600   -0.67621E-03
  0.060  0.633   -0.75803E-03
  0.060  0.667   -0.18262E-03
  0.060  0.700   -0.16172E-04
  0.060  0.733    0.21398E-05
  0.060  0.767    0.83469E-06
  0.060  0.800    0.10713E-06
  0.060  0.833    0.39940E-08
  0.060  0.867   -0.83264E-09
  0.060  0.900   -0.16969E-09
  0.060  0.933    0.58416E-09
  0.060  0.967    0.11789E-07
  0.060  1.000    0.18847E-06
 
  0.080  0.000    0.28521E-05
  0.080  0.033    0.29026E-04
  0.080  0.067    0.23574E-03
  0.080  0.100    0.15265E-02
  0.080  0.133    0.78725E-02
  0.080  0.167    0.32284E-01
  0.080  0.200    0.10507E+00
  0.080  0.233    0.27068E+00
  0.080  0.267    0.54998E+00
  0.080  0.300    0.87705E+00
  0.080  0.333    0.10899E+01
  0.080  0.367    0.10443E+01
  0.080  0.400    0.75836E+00
  0.080  0.433    0.40479E+00
  0.080  0.467    0.14876E+00
  0.080  0.500    0.30740E-01
  0.080  0.533   -0.76522E-03
  0.080  0.567   -0.26632E-02
  0.080  0.600   -0.77439E-03
  0.080  0.633   -0.67539E-04
  0.080  0.667    0.17118E-04
  0.080  0.700    0.58022E-05
  0.080  0.733    0.57367E-06
  0.080  0.767   -0.38377E-07
  0.080  0.800   -0.16634E-07
  0.080  0.833   -0.17980E-08
  0.080  0.867   -0.37104E-10
  0.080  0.900    0.73493E-09
  0.080  0.933    0.14030E-07
  0.080  0.967    0.22380E-06
  0.080  1.000    0.28521E-05
 
  0.100  0.000    0.34261E-04
  0.100  0.033    0.27708E-03
  0.100  0.067    0.17847E-02
  0.100  0.100    0.91417E-02
  0.100  0.133    0.37167E-01
  0.100  0.167    0.11963E+00
  0.100  0.200    0.30380E+00
  0.100  0.233    0.60584E+00
  0.100  0.267    0.94246E+00
  0.100  0.300    0.11325E+01
  0.100  0.333    0.10352E+01
  0.100  0.367    0.70117E+00
  0.100  0.400    0.33408E+00
  0.100  0.433    0.97548E-01
  0.100  0.467    0.71365E-02
  0.100  0.500   -0.70662E-02
  0.100  0.533   -0.30428E-02
  0.100  0.567   -0.39663E-03
  0.100  0.600    0.73831E-04
  0.100  0.633    0.34049E-04
  0.100  0.667    0.35391E-05
  0.100  0.700   -0.47203E-06
  0.100  0.733   -0.16079E-06
  0.100  0.767   -0.12285E-07
  0.100  0.800    0.11693E-08
  0.100  0.833    0.31507E-09
  0.100  0.867    0.88934E-09
  0.100  0.900    0.16689E-07
  0.100  0.933    0.26575E-06
  0.100  0.967    0.33777E-05
  0.100  1.000    0.34261E-04
 
  0.120  0.000    0.32565E-03
  0.120  0.033    0.20862E-02
  0.120  0.067    0.10613E-01
  0.120  0.100    0.42772E-01
  0.120  0.133    0.13612E+00
  0.120  0.167    0.34063E+00
  0.120  0.200    0.66625E+00
  0.120  0.233    0.10098E+01
  0.120  0.267    0.11705E+01
  0.120  0.300    0.10157E+01
  0.120  0.333    0.63437E+00
  0.120  0.367    0.26066E+00
  0.120  0.400    0.50243E-01
  0.120  0.433   -0.10946E-01
  0.120  0.467   -0.99067E-02
  0.120  0.500   -0.22381E-02
  0.120  0.533    0.13261E-03
  0.120  0.567    0.16792E-03
  0.120  0.600    0.26093E-04
  0.120  0.633   -0.25629E-05
  0.120  0.667   -0.12743E-05
  0.120  0.700   -0.98537E-07
  0.120  0.733    0.17415E-07
  0.120  0.767    0.38602E-08
  0.120  0.800    0.14423E-09
  0.120  0.833    0.10042E-08
  0.120  0.867    0.19849E-07
  0.120  0.900    0.31557E-06
  0.120  0.933    0.40001E-05
  0.120  0.967    0.40437E-04
  0.120  1.000    0.32565E-03
 
  0.140  0.000    0.24383E-02
  0.140  0.033    0.12318E-01
  0.140  0.067    0.49203E-01
  0.140  0.100    0.15479E+00
  0.140  0.133    0.38154E+00
  0.140  0.167    0.73138E+00
  0.140  0.200    0.10785E+01
  0.140  0.233    0.12026E+01
  0.140  0.267    0.98477E+00
  0.140  0.300    0.55810E+00
  0.140  0.333    0.18591E+00
  0.140  0.367    0.81604E-02
  0.140  0.400   -0.23184E-01
  0.140  0.433   -0.96989E-02
  0.140  0.467   -0.70440E-03
  0.140  0.500    0.60675E-03
  0.140  0.533    0.17498E-03
  0.140  0.567   -0.22732E-05
  0.140  0.600   -0.82940E-05
  0.140  0.633   -0.10165E-05
  0.140  0.667    0.13661E-06
  0.140  0.700    0.40605E-07
  0.140  0.733    0.11493E-08
  0.140  0.767   -0.59897E-09
  0.140  0.800    0.11762E-08
  0.140  0.833    0.23618E-07
  0.140  0.867    0.37471E-06
  0.140  0.900    0.47370E-05
  0.140  0.933    0.47725E-04
  0.140  0.967    0.38269E-03
  0.140  1.000    0.24383E-02
 
  0.160  0.000    0.14295E-01
  0.160  0.033    0.56580E-01
  0.160  0.067    0.17591E+00
  0.160  0.100    0.42689E+00
  0.160  0.133    0.80134E+00
  0.160  0.167    0.11479E+01
  0.160  0.200    0.12275E+01
  0.160  0.233    0.94120E+00
  0.160  0.267    0.47276E+00
  0.160  0.300    0.11148E+00
  0.160  0.333   -0.27390E-01
  0.160  0.367   -0.29453E-01
  0.160  0.400   -0.70019E-02
  0.160  0.433    0.10945E-02
  0.160  0.467    0.86898E-03
  0.160  0.500    0.88631E-04
  0.160  0.533   -0.37725E-04
  0.160  0.567   -0.94982E-05
  0.160  0.600    0.43899E-06
  0.160  0.633    0.36723E-06
  0.160  0.667    0.21405E-07
  0.160  0.700   -0.67418E-08
  0.160  0.733   -0.94862E-09
  0.160  0.767    0.15312E-08
  0.160  0.800    0.28106E-07
  0.160  0.833    0.44493E-06
  0.160  0.867    0.56095E-05
  0.160  0.900    0.56322E-04
  0.160  0.933    0.44968E-03
  0.160  0.967    0.28495E-02
  0.160  1.000    0.14295E-01
 
  0.180  0.000    0.65038E-01
  0.180  0.033    0.19978E+00
  0.180  0.067    0.47708E+00
  0.180  0.100    0.87624E+00
  0.180  0.133    0.12172E+01
  0.180  0.167    0.12434E+01
  0.180  0.200    0.88394E+00
  0.180  0.233    0.37908E+00
  0.180  0.267    0.39218E-01
  0.180  0.300   -0.55163E-01
  0.180  0.333   -0.29865E-01
  0.180  0.367   -0.25118E-02
  0.180  0.400    0.27138E-02
  0.180  0.433    0.82388E-03
  0.180  0.467   -0.67439E-04
  0.180  0.500   -0.62996E-04
  0.180  0.533   -0.38529E-05
  0.180  0.567    0.24264E-05
  0.180  0.600    0.35288E-06
  0.180  0.633   -0.47760E-07
  0.180  0.667   -0.12371E-07
  0.180  0.700    0.21002E-09
  0.180  0.733    0.20272E-08
  0.180  0.767    0.33422E-07
  0.180  0.800    0.52830E-06
  0.180  0.833    0.66424E-05
  0.180  0.867    0.66465E-04
  0.180  0.900    0.52835E-03
  0.180  0.933    0.33294E-02
  0.180  0.967    0.16584E-01
  0.180  1.000    0.65038E-01
 
  0.200  0.000    0.22672E+00
  0.200  0.033    0.53254E+00
  0.200  0.067    0.95607E+00
  0.200  0.100    0.12854E+01
  0.200  0.133    0.12486E+01
  0.200  0.167    0.81205E+00
  0.200  0.200    0.27810E+00
  0.200  0.233   -0.28754E-01
  0.200  0.267   -0.74040E-01
  0.200  0.300   -0.24805E-01
  0.200  0.333    0.29589E-02
  0.200  0.367    0.37589E-02
  0.200  0.400    0.44591E-03
  0.200  0.433   -0.24570E-03
  0.200  0.467   -0.62108E-04
  0.200  0.500    0.79758E-05
  0.200  0.533    0.36823E-05
  0.200  0.567   -0.61830E-07
  0.200  0.600   -0.12789E-06
  0.200  0.633   -0.52933E-08
  0.200  0.667    0.27262E-08
  0.200  0.700    0.23906E-08
  0.200  0.733    0.39700E-07
  0.200  0.767    0.62727E-06
  0.200  0.800    0.78652E-05
  0.200  0.833    0.78429E-04
  0.200  0.867    0.62073E-03
  0.200  0.900    0.38896E-02
  0.200  0.933    0.19234E-01
  0.200  0.967    0.74728E-01
  0.200  1.000    0.22672E+00
 
  0.220  0.000    0.59371E+00
  0.220  0.033    0.10408E+01
  0.220  0.067    0.13513E+01
  0.220  0.100    0.12413E+01
  0.220  0.133    0.72474E+00
  0.220  0.167    0.17131E+00
  0.220  0.200   -0.90125E-01
  0.220  0.233   -0.83097E-01
  0.220  0.267   -0.14958E-01
  0.220  0.300    0.85117E-02
  0.220  0.333    0.39189E-02
  0.220  0.367   -0.21669E-03
  0.220  0.400   -0.38403E-03
  0.220  0.433   -0.25388E-04
  0.220  0.467    0.21992E-04
  0.220  0.500    0.28236E-05
  0.220  0.533   -0.81065E-06
  0.220  0.567   -0.14110E-06
  0.220  0.600    0.19226E-07
  0.220  0.633    0.43301E-08
  0.220  0.667    0.23235E-08
  0.220  0.700    0.47162E-07
  0.220  0.733    0.74478E-06
  0.220  0.767    0.93128E-05
  0.220  0.800    0.92542E-04
  0.220  0.833    0.72919E-03
  0.220  0.867    0.45434E-02
  0.220  0.900    0.22303E-01
  0.220  0.933    0.85827E-01
  0.220  0.967    0.25712E+00
  0.220  1.000    0.59371E+00
 
  0.240  0.000    0.11302E+01
  0.240  0.033    0.14134E+01
  0.240  0.067    0.12192E+01
  0.240  0.100    0.62144E+00
  0.240  0.133    0.60629E-01
  0.240  0.167   -0.14241E+00
  0.240  0.200   -0.81691E-01
  0.240  0.233   -0.13309E-02
  0.240  0.267    0.13206E-01
  0.240  0.300    0.30003E-02
  0.240  0.333   -0.10438E-02
  0.240  0.367   -0.41749E-03
  0.240  0.400    0.46339E-04
  0.240  0.433    0.31469E-04
  0.240  0.467   -0.10102E-05
  0.240  0.500   -0.15375E-05
  0.240  0.533   -0.71893E-08
  0.240  0.567    0.51291E-07
  0.240  0.600    0.13510E-08
  0.240  0.633    0.19222E-08
  0.240  0.667    0.56130E-07
  0.240  0.700    0.88431E-06
  0.240  0.733    0.11026E-04
  0.240  0.767    0.10919E-03
  0.240  0.800    0.85652E-03
  0.240  0.833    0.53063E-02
  0.240  0.867    0.25855E-01
  0.240  0.900    0.98532E-01
  0.240  0.933    0.29138E+00
  0.240  0.967    0.66102E+00
  0.240  1.000    0.11302E+01
 
  0.260  0.000    0.14700E+01
  0.260  0.033    0.11804E+01
  0.260  0.067    0.50188E+00
  0.260  0.100   -0.51533E-01
  0.260  0.133   -0.18302E+00
  0.260  0.167   -0.69546E-01
  0.260  0.200    0.14741E-01
  0.260  0.233    0.16113E-01
  0.260  0.267    0.95920E-03
  0.260  0.300   -0.18526E-02
  0.260  0.333   -0.29223E-03
  0.260  0.367    0.13911E-03
  0.260  0.400    0.28495E-04
  0.260  0.433   -0.75060E-05
  0.260  0.467   -0.16430E-05
  0.260  0.500    0.29887E-06
  0.260  0.533    0.62987E-07
  0.260  0.567   -0.86370E-08
  0.260  0.600    0.20364E-08
  0.260  0.633    0.66972E-07
  0.260  0.667    0.10499E-05
  0.260  0.700    0.13055E-04
  0.260  0.733    0.12882E-03
  0.260  0.767    0.10060E-02
  0.260  0.800    0.61962E-02
  0.260  0.833    0.29965E-01
  0.260  0.867    0.11307E+00
  0.260  0.900    0.32995E+00
  0.260  0.933    0.73495E+00
  0.260  0.967    0.12240E+01
  0.260  1.000    0.14700E+01
 
  0.280  0.000    0.11225E+01
  0.280  0.033    0.36617E+00
  0.280  0.067   -0.16221E+00
  0.280  0.100   -0.20932E+00
  0.280  0.133   -0.46851E-01
  0.280  0.167    0.31599E-01
  0.280  0.200    0.16387E-01
  0.280  0.233   -0.20716E-02
  0.280  0.267   -0.24150E-02
  0.280  0.300    0.19845E-04
  0.280  0.333    0.22537E-03
  0.280  0.367    0.63725E-05
  0.280  0.400   -0.14706E-04
  0.280  0.433   -0.47037E-06
  0.280  0.467    0.68724E-06
  0.280  0.500    0.15810E-07
  0.280  0.533   -0.22962E-07
  0.280  0.567    0.41710E-08
  0.280  0.600    0.79959E-07
  0.280  0.633    0.12465E-05
  0.280  0.667    0.15456E-04
  0.280  0.700    0.15197E-03
  0.280  0.733    0.11814E-02
  0.280  0.767    0.72343E-02
  0.280  0.800    0.34719E-01
  0.280  0.833    0.12969E+00
  0.280  0.867    0.37333E+00
  0.280  0.900    0.81595E+00
  0.280  0.933    0.13218E+01
  0.280  0.967    0.15193E+01
  0.280  1.000    0.11225E+01
 
  0.300  0.000    0.21490E+00
  0.300  0.033   -0.26789E+00
  0.300  0.067   -0.21874E+00
  0.300  0.100   -0.14358E-01
  0.300  0.133    0.47289E-01
  0.300  0.167    0.13345E-01
  0.300  0.200   -0.57634E-02
  0.300  0.233   -0.24837E-02
  0.300  0.267    0.50681E-03
  0.300  0.300    0.26648E-03
  0.300  0.333   -0.37428E-04
  0.300  0.367   -0.18922E-04
  0.300  0.400    0.23768E-05
  0.300  0.433    0.91876E-06
  0.300  0.467   -0.11848E-06
  0.300  0.500   -0.30716E-07
  0.300  0.533    0.95976E-08
  0.300  0.567    0.95116E-07
  0.300  0.600    0.14799E-05
  0.300  0.633    0.18298E-04
  0.300  0.667    0.17928E-03
  0.300  0.700    0.13873E-02
  0.300  0.733    0.84448E-02
  0.300  0.767    0.40216E-01
  0.300  0.800    0.14868E+00
  0.300  0.833    0.42205E+00
  0.300  0.867    0.90448E+00
  0.300  0.900    0.14230E+01
  0.300  0.933    0.15587E+01
  0.300  0.967    0.10431E+01
  0.300  1.000    0.21490E+00
 
  0.320  0.000   -0.36445E+00
  0.320  0.033   -0.20891E+00
  0.320  0.067    0.26519E-01
  0.320  0.100    0.59618E-01
  0.320  0.133    0.65566E-02
  0.320  0.167   -0.95851E-02
  0.320  0.200   -0.18277E-02
  0.320  0.233    0.11049E-02
  0.320  0.267    0.21841E-03
  0.320  0.300   -0.98209E-04
  0.320  0.333   -0.15221E-04
  0.320  0.367    0.66365E-05
  0.320  0.400    0.62716E-06
  0.320  0.433   -0.32592E-06
  0.320  0.467   -0.13164E-07
  0.320  0.500    0.17660E-07
  0.320  0.533    0.11222E-06
  0.320  0.567    0.17568E-05
  0.320  0.600    0.21661E-04
  0.320  0.633    0.21147E-03
  0.320  0.667    0.16289E-02
  0.320  0.700    0.98564E-02
  0.320  0.733    0.46570E-01
  0.320  0.767    0.17037E+00
  0.320  0.800    0.47673E+00
  0.320  0.833    0.10010E+01
  0.320  0.867    0.15267E+01
  0.320  0.900    0.15859E+01
  0.320  0.933    0.94002E+00
  0.320  0.967    0.49256E-01
  0.320  1.000   -0.36445E+00
 
  0.340  0.000   -0.17780E+00
  0.340  0.033    0.73605E-01
  0.340  0.067    0.66238E-01
  0.340  0.100   -0.40557E-02
  0.340  0.133   -0.12813E-01
  0.340  0.167   -0.27623E-03
  0.340  0.200    0.16914E-02
  0.340  0.233    0.41113E-04
  0.340  0.267   -0.16153E-03
  0.340  0.300    0.13770E-05
  0.340  0.333    0.11008E-04
  0.340  0.367   -0.57470E-06
  0.340  0.400   -0.51654E-06
  0.340  0.433    0.49388E-07
  0.340  0.467    0.23825E-07
  0.340  0.500    0.13113E-06
  0.340  0.533    0.20857E-05
  0.340  0.567    0.25642E-04
  0.340  0.600    0.24943E-03
  0.340  0.633    0.19124E-02
  0.340  0.667    0.11502E-01
  0.340  0.700    0.53913E-01
  0.340  0.733    0.19514E+00
  0.340  0.767    0.53800E+00
  0.340  0.800    0.11058E+01
  0.340  0.833    0.16319E+01
  0.340  0.867    0.15977E+01
  0.340  0.900    0.81084E+00
  0.340  0.933   -0.12890E+00
  0.340  0.967   -0.44719E+00
  0.340  1.000   -0.17780E+00
 
  0.360  0.000    0.12389E+00
  0.360  0.033    0.64764E-01
  0.360  0.067   -0.18114E-01
  0.360  0.100   -0.14565E-01
  0.360  0.133    0.22312E-02
  0.360  0.167    0.20850E-02
  0.360  0.200   -0.28895E-03
  0.360  0.233   -0.20206E-03
  0.360  0.267    0.33959E-04
  0.360  0.300    0.12934E-04
  0.360  0.333   -0.28912E-05
  0.360  0.367   -0.50491E-06
  0.360  0.400    0.16257E-06
  0.360  0.433    0.18713E-07
  0.360  0.467    0.15259E-06
  0.360  0.500    0.24766E-05
  0.360  0.533    0.30353E-04
  0.360  0.567    0.29419E-03
  0.360  0.600    0.22450E-02
  0.360  0.633    0.13420E-01
  0.360  0.667    0.62395E-01
  0.360  0.700    0.22338E+00
  0.360  0.733    0.60657E+00
  0.360  0.767    0.12194E+01
  0.360  0.800    0.17371E+01
  0.360  0.833    0.15909E+01
  0.360  0.867    0.65347E+00
  0.360  0.900   -0.31684E+00
  0.360  0.933   -0.51085E+00
  0.360  0.967   -0.12393E+00
  0.360  1.000    0.12389E+00
 
  0.380  0.000    0.52940E-01
  0.380  0.033   -0.34690E-01
  0.380  0.067   -0.13855E-01
  0.380  0.100    0.55905E-02
  0.380  0.133    0.20557E-02
  0.380  0.167   -0.76373E-03
  0.380  0.200   -0.18468E-03
  0.380  0.233    0.81163E-04
  0.380  0.267    0.87291E-05
  0.380  0.300   -0.60563E-05
  0.380  0.333   -0.27644E-07
  0.380  0.367    0.29607E-06
  0.380  0.400   -0.10060E-07
  0.380  0.433    0.17937E-06
  0.380  0.467    0.29414E-05
  0.380  0.500    0.35929E-04
  0.380  0.533    0.34696E-03
  0.380  0.567    0.26352E-02
  0.380  0.600    0.15655E-01
  0.380  0.633    0.72190E-01
  0.380  0.667    0.25558E+00
  0.380  0.700    0.68321E+00
  0.380  0.733    0.13419E+01
  0.380  0.767    0.18406E+01
  0.380  0.800    0.15617E+01
  0.380  0.833    0.46598E+00
  0.380  0.867   -0.51091E+00
  0.380  0.900   -0.54965E+00
  0.380  0.933   -0.46542E-01
  0.380  0.967    0.17345E+00
  0.380  1.000    0.52940E-01
 
  0.400  0.000   -0.52216E-01
  0.400  0.033   -0.96882E-02
  0.400  0.067    0.94796E-02
  0.400  0.100    0.13488E-02
  0.400  0.133   -0.13276E-02
  0.400  0.167   -0.68874E-04
  0.400  0.200    0.13433E-03
  0.400  0.233   -0.57577E-05
  0.400  0.267   -0.90134E-05
  0.400  0.300    0.11781E-05
  0.400  0.333    0.36081E-06
  0.400  0.367   -0.71286E-07
  0.400  0.400    0.21726E-06
  0.400  0.433    0.34939E-05
  0.400  0.467    0.42526E-04
  0.400  0.500    0.40917E-03
  0.400  0.533    0.30928E-02
  0.400  0.567    0.18259E-01
  0.400  0.600    0.83497E-01
  0.400  0.633    0.29225E+00
  0.400  0.667    0.76874E+00
  0.400  0.700    0.14737E+01
  0.400  0.733    0.19403E+01
  0.400  0.767    0.15059E+01
  0.400  0.800    0.24685E+00
  0.400  0.833   -0.70629E+00
  0.400  0.867   -0.55740E+00
  0.400  0.900    0.54080E-01
  0.400  0.933    0.21745E+00
  0.400  0.967    0.28837E-01
  0.400  1.000   -0.52216E-01
 
  0.420  0.000   -0.11826E-02
  0.420  0.033    0.13313E-01
  0.420  0.067   -0.27741E-03
  0.420  0.100   -0.18629E-02
  0.420  0.133    0.18287E-03
  0.420  0.167    0.17497E-03
  0.420  0.200   -0.33776E-04
  0.420  0.233   -0.96645E-05
  0.420  0.267    0.32164E-05
  0.420  0.300    0.19736E-06
  0.420  0.333   -0.15771E-06
  0.420  0.367    0.27496E-06
  0.420  0.400    0.41492E-05
  0.420  0.433    0.50333E-04
  0.420  0.467    0.48249E-03
  0.420  0.500    0.36295E-02
  0.420  0.533    0.21292E-01
  0.420  0.567    0.96544E-01
  0.420  0.600    0.33401E+00
  0.420  0.633    0.86403E+00
  0.420  0.667    0.16147E+01
  0.420  0.700    0.20337E+01
  0.420  0.733    0.14190E+01
  0.420  0.767   -0.49545E-02
  0.420  0.800   -0.89691E+00
  0.420  0.833   -0.52762E+00
  0.420  0.867    0.17638E+00
  0.420  0.900    0.25012E+00
  0.420  0.933   -0.88846E-02
  0.420  0.967   -0.68427E-01
  0.420  1.000   -0.11826E-02
 
  0.440  0.000    0.16212E-01
  0.440  0.033   -0.29955E-02
  0.440  0.067   -0.21800E-02
  0.440  0.100    0.59203E-03
  0.440  0.133    0.17339E-03
  0.440  0.167   -0.75526E-04
  0.440  0.200   -0.48422E-05
  0.440  0.233    0.57925E-05
  0.440  0.267   -0.40644E-06
  0.440  0.300   -0.22872E-06
  0.440  0.333    0.36150E-06
  0.440  0.367    0.49240E-05
  0.440  0.400    0.59569E-04
  0.440  0.433    0.56893E-03
  0.440  0.467    0.42589E-02
  0.440  0.500    0.24824E-01
  0.440  0.533    0.11159E+00
  0.440  0.567    0.38150E+00
  0.440  0.600    0.97004E+00
  0.440  0.633    0.17648E+01
  0.440  0.667    0.21175E+01
  0.440  0.700    0.12960E+01
  0.440  0.733   -0.28974E+00
  0.440  0.767   -0.10753E+01
  0.440  0.800   -0.45376E+00
  0.440  0.833    0.31717E+00
  0.440  0.867    0.26487E+00
  0.440  0.900   -0.60686E-01
  0.440  0.933   -0.80335E-01
  0.440  0.967    0.12266E-01
  0.440  1.000    0.16212E-01
 
  0.460  0.000   -0.68371E-02
  0.460  0.033   -0.20169E-02
  0.460  0.067    0.11464E-02
  0.460  0.100    0.89667E-04
  0.460  0.133   -0.12531E-03
  0.460  0.167    0.92945E-05
  0.460  0.200    0.79195E-05
  0.460  0.233   -0.16462E-05
  0.460  0.267   -0.19317E-06
  0.460  0.300    0.47954E-06
  0.460  0.333    0.58365E-05
  0.460  0.367    0.70498E-04
  0.460  0.400    0.67080E-03
  0.460  0.433    0.49969E-02
  0.460  0.467    0.28937E-01
  0.460  0.500    0.12895E+00
  0.460  0.533    0.43548E+00
  0.460  0.567    0.10877E+01
  0.460  0.600    0.19237E+01
  0.460  0.633    0.21880E+01
  0.460  0.667    0.11317E+01
  0.460  0.700   -0.60689E+00
  0.460  0.733   -0.12324E+01
  0.460  0.767   -0.32945E+00
  0.460  0.800    0.47136E+00
  0.460  0.833    0.25441E+00
  0.460  0.867   -0.12580E+00
  0.460  0.900   -0.84265E-01
  0.460  0.933    0.30786E-01
  0.460  0.967    0.17002E-01
  0.460  1.000   -0.68371E-02
 
  0.480  0.000   -0.10528E-02
  0.480  0.033    0.17791E-02
  0.480  0.067   -0.12169E-03
  0.480  0.100   -0.16830E-03
  0.480  0.133    0.36215E-04
  0.480  0.167    0.76445E-05
  0.480  0.200   -0.35594E-05
  0.480  0.233    0.97441E-07
  0.480  0.267    0.61408E-06
  0.480  0.300    0.69079E-05
  0.480  0.333    0.83431E-04
  0.480  0.367    0.79086E-03
  0.480  0.400    0.58621E-02
  0.480  0.433    0.33725E-01
  0.480  0.467    0.14895E+00
  0.480  0.500    0.49679E+00
  0.480  0.533    0.12182E+01
  0.480  0.567    0.20909E+01
  0.480  0.600    0.22409E+01
  0.480  0.633    0.92047E+00
  0.480  0.667   -0.95462E+00
  0.480  0.700   -0.13575E+01
  0.480  0.733   -0.14886E+00
  0.480  0.767    0.63152E+00
  0.480  0.800    0.21102E+00
  0.480  0.833   -0.20184E+00
  0.480  0.867   -0.75958E-01
  0.480  0.900    0.53797E-01
  0.480  0.933    0.14245E-01
  0.480  0.967   -0.11605E-01
  0.480  1.000   -0.10528E-02
 
  0.500  0.000    0.23455E-02
  0.500  0.033   -0.50184E-03
  0.500  0.067   -0.17763E-03
  0.500  0.100    0.77119E-04
  0.500  0.133    0.19303E-05
  0.500  0.167   -0.58002E-05
  0.500  0.200    0.82881E-06
  0.500  0.233    0.71741E-06
  0.500  0.267    0.81667E-05
  0.500  0.300    0.98735E-04
  0.500  0.333    0.93234E-03
  0.500  0.367    0.68764E-02
  0.500  0.400    0.39298E-01
  0.500  0.433    0.17200E+00
  0.500  0.467    0.56635E+00
  0.500  0.500    0.13625E+01
  0.500  0.533    0.22655E+01
  0.500  0.567    0.22709E+01
  0.500  0.600    0.65639E+00
  0.500  0.633   -0.13296E+01
  0.500  0.667   -0.14381E+01
  0.500  0.700    0.92871E-01
  0.500  0.733    0.78760E+00
  0.500  0.767    0.12692E+00
  0.500  0.800   -0.28441E+00
  0.500  0.833   -0.50782E-01
  0.500  0.867    0.79748E-01
  0.500  0.900    0.63342E-02
  0.500  0.933   -0.16775E-01
  0.500  0.967    0.10575E-02
  0.500  1.000    0.23455E-02
 
  0.520  0.000   -0.10713E-02
  0.520  0.033   -0.11279E-03
  0.520  0.067    0.12807E-03
  0.520  0.100   -0.13107E-04
  0.520  0.133   -0.73463E-05
  0.520  0.167    0.21546E-05
  0.520  0.200    0.69513E-06
  0.520  0.233    0.96565E-05
  0.520  0.267    0.11685E-03
  0.520  0.300    0.10991E-02
  0.520  0.333    0.80652E-02
  0.520  0.367    0.45782E-01
  0.520  0.400    0.19854E+00
  0.520  0.433    0.64522E+00
  0.520  0.467    0.15217E+01
  0.520  0.500    0.24461E+01
  0.520  0.533    0.22720E+01
  0.520  0.567    0.33349E+00
  0.520  0.600   -0.17268E+01
  0.520  0.633   -0.14598E+01
  0.520  0.667    0.39907E+00
  0.520  0.700    0.92655E+00
  0.520  0.733   -0.52172E-02
  0.520  0.767   -0.36668E+00
  0.520  0.800   -0.40566E-02
  0.520  0.833    0.10585E+00
  0.520  0.867   -0.83485E-02
  0.520  0.900   -0.21396E-01
  0.520  0.933    0.46240E-02
  0.520  0.967    0.26031E-02
  0.520  1.000   -0.10713E-02
 
  0.540  0.000    0.78919E-04
  0.540  0.033    0.17624E-03
  0.540  0.067   -0.41343E-04
  0.540  0.100   -0.61940E-05
  0.540  0.133    0.40548E-05
  0.540  0.167    0.40324E-06
  0.540  0.200    0.11449E-04
  0.540  0.233    0.13829E-03
  0.540  0.267    0.12955E-02
  0.540  0.300    0.94584E-02
  0.540  0.333    0.53326E-01
  0.540  0.367    0.22909E+00
  0.540  0.400    0.73456E+00
  0.540  0.433    0.16970E+01
  0.540  0.467    0.26309E+01
  0.540  0.500    0.22371E+01
  0.540  0.533   -0.54204E-01
  0.540  0.567   -0.21389E+01
  0.540  0.600   -0.14064E+01
  0.540  0.633    0.77084E+00
  0.540  0.667    0.10320E+01
  0.540  0.700   -0.19157E+00
  0.540  0.733   -0.43897E+00
  0.540  0.767    0.68467E-01
  0.540  0.800    0.12784E+00
  0.540  0.833   -0.31189E-01
  0.540  0.867   -0.24006E-01
  0.540  0.900    0.98281E-02
  0.540  0.933    0.21989E-02
  0.540  0.967   -0.18062E-02
  0.540  1.000    0.78919E-04
 
  0.560  0.000    0.19570E-03
  0.560  0.033   -0.84859E-04
  0.560  0.067    0.83570E-06
  0.560  0.100    0.61045E-05
  0.560  0.133   -0.32707E-06
  0.560  0.167    0.13658E-04
  0.560  0.200    0.16365E-03
  0.560  0.233    0.15270E-02
  0.560  0.267    0.11091E-01
  0.560  0.300    0.62099E-01
  0.560  0.333    0.26424E+00
  0.560  0.367    0.83566E+00
  0.560  0.400    0.18895E+01
  0.560  0.433    0.28177E+01
  0.560  0.467    0.21584E+01
  0.560  0.500   -0.51247E+00
  0.560  0.533   -0.25558E+01
  0.560  0.567   -0.12599E+01
  0.560  0.600    0.12063E+01
  0.560  0.633    0.10843E+01
  0.560  0.667   -0.43629E+00
  0.560  0.700   -0.48845E+00
  0.560  0.733    0.16995E+00
  0.560  0.767    0.13971E+00
  0.560  0.800   -0.62994E-01
  0.560  0.833   -0.22569E-01
  0.560  0.867    0.16595E-01
  0.560  0.900    0.67306E-03
  0.560  0.933   -0.26072E-02
  0.560  0.967    0.45594E-03
  0.560  1.000    0.19570E-03
 
  0.580  0.000   -0.14097E-03
  0.580  0.033    0.17975E-04
  0.580  0.067    0.71583E-05
  0.580  0.100   -0.16134E-05
  0.580  0.133    0.16455E-04
  0.580  0.167    0.19365E-03
  0.580  0.200    0.17996E-02
  0.580  0.233    0.13004E-01
  0.580  0.267    0.72301E-01
  0.580  0.300    0.30467E+00
  0.580  0.333    0.94994E+00
  0.580  0.367    0.21003E+01
  0.580  0.400    0.30034E+01
  0.580  0.433    0.20265E+01
  0.580  0.467   -0.10466E+01
  0.580  0.500   -0.29645E+01
  0.580  0.533   -0.10007E+01
  0.580  0.567    0.16995E+01
  0.580  0.600    0.10599E+01
  0.580  0.633   -0.74041E+00
  0.580  0.667   -0.49888E+00
  0.580  0.700    0.30164E+00
  0.580  0.733    0.13366E+00
  0.580  0.767   -0.10353E+00
  0.580  0.800   -0.14485E-01
  0.580  0.833    0.24428E-01
  0.580  0.867   -0.25113E-02
  0.580  0.900   -0.32633E-02
  0.580  0.933    0.10686E-02
  0.580  0.967    0.14366E-03
  0.580  1.000   -0.14097E-03
 
  0.600  0.000    0.49764E-04
  0.600  0.033    0.49950E-05
  0.600  0.067   -0.33677E-05
  0.600  0.100    0.20069E-04
  0.600  0.133    0.22909E-03
  0.600  0.167    0.21208E-02
  0.600  0.200    0.15245E-01
  0.600  0.233    0.84160E-01
  0.600  0.267    0.35114E+00
  0.600  0.300    0.10790E+01
  0.600  0.333    0.23303E+01
  0.600  0.367    0.31840E+01
  0.600  0.400    0.18311E+01
  0.600  0.433   -0.16613E+01
  0.600  0.467   -0.33481E+01
  0.600  0.500   -0.60792E+00
  0.600  0.533    0.22396E+01
  0.600  0.567    0.93196E+00
  0.600  0.600   -0.11005E+01
  0.600  0.633   -0.45057E+00
  0.600  0.667    0.46174E+00
  0.600  0.700    0.10007E+00
  0.600  0.733   -0.15097E+00
  0.600  0.767    0.33254E-02
  0.600  0.800    0.32210E-01
  0.600  0.833   -0.78991E-02
  0.600  0.867   -0.34136E-02
  0.600  0.900    0.19349E-02
  0.600  0.933   -0.41325E-04
  0.600  0.967   -0.19790E-03
  0.600  1.000    0.49764E-04
 
  0.620  0.000   -0.39588E-05
  0.620  0.033   -0.50403E-05
  0.620  0.067    0.24756E-04
  0.620  0.100    0.27090E-03
  0.620  0.133    0.24991E-02
  0.620  0.167    0.17869E-01
  0.620  0.200    0.97943E-01
  0.620  0.233    0.40454E+00
  0.620  0.267    0.12246E+01
  0.620  0.300    0.25806E+01
  0.620  0.333    0.33547E+01
  0.620  0.367    0.15606E+01
  0.620  0.400   -0.23598E+01
  0.620  0.433   -0.36855E+01
  0.620  0.467   -0.59889E-01
  0.620  0.500    0.28091E+01
  0.620  0.533    0.67044E+00
  0.620  0.567   -0.15070E+01
  0.620  0.600   -0.32059E+00
  0.620  0.633    0.64420E+00
  0.620  0.667    0.27731E-01
  0.620  0.700   -0.20118E+00
  0.620  0.733    0.34185E-01
  0.620  0.767    0.37987E-01
  0.620  0.800   -0.15921E-01
  0.620  0.833   -0.25165E-02
  0.620  0.867    0.30046E-02
  0.620  0.900   -0.43658E-03
  0.620  0.933   -0.22921E-03
  0.620  0.967    0.99296E-04
  0.620  1.000   -0.39588E-05
 
  0.640  0.000   -0.52566E-05
  0.640  0.033    0.30715E-04
  0.640  0.067    0.32013E-03
  0.640  0.100    0.29448E-02
  0.640  0.133    0.20944E-01
  0.640  0.167    0.11396E+00
  0.640  0.200    0.46585E+00
  0.640  0.233    0.13886E+01
  0.640  0.267    0.28518E+01
  0.640  0.300    0.35096E+01
  0.640  0.333    0.12017E+01
  0.640  0.367   -0.31438E+01
  0.640  0.400   -0.39506E+01
  0.640  0.433    0.66523E+00
  0.640  0.467    0.33828E+01
  0.640  0.500    0.24272E+00
  0.640  0.533   -0.19424E+01
  0.640  0.567   -0.83323E-01
  0.640  0.600    0.83716E+00
  0.640  0.633   -0.95563E-01
  0.640  0.667   -0.24696E+00
  0.640  0.700    0.81258E-01
  0.640  0.733    0.38748E-01
  0.640  0.767   -0.26703E-01
  0.640  0.800    0.16435E-03
  0.640  0.833    0.41089E-02
  0.640  0.867   -0.11248E-02
  0.640  0.900   -0.18774E-03
  0.640  0.933    0.16500E-03
  0.640  0.967   -0.24610E-04
  0.640  1.000   -0.52566E-05
 
  0.660  0.000    0.37909E-04
  0.660  0.033    0.37801E-03
  0.660  0.067    0.34697E-02
  0.660  0.100    0.24543E-01
  0.660  0.133    0.13256E+00
  0.660  0.167    0.53623E+00
  0.660  0.200    0.15731E+01
  0.660  0.233    0.31445E+01
  0.660  0.267    0.36411E+01
  0.660  0.300    0.74018E+00
  0.660  0.333   -0.40129E+01
  0.660  0.367   -0.41120E+01
  0.660  0.400    0.15884E+01
  0.660  0.433    0.39264E+01
  0.660  0.467   -0.38531E+00
  0.660  0.500   -0.23795E+01
  0.660  0.533    0.28850E+00
  0.660  0.567    0.10213E+01
  0.660  0.600   -0.28211E+00
  0.660  0.633   -0.27724E+00
  0.660  0.667    0.14690E+00
  0.660  0.700    0.30245E-01
  0.660  0.733   -0.39793E-01
  0.660  0.767    0.55377E-02
  0.660  0.800    0.48978E-02
  0.660  0.833   -0.21716E-02
  0.660  0.867   -0.32251E-06
  0.660  0.900    0.23555E-03
  0.660  0.933   -0.62531E-04
  0.660  0.967   -0.13859E-05
  0.660  1.000    0.37909E-04
 
  0.680  0.000    0.44603E-03
  0.680  0.033    0.40881E-02
  0.680  0.067    0.28758E-01
  0.680  0.100    0.15416E+00
  0.680  0.133    0.61697E+00
  0.680  0.167    0.17805E+01
  0.680  0.200    0.34587E+01
  0.680  0.233    0.37404E+01
  0.680  0.267    0.16000E+00
  0.680  0.300   -0.49636E+01
  0.680  0.333   -0.41318E+01
  0.680  0.367    0.27285E+01
  0.680  0.400    0.43940E+01
  0.680  0.433   -0.12476E+01
  0.680  0.467   -0.27783E+01
  0.680  0.500    0.82209E+00
  0.680  0.533    0.11678E+01
  0.680  0.567   -0.54278E+00
  0.680  0.600   -0.27627E+00
  0.680  0.633    0.23173E+00
  0.680  0.667    0.69139E-02
  0.680  0.700   -0.53800E-01
  0.680  0.733    0.14604E-01
  0.680  0.767    0.47698E-02
  0.680  0.800   -0.35854E-02
  0.680  0.833    0.43393E-03
  0.680  0.867    0.28272E-03
  0.680  0.900   -0.12215E-03
  0.680  0.933    0.10843E-04
  0.680  0.967    0.45769E-04
  0.680  1.000    0.44603E-03
 
  0.700  0.000    0.48165E-02
  0.700  0.033    0.33692E-01
  0.700  0.067    0.17925E+00
  0.700  0.100    0.70953E+00
  0.700  0.133    0.20132E+01
  0.700  0.167    0.37944E+01
  0.700  0.200    0.37968E+01
  0.700  0.233   -0.55609E+00
  0.700  0.267   -0.59883E+01
  0.700  0.300   -0.39654E+01
  0.700  0.333    0.41005E+01
  0.700  0.367    0.47271E+01
  0.700  0.400   -0.23760E+01
  0.700  0.433   -0.30844E+01
  0.700  0.467    0.15422E+01
  0.700  0.500    0.12370E+01
  0.700  0.533   -0.88490E+00
  0.700  0.567   -0.22297E+00
  0.700  0.600    0.33333E+00
  0.700  0.633   -0.38050E-01
  0.700  0.667   -0.65943E-01
  0.700  0.700    0.28285E-01
  0.700  0.733    0.28030E-02
  0.700  0.767   -0.52565E-02
  0.700  0.800    0.12378E-02
  0.700  0.833    0.25248E-03
  0.700  0.867   -0.20312E-03
  0.700  0.900    0.37441E-04
  0.700  0.933    0.52754E-04
  0.700  0.967    0.52608E-03
  0.700  1.000    0.48165E-02
 
  0.720  0.000    0.39467E-01
  0.720  0.033    0.20836E+00
  0.720  0.067    0.81559E+00
  0.720  0.100    0.22739E+01
  0.720  0.133    0.41506E+01
  0.720  0.167    0.37973E+01
  0.720  0.200   -0.14267E+01
  0.720  0.233   -0.70747E+01
  0.720  0.267   -0.35608E+01
  0.720  0.300    0.57137E+01
  0.720  0.333    0.48524E+01
  0.720  0.367   -0.37966E+01
  0.720  0.400   -0.32261E+01
  0.720  0.433    0.24675E+01
  0.720  0.467    0.11759E+01
  0.720  0.500   -0.13093E+01
  0.720  0.533   -0.90583E-01
  0.720  0.567    0.44459E+00
  0.720  0.600   -0.11233E+00
  0.720  0.633   -0.71522E-01
  0.720  0.667    0.47130E-01
  0.720  0.700   -0.22933E-02
  0.720  0.733   -0.68684E-02
  0.720  0.767    0.25367E-02
  0.720  0.800    0.55414E-04
  0.720  0.833   -0.29424E-03
  0.720  0.867    0.85553E-04
  0.720  0.900    0.55816E-04
  0.720  0.933    0.62075E-03
  0.720  0.967    0.56746E-02
  0.720  1.000    0.39467E-01
 
  0.740  0.000    0.24213E+00
  0.740  0.033    0.93703E+00
  0.740  0.067    0.25656E+01
  0.740  0.100    0.45259E+01
  0.740  0.133    0.37266E+01
  0.740  0.167   -0.24715E+01
  0.740  0.200   -0.82043E+01
  0.740  0.233   -0.28580E+01
  0.740  0.267    0.75686E+01
  0.740  0.300    0.46801E+01
  0.740  0.333   -0.55264E+01
  0.740  0.367   -0.31120E+01
  0.740  0.400    0.36062E+01
  0.740  0.433    0.91759E+00
  0.740  0.467   -0.18063E+01
  0.740  0.500    0.15315E+00
  0.740  0.533    0.55163E+00
  0.740  0.567   -0.22371E+00
  0.740  0.600   -0.63361E-01
  0.740  0.633    0.70861E-01
  0.740  0.667   -0.12178E-01
  0.740  0.700   -0.77834E-02
  0.740  0.733    0.44177E-02
  0.740  0.767   -0.44083E-03
  0.740  0.800   -0.36417E-03
  0.740  0.833    0.16151E-03
  0.740  0.867    0.49869E-04
  0.740  0.900    0.73374E-03
  0.740  0.933    0.66853E-02
  0.740  0.967    0.46226E-01
  0.740  1.000    0.24213E+00
 
  0.760  0.000    0.10760E+01
  0.760  0.033    0.28913E+01
  0.760  0.067    0.49180E+01
  0.760  0.100    0.35667E+01
  0.760  0.133   -0.37111E+01
  0.760  0.167   -0.93509E+01
  0.760  0.200   -0.17888E+01
  0.760  0.233    0.96539E+01
  0.760  0.267    0.41024E+01
  0.760  0.300   -0.75677E+01
  0.760  0.333   -0.26291E+01
  0.760  0.367    0.49498E+01
  0.760  0.400    0.37987E+00
  0.760  0.433   -0.23511E+01
  0.760  0.467    0.54505E+00
  0.760  0.500    0.63132E+00
  0.760  0.533   -0.37878E+00
  0.760  0.567   -0.31291E-01
  0.760  0.600    0.97705E-01
  0.760  0.633   -0.28786E-01
  0.760  0.667   -0.69044E-02
  0.760  0.700    0.68579E-02
  0.760  0.733   -0.14125E-02
  0.760  0.767   -0.34884E-03
  0.760  0.800    0.26665E-03
  0.760  0.833    0.27540E-04
  0.760  0.867    0.87051E-03
  0.760  0.900    0.78756E-02
  0.760  0.933    0.54134E-01
  0.760  0.967    0.28132E+00
  0.760  1.000    0.10760E+01
 
  0.780  0.000    0.32544E+01
  0.780  0.033    0.53233E+01
  0.780  0.067    0.32965E+01
  0.780  0.100   -0.51666E+01
  0.780  0.133   -0.10479E+02
  0.780  0.167   -0.27634E+00
  0.780  0.200    0.11942E+02
  0.780  0.233    0.29921E+01
  0.780  0.267   -0.99017E+01
  0.780  0.300   -0.16414E+01
  0.780  0.333    0.64656E+01
  0.780  0.367   -0.53413E+00
  0.780  0.400   -0.28973E+01
  0.780  0.433    0.11243E+01
  0.780  0.467    0.64858E+00
  0.780  0.500   -0.58080E+00
  0.780  0.533    0.38206E-01
  0.780  0.567    0.12350E+00
  0.780  0.600   -0.54084E-01
  0.780  0.633   -0.25282E-02
  0.780  0.667    0.96103E-02
  0.780  0.700   -0.30666E-02
  0.780  0.733   -0.13610E-03
  0.780  0.767    0.38975E-03
  0.780  0.800   -0.20282E-04
  0.780  0.833    0.10391E-02
  0.780  0.867    0.92767E-02
  0.780  0.900    0.63385E-01
  0.780  0.933    0.32675E+00
  0.780  0.967    0.12350E+01
  0.780  1.000    0.32544E+01
 
  0.800  0.000    0.57371E+01
  0.800  0.033    0.28911E+01
  0.800  0.067   -0.68593E+01
  0.800  0.100   -0.11541E+02
  0.800  0.133    0.17642E+01
  0.800  0.167    0.14386E+02
  0.800  0.200    0.12021E+01
  0.800  0.233   -0.12480E+02
  0.800  0.267    0.10602E-01
  0.800  0.300    0.80871E+01
  0.800  0.333   -0.19341E+01
  0.800  0.367   -0.33699E+01
  0.800  0.400    0.19286E+01
  0.800  0.433    0.55344E+00
  0.800  0.467   -0.82667E+00
  0.800  0.500    0.16201E+00
  0.800  0.533    0.14056E+00
  0.800  0.567   -0.89602E-01
  0.800  0.600    0.77830E-02
  0.800  0.633    0.12038E-01
  0.800  0.667   -0.56020E-02
  0.800  0.700    0.45001E-03
  0.800  0.733    0.49491E-03
  0.800  0.767   -0.10229E-03
  0.800  0.800    0.12510E-02
  0.800  0.833    0.10924E-01
  0.800  0.867    0.74207E-01
  0.800  0.900    0.37943E+00
  0.800  0.933    0.14166E+01
  0.800  0.967    0.36583E+01
  0.800  1.000    0.57371E+01
 
  0.820  0.000    0.23219E+01
  0.820  0.033   -0.88093E+01
  0.820  0.067   -0.12478E+02
  0.820  0.100    0.44253E+01
  0.820  0.133    0.16911E+02
  0.820  0.167   -0.14348E+01
  0.820  0.200   -0.15217E+02
  0.820  0.233    0.25088E+01
  0.820  0.267    0.97024E+01
  0.820  0.300   -0.39383E+01
  0.820  0.333   -0.36571E+01
  0.820  0.367    0.29883E+01
  0.820  0.400    0.27841E+00
  0.820  0.433   -0.11027E+01
  0.820  0.467    0.35974E+00
  0.820  0.500    0.13628E+00
  0.820  0.533   -0.13563E+00
  0.820  0.567    0.27260E-01
  0.820  0.600    0.12889E-01
  0.820  0.633   -0.91300E-02
  0.820  0.667    0.16604E-02
  0.820  0.700    0.50390E-03
  0.820  0.733   -0.22173E-03
  0.820  0.767    0.15216E-02
  0.820  0.800    0.12859E-01
  0.820  0.833    0.86863E-01
  0.820  0.867    0.44047E+00
  0.820  0.900    0.16240E+01
  0.820  0.933    0.41066E+01
  0.820  0.967    0.61529E+01
  0.820  1.000    0.23219E+01
 
  0.840  0.000   -0.11036E+02
  0.840  0.033   -0.13211E+02
  0.840  0.067    0.78059E+01
  0.840  0.100    0.19408E+02
  0.840  0.133   -0.51038E+01
  0.840  0.167   -0.17973E+02
  0.840  0.200    0.60540E+01
  0.840  0.233    0.11141E+02
  0.840  0.267   -0.66664E+01
  0.840  0.300   -0.36008E+01
  0.840  0.333    0.43173E+01
  0.840  0.367   -0.26356E+00
  0.840  0.400   -0.13789E+01
  0.840  0.433    0.65223E+00
  0.840  0.467    0.91582E-01
  0.840  0.500   -0.19002E+00
  0.840  0.533    0.59839E-01
  0.840  0.567    0.10015E-01
  0.840  0.600   -0.13534E-01
  0.840  0.633    0.38185E-02
  0.840  0.667    0.27259E-03
  0.840  0.700   -0.36685E-03
  0.840  0.733    0.18703E-02
  0.840  0.767    0.15126E-01
  0.840  0.800    0.10166E+00
  0.840  0.833    0.51119E+00
  0.840  0.867    0.18607E+01
  0.840  0.900    0.46031E+01
  0.840  0.933    0.65622E+01
  0.840  0.967    0.15557E+01
  0.840  1.000   -0.11036E+02
 
  0.860  0.000   -0.13647E+02
  0.860  0.033    0.12009E+02
  0.860  0.067    0.21728E+02
  0.860  0.100   -0.10006E+02
  0.860  0.133   -0.20547E+02
  0.860  0.167    0.10859E+02
  0.860  0.200    0.12158E+02
  0.860  0.233   -0.10228E+02
  0.860  0.267   -0.29877E+01
  0.860  0.300    0.59010E+01
  0.860  0.333   -0.11797E+01
  0.860  0.367   -0.16020E+01
  0.860  0.400    0.10585E+01
  0.860  0.433   -0.20548E-01
  0.860  0.467   -0.24634E+00
  0.860  0.500    0.10981E+00
  0.860  0.533    0.50090E-04
  0.860  0.567   -0.18244E-01
  0.860  0.600    0.72890E-02
  0.860  0.633   -0.43659E-03
  0.860  0.667   -0.49474E-03
  0.860  0.700    0.23177E-02
  0.860  0.733    0.17777E-01
  0.860  0.767    0.11897E+00
  0.860  0.800    0.59310E+00
  0.860  0.833    0.21306E+01
  0.860  0.867    0.51516E+01
  0.860  0.900    0.69540E+01
  0.860  0.933    0.55442E+00
  0.860  0.967   -0.13554E+02
  0.860  1.000   -0.13647E+02
 
  0.880  0.000    0.17141E+02
  0.880  0.033    0.23672E+02
  0.880  0.067   -0.16353E+02
  0.880  0.100   -0.22656E+02
  0.880  0.133    0.17141E+02
  0.880  0.167    0.12418E+02
  0.880  0.200   -0.14705E+02
  0.880  0.233   -0.15396E+01
  0.880  0.267    0.76787E+01
  0.880  0.300   -0.25959E+01
  0.880  0.333   -0.16864E+01
  0.880  0.367    0.15905E+01
  0.880  0.400   -0.23635E+00
  0.880  0.433   -0.29149E+00
  0.880  0.467    0.18104E+00
  0.880  0.500   -0.21902E-01
  0.880  0.533   -0.21902E-01
  0.880  0.567    0.12395E-01
  0.880  0.600   -0.19817E-02
  0.880  0.633   -0.50637E-03
  0.880  0.667    0.28802E-02
  0.880  0.700    0.20869E-01
  0.880  0.733    0.13921E+00
  0.880  0.767    0.68792E+00
  0.880  0.800    0.24382E+01
  0.880  0.833    0.57558E+01
  0.880  0.867    0.73145E+01
  0.880  0.900   -0.72549E+00
  0.880  0.933   -0.16375E+02
  0.880  0.967   -0.13665E+02
  0.880  1.000    0.17141E+02
 
  0.900  0.000    0.24978E+02
  0.900  0.033   -0.24358E+02
  0.900  0.067   -0.23916E+02
  0.900  0.100    0.25100E+02
  0.900  0.133    0.11474E+02
  0.900  0.167   -0.20130E+02
  0.900  0.200    0.10935E+01
  0.900  0.233    0.95224E+01
  0.900  0.267   -0.46508E+01
  0.900  0.300   -0.15045E+01
  0.900  0.333    0.22459E+01
  0.900  0.367   -0.60173E+00
  0.900  0.400   -0.30252E+00
  0.900  0.433    0.27555E+00
  0.900  0.467   -0.62490E-01
  0.900  0.500   -0.21902E-01
  0.900  0.533    0.19255E-01
  0.900  0.567   -0.48571E-02
  0.900  0.600   -0.21131E-03
  0.900  0.633    0.35576E-02
  0.900  0.667    0.24467E-01
  0.900  0.700    0.16288E+00
  0.900  0.733    0.79766E+00
  0.900  0.767    0.27882E+01
  0.900  0.800    0.64193E+01
  0.900  0.833    0.76262E+01
  0.900  0.867   -0.23335E+01
  0.900  0.900   -0.19505E+02
  0.900  0.933   -0.13123E+02
  0.900  0.967    0.23302E+02
  0.900  1.000    0.24978E+02
 
  0.920  0.000   -0.34225E+02
  0.920  0.033   -0.23828E+02
  0.920  0.067    0.34903E+02
  0.920  0.100    0.87486E+01
  0.920  0.133   -0.26451E+02
  0.920  0.167    0.53382E+01
  0.920  0.200    0.11208E+02
  0.920  0.233   -0.74854E+01
  0.920  0.267   -0.87530E+00
  0.920  0.300    0.29960E+01
  0.920  0.333   -0.11713E+01
  0.920  0.367   -0.24268E+00
  0.920  0.400    0.39116E+00
  0.920  0.433   -0.13010E+00
  0.920  0.467   -0.13785E-01
  0.920  0.500    0.27486E-01
  0.920  0.533   -0.96795E-02
  0.920  0.567    0.71786E-03
  0.920  0.600    0.43113E-02
  0.920  0.633    0.28649E-01
  0.920  0.667    0.19056E+00
  0.920  0.700    0.92462E+00
  0.920  0.733    0.31863E+01
  0.920  0.767    0.71455E+01
  0.920  0.800    0.78676E+01
  0.920  0.833   -0.43254E+01
  0.920  0.867   -0.22940E+02
  0.920  0.900   -0.11847E+02
  0.920  0.933    0.30587E+02
  0.920  0.967    0.25313E+02
  0.920  1.000   -0.34225E+02
 
  0.940  0.000   -0.21748E+02
  0.940  0.033    0.46649E+02
  0.940  0.067    0.35176E+01
  0.940  0.100   -0.33491E+02
  0.940  0.133    0.11696E+02
  0.940  0.167    0.12382E+02
  0.940  0.200   -0.11224E+02
  0.940  0.233    0.44673E+00
  0.940  0.267    0.37703E+01
  0.940  0.300   -0.20047E+01
  0.940  0.333   -0.56965E-01
  0.940  0.367    0.51793E+00
  0.940  0.400   -0.23435E+00
  0.940  0.433    0.94777E-02
  0.940  0.467    0.35741E-01
  0.940  0.500   -0.17113E-01
  0.940  0.533    0.27973E-02
  0.940  0.567    0.50300E-02
  0.940  0.600    0.33517E-01
  0.940  0.633    0.22294E+00
  0.940  0.667    0.10714E+01
  0.940  0.700    0.36386E+01
  0.940  0.733    0.79373E+01
  0.940  0.767    0.80120E+01
  0.940  0.800   -0.67640E+01
  0.940  0.833   -0.26663E+02
  0.940  0.867   -0.96280E+01
  0.940  0.900    0.39073E+02
  0.940  0.933    0.24259E+02
  0.940  0.967   -0.46133E+02
  0.940  1.000   -0.21748E+02
 
  0.960  0.000    0.60329E+02
  0.960  0.033   -0.51087E+01
  0.960  0.067   -0.40892E+02
  0.960  0.100    0.20733E+02
  0.960  0.133    0.12519E+02
  0.960  0.167   -0.15945E+02
  0.960  0.200    0.27809E+01
  0.960  0.233    0.44350E+01
  0.960  0.267   -0.31597E+01
  0.960  0.300    0.33259E+00
  0.960  0.333    0.63291E+00
  0.960  0.367   -0.38480E+00
  0.960  0.400    0.58243E-01
  0.960  0.433    0.40993E-01
  0.960  0.467   -0.27683E-01
  0.960  0.500    0.67794E-02
  0.960  0.533    0.54766E-02
  0.960  0.567    0.39214E-01
  0.960  0.600    0.26083E+00
  0.960  0.633    0.12411E+01
  0.960  0.667    0.41521E+01
  0.960  0.700    0.87971E+01
  0.960  0.733    0.80270E+01
  0.960  0.767   -0.97193E+01
  0.960  0.800   -0.30643E+02
  0.960  0.833   -0.62210E+01
  0.960  0.867    0.48814E+02
  0.960  0.900    0.21296E+02
  0.960  0.933   -0.60211E+02
  0.960  0.967   -0.16871E+02
  0.960  1.000    0.60329E+02
 
  0.980  0.000   -0.18196E+02
  0.980  0.033   -0.48049E+02
  0.980  0.067    0.33058E+02
  0.980  0.100    0.10877E+02
  0.980  0.133   -0.21638E+02
  0.980  0.167    0.65262E+01
  0.980  0.200    0.47659E+01
  0.980  0.233   -0.46787E+01
  0.980  0.267    0.10311E+01
  0.980  0.300    0.69297E+00
  0.980  0.333   -0.58835E+00
  0.980  0.367    0.14685E+00
  0.980  0.400    0.37543E-01
  0.980  0.433   -0.41419E-01
  0.980  0.467    0.13672E-01
  0.980  0.500    0.52160E-02
  0.980  0.533    0.45962E-01
  0.980  0.567    0.30515E+00
  0.980  0.600    0.14372E+01
  0.980  0.633    0.47343E+01
  0.980  0.667    0.97260E+01
  0.980  0.700    0.78730E+01
  0.980  0.733   -0.13269E+02
  0.980  0.767   -0.34827E+02
  0.980  0.800   -0.13367E+01
  0.980  0.833    0.59820E+02
  0.980  0.867    0.15792E+02
  0.980  0.900   -0.76512E+02
  0.980  0.933   -0.82033E+01
  0.980  0.967    0.75769E+02
  0.980  1.000   -0.18196E+02
 
  1.000  0.000   -0.54019E+02
  1.000  0.033    0.49280E+02
  1.000  0.067    0.64403E+01
  1.000  0.100   -0.28141E+02
  1.000  0.133    0.12159E+02
  1.000  0.167    0.44138E+01
  1.000  0.200   -0.65676E+01
  1.000  0.233    0.21730E+01
  1.000  0.267    0.62535E+00
  1.000  0.300   -0.84461E+00
  1.000  0.333    0.29389E+00
  1.000  0.367    0.15682E-01
  1.000  0.400   -0.57211E-01
  1.000  0.433    0.24690E-01
  1.000  0.467    0.35248E-02
  1.000  0.500    0.54111E-01
  1.000  0.533    0.35699E+00
  1.000  0.567    0.16636E+01
  1.000  0.600    0.53937E+01
  1.000  0.633    0.10724E+02
  1.000  0.667    0.75024E+01
  1.000  0.700   -0.17497E+02
  1.000  0.733   -0.39139E+02
  1.000  0.767    0.53614E+01
  1.000  0.800    0.72052E+02
  1.000  0.833    0.69864E+01
  1.000  0.867   -0.94973E+02
  1.000  0.900    0.54585E+01
  1.000  0.933    0.92563E+02
  1.000  0.967   -0.36989E+02
  1.000  1.000   -0.54019E+02
 
  1.000  0.000   -0.54019E+02
  1.000  0.033    0.49280E+02
  1.000  0.067    0.64403E+01
  1.000  0.100   -0.28141E+02
  1.000  0.133    0.12159E+02
  1.000  0.167    0.44138E+01
  1.000  0.200   -0.65676E+01
  1.000  0.233    0.21730E+01
  1.000  0.267    0.62535E+00
  1.000  0.300   -0.84461E+00
  1.000  0.333    0.29389E+00
  1.000  0.367    0.15682E-01
  1.000  0.400   -0.57211E-01
  1.000  0.433    0.24690E-01
  1.000  0.467    0.35248E-02
  1.000  0.500    0.54111E-01
  1.000  0.533    0.35699E+00
  1.000  0.567    0.16636E+01
  1.000  0.600    0.53937E+01
  1.000  0.633    0.10724E+02
  1.000  0.667    0.75024E+01
  1.000  0.700   -0.17497E+02
  1.000  0.733   -0.39139E+02
  1.000  0.767    0.53614E+01
  1.000  0.800    0.72052E+02
  1.000  0.833    0.69864E+01
  1.000  0.867   -0.94973E+02
  1.000  0.900    0.54585E+01
  1.000  0.933    0.92563E+02
  1.000  0.967   -0.36989E+02
  1.000  1.000   -0.54019E+02
 
