4 processes:
    1    0.10067E+01
    2    0.79096E+00
    3    0.62169E+00
    4    0.48893E+00
    5    0.38479E+00
    6    0.30314E+00
    7    0.23911E+00
    8    0.18892E+00
    9    0.14960E+00
   10    0.11880E+00
   11    0.94703E-01
   12    0.75871E-01
   13    0.61177E-01
   14    0.49738E-01
   15    0.40855E-01
   16    0.33978E-01
   17    0.28668E-01
   18    0.24577E-01
   19    0.21424E-01
   20    0.18988E-01
   21    0.17093E-01
   22    0.15603E-01
   23    0.14413E-01
   24    0.13447E-01
   25    0.12646E-01
   26    0.11969E-01
   27    0.11387E-01
   28    0.10877E-01
   29    0.10423E-01
   30    0.10016E-01
   31    0.96454E-02
   32    0.93059E-02
   33    0.90425E-02
   34    0.87367E-02
   35    0.85181E-02
   36    0.82581E-02
   37    0.80752E-02
   38    0.78591E-02
   39    0.77027E-02
   40    0.75226E-02
   41    0.73856E-02
   42    0.72333E-02
   43    0.71108E-02
   44    0.69792E-02
   45    0.68679E-02
   46    0.67516E-02
   47    0.66488E-02
   48    0.65439E-02
   49    0.64480E-02
   50    0.63515E-02
   51    0.62612E-02
   52    0.61712E-02
   53    0.60855E-02
   54    0.60005E-02
   55    0.59187E-02
   56    0.58378E-02
   57    0.57593E-02
   58    0.56819E-02
   59    0.56064E-02
   60    0.55319E-02
   61    0.54590E-02
   62    0.53872E-02
   63    0.53167E-02
   64    0.52473E-02
   65    0.51790E-02
   66    0.51118E-02
   67    0.50457E-02
   68    0.49806E-02
   69    0.49165E-02
   70    0.48533E-02
   71    0.47912E-02
   72    0.47300E-02
   73    0.46697E-02
   74    0.46103E-02
   75    0.45519E-02
   76    0.44943E-02
   77    0.44376E-02
   78    0.43818E-02
   79    0.43268E-02
   80    0.42727E-02
   81    0.42194E-02
   82    0.41669E-02
   83    0.41153E-02
   84    0.40644E-02
   85    0.40144E-02
   86    0.39651E-02
   87    0.39165E-02
   88    0.38688E-02
   89    0.38218E-02
   90    0.37755E-02
   91    0.37300E-02
   92    0.36851E-02
   93    0.36410E-02
   94    0.35976E-02
   95    0.35549E-02
   96    0.35128E-02
   97    0.34715E-02
   98    0.34307E-02
   99    0.33907E-02
  100    0.33512E-02
  101    0.33124E-02
  102    0.32743E-02
  103    0.32367E-02
  104    0.31997E-02
  105    0.31633E-02
  106    0.31275E-02
  107    0.30923E-02
  108    0.30576E-02
  109    0.30234E-02
  110    0.29898E-02
  111    0.29568E-02
  112    0.29242E-02
  113    0.28922E-02
  114    0.28606E-02
  115    0.28296E-02
  116    0.27990E-02
  117    0.27689E-02
  118    0.27393E-02
  119    0.27101E-02
  120    0.26814E-02
  121    0.26531E-02
  122    0.26253E-02
  123    0.25978E-02
  124    0.25708E-02
  125    0.25442E-02
  126    0.25180E-02
  127    0.24921E-02
  128    0.24667E-02
  129    0.24416E-02
  130    0.24169E-02
  131    0.23926E-02
  132    0.23686E-02
  133    0.23450E-02
  134    0.23217E-02
  135    0.22987E-02
  136    0.22761E-02
  137    0.22538E-02
  138    0.22318E-02
  139    0.22101E-02
  140    0.21887E-02
  141    0.21676E-02
  142    0.21468E-02
  143    0.21263E-02
  144    0.21061E-02
  145    0.20861E-02
  146    0.20664E-02
  147    0.20470E-02
  148    0.20279E-02
  149    0.20090E-02
  150    0.19903E-02
  151    0.19719E-02
  152    0.19537E-02
  153    0.19358E-02
  154    0.19181E-02
  155    0.19006E-02
  156    0.18834E-02
  157    0.18663E-02
  158    0.18495E-02
  159    0.18329E-02
  160    0.18165E-02
  161    0.18003E-02
  162    0.17844E-02
  163    0.17686E-02
  164    0.17530E-02
  165    0.17376E-02
  166    0.17223E-02
  167    0.17073E-02
  168    0.16924E-02
  169    0.16778E-02
  170    0.16633E-02
  171    0.16489E-02
  172    0.16348E-02
  173    0.16208E-02
  174    0.16069E-02
  175    0.15933E-02
  176    0.15798E-02
  177    0.15664E-02
  178    0.15532E-02
  179    0.15401E-02
  180    0.15272E-02
  181    0.15145E-02
  182    0.15018E-02
  183    0.14894E-02
  184    0.14770E-02
  185    0.14648E-02
  186    0.14528E-02
  187    0.14408E-02
  188    0.14290E-02
  189    0.14173E-02
  190    0.14058E-02
  191    0.13944E-02
  192    0.13831E-02
  193    0.13719E-02
  194    0.13608E-02
  195    0.13499E-02
  196    0.13390E-02
  197    0.13283E-02
  198    0.13177E-02
  199    0.13072E-02
  200    0.12969E-02
  201    0.12866E-02
  202    0.12764E-02
  203    0.12663E-02
  204    0.12564E-02
  205    0.12465E-02
  206    0.12368E-02
  207    0.12271E-02
  208    0.12175E-02
  209    0.12081E-02
  210    0.11987E-02
  211    0.11894E-02
  212    0.11802E-02
  213    0.11711E-02
  214    0.11621E-02
  215    0.11532E-02
  216    0.11444E-02
  217    0.11356E-02
  218    0.11270E-02
  219    0.11184E-02
  220    0.11099E-02
  221    0.11015E-02
  222    0.10931E-02
  223    0.10849E-02
  224    0.10767E-02
  225    0.10686E-02
  226    0.10606E-02
  227    0.10527E-02
  228    0.10448E-02
  229    0.10370E-02
  230    0.10293E-02
  231    0.10216E-02
  232    0.10140E-02
  233    0.10065E-02
  234    0.99909E-03
  235    0.99171E-03
  236    0.98441E-03
  237    0.97717E-03
  238    0.97000E-03
  239    0.96289E-03
  240    0.95585E-03
  241    0.94887E-03
  242    0.94196E-03
  243    0.93510E-03
  244    0.92831E-03
  245    0.92158E-03
  246    0.91490E-03
  247    0.90829E-03
  248    0.90173E-03
  249    0.89524E-03
  250    0.88880E-03
  251    0.88241E-03
  252    0.87608E-03
  253    0.86981E-03
  254    0.86359E-03
  255    0.85743E-03
  256    0.85131E-03
  257    0.84525E-03
  258    0.83925E-03
  259    0.83329E-03
  260    0.82739E-03
  261    0.82153E-03
  262    0.81572E-03
  263    0.80997E-03
  264    0.80426E-03
  265    0.79860E-03
  266    0.79299E-03
  267    0.78742E-03
  268    0.78190E-03
  269    0.77643E-03
  270    0.77100E-03
  271    0.76562E-03
  272    0.76028E-03
  273    0.75499E-03
  274    0.74974E-03
  275    0.74453E-03
  276    0.73936E-03
  277    0.73424E-03
  278    0.72916E-03
  279    0.72412E-03
  280    0.71912E-03
  281    0.71416E-03
  282    0.70924E-03
  283    0.70435E-03
  284    0.69951E-03
  285    0.69471E-03
  286    0.68995E-03
  287    0.68522E-03
  288    0.68053E-03
  289    0.67588E-03
  290    0.67126E-03
  291    0.66668E-03
  292    0.66214E-03
  293    0.65763E-03
  294    0.65316E-03
  295    0.64872E-03
  296    0.64431E-03
  297    0.63994E-03
  298    0.63561E-03
  299    0.63131E-03
  300    0.62704E-03
  301    0.62280E-03
  302    0.61860E-03
  303    0.61442E-03
  304    0.61028E-03
  305    0.60618E-03
  306    0.60210E-03
  307    0.59805E-03
  308    0.59404E-03
  309    0.59005E-03
  310    0.58609E-03
  311    0.58217E-03
  312    0.57827E-03
  313    0.57440E-03
  314    0.57057E-03
  315    0.56676E-03
  316    0.56297E-03
  317    0.55922E-03
  318    0.55549E-03
  319    0.55180E-03
  320    0.54812E-03
  321    0.54448E-03
  322    0.54086E-03
  323    0.53727E-03
  324    0.53371E-03
  325    0.53017E-03
  326    0.52666E-03
  327    0.52317E-03
  328    0.51971E-03
  329    0.51627E-03
  330    0.51286E-03
  331    0.50947E-03
  332    0.50611E-03
  333    0.50277E-03
  334    0.49945E-03
  335    0.49616E-03
  336    0.49289E-03
  337    0.48965E-03
  338    0.48643E-03
  339    0.48323E-03
  340    0.48005E-03
  341    0.47690E-03
  342    0.47377E-03
  343    0.47066E-03
  344    0.46758E-03
  345    0.46451E-03
  346    0.46147E-03
  347    0.45845E-03
  348    0.45544E-03
  349    0.45247E-03
  350    0.44951E-03
  351    0.44657E-03
  352    0.44365E-03
  353    0.44075E-03
  354    0.43788E-03
  355    0.43502E-03
  356    0.43218E-03
  357    0.42936E-03
  358    0.42657E-03
  359    0.42379E-03
  360    0.42103E-03
  361    0.41829E-03
  362    0.41556E-03
  363    0.41286E-03
  364    0.41018E-03
  365    0.40751E-03
  366    0.40486E-03
  367    0.40223E-03
  368    0.39962E-03
  369    0.39703E-03
  370    0.39445E-03
  371    0.39189E-03
  372    0.38935E-03
  373    0.38683E-03
  374    0.38432E-03
  375    0.38183E-03
  376    0.37935E-03
  377    0.37690E-03
  378    0.37446E-03
  379    0.37203E-03
  380    0.36963E-03
  381    0.36724E-03
  382    0.36486E-03
  383    0.36250E-03
  384    0.36016E-03
  385    0.35783E-03
  386    0.35552E-03
  387    0.35322E-03
  388    0.35094E-03
  389    0.34868E-03
  390    0.34642E-03
  391    0.34419E-03
  392    0.34197E-03
  393    0.33976E-03
  394    0.33757E-03
  395    0.33539E-03
  396    0.33323E-03
  397    0.33108E-03
  398    0.32895E-03
  399    0.32683E-03
  400    0.32472E-03
  401    0.32263E-03
  402    0.32055E-03
  403    0.31849E-03
  404    0.31644E-03
  405    0.31440E-03
  406    0.31238E-03
  407    0.31037E-03
  408    0.30837E-03
  409    0.30639E-03
  410    0.30442E-03
  411    0.30246E-03
  412    0.30051E-03
  413    0.29858E-03
  414    0.29666E-03
  415    0.29475E-03
  416    0.29286E-03
  417    0.29098E-03
  418    0.28911E-03
  419    0.28725E-03
  420    0.28540E-03
  421    0.28357E-03
  422    0.28175E-03
  423    0.27994E-03
  424    0.27814E-03
  425    0.27635E-03
  426    0.27458E-03
  427    0.27282E-03
  428    0.27106E-03
  429    0.26932E-03
  430    0.26760E-03
  431    0.26588E-03
  432    0.26417E-03
  433    0.26248E-03
  434    0.26079E-03
  435    0.25912E-03
  436    0.25745E-03
  437    0.25580E-03
  438    0.25416E-03
  439    0.25253E-03
  440    0.25091E-03
  441    0.24930E-03
  442    0.24770E-03
  443    0.24611E-03
  444    0.24453E-03
  445    0.24297E-03
  446    0.24141E-03
  447    0.23986E-03
  448    0.23832E-03
  449    0.23679E-03
  450    0.23527E-03
  451    0.23376E-03
  452    0.23227E-03
  453    0.23078E-03
  454    0.22930E-03
  455    0.22783E-03
  456    0.22637E-03
  457    0.22491E-03
  458    0.22347E-03
  459    0.22204E-03
  460    0.22062E-03
  461    0.21920E-03
  462    0.21780E-03
  463    0.21640E-03
  464    0.21501E-03
  465    0.21363E-03
  466    0.21226E-03
  467    0.21090E-03
  468    0.20955E-03
  469    0.20821E-03
  470    0.20687E-03
  471    0.20555E-03
  472    0.20423E-03
  473    0.20292E-03
  474    0.20162E-03
  475    0.20033E-03
  476    0.19904E-03
  477    0.19777E-03
  478    0.19650E-03
  479    0.19524E-03
  480    0.19399E-03
  481    0.19274E-03
  482    0.19151E-03
  483    0.19028E-03
  484    0.18906E-03
  485    0.18785E-03
  486    0.18664E-03
  487    0.18545E-03
  488    0.18426E-03
  489    0.18307E-03
  490    0.18190E-03
  491    0.18073E-03
  492    0.17958E-03
  493    0.17842E-03
  494    0.17728E-03
  495    0.17614E-03
  496    0.17501E-03
  497    0.17389E-03
  498    0.17278E-03
  499    0.17167E-03
  500    0.17057E-03
  501    0.16947E-03
  502    0.16839E-03
  503    0.16731E-03
  504    0.16623E-03
  505    0.16517E-03
  506    0.16411E-03
  507    0.16305E-03
  508    0.16201E-03
  509    0.16097E-03
  510    0.15994E-03
  511    0.15891E-03
  512    0.15789E-03
  513    0.15688E-03
  514    0.15587E-03
  515    0.15487E-03
  516    0.15388E-03
  517    0.15289E-03
  518    0.15191E-03
  519    0.15093E-03
  520    0.14996E-03
  521    0.14900E-03
  522    0.14804E-03
  523    0.14709E-03
  524    0.14615E-03
  525    0.14521E-03
  526    0.14428E-03
  527    0.14335E-03
  528    0.14243E-03
  529    0.14152E-03
  530    0.14061E-03
  531    0.13971E-03
  532    0.13881E-03
  533    0.13792E-03
  534    0.13703E-03
  535    0.13615E-03
  536    0.13528E-03
  537    0.13441E-03
  538    0.13355E-03
  539    0.13269E-03
  540    0.13184E-03
  541    0.13099E-03
  542    0.13015E-03
  543    0.12931E-03
  544    0.12848E-03
  545    0.12766E-03
  546    0.12684E-03
  547    0.12602E-03
  548    0.12521E-03
  549    0.12441E-03
  550    0.12361E-03
  551    0.12281E-03
  552    0.12202E-03
  553    0.12124E-03
  554    0.12046E-03
  555    0.11969E-03
  556    0.11892E-03
  557    0.11815E-03
  558    0.11739E-03
  559    0.11664E-03
  560    0.11589E-03
  561    0.11514E-03
  562    0.11440E-03
  563    0.11367E-03
  564    0.11294E-03
  565    0.11221E-03
  566    0.11149E-03
  567    0.11077E-03
  568    0.11006E-03
  569    0.10935E-03
  570    0.10865E-03
  571    0.10795E-03
  572    0.10726E-03
  573    0.10657E-03
  574    0.10588E-03
  575    0.10520E-03
  576    0.10452E-03
  577    0.10385E-03
  578    0.10318E-03
  579    0.10252E-03
  580    0.10186E-03
  581    0.10120E-03
  582    0.10055E-03
  583    0.99904E-04
  584    0.99261E-04
  585    0.98622E-04
  586    0.97987E-04
  587    0.97356E-04
  588    0.96730E-04
  589    0.96107E-04
  590    0.95488E-04
  591    0.94874E-04
  592    0.94263E-04
  593    0.93656E-04
  594    0.93053E-04
  595    0.92454E-04
  596    0.91858E-04
  597    0.91267E-04
  598    0.90679E-04
  599    0.90095E-04
  600    0.89515E-04
  601    0.88938E-04
  602    0.88365E-04
  603    0.87796E-04
  604    0.87230E-04
  605    0.86668E-04
  606    0.86110E-04
  607    0.85555E-04
  608    0.85004E-04
  609    0.84456E-04
  610    0.83912E-04
  611    0.83371E-04
  612    0.82834E-04
  613    0.82300E-04
  614    0.81770E-04
  615    0.81243E-04
  616    0.80719E-04
  617    0.80199E-04
  618    0.79682E-04
  619    0.79168E-04
  620    0.78658E-04
  621    0.78151E-04
  622    0.77647E-04
  623    0.77147E-04
  624    0.76649E-04
  625    0.76155E-04
  626    0.75664E-04
  627    0.75176E-04
  628    0.74691E-04
  629    0.74210E-04
  630    0.73731E-04
  631    0.73255E-04
  632    0.72783E-04
  633    0.72314E-04
  634    0.71847E-04
  635    0.71384E-04
  636    0.70923E-04
  637    0.70466E-04
  638    0.70011E-04
  639    0.69559E-04
  640    0.69111E-04
  641    0.68665E-04
  642    0.68222E-04
  643    0.67781E-04
  644    0.67344E-04
  645    0.66910E-04
  646    0.66478E-04
  647    0.66049E-04
  648    0.65622E-04
  649    0.65199E-04
  650    0.64778E-04
  651    0.64360E-04
  652    0.63945E-04
  653    0.63532E-04
  654    0.63122E-04
  655    0.62714E-04
  656    0.62309E-04
  657    0.61907E-04
  658    0.61507E-04
  659    0.61110E-04
  660    0.60716E-04
  661    0.60324E-04
  662    0.59934E-04
  663    0.59547E-04
  664    0.59163E-04
  665    0.58780E-04
  666    0.58401E-04
  667    0.58024E-04
  668    0.57649E-04
  669    0.57277E-04
  670    0.56907E-04
  671    0.56539E-04
  672    0.56174E-04
  673    0.55811E-04
  674    0.55450E-04
  675    0.55092E-04
  676    0.54736E-04
  677    0.54383E-04
  678    0.54031E-04
  679    0.53682E-04
  680    0.53335E-04
  681    0.52991E-04
  682    0.52648E-04
  683    0.52308E-04
  684    0.51970E-04
  685    0.51634E-04
  686    0.51300E-04
  687    0.50969E-04
  688    0.50639E-04
  689    0.50312E-04
  690    0.49987E-04
  691    0.49664E-04
  692    0.49343E-04
  693    0.49024E-04
  694    0.48707E-04
  695    0.48392E-04
  696    0.48079E-04
  697    0.47768E-04
  698    0.47460E-04
  699    0.47153E-04
  700    0.46848E-04
  701    0.46545E-04
  702    0.46244E-04
  703    0.45945E-04
  704    0.45648E-04
  705    0.45353E-04
  706    0.45059E-04
  707    0.44768E-04
  708    0.44478E-04
  709    0.44191E-04
  710    0.43905E-04
  711    0.43621E-04
  712    0.43339E-04
  713    0.43059E-04
  714    0.42780E-04
  715    0.42503E-04
  716    0.42228E-04
  717    0.41955E-04
  718    0.41684E-04
  719    0.41414E-04
  720    0.41146E-04
  721    0.40880E-04
  722    0.40615E-04
  723    0.40353E-04
  724    0.40092E-04
  725    0.39832E-04
  726    0.39574E-04
  727    0.39318E-04
  728    0.39064E-04
  729    0.38811E-04
  730    0.38560E-04
  731    0.38310E-04
  732    0.38063E-04
  733    0.37816E-04
  734    0.37571E-04
  735    0.37328E-04
  736    0.37087E-04
  737    0.36847E-04
  738    0.36608E-04
  739    0.36371E-04
  740    0.36136E-04
  741    0.35902E-04
  742    0.35669E-04
  743    0.35439E-04
  744    0.35209E-04
  745    0.34981E-04
  746    0.34755E-04
  747    0.34530E-04
  748    0.34306E-04
  749    0.34084E-04
  750    0.33863E-04
  751    0.33644E-04
  752    0.33426E-04
  753    0.33210E-04
  754    0.32995E-04
  755    0.32781E-04
  756    0.32569E-04
  757    0.32358E-04
  758    0.32148E-04
  759    0.31940E-04
  760    0.31733E-04
  761    0.31528E-04
  762    0.31324E-04
  763    0.31121E-04
  764    0.30919E-04
  765    0.30719E-04
  766    0.30520E-04
  767    0.30322E-04
  768    0.30126E-04
  769    0.29931E-04
  770    0.29737E-04
  771    0.29544E-04
  772    0.29353E-04
  773    0.29163E-04
  774    0.28974E-04
  775    0.28786E-04
  776    0.28600E-04
  777    0.28414E-04
  778    0.28230E-04
  779    0.28047E-04
  780    0.27866E-04
  781    0.27685E-04
  782    0.27506E-04
  783    0.27328E-04
  784    0.27151E-04
  785    0.26975E-04
  786    0.26800E-04
  787    0.26626E-04
  788    0.26454E-04
  789    0.26282E-04
  790    0.26112E-04
  791    0.25943E-04
  792    0.25775E-04
  793    0.25608E-04
  794    0.25442E-04
  795    0.25277E-04
  796    0.25113E-04
  797    0.24950E-04
  798    0.24788E-04
  799    0.24628E-04
  800    0.24468E-04
  801    0.24310E-04
  802    0.24152E-04
  803    0.23995E-04
  804    0.23840E-04
  805    0.23685E-04
  806    0.23532E-04
  807    0.23379E-04
  808    0.23228E-04
  809    0.23077E-04
  810    0.22928E-04
  811    0.22779E-04
  812    0.22631E-04
  813    0.22485E-04
  814    0.22339E-04
  815    0.22194E-04
  816    0.22050E-04
  817    0.21907E-04
  818    0.21765E-04
  819    0.21624E-04
  820    0.21484E-04
  821    0.21345E-04
  822    0.21206E-04
  823    0.21069E-04
  824    0.20932E-04
  825    0.20796E-04
  826    0.20661E-04
  827    0.20528E-04
  828    0.20394E-04
  829    0.20262E-04
  830    0.20131E-04
  831    0.20000E-04
  832    0.19871E-04
  833    0.19742E-04
  834    0.19614E-04
  835    0.19486E-04
  836    0.19360E-04
  837    0.19235E-04
  838    0.19110E-04
  839    0.18986E-04
  840    0.18863E-04
  841    0.18740E-04
  842    0.18619E-04
  843    0.18498E-04
  844    0.18378E-04
  845    0.18259E-04
  846    0.18140E-04
  847    0.18023E-04
  848    0.17906E-04
  849    0.17790E-04
  850    0.17674E-04
  851    0.17560E-04
  852    0.17446E-04
  853    0.17333E-04
  854    0.17220E-04
  855    0.17109E-04
  856    0.16998E-04
  857    0.16887E-04
  858    0.16778E-04
  859    0.16669E-04
  860    0.16561E-04
  861    0.16453E-04
  862    0.16347E-04
  863    0.16241E-04
  864    0.16135E-04
  865    0.16031E-04
  866    0.15927E-04
  867    0.15823E-04
  868    0.15721E-04
  869    0.15619E-04
  870    0.15517E-04
  871    0.15417E-04
  872    0.15316E-04
  873    0.15217E-04
  874    0.15118E-04
  875    0.15020E-04
  876    0.14923E-04
  877    0.14826E-04
  878    0.14730E-04
  879    0.14634E-04
  880    0.14539E-04
  881    0.14445E-04
  882    0.14351E-04
  883    0.14258E-04
  884    0.14166E-04
  885    0.14074E-04
  886    0.13982E-04
  887    0.13892E-04
  888    0.13801E-04
  889    0.13712E-04
  890    0.13623E-04
  891    0.13534E-04
  892    0.13447E-04
  893    0.13359E-04
  894    0.13273E-04
  895    0.13187E-04
  896    0.13101E-04
  897    0.13016E-04
  898    0.12931E-04
  899    0.12848E-04
  900    0.12764E-04
  901    0.12681E-04
  902    0.12599E-04
  903    0.12517E-04
  904    0.12436E-04
  905    0.12355E-04
  906    0.12275E-04
  907    0.12195E-04
  908    0.12116E-04
  909    0.12038E-04
  910    0.11959E-04
  911    0.11882E-04
  912    0.11805E-04
  913    0.11728E-04
  914    0.11652E-04
  915    0.11576E-04
  916    0.11501E-04
  917    0.11427E-04
  918    0.11352E-04
  919    0.11279E-04
  920    0.11205E-04
  921    0.11133E-04
  922    0.11060E-04
  923    0.10989E-04
  924    0.10917E-04
  925    0.10846E-04
  926    0.10776E-04
  927    0.10706E-04
  928    0.10637E-04
  929    0.10568E-04
  930    0.10499E-04
  931    0.10431E-04
  932    0.10363E-04
  933    0.10296E-04
  934    0.10229E-04
  935    0.10163E-04
  936    0.10097E-04
  937    0.10031E-04
  938    0.99659E-05
  939    0.99012E-05
  940    0.98369E-05
  941    0.97730E-05
  942    0.97096E-05
  943    0.96466E-05
  944    0.95839E-05
  945    0.95217E-05
  946    0.94599E-05
  947    0.93985E-05
  948    0.93374E-05
  949    0.92768E-05
  950    0.92166E-05
  951    0.91567E-05
  952    0.90973E-05
  953    0.90382E-05
  954    0.89795E-05
  955    0.89212E-05
  956    0.88633E-05
  957    0.88057E-05
  958    0.87486E-05
  959    0.86918E-05
  960    0.86353E-05
  961    0.85793E-05
  962    0.85235E-05
  963    0.84682E-05
  964    0.84132E-05
  965    0.83586E-05
  966    0.83043E-05
  967    0.82504E-05
  968    0.81968E-05
  969    0.81436E-05
  970    0.80907E-05
  971    0.80382E-05
  972    0.79860E-05
  973    0.79341E-05
  974    0.78826E-05
  975    0.78314E-05
  976    0.77805E-05
  977    0.77300E-05
  978    0.76798E-05
  979    0.76299E-05
  980    0.75804E-05
  981    0.75312E-05
  982    0.74822E-05
  983    0.74337E-05
  984    0.73854E-05
  985    0.73374E-05
  986    0.72898E-05
  987    0.72424E-05
  988    0.71954E-05
  989    0.71487E-05
  990    0.71022E-05
  991    0.70561E-05
  992    0.70103E-05
  993    0.69647E-05
  994    0.69195E-05
  995    0.68746E-05
  996    0.68299E-05
  997    0.67856E-05
  998    0.67415E-05
  999    0.66977E-05
 1000    0.66542E-05
 1001    0.66110E-05
 1002    0.65681E-05
 1003    0.65254E-05
 1004    0.64830E-05
 1005    0.64409E-05
 1006    0.63991E-05
 1007    0.63575E-05
 1008    0.63162E-05
 1009    0.62752E-05
 1010    0.62344E-05
 1011    0.61939E-05
 1012    0.61537E-05
 1013    0.61137E-05
 1014    0.60740E-05
 1015    0.60346E-05
 1016    0.59954E-05
 1017    0.59564E-05
 1018    0.59178E-05
 1019    0.58793E-05
 1020    0.58411E-05
 1021    0.58032E-05
 1022    0.57655E-05
 1023    0.57280E-05
 1024    0.56908E-05
 1025    0.56539E-05
 1026    0.56171E-05
 1027    0.55807E-05
 1028    0.55444E-05
 1029    0.55084E-05
 1030    0.54726E-05
 1031    0.54371E-05
 1032    0.54017E-05
 1033    0.53667E-05
 1034    0.53318E-05
 1035    0.52972E-05
 1036    0.52627E-05
 1037    0.52286E-05
 1038    0.51946E-05
 1039    0.51609E-05
 1040    0.51273E-05
 1041    0.50940E-05
 1042    0.50609E-05
 1043    0.50281E-05
 1044    0.49954E-05
 1045    0.49629E-05
 1046    0.49307E-05
 1047    0.48987E-05
 1048    0.48668E-05
 1049    0.48352E-05
 1050    0.48038E-05
 1051    0.47726E-05
 1052    0.47416E-05
 1053    0.47108E-05
 1054    0.46802E-05
 1055    0.46498E-05
 1056    0.46196E-05
 1057    0.45896E-05
 1058    0.45598E-05
 1059    0.45301E-05
 1060    0.45007E-05
 1061    0.44715E-05
 1062    0.44424E-05
 1063    0.44136E-05
 1064    0.43849E-05
 1065    0.43564E-05
 1066    0.43281E-05
 1067    0.43000E-05
 1068    0.42720E-05
 1069    0.42443E-05
 1070    0.42167E-05
 1071    0.41893E-05
 1072    0.41621E-05
 1073    0.41351E-05
 1074    0.41082E-05
 1075    0.40815E-05
 1076    0.40550E-05
 1077    0.40287E-05
 1078    0.40025E-05
 1079    0.39765E-05
 1080    0.39506E-05
 1081    0.39250E-05
 1082    0.38995E-05
 1083    0.38741E-05
 1084    0.38490E-05
 1085    0.38240E-05
 1086    0.37991E-05
 1087    0.37744E-05
 1088    0.37499E-05
 1089    0.37255E-05
 1090    0.37013E-05
 1091    0.36773E-05
 1092    0.36534E-05
 1093    0.36297E-05
 1094    0.36061E-05
 1095    0.35827E-05
 1096    0.35594E-05
 1097    0.35363E-05
 1098    0.35133E-05
 1099    0.34904E-05
 1100    0.34678E-05
 1101    0.34452E-05
 1102    0.34229E-05
 1103    0.34006E-05
 1104    0.33785E-05
 1105    0.33566E-05
 1106    0.33348E-05
 1107    0.33131E-05
 1108    0.32916E-05
 1109    0.32702E-05
 1110    0.32489E-05
 1111    0.32278E-05
 1112    0.32068E-05
 1113    0.31860E-05
 1114    0.31653E-05
 1115    0.31447E-05
 1116    0.31243E-05
 1117    0.31040E-05
 1118    0.30838E-05
 1119    0.30638E-05
 1120    0.30439E-05
 1121    0.30241E-05
 1122    0.30045E-05
 1123    0.29849E-05
 1124    0.29656E-05
 1125    0.29463E-05
 1126    0.29271E-05
 1127    0.29081E-05
 1128    0.28892E-05
 1129    0.28704E-05
 1130    0.28518E-05
 1131    0.28333E-05
 1132    0.28149E-05
 1133    0.27966E-05
 1134    0.27784E-05
 1135    0.27603E-05
 1136    0.27424E-05
 1137    0.27246E-05
 1138    0.27069E-05
 1139    0.26893E-05
 1140    0.26718E-05
 1141    0.26545E-05
 1142    0.26372E-05
 1143    0.26201E-05
 1144    0.26030E-05
 1145    0.25861E-05
 1146    0.25693E-05
 1147    0.25526E-05
 1148    0.25360E-05
 1149    0.25196E-05
 1150    0.25032E-05
 1151    0.24869E-05
 1152    0.24708E-05
 1153    0.24547E-05
 1154    0.24388E-05
 1155    0.24229E-05
 1156    0.24072E-05
 1157    0.23915E-05
 1158    0.23760E-05
 1159    0.23605E-05
 1160    0.23452E-05
 1161    0.23300E-05
 1162    0.23148E-05
 1163    0.22998E-05
 1164    0.22848E-05
 1165    0.22700E-05
 1166    0.22552E-05
 1167    0.22406E-05
 1168    0.22260E-05
 1169    0.22116E-05
 1170    0.21972E-05
 1171    0.21829E-05
 1172    0.21687E-05
 1173    0.21546E-05
 1174    0.21406E-05
 1175    0.21267E-05
 1176    0.21129E-05
 1177    0.20992E-05
 1178    0.20855E-05
 1179    0.20720E-05
 1180    0.20585E-05
 1181    0.20451E-05
 1182    0.20318E-05
 1183    0.20186E-05
 1184    0.20055E-05
 1185    0.19925E-05
 1186    0.19795E-05
 1187    0.19667E-05
 1188    0.19539E-05
 1189    0.19412E-05
 1190    0.19286E-05
 1191    0.19161E-05
 1192    0.19036E-05
 1193    0.18912E-05
 1194    0.18789E-05
 1195    0.18667E-05
 1196    0.18546E-05
 1197    0.18425E-05
 1198    0.18306E-05
 1199    0.18187E-05
 1200    0.18069E-05
 1201    0.17951E-05
 1202    0.17835E-05
 1203    0.17719E-05
 1204    0.17603E-05
 1205    0.17489E-05
 1206    0.17375E-05
 1207    0.17263E-05
 1208    0.17150E-05
 1209    0.17039E-05
 1210    0.16928E-05
 1211    0.16818E-05
 1212    0.16709E-05
 1213    0.16600E-05
 1214    0.16492E-05
 1215    0.16385E-05
 1216    0.16279E-05
 1217    0.16173E-05
 1218    0.16068E-05
 1219    0.15963E-05
 1220    0.15860E-05
 1221    0.15757E-05
 1222    0.15654E-05
 1223    0.15552E-05
 1224    0.15451E-05
 1225    0.15351E-05
 1226    0.15251E-05
 1227    0.15152E-05
 1228    0.15054E-05
 1229    0.14956E-05
 1230    0.14859E-05
 1231    0.14762E-05
 1232    0.14666E-05
 1233    0.14571E-05
 1234    0.14476E-05
 1235    0.14382E-05
 1236    0.14289E-05
 1237    0.14196E-05
 1238    0.14103E-05
 1239    0.14012E-05
 1240    0.13921E-05
 1241    0.13830E-05
 1242    0.13740E-05
 1243    0.13651E-05
 1244    0.13562E-05
 1245    0.13474E-05
 1246    0.13387E-05
 1247    0.13300E-05
 1248    0.13213E-05
 1249    0.13127E-05
 1250    0.13042E-05
 1251    0.12957E-05
 1252    0.12873E-05
 1253    0.12789E-05
 1254    0.12706E-05
 1255    0.12624E-05
 1256    0.12542E-05
 1257    0.12460E-05
 1258    0.12379E-05
 1259    0.12299E-05
 1260    0.12219E-05
 1261    0.12139E-05
 1262    0.12060E-05
 1263    0.11982E-05
 1264    0.11904E-05
 1265    0.11827E-05
 1266    0.11750E-05
 1267    0.11674E-05
 1268    0.11598E-05
 1269    0.11522E-05
 1270    0.11448E-05
 1271    0.11373E-05
 1272    0.11299E-05
 1273    0.11226E-05
 1274    0.11153E-05
 1275    0.11080E-05
 1276    0.11008E-05
 1277    0.10937E-05
 1278    0.10866E-05
 1279    0.10795E-05
 1280    0.10725E-05
 1281    0.10655E-05
 1282    0.10586E-05
 1283    0.10517E-05
 1284    0.10449E-05
 1285    0.10381E-05
 1286    0.10313E-05
 1287    0.10246E-05
 1288    0.10180E-05
 1289    0.10114E-05
 1290    0.10048E-05
 1291    0.99826E-06
 1292    0.99177E-06
 1293    0.98533E-06
 1294    0.97892E-06
 1295    0.97256E-06
 1296    0.96624E-06
 1297    0.95996E-06
 1298    0.95372E-06
 1299    0.94752E-06
 1300    0.94137E-06
 1301    0.93525E-06
 1302    0.92917E-06
 1303    0.92313E-06
 1304    0.91713E-06
 1305    0.91117E-06
 1306    0.90525E-06
 1307    0.89937E-06
 1308    0.89352E-06
 1309    0.88771E-06
 1310    0.88194E-06
 1311    0.87621E-06
 1312    0.87052E-06
 1313    0.86486E-06
 1314    0.85924E-06
 1315    0.85365E-06
 1316    0.84811E-06
 1317    0.84259E-06
 1318    0.83712E-06
 1319    0.83168E-06
 1320    0.82627E-06
 1321    0.82090E-06
 1322    0.81557E-06
 1323    0.81026E-06
 1324    0.80500E-06
 1325    0.79977E-06
 1326    0.79457E-06
 1327    0.78940E-06
 1328    0.78427E-06
 1329    0.77918E-06
 1330    0.77411E-06
 1331    0.76908E-06
 1332    0.76408E-06
 1333    0.75912E-06
 1334    0.75418E-06
 1335    0.74928E-06
 1336    0.74441E-06
 1337    0.73957E-06
 1338    0.73477E-06
 1339    0.72999E-06
 1340    0.72525E-06
 1341    0.72053E-06
 1342    0.71585E-06
 1343    0.71120E-06
 1344    0.70657E-06
 1345    0.70198E-06
 1346    0.69742E-06
 1347    0.69289E-06
 1348    0.68838E-06
 1349    0.68391E-06
 1350    0.67946E-06
 1351    0.67505E-06
 1352    0.67066E-06
 1353    0.66630E-06
 1354    0.66197E-06
 1355    0.65767E-06
 1356    0.65339E-06
 1357    0.64915E-06
 1358    0.64493E-06
 1359    0.64074E-06
 1360    0.63657E-06
 1361    0.63244E-06
 1362    0.62832E-06
 1363    0.62424E-06
 1364    0.62018E-06
 1365    0.61615E-06
 1366    0.61215E-06
 1367    0.60817E-06
 1368    0.60422E-06
 1369    0.60029E-06
 1370    0.59639E-06
 1371    0.59251E-06
 1372    0.58866E-06
 1373    0.58483E-06
 1374    0.58103E-06
 1375    0.57726E-06
 1376    0.57351E-06
 1377    0.56978E-06
 1378    0.56607E-06
 1379    0.56240E-06
 1380    0.55874E-06
 1381    0.55511E-06
 1382    0.55150E-06
 1383    0.54792E-06
 1384    0.54436E-06
 1385    0.54082E-06
 1386    0.53730E-06
 1387    0.53381E-06
 1388    0.53034E-06
 1389    0.52689E-06
 1390    0.52347E-06
 1391    0.52007E-06
 1392    0.51669E-06
 1393    0.51333E-06
 1394    0.50999E-06
 1395    0.50668E-06
 1396    0.50338E-06
 1397    0.50011E-06
 1398    0.49686E-06
 1399    0.49363E-06
 1400    0.49042E-06
 1401    0.48724E-06
 1402    0.48407E-06
 1403    0.48092E-06
 1404    0.47780E-06
 1405    0.47469E-06
 1406    0.47161E-06
 1407    0.46854E-06
 1408    0.46550E-06
 1409    0.46247E-06
 1410    0.45946E-06
 1411    0.45648E-06
 1412    0.45351E-06
 1413    0.45056E-06
 1414    0.44764E-06
 1415    0.44473E-06
 1416    0.44184E-06
 1417    0.43896E-06
 1418    0.43611E-06
 1419    0.43328E-06
 1420    0.43046E-06
 1421    0.42766E-06
 1422    0.42488E-06
 1423    0.42212E-06
 1424    0.41938E-06
 1425    0.41665E-06
 1426    0.41394E-06
 1427    0.41125E-06
 1428    0.40858E-06
 1429    0.40592E-06
 1430    0.40329E-06
 1431    0.40066E-06
 1432    0.39806E-06
 1433    0.39547E-06
 1434    0.39290E-06
 1435    0.39035E-06
 1436    0.38781E-06
 1437    0.38529E-06
 1438    0.38279E-06
 1439    0.38030E-06
 1440    0.37783E-06
 1441    0.37537E-06
 1442    0.37293E-06
 1443    0.37051E-06
 1444    0.36810E-06
 1445    0.36571E-06
 1446    0.36333E-06
 1447    0.36097E-06
 1448    0.35862E-06
 1449    0.35629E-06
 1450    0.35398E-06
 1451    0.35167E-06
 1452    0.34939E-06
 1453    0.34712E-06
 1454    0.34486E-06
 1455    0.34262E-06
 1456    0.34039E-06
 1457    0.33818E-06
 1458    0.33598E-06
 1459    0.33380E-06
 1460    0.33163E-06
 1461    0.32947E-06
 1462    0.32733E-06
 1463    0.32521E-06
 1464    0.32309E-06
 1465    0.32099E-06
 1466    0.31891E-06
 1467    0.31683E-06
 1468    0.31477E-06
 1469    0.31273E-06
 1470    0.31069E-06
 1471    0.30868E-06
 1472    0.30667E-06
 1473    0.30468E-06
 1474    0.30270E-06
 1475    0.30073E-06
 1476    0.29877E-06
 1477    0.29683E-06
 1478    0.29490E-06
 1479    0.29299E-06
 1480    0.29108E-06
 1481    0.28919E-06
 1482    0.28731E-06
 1483    0.28544E-06
 1484    0.28359E-06
 1485    0.28174E-06
 1486    0.27991E-06
 1487    0.27809E-06
 1488    0.27629E-06
 1489    0.27449E-06
 1490    0.27271E-06
 1491    0.27093E-06
 1492    0.26917E-06
 1493    0.26742E-06
 1494    0.26568E-06
 1495    0.26396E-06
 1496    0.26224E-06
 1497    0.26054E-06
 1498    0.25884E-06
 1499    0.25716E-06
 1500    0.25549E-06
 1501    0.25383E-06
 1502    0.25218E-06
 1503    0.25054E-06
 1504    0.24891E-06
 1505    0.24729E-06
 1506    0.24569E-06
 1507    0.24409E-06
 1508    0.24250E-06
 1509    0.24093E-06
 1510    0.23936E-06
 1511    0.23781E-06
 1512    0.23626E-06
 1513    0.23472E-06
 1514    0.23320E-06
 1515    0.23168E-06
 1516    0.23018E-06
 1517    0.22868E-06
 1518    0.22719E-06
 1519    0.22572E-06
 1520    0.22425E-06
 1521    0.22279E-06
 1522    0.22134E-06
 1523    0.21991E-06
 1524    0.21848E-06
 1525    0.21706E-06
 1526    0.21565E-06
 1527    0.21424E-06
 1528    0.21285E-06
 1529    0.21147E-06
 1530    0.21009E-06
 1531    0.20873E-06
 1532    0.20737E-06
 1533    0.20602E-06
 1534    0.20468E-06
 1535    0.20335E-06
 1536    0.20203E-06
 1537    0.20072E-06
 1538    0.19941E-06
 1539    0.19812E-06
 1540    0.19683E-06
 1541    0.19555E-06
 1542    0.19428E-06
 1543    0.19302E-06
 1544    0.19176E-06
 1545    0.19052E-06
 1546    0.18928E-06
 1547    0.18805E-06
 1548    0.18683E-06
 1549    0.18561E-06
 1550    0.18440E-06
 1551    0.18321E-06
 1552    0.18202E-06
 1553    0.18083E-06
 1554    0.17966E-06
 1555    0.17849E-06
 1556    0.17733E-06
 1557    0.17618E-06
 1558    0.17503E-06
 1559    0.17389E-06
 1560    0.17276E-06
 1561    0.17164E-06
 1562    0.17052E-06
 1563    0.16942E-06
 1564    0.16832E-06
 1565    0.16722E-06
 1566    0.16613E-06
 1567    0.16505E-06
 1568    0.16398E-06
 1569    0.16292E-06
 1570    0.16186E-06
 1571    0.16080E-06
 1572    0.15976E-06
 1573    0.15872E-06
 1574    0.15769E-06
 1575    0.15666E-06
 1576    0.15565E-06
 1577    0.15463E-06
 1578    0.15363E-06
 1579    0.15263E-06
 1580    0.15164E-06
 1581    0.15065E-06
 1582    0.14967E-06
 1583    0.14870E-06
 1584    0.14773E-06
 1585    0.14677E-06
 1586    0.14582E-06
 1587    0.14487E-06
 1588    0.14393E-06
 1589    0.14300E-06
 1590    0.14207E-06
 1591    0.14114E-06
 1592    0.14023E-06
 1593    0.13931E-06
 1594    0.13841E-06
 1595    0.13751E-06
 1596    0.13661E-06
 1597    0.13573E-06
 1598    0.13484E-06
 1599    0.13397E-06
 1600    0.13310E-06
 1601    0.13223E-06
 1602    0.13137E-06
 1603    0.13052E-06
 1604    0.12967E-06
 1605    0.12883E-06
 1606    0.12799E-06
 1607    0.12716E-06
 1608    0.12633E-06
 1609    0.12551E-06
 1610    0.12470E-06
 1611    0.12388E-06
 1612    0.12308E-06
 1613    0.12228E-06
 1614    0.12148E-06
 1615    0.12069E-06
 1616    0.11991E-06
 1617    0.11913E-06
 1618    0.11836E-06
 1619    0.11759E-06
 1620    0.11682E-06
 1621    0.11606E-06
 1622    0.11531E-06
 1623    0.11456E-06
 1624    0.11382E-06
 1625    0.11308E-06
 1626    0.11234E-06
 1627    0.11161E-06
 1628    0.11088E-06
 1629    0.11016E-06
 1630    0.10945E-06
 1631    0.10874E-06
 1632    0.10803E-06
 1633    0.10733E-06
 1634    0.10663E-06
 1635    0.10594E-06
 1636    0.10525E-06
 1637    0.10456E-06
 1638    0.10388E-06
 1639    0.10321E-06
 1640    0.10254E-06
 1641    0.10187E-06
 1642    0.10121E-06
 1643    0.10055E-06
 1644    0.99899E-07
 1645    0.99249E-07
 1646    0.98604E-07
 1647    0.97963E-07
 1648    0.97326E-07
 1649    0.96694E-07
 1650    0.96065E-07
 1651    0.95441E-07
 1652    0.94821E-07
 1653    0.94204E-07
 1654    0.93592E-07
 1655    0.92984E-07
 1656    0.92379E-07
 1657    0.91779E-07
 1658    0.91182E-07
 1659    0.90590E-07
 1660    0.90001E-07
 1661    0.89416E-07
 1662    0.88835E-07
 1663    0.88257E-07
 1664    0.87683E-07
 1665    0.87114E-07
 1666    0.86547E-07
 1667    0.85985E-07
 1668    0.85426E-07
 1669    0.84871E-07
 1670    0.84319E-07
 1671    0.83771E-07
 1672    0.83226E-07
 1673    0.82685E-07
 1674    0.82148E-07
 1675    0.81614E-07
 1676    0.81084E-07
 1677    0.80557E-07
 1678    0.80033E-07
 1679    0.79513E-07
 1680    0.78996E-07
 1681    0.78482E-07
 1682    0.77972E-07
 1683    0.77466E-07
 1684    0.76962E-07
 1685    0.76462E-07
 1686    0.75965E-07
 1687    0.75471E-07
 1688    0.74980E-07
 1689    0.74493E-07
 1690    0.74009E-07
 1691    0.73528E-07
 1692    0.73050E-07
 1693    0.72575E-07
 1694    0.72103E-07
 1695    0.71635E-07
 1696    0.71169E-07
 1697    0.70707E-07
 1698    0.70247E-07
 1699    0.69790E-07
 1700    0.69337E-07
 1701    0.68886E-07
 1702    0.68438E-07
 1703    0.67993E-07
 1704    0.67552E-07
 1705    0.67112E-07
 1706    0.66676E-07
 1707    0.66243E-07
 1708    0.65812E-07
 1709    0.65384E-07
 1710    0.64959E-07
 1711    0.64537E-07
 1712    0.64118E-07
 1713    0.63701E-07
 1714    0.63287E-07
 1715    0.62876E-07
 1716    0.62467E-07
 1717    0.62061E-07
 1718    0.61658E-07
 1719    0.61257E-07
 1720    0.60859E-07
 1721    0.60463E-07
 1722    0.60070E-07
 1723    0.59680E-07
 1724    0.59292E-07
 1725    0.58906E-07
 1726    0.58523E-07
 1727    0.58143E-07
 1728    0.57765E-07
 1729    0.57390E-07
 1730    0.57017E-07
 1731    0.56646E-07
 1732    0.56278E-07
 1733    0.55912E-07
 1734    0.55549E-07
 1735    0.55187E-07
 1736    0.54829E-07
 1737    0.54472E-07
 1738    0.54118E-07
 1739    0.53767E-07
 1740    0.53417E-07
 1741    0.53070E-07
 1742    0.52725E-07
 1743    0.52382E-07
 1744    0.52042E-07
 1745    0.51703E-07
 1746    0.51367E-07
 1747    0.51034E-07
 1748    0.50702E-07
 1749    0.50372E-07
 1750    0.50045E-07
 1751    0.49720E-07
 1752    0.49396E-07
 1753    0.49075E-07
 1754    0.48756E-07
 1755    0.48439E-07
 1756    0.48125E-07
 1757    0.47812E-07
 1758    0.47501E-07
 1759    0.47192E-07
 1760    0.46886E-07
 1761    0.46581E-07
 1762    0.46278E-07
 1763    0.45977E-07
 1764    0.45678E-07
 1765    0.45381E-07
 1766    0.45086E-07
 1767    0.44793E-07
 1768    0.44502E-07
 1769    0.44213E-07
 1770    0.43926E-07
 1771    0.43640E-07
 1772    0.43356E-07
 1773    0.43075E-07
 1774    0.42795E-07
 1775    0.42516E-07
 1776    0.42240E-07
 1777    0.41966E-07
 1778    0.41693E-07
 1779    0.41422E-07
 1780    0.41153E-07
 1781    0.40885E-07
 1782    0.40619E-07
 1783    0.40355E-07
 1784    0.40093E-07
 1785    0.39832E-07
 1786    0.39574E-07
 1787    0.39316E-07
 1788    0.39061E-07
 1789    0.38807E-07
 1790    0.38555E-07
 1791    0.38304E-07
 1792    0.38055E-07
 1793    0.37808E-07
 1794    0.37562E-07
 1795    0.37318E-07
 1796    0.37075E-07
 1797    0.36834E-07
 1798    0.36595E-07
 1799    0.36357E-07
 1800    0.36121E-07
 1801    0.35886E-07
 1802    0.35653E-07
 1803    0.35421E-07
 1804    0.35191E-07
 1805    0.34962E-07
 1806    0.34735E-07
 1807    0.34509E-07
 1808    0.34285E-07
 1809    0.34062E-07
 1810    0.33840E-07
 1811    0.33620E-07
 1812    0.33402E-07
 1813    0.33185E-07
 1814    0.32969E-07
 1815    0.32755E-07
 1816    0.32542E-07
 1817    0.32330E-07
 1818    0.32120E-07
 1819    0.31911E-07
 1820    0.31704E-07
 1821    0.31498E-07
 1822    0.31293E-07
 1823    0.31090E-07
 1824    0.30888E-07
 1825    0.30687E-07
 1826    0.30487E-07
 1827    0.30289E-07
 1828    0.30092E-07
 1829    0.29897E-07
 1830    0.29702E-07
 1831    0.29509E-07
 1832    0.29318E-07
 1833    0.29127E-07
 1834    0.28938E-07
 1835    0.28750E-07
 1836    0.28563E-07
 1837    0.28377E-07
 1838    0.28193E-07
 1839    0.28009E-07
 1840    0.27827E-07
 1841    0.27646E-07
 1842    0.27467E-07
 1843    0.27288E-07
 1844    0.27111E-07
 1845    0.26935E-07
 1846    0.26760E-07
 1847    0.26586E-07
 1848    0.26413E-07
 1849    0.26241E-07
 1850    0.26071E-07
 1851    0.25901E-07
 1852    0.25733E-07
 1853    0.25566E-07
 1854    0.25399E-07
 1855    0.25234E-07
 1856    0.25070E-07
 1857    0.24907E-07
 1858    0.24745E-07
 1859    0.24585E-07
 1860    0.24425E-07
 1861    0.24266E-07
 1862    0.24108E-07
 1863    0.23952E-07
 1864    0.23796E-07
 1865    0.23641E-07
 1866    0.23488E-07
 1867    0.23335E-07
 1868    0.23183E-07
 1869    0.23033E-07
 1870    0.22883E-07
 1871    0.22734E-07
 1872    0.22586E-07
 1873    0.22439E-07
 1874    0.22294E-07
 1875    0.22149E-07
 1876    0.22005E-07
 1877    0.21862E-07
 1878    0.21720E-07
 1879    0.21578E-07
 1880    0.21438E-07
 1881    0.21299E-07
 1882    0.21160E-07
 1883    0.21023E-07
 1884    0.20886E-07
 1885    0.20750E-07
 1886    0.20616E-07
 1887    0.20482E-07
 1888    0.20348E-07
 1889    0.20216E-07
 1890    0.20085E-07
 1891    0.19954E-07
 1892    0.19825E-07
 1893    0.19696E-07
 1894    0.19568E-07
 1895    0.19440E-07
 1896    0.19314E-07
 1897    0.19189E-07
 1898    0.19064E-07
 1899    0.18940E-07
 1900    0.18817E-07
 1901    0.18695E-07
 1902    0.18573E-07
 1903    0.18452E-07
 1904    0.18332E-07
 1905    0.18213E-07
 1906    0.18095E-07
 1907    0.17977E-07
 1908    0.17860E-07
 1909    0.17744E-07
 1910    0.17629E-07
 1911    0.17514E-07
 1912    0.17400E-07
 1913    0.17287E-07
 1914    0.17175E-07
 1915    0.17063E-07
 1916    0.16952E-07
 1917    0.16842E-07
 1918    0.16733E-07
 1919    0.16624E-07
 1920    0.16516E-07
 1921    0.16409E-07
 1922    0.16302E-07
 1923    0.16196E-07
 1924    0.16091E-07
 1925    0.15986E-07
 1926    0.15882E-07
 1927    0.15779E-07
 1928    0.15676E-07
 1929    0.15575E-07
 1930    0.15473E-07
 1931    0.15373E-07
 1932    0.15273E-07
 1933    0.15174E-07
 1934    0.15075E-07
 1935    0.14977E-07
 1936    0.14880E-07
 1937    0.14783E-07
 1938    0.14687E-07
 1939    0.14591E-07
 1940    0.14496E-07
 1941    0.14402E-07
 1942    0.14309E-07
 1943    0.14216E-07
 1944    0.14123E-07
 1945    0.14031E-07
 1946    0.13940E-07
 1947    0.13850E-07
 1948    0.13760E-07
 1949    0.13670E-07
 1950    0.13581E-07
 1951    0.13493E-07
 1952    0.13405E-07
 1953    0.13318E-07
 1954    0.13232E-07
 1955    0.13146E-07
 1956    0.13060E-07
 1957    0.12975E-07
 1958    0.12891E-07
 1959    0.12807E-07
 1960    0.12724E-07
 1961    0.12641E-07
 1962    0.12559E-07
 1963    0.12477E-07
 1964    0.12396E-07
 1965    0.12316E-07
 1966    0.12236E-07
 1967    0.12156E-07
 1968    0.12077E-07
 1969    0.11999E-07
 1970    0.11921E-07
 1971    0.11843E-07
 1972    0.11766E-07
 1973    0.11690E-07
 1974    0.11614E-07
 1975    0.11538E-07
 1976    0.11463E-07
 1977    0.11389E-07
 1978    0.11315E-07
 1979    0.11241E-07
 1980    0.11168E-07
 1981    0.11096E-07
 1982    0.11023E-07
 1983    0.10952E-07
 1984    0.10881E-07
 1985    0.10810E-07
 1986    0.10740E-07
 1987    0.10670E-07
 1988    0.10600E-07
 1989    0.10532E-07
 1990    0.10463E-07
 1991    0.10395E-07
 1992    0.10327E-07
 1993    0.10260E-07
 1994    0.10194E-07
 1995    0.10127E-07
 1996    0.10062E-07
 1997    0.99962E-08

iteration:   1997

epsilon =     0.10000E-07
omega =     0.18000E+01
tick =     0.10000E-06

norm_x =     0.18704E+03, norm_analysis =     0.18703E+03
diff =     0.91322E+01

caltime =   20.1513, comtime =    0.1940, checktime =    3.3478
alltime =   23.6931

