4 processes:
    1    0.17091E+01
    2    0.13867E+01
    3    0.11300E+01
    4    0.92285E+00
    5    0.75583E+00
    6    0.62144E+00
    7    0.51355E+00
    8    0.42713E+00
    9    0.35806E+00
   10    0.30299E+00
   11    0.25917E+00
   12    0.22435E+00
   13    0.19668E+00
   14    0.17465E+00
   15    0.15705E+00
   16    0.14288E+00
   17    0.13137E+00
   18    0.12191E+00
   19    0.11401E+00
   20    0.10734E+00
   21    0.10160E+00
   22    0.96598E-01
   23    0.92150E-01
   24    0.87983E-01
   25    0.83919E-01
   26    0.80300E-01
   27    0.77046E-01
   28    0.74131E-01
   29    0.71408E-01
   30    0.68790E-01
   31    0.66353E-01
   32    0.64133E-01
   33    0.62016E-01
   34    0.60010E-01
   35    0.58158E-01
   36    0.56409E-01
   37    0.54742E-01
   38    0.53189E-01
   39    0.51719E-01
   40    0.50319E-01
   41    0.49004E-01
   42    0.47753E-01
   43    0.46564E-01
   44    0.45438E-01
   45    0.44365E-01
   46    0.43343E-01
   47    0.42370E-01
   48    0.41440E-01
   49    0.40552E-01
   50    0.39703E-01
   51    0.38890E-01
   52    0.38110E-01
   53    0.37362E-01
   54    0.36644E-01
   55    0.35954E-01
   56    0.35290E-01
   57    0.34650E-01
   58    0.34034E-01
   59    0.33439E-01
   60    0.32864E-01
   61    0.32309E-01
   62    0.31772E-01
   63    0.31253E-01
   64    0.30749E-01
   65    0.30261E-01
   66    0.29788E-01
   67    0.29328E-01
   68    0.28882E-01
   69    0.28448E-01
   70    0.28027E-01
   71    0.27616E-01
   72    0.27217E-01
   73    0.26827E-01
   74    0.26448E-01
   75    0.26078E-01
   76    0.25717E-01
   77    0.25365E-01
   78    0.25021E-01
   79    0.24685E-01
   80    0.24357E-01
   81    0.24036E-01
   82    0.23722E-01
   83    0.23415E-01
   84    0.23115E-01
   85    0.22820E-01
   86    0.22532E-01
   87    0.22250E-01
   88    0.21974E-01
   89    0.21703E-01
   90    0.21437E-01
   91    0.21177E-01
   92    0.20921E-01
   93    0.20671E-01
   94    0.20425E-01
   95    0.20183E-01
   96    0.19946E-01
   97    0.19714E-01
   98    0.19485E-01
   99    0.19261E-01
  100    0.19040E-01
  101    0.18824E-01
  102    0.18611E-01
  103    0.18401E-01
  104    0.18196E-01
  105    0.17993E-01
  106    0.17794E-01
  107    0.17598E-01
  108    0.17406E-01
  109    0.17217E-01
  110    0.17030E-01
  111    0.16847E-01
  112    0.16666E-01
  113    0.16489E-01
  114    0.16314E-01
  115    0.16141E-01
  116    0.15972E-01
  117    0.15805E-01
  118    0.15640E-01
  119    0.15478E-01
  120    0.15319E-01
  121    0.15161E-01
  122    0.15006E-01
  123    0.14854E-01
  124    0.14703E-01
  125    0.14555E-01
  126    0.14409E-01
  127    0.14265E-01
  128    0.14123E-01
  129    0.13983E-01
  130    0.13844E-01
  131    0.13708E-01
  132    0.13574E-01
  133    0.13442E-01
  134    0.13311E-01
  135    0.13182E-01
  136    0.13055E-01
  137    0.12929E-01
  138    0.12806E-01
  139    0.12683E-01
  140    0.12563E-01
  141    0.12444E-01
  142    0.12327E-01
  143    0.12211E-01
  144    0.12096E-01
  145    0.11984E-01
  146    0.11872E-01
  147    0.11762E-01
  148    0.11653E-01
  149    0.11546E-01
  150    0.11440E-01
  151    0.11336E-01
  152    0.11232E-01
  153    0.11130E-01
  154    0.11030E-01
  155    0.10930E-01
  156    0.10832E-01
  157    0.10735E-01
  158    0.10639E-01
  159    0.10544E-01
  160    0.10450E-01
  161    0.10358E-01
  162    0.10266E-01
  163    0.10176E-01
  164    0.10086E-01
  165    0.99982E-02
  166    0.99110E-02
  167    0.98247E-02
  168    0.97395E-02
  169    0.96552E-02
  170    0.95720E-02
  171    0.94896E-02
  172    0.94082E-02
  173    0.93277E-02
  174    0.92481E-02
  175    0.91694E-02
  176    0.90916E-02
  177    0.90147E-02
  178    0.89386E-02
  179    0.88633E-02
  180    0.87889E-02
  181    0.87153E-02
  182    0.86425E-02
  183    0.85705E-02
  184    0.84992E-02
  185    0.84287E-02
  186    0.83590E-02
  187    0.82901E-02
  188    0.82218E-02
  189    0.81543E-02
  190    0.80875E-02
  191    0.80214E-02
  192    0.79560E-02
  193    0.78913E-02
  194    0.78272E-02
  195    0.77638E-02
  196    0.77011E-02
  197    0.76390E-02
  198    0.75776E-02
  199    0.75168E-02
  200    0.74566E-02
  201    0.73970E-02
  202    0.73380E-02
  203    0.72796E-02
  204    0.72218E-02
  205    0.71646E-02
  206    0.71079E-02
  207    0.70519E-02
  208    0.69963E-02
  209    0.69413E-02
  210    0.68869E-02
  211    0.68330E-02
  212    0.67796E-02
  213    0.67267E-02
  214    0.66744E-02
  215    0.66226E-02
  216    0.65712E-02
  217    0.65204E-02
  218    0.64700E-02
  219    0.64201E-02
  220    0.63707E-02
  221    0.63218E-02
  222    0.62733E-02
  223    0.62253E-02
  224    0.61777E-02
  225    0.61306E-02
  226    0.60839E-02
  227    0.60377E-02
  228    0.59919E-02
  229    0.59465E-02
  230    0.59015E-02
  231    0.58570E-02
  232    0.58128E-02
  233    0.57691E-02
  234    0.57258E-02
  235    0.56828E-02
  236    0.56402E-02
  237    0.55981E-02
  238    0.55563E-02
  239    0.55149E-02
  240    0.54738E-02
  241    0.54331E-02
  242    0.53928E-02
  243    0.53529E-02
  244    0.53132E-02
  245    0.52740E-02
  246    0.52351E-02
  247    0.51965E-02
  248    0.51583E-02
  249    0.51204E-02
  250    0.50828E-02
  251    0.50456E-02
  252    0.50087E-02
  253    0.49721E-02
  254    0.49358E-02
  255    0.48998E-02
  256    0.48642E-02
  257    0.48288E-02
  258    0.47938E-02
  259    0.47590E-02
  260    0.47246E-02
  261    0.46904E-02
  262    0.46565E-02
  263    0.46229E-02
  264    0.45896E-02
  265    0.45566E-02
  266    0.45238E-02
  267    0.44913E-02
  268    0.44591E-02
  269    0.44272E-02
  270    0.43955E-02
  271    0.43641E-02
  272    0.43329E-02
  273    0.43020E-02
  274    0.42714E-02
  275    0.42410E-02
  276    0.42109E-02
  277    0.41810E-02
  278    0.41513E-02
  279    0.41219E-02
  280    0.40927E-02
  281    0.40638E-02
  282    0.40350E-02
  283    0.40066E-02
  284    0.39783E-02
  285    0.39503E-02
  286    0.39225E-02
  287    0.38949E-02
  288    0.38676E-02
  289    0.38404E-02
  290    0.38135E-02
  291    0.37868E-02
  292    0.37603E-02
  293    0.37340E-02
  294    0.37079E-02
  295    0.36820E-02
  296    0.36563E-02
  297    0.36308E-02
  298    0.36056E-02
  299    0.35805E-02
  300    0.35556E-02
  301    0.35309E-02
  302    0.35064E-02
  303    0.34821E-02
  304    0.34580E-02
  305    0.34340E-02
  306    0.34103E-02
  307    0.33867E-02
  308    0.33633E-02
  309    0.33401E-02
  310    0.33170E-02
  311    0.32942E-02
  312    0.32715E-02
  313    0.32490E-02
  314    0.32266E-02
  315    0.32044E-02
  316    0.31824E-02
  317    0.31606E-02
  318    0.31389E-02
  319    0.31174E-02
  320    0.30960E-02
  321    0.30749E-02
  322    0.30538E-02
  323    0.30329E-02
  324    0.30122E-02
  325    0.29916E-02
  326    0.29712E-02
  327    0.29510E-02
  328    0.29309E-02
  329    0.29109E-02
  330    0.28911E-02
  331    0.28714E-02
  332    0.28519E-02
  333    0.28325E-02
  334    0.28133E-02
  335    0.27942E-02
  336    0.27752E-02
  337    0.27564E-02
  338    0.27377E-02
  339    0.27192E-02
  340    0.27007E-02
  341    0.26825E-02
  342    0.26643E-02
  343    0.26463E-02
  344    0.26284E-02
  345    0.26107E-02
  346    0.25931E-02
  347    0.25756E-02
  348    0.25582E-02
  349    0.25409E-02
  350    0.25238E-02
  351    0.25068E-02
  352    0.24900E-02
  353    0.24732E-02
  354    0.24566E-02
  355    0.24400E-02
  356    0.24237E-02
  357    0.24074E-02
  358    0.23912E-02
  359    0.23752E-02
  360    0.23592E-02
  361    0.23434E-02
  362    0.23277E-02
  363    0.23121E-02
  364    0.22966E-02
  365    0.22812E-02
  366    0.22660E-02
  367    0.22508E-02
  368    0.22358E-02
  369    0.22208E-02
  370    0.22060E-02
  371    0.21912E-02
  372    0.21766E-02
  373    0.21621E-02
  374    0.21476E-02
  375    0.21333E-02
  376    0.21191E-02
  377    0.21049E-02
  378    0.20909E-02
  379    0.20770E-02
  380    0.20632E-02
  381    0.20494E-02
  382    0.20358E-02
  383    0.20222E-02
  384    0.20088E-02
  385    0.19954E-02
  386    0.19821E-02
  387    0.19690E-02
  388    0.19559E-02
  389    0.19429E-02
  390    0.19300E-02
  391    0.19172E-02
  392    0.19045E-02
  393    0.18918E-02
  394    0.18793E-02
  395    0.18668E-02
  396    0.18544E-02
  397    0.18421E-02
  398    0.18299E-02
  399    0.18178E-02
  400    0.18058E-02
  401    0.17938E-02
  402    0.17819E-02
  403    0.17701E-02
  404    0.17584E-02
  405    0.17468E-02
  406    0.17352E-02
  407    0.17238E-02
  408    0.17124E-02
  409    0.17011E-02
  410    0.16898E-02
  411    0.16787E-02
  412    0.16676E-02
  413    0.16566E-02
  414    0.16456E-02
  415    0.16348E-02
  416    0.16240E-02
  417    0.16133E-02
  418    0.16026E-02
  419    0.15920E-02
  420    0.15815E-02
  421    0.15711E-02
  422    0.15608E-02
  423    0.15505E-02
  424    0.15403E-02
  425    0.15301E-02
  426    0.15200E-02
  427    0.15100E-02
  428    0.15001E-02
  429    0.14902E-02
  430    0.14804E-02
  431    0.14706E-02
  432    0.14610E-02
  433    0.14514E-02
  434    0.14418E-02
  435    0.14323E-02
  436    0.14229E-02
  437    0.14135E-02
  438    0.14043E-02
  439    0.13950E-02
  440    0.13859E-02
  441    0.13767E-02
  442    0.13677E-02
  443    0.13587E-02
  444    0.13498E-02
  445    0.13409E-02
  446    0.13321E-02
  447    0.13234E-02
  448    0.13147E-02
  449    0.13061E-02
  450    0.12975E-02
  451    0.12890E-02
  452    0.12805E-02
  453    0.12721E-02
  454    0.12638E-02
  455    0.12555E-02
  456    0.12473E-02
  457    0.12391E-02
  458    0.12309E-02
  459    0.12229E-02
  460    0.12149E-02
  461    0.12069E-02
  462    0.11990E-02
  463    0.11911E-02
  464    0.11833E-02
  465    0.11756E-02
  466    0.11679E-02
  467    0.11602E-02
  468    0.11526E-02
  469    0.11451E-02
  470    0.11376E-02
  471    0.11301E-02
  472    0.11227E-02
  473    0.11154E-02
  474    0.11081E-02
  475    0.11008E-02
  476    0.10936E-02
  477    0.10865E-02
  478    0.10794E-02
  479    0.10723E-02
  480    0.10653E-02
  481    0.10583E-02
  482    0.10514E-02
  483    0.10445E-02
  484    0.10377E-02
  485    0.10309E-02
  486    0.10242E-02
  487    0.10175E-02
  488    0.10108E-02
  489    0.10042E-02
  490    0.99764E-03
  491    0.99112E-03
  492    0.98465E-03
  493    0.97821E-03
  494    0.97182E-03
  495    0.96547E-03
  496    0.95916E-03
  497    0.95290E-03
  498    0.94667E-03
  499    0.94049E-03
  500    0.93434E-03
  501    0.92824E-03
  502    0.92218E-03
  503    0.91616E-03
  504    0.91018E-03
  505    0.90423E-03
  506    0.89833E-03
  507    0.89246E-03
  508    0.88664E-03
  509    0.88085E-03
  510    0.87510E-03
  511    0.86939E-03
  512    0.86371E-03
  513    0.85808E-03
  514    0.85248E-03
  515    0.84691E-03
  516    0.84139E-03
  517    0.83590E-03
  518    0.83044E-03
  519    0.82503E-03
  520    0.81964E-03
  521    0.81430E-03
  522    0.80898E-03
  523    0.80371E-03
  524    0.79847E-03
  525    0.79326E-03
  526    0.78808E-03
  527    0.78295E-03
  528    0.77784E-03
  529    0.77277E-03
  530    0.76773E-03
  531    0.76272E-03
  532    0.75775E-03
  533    0.75281E-03
  534    0.74790E-03
  535    0.74303E-03
  536    0.73818E-03
  537    0.73337E-03
  538    0.72859E-03
  539    0.72384E-03
  540    0.71912E-03
  541    0.71444E-03
  542    0.70978E-03
  543    0.70515E-03
  544    0.70056E-03
  545    0.69599E-03
  546    0.69146E-03
  547    0.68695E-03
  548    0.68248E-03
  549    0.67803E-03
  550    0.67361E-03
  551    0.66922E-03
  552    0.66486E-03
  553    0.66053E-03
  554    0.65623E-03
  555    0.65195E-03
  556    0.64771E-03
  557    0.64349E-03
  558    0.63930E-03
  559    0.63513E-03
  560    0.63099E-03
  561    0.62689E-03
  562    0.62280E-03
  563    0.61875E-03
  564    0.61472E-03
  565    0.61071E-03
  566    0.60674E-03
  567    0.60279E-03
  568    0.59886E-03
  569    0.59496E-03
  570    0.59109E-03
  571    0.58724E-03
  572    0.58341E-03
  573    0.57962E-03
  574    0.57584E-03
  575    0.57209E-03
  576    0.56837E-03
  577    0.56467E-03
  578    0.56099E-03
  579    0.55734E-03
  580    0.55371E-03
  581    0.55011E-03
  582    0.54653E-03
  583    0.54297E-03
  584    0.53943E-03
  585    0.53592E-03
  586    0.53244E-03
  587    0.52897E-03
  588    0.52553E-03
  589    0.52211E-03
  590    0.51871E-03
  591    0.51533E-03
  592    0.51198E-03
  593    0.50865E-03
  594    0.50534E-03
  595    0.50205E-03
  596    0.49878E-03
  597    0.49554E-03
  598    0.49231E-03
  599    0.48911E-03
  600    0.48592E-03
  601    0.48276E-03
  602    0.47962E-03
  603    0.47650E-03
  604    0.47340E-03
  605    0.47032E-03
  606    0.46726E-03
  607    0.46422E-03
  608    0.46120E-03
  609    0.45820E-03
  610    0.45522E-03
  611    0.45226E-03
  612    0.44931E-03
  613    0.44639E-03
  614    0.44349E-03
  615    0.44060E-03
  616    0.43774E-03
  617    0.43489E-03
  618    0.43206E-03
  619    0.42925E-03
  620    0.42646E-03
  621    0.42368E-03
  622    0.42093E-03
  623    0.41819E-03
  624    0.41547E-03
  625    0.41277E-03
  626    0.41008E-03
  627    0.40741E-03
  628    0.40476E-03
  629    0.40213E-03
  630    0.39952E-03
  631    0.39692E-03
  632    0.39434E-03
  633    0.39177E-03
  634    0.38922E-03
  635    0.38669E-03
  636    0.38418E-03
  637    0.38168E-03
  638    0.37920E-03
  639    0.37673E-03
  640    0.37428E-03
  641    0.37185E-03
  642    0.36943E-03
  643    0.36702E-03
  644    0.36464E-03
  645    0.36227E-03
  646    0.35991E-03
  647    0.35757E-03
  648    0.35525E-03
  649    0.35294E-03
  650    0.35064E-03
  651    0.34836E-03
  652    0.34609E-03
  653    0.34384E-03
  654    0.34161E-03
  655    0.33939E-03
  656    0.33718E-03
  657    0.33499E-03
  658    0.33281E-03
  659    0.33065E-03
  660    0.32850E-03
  661    0.32636E-03
  662    0.32424E-03
  663    0.32213E-03
  664    0.32003E-03
  665    0.31795E-03
  666    0.31589E-03
  667    0.31383E-03
  668    0.31179E-03
  669    0.30977E-03
  670    0.30775E-03
  671    0.30575E-03
  672    0.30376E-03
  673    0.30179E-03
  674    0.29983E-03
  675    0.29788E-03
  676    0.29594E-03
  677    0.29402E-03
  678    0.29210E-03
  679    0.29020E-03
  680    0.28832E-03
  681    0.28644E-03
  682    0.28458E-03
  683    0.28273E-03
  684    0.28089E-03
  685    0.27907E-03
  686    0.27725E-03
  687    0.27545E-03
  688    0.27366E-03
  689    0.27188E-03
  690    0.27011E-03
  691    0.26836E-03
  692    0.26661E-03
  693    0.26488E-03
  694    0.26316E-03
  695    0.26145E-03
  696    0.25975E-03
  697    0.25806E-03
  698    0.25638E-03
  699    0.25471E-03
  700    0.25306E-03
  701    0.25141E-03
  702    0.24978E-03
  703    0.24816E-03
  704    0.24654E-03
  705    0.24494E-03
  706    0.24335E-03
  707    0.24177E-03
  708    0.24019E-03
  709    0.23863E-03
  710    0.23708E-03
  711    0.23554E-03
  712    0.23401E-03
  713    0.23249E-03
  714    0.23098E-03
  715    0.22948E-03
  716    0.22798E-03
  717    0.22650E-03
  718    0.22503E-03
  719    0.22357E-03
  720    0.22211E-03
  721    0.22067E-03
  722    0.21924E-03
  723    0.21781E-03
  724    0.21640E-03
  725    0.21499E-03
  726    0.21359E-03
  727    0.21220E-03
  728    0.21082E-03
  729    0.20945E-03
  730    0.20809E-03
  731    0.20674E-03
  732    0.20540E-03
  733    0.20406E-03
  734    0.20273E-03
  735    0.20142E-03
  736    0.20011E-03
  737    0.19881E-03
  738    0.19752E-03
  739    0.19623E-03
  740    0.19496E-03
  741    0.19369E-03
  742    0.19243E-03
  743    0.19118E-03
  744    0.18994E-03
  745    0.18870E-03
  746    0.18748E-03
  747    0.18626E-03
  748    0.18505E-03
  749    0.18384E-03
  750    0.18265E-03
  751    0.18146E-03
  752    0.18028E-03
  753    0.17911E-03
  754    0.17795E-03
  755    0.17679E-03
  756    0.17564E-03
  757    0.17450E-03
  758    0.17337E-03
  759    0.17224E-03
  760    0.17112E-03
  761    0.17001E-03
  762    0.16890E-03
  763    0.16780E-03
  764    0.16671E-03
  765    0.16563E-03
  766    0.16455E-03
  767    0.16348E-03
  768    0.16242E-03
  769    0.16137E-03
  770    0.16032E-03
  771    0.15928E-03
  772    0.15824E-03
  773    0.15721E-03
  774    0.15619E-03
  775    0.15518E-03
  776    0.15417E-03
  777    0.15317E-03
  778    0.15217E-03
  779    0.15118E-03
  780    0.15020E-03
  781    0.14922E-03
  782    0.14825E-03
  783    0.14729E-03
  784    0.14633E-03
  785    0.14538E-03
  786    0.14444E-03
  787    0.14350E-03
  788    0.14256E-03
  789    0.14164E-03
  790    0.14072E-03
  791    0.13980E-03
  792    0.13889E-03
  793    0.13799E-03
  794    0.13709E-03
  795    0.13620E-03
  796    0.13532E-03
  797    0.13444E-03
  798    0.13357E-03
  799    0.13270E-03
  800    0.13184E-03
  801    0.13098E-03
  802    0.13013E-03
  803    0.12928E-03
  804    0.12844E-03
  805    0.12761E-03
  806    0.12678E-03
  807    0.12595E-03
  808    0.12513E-03
  809    0.12432E-03
  810    0.12351E-03
  811    0.12271E-03
  812    0.12191E-03
  813    0.12112E-03
  814    0.12033E-03
  815    0.11955E-03
  816    0.11878E-03
  817    0.11800E-03
  818    0.11724E-03
  819    0.11647E-03
  820    0.11572E-03
  821    0.11497E-03
  822    0.11422E-03
  823    0.11348E-03
  824    0.11274E-03
  825    0.11201E-03
  826    0.11128E-03
  827    0.11056E-03
  828    0.10984E-03
  829    0.10912E-03
  830    0.10841E-03
  831    0.10771E-03
  832    0.10701E-03
  833    0.10631E-03
  834    0.10562E-03
  835    0.10494E-03
  836    0.10425E-03
  837    0.10358E-03
  838    0.10290E-03
  839    0.10224E-03
  840    0.10157E-03
  841    0.10091E-03
  842    0.10026E-03
  843    0.99604E-04
  844    0.98956E-04
  845    0.98313E-04
  846    0.97674E-04
  847    0.97040E-04
  848    0.96409E-04
  849    0.95782E-04
  850    0.95160E-04
  851    0.94542E-04
  852    0.93927E-04
  853    0.93317E-04
  854    0.92710E-04
  855    0.92108E-04
  856    0.91509E-04
  857    0.90915E-04
  858    0.90324E-04
  859    0.89737E-04
  860    0.89154E-04
  861    0.88574E-04
  862    0.87999E-04
  863    0.87427E-04
  864    0.86859E-04
  865    0.86294E-04
  866    0.85734E-04
  867    0.85176E-04
  868    0.84623E-04
  869    0.84073E-04
  870    0.83527E-04
  871    0.82984E-04
  872    0.82445E-04
  873    0.81909E-04
  874    0.81377E-04
  875    0.80848E-04
  876    0.80322E-04
  877    0.79800E-04
  878    0.79282E-04
  879    0.78767E-04
  880    0.78255E-04
  881    0.77746E-04
  882    0.77241E-04
  883    0.76739E-04
  884    0.76240E-04
  885    0.75745E-04
  886    0.75253E-04
  887    0.74764E-04
  888    0.74278E-04
  889    0.73795E-04
  890    0.73316E-04
  891    0.72839E-04
  892    0.72366E-04
  893    0.71896E-04
  894    0.71428E-04
  895    0.70964E-04
  896    0.70503E-04
  897    0.70045E-04
  898    0.69590E-04
  899    0.69138E-04
  900    0.68688E-04
  901    0.68242E-04
  902    0.67798E-04
  903    0.67358E-04
  904    0.66920E-04
  905    0.66485E-04
  906    0.66053E-04
  907    0.65624E-04
  908    0.65198E-04
  909    0.64774E-04
  910    0.64353E-04
  911    0.63935E-04
  912    0.63519E-04
  913    0.63106E-04
  914    0.62696E-04
  915    0.62289E-04
  916    0.61884E-04
  917    0.61482E-04
  918    0.61083E-04
  919    0.60686E-04
  920    0.60291E-04
  921    0.59899E-04
  922    0.59510E-04
  923    0.59123E-04
  924    0.58739E-04
  925    0.58358E-04
  926    0.57978E-04
  927    0.57602E-04
  928    0.57227E-04
  929    0.56855E-04
  930    0.56486E-04
  931    0.56119E-04
  932    0.55754E-04
  933    0.55392E-04
  934    0.55032E-04
  935    0.54674E-04
  936    0.54319E-04
  937    0.53966E-04
  938    0.53615E-04
  939    0.53267E-04
  940    0.52921E-04
  941    0.52577E-04
  942    0.52235E-04
  943    0.51896E-04
  944    0.51559E-04
  945    0.51224E-04
  946    0.50891E-04
  947    0.50560E-04
  948    0.50231E-04
  949    0.49905E-04
  950    0.49581E-04
  951    0.49258E-04
  952    0.48938E-04
  953    0.48620E-04
  954    0.48304E-04
  955    0.47991E-04
  956    0.47679E-04
  957    0.47369E-04
  958    0.47061E-04
  959    0.46755E-04
  960    0.46451E-04
  961    0.46150E-04
  962    0.45850E-04
  963    0.45552E-04
  964    0.45256E-04
  965    0.44962E-04
  966    0.44669E-04
  967    0.44379E-04
  968    0.44091E-04
  969    0.43804E-04
  970    0.43520E-04
  971    0.43237E-04
  972    0.42956E-04
  973    0.42677E-04
  974    0.42399E-04
  975    0.42124E-04
  976    0.41850E-04
  977    0.41578E-04
  978    0.41308E-04
  979    0.41040E-04
  980    0.40773E-04
  981    0.40508E-04
  982    0.40245E-04
  983    0.39983E-04
  984    0.39723E-04
  985    0.39465E-04
  986    0.39209E-04
  987    0.38954E-04
  988    0.38701E-04
  989    0.38449E-04
  990    0.38199E-04
  991    0.37951E-04
  992    0.37705E-04
  993    0.37460E-04
  994    0.37216E-04
  995    0.36974E-04
  996    0.36734E-04
  997    0.36495E-04
  998    0.36258E-04
  999    0.36023E-04
 1000    0.35789E-04
 1001    0.35556E-04
 1002    0.35325E-04
 1003    0.35095E-04
 1004    0.34867E-04
 1005    0.34641E-04
 1006    0.34416E-04
 1007    0.34192E-04
 1008    0.33970E-04
 1009    0.33749E-04
 1010    0.33530E-04
 1011    0.33312E-04
 1012    0.33095E-04
 1013    0.32880E-04
 1014    0.32667E-04
 1015    0.32454E-04
 1016    0.32243E-04
 1017    0.32034E-04
 1018    0.31826E-04
 1019    0.31619E-04
 1020    0.31414E-04
 1021    0.31209E-04
 1022    0.31007E-04
 1023    0.30805E-04
 1024    0.30605E-04
 1025    0.30406E-04
 1026    0.30208E-04
 1027    0.30012E-04
 1028    0.29817E-04
 1029    0.29623E-04
 1030    0.29431E-04
 1031    0.29240E-04
 1032    0.29050E-04
 1033    0.28861E-04
 1034    0.28673E-04
 1035    0.28487E-04
 1036    0.28302E-04
 1037    0.28118E-04
 1038    0.27935E-04
 1039    0.27754E-04
 1040    0.27573E-04
 1041    0.27394E-04
 1042    0.27216E-04
 1043    0.27039E-04
 1044    0.26864E-04
 1045    0.26689E-04
 1046    0.26516E-04
 1047    0.26343E-04
 1048    0.26172E-04
 1049    0.26002E-04
 1050    0.25833E-04
 1051    0.25665E-04
 1052    0.25498E-04
 1053    0.25333E-04
 1054    0.25168E-04
 1055    0.25005E-04
 1056    0.24842E-04
 1057    0.24681E-04
 1058    0.24520E-04
 1059    0.24361E-04
 1060    0.24203E-04
 1061    0.24045E-04
 1062    0.23889E-04
 1063    0.23734E-04
 1064    0.23580E-04
 1065    0.23426E-04
 1066    0.23274E-04
 1067    0.23123E-04
 1068    0.22973E-04
 1069    0.22823E-04
 1070    0.22675E-04
 1071    0.22528E-04
 1072    0.22381E-04
 1073    0.22236E-04
 1074    0.22091E-04
 1075    0.21948E-04
 1076    0.21805E-04
 1077    0.21664E-04
 1078    0.21523E-04
 1079    0.21383E-04
 1080    0.21244E-04
 1081    0.21106E-04
 1082    0.20969E-04
 1083    0.20832E-04
 1084    0.20697E-04
 1085    0.20563E-04
 1086    0.20429E-04
 1087    0.20296E-04
 1088    0.20164E-04
 1089    0.20033E-04
 1090    0.19903E-04
 1091    0.19774E-04
 1092    0.19645E-04
 1093    0.19518E-04
 1094    0.19391E-04
 1095    0.19265E-04
 1096    0.19140E-04
 1097    0.19015E-04
 1098    0.18892E-04
 1099    0.18769E-04
 1100    0.18647E-04
 1101    0.18526E-04
 1102    0.18405E-04
 1103    0.18286E-04
 1104    0.18167E-04
 1105    0.18049E-04
 1106    0.17932E-04
 1107    0.17815E-04
 1108    0.17699E-04
 1109    0.17584E-04
 1110    0.17470E-04
 1111    0.17357E-04
 1112    0.17244E-04
 1113    0.17132E-04
 1114    0.17020E-04
 1115    0.16910E-04
 1116    0.16800E-04
 1117    0.16691E-04
 1118    0.16582E-04
 1119    0.16475E-04
 1120    0.16367E-04
 1121    0.16261E-04
 1122    0.16155E-04
 1123    0.16050E-04
 1124    0.15946E-04
 1125    0.15843E-04
 1126    0.15740E-04
 1127    0.15637E-04
 1128    0.15536E-04
 1129    0.15435E-04
 1130    0.15334E-04
 1131    0.15235E-04
 1132    0.15136E-04
 1133    0.15037E-04
 1134    0.14940E-04
 1135    0.14843E-04
 1136    0.14746E-04
 1137    0.14650E-04
 1138    0.14555E-04
 1139    0.14461E-04
 1140    0.14367E-04
 1141    0.14273E-04
 1142    0.14181E-04
 1143    0.14088E-04
 1144    0.13997E-04
 1145    0.13906E-04
 1146    0.13815E-04
 1147    0.13726E-04
 1148    0.13637E-04
 1149    0.13548E-04
 1150    0.13460E-04
 1151    0.13372E-04
 1152    0.13286E-04
 1153    0.13199E-04
 1154    0.13113E-04
 1155    0.13028E-04
 1156    0.12944E-04
 1157    0.12859E-04
 1158    0.12776E-04
 1159    0.12693E-04
 1160    0.12610E-04
 1161    0.12528E-04
 1162    0.12447E-04
 1163    0.12366E-04
 1164    0.12286E-04
 1165    0.12206E-04
 1166    0.12127E-04
 1167    0.12048E-04
 1168    0.11970E-04
 1169    0.11892E-04
 1170    0.11814E-04
 1171    0.11738E-04
 1172    0.11661E-04
 1173    0.11586E-04
 1174    0.11510E-04
 1175    0.11436E-04
 1176    0.11361E-04
 1177    0.11287E-04
 1178    0.11214E-04
 1179    0.11141E-04
 1180    0.11069E-04
 1181    0.10997E-04
 1182    0.10925E-04
 1183    0.10854E-04
 1184    0.10784E-04
 1185    0.10714E-04
 1186    0.10644E-04
 1187    0.10575E-04
 1188    0.10506E-04
 1189    0.10438E-04
 1190    0.10370E-04
 1191    0.10303E-04
 1192    0.10236E-04
 1193    0.10169E-04
 1194    0.10103E-04
 1195    0.10038E-04
 1196    0.99724E-05
 1197    0.99076E-05
 1198    0.98432E-05
 1199    0.97792E-05
 1200    0.97157E-05
 1201    0.96526E-05
 1202    0.95898E-05
 1203    0.95275E-05
 1204    0.94656E-05
 1205    0.94041E-05
 1206    0.93430E-05
 1207    0.92823E-05
 1208    0.92220E-05
 1209    0.91620E-05
 1210    0.91025E-05
 1211    0.90433E-05
 1212    0.89846E-05
 1213    0.89262E-05
 1214    0.88682E-05
 1215    0.88106E-05
 1216    0.87533E-05
 1217    0.86964E-05
 1218    0.86399E-05
 1219    0.85838E-05
 1220    0.85280E-05
 1221    0.84726E-05
 1222    0.84175E-05
 1223    0.83628E-05
 1224    0.83085E-05
 1225    0.82545E-05
 1226    0.82008E-05
 1227    0.81476E-05
 1228    0.80946E-05
 1229    0.80420E-05
 1230    0.79898E-05
 1231    0.79378E-05
 1232    0.78863E-05
 1233    0.78350E-05
 1234    0.77841E-05
 1235    0.77335E-05
 1236    0.76833E-05
 1237    0.76333E-05
 1238    0.75837E-05
 1239    0.75344E-05
 1240    0.74855E-05
 1241    0.74368E-05
 1242    0.73885E-05
 1243    0.73405E-05
 1244    0.72928E-05
 1245    0.72454E-05
 1246    0.71983E-05
 1247    0.71516E-05
 1248    0.71051E-05
 1249    0.70589E-05
 1250    0.70130E-05
 1251    0.69675E-05
 1252    0.69222E-05
 1253    0.68772E-05
 1254    0.68325E-05
 1255    0.67881E-05
 1256    0.67440E-05
 1257    0.67002E-05
 1258    0.66566E-05
 1259    0.66134E-05
 1260    0.65704E-05
 1261    0.65277E-05
 1262    0.64853E-05
 1263    0.64432E-05
 1264    0.64013E-05
 1265    0.63597E-05
 1266    0.63184E-05
 1267    0.62773E-05
 1268    0.62365E-05
 1269    0.61960E-05
 1270    0.61557E-05
 1271    0.61157E-05
 1272    0.60760E-05
 1273    0.60365E-05
 1274    0.59973E-05
 1275    0.59583E-05
 1276    0.59196E-05
 1277    0.58811E-05
 1278    0.58429E-05
 1279    0.58049E-05
 1280    0.57672E-05
 1281    0.57297E-05
 1282    0.56925E-05
 1283    0.56555E-05
 1284    0.56188E-05
 1285    0.55822E-05
 1286    0.55460E-05
 1287    0.55099E-05
 1288    0.54741E-05
 1289    0.54386E-05
 1290    0.54032E-05
 1291    0.53681E-05
 1292    0.53332E-05
 1293    0.52986E-05
 1294    0.52641E-05
 1295    0.52299E-05
 1296    0.51959E-05
 1297    0.51622E-05
 1298    0.51286E-05
 1299    0.50953E-05
 1300    0.50622E-05
 1301    0.50293E-05
 1302    0.49966E-05
 1303    0.49642E-05
 1304    0.49319E-05
 1305    0.48998E-05
 1306    0.48680E-05
 1307    0.48364E-05
 1308    0.48049E-05
 1309    0.47737E-05
 1310    0.47427E-05
 1311    0.47119E-05
 1312    0.46813E-05
 1313    0.46508E-05
 1314    0.46206E-05
 1315    0.45906E-05
 1316    0.45608E-05
 1317    0.45311E-05
 1318    0.45017E-05
 1319    0.44724E-05
 1320    0.44434E-05
 1321    0.44145E-05
 1322    0.43858E-05
 1323    0.43573E-05
 1324    0.43290E-05
 1325    0.43009E-05
 1326    0.42729E-05
 1327    0.42451E-05
 1328    0.42176E-05
 1329    0.41902E-05
 1330    0.41629E-05
 1331    0.41359E-05
 1332    0.41090E-05
 1333    0.40823E-05
 1334    0.40558E-05
 1335    0.40294E-05
 1336    0.40032E-05
 1337    0.39772E-05
 1338    0.39514E-05
 1339    0.39257E-05
 1340    0.39002E-05
 1341    0.38748E-05
 1342    0.38497E-05
 1343    0.38246E-05
 1344    0.37998E-05
 1345    0.37751E-05
 1346    0.37506E-05
 1347    0.37262E-05
 1348    0.37020E-05
 1349    0.36779E-05
 1350    0.36540E-05
 1351    0.36303E-05
 1352    0.36067E-05
 1353    0.35833E-05
 1354    0.35600E-05
 1355    0.35368E-05
 1356    0.35139E-05
 1357    0.34910E-05
 1358    0.34683E-05
 1359    0.34458E-05
 1360    0.34234E-05
 1361    0.34012E-05
 1362    0.33791E-05
 1363    0.33571E-05
 1364    0.33353E-05
 1365    0.33136E-05
 1366    0.32921E-05
 1367    0.32707E-05
 1368    0.32494E-05
 1369    0.32283E-05
 1370    0.32073E-05
 1371    0.31865E-05
 1372    0.31658E-05
 1373    0.31452E-05
 1374    0.31248E-05
 1375    0.31045E-05
 1376    0.30843E-05
 1377    0.30643E-05
 1378    0.30443E-05
 1379    0.30246E-05
 1380    0.30049E-05
 1381    0.29854E-05
 1382    0.29660E-05
 1383    0.29467E-05
 1384    0.29276E-05
 1385    0.29085E-05
 1386    0.28896E-05
 1387    0.28709E-05
 1388    0.28522E-05
 1389    0.28337E-05
 1390    0.28153E-05
 1391    0.27970E-05
 1392    0.27788E-05
 1393    0.27607E-05
 1394    0.27428E-05
 1395    0.27250E-05
 1396    0.27073E-05
 1397    0.26897E-05
 1398    0.26722E-05
 1399    0.26548E-05
 1400    0.26376E-05
 1401    0.26204E-05
 1402    0.26034E-05
 1403    0.25865E-05
 1404    0.25697E-05
 1405    0.25530E-05
 1406    0.25364E-05
 1407    0.25199E-05
 1408    0.25035E-05
 1409    0.24873E-05
 1410    0.24711E-05
 1411    0.24550E-05
 1412    0.24391E-05
 1413    0.24232E-05
 1414    0.24075E-05
 1415    0.23919E-05
 1416    0.23763E-05
 1417    0.23609E-05
 1418    0.23455E-05
 1419    0.23303E-05
 1420    0.23151E-05
 1421    0.23001E-05
 1422    0.22852E-05
 1423    0.22703E-05
 1424    0.22555E-05
 1425    0.22409E-05
 1426    0.22263E-05
 1427    0.22119E-05
 1428    0.21975E-05
 1429    0.21832E-05
 1430    0.21690E-05
 1431    0.21549E-05
 1432    0.21409E-05
 1433    0.21270E-05
 1434    0.21132E-05
 1435    0.20995E-05
 1436    0.20858E-05
 1437    0.20723E-05
 1438    0.20588E-05
 1439    0.20454E-05
 1440    0.20321E-05
 1441    0.20189E-05
 1442    0.20058E-05
 1443    0.19928E-05
 1444    0.19798E-05
 1445    0.19670E-05
 1446    0.19542E-05
 1447    0.19415E-05
 1448    0.19289E-05
 1449    0.19163E-05
 1450    0.19039E-05
 1451    0.18915E-05
 1452    0.18792E-05
 1453    0.18670E-05
 1454    0.18549E-05
 1455    0.18428E-05
 1456    0.18308E-05
 1457    0.18189E-05
 1458    0.18071E-05
 1459    0.17954E-05
 1460    0.17837E-05
 1461    0.17721E-05
 1462    0.17606E-05
 1463    0.17492E-05
 1464    0.17378E-05
 1465    0.17265E-05
 1466    0.17153E-05
 1467    0.17041E-05
 1468    0.16931E-05
 1469    0.16821E-05
 1470    0.16711E-05
 1471    0.16603E-05
 1472    0.16495E-05
 1473    0.16388E-05
 1474    0.16281E-05
 1475    0.16175E-05
 1476    0.16070E-05
 1477    0.15966E-05
 1478    0.15862E-05
 1479    0.15759E-05
 1480    0.15657E-05
 1481    0.15555E-05
 1482    0.15454E-05
 1483    0.15353E-05
 1484    0.15254E-05
 1485    0.15154E-05
 1486    0.15056E-05
 1487    0.14958E-05
 1488    0.14861E-05
 1489    0.14764E-05
 1490    0.14668E-05
 1491    0.14573E-05
 1492    0.14478E-05
 1493    0.14384E-05
 1494    0.14291E-05
 1495    0.14198E-05
 1496    0.14106E-05
 1497    0.14014E-05
 1498    0.13923E-05
 1499    0.13833E-05
 1500    0.13743E-05
 1501    0.13653E-05
 1502    0.13565E-05
 1503    0.13476E-05
 1504    0.13389E-05
 1505    0.13302E-05
 1506    0.13215E-05
 1507    0.13130E-05
 1508    0.13044E-05
 1509    0.12959E-05
 1510    0.12875E-05
 1511    0.12792E-05
 1512    0.12708E-05
 1513    0.12626E-05
 1514    0.12544E-05
 1515    0.12462E-05
 1516    0.12381E-05
 1517    0.12301E-05
 1518    0.12221E-05
 1519    0.12142E-05
 1520    0.12063E-05
 1521    0.11984E-05
 1522    0.11906E-05
 1523    0.11829E-05
 1524    0.11752E-05
 1525    0.11676E-05
 1526    0.11600E-05
 1527    0.11525E-05
 1528    0.11450E-05
 1529    0.11375E-05
 1530    0.11301E-05
 1531    0.11228E-05
 1532    0.11155E-05
 1533    0.11082E-05
 1534    0.11010E-05
 1535    0.10939E-05
 1536    0.10868E-05
 1537    0.10797E-05
 1538    0.10727E-05
 1539    0.10657E-05
 1540    0.10588E-05
 1541    0.10519E-05
 1542    0.10451E-05
 1543    0.10383E-05
 1544    0.10316E-05
 1545    0.10248E-05
 1546    0.10182E-05
 1547    0.10116E-05
 1548    0.10050E-05
 1549    0.99847E-06
 1550    0.99198E-06
 1551    0.98553E-06
 1552    0.97913E-06
 1553    0.97277E-06
 1554    0.96645E-06
 1555    0.96017E-06
 1556    0.95393E-06
 1557    0.94773E-06
 1558    0.94157E-06
 1559    0.93545E-06
 1560    0.92937E-06
 1561    0.92333E-06
 1562    0.91733E-06
 1563    0.91137E-06
 1564    0.90545E-06
 1565    0.89957E-06
 1566    0.89372E-06
 1567    0.88791E-06
 1568    0.88214E-06
 1569    0.87641E-06
 1570    0.87071E-06
 1571    0.86506E-06
 1572    0.85944E-06
 1573    0.85385E-06
 1574    0.84830E-06
 1575    0.84279E-06
 1576    0.83731E-06
 1577    0.83187E-06
 1578    0.82647E-06
 1579    0.82110E-06
 1580    0.81576E-06
 1581    0.81046E-06
 1582    0.80519E-06
 1583    0.79996E-06
 1584    0.79476E-06
 1585    0.78960E-06
 1586    0.78447E-06
 1587    0.77937E-06
 1588    0.77430E-06
 1589    0.76927E-06
 1590    0.76427E-06
 1591    0.75931E-06
 1592    0.75437E-06
 1593    0.74947E-06
 1594    0.74460E-06
 1595    0.73976E-06
 1596    0.73496E-06
 1597    0.73018E-06
 1598    0.72543E-06
 1599    0.72072E-06
 1600    0.71604E-06
 1601    0.71138E-06
 1602    0.70676E-06
 1603    0.70217E-06
 1604    0.69761E-06
 1605    0.69307E-06
 1606    0.68857E-06
 1607    0.68409E-06
 1608    0.67965E-06
 1609    0.67523E-06
 1610    0.67084E-06
 1611    0.66649E-06
 1612    0.66215E-06
 1613    0.65785E-06
 1614    0.65358E-06
 1615    0.64933E-06
 1616    0.64511E-06
 1617    0.64092E-06
 1618    0.63675E-06
 1619    0.63262E-06
 1620    0.62850E-06
 1621    0.62442E-06
 1622    0.62036E-06
 1623    0.61633E-06
 1624    0.61233E-06
 1625    0.60835E-06
 1626    0.60439E-06
 1627    0.60047E-06
 1628    0.59657E-06
 1629    0.59269E-06
 1630    0.58884E-06
 1631    0.58501E-06
 1632    0.58121E-06
 1633    0.57743E-06
 1634    0.57368E-06
 1635    0.56995E-06
 1636    0.56625E-06
 1637    0.56257E-06
 1638    0.55891E-06
 1639    0.55528E-06
 1640    0.55167E-06
 1641    0.54809E-06
 1642    0.54453E-06
 1643    0.54099E-06
 1644    0.53747E-06
 1645    0.53398E-06
 1646    0.53051E-06
 1647    0.52706E-06
 1648    0.52364E-06
 1649    0.52024E-06
 1650    0.51685E-06
 1651    0.51350E-06
 1652    0.51016E-06
 1653    0.50684E-06
 1654    0.50355E-06
 1655    0.50028E-06
 1656    0.49703E-06
 1657    0.49380E-06
 1658    0.49059E-06
 1659    0.48740E-06
 1660    0.48423E-06
 1661    0.48109E-06
 1662    0.47796E-06
 1663    0.47485E-06
 1664    0.47177E-06
 1665    0.46870E-06
 1666    0.46566E-06
 1667    0.46263E-06
 1668    0.45963E-06
 1669    0.45664E-06
 1670    0.45367E-06
 1671    0.45072E-06
 1672    0.44779E-06
 1673    0.44488E-06
 1674    0.44199E-06
 1675    0.43912E-06
 1676    0.43627E-06
 1677    0.43343E-06
 1678    0.43062E-06
 1679    0.42782E-06
 1680    0.42504E-06
 1681    0.42228E-06
 1682    0.41953E-06
 1683    0.41681E-06
 1684    0.41410E-06
 1685    0.41141E-06
 1686    0.40873E-06
 1687    0.40608E-06
 1688    0.40344E-06
 1689    0.40082E-06
 1690    0.39821E-06
 1691    0.39562E-06
 1692    0.39305E-06
 1693    0.39050E-06
 1694    0.38796E-06
 1695    0.38544E-06
 1696    0.38294E-06
 1697    0.38045E-06
 1698    0.37798E-06
 1699    0.37552E-06
 1700    0.37308E-06
 1701    0.37065E-06
 1702    0.36825E-06
 1703    0.36585E-06
 1704    0.36348E-06
 1705    0.36111E-06
 1706    0.35877E-06
 1707    0.35644E-06
 1708    0.35412E-06
 1709    0.35182E-06
 1710    0.34953E-06
 1711    0.34726E-06
 1712    0.34500E-06
 1713    0.34276E-06
 1714    0.34054E-06
 1715    0.33832E-06
 1716    0.33612E-06
 1717    0.33394E-06
 1718    0.33177E-06
 1719    0.32961E-06
 1720    0.32747E-06
 1721    0.32534E-06
 1722    0.32323E-06
 1723    0.32113E-06
 1724    0.31904E-06
 1725    0.31697E-06
 1726    0.31491E-06
 1727    0.31286E-06
 1728    0.31083E-06
 1729    0.30881E-06
 1730    0.30680E-06
 1731    0.30481E-06
 1732    0.30283E-06
 1733    0.30086E-06
 1734    0.29891E-06
 1735    0.29696E-06
 1736    0.29503E-06
 1737    0.29312E-06
 1738    0.29121E-06
 1739    0.28932E-06
 1740    0.28744E-06
 1741    0.28557E-06
 1742    0.28372E-06
 1743    0.28187E-06
 1744    0.28004E-06
 1745    0.27822E-06
 1746    0.27641E-06
 1747    0.27462E-06
 1748    0.27283E-06
 1749    0.27106E-06
 1750    0.26930E-06
 1751    0.26755E-06
 1752    0.26581E-06
 1753    0.26408E-06
 1754    0.26237E-06
 1755    0.26066E-06
 1756    0.25897E-06
 1757    0.25728E-06
 1758    0.25561E-06
 1759    0.25395E-06
 1760    0.25230E-06
 1761    0.25066E-06
 1762    0.24903E-06
 1763    0.24742E-06
 1764    0.24581E-06
 1765    0.24421E-06
 1766    0.24262E-06
 1767    0.24105E-06
 1768    0.23948E-06
 1769    0.23792E-06
 1770    0.23638E-06
 1771    0.23484E-06
 1772    0.23332E-06
 1773    0.23180E-06
 1774    0.23029E-06
 1775    0.22880E-06
 1776    0.22731E-06
 1777    0.22583E-06
 1778    0.22437E-06
 1779    0.22291E-06
 1780    0.22146E-06
 1781    0.22002E-06
 1782    0.21859E-06
 1783    0.21717E-06
 1784    0.21576E-06
 1785    0.21436E-06
 1786    0.21296E-06
 1787    0.21158E-06
 1788    0.21020E-06
 1789    0.20884E-06
 1790    0.20748E-06
 1791    0.20613E-06
 1792    0.20479E-06
 1793    0.20346E-06
 1794    0.20214E-06
 1795    0.20083E-06
 1796    0.19952E-06
 1797    0.19823E-06
 1798    0.19694E-06
 1799    0.19566E-06
 1800    0.19439E-06
 1801    0.19312E-06
 1802    0.19187E-06
 1803    0.19062E-06
 1804    0.18938E-06
 1805    0.18815E-06
 1806    0.18693E-06
 1807    0.18572E-06
 1808    0.18451E-06
 1809    0.18331E-06
 1810    0.18212E-06
 1811    0.18093E-06
 1812    0.17976E-06
 1813    0.17859E-06
 1814    0.17743E-06
 1815    0.17628E-06
 1816    0.17513E-06
 1817    0.17399E-06
 1818    0.17286E-06
 1819    0.17174E-06
 1820    0.17062E-06
 1821    0.16952E-06
 1822    0.16841E-06
 1823    0.16732E-06
 1824    0.16623E-06
 1825    0.16515E-06
 1826    0.16408E-06
 1827    0.16301E-06
 1828    0.16195E-06
 1829    0.16090E-06
 1830    0.15986E-06
 1831    0.15882E-06
 1832    0.15778E-06
 1833    0.15676E-06
 1834    0.15574E-06
 1835    0.15473E-06
 1836    0.15372E-06
 1837    0.15272E-06
 1838    0.15173E-06
 1839    0.15075E-06
 1840    0.14977E-06
 1841    0.14879E-06
 1842    0.14783E-06
 1843    0.14687E-06
 1844    0.14591E-06
 1845    0.14496E-06
 1846    0.14402E-06
 1847    0.14308E-06
 1848    0.14215E-06
 1849    0.14123E-06
 1850    0.14031E-06
 1851    0.13940E-06
 1852    0.13850E-06
 1853    0.13760E-06
 1854    0.13670E-06
 1855    0.13581E-06
 1856    0.13493E-06
 1857    0.13405E-06
 1858    0.13318E-06
 1859    0.13232E-06
 1860    0.13146E-06
 1861    0.13060E-06
 1862    0.12975E-06
 1863    0.12891E-06
 1864    0.12807E-06
 1865    0.12724E-06
 1866    0.12641E-06
 1867    0.12559E-06
 1868    0.12478E-06
 1869    0.12397E-06
 1870    0.12316E-06
 1871    0.12236E-06
 1872    0.12157E-06
 1873    0.12078E-06
 1874    0.11999E-06
 1875    0.11921E-06
 1876    0.11844E-06
 1877    0.11767E-06
 1878    0.11690E-06
 1879    0.11614E-06
 1880    0.11539E-06
 1881    0.11464E-06
 1882    0.11389E-06
 1883    0.11315E-06
 1884    0.11242E-06
 1885    0.11169E-06
 1886    0.11096E-06
 1887    0.11024E-06
 1888    0.10952E-06
 1889    0.10881E-06
 1890    0.10810E-06
 1891    0.10740E-06
 1892    0.10670E-06
 1893    0.10601E-06
 1894    0.10532E-06
 1895    0.10464E-06
 1896    0.10396E-06
 1897    0.10328E-06
 1898    0.10261E-06
 1899    0.10194E-06
 1900    0.10128E-06
 1901    0.10062E-06
 1902    0.99970E-07
 1903    0.99320E-07
 1904    0.98675E-07
 1905    0.98034E-07
 1906    0.97397E-07
 1907    0.96764E-07
 1908    0.96135E-07
 1909    0.95510E-07
 1910    0.94890E-07
 1911    0.94273E-07
 1912    0.93660E-07
 1913    0.93052E-07
 1914    0.92447E-07
 1915    0.91846E-07
 1916    0.91250E-07
 1917    0.90657E-07
 1918    0.90067E-07
 1919    0.89482E-07
 1920    0.88901E-07
 1921    0.88323E-07
 1922    0.87749E-07
 1923    0.87179E-07
 1924    0.86612E-07
 1925    0.86050E-07
 1926    0.85490E-07
 1927    0.84935E-07
 1928    0.84383E-07
 1929    0.83835E-07
 1930    0.83290E-07
 1931    0.82749E-07
 1932    0.82211E-07
 1933    0.81677E-07
 1934    0.81146E-07
 1935    0.80619E-07
 1936    0.80095E-07
 1937    0.79574E-07
 1938    0.79057E-07
 1939    0.78543E-07
 1940    0.78033E-07
 1941    0.77526E-07
 1942    0.77022E-07
 1943    0.76522E-07
 1944    0.76024E-07
 1945    0.75530E-07
 1946    0.75040E-07
 1947    0.74552E-07
 1948    0.74067E-07
 1949    0.73586E-07
 1950    0.73108E-07
 1951    0.72633E-07
 1952    0.72161E-07
 1953    0.71692E-07
 1954    0.71226E-07
 1955    0.70763E-07
 1956    0.70303E-07
 1957    0.69847E-07
 1958    0.69393E-07
 1959    0.68942E-07
 1960    0.68494E-07
 1961    0.68049E-07
 1962    0.67607E-07
 1963    0.67167E-07
 1964    0.66731E-07
 1965    0.66297E-07
 1966    0.65866E-07
 1967    0.65438E-07
 1968    0.65013E-07
 1969    0.64591E-07
 1970    0.64171E-07
 1971    0.63754E-07
 1972    0.63340E-07
 1973    0.62928E-07
 1974    0.62519E-07
 1975    0.62113E-07
 1976    0.61709E-07
 1977    0.61308E-07
 1978    0.60910E-07
 1979    0.60514E-07
 1980    0.60121E-07
 1981    0.59730E-07
 1982    0.59342E-07
 1983    0.58956E-07
 1984    0.58573E-07
 1985    0.58193E-07
 1986    0.57814E-07
 1987    0.57439E-07
 1988    0.57066E-07
 1989    0.56695E-07
 1990    0.56326E-07
 1991    0.55960E-07
 1992    0.55597E-07
 1993    0.55235E-07
 1994    0.54876E-07
 1995    0.54520E-07
 1996    0.54166E-07
 1997    0.53814E-07
 1998    0.53464E-07
 1999    0.53116E-07
 2000    0.52771E-07
 2001    0.52428E-07
 2002    0.52088E-07
 2003    0.51749E-07
 2004    0.51413E-07
 2005    0.51079E-07
 2006    0.50747E-07
 2007    0.50417E-07
 2008    0.50090E-07
 2009    0.49764E-07
 2010    0.49441E-07
 2011    0.49119E-07
 2012    0.48800E-07
 2013    0.48483E-07
 2014    0.48168E-07
 2015    0.47855E-07
 2016    0.47544E-07
 2017    0.47235E-07
 2018    0.46928E-07
 2019    0.46623E-07
 2020    0.46320E-07
 2021    0.46019E-07
 2022    0.45720E-07
 2023    0.45423E-07
 2024    0.45128E-07
 2025    0.44835E-07
 2026    0.44543E-07
 2027    0.44254E-07
 2028    0.43966E-07
 2029    0.43681E-07
 2030    0.43397E-07
 2031    0.43115E-07
 2032    0.42835E-07
 2033    0.42556E-07
 2034    0.42280E-07
 2035    0.42005E-07
 2036    0.41732E-07
 2037    0.41461E-07
 2038    0.41191E-07
 2039    0.40924E-07
 2040    0.40658E-07
 2041    0.40394E-07
 2042    0.40131E-07
 2043    0.39870E-07
 2044    0.39611E-07
 2045    0.39354E-07
 2046    0.39098E-07
 2047    0.38844E-07
 2048    0.38592E-07
 2049    0.38341E-07
 2050    0.38092E-07
 2051    0.37844E-07
 2052    0.37598E-07
 2053    0.37354E-07
 2054    0.37111E-07
 2055    0.36870E-07
 2056    0.36630E-07
 2057    0.36392E-07
 2058    0.36156E-07
 2059    0.35921E-07
 2060    0.35688E-07
 2061    0.35456E-07
 2062    0.35225E-07
 2063    0.34996E-07
 2064    0.34769E-07
 2065    0.34543E-07
 2066    0.34319E-07
 2067    0.34096E-07
 2068    0.33874E-07
 2069    0.33654E-07
 2070    0.33435E-07
 2071    0.33218E-07
 2072    0.33002E-07
 2073    0.32788E-07
 2074    0.32575E-07
 2075    0.32363E-07
 2076    0.32153E-07
 2077    0.31944E-07
 2078    0.31736E-07
 2079    0.31530E-07
 2080    0.31325E-07
 2081    0.31121E-07
 2082    0.30919E-07
 2083    0.30718E-07
 2084    0.30519E-07
 2085    0.30320E-07
 2086    0.30123E-07
 2087    0.29928E-07
 2088    0.29733E-07
 2089    0.29540E-07
 2090    0.29348E-07
 2091    0.29157E-07
 2092    0.28968E-07
 2093    0.28779E-07
 2094    0.28592E-07
 2095    0.28407E-07
 2096    0.28222E-07
 2097    0.28039E-07
 2098    0.27856E-07
 2099    0.27675E-07
 2100    0.27496E-07
 2101    0.27317E-07
 2102    0.27139E-07
 2103    0.26963E-07
 2104    0.26788E-07
 2105    0.26614E-07
 2106    0.26441E-07
 2107    0.26269E-07
 2108    0.26098E-07
 2109    0.25929E-07
 2110    0.25760E-07
 2111    0.25593E-07
 2112    0.25427E-07
 2113    0.25261E-07
 2114    0.25097E-07
 2115    0.24934E-07
 2116    0.24772E-07
 2117    0.24611E-07
 2118    0.24451E-07
 2119    0.24292E-07
 2120    0.24134E-07
 2121    0.23978E-07
 2122    0.23822E-07
 2123    0.23667E-07
 2124    0.23513E-07
 2125    0.23360E-07
 2126    0.23209E-07
 2127    0.23058E-07
 2128    0.22908E-07
 2129    0.22759E-07
 2130    0.22611E-07
 2131    0.22464E-07
 2132    0.22318E-07
 2133    0.22173E-07
 2134    0.22029E-07
 2135    0.21886E-07
 2136    0.21744E-07
 2137    0.21602E-07
 2138    0.21462E-07
 2139    0.21323E-07
 2140    0.21184E-07
 2141    0.21046E-07
 2142    0.20910E-07
 2143    0.20774E-07
 2144    0.20639E-07
 2145    0.20505E-07
 2146    0.20371E-07
 2147    0.20239E-07
 2148    0.20108E-07
 2149    0.19977E-07
 2150    0.19847E-07
 2151    0.19718E-07
 2152    0.19590E-07
 2153    0.19463E-07
 2154    0.19336E-07
 2155    0.19211E-07
 2156    0.19086E-07
 2157    0.18962E-07
 2158    0.18838E-07
 2159    0.18716E-07
 2160    0.18594E-07
 2161    0.18474E-07
 2162    0.18354E-07
 2163    0.18234E-07
 2164    0.18116E-07
 2165    0.17998E-07
 2166    0.17881E-07
 2167    0.17765E-07
 2168    0.17649E-07
 2169    0.17535E-07
 2170    0.17421E-07
 2171    0.17308E-07
 2172    0.17195E-07
 2173    0.17083E-07
 2174    0.16972E-07
 2175    0.16862E-07
 2176    0.16753E-07
 2177    0.16644E-07
 2178    0.16536E-07
 2179    0.16428E-07
 2180    0.16321E-07
 2181    0.16215E-07
 2182    0.16110E-07
 2183    0.16005E-07
 2184    0.15901E-07
 2185    0.15798E-07
 2186    0.15695E-07
 2187    0.15593E-07
 2188    0.15492E-07
 2189    0.15391E-07
 2190    0.15291E-07
 2191    0.15192E-07
 2192    0.15093E-07
 2193    0.14995E-07
 2194    0.14898E-07
 2195    0.14801E-07
 2196    0.14705E-07
 2197    0.14609E-07
 2198    0.14514E-07
 2199    0.14420E-07
 2200    0.14326E-07
 2201    0.14233E-07
 2202    0.14141E-07
 2203    0.14049E-07
 2204    0.13957E-07
 2205    0.13867E-07
 2206    0.13777E-07
 2207    0.13687E-07
 2208    0.13598E-07
 2209    0.13510E-07
 2210    0.13422E-07
 2211    0.13335E-07
 2212    0.13248E-07
 2213    0.13162E-07
 2214    0.13076E-07
 2215    0.12991E-07
 2216    0.12907E-07
 2217    0.12823E-07
 2218    0.12740E-07
 2219    0.12657E-07
 2220    0.12575E-07
 2221    0.12493E-07
 2222    0.12412E-07
 2223    0.12331E-07
 2224    0.12251E-07
 2225    0.12172E-07
 2226    0.12092E-07
 2227    0.12014E-07
 2228    0.11936E-07
 2229    0.11858E-07
 2230    0.11781E-07
 2231    0.11705E-07
 2232    0.11629E-07
 2233    0.11553E-07
 2234    0.11478E-07
 2235    0.11403E-07
 2236    0.11329E-07
 2237    0.11256E-07
 2238    0.11182E-07
 2239    0.11110E-07
 2240    0.11038E-07
 2241    0.10966E-07
 2242    0.10895E-07
 2243    0.10824E-07
 2244    0.10753E-07
 2245    0.10684E-07
 2246    0.10614E-07
 2247    0.10545E-07
 2248    0.10477E-07
 2249    0.10409E-07
 2250    0.10341E-07
 2251    0.10274E-07
 2252    0.10207E-07
 2253    0.10141E-07
 2254    0.10075E-07
 2255    0.10009E-07
 2256    0.99443E-08

iteration:   2256

epsilon =     0.10000E-07
omega =     0.18000E+01
tick =     0.10000E-06

norm_x =     0.18704E+03, norm_analysis =     0.18703E+03
diff =     0.92951E+01

caltime =    7.9515, comtime =    0.2983, checktime =    3.9153
alltime =   12.1650

