myrank =    3, start =   97, goal =  128
myrank =    0, start =    1, goal =   32
myrank =    1, start =   33, goal =   64
myrank =    2, start =   65, goal =   96
 epsilon =   9.99999993922529029E-009
 iteration:          500
 relative error =   4.46465231561977169E-004
 iteration:         1000
 relative error =   1.14031067267415440E-004
 iteration:         1500
 relative error =   3.47868624901621304E-005
 iteration:         2000
 relative error =   1.08346696531467482E-005
 iteration:         2500
 relative error =   3.38280785850715585E-006
 iteration:         3000
 relative error =   1.05657578296042017E-006
 iteration:         3500
 relative error =   3.30033824324081264E-007
 iteration:         4000
 relative error =   1.03092143893661618E-007
 iteration:         4500
 relative error =   3.22029376619350960E-008
 iteration:         5000
 relative error =   1.00592658220701445E-008
 iteration:         5002
  1    0.47091E-02
  2    0.72674E-02
  3    0.10326E-01
  4    0.13506E-01
  5    0.16722E-01
  6    0.19943E-01
  7    0.23156E-01
  8    0.26353E-01
  9    0.29530E-01
 10    0.32680E-01
 11    0.35800E-01
 12    0.38887E-01
 13    0.41937E-01
 14    0.44946E-01
 15    0.47912E-01
 16    0.50831E-01
 17    0.53700E-01
 18    0.56516E-01
 19    0.59278E-01
 20    0.61981E-01
 21    0.64623E-01
 22    0.67201E-01
 23    0.69714E-01
 24    0.72157E-01
 25    0.74530E-01
 26    0.76830E-01
 27    0.79054E-01
 28    0.81199E-01
 29    0.83265E-01
 30    0.85249E-01
 31    0.87150E-01
 32    0.88964E-01
 33    0.90690E-01
 34    0.92327E-01
 35    0.93874E-01
 36    0.95327E-01
 37    0.96687E-01
 38    0.97952E-01
 39    0.99120E-01
 40    0.10019E+00
 41    0.10116E+00
 42    0.10203E+00
 43    0.10281E+00
 44    0.10348E+00
 45    0.10404E+00
 46    0.10451E+00
 47    0.10487E+00
 48    0.10513E+00
 49    0.10529E+00
 50    0.10534E+00
 51    0.10529E+00
 52    0.10513E+00
 53    0.10487E+00
 54    0.10451E+00
 55    0.10404E+00
 56    0.10348E+00
 57    0.10281E+00
 58    0.10203E+00
 59    0.10116E+00
 60    0.10019E+00
 61    0.99120E-01
 62    0.97952E-01
 63    0.96687E-01
 64    0.95328E-01
 65    0.93874E-01
 66    0.92327E-01
 67    0.90690E-01
 68    0.88964E-01
 69    0.87150E-01
 70    0.85250E-01
 71    0.83266E-01
 72    0.81199E-01
 73    0.79054E-01
 74    0.76830E-01
 75    0.74530E-01
 76    0.72157E-01
 77    0.69714E-01
 78    0.67201E-01
 79    0.64623E-01
 80    0.61981E-01
 81    0.59278E-01
 82    0.56516E-01
 83    0.53700E-01
 84    0.50830E-01
 85    0.47912E-01
 86    0.44946E-01
 87    0.41937E-01
 88    0.38887E-01
 89    0.35800E-01
 90    0.32680E-01
 91    0.29529E-01
 92    0.26353E-01
 93    0.23155E-01
 94    0.19942E-01
 95    0.16721E-01
 96    0.13506E-01
 97    0.10325E-01
 98    0.72664E-02
 99    0.47070E-02
