8 processes:
    1    0.11762E+01
    2    0.96935E+00
    3    0.86218E+00
    4    0.70831E+00
    5    0.54751E+00
    6    0.42319E+00
    7    0.34242E+00
    8    0.28925E+00
    9    0.24833E+00
   10    0.21034E+00
   11    0.17374E+00
   12    0.14372E+00
   13    0.12265E+00
   14    0.10755E+00
   15    0.96282E-01
   16    0.87407E-01
   17    0.79333E-01
   18    0.72400E-01
   19    0.67165E-01
   20    0.62966E-01
   21    0.59468E-01
   22    0.56633E-01
   23    0.54088E-01
   24    0.51738E-01
   25    0.49711E-01
   26    0.47900E-01
   27    0.46225E-01
   28    0.44722E-01
   29    0.43339E-01
   30    0.42030E-01
   31    0.40817E-01
   32    0.39689E-01
   33    0.38620E-01
   34    0.37615E-01
   35    0.36672E-01
   36    0.35773E-01
   37    0.34921E-01
   38    0.34114E-01
   39    0.33344E-01
   40    0.32610E-01
   41    0.31910E-01
   42    0.31241E-01
   43    0.30600E-01
   44    0.29987E-01
   45    0.29398E-01
   46    0.28833E-01
   47    0.28290E-01
   48    0.27768E-01
   49    0.27265E-01
   50    0.26781E-01
   51    0.26314E-01
   52    0.25863E-01
   53    0.25428E-01
   54    0.25007E-01
   55    0.24600E-01
   56    0.24207E-01
   57    0.23826E-01
   58    0.23456E-01
   59    0.23098E-01
   60    0.22751E-01
   61    0.22414E-01
   62    0.22087E-01
   63    0.21769E-01
   64    0.21461E-01
   65    0.21160E-01
   66    0.20868E-01
   67    0.20584E-01
   68    0.20307E-01
   69    0.20037E-01
   70    0.19775E-01
   71    0.19519E-01
   72    0.19269E-01
   73    0.19025E-01
   74    0.18787E-01
   75    0.18555E-01
   76    0.18329E-01
   77    0.18108E-01
   78    0.17891E-01
   79    0.17680E-01
   80    0.17473E-01
   81    0.17271E-01
   82    0.17073E-01
   83    0.16880E-01
   84    0.16691E-01
   85    0.16505E-01
   86    0.16324E-01
   87    0.16146E-01
   88    0.15972E-01
   89    0.15801E-01
   90    0.15634E-01
   91    0.15469E-01
   92    0.15309E-01
   93    0.15151E-01
   94    0.14996E-01
   95    0.14844E-01
   96    0.14695E-01
   97    0.14548E-01
   98    0.14405E-01
   99    0.14264E-01
  100    0.14125E-01
  101    0.13989E-01
  102    0.13855E-01
  103    0.13723E-01
  104    0.13594E-01
  105    0.13467E-01
  106    0.13342E-01
  107    0.13219E-01
  108    0.13098E-01
  109    0.12980E-01
  110    0.12863E-01
  111    0.12748E-01
  112    0.12634E-01
  113    0.12523E-01
  114    0.12413E-01
  115    0.12305E-01
  116    0.12199E-01
  117    0.12094E-01
  118    0.11991E-01
  119    0.11889E-01
  120    0.11789E-01
  121    0.11690E-01
  122    0.11593E-01
  123    0.11497E-01
  124    0.11403E-01
  125    0.11310E-01
  126    0.11218E-01
  127    0.11128E-01
  128    0.11038E-01
  129    0.10951E-01
  130    0.10864E-01
  131    0.10778E-01
  132    0.10694E-01
  133    0.10610E-01
  134    0.10528E-01
  135    0.10447E-01
  136    0.10367E-01
  137    0.10288E-01
  138    0.10210E-01
  139    0.10133E-01
  140    0.10057E-01
  141    0.99821E-02
  142    0.99080E-02
  143    0.98349E-02
  144    0.97626E-02
  145    0.96913E-02
  146    0.96208E-02
  147    0.95512E-02
  148    0.94824E-02
  149    0.94144E-02
  150    0.93473E-02
  151    0.92809E-02
  152    0.92154E-02
  153    0.91506E-02
  154    0.90865E-02
  155    0.90232E-02
  156    0.89607E-02
  157    0.88988E-02
  158    0.88377E-02
  159    0.87772E-02
  160    0.87174E-02
  161    0.86583E-02
  162    0.85998E-02
  163    0.85420E-02
  164    0.84848E-02
  165    0.84283E-02
  166    0.83723E-02
  167    0.83170E-02
  168    0.82622E-02
  169    0.82081E-02
  170    0.81545E-02
  171    0.81015E-02
  172    0.80490E-02
  173    0.79971E-02
  174    0.79457E-02
  175    0.78948E-02
  176    0.78445E-02
  177    0.77947E-02
  178    0.77454E-02
  179    0.76966E-02
  180    0.76482E-02
  181    0.76004E-02
  182    0.75530E-02
  183    0.75061E-02
  184    0.74597E-02
  185    0.74137E-02
  186    0.73682E-02
  187    0.73231E-02
  188    0.72785E-02
  189    0.72342E-02
  190    0.71904E-02
  191    0.71471E-02
  192    0.71041E-02
  193    0.70615E-02
  194    0.70193E-02
  195    0.69776E-02
  196    0.69362E-02
  197    0.68952E-02
  198    0.68546E-02
  199    0.68143E-02
  200    0.67744E-02
  201    0.67349E-02
  202    0.66957E-02
  203    0.66569E-02
  204    0.66185E-02
  205    0.65803E-02
  206    0.65425E-02
  207    0.65051E-02
  208    0.64680E-02
  209    0.64312E-02
  210    0.63947E-02
  211    0.63586E-02
  212    0.63227E-02
  213    0.62872E-02
  214    0.62519E-02
  215    0.62170E-02
  216    0.61824E-02
  217    0.61481E-02
  218    0.61140E-02
  219    0.60802E-02
  220    0.60468E-02
  221    0.60136E-02
  222    0.59806E-02
  223    0.59480E-02
  224    0.59156E-02
  225    0.58835E-02
  226    0.58516E-02
  227    0.58200E-02
  228    0.57887E-02
  229    0.57576E-02
  230    0.57268E-02
  231    0.56962E-02
  232    0.56659E-02
  233    0.56358E-02
  234    0.56059E-02
  235    0.55763E-02
  236    0.55469E-02
  237    0.55177E-02
  238    0.54888E-02
  239    0.54601E-02
  240    0.54316E-02
  241    0.54033E-02
  242    0.53753E-02
  243    0.53474E-02
  244    0.53198E-02
  245    0.52924E-02
  246    0.52652E-02
  247    0.52382E-02
  248    0.52114E-02
  249    0.51848E-02
  250    0.51584E-02
  251    0.51322E-02
  252    0.51062E-02
  253    0.50804E-02
  254    0.50548E-02
  255    0.50294E-02
  256    0.50041E-02
  257    0.49791E-02
  258    0.49542E-02
  259    0.49295E-02
  260    0.49050E-02
  261    0.48806E-02
  262    0.48565E-02
  263    0.48325E-02
  264    0.48087E-02
  265    0.47850E-02
  266    0.47615E-02
  267    0.47382E-02
  268    0.47151E-02
  269    0.46921E-02
  270    0.46692E-02
  271    0.46466E-02
  272    0.46241E-02
  273    0.46017E-02
  274    0.45795E-02
  275    0.45575E-02
  276    0.45356E-02
  277    0.45138E-02
  278    0.44922E-02
  279    0.44708E-02
  280    0.44495E-02
  281    0.44283E-02
  282    0.44073E-02
  283    0.43864E-02
  284    0.43657E-02
  285    0.43451E-02
  286    0.43247E-02
  287    0.43043E-02
  288    0.42841E-02
  289    0.42641E-02
  290    0.42442E-02
  291    0.42244E-02
  292    0.42047E-02
  293    0.41852E-02
  294    0.41658E-02
  295    0.41465E-02
  296    0.41274E-02
  297    0.41084E-02
  298    0.40895E-02
  299    0.40707E-02
  300    0.40520E-02
  301    0.40335E-02
  302    0.40151E-02
  303    0.39967E-02
  304    0.39786E-02
  305    0.39605E-02
  306    0.39425E-02
  307    0.39247E-02
  308    0.39070E-02
  309    0.38893E-02
  310    0.38718E-02
  311    0.38544E-02
  312    0.38371E-02
  313    0.38199E-02
  314    0.38029E-02
  315    0.37859E-02
  316    0.37690E-02
  317    0.37522E-02
  318    0.37356E-02
  319    0.37190E-02
  320    0.37026E-02
  321    0.36862E-02
  322    0.36699E-02
  323    0.36538E-02
  324    0.36377E-02
  325    0.36217E-02
  326    0.36059E-02
  327    0.35901E-02
  328    0.35744E-02
  329    0.35588E-02
  330    0.35433E-02
  331    0.35279E-02
  332    0.35126E-02
  333    0.34974E-02
  334    0.34822E-02
  335    0.34672E-02
  336    0.34522E-02
  337    0.34374E-02
  338    0.34226E-02
  339    0.34079E-02
  340    0.33933E-02
  341    0.33788E-02
  342    0.33643E-02
  343    0.33500E-02
  344    0.33357E-02
  345    0.33215E-02
  346    0.33074E-02
  347    0.32934E-02
  348    0.32794E-02
  349    0.32655E-02
  350    0.32517E-02
  351    0.32380E-02
  352    0.32244E-02
  353    0.32108E-02
  354    0.31973E-02
  355    0.31839E-02
  356    0.31706E-02
  357    0.31573E-02
  358    0.31442E-02
  359    0.31311E-02
  360    0.31180E-02
  361    0.31051E-02
  362    0.30922E-02
  363    0.30793E-02
  364    0.30666E-02
  365    0.30539E-02
  366    0.30413E-02
  367    0.30287E-02
  368    0.30163E-02
  369    0.30039E-02
  370    0.29915E-02
  371    0.29793E-02
  372    0.29671E-02
  373    0.29549E-02
  374    0.29428E-02
  375    0.29308E-02
  376    0.29189E-02
  377    0.29070E-02
  378    0.28952E-02
  379    0.28834E-02
  380    0.28718E-02
  381    0.28601E-02
  382    0.28486E-02
  383    0.28371E-02
  384    0.28256E-02
  385    0.28142E-02
  386    0.28029E-02
  387    0.27916E-02
  388    0.27804E-02
  389    0.27693E-02
  390    0.27582E-02
  391    0.27472E-02
  392    0.27362E-02
  393    0.27253E-02
  394    0.27144E-02
  395    0.27036E-02
  396    0.26929E-02
  397    0.26822E-02
  398    0.26715E-02
  399    0.26610E-02
  400    0.26504E-02
  401    0.26400E-02
  402    0.26295E-02
  403    0.26192E-02
  404    0.26089E-02
  405    0.25986E-02
  406    0.25884E-02
  407    0.25782E-02
  408    0.25681E-02
  409    0.25581E-02
  410    0.25481E-02
  411    0.25381E-02
  412    0.25282E-02
  413    0.25184E-02
  414    0.25086E-02
  415    0.24988E-02
  416    0.24891E-02
  417    0.24794E-02
  418    0.24698E-02
  419    0.24603E-02
  420    0.24507E-02
  421    0.24413E-02
  422    0.24319E-02
  423    0.24225E-02
  424    0.24131E-02
  425    0.24039E-02
  426    0.23946E-02
  427    0.23854E-02
  428    0.23763E-02
  429    0.23672E-02
  430    0.23581E-02
  431    0.23491E-02
  432    0.23401E-02
  433    0.23312E-02
  434    0.23223E-02
  435    0.23135E-02
  436    0.23047E-02
  437    0.22959E-02
  438    0.22872E-02
  439    0.22785E-02
  440    0.22699E-02
  441    0.22613E-02
  442    0.22527E-02
  443    0.22442E-02
  444    0.22358E-02
  445    0.22273E-02
  446    0.22189E-02
  447    0.22106E-02
  448    0.22023E-02
  449    0.21940E-02
  450    0.21858E-02
  451    0.21776E-02
  452    0.21694E-02
  453    0.21613E-02
  454    0.21532E-02
  455    0.21452E-02
  456    0.21372E-02
  457    0.21292E-02
  458    0.21213E-02
  459    0.21134E-02
  460    0.21055E-02
  461    0.20977E-02
  462    0.20899E-02
  463    0.20822E-02
  464    0.20745E-02
  465    0.20668E-02
  466    0.20591E-02
  467    0.20515E-02
  468    0.20440E-02
  469    0.20364E-02
  470    0.20289E-02
  471    0.20214E-02
  472    0.20140E-02
  473    0.20066E-02
  474    0.19992E-02
  475    0.19919E-02
  476    0.19846E-02
  477    0.19773E-02
  478    0.19701E-02
  479    0.19629E-02
  480    0.19557E-02
  481    0.19486E-02
  482    0.19415E-02
  483    0.19344E-02
  484    0.19274E-02
  485    0.19203E-02
  486    0.19134E-02
  487    0.19064E-02
  488    0.18995E-02
  489    0.18926E-02
  490    0.18857E-02
  491    0.18789E-02
  492    0.18721E-02
  493    0.18653E-02
  494    0.18586E-02
  495    0.18519E-02
  496    0.18452E-02
  497    0.18386E-02
  498    0.18319E-02
  499    0.18254E-02
  500    0.18188E-02
  501    0.18123E-02
  502    0.18057E-02
  503    0.17993E-02
  504    0.17928E-02
  505    0.17864E-02
  506    0.17800E-02
  507    0.17736E-02
  508    0.17673E-02
  509    0.17610E-02
  510    0.17547E-02
  511    0.17484E-02
  512    0.17422E-02
  513    0.17360E-02
  514    0.17298E-02
  515    0.17237E-02
  516    0.17175E-02
  517    0.17114E-02
  518    0.17054E-02
  519    0.16993E-02
  520    0.16933E-02
  521    0.16873E-02
  522    0.16813E-02
  523    0.16754E-02
  524    0.16695E-02
  525    0.16636E-02
  526    0.16577E-02
  527    0.16518E-02
  528    0.16460E-02
  529    0.16402E-02
  530    0.16344E-02
  531    0.16287E-02
  532    0.16230E-02
  533    0.16173E-02
  534    0.16116E-02
  535    0.16059E-02
  536    0.16003E-02
  537    0.15947E-02
  538    0.15891E-02
  539    0.15836E-02
  540    0.15780E-02
  541    0.15725E-02
  542    0.15670E-02
  543    0.15615E-02
  544    0.15561E-02
  545    0.15507E-02
  546    0.15453E-02
  547    0.15399E-02
  548    0.15345E-02
  549    0.15292E-02
  550    0.15239E-02
  551    0.15186E-02
  552    0.15133E-02
  553    0.15081E-02
  554    0.15028E-02
  555    0.14976E-02
  556    0.14924E-02
  557    0.14873E-02
  558    0.14821E-02
  559    0.14770E-02
  560    0.14719E-02
  561    0.14668E-02
  562    0.14617E-02
  563    0.14567E-02
  564    0.14517E-02
  565    0.14467E-02
  566    0.14417E-02
  567    0.14367E-02
  568    0.14318E-02
  569    0.14269E-02
  570    0.14220E-02
  571    0.14171E-02
  572    0.14122E-02
  573    0.14074E-02
  574    0.14025E-02
  575    0.13977E-02
  576    0.13929E-02
  577    0.13882E-02
  578    0.13834E-02
  579    0.13787E-02
  580    0.13740E-02
  581    0.13693E-02
  582    0.13646E-02
  583    0.13600E-02
  584    0.13553E-02
  585    0.13507E-02
  586    0.13461E-02
  587    0.13415E-02
  588    0.13369E-02
  589    0.13324E-02
  590    0.13279E-02
  591    0.13234E-02
  592    0.13189E-02
  593    0.13144E-02
  594    0.13099E-02
  595    0.13055E-02
  596    0.13011E-02
  597    0.12966E-02
  598    0.12922E-02
  599    0.12879E-02
  600    0.12835E-02
  601    0.12792E-02
  602    0.12748E-02
  603    0.12705E-02
  604    0.12662E-02
  605    0.12620E-02
  606    0.12577E-02
  607    0.12535E-02
  608    0.12492E-02
  609    0.12450E-02
  610    0.12408E-02
  611    0.12367E-02
  612    0.12325E-02
  613    0.12284E-02
  614    0.12242E-02
  615    0.12201E-02
  616    0.12160E-02
  617    0.12119E-02
  618    0.12079E-02
  619    0.12038E-02
  620    0.11998E-02
  621    0.11957E-02
  622    0.11917E-02
  623    0.11877E-02
  624    0.11838E-02
  625    0.11798E-02
  626    0.11759E-02
  627    0.11719E-02
  628    0.11680E-02
  629    0.11641E-02
  630    0.11602E-02
  631    0.11563E-02
  632    0.11525E-02
  633    0.11486E-02
  634    0.11448E-02
  635    0.11410E-02
  636    0.11372E-02
  637    0.11334E-02
  638    0.11296E-02
  639    0.11259E-02
  640    0.11221E-02
  641    0.11184E-02
  642    0.11147E-02
  643    0.11110E-02
  644    0.11073E-02
  645    0.11036E-02
  646    0.10999E-02
  647    0.10963E-02
  648    0.10926E-02
  649    0.10890E-02
  650    0.10854E-02
  651    0.10818E-02
  652    0.10782E-02
  653    0.10747E-02
  654    0.10711E-02
  655    0.10676E-02
  656    0.10640E-02
  657    0.10605E-02
  658    0.10570E-02
  659    0.10535E-02
  660    0.10500E-02
  661    0.10466E-02
  662    0.10431E-02
  663    0.10397E-02
  664    0.10362E-02
  665    0.10328E-02
  666    0.10294E-02
  667    0.10260E-02
  668    0.10227E-02
  669    0.10193E-02
  670    0.10159E-02
  671    0.10126E-02
  672    0.10093E-02
  673    0.10059E-02
  674    0.10026E-02
  675    0.99933E-03
  676    0.99605E-03
  677    0.99278E-03
  678    0.98952E-03
  679    0.98627E-03
  680    0.98303E-03
  681    0.97981E-03
  682    0.97660E-03
  683    0.97339E-03
  684    0.97020E-03
  685    0.96702E-03
  686    0.96386E-03
  687    0.96070E-03
  688    0.95756E-03
  689    0.95442E-03
  690    0.95130E-03
  691    0.94819E-03
  692    0.94509E-03
  693    0.94200E-03
  694    0.93892E-03
  695    0.93585E-03
  696    0.93280E-03
  697    0.92975E-03
  698    0.92672E-03
  699    0.92369E-03
  700    0.92068E-03
  701    0.91767E-03
  702    0.91468E-03
  703    0.91170E-03
  704    0.90873E-03
  705    0.90577E-03
  706    0.90282E-03
  707    0.89988E-03
  708    0.89695E-03
  709    0.89403E-03
  710    0.89112E-03
  711    0.88822E-03
  712    0.88534E-03
  713    0.88246E-03
  714    0.87959E-03
  715    0.87673E-03
  716    0.87388E-03
  717    0.87104E-03
  718    0.86822E-03
  719    0.86540E-03
  720    0.86259E-03
  721    0.85979E-03
  722    0.85700E-03
  723    0.85422E-03
  724    0.85145E-03
  725    0.84869E-03
  726    0.84594E-03
  727    0.84320E-03
  728    0.84047E-03
  729    0.83775E-03
  730    0.83504E-03
  731    0.83233E-03
  732    0.82964E-03
  733    0.82696E-03
  734    0.82428E-03
  735    0.82162E-03
  736    0.81896E-03
  737    0.81631E-03
  738    0.81367E-03
  739    0.81104E-03
  740    0.80842E-03
  741    0.80581E-03
  742    0.80321E-03
  743    0.80062E-03
  744    0.79804E-03
  745    0.79546E-03
  746    0.79289E-03
  747    0.79034E-03
  748    0.78779E-03
  749    0.78525E-03
  750    0.78272E-03
  751    0.78019E-03
  752    0.77768E-03
  753    0.77518E-03
  754    0.77268E-03
  755    0.77019E-03
  756    0.76771E-03
  757    0.76524E-03
  758    0.76278E-03
  759    0.76032E-03
  760    0.75788E-03
  761    0.75544E-03
  762    0.75301E-03
  763    0.75059E-03
  764    0.74818E-03
  765    0.74577E-03
  766    0.74338E-03
  767    0.74099E-03
  768    0.73861E-03
  769    0.73624E-03
  770    0.73387E-03
  771    0.73152E-03
  772    0.72917E-03
  773    0.72683E-03
  774    0.72450E-03
  775    0.72217E-03
  776    0.71986E-03
  777    0.71755E-03
  778    0.71525E-03
  779    0.71296E-03
  780    0.71067E-03
  781    0.70839E-03
  782    0.70613E-03
  783    0.70386E-03
  784    0.70161E-03
  785    0.69936E-03
  786    0.69712E-03
  787    0.69489E-03
  788    0.69267E-03
  789    0.69045E-03
  790    0.68824E-03
  791    0.68604E-03
  792    0.68385E-03
  793    0.68166E-03
  794    0.67948E-03
  795    0.67731E-03
  796    0.67514E-03
  797    0.67299E-03
  798    0.67084E-03
  799    0.66869E-03
  800    0.66656E-03
  801    0.66443E-03
  802    0.66231E-03
  803    0.66019E-03
  804    0.65808E-03
  805    0.65598E-03
  806    0.65389E-03
  807    0.65180E-03
  808    0.64972E-03
  809    0.64765E-03
  810    0.64559E-03
  811    0.64353E-03
  812    0.64147E-03
  813    0.63943E-03
  814    0.63739E-03
  815    0.63536E-03
  816    0.63334E-03
  817    0.63132E-03
  818    0.62931E-03
  819    0.62730E-03
  820    0.62530E-03
  821    0.62331E-03
  822    0.62133E-03
  823    0.61935E-03
  824    0.61738E-03
  825    0.61541E-03
  826    0.61346E-03
  827    0.61150E-03
  828    0.60956E-03
  829    0.60762E-03
  830    0.60569E-03
  831    0.60376E-03
  832    0.60184E-03
  833    0.59993E-03
  834    0.59802E-03
  835    0.59612E-03
  836    0.59422E-03
  837    0.59234E-03
  838    0.59045E-03
  839    0.58858E-03
  840    0.58671E-03
  841    0.58484E-03
  842    0.58299E-03
  843    0.58114E-03
  844    0.57929E-03
  845    0.57745E-03
  846    0.57562E-03
  847    0.57379E-03
  848    0.57197E-03
  849    0.57016E-03
  850    0.56835E-03
  851    0.56654E-03
  852    0.56475E-03
  853    0.56296E-03
  854    0.56117E-03
  855    0.55939E-03
  856    0.55762E-03
  857    0.55585E-03
  858    0.55409E-03
  859    0.55233E-03
  860    0.55058E-03
  861    0.54884E-03
  862    0.54710E-03
  863    0.54536E-03
  864    0.54364E-03
  865    0.54191E-03
  866    0.54020E-03
  867    0.53849E-03
  868    0.53678E-03
  869    0.53508E-03
  870    0.53339E-03
  871    0.53170E-03
  872    0.53002E-03
  873    0.52834E-03
  874    0.52667E-03
  875    0.52500E-03
  876    0.52334E-03
  877    0.52168E-03
  878    0.52003E-03
  879    0.51839E-03
  880    0.51675E-03
  881    0.51512E-03
  882    0.51349E-03
  883    0.51186E-03
  884    0.51024E-03
  885    0.50863E-03
  886    0.50702E-03
  887    0.50542E-03
  888    0.50382E-03
  889    0.50223E-03
  890    0.50064E-03
  891    0.49906E-03
  892    0.49749E-03
  893    0.49592E-03
  894    0.49435E-03
  895    0.49279E-03
  896    0.49123E-03
  897    0.48968E-03
  898    0.48813E-03
  899    0.48659E-03
  900    0.48506E-03
  901    0.48353E-03
  902    0.48200E-03
  903    0.48048E-03
  904    0.47896E-03
  905    0.47745E-03
  906    0.47594E-03
  907    0.47444E-03
  908    0.47294E-03
  909    0.47145E-03
  910    0.46997E-03
  911    0.46848E-03
  912    0.46701E-03
  913    0.46553E-03
  914    0.46407E-03
  915    0.46260E-03
  916    0.46114E-03
  917    0.45969E-03
  918    0.45824E-03
  919    0.45680E-03
  920    0.45536E-03
  921    0.45392E-03
  922    0.45249E-03
  923    0.45106E-03
  924    0.44964E-03
  925    0.44823E-03
  926    0.44681E-03
  927    0.44541E-03
  928    0.44400E-03
  929    0.44261E-03
  930    0.44121E-03
  931    0.43982E-03
  932    0.43844E-03
  933    0.43706E-03
  934    0.43568E-03
  935    0.43431E-03
  936    0.43294E-03
  937    0.43158E-03
  938    0.43022E-03
  939    0.42887E-03
  940    0.42752E-03
  941    0.42617E-03
  942    0.42483E-03
  943    0.42349E-03
  944    0.42216E-03
  945    0.42083E-03
  946    0.41951E-03
  947    0.41819E-03
  948    0.41687E-03
  949    0.41556E-03
  950    0.41425E-03
  951    0.41295E-03
  952    0.41165E-03
  953    0.41036E-03
  954    0.40907E-03
  955    0.40778E-03
  956    0.40650E-03
  957    0.40522E-03
  958    0.40395E-03
  959    0.40268E-03
  960    0.40141E-03
  961    0.40015E-03
  962    0.39889E-03
  963    0.39764E-03
  964    0.39639E-03
  965    0.39514E-03
  966    0.39390E-03
  967    0.39266E-03
  968    0.39143E-03
  969    0.39020E-03
  970    0.38897E-03
  971    0.38775E-03
  972    0.38653E-03
  973    0.38532E-03
  974    0.38411E-03
  975    0.38290E-03
  976    0.38170E-03
  977    0.38050E-03
  978    0.37931E-03
  979    0.37812E-03
  980    0.37693E-03
  981    0.37575E-03
  982    0.37457E-03
  983    0.37339E-03
  984    0.37222E-03
  985    0.37105E-03
  986    0.36988E-03
  987    0.36872E-03
  988    0.36757E-03
  989    0.36641E-03
  990    0.36526E-03
  991    0.36412E-03
  992    0.36297E-03
  993    0.36184E-03
  994    0.36070E-03
  995    0.35957E-03
  996    0.35844E-03
  997    0.35732E-03
  998    0.35619E-03
  999    0.35508E-03
 1000    0.35396E-03
 1001    0.35285E-03
 1002    0.35175E-03
 1003    0.35064E-03
 1004    0.34954E-03
 1005    0.34845E-03
 1006    0.34735E-03
 1007    0.34627E-03
 1008    0.34518E-03
 1009    0.34410E-03
 1010    0.34302E-03
 1011    0.34194E-03
 1012    0.34087E-03
 1013    0.33980E-03
 1014    0.33874E-03
 1015    0.33768E-03
 1016    0.33662E-03
 1017    0.33556E-03
 1018    0.33451E-03
 1019    0.33346E-03
 1020    0.33242E-03
 1021    0.33137E-03
 1022    0.33034E-03
 1023    0.32930E-03
 1024    0.32827E-03
 1025    0.32724E-03
 1026    0.32622E-03
 1027    0.32519E-03
 1028    0.32417E-03
 1029    0.32316E-03
 1030    0.32215E-03
 1031    0.32114E-03
 1032    0.32013E-03
 1033    0.31913E-03
 1034    0.31813E-03
 1035    0.31713E-03
 1036    0.31614E-03
 1037    0.31515E-03
 1038    0.31416E-03
 1039    0.31318E-03
 1040    0.31220E-03
 1041    0.31122E-03
 1042    0.31024E-03
 1043    0.30927E-03
 1044    0.30830E-03
 1045    0.30734E-03
 1046    0.30638E-03
 1047    0.30542E-03
 1048    0.30446E-03
 1049    0.30351E-03
 1050    0.30256E-03
 1051    0.30161E-03
 1052    0.30067E-03
 1053    0.29973E-03
 1054    0.29879E-03
 1055    0.29785E-03
 1056    0.29692E-03
 1057    0.29599E-03
 1058    0.29506E-03
 1059    0.29414E-03
 1060    0.29322E-03
 1061    0.29230E-03
 1062    0.29139E-03
 1063    0.29048E-03
 1064    0.28957E-03
 1065    0.28866E-03
 1066    0.28776E-03
 1067    0.28686E-03
 1068    0.28596E-03
 1069    0.28507E-03
 1070    0.28417E-03
 1071    0.28328E-03
 1072    0.28240E-03
 1073    0.28152E-03
 1074    0.28063E-03
 1075    0.27976E-03
 1076    0.27888E-03
 1077    0.27801E-03
 1078    0.27714E-03
 1079    0.27627E-03
 1080    0.27541E-03
 1081    0.27455E-03
 1082    0.27369E-03
 1083    0.27283E-03
 1084    0.27198E-03
 1085    0.27113E-03
 1086    0.27028E-03
 1087    0.26944E-03
 1088    0.26859E-03
 1089    0.26775E-03
 1090    0.26692E-03
 1091    0.26608E-03
 1092    0.26525E-03
 1093    0.26442E-03
 1094    0.26359E-03
 1095    0.26277E-03
 1096    0.26195E-03
 1097    0.26113E-03
 1098    0.26031E-03
 1099    0.25950E-03
 1100    0.25869E-03
 1101    0.25788E-03
 1102    0.25707E-03
 1103    0.25627E-03
 1104    0.25547E-03
 1105    0.25467E-03
 1106    0.25387E-03
 1107    0.25308E-03
 1108    0.25229E-03
 1109    0.25150E-03
 1110    0.25072E-03
 1111    0.24993E-03
 1112    0.24915E-03
 1113    0.24837E-03
 1114    0.24760E-03
 1115    0.24682E-03
 1116    0.24605E-03
 1117    0.24528E-03
 1118    0.24452E-03
 1119    0.24375E-03
 1120    0.24299E-03
 1121    0.24223E-03
 1122    0.24147E-03
 1123    0.24072E-03
 1124    0.23997E-03
 1125    0.23922E-03
 1126    0.23847E-03
 1127    0.23773E-03
 1128    0.23698E-03
 1129    0.23624E-03
 1130    0.23550E-03
 1131    0.23477E-03
 1132    0.23404E-03
 1133    0.23330E-03
 1134    0.23258E-03
 1135    0.23185E-03
 1136    0.23113E-03
 1137    0.23040E-03
 1138    0.22968E-03
 1139    0.22897E-03
 1140    0.22825E-03
 1141    0.22754E-03
 1142    0.22683E-03
 1143    0.22612E-03
 1144    0.22541E-03
 1145    0.22471E-03
 1146    0.22401E-03
 1147    0.22331E-03
 1148    0.22261E-03
 1149    0.22192E-03
 1150    0.22122E-03
 1151    0.22053E-03
 1152    0.21984E-03
 1153    0.21916E-03
 1154    0.21847E-03
 1155    0.21779E-03
 1156    0.21711E-03
 1157    0.21643E-03
 1158    0.21576E-03
 1159    0.21508E-03
 1160    0.21441E-03
 1161    0.21374E-03
 1162    0.21307E-03
 1163    0.21241E-03
 1164    0.21175E-03
 1165    0.21109E-03
 1166    0.21043E-03
 1167    0.20977E-03
 1168    0.20911E-03
 1169    0.20846E-03
 1170    0.20781E-03
 1171    0.20716E-03
 1172    0.20652E-03
 1173    0.20587E-03
 1174    0.20523E-03
 1175    0.20459E-03
 1176    0.20395E-03
 1177    0.20331E-03
 1178    0.20268E-03
 1179    0.20205E-03
 1180    0.20141E-03
 1181    0.20079E-03
 1182    0.20016E-03
 1183    0.19953E-03
 1184    0.19891E-03
 1185    0.19829E-03
 1186    0.19767E-03
 1187    0.19706E-03
 1188    0.19644E-03
 1189    0.19583E-03
 1190    0.19522E-03
 1191    0.19461E-03
 1192    0.19400E-03
 1193    0.19339E-03
 1194    0.19279E-03
 1195    0.19219E-03
 1196    0.19159E-03
 1197    0.19099E-03
 1198    0.19040E-03
 1199    0.18980E-03
 1200    0.18921E-03
 1201    0.18862E-03
 1202    0.18803E-03
 1203    0.18744E-03
 1204    0.18686E-03
 1205    0.18628E-03
 1206    0.18570E-03
 1207    0.18512E-03
 1208    0.18454E-03
 1209    0.18396E-03
 1210    0.18339E-03
 1211    0.18282E-03
 1212    0.18225E-03
 1213    0.18168E-03
 1214    0.18111E-03
 1215    0.18055E-03
 1216    0.17998E-03
 1217    0.17942E-03
 1218    0.17886E-03
 1219    0.17830E-03
 1220    0.17775E-03
 1221    0.17719E-03
 1222    0.17664E-03
 1223    0.17609E-03
 1224    0.17554E-03
 1225    0.17499E-03
 1226    0.17445E-03
 1227    0.17390E-03
 1228    0.17336E-03
 1229    0.17282E-03
 1230    0.17228E-03
 1231    0.17174E-03
 1232    0.17121E-03
 1233    0.17067E-03
 1234    0.17014E-03
 1235    0.16961E-03
 1236    0.16908E-03
 1237    0.16855E-03
 1238    0.16803E-03
 1239    0.16750E-03
 1240    0.16698E-03
 1241    0.16646E-03
 1242    0.16594E-03
 1243    0.16542E-03
 1244    0.16491E-03
 1245    0.16439E-03
 1246    0.16388E-03
 1247    0.16337E-03
 1248    0.16286E-03
 1249    0.16235E-03
 1250    0.16185E-03
 1251    0.16134E-03
 1252    0.16084E-03
 1253    0.16034E-03
 1254    0.15984E-03
 1255    0.15934E-03
 1256    0.15884E-03
 1257    0.15835E-03
 1258    0.15785E-03
 1259    0.15736E-03
 1260    0.15687E-03
 1261    0.15638E-03
 1262    0.15589E-03
 1263    0.15541E-03
 1264    0.15492E-03
 1265    0.15444E-03
 1266    0.15396E-03
 1267    0.15348E-03
 1268    0.15300E-03
 1269    0.15252E-03
 1270    0.15205E-03
 1271    0.15157E-03
 1272    0.15110E-03
 1273    0.15063E-03
 1274    0.15016E-03
 1275    0.14969E-03
 1276    0.14922E-03
 1277    0.14876E-03
 1278    0.14830E-03
 1279    0.14783E-03
 1280    0.14737E-03
 1281    0.14691E-03
 1282    0.14645E-03
 1283    0.14600E-03
 1284    0.14554E-03
 1285    0.14509E-03
 1286    0.14464E-03
 1287    0.14419E-03
 1288    0.14374E-03
 1289    0.14329E-03
 1290    0.14284E-03
 1291    0.14240E-03
 1292    0.14195E-03
 1293    0.14151E-03
 1294    0.14107E-03
 1295    0.14063E-03
 1296    0.14019E-03
 1297    0.13975E-03
 1298    0.13932E-03
 1299    0.13888E-03
 1300    0.13845E-03
 1301    0.13802E-03
 1302    0.13759E-03
 1303    0.13716E-03
 1304    0.13673E-03
 1305    0.13631E-03
 1306    0.13588E-03
 1307    0.13546E-03
 1308    0.13504E-03
 1309    0.13461E-03
 1310    0.13420E-03
 1311    0.13378E-03
 1312    0.13336E-03
 1313    0.13294E-03
 1314    0.13253E-03
 1315    0.13212E-03
 1316    0.13171E-03
 1317    0.13129E-03
 1318    0.13089E-03
 1319    0.13048E-03
 1320    0.13007E-03
 1321    0.12967E-03
 1322    0.12926E-03
 1323    0.12886E-03
 1324    0.12846E-03
 1325    0.12806E-03
 1326    0.12766E-03
 1327    0.12726E-03
 1328    0.12686E-03
 1329    0.12647E-03
 1330    0.12607E-03
 1331    0.12568E-03
 1332    0.12529E-03
 1333    0.12490E-03
 1334    0.12451E-03
 1335    0.12412E-03
 1336    0.12373E-03
 1337    0.12335E-03
 1338    0.12296E-03
 1339    0.12258E-03
 1340    0.12220E-03
 1341    0.12182E-03
 1342    0.12144E-03
 1343    0.12106E-03
 1344    0.12068E-03
 1345    0.12031E-03
 1346    0.11993E-03
 1347    0.11956E-03
 1348    0.11919E-03
 1349    0.11881E-03
 1350    0.11844E-03
 1351    0.11807E-03
 1352    0.11771E-03
 1353    0.11734E-03
 1354    0.11697E-03
 1355    0.11661E-03
 1356    0.11625E-03
 1357    0.11588E-03
 1358    0.11552E-03
 1359    0.11516E-03
 1360    0.11480E-03
 1361    0.11445E-03
 1362    0.11409E-03
 1363    0.11373E-03
 1364    0.11338E-03
 1365    0.11303E-03
 1366    0.11267E-03
 1367    0.11232E-03
 1368    0.11197E-03
 1369    0.11162E-03
 1370    0.11128E-03
 1371    0.11093E-03
 1372    0.11058E-03
 1373    0.11024E-03
 1374    0.10990E-03
 1375    0.10955E-03
 1376    0.10921E-03
 1377    0.10887E-03
 1378    0.10853E-03
 1379    0.10820E-03
 1380    0.10786E-03
 1381    0.10752E-03
 1382    0.10719E-03
 1383    0.10685E-03
 1384    0.10652E-03
 1385    0.10619E-03
 1386    0.10586E-03
 1387    0.10553E-03
 1388    0.10520E-03
 1389    0.10487E-03
 1390    0.10454E-03
 1391    0.10422E-03
 1392    0.10389E-03
 1393    0.10357E-03
 1394    0.10325E-03
 1395    0.10293E-03
 1396    0.10260E-03
 1397    0.10229E-03
 1398    0.10197E-03
 1399    0.10165E-03
 1400    0.10133E-03
 1401    0.10102E-03
 1402    0.10070E-03
 1403    0.10039E-03
 1404    0.10008E-03
 1405    0.99764E-04
 1406    0.99453E-04
 1407    0.99143E-04
 1408    0.98834E-04
 1409    0.98526E-04
 1410    0.98219E-04
 1411    0.97913E-04
 1412    0.97608E-04
 1413    0.97304E-04
 1414    0.97001E-04
 1415    0.96699E-04
 1416    0.96397E-04
 1417    0.96097E-04
 1418    0.95798E-04
 1419    0.95499E-04
 1420    0.95202E-04
 1421    0.94905E-04
 1422    0.94610E-04
 1423    0.94315E-04
 1424    0.94021E-04
 1425    0.93728E-04
 1426    0.93436E-04
 1427    0.93145E-04
 1428    0.92855E-04
 1429    0.92566E-04
 1430    0.92277E-04
 1431    0.91990E-04
 1432    0.91703E-04
 1433    0.91418E-04
 1434    0.91133E-04
 1435    0.90849E-04
 1436    0.90566E-04
 1437    0.90284E-04
 1438    0.90003E-04
 1439    0.89722E-04
 1440    0.89443E-04
 1441    0.89164E-04
 1442    0.88886E-04
 1443    0.88609E-04
 1444    0.88333E-04
 1445    0.88058E-04
 1446    0.87784E-04
 1447    0.87510E-04
 1448    0.87238E-04
 1449    0.86966E-04
 1450    0.86695E-04
 1451    0.86425E-04
 1452    0.86156E-04
 1453    0.85888E-04
 1454    0.85620E-04
 1455    0.85353E-04
 1456    0.85087E-04
 1457    0.84822E-04
 1458    0.84558E-04
 1459    0.84295E-04
 1460    0.84032E-04
 1461    0.83770E-04
 1462    0.83510E-04
 1463    0.83249E-04
 1464    0.82990E-04
 1465    0.82732E-04
 1466    0.82474E-04
 1467    0.82217E-04
 1468    0.81961E-04
 1469    0.81706E-04
 1470    0.81451E-04
 1471    0.81197E-04
 1472    0.80944E-04
 1473    0.80692E-04
 1474    0.80441E-04
 1475    0.80190E-04
 1476    0.79941E-04
 1477    0.79692E-04
 1478    0.79443E-04
 1479    0.79196E-04
 1480    0.78949E-04
 1481    0.78703E-04
 1482    0.78458E-04
 1483    0.78214E-04
 1484    0.77970E-04
 1485    0.77727E-04
 1486    0.77485E-04
 1487    0.77244E-04
 1488    0.77003E-04
 1489    0.76763E-04
 1490    0.76524E-04
 1491    0.76286E-04
 1492    0.76048E-04
 1493    0.75812E-04
 1494    0.75575E-04
 1495    0.75340E-04
 1496    0.75105E-04
 1497    0.74871E-04
 1498    0.74638E-04
 1499    0.74406E-04
 1500    0.74174E-04
 1501    0.73943E-04
 1502    0.73713E-04
 1503    0.73483E-04
 1504    0.73254E-04
 1505    0.73026E-04
 1506    0.72799E-04
 1507    0.72572E-04
 1508    0.72346E-04
 1509    0.72121E-04
 1510    0.71896E-04
 1511    0.71672E-04
 1512    0.71449E-04
 1513    0.71226E-04
 1514    0.71004E-04
 1515    0.70783E-04
 1516    0.70563E-04
 1517    0.70343E-04
 1518    0.70124E-04
 1519    0.69906E-04
 1520    0.69688E-04
 1521    0.69471E-04
 1522    0.69254E-04
 1523    0.69039E-04
 1524    0.68824E-04
 1525    0.68609E-04
 1526    0.68396E-04
 1527    0.68183E-04
 1528    0.67970E-04
 1529    0.67759E-04
 1530    0.67548E-04
 1531    0.67337E-04
 1532    0.67127E-04
 1533    0.66918E-04
 1534    0.66710E-04
 1535    0.66502E-04
 1536    0.66295E-04
 1537    0.66089E-04
 1538    0.65883E-04
 1539    0.65678E-04
 1540    0.65473E-04
 1541    0.65269E-04
 1542    0.65066E-04
 1543    0.64863E-04
 1544    0.64661E-04
 1545    0.64460E-04
 1546    0.64259E-04
 1547    0.64059E-04
 1548    0.63859E-04
 1549    0.63661E-04
 1550    0.63462E-04
 1551    0.63265E-04
 1552    0.63068E-04
 1553    0.62871E-04
 1554    0.62675E-04
 1555    0.62480E-04
 1556    0.62286E-04
 1557    0.62092E-04
 1558    0.61898E-04
 1559    0.61705E-04
 1560    0.61513E-04
 1561    0.61322E-04
 1562    0.61131E-04
 1563    0.60940E-04
 1564    0.60751E-04
 1565    0.60561E-04
 1566    0.60373E-04
 1567    0.60185E-04
 1568    0.59997E-04
 1569    0.59810E-04
 1570    0.59624E-04
 1571    0.59438E-04
 1572    0.59253E-04
 1573    0.59069E-04
 1574    0.58885E-04
 1575    0.58702E-04
 1576    0.58519E-04
 1577    0.58336E-04
 1578    0.58155E-04
 1579    0.57974E-04
 1580    0.57793E-04
 1581    0.57613E-04
 1582    0.57434E-04
 1583    0.57255E-04
 1584    0.57077E-04
 1585    0.56899E-04
 1586    0.56722E-04
 1587    0.56545E-04
 1588    0.56369E-04
 1589    0.56193E-04
 1590    0.56018E-04
 1591    0.55844E-04
 1592    0.55670E-04
 1593    0.55497E-04
 1594    0.55324E-04
 1595    0.55151E-04
 1596    0.54980E-04
 1597    0.54808E-04
 1598    0.54638E-04
 1599    0.54468E-04
 1600    0.54298E-04
 1601    0.54129E-04
 1602    0.53960E-04
 1603    0.53792E-04
 1604    0.53625E-04
 1605    0.53458E-04
 1606    0.53291E-04
 1607    0.53125E-04
 1608    0.52960E-04
 1609    0.52795E-04
 1610    0.52631E-04
 1611    0.52467E-04
 1612    0.52303E-04
 1613    0.52140E-04
 1614    0.51978E-04
 1615    0.51816E-04
 1616    0.51655E-04
 1617    0.51494E-04
 1618    0.51334E-04
 1619    0.51174E-04
 1620    0.51014E-04
 1621    0.50856E-04
 1622    0.50697E-04
 1623    0.50539E-04
 1624    0.50382E-04
 1625    0.50225E-04
 1626    0.50069E-04
 1627    0.49913E-04
 1628    0.49757E-04
 1629    0.49602E-04
 1630    0.49448E-04
 1631    0.49294E-04
 1632    0.49140E-04
 1633    0.48987E-04
 1634    0.48835E-04
 1635    0.48683E-04
 1636    0.48531E-04
 1637    0.48380E-04
 1638    0.48229E-04
 1639    0.48079E-04
 1640    0.47929E-04
 1641    0.47780E-04
 1642    0.47631E-04
 1643    0.47483E-04
 1644    0.47335E-04
 1645    0.47188E-04
 1646    0.47041E-04
 1647    0.46894E-04
 1648    0.46748E-04
 1649    0.46603E-04
 1650    0.46458E-04
 1651    0.46313E-04
 1652    0.46169E-04
 1653    0.46025E-04
 1654    0.45882E-04
 1655    0.45739E-04
 1656    0.45596E-04
 1657    0.45454E-04
 1658    0.45313E-04
 1659    0.45172E-04
 1660    0.45031E-04
 1661    0.44891E-04
 1662    0.44751E-04
 1663    0.44612E-04
 1664    0.44473E-04
 1665    0.44334E-04
 1666    0.44196E-04
 1667    0.44058E-04
 1668    0.43921E-04
 1669    0.43785E-04
 1670    0.43648E-04
 1671    0.43512E-04
 1672    0.43377E-04
 1673    0.43242E-04
 1674    0.43107E-04
 1675    0.42973E-04
 1676    0.42839E-04
 1677    0.42706E-04
 1678    0.42573E-04
 1679    0.42440E-04
 1680    0.42308E-04
 1681    0.42176E-04
 1682    0.42045E-04
 1683    0.41914E-04
 1684    0.41783E-04
 1685    0.41653E-04
 1686    0.41524E-04
 1687    0.41394E-04
 1688    0.41265E-04
 1689    0.41137E-04
 1690    0.41009E-04
 1691    0.40881E-04
 1692    0.40754E-04
 1693    0.40627E-04
 1694    0.40500E-04
 1695    0.40374E-04
 1696    0.40248E-04
 1697    0.40123E-04
 1698    0.39998E-04
 1699    0.39874E-04
 1700    0.39749E-04
 1701    0.39626E-04
 1702    0.39502E-04
 1703    0.39379E-04
 1704    0.39257E-04
 1705    0.39134E-04
 1706    0.39013E-04
 1707    0.38891E-04
 1708    0.38770E-04
 1709    0.38649E-04
 1710    0.38529E-04
 1711    0.38409E-04
 1712    0.38289E-04
 1713    0.38170E-04
 1714    0.38051E-04
 1715    0.37933E-04
 1716    0.37815E-04
 1717    0.37697E-04
 1718    0.37579E-04
 1719    0.37462E-04
 1720    0.37346E-04
 1721    0.37230E-04
 1722    0.37114E-04
 1723    0.36998E-04
 1724    0.36883E-04
 1725    0.36768E-04
 1726    0.36653E-04
 1727    0.36539E-04
 1728    0.36426E-04
 1729    0.36312E-04
 1730    0.36199E-04
 1731    0.36086E-04
 1732    0.35974E-04
 1733    0.35862E-04
 1734    0.35750E-04
 1735    0.35639E-04
 1736    0.35528E-04
 1737    0.35417E-04
 1738    0.35307E-04
 1739    0.35197E-04
 1740    0.35088E-04
 1741    0.34978E-04
 1742    0.34869E-04
 1743    0.34761E-04
 1744    0.34653E-04
 1745    0.34545E-04
 1746    0.34437E-04
 1747    0.34330E-04
 1748    0.34223E-04
 1749    0.34116E-04
 1750    0.34010E-04
 1751    0.33904E-04
 1752    0.33799E-04
 1753    0.33693E-04
 1754    0.33588E-04
 1755    0.33484E-04
 1756    0.33380E-04
 1757    0.33276E-04
 1758    0.33172E-04
 1759    0.33069E-04
 1760    0.32966E-04
 1761    0.32863E-04
 1762    0.32761E-04
 1763    0.32659E-04
 1764    0.32557E-04
 1765    0.32456E-04
 1766    0.32355E-04
 1767    0.32254E-04
 1768    0.32153E-04
 1769    0.32053E-04
 1770    0.31954E-04
 1771    0.31854E-04
 1772    0.31755E-04
 1773    0.31656E-04
 1774    0.31557E-04
 1775    0.31459E-04
 1776    0.31361E-04
 1777    0.31264E-04
 1778    0.31166E-04
 1779    0.31069E-04
 1780    0.30972E-04
 1781    0.30876E-04
 1782    0.30780E-04
 1783    0.30684E-04
 1784    0.30588E-04
 1785    0.30493E-04
 1786    0.30398E-04
 1787    0.30304E-04
 1788    0.30209E-04
 1789    0.30115E-04
 1790    0.30021E-04
 1791    0.29928E-04
 1792    0.29835E-04
 1793    0.29742E-04
 1794    0.29649E-04
 1795    0.29557E-04
 1796    0.29465E-04
 1797    0.29373E-04
 1798    0.29282E-04
 1799    0.29190E-04
 1800    0.29100E-04
 1801    0.29009E-04
 1802    0.28919E-04
 1803    0.28829E-04
 1804    0.28739E-04
 1805    0.28649E-04
 1806    0.28560E-04
 1807    0.28471E-04
 1808    0.28383E-04
 1809    0.28294E-04
 1810    0.28206E-04
 1811    0.28118E-04
 1812    0.28031E-04
 1813    0.27943E-04
 1814    0.27856E-04
 1815    0.27770E-04
 1816    0.27683E-04
 1817    0.27597E-04
 1818    0.27511E-04
 1819    0.27425E-04
 1820    0.27340E-04
 1821    0.27255E-04
 1822    0.27170E-04
 1823    0.27085E-04
 1824    0.27001E-04
 1825    0.26917E-04
 1826    0.26833E-04
 1827    0.26750E-04
 1828    0.26666E-04
 1829    0.26583E-04
 1830    0.26500E-04
 1831    0.26418E-04
 1832    0.26336E-04
 1833    0.26254E-04
 1834    0.26172E-04
 1835    0.26090E-04
 1836    0.26009E-04
 1837    0.25928E-04
 1838    0.25847E-04
 1839    0.25767E-04
 1840    0.25687E-04
 1841    0.25607E-04
 1842    0.25527E-04
 1843    0.25448E-04
 1844    0.25368E-04
 1845    0.25289E-04
 1846    0.25211E-04
 1847    0.25132E-04
 1848    0.25054E-04
 1849    0.24976E-04
 1850    0.24898E-04
 1851    0.24821E-04
 1852    0.24743E-04
 1853    0.24666E-04
 1854    0.24589E-04
 1855    0.24513E-04
 1856    0.24437E-04
 1857    0.24360E-04
 1858    0.24285E-04
 1859    0.24209E-04
 1860    0.24134E-04
 1861    0.24058E-04
 1862    0.23984E-04
 1863    0.23909E-04
 1864    0.23834E-04
 1865    0.23760E-04
 1866    0.23686E-04
 1867    0.23612E-04
 1868    0.23539E-04
 1869    0.23466E-04
 1870    0.23393E-04
 1871    0.23320E-04
 1872    0.23247E-04
 1873    0.23175E-04
 1874    0.23103E-04
 1875    0.23031E-04
 1876    0.22959E-04
 1877    0.22887E-04
 1878    0.22816E-04
 1879    0.22745E-04
 1880    0.22674E-04
 1881    0.22604E-04
 1882    0.22533E-04
 1883    0.22463E-04
 1884    0.22393E-04
 1885    0.22323E-04
 1886    0.22254E-04
 1887    0.22185E-04
 1888    0.22116E-04
 1889    0.22047E-04
 1890    0.21978E-04
 1891    0.21910E-04
 1892    0.21841E-04
 1893    0.21773E-04
 1894    0.21706E-04
 1895    0.21638E-04
 1896    0.21571E-04
 1897    0.21503E-04
 1898    0.21437E-04
 1899    0.21370E-04
 1900    0.21303E-04
 1901    0.21237E-04
 1902    0.21171E-04
 1903    0.21105E-04
 1904    0.21039E-04
 1905    0.20974E-04
 1906    0.20908E-04
 1907    0.20843E-04
 1908    0.20778E-04
 1909    0.20714E-04
 1910    0.20649E-04
 1911    0.20585E-04
 1912    0.20521E-04
 1913    0.20457E-04
 1914    0.20393E-04
 1915    0.20330E-04
 1916    0.20266E-04
 1917    0.20203E-04
 1918    0.20140E-04
 1919    0.20078E-04
 1920    0.20015E-04
 1921    0.19953E-04
 1922    0.19891E-04
 1923    0.19829E-04
 1924    0.19767E-04
 1925    0.19705E-04
 1926    0.19644E-04
 1927    0.19583E-04
 1928    0.19522E-04
 1929    0.19461E-04
 1930    0.19401E-04
 1931    0.19340E-04
 1932    0.19280E-04
 1933    0.19220E-04
 1934    0.19160E-04
 1935    0.19100E-04
 1936    0.19041E-04
 1937    0.18982E-04
 1938    0.18923E-04
 1939    0.18864E-04
 1940    0.18805E-04
 1941    0.18746E-04
 1942    0.18688E-04
 1943    0.18630E-04
 1944    0.18572E-04
 1945    0.18514E-04
 1946    0.18456E-04
 1947    0.18399E-04
 1948    0.18341E-04
 1949    0.18284E-04
 1950    0.18227E-04
 1951    0.18171E-04
 1952    0.18114E-04
 1953    0.18058E-04
 1954    0.18001E-04
 1955    0.17945E-04
 1956    0.17890E-04
 1957    0.17834E-04
 1958    0.17778E-04
 1959    0.17723E-04
 1960    0.17668E-04
 1961    0.17613E-04
 1962    0.17558E-04
 1963    0.17503E-04
 1964    0.17449E-04
 1965    0.17394E-04
 1966    0.17340E-04
 1967    0.17286E-04
 1968    0.17232E-04
 1969    0.17179E-04
 1970    0.17125E-04
 1971    0.17072E-04
 1972    0.17019E-04
 1973    0.16966E-04
 1974    0.16913E-04
 1975    0.16860E-04
 1976    0.16808E-04
 1977    0.16756E-04
 1978    0.16703E-04
 1979    0.16651E-04
 1980    0.16599E-04
 1981    0.16548E-04
 1982    0.16496E-04
 1983    0.16445E-04
 1984    0.16394E-04
 1985    0.16343E-04
 1986    0.16292E-04
 1987    0.16241E-04
 1988    0.16190E-04
 1989    0.16140E-04
 1990    0.16090E-04
 1991    0.16040E-04
 1992    0.15990E-04
 1993    0.15940E-04
 1994    0.15890E-04
 1995    0.15841E-04
 1996    0.15792E-04
 1997    0.15742E-04
 1998    0.15693E-04
 1999    0.15644E-04
 2000    0.15596E-04
 2001    0.15547E-04
 2002    0.15499E-04
 2003    0.15451E-04
 2004    0.15402E-04
 2005    0.15354E-04
 2006    0.15307E-04
 2007    0.15259E-04
 2008    0.15211E-04
 2009    0.15164E-04
 2010    0.15117E-04
 2011    0.15070E-04
 2012    0.15023E-04
 2013    0.14976E-04
 2014    0.14930E-04
 2015    0.14883E-04
 2016    0.14837E-04
 2017    0.14790E-04
 2018    0.14744E-04
 2019    0.14699E-04
 2020    0.14653E-04
 2021    0.14607E-04
 2022    0.14562E-04
 2023    0.14516E-04
 2024    0.14471E-04
 2025    0.14426E-04
 2026    0.14381E-04
 2027    0.14336E-04
 2028    0.14292E-04
 2029    0.14247E-04
 2030    0.14203E-04
 2031    0.14159E-04
 2032    0.14115E-04
 2033    0.14071E-04
 2034    0.14027E-04
 2035    0.13983E-04
 2036    0.13940E-04
 2037    0.13896E-04
 2038    0.13853E-04
 2039    0.13810E-04
 2040    0.13767E-04
 2041    0.13724E-04
 2042    0.13681E-04
 2043    0.13639E-04
 2044    0.13596E-04
 2045    0.13554E-04
 2046    0.13512E-04
 2047    0.13469E-04
 2048    0.13428E-04
 2049    0.13386E-04
 2050    0.13344E-04
 2051    0.13303E-04
 2052    0.13261E-04
 2053    0.13220E-04
 2054    0.13179E-04
 2055    0.13138E-04
 2056    0.13097E-04
 2057    0.13056E-04
 2058    0.13015E-04
 2059    0.12975E-04
 2060    0.12934E-04
 2061    0.12894E-04
 2062    0.12854E-04
 2063    0.12814E-04
 2064    0.12774E-04
 2065    0.12734E-04
 2066    0.12695E-04
 2067    0.12655E-04
 2068    0.12616E-04
 2069    0.12576E-04
 2070    0.12537E-04
 2071    0.12498E-04
 2072    0.12459E-04
 2073    0.12420E-04
 2074    0.12382E-04
 2075    0.12343E-04
 2076    0.12305E-04
 2077    0.12266E-04
 2078    0.12228E-04
 2079    0.12190E-04
 2080    0.12152E-04
 2081    0.12114E-04
 2082    0.12077E-04
 2083    0.12039E-04
 2084    0.12002E-04
 2085    0.11964E-04
 2086    0.11927E-04
 2087    0.11890E-04
 2088    0.11853E-04
 2089    0.11816E-04
 2090    0.11779E-04
 2091    0.11742E-04
 2092    0.11706E-04
 2093    0.11669E-04
 2094    0.11633E-04
 2095    0.11597E-04
 2096    0.11561E-04
 2097    0.11525E-04
 2098    0.11489E-04
 2099    0.11453E-04
 2100    0.11417E-04
 2101    0.11382E-04
 2102    0.11346E-04
 2103    0.11311E-04
 2104    0.11276E-04
 2105    0.11241E-04
 2106    0.11206E-04
 2107    0.11171E-04
 2108    0.11136E-04
 2109    0.11101E-04
 2110    0.11067E-04
 2111    0.11032E-04
 2112    0.10998E-04
 2113    0.10964E-04
 2114    0.10930E-04
 2115    0.10896E-04
 2116    0.10862E-04
 2117    0.10828E-04
 2118    0.10794E-04
 2119    0.10761E-04
 2120    0.10727E-04
 2121    0.10694E-04
 2122    0.10660E-04
 2123    0.10627E-04
 2124    0.10594E-04
 2125    0.10561E-04
 2126    0.10528E-04
 2127    0.10495E-04
 2128    0.10463E-04
 2129    0.10430E-04
 2130    0.10398E-04
 2131    0.10365E-04
 2132    0.10333E-04
 2133    0.10301E-04
 2134    0.10269E-04
 2135    0.10237E-04
 2136    0.10205E-04
 2137    0.10173E-04
 2138    0.10142E-04
 2139    0.10110E-04
 2140    0.10078E-04
 2141    0.10047E-04
 2142    0.10016E-04
 2143    0.99846E-05
 2144    0.99535E-05
 2145    0.99225E-05
 2146    0.98916E-05
 2147    0.98608E-05
 2148    0.98301E-05
 2149    0.97995E-05
 2150    0.97690E-05
 2151    0.97386E-05
 2152    0.97083E-05
 2153    0.96781E-05
 2154    0.96479E-05
 2155    0.96179E-05
 2156    0.95879E-05
 2157    0.95581E-05
 2158    0.95283E-05
 2159    0.94986E-05
 2160    0.94691E-05
 2161    0.94396E-05
 2162    0.94102E-05
 2163    0.93809E-05
 2164    0.93517E-05
 2165    0.93226E-05
 2166    0.92935E-05
 2167    0.92646E-05
 2168    0.92358E-05
 2169    0.92070E-05
 2170    0.91783E-05
 2171    0.91498E-05
 2172    0.91213E-05
 2173    0.90929E-05
 2174    0.90646E-05
 2175    0.90363E-05
 2176    0.90082E-05
 2177    0.89801E-05
 2178    0.89522E-05
 2179    0.89243E-05
 2180    0.88965E-05
 2181    0.88688E-05
 2182    0.88412E-05
 2183    0.88137E-05
 2184    0.87862E-05
 2185    0.87589E-05
 2186    0.87316E-05
 2187    0.87044E-05
 2188    0.86773E-05
 2189    0.86503E-05
 2190    0.86234E-05
 2191    0.85965E-05
 2192    0.85697E-05
 2193    0.85431E-05
 2194    0.85165E-05
 2195    0.84899E-05
 2196    0.84635E-05
 2197    0.84372E-05
 2198    0.84109E-05
 2199    0.83847E-05
 2200    0.83586E-05
 2201    0.83326E-05
 2202    0.83066E-05
 2203    0.82807E-05
 2204    0.82550E-05
 2205    0.82293E-05
 2206    0.82036E-05
 2207    0.81781E-05
 2208    0.81526E-05
 2209    0.81272E-05
 2210    0.81019E-05
 2211    0.80767E-05
 2212    0.80516E-05
 2213    0.80265E-05
 2214    0.80015E-05
 2215    0.79766E-05
 2216    0.79518E-05
 2217    0.79270E-05
 2218    0.79023E-05
 2219    0.78777E-05
 2220    0.78532E-05
 2221    0.78287E-05
 2222    0.78043E-05
 2223    0.77800E-05
 2224    0.77558E-05
 2225    0.77317E-05
 2226    0.77076E-05
 2227    0.76836E-05
 2228    0.76597E-05
 2229    0.76358E-05
 2230    0.76121E-05
 2231    0.75884E-05
 2232    0.75647E-05
 2233    0.75412E-05
 2234    0.75177E-05
 2235    0.74943E-05
 2236    0.74709E-05
 2237    0.74477E-05
 2238    0.74245E-05
 2239    0.74014E-05
 2240    0.73783E-05
 2241    0.73554E-05
 2242    0.73325E-05
 2243    0.73096E-05
 2244    0.72869E-05
 2245    0.72642E-05
 2246    0.72416E-05
 2247    0.72190E-05
 2248    0.71965E-05
 2249    0.71741E-05
 2250    0.71518E-05
 2251    0.71295E-05
 2252    0.71073E-05
 2253    0.70852E-05
 2254    0.70631E-05
 2255    0.70411E-05
 2256    0.70192E-05
 2257    0.69974E-05
 2258    0.69756E-05
 2259    0.69538E-05
 2260    0.69322E-05
 2261    0.69106E-05
 2262    0.68891E-05
 2263    0.68676E-05
 2264    0.68463E-05
 2265    0.68249E-05
 2266    0.68037E-05
 2267    0.67825E-05
 2268    0.67614E-05
 2269    0.67403E-05
 2270    0.67193E-05
 2271    0.66984E-05
 2272    0.66776E-05
 2273    0.66568E-05
 2274    0.66361E-05
 2275    0.66154E-05
 2276    0.65948E-05
 2277    0.65743E-05
 2278    0.65538E-05
 2279    0.65334E-05
 2280    0.65130E-05
 2281    0.64928E-05
 2282    0.64725E-05
 2283    0.64524E-05
 2284    0.64323E-05
 2285    0.64123E-05
 2286    0.63923E-05
 2287    0.63724E-05
 2288    0.63526E-05
 2289    0.63328E-05
 2290    0.63131E-05
 2291    0.62934E-05
 2292    0.62738E-05
 2293    0.62543E-05
 2294    0.62348E-05
 2295    0.62154E-05
 2296    0.61960E-05
 2297    0.61767E-05
 2298    0.61575E-05
 2299    0.61383E-05
 2300    0.61192E-05
 2301    0.61002E-05
 2302    0.60812E-05
 2303    0.60622E-05
 2304    0.60434E-05
 2305    0.60245E-05
 2306    0.60058E-05
 2307    0.59871E-05
 2308    0.59684E-05
 2309    0.59499E-05
 2310    0.59313E-05
 2311    0.59129E-05
 2312    0.58945E-05
 2313    0.58761E-05
 2314    0.58578E-05
 2315    0.58396E-05
 2316    0.58214E-05
 2317    0.58033E-05
 2318    0.57852E-05
 2319    0.57672E-05
 2320    0.57492E-05
 2321    0.57313E-05
 2322    0.57135E-05
 2323    0.56957E-05
 2324    0.56780E-05
 2325    0.56603E-05
 2326    0.56426E-05
 2327    0.56251E-05
 2328    0.56076E-05
 2329    0.55901E-05
 2330    0.55727E-05
 2331    0.55553E-05
 2332    0.55380E-05
 2333    0.55208E-05
 2334    0.55036E-05
 2335    0.54865E-05
 2336    0.54694E-05
 2337    0.54524E-05
 2338    0.54354E-05
 2339    0.54185E-05
 2340    0.54016E-05
 2341    0.53848E-05
 2342    0.53680E-05
 2343    0.53513E-05
 2344    0.53346E-05
 2345    0.53180E-05
 2346    0.53015E-05
 2347    0.52850E-05
 2348    0.52685E-05
 2349    0.52521E-05
 2350    0.52357E-05
 2351    0.52194E-05
 2352    0.52032E-05
 2353    0.51870E-05
 2354    0.51708E-05
 2355    0.51547E-05
 2356    0.51387E-05
 2357    0.51227E-05
 2358    0.51067E-05
 2359    0.50908E-05
 2360    0.50750E-05
 2361    0.50592E-05
 2362    0.50434E-05
 2363    0.50277E-05
 2364    0.50121E-05
 2365    0.49965E-05
 2366    0.49809E-05
 2367    0.49654E-05
 2368    0.49499E-05
 2369    0.49345E-05
 2370    0.49192E-05
 2371    0.49038E-05
 2372    0.48886E-05
 2373    0.48734E-05
 2374    0.48582E-05
 2375    0.48431E-05
 2376    0.48280E-05
 2377    0.48129E-05
 2378    0.47980E-05
 2379    0.47830E-05
 2380    0.47681E-05
 2381    0.47533E-05
 2382    0.47385E-05
 2383    0.47237E-05
 2384    0.47090E-05
 2385    0.46944E-05
 2386    0.46797E-05
 2387    0.46652E-05
 2388    0.46506E-05
 2389    0.46362E-05
 2390    0.46217E-05
 2391    0.46073E-05
 2392    0.45930E-05
 2393    0.45787E-05
 2394    0.45644E-05
 2395    0.45502E-05
 2396    0.45360E-05
 2397    0.45219E-05
 2398    0.45078E-05
 2399    0.44938E-05
 2400    0.44798E-05
 2401    0.44659E-05
 2402    0.44520E-05
 2403    0.44381E-05
 2404    0.44243E-05
 2405    0.44105E-05
 2406    0.43968E-05
 2407    0.43831E-05
 2408    0.43694E-05
 2409    0.43558E-05
 2410    0.43423E-05
 2411    0.43287E-05
 2412    0.43153E-05
 2413    0.43018E-05
 2414    0.42884E-05
 2415    0.42751E-05
 2416    0.42618E-05
 2417    0.42485E-05
 2418    0.42353E-05
 2419    0.42221E-05
 2420    0.42089E-05
 2421    0.41958E-05
 2422    0.41828E-05
 2423    0.41697E-05
 2424    0.41568E-05
 2425    0.41438E-05
 2426    0.41309E-05
 2427    0.41181E-05
 2428    0.41052E-05
 2429    0.40925E-05
 2430    0.40797E-05
 2431    0.40670E-05
 2432    0.40543E-05
 2433    0.40417E-05
 2434    0.40291E-05
 2435    0.40166E-05
 2436    0.40041E-05
 2437    0.39916E-05
 2438    0.39792E-05
 2439    0.39668E-05
 2440    0.39544E-05
 2441    0.39421E-05
 2442    0.39299E-05
 2443    0.39176E-05
 2444    0.39054E-05
 2445    0.38933E-05
 2446    0.38811E-05
 2447    0.38691E-05
 2448    0.38570E-05
 2449    0.38450E-05
 2450    0.38330E-05
 2451    0.38211E-05
 2452    0.38092E-05
 2453    0.37973E-05
 2454    0.37855E-05
 2455    0.37737E-05
 2456    0.37620E-05
 2457    0.37503E-05
 2458    0.37386E-05
 2459    0.37269E-05
 2460    0.37153E-05
 2461    0.37038E-05
 2462    0.36922E-05
 2463    0.36807E-05
 2464    0.36693E-05
 2465    0.36579E-05
 2466    0.36465E-05
 2467    0.36351E-05
 2468    0.36238E-05
 2469    0.36125E-05
 2470    0.36013E-05
 2471    0.35900E-05
 2472    0.35789E-05
 2473    0.35677E-05
 2474    0.35566E-05
 2475    0.35455E-05
 2476    0.35345E-05
 2477    0.35235E-05
 2478    0.35125E-05
 2479    0.35016E-05
 2480    0.34907E-05
 2481    0.34798E-05
 2482    0.34690E-05
 2483    0.34582E-05
 2484    0.34474E-05
 2485    0.34367E-05
 2486    0.34260E-05
 2487    0.34153E-05
 2488    0.34047E-05
 2489    0.33941E-05
 2490    0.33835E-05
 2491    0.33730E-05
 2492    0.33625E-05
 2493    0.33520E-05
 2494    0.33416E-05
 2495    0.33312E-05
 2496    0.33208E-05
 2497    0.33104E-05
 2498    0.33001E-05
 2499    0.32899E-05
 2500    0.32796E-05
 2501    0.32694E-05
 2502    0.32592E-05
 2503    0.32491E-05
 2504    0.32390E-05
 2505    0.32289E-05
 2506    0.32188E-05
 2507    0.32088E-05
 2508    0.31988E-05
 2509    0.31889E-05
 2510    0.31789E-05
 2511    0.31690E-05
 2512    0.31592E-05
 2513    0.31493E-05
 2514    0.31395E-05
 2515    0.31297E-05
 2516    0.31200E-05
 2517    0.31103E-05
 2518    0.31006E-05
 2519    0.30909E-05
 2520    0.30813E-05
 2521    0.30717E-05
 2522    0.30622E-05
 2523    0.30526E-05
 2524    0.30431E-05
 2525    0.30336E-05
 2526    0.30242E-05
 2527    0.30148E-05
 2528    0.30054E-05
 2529    0.29960E-05
 2530    0.29867E-05
 2531    0.29774E-05
 2532    0.29681E-05
 2533    0.29589E-05
 2534    0.29497E-05
 2535    0.29405E-05
 2536    0.29313E-05
 2537    0.29222E-05
 2538    0.29131E-05
 2539    0.29040E-05
 2540    0.28950E-05
 2541    0.28860E-05
 2542    0.28770E-05
 2543    0.28680E-05
 2544    0.28591E-05
 2545    0.28502E-05
 2546    0.28413E-05
 2547    0.28325E-05
 2548    0.28237E-05
 2549    0.28149E-05
 2550    0.28061E-05
 2551    0.27974E-05
 2552    0.27887E-05
 2553    0.27800E-05
 2554    0.27713E-05
 2555    0.27627E-05
 2556    0.27541E-05
 2557    0.27455E-05
 2558    0.27370E-05
 2559    0.27285E-05
 2560    0.27200E-05
 2561    0.27115E-05
 2562    0.27030E-05
 2563    0.26946E-05
 2564    0.26862E-05
 2565    0.26779E-05
 2566    0.26695E-05
 2567    0.26612E-05
 2568    0.26529E-05
 2569    0.26447E-05
 2570    0.26364E-05
 2571    0.26282E-05
 2572    0.26201E-05
 2573    0.26119E-05
 2574    0.26038E-05
 2575    0.25957E-05
 2576    0.25876E-05
 2577    0.25795E-05
 2578    0.25715E-05
 2579    0.25635E-05
 2580    0.25555E-05
 2581    0.25475E-05
 2582    0.25396E-05
 2583    0.25317E-05
 2584    0.25238E-05
 2585    0.25160E-05
 2586    0.25081E-05
 2587    0.25003E-05
 2588    0.24925E-05
 2589    0.24848E-05
 2590    0.24770E-05
 2591    0.24693E-05
 2592    0.24616E-05
 2593    0.24540E-05
 2594    0.24463E-05
 2595    0.24387E-05
 2596    0.24311E-05
 2597    0.24235E-05
 2598    0.24160E-05
 2599    0.24085E-05
 2600    0.24010E-05
 2601    0.23935E-05
 2602    0.23860E-05
 2603    0.23786E-05
 2604    0.23712E-05
 2605    0.23638E-05
 2606    0.23565E-05
 2607    0.23491E-05
 2608    0.23418E-05
 2609    0.23345E-05
 2610    0.23273E-05
 2611    0.23200E-05
 2612    0.23128E-05
 2613    0.23056E-05
 2614    0.22984E-05
 2615    0.22912E-05
 2616    0.22841E-05
 2617    0.22770E-05
 2618    0.22699E-05
 2619    0.22628E-05
 2620    0.22558E-05
 2621    0.22488E-05
 2622    0.22418E-05
 2623    0.22348E-05
 2624    0.22278E-05
 2625    0.22209E-05
 2626    0.22140E-05
 2627    0.22071E-05
 2628    0.22002E-05
 2629    0.21934E-05
 2630    0.21865E-05
 2631    0.21797E-05
 2632    0.21729E-05
 2633    0.21662E-05
 2634    0.21594E-05
 2635    0.21527E-05
 2636    0.21460E-05
 2637    0.21393E-05
 2638    0.21327E-05
 2639    0.21260E-05
 2640    0.21194E-05
 2641    0.21128E-05
 2642    0.21062E-05
 2643    0.20997E-05
 2644    0.20931E-05
 2645    0.20866E-05
 2646    0.20801E-05
 2647    0.20736E-05
 2648    0.20672E-05
 2649    0.20607E-05
 2650    0.20543E-05
 2651    0.20479E-05
 2652    0.20416E-05
 2653    0.20352E-05
 2654    0.20289E-05
 2655    0.20225E-05
 2656    0.20162E-05
 2657    0.20100E-05
 2658    0.20037E-05
 2659    0.19975E-05
 2660    0.19913E-05
 2661    0.19851E-05
 2662    0.19789E-05
 2663    0.19727E-05
 2664    0.19666E-05
 2665    0.19604E-05
 2666    0.19543E-05
 2667    0.19483E-05
 2668    0.19422E-05
 2669    0.19361E-05
 2670    0.19301E-05
 2671    0.19241E-05
 2672    0.19181E-05
 2673    0.19121E-05
 2674    0.19062E-05
 2675    0.19003E-05
 2676    0.18943E-05
 2677    0.18884E-05
 2678    0.18826E-05
 2679    0.18767E-05
 2680    0.18709E-05
 2681    0.18650E-05
 2682    0.18592E-05
 2683    0.18534E-05
 2684    0.18477E-05
 2685    0.18419E-05
 2686    0.18362E-05
 2687    0.18305E-05
 2688    0.18248E-05
 2689    0.18191E-05
 2690    0.18134E-05
 2691    0.18078E-05
 2692    0.18021E-05
 2693    0.17965E-05
 2694    0.17909E-05
 2695    0.17854E-05
 2696    0.17798E-05
 2697    0.17743E-05
 2698    0.17687E-05
 2699    0.17632E-05
 2700    0.17577E-05
 2701    0.17523E-05
 2702    0.17468E-05
 2703    0.17414E-05
 2704    0.17359E-05
 2705    0.17305E-05
 2706    0.17251E-05
 2707    0.17198E-05
 2708    0.17144E-05
 2709    0.17091E-05
 2710    0.17038E-05
 2711    0.16985E-05
 2712    0.16932E-05
 2713    0.16879E-05
 2714    0.16826E-05
 2715    0.16774E-05
 2716    0.16722E-05
 2717    0.16670E-05
 2718    0.16618E-05
 2719    0.16566E-05
 2720    0.16514E-05
 2721    0.16463E-05
 2722    0.16412E-05
 2723    0.16361E-05
 2724    0.16310E-05
 2725    0.16259E-05
 2726    0.16208E-05
 2727    0.16158E-05
 2728    0.16108E-05
 2729    0.16057E-05
 2730    0.16007E-05
 2731    0.15958E-05
 2732    0.15908E-05
 2733    0.15858E-05
 2734    0.15809E-05
 2735    0.15760E-05
 2736    0.15711E-05
 2737    0.15662E-05
 2738    0.15613E-05
 2739    0.15564E-05
 2740    0.15516E-05
 2741    0.15468E-05
 2742    0.15419E-05
 2743    0.15371E-05
 2744    0.15324E-05
 2745    0.15276E-05
 2746    0.15228E-05
 2747    0.15181E-05
 2748    0.15134E-05
 2749    0.15086E-05
 2750    0.15040E-05
 2751    0.14993E-05
 2752    0.14946E-05
 2753    0.14899E-05
 2754    0.14853E-05
 2755    0.14807E-05
 2756    0.14761E-05
 2757    0.14715E-05
 2758    0.14669E-05
 2759    0.14623E-05
 2760    0.14578E-05
 2761    0.14532E-05
 2762    0.14487E-05
 2763    0.14442E-05
 2764    0.14397E-05
 2765    0.14352E-05
 2766    0.14308E-05
 2767    0.14263E-05
 2768    0.14219E-05
 2769    0.14174E-05
 2770    0.14130E-05
 2771    0.14086E-05
 2772    0.14042E-05
 2773    0.13999E-05
 2774    0.13955E-05
 2775    0.13912E-05
 2776    0.13868E-05
 2777    0.13825E-05
 2778    0.13782E-05
 2779    0.13739E-05
 2780    0.13696E-05
 2781    0.13654E-05
 2782    0.13611E-05
 2783    0.13569E-05
 2784    0.13527E-05
 2785    0.13484E-05
 2786    0.13442E-05
 2787    0.13401E-05
 2788    0.13359E-05
 2789    0.13317E-05
 2790    0.13276E-05
 2791    0.13234E-05
 2792    0.13193E-05
 2793    0.13152E-05
 2794    0.13111E-05
 2795    0.13070E-05
 2796    0.13030E-05
 2797    0.12989E-05
 2798    0.12949E-05
 2799    0.12908E-05
 2800    0.12868E-05
 2801    0.12828E-05
 2802    0.12788E-05
 2803    0.12748E-05
 2804    0.12709E-05
 2805    0.12669E-05
 2806    0.12630E-05
 2807    0.12590E-05
 2808    0.12551E-05
 2809    0.12512E-05
 2810    0.12473E-05
 2811    0.12434E-05
 2812    0.12395E-05
 2813    0.12357E-05
 2814    0.12318E-05
 2815    0.12280E-05
 2816    0.12242E-05
 2817    0.12204E-05
 2818    0.12166E-05
 2819    0.12128E-05
 2820    0.12090E-05
 2821    0.12052E-05
 2822    0.12015E-05
 2823    0.11977E-05
 2824    0.11940E-05
 2825    0.11903E-05
 2826    0.11866E-05
 2827    0.11829E-05
 2828    0.11792E-05
 2829    0.11755E-05
 2830    0.11719E-05
 2831    0.11682E-05
 2832    0.11646E-05
 2833    0.11610E-05
 2834    0.11574E-05
 2835    0.11538E-05
 2836    0.11502E-05
 2837    0.11466E-05
 2838    0.11430E-05
 2839    0.11395E-05
 2840    0.11359E-05
 2841    0.11324E-05
 2842    0.11288E-05
 2843    0.11253E-05
 2844    0.11218E-05
 2845    0.11183E-05
 2846    0.11148E-05
 2847    0.11114E-05
 2848    0.11079E-05
 2849    0.11045E-05
 2850    0.11010E-05
 2851    0.10976E-05
 2852    0.10942E-05
 2853    0.10908E-05
 2854    0.10874E-05
 2855    0.10840E-05
 2856    0.10806E-05
 2857    0.10773E-05
 2858    0.10739E-05
 2859    0.10706E-05
 2860    0.10672E-05
 2861    0.10639E-05
 2862    0.10606E-05
 2863    0.10573E-05
 2864    0.10540E-05
 2865    0.10507E-05
 2866    0.10474E-05
 2867    0.10442E-05
 2868    0.10409E-05
 2869    0.10377E-05
 2870    0.10345E-05
 2871    0.10312E-05
 2872    0.10280E-05
 2873    0.10248E-05
 2874    0.10216E-05
 2875    0.10184E-05
 2876    0.10153E-05
 2877    0.10121E-05
 2878    0.10090E-05
 2879    0.10058E-05
 2880    0.10027E-05
 2881    0.99957E-06
 2882    0.99646E-06
 2883    0.99335E-06
 2884    0.99026E-06
 2885    0.98718E-06
 2886    0.98410E-06
 2887    0.98104E-06
 2888    0.97798E-06
 2889    0.97494E-06
 2890    0.97190E-06
 2891    0.96888E-06
 2892    0.96586E-06
 2893    0.96285E-06
 2894    0.95986E-06
 2895    0.95687E-06
 2896    0.95389E-06
 2897    0.95092E-06
 2898    0.94796E-06
 2899    0.94500E-06
 2900    0.94206E-06
 2901    0.93913E-06
 2902    0.93620E-06
 2903    0.93329E-06
 2904    0.93038E-06
 2905    0.92749E-06
 2906    0.92460E-06
 2907    0.92172E-06
 2908    0.91885E-06
 2909    0.91599E-06
 2910    0.91314E-06
 2911    0.91029E-06
 2912    0.90746E-06
 2913    0.90463E-06
 2914    0.90182E-06
 2915    0.89901E-06
 2916    0.89621E-06
 2917    0.89342E-06
 2918    0.89064E-06
 2919    0.88786E-06
 2920    0.88510E-06
 2921    0.88234E-06
 2922    0.87960E-06
 2923    0.87686E-06
 2924    0.87413E-06
 2925    0.87141E-06
 2926    0.86869E-06
 2927    0.86599E-06
 2928    0.86329E-06
 2929    0.86060E-06
 2930    0.85792E-06
 2931    0.85525E-06
 2932    0.85259E-06
 2933    0.84994E-06
 2934    0.84729E-06
 2935    0.84465E-06
 2936    0.84202E-06
 2937    0.83940E-06
 2938    0.83679E-06
 2939    0.83418E-06
 2940    0.83158E-06
 2941    0.82899E-06
 2942    0.82641E-06
 2943    0.82384E-06
 2944    0.82127E-06
 2945    0.81872E-06
 2946    0.81617E-06
 2947    0.81363E-06
 2948    0.81109E-06
 2949    0.80857E-06
 2950    0.80605E-06
 2951    0.80354E-06
 2952    0.80104E-06
 2953    0.79854E-06
 2954    0.79606E-06
 2955    0.79358E-06
 2956    0.79111E-06
 2957    0.78864E-06
 2958    0.78619E-06
 2959    0.78374E-06
 2960    0.78130E-06
 2961    0.77887E-06
 2962    0.77644E-06
 2963    0.77402E-06
 2964    0.77161E-06
 2965    0.76921E-06
 2966    0.76682E-06
 2967    0.76443E-06
 2968    0.76205E-06
 2969    0.75968E-06
 2970    0.75731E-06
 2971    0.75495E-06
 2972    0.75260E-06
 2973    0.75026E-06
 2974    0.74792E-06
 2975    0.74559E-06
 2976    0.74327E-06
 2977    0.74096E-06
 2978    0.73865E-06
 2979    0.73635E-06
 2980    0.73406E-06
 2981    0.73177E-06
 2982    0.72949E-06
 2983    0.72722E-06
 2984    0.72496E-06
 2985    0.72270E-06
 2986    0.72045E-06
 2987    0.71821E-06
 2988    0.71597E-06
 2989    0.71374E-06
 2990    0.71152E-06
 2991    0.70930E-06
 2992    0.70710E-06
 2993    0.70489E-06
 2994    0.70270E-06
 2995    0.70051E-06
 2996    0.69833E-06
 2997    0.69616E-06
 2998    0.69399E-06
 2999    0.69183E-06
 3000    0.68967E-06
 3001    0.68753E-06
 3002    0.68539E-06
 3003    0.68325E-06
 3004    0.68112E-06
 3005    0.67900E-06
 3006    0.67689E-06
 3007    0.67478E-06
 3008    0.67268E-06
 3009    0.67059E-06
 3010    0.66850E-06
 3011    0.66642E-06
 3012    0.66434E-06
 3013    0.66227E-06
 3014    0.66021E-06
 3015    0.65816E-06
 3016    0.65611E-06
 3017    0.65406E-06
 3018    0.65203E-06
 3019    0.65000E-06
 3020    0.64797E-06
 3021    0.64595E-06
 3022    0.64394E-06
 3023    0.64194E-06
 3024    0.63994E-06
 3025    0.63795E-06
 3026    0.63596E-06
 3027    0.63398E-06
 3028    0.63201E-06
 3029    0.63004E-06
 3030    0.62808E-06
 3031    0.62612E-06
 3032    0.62417E-06
 3033    0.62223E-06
 3034    0.62029E-06
 3035    0.61836E-06
 3036    0.61643E-06
 3037    0.61451E-06
 3038    0.61260E-06
 3039    0.61069E-06
 3040    0.60879E-06
 3041    0.60690E-06
 3042    0.60501E-06
 3043    0.60312E-06
 3044    0.60125E-06
 3045    0.59937E-06
 3046    0.59751E-06
 3047    0.59565E-06
 3048    0.59379E-06
 3049    0.59194E-06
 3050    0.59010E-06
 3051    0.58826E-06
 3052    0.58643E-06
 3053    0.58460E-06
 3054    0.58278E-06
 3055    0.58097E-06
 3056    0.57916E-06
 3057    0.57736E-06
 3058    0.57556E-06
 3059    0.57377E-06
 3060    0.57198E-06
 3061    0.57020E-06
 3062    0.56843E-06
 3063    0.56666E-06
 3064    0.56489E-06
 3065    0.56313E-06
 3066    0.56138E-06
 3067    0.55963E-06
 3068    0.55789E-06
 3069    0.55615E-06
 3070    0.55442E-06
 3071    0.55269E-06
 3072    0.55097E-06
 3073    0.54926E-06
 3074    0.54755E-06
 3075    0.54584E-06
 3076    0.54414E-06
 3077    0.54245E-06
 3078    0.54076E-06
 3079    0.53907E-06
 3080    0.53740E-06
 3081    0.53572E-06
 3082    0.53406E-06
 3083    0.53239E-06
 3084    0.53073E-06
 3085    0.52908E-06
 3086    0.52743E-06
 3087    0.52579E-06
 3088    0.52416E-06
 3089    0.52252E-06
 3090    0.52090E-06
 3091    0.51927E-06
 3092    0.51766E-06
 3093    0.51605E-06
 3094    0.51444E-06
 3095    0.51284E-06
 3096    0.51124E-06
 3097    0.50965E-06
 3098    0.50806E-06
 3099    0.50648E-06
 3100    0.50490E-06
 3101    0.50333E-06
 3102    0.50176E-06
 3103    0.50020E-06
 3104    0.49864E-06
 3105    0.49709E-06
 3106    0.49554E-06
 3107    0.49400E-06
 3108    0.49246E-06
 3109    0.49093E-06
 3110    0.48940E-06
 3111    0.48788E-06
 3112    0.48636E-06
 3113    0.48484E-06
 3114    0.48333E-06
 3115    0.48183E-06
 3116    0.48033E-06
 3117    0.47883E-06
 3118    0.47734E-06
 3119    0.47586E-06
 3120    0.47437E-06
 3121    0.47290E-06
 3122    0.47142E-06
 3123    0.46996E-06
 3124    0.46849E-06
 3125    0.46703E-06
 3126    0.46558E-06
 3127    0.46413E-06
 3128    0.46269E-06
 3129    0.46124E-06
 3130    0.45981E-06
 3131    0.45838E-06
 3132    0.45695E-06
 3133    0.45553E-06
 3134    0.45411E-06
 3135    0.45269E-06
 3136    0.45128E-06
 3137    0.44988E-06
 3138    0.44848E-06
 3139    0.44708E-06
 3140    0.44569E-06
 3141    0.44430E-06
 3142    0.44292E-06
 3143    0.44154E-06
 3144    0.44017E-06
 3145    0.43879E-06
 3146    0.43743E-06
 3147    0.43607E-06
 3148    0.43471E-06
 3149    0.43336E-06
 3150    0.43201E-06
 3151    0.43066E-06
 3152    0.42932E-06
 3153    0.42798E-06
 3154    0.42665E-06
 3155    0.42532E-06
 3156    0.42400E-06
 3157    0.42268E-06
 3158    0.42136E-06
 3159    0.42005E-06
 3160    0.41874E-06
 3161    0.41744E-06
 3162    0.41614E-06
 3163    0.41484E-06
 3164    0.41355E-06
 3165    0.41226E-06
 3166    0.41098E-06
 3167    0.40970E-06
 3168    0.40842E-06
 3169    0.40715E-06
 3170    0.40588E-06
 3171    0.40462E-06
 3172    0.40336E-06
 3173    0.40210E-06
 3174    0.40085E-06
 3175    0.39960E-06
 3176    0.39836E-06
 3177    0.39712E-06
 3178    0.39588E-06
 3179    0.39465E-06
 3180    0.39342E-06
 3181    0.39220E-06
 3182    0.39098E-06
 3183    0.38976E-06
 3184    0.38854E-06
 3185    0.38734E-06
 3186    0.38613E-06
 3187    0.38493E-06
 3188    0.38373E-06
 3189    0.38253E-06
 3190    0.38134E-06
 3191    0.38016E-06
 3192    0.37897E-06
 3193    0.37779E-06
 3194    0.37662E-06
 3195    0.37544E-06
 3196    0.37427E-06
 3197    0.37311E-06
 3198    0.37195E-06
 3199    0.37079E-06
 3200    0.36963E-06
 3201    0.36848E-06
 3202    0.36734E-06
 3203    0.36619E-06
 3204    0.36505E-06
 3205    0.36391E-06
 3206    0.36278E-06
 3207    0.36165E-06
 3208    0.36053E-06
 3209    0.35940E-06
 3210    0.35828E-06
 3211    0.35717E-06
 3212    0.35606E-06
 3213    0.35495E-06
 3214    0.35384E-06
 3215    0.35274E-06
 3216    0.35164E-06
 3217    0.35055E-06
 3218    0.34946E-06
 3219    0.34837E-06
 3220    0.34728E-06
 3221    0.34620E-06
 3222    0.34512E-06
 3223    0.34405E-06
 3224    0.34298E-06
 3225    0.34191E-06
 3226    0.34085E-06
 3227    0.33978E-06
 3228    0.33873E-06
 3229    0.33767E-06
 3230    0.33662E-06
 3231    0.33557E-06
 3232    0.33453E-06
 3233    0.33349E-06
 3234    0.33245E-06
 3235    0.33141E-06
 3236    0.33038E-06
 3237    0.32935E-06
 3238    0.32833E-06
 3239    0.32730E-06
 3240    0.32628E-06
 3241    0.32527E-06
 3242    0.32426E-06
 3243    0.32325E-06
 3244    0.32224E-06
 3245    0.32124E-06
 3246    0.32024E-06
 3247    0.31924E-06
 3248    0.31825E-06
 3249    0.31725E-06
 3250    0.31627E-06
 3251    0.31528E-06
 3252    0.31430E-06
 3253    0.31332E-06
 3254    0.31235E-06
 3255    0.31137E-06
 3256    0.31040E-06
 3257    0.30944E-06
 3258    0.30847E-06
 3259    0.30751E-06
 3260    0.30656E-06
 3261    0.30560E-06
 3262    0.30465E-06
 3263    0.30370E-06
 3264    0.30276E-06
 3265    0.30181E-06
 3266    0.30087E-06
 3267    0.29994E-06
 3268    0.29900E-06
 3269    0.29807E-06
 3270    0.29714E-06
 3271    0.29622E-06
 3272    0.29530E-06
 3273    0.29438E-06
 3274    0.29346E-06
 3275    0.29255E-06
 3276    0.29164E-06
 3277    0.29073E-06
 3278    0.28982E-06
 3279    0.28892E-06
 3280    0.28802E-06
 3281    0.28712E-06
 3282    0.28623E-06
 3283    0.28534E-06
 3284    0.28445E-06
 3285    0.28356E-06
 3286    0.28268E-06
 3287    0.28180E-06
 3288    0.28092E-06
 3289    0.28005E-06
 3290    0.27918E-06
 3291    0.27831E-06
 3292    0.27744E-06
 3293    0.27658E-06
 3294    0.27572E-06
 3295    0.27486E-06
 3296    0.27400E-06
 3297    0.27315E-06
 3298    0.27230E-06
 3299    0.27145E-06
 3300    0.27060E-06
 3301    0.26976E-06
 3302    0.26892E-06
 3303    0.26808E-06
 3304    0.26725E-06
 3305    0.26642E-06
 3306    0.26559E-06
 3307    0.26476E-06
 3308    0.26394E-06
 3309    0.26312E-06
 3310    0.26230E-06
 3311    0.26148E-06
 3312    0.26067E-06
 3313    0.25985E-06
 3314    0.25904E-06
 3315    0.25824E-06
 3316    0.25743E-06
 3317    0.25663E-06
 3318    0.25583E-06
 3319    0.25504E-06
 3320    0.25424E-06
 3321    0.25345E-06
 3322    0.25266E-06
 3323    0.25188E-06
 3324    0.25109E-06
 3325    0.25031E-06
 3326    0.24953E-06
 3327    0.24875E-06
 3328    0.24798E-06
 3329    0.24721E-06
 3330    0.24644E-06
 3331    0.24567E-06
 3332    0.24490E-06
 3333    0.24414E-06
 3334    0.24338E-06
 3335    0.24262E-06
 3336    0.24187E-06
 3337    0.24111E-06
 3338    0.24036E-06
 3339    0.23962E-06
 3340    0.23887E-06
 3341    0.23813E-06
 3342    0.23738E-06
 3343    0.23665E-06
 3344    0.23591E-06
 3345    0.23517E-06
 3346    0.23444E-06
 3347    0.23371E-06
 3348    0.23298E-06
 3349    0.23226E-06
 3350    0.23154E-06
 3351    0.23081E-06
 3352    0.23010E-06
 3353    0.22938E-06
 3354    0.22867E-06
 3355    0.22795E-06
 3356    0.22724E-06
 3357    0.22654E-06
 3358    0.22583E-06
 3359    0.22513E-06
 3360    0.22443E-06
 3361    0.22373E-06
 3362    0.22303E-06
 3363    0.22234E-06
 3364    0.22164E-06
 3365    0.22095E-06
 3366    0.22027E-06
 3367    0.21958E-06
 3368    0.21890E-06
 3369    0.21822E-06
 3370    0.21754E-06
 3371    0.21686E-06
 3372    0.21618E-06
 3373    0.21551E-06
 3374    0.21484E-06
 3375    0.21417E-06
 3376    0.21350E-06
 3377    0.21284E-06
 3378    0.21218E-06
 3379    0.21151E-06
 3380    0.21086E-06
 3381    0.21020E-06
 3382    0.20955E-06
 3383    0.20889E-06
 3384    0.20824E-06
 3385    0.20759E-06
 3386    0.20695E-06
 3387    0.20630E-06
 3388    0.20566E-06
 3389    0.20502E-06
 3390    0.20438E-06
 3391    0.20375E-06
 3392    0.20311E-06
 3393    0.20248E-06
 3394    0.20185E-06
 3395    0.20122E-06
 3396    0.20059E-06
 3397    0.19997E-06
 3398    0.19935E-06
 3399    0.19873E-06
 3400    0.19811E-06
 3401    0.19749E-06
 3402    0.19688E-06
 3403    0.19626E-06
 3404    0.19565E-06
 3405    0.19504E-06
 3406    0.19443E-06
 3407    0.19383E-06
 3408    0.19323E-06
 3409    0.19262E-06
 3410    0.19202E-06
 3411    0.19143E-06
 3412    0.19083E-06
 3413    0.19024E-06
 3414    0.18964E-06
 3415    0.18905E-06
 3416    0.18846E-06
 3417    0.18788E-06
 3418    0.18729E-06
 3419    0.18671E-06
 3420    0.18613E-06
 3421    0.18555E-06
 3422    0.18497E-06
 3423    0.18440E-06
 3424    0.18382E-06
 3425    0.18325E-06
 3426    0.18268E-06
 3427    0.18211E-06
 3428    0.18154E-06
 3429    0.18098E-06
 3430    0.18041E-06
 3431    0.17985E-06
 3432    0.17929E-06
 3433    0.17873E-06
 3434    0.17818E-06
 3435    0.17762E-06
 3436    0.17707E-06
 3437    0.17652E-06
 3438    0.17597E-06
 3439    0.17542E-06
 3440    0.17487E-06
 3441    0.17433E-06
 3442    0.17379E-06
 3443    0.17325E-06
 3444    0.17271E-06
 3445    0.17217E-06
 3446    0.17163E-06
 3447    0.17110E-06
 3448    0.17057E-06
 3449    0.17003E-06
 3450    0.16950E-06
 3451    0.16898E-06
 3452    0.16845E-06
 3453    0.16793E-06
 3454    0.16740E-06
 3455    0.16688E-06
 3456    0.16636E-06
 3457    0.16584E-06
 3458    0.16533E-06
 3459    0.16481E-06
 3460    0.16430E-06
 3461    0.16379E-06
 3462    0.16328E-06
 3463    0.16277E-06
 3464    0.16226E-06
 3465    0.16176E-06
 3466    0.16125E-06
 3467    0.16075E-06
 3468    0.16025E-06
 3469    0.15975E-06
 3470    0.15926E-06
 3471    0.15876E-06
 3472    0.15827E-06
 3473    0.15777E-06
 3474    0.15728E-06
 3475    0.15679E-06
 3476    0.15630E-06
 3477    0.15582E-06
 3478    0.15533E-06
 3479    0.15485E-06
 3480    0.15437E-06
 3481    0.15388E-06
 3482    0.15341E-06
 3483    0.15293E-06
 3484    0.15245E-06
 3485    0.15198E-06
 3486    0.15150E-06
 3487    0.15103E-06
 3488    0.15056E-06
 3489    0.15009E-06
 3490    0.14963E-06
 3491    0.14916E-06
 3492    0.14870E-06
 3493    0.14823E-06
 3494    0.14777E-06
 3495    0.14731E-06
 3496    0.14685E-06
 3497    0.14640E-06
 3498    0.14594E-06
 3499    0.14548E-06
 3500    0.14503E-06
 3501    0.14458E-06
 3502    0.14413E-06
 3503    0.14368E-06
 3504    0.14323E-06
 3505    0.14279E-06
 3506    0.14234E-06
 3507    0.14190E-06
 3508    0.14146E-06
 3509    0.14102E-06
 3510    0.14058E-06
 3511    0.14014E-06
 3512    0.13970E-06
 3513    0.13927E-06
 3514    0.13884E-06
 3515    0.13840E-06
 3516    0.13797E-06
 3517    0.13754E-06
 3518    0.13711E-06
 3519    0.13669E-06
 3520    0.13626E-06
 3521    0.13584E-06
 3522    0.13542E-06
 3523    0.13499E-06
 3524    0.13457E-06
 3525    0.13415E-06
 3526    0.13374E-06
 3527    0.13332E-06
 3528    0.13290E-06
 3529    0.13249E-06
 3530    0.13208E-06
 3531    0.13167E-06
 3532    0.13126E-06
 3533    0.13085E-06
 3534    0.13044E-06
 3535    0.13004E-06
 3536    0.12963E-06
 3537    0.12923E-06
 3538    0.12882E-06
 3539    0.12842E-06
 3540    0.12802E-06
 3541    0.12762E-06
 3542    0.12723E-06
 3543    0.12683E-06
 3544    0.12644E-06
 3545    0.12604E-06
 3546    0.12565E-06
 3547    0.12526E-06
 3548    0.12487E-06
 3549    0.12448E-06
 3550    0.12409E-06
 3551    0.12371E-06
 3552    0.12332E-06
 3553    0.12294E-06
 3554    0.12255E-06
 3555    0.12217E-06
 3556    0.12179E-06
 3557    0.12141E-06
 3558    0.12103E-06
 3559    0.12066E-06
 3560    0.12028E-06
 3561    0.11991E-06
 3562    0.11953E-06
 3563    0.11916E-06
 3564    0.11879E-06
 3565    0.11842E-06
 3566    0.11805E-06
 3567    0.11769E-06
 3568    0.11732E-06
 3569    0.11695E-06
 3570    0.11659E-06
 3571    0.11623E-06
 3572    0.11586E-06
 3573    0.11550E-06
 3574    0.11514E-06
 3575    0.11479E-06
 3576    0.11443E-06
 3577    0.11407E-06
 3578    0.11372E-06
 3579    0.11336E-06
 3580    0.11301E-06
 3581    0.11266E-06
 3582    0.11231E-06
 3583    0.11196E-06
 3584    0.11161E-06
 3585    0.11126E-06
 3586    0.11091E-06
 3587    0.11057E-06
 3588    0.11022E-06
 3589    0.10988E-06
 3590    0.10954E-06
 3591    0.10920E-06
 3592    0.10886E-06
 3593    0.10852E-06
 3594    0.10818E-06
 3595    0.10784E-06
 3596    0.10751E-06
 3597    0.10717E-06
 3598    0.10684E-06
 3599    0.10651E-06
 3600    0.10618E-06
 3601    0.10585E-06
 3602    0.10552E-06
 3603    0.10519E-06
 3604    0.10486E-06
 3605    0.10453E-06
 3606    0.10421E-06
 3607    0.10388E-06
 3608    0.10356E-06
 3609    0.10324E-06
 3610    0.10292E-06
 3611    0.10260E-06
 3612    0.10228E-06
 3613    0.10196E-06
 3614    0.10164E-06
 3615    0.10132E-06
 3616    0.10101E-06
 3617    0.10069E-06
 3618    0.10038E-06
 3619    0.10007E-06
 3620    0.99756E-07
 3621    0.99446E-07
 3622    0.99136E-07
 3623    0.98827E-07
 3624    0.98520E-07
 3625    0.98213E-07
 3626    0.97907E-07
 3627    0.97602E-07
 3628    0.97298E-07
 3629    0.96995E-07
 3630    0.96693E-07
 3631    0.96392E-07
 3632    0.96092E-07
 3633    0.95793E-07
 3634    0.95495E-07
 3635    0.95197E-07
 3636    0.94901E-07
 3637    0.94605E-07
 3638    0.94311E-07
 3639    0.94017E-07
 3640    0.93724E-07
 3641    0.93433E-07
 3642    0.93142E-07
 3643    0.92852E-07
 3644    0.92563E-07
 3645    0.92274E-07
 3646    0.91987E-07
 3647    0.91701E-07
 3648    0.91415E-07
 3649    0.91130E-07
 3650    0.90847E-07
 3651    0.90564E-07
 3652    0.90282E-07
 3653    0.90001E-07
 3654    0.89721E-07
 3655    0.89441E-07
 3656    0.89163E-07
 3657    0.88885E-07
 3658    0.88608E-07
 3659    0.88332E-07
 3660    0.88057E-07
 3661    0.87783E-07
 3662    0.87510E-07
 3663    0.87237E-07
 3664    0.86966E-07
 3665    0.86695E-07
 3666    0.86425E-07
 3667    0.86156E-07
 3668    0.85888E-07
 3669    0.85620E-07
 3670    0.85354E-07
 3671    0.85088E-07
 3672    0.84823E-07
 3673    0.84559E-07
 3674    0.84296E-07
 3675    0.84033E-07
 3676    0.83771E-07
 3677    0.83511E-07
 3678    0.83251E-07
 3679    0.82991E-07
 3680    0.82733E-07
 3681    0.82475E-07
 3682    0.82219E-07
 3683    0.81963E-07
 3684    0.81707E-07
 3685    0.81453E-07
 3686    0.81199E-07
 3687    0.80946E-07
 3688    0.80694E-07
 3689    0.80443E-07
 3690    0.80193E-07
 3691    0.79943E-07
 3692    0.79694E-07
 3693    0.79446E-07
 3694    0.79199E-07
 3695    0.78952E-07
 3696    0.78706E-07
 3697    0.78461E-07
 3698    0.78217E-07
 3699    0.77973E-07
 3700    0.77730E-07
 3701    0.77488E-07
 3702    0.77247E-07
 3703    0.77007E-07
 3704    0.76767E-07
 3705    0.76528E-07
 3706    0.76290E-07
 3707    0.76052E-07
 3708    0.75815E-07
 3709    0.75579E-07
 3710    0.75344E-07
 3711    0.75109E-07
 3712    0.74875E-07
 3713    0.74642E-07
 3714    0.74410E-07
 3715    0.74178E-07
 3716    0.73947E-07
 3717    0.73717E-07
 3718    0.73487E-07
 3719    0.73259E-07
 3720    0.73030E-07
 3721    0.72803E-07
 3722    0.72576E-07
 3723    0.72350E-07
 3724    0.72125E-07
 3725    0.71901E-07
 3726    0.71677E-07
 3727    0.71454E-07
 3728    0.71231E-07
 3729    0.71009E-07
 3730    0.70788E-07
 3731    0.70568E-07
 3732    0.70348E-07
 3733    0.70129E-07
 3734    0.69911E-07
 3735    0.69693E-07
 3736    0.69476E-07
 3737    0.69260E-07
 3738    0.69044E-07
 3739    0.68829E-07
 3740    0.68615E-07
 3741    0.68401E-07
 3742    0.68188E-07
 3743    0.67976E-07
 3744    0.67764E-07
 3745    0.67553E-07
 3746    0.67343E-07
 3747    0.67133E-07
 3748    0.66924E-07
 3749    0.66716E-07
 3750    0.66508E-07
 3751    0.66301E-07
 3752    0.66094E-07
 3753    0.65889E-07
 3754    0.65683E-07
 3755    0.65479E-07
 3756    0.65275E-07
 3757    0.65072E-07
 3758    0.64869E-07
 3759    0.64667E-07
 3760    0.64466E-07
 3761    0.64265E-07
 3762    0.64065E-07
 3763    0.63866E-07
 3764    0.63667E-07
 3765    0.63468E-07
 3766    0.63271E-07
 3767    0.63074E-07
 3768    0.62877E-07
 3769    0.62682E-07
 3770    0.62486E-07
 3771    0.62292E-07
 3772    0.62098E-07
 3773    0.61905E-07
 3774    0.61712E-07
 3775    0.61520E-07
 3776    0.61328E-07
 3777    0.61137E-07
 3778    0.60947E-07
 3779    0.60757E-07
 3780    0.60568E-07
 3781    0.60379E-07
 3782    0.60191E-07
 3783    0.60004E-07
 3784    0.59817E-07
 3785    0.59631E-07
 3786    0.59445E-07
 3787    0.59260E-07
 3788    0.59076E-07
 3789    0.58892E-07
 3790    0.58708E-07
 3791    0.58525E-07
 3792    0.58343E-07
 3793    0.58162E-07
 3794    0.57980E-07
 3795    0.57800E-07
 3796    0.57620E-07
 3797    0.57441E-07
 3798    0.57262E-07
 3799    0.57083E-07
 3800    0.56906E-07
 3801    0.56728E-07
 3802    0.56552E-07
 3803    0.56376E-07
 3804    0.56200E-07
 3805    0.56025E-07
 3806    0.55851E-07
 3807    0.55677E-07
 3808    0.55504E-07
 3809    0.55331E-07
 3810    0.55158E-07
 3811    0.54987E-07
 3812    0.54815E-07
 3813    0.54645E-07
 3814    0.54475E-07
 3815    0.54305E-07
 3816    0.54136E-07
 3817    0.53967E-07
 3818    0.53799E-07
 3819    0.53632E-07
 3820    0.53465E-07
 3821    0.53298E-07
 3822    0.53132E-07
 3823    0.52967E-07
 3824    0.52802E-07
 3825    0.52638E-07
 3826    0.52474E-07
 3827    0.52310E-07
 3828    0.52147E-07
 3829    0.51985E-07
 3830    0.51823E-07
 3831    0.51662E-07
 3832    0.51501E-07
 3833    0.51341E-07
 3834    0.51181E-07
 3835    0.51021E-07
 3836    0.50863E-07
 3837    0.50704E-07
 3838    0.50546E-07
 3839    0.50389E-07
 3840    0.50232E-07
 3841    0.50076E-07
 3842    0.49920E-07
 3843    0.49764E-07
 3844    0.49609E-07
 3845    0.49455E-07
 3846    0.49301E-07
 3847    0.49147E-07
 3848    0.48994E-07
 3849    0.48842E-07
 3850    0.48690E-07
 3851    0.48538E-07
 3852    0.48387E-07
 3853    0.48236E-07
 3854    0.48086E-07
 3855    0.47936E-07
 3856    0.47787E-07
 3857    0.47638E-07
 3858    0.47490E-07
 3859    0.47342E-07
 3860    0.47195E-07
 3861    0.47048E-07
 3862    0.46901E-07
 3863    0.46755E-07
 3864    0.46610E-07
 3865    0.46465E-07
 3866    0.46320E-07
 3867    0.46176E-07
 3868    0.46032E-07
 3869    0.45889E-07
 3870    0.45746E-07
 3871    0.45603E-07
 3872    0.45461E-07
 3873    0.45320E-07
 3874    0.45179E-07
 3875    0.45038E-07
 3876    0.44898E-07
 3877    0.44758E-07
 3878    0.44619E-07
 3879    0.44480E-07
 3880    0.44341E-07
 3881    0.44203E-07
 3882    0.44065E-07
 3883    0.43928E-07
 3884    0.43791E-07
 3885    0.43655E-07
 3886    0.43519E-07
 3887    0.43384E-07
 3888    0.43249E-07
 3889    0.43114E-07
 3890    0.42980E-07
 3891    0.42846E-07
 3892    0.42712E-07
 3893    0.42579E-07
 3894    0.42447E-07
 3895    0.42315E-07
 3896    0.42183E-07
 3897    0.42052E-07
 3898    0.41921E-07
 3899    0.41790E-07
 3900    0.41660E-07
 3901    0.41530E-07
 3902    0.41401E-07
 3903    0.41272E-07
 3904    0.41144E-07
 3905    0.41015E-07
 3906    0.40888E-07
 3907    0.40760E-07
 3908    0.40634E-07
 3909    0.40507E-07
 3910    0.40381E-07
 3911    0.40255E-07
 3912    0.40130E-07
 3913    0.40005E-07
 3914    0.39880E-07
 3915    0.39756E-07
 3916    0.39632E-07
 3917    0.39509E-07
 3918    0.39386E-07
 3919    0.39263E-07
 3920    0.39141E-07
 3921    0.39019E-07
 3922    0.38898E-07
 3923    0.38777E-07
 3924    0.38656E-07
 3925    0.38535E-07
 3926    0.38415E-07
 3927    0.38296E-07
 3928    0.38177E-07
 3929    0.38058E-07
 3930    0.37939E-07
 3931    0.37821E-07
 3932    0.37703E-07
 3933    0.37586E-07
 3934    0.37469E-07
 3935    0.37352E-07
 3936    0.37236E-07
 3937    0.37120E-07
 3938    0.37004E-07
 3939    0.36889E-07
 3940    0.36774E-07
 3941    0.36660E-07
 3942    0.36546E-07
 3943    0.36432E-07
 3944    0.36318E-07
 3945    0.36205E-07
 3946    0.36093E-07
 3947    0.35980E-07
 3948    0.35868E-07
 3949    0.35757E-07
 3950    0.35645E-07
 3951    0.35534E-07
 3952    0.35424E-07
 3953    0.35313E-07
 3954    0.35203E-07
 3955    0.35094E-07
 3956    0.34984E-07
 3957    0.34876E-07
 3958    0.34767E-07
 3959    0.34659E-07
 3960    0.34551E-07
 3961    0.34443E-07
 3962    0.34336E-07
 3963    0.34229E-07
 3964    0.34122E-07
 3965    0.34016E-07
 3966    0.33910E-07
 3967    0.33805E-07
 3968    0.33699E-07
 3969    0.33595E-07
 3970    0.33490E-07
 3971    0.33386E-07
 3972    0.33282E-07
 3973    0.33178E-07
 3974    0.33075E-07
 3975    0.32972E-07
 3976    0.32869E-07
 3977    0.32767E-07
 3978    0.32665E-07
 3979    0.32563E-07
 3980    0.32462E-07
 3981    0.32361E-07
 3982    0.32260E-07
 3983    0.32159E-07
 3984    0.32059E-07
 3985    0.31959E-07
 3986    0.31860E-07
 3987    0.31761E-07
 3988    0.31662E-07
 3989    0.31563E-07
 3990    0.31465E-07
 3991    0.31367E-07
 3992    0.31269E-07
 3993    0.31172E-07
 3994    0.31075E-07
 3995    0.30978E-07
 3996    0.30882E-07
 3997    0.30786E-07
 3998    0.30690E-07
 3999    0.30594E-07
 4000    0.30499E-07
 4001    0.30404E-07
 4002    0.30309E-07
 4003    0.30215E-07
 4004    0.30121E-07
 4005    0.30027E-07
 4006    0.29933E-07
 4007    0.29840E-07
 4008    0.29747E-07
 4009    0.29655E-07
 4010    0.29562E-07
 4011    0.29470E-07
 4012    0.29379E-07
 4013    0.29287E-07
 4014    0.29196E-07
 4015    0.29105E-07
 4016    0.29014E-07
 4017    0.28924E-07
 4018    0.28834E-07
 4019    0.28744E-07
 4020    0.28655E-07
 4021    0.28565E-07
 4022    0.28477E-07
 4023    0.28388E-07
 4024    0.28299E-07
 4025    0.28211E-07
 4026    0.28124E-07
 4027    0.28036E-07
 4028    0.27949E-07
 4029    0.27862E-07
 4030    0.27775E-07
 4031    0.27688E-07
 4032    0.27602E-07
 4033    0.27516E-07
 4034    0.27431E-07
 4035    0.27345E-07
 4036    0.27260E-07
 4037    0.27175E-07
 4038    0.27091E-07
 4039    0.27006E-07
 4040    0.26922E-07
 4041    0.26838E-07
 4042    0.26755E-07
 4043    0.26671E-07
 4044    0.26588E-07
 4045    0.26506E-07
 4046    0.26423E-07
 4047    0.26341E-07
 4048    0.26259E-07
 4049    0.26177E-07
 4050    0.26095E-07
 4051    0.26014E-07
 4052    0.25933E-07
 4053    0.25852E-07
 4054    0.25772E-07
 4055    0.25692E-07
 4056    0.25612E-07
 4057    0.25532E-07
 4058    0.25452E-07
 4059    0.25373E-07
 4060    0.25294E-07
 4061    0.25215E-07
 4062    0.25137E-07
 4063    0.25059E-07
 4064    0.24981E-07
 4065    0.24903E-07
 4066    0.24825E-07
 4067    0.24748E-07
 4068    0.24671E-07
 4069    0.24594E-07
 4070    0.24518E-07
 4071    0.24441E-07
 4072    0.24365E-07
 4073    0.24289E-07
 4074    0.24214E-07
 4075    0.24138E-07
 4076    0.24063E-07
 4077    0.23988E-07
 4078    0.23913E-07
 4079    0.23839E-07
 4080    0.23765E-07
 4081    0.23691E-07
 4082    0.23617E-07
 4083    0.23544E-07
 4084    0.23470E-07
 4085    0.23397E-07
 4086    0.23324E-07
 4087    0.23252E-07
 4088    0.23179E-07
 4089    0.23107E-07
 4090    0.23035E-07
 4091    0.22963E-07
 4092    0.22892E-07
 4093    0.22821E-07
 4094    0.22750E-07
 4095    0.22679E-07
 4096    0.22608E-07
 4097    0.22538E-07
 4098    0.22468E-07
 4099    0.22398E-07
 4100    0.22328E-07
 4101    0.22258E-07
 4102    0.22189E-07
 4103    0.22120E-07
 4104    0.22051E-07
 4105    0.21982E-07
 4106    0.21914E-07
 4107    0.21846E-07
 4108    0.21778E-07
 4109    0.21710E-07
 4110    0.21642E-07
 4111    0.21575E-07
 4112    0.21508E-07
 4113    0.21441E-07
 4114    0.21374E-07
 4115    0.21307E-07
 4116    0.21241E-07
 4117    0.21175E-07
 4118    0.21109E-07
 4119    0.21043E-07
 4120    0.20978E-07
 4121    0.20912E-07
 4122    0.20847E-07
 4123    0.20782E-07
 4124    0.20718E-07
 4125    0.20653E-07
 4126    0.20589E-07
 4127    0.20525E-07
 4128    0.20461E-07
 4129    0.20397E-07
 4130    0.20334E-07
 4131    0.20270E-07
 4132    0.20207E-07
 4133    0.20144E-07
 4134    0.20082E-07
 4135    0.20019E-07
 4136    0.19957E-07
 4137    0.19895E-07
 4138    0.19833E-07
 4139    0.19771E-07
 4140    0.19709E-07
 4141    0.19648E-07
 4142    0.19587E-07
 4143    0.19526E-07
 4144    0.19465E-07
 4145    0.19404E-07
 4146    0.19344E-07
 4147    0.19284E-07
 4148    0.19224E-07
 4149    0.19164E-07
 4150    0.19104E-07
 4151    0.19045E-07
 4152    0.18985E-07
 4153    0.18926E-07
 4154    0.18867E-07
 4155    0.18809E-07
 4156    0.18750E-07
 4157    0.18692E-07
 4158    0.18633E-07
 4159    0.18575E-07
 4160    0.18518E-07
 4161    0.18460E-07
 4162    0.18402E-07
 4163    0.18345E-07
 4164    0.18288E-07
 4165    0.18231E-07
 4166    0.18174E-07
 4167    0.18118E-07
 4168    0.18061E-07
 4169    0.18005E-07
 4170    0.17949E-07
 4171    0.17893E-07
 4172    0.17837E-07
 4173    0.17782E-07
 4174    0.17727E-07
 4175    0.17671E-07
 4176    0.17616E-07
 4177    0.17561E-07
 4178    0.17507E-07
 4179    0.17452E-07
 4180    0.17398E-07
 4181    0.17344E-07
 4182    0.17290E-07
 4183    0.17236E-07
 4184    0.17182E-07
 4185    0.17129E-07
 4186    0.17075E-07
 4187    0.17022E-07
 4188    0.16969E-07
 4189    0.16916E-07
 4190    0.16864E-07
 4191    0.16811E-07
 4192    0.16759E-07
 4193    0.16707E-07
 4194    0.16655E-07
 4195    0.16603E-07
 4196    0.16551E-07
 4197    0.16500E-07
 4198    0.16448E-07
 4199    0.16397E-07
 4200    0.16346E-07
 4201    0.16295E-07
 4202    0.16244E-07
 4203    0.16194E-07
 4204    0.16143E-07
 4205    0.16093E-07
 4206    0.16043E-07
 4207    0.15993E-07
 4208    0.15943E-07
 4209    0.15894E-07
 4210    0.15844E-07
 4211    0.15795E-07
 4212    0.15746E-07
 4213    0.15697E-07
 4214    0.15648E-07
 4215    0.15599E-07
 4216    0.15550E-07
 4217    0.15502E-07
 4218    0.15454E-07
 4219    0.15406E-07
 4220    0.15358E-07
 4221    0.15310E-07
 4222    0.15262E-07
 4223    0.15215E-07
 4224    0.15167E-07
 4225    0.15120E-07
 4226    0.15073E-07
 4227    0.15026E-07
 4228    0.14979E-07
 4229    0.14933E-07
 4230    0.14886E-07
 4231    0.14840E-07
 4232    0.14794E-07
 4233    0.14747E-07
 4234    0.14702E-07
 4235    0.14656E-07
 4236    0.14610E-07
 4237    0.14565E-07
 4238    0.14519E-07
 4239    0.14474E-07
 4240    0.14429E-07
 4241    0.14384E-07
 4242    0.14339E-07
 4243    0.14295E-07
 4244    0.14250E-07
 4245    0.14206E-07
 4246    0.14162E-07
 4247    0.14117E-07
 4248    0.14073E-07
 4249    0.14030E-07
 4250    0.13986E-07
 4251    0.13942E-07
 4252    0.13899E-07
 4253    0.13856E-07
 4254    0.13813E-07
 4255    0.13770E-07
 4256    0.13727E-07
 4257    0.13684E-07
 4258    0.13641E-07
 4259    0.13599E-07
 4260    0.13557E-07
 4261    0.13514E-07
 4262    0.13472E-07
 4263    0.13430E-07
 4264    0.13389E-07
 4265    0.13347E-07
 4266    0.13305E-07
 4267    0.13264E-07
 4268    0.13223E-07
 4269    0.13181E-07
 4270    0.13140E-07
 4271    0.13099E-07
 4272    0.13059E-07
 4273    0.13018E-07
 4274    0.12977E-07
 4275    0.12937E-07
 4276    0.12897E-07
 4277    0.12857E-07
 4278    0.12817E-07
 4279    0.12777E-07
 4280    0.12737E-07
 4281    0.12697E-07
 4282    0.12658E-07
 4283    0.12618E-07
 4284    0.12579E-07
 4285    0.12540E-07
 4286    0.12501E-07
 4287    0.12462E-07
 4288    0.12423E-07
 4289    0.12384E-07
 4290    0.12346E-07
 4291    0.12307E-07
 4292    0.12269E-07
 4293    0.12231E-07
 4294    0.12193E-07
 4295    0.12155E-07
 4296    0.12117E-07
 4297    0.12079E-07
 4298    0.12042E-07
 4299    0.12004E-07
 4300    0.11967E-07
 4301    0.11929E-07
 4302    0.11892E-07
 4303    0.11855E-07
 4304    0.11818E-07
 4305    0.11782E-07
 4306    0.11745E-07
 4307    0.11708E-07
 4308    0.11672E-07
 4309    0.11636E-07
 4310    0.11599E-07
 4311    0.11563E-07
 4312    0.11527E-07
 4313    0.11491E-07
 4314    0.11455E-07
 4315    0.11420E-07
 4316    0.11384E-07
 4317    0.11349E-07
 4318    0.11313E-07
 4319    0.11278E-07
 4320    0.11243E-07
 4321    0.11208E-07
 4322    0.11173E-07
 4323    0.11138E-07
 4324    0.11104E-07
 4325    0.11069E-07
 4326    0.11035E-07
 4327    0.11000E-07
 4328    0.10966E-07
 4329    0.10932E-07
 4330    0.10898E-07
 4331    0.10864E-07
 4332    0.10830E-07
 4333    0.10796E-07
 4334    0.10763E-07
 4335    0.10729E-07
 4336    0.10696E-07
 4337    0.10663E-07
 4338    0.10629E-07
 4339    0.10596E-07
 4340    0.10563E-07
 4341    0.10530E-07
 4342    0.10498E-07
 4343    0.10465E-07
 4344    0.10432E-07
 4345    0.10400E-07
 4346    0.10368E-07
 4347    0.10335E-07
 4348    0.10303E-07
 4349    0.10271E-07
 4350    0.10239E-07
 4351    0.10207E-07
 4352    0.10175E-07
 4353    0.10144E-07
 4354    0.10112E-07
 4355    0.10081E-07
 4356    0.10049E-07
 4357    0.10018E-07
 4358    0.99867E-08

iteration:   4358

epsilon =     0.10000E-07
omega =     0.18000E+01
tick =     0.10000E-06

norm_x =     0.26629E+03, norm_analysis =     0.26628E+03
diff =     0.10806E+02

caltime =   17.6169, comtime =    0.6434, checktime =   10.7597
alltime =   29.0200

