2 processes:
    1    0.65142E+00
    2    0.38118E+00
    3    0.23640E+00
    4    0.15882E+00
    5    0.11625E+00
    6    0.91490E-01
    7    0.75836E-01
    8    0.65068E-01
    9    0.57142E-01
   10    0.51021E-01
   11    0.46131E-01
   12    0.42127E-01
   13    0.38788E-01
   14    0.35958E-01
   15    0.33528E-01
   16    0.31418E-01
   17    0.29567E-01
   18    0.27928E-01
   19    0.26466E-01
   20    0.25152E-01
   21    0.23964E-01
   22    0.22883E-01
   23    0.21894E-01
   24    0.20986E-01
   25    0.20148E-01
   26    0.19373E-01
   27    0.18652E-01
   28    0.17981E-01
   29    0.17353E-01
   30    0.16765E-01
   31    0.16213E-01
   32    0.15693E-01
   33    0.15202E-01
   34    0.14739E-01
   35    0.14300E-01
   36    0.13884E-01
   37    0.13489E-01
   38    0.13114E-01
   39    0.12756E-01
   40    0.12415E-01
   41    0.12089E-01
   42    0.11777E-01
   43    0.11479E-01
   44    0.11194E-01
   45    0.10920E-01
   46    0.10658E-01
   47    0.10406E-01
   48    0.10163E-01
   49    0.99300E-02
   50    0.97055E-02
   51    0.94891E-02
   52    0.92806E-02
   53    0.90794E-02
   54    0.88852E-02
   55    0.86977E-02
   56    0.85165E-02
   57    0.83413E-02
   58    0.81718E-02
   59    0.80078E-02
   60    0.78490E-02
   61    0.76952E-02
   62    0.75461E-02
   63    0.74016E-02
   64    0.72615E-02
   65    0.71255E-02
   66    0.69935E-02
   67    0.68654E-02
   68    0.67409E-02
   69    0.66200E-02
   70    0.65024E-02
   71    0.63881E-02
   72    0.62769E-02
   73    0.61687E-02
   74    0.60634E-02
   75    0.59609E-02
   76    0.58611E-02
   77    0.57638E-02
   78    0.56690E-02
   79    0.55766E-02
   80    0.54865E-02
   81    0.53986E-02
   82    0.53128E-02
   83    0.52291E-02
   84    0.51474E-02
   85    0.50676E-02
   86    0.49897E-02
   87    0.49136E-02
   88    0.48392E-02
   89    0.47664E-02
   90    0.46953E-02
   91    0.46258E-02
   92    0.45578E-02
   93    0.44912E-02
   94    0.44261E-02
   95    0.43623E-02
   96    0.42999E-02
   97    0.42387E-02
   98    0.41788E-02
   99    0.41201E-02
  100    0.40626E-02
  101    0.40063E-02
  102    0.39510E-02
  103    0.38968E-02
  104    0.38437E-02
  105    0.37916E-02
  106    0.37404E-02
  107    0.36903E-02
  108    0.36410E-02
  109    0.35927E-02
  110    0.35452E-02
  111    0.34986E-02
  112    0.34529E-02
  113    0.34079E-02
  114    0.33638E-02
  115    0.33204E-02
  116    0.32777E-02
  117    0.32358E-02
  118    0.31947E-02
  119    0.31542E-02
  120    0.31144E-02
  121    0.30752E-02
  122    0.30367E-02
  123    0.29989E-02
  124    0.29616E-02
  125    0.29250E-02
  126    0.28889E-02
  127    0.28534E-02
  128    0.28185E-02
  129    0.27841E-02
  130    0.27503E-02
  131    0.27169E-02
  132    0.26841E-02
  133    0.26518E-02
  134    0.26200E-02
  135    0.25887E-02
  136    0.25578E-02
  137    0.25274E-02
  138    0.24975E-02
  139    0.24680E-02
  140    0.24389E-02
  141    0.24103E-02
  142    0.23820E-02
  143    0.23542E-02
  144    0.23268E-02
  145    0.22997E-02
  146    0.22730E-02
  147    0.22468E-02
  148    0.22208E-02
  149    0.21953E-02
  150    0.21701E-02
  151    0.21452E-02
  152    0.21207E-02
  153    0.20965E-02
  154    0.20727E-02
  155    0.20491E-02
  156    0.20259E-02
  157    0.20030E-02
  158    0.19804E-02
  159    0.19581E-02
  160    0.19361E-02
  161    0.19144E-02
  162    0.18929E-02
  163    0.18718E-02
  164    0.18509E-02
  165    0.18303E-02
  166    0.18099E-02
  167    0.17898E-02
  168    0.17700E-02
  169    0.17504E-02
  170    0.17311E-02
  171    0.17120E-02
  172    0.16931E-02
  173    0.16745E-02
  174    0.16561E-02
  175    0.16379E-02
  176    0.16200E-02
  177    0.16023E-02
  178    0.15848E-02
  179    0.15675E-02
  180    0.15504E-02
  181    0.15335E-02
  182    0.15169E-02
  183    0.15004E-02
  184    0.14841E-02
  185    0.14680E-02
  186    0.14522E-02
  187    0.14365E-02
  188    0.14209E-02
  189    0.14056E-02
  190    0.13905E-02
  191    0.13755E-02
  192    0.13607E-02
  193    0.13461E-02
  194    0.13316E-02
  195    0.13173E-02
  196    0.13032E-02
  197    0.12892E-02
  198    0.12754E-02
  199    0.12618E-02
  200    0.12483E-02
  201    0.12349E-02
  202    0.12218E-02
  203    0.12087E-02
  204    0.11958E-02
  205    0.11831E-02
  206    0.11705E-02
  207    0.11580E-02
  208    0.11457E-02
  209    0.11335E-02
  210    0.11215E-02
  211    0.11096E-02
  212    0.10978E-02
  213    0.10862E-02
  214    0.10747E-02
  215    0.10633E-02
  216    0.10520E-02
  217    0.10409E-02
  218    0.10298E-02
  219    0.10189E-02
  220    0.10082E-02
  221    0.99750E-03
  222    0.98696E-03
  223    0.97653E-03
  224    0.96621E-03
  225    0.95601E-03
  226    0.94591E-03
  227    0.93593E-03
  228    0.92605E-03
  229    0.91629E-03
  230    0.90662E-03
  231    0.89706E-03
  232    0.88761E-03
  233    0.87825E-03
  234    0.86900E-03
  235    0.85984E-03
  236    0.85079E-03
  237    0.84183E-03
  238    0.83296E-03
  239    0.82419E-03
  240    0.81552E-03
  241    0.80694E-03
  242    0.79844E-03
  243    0.79004E-03
  244    0.78173E-03
  245    0.77351E-03
  246    0.76537E-03
  247    0.75732E-03
  248    0.74936E-03
  249    0.74148E-03
  250    0.73368E-03
  251    0.72597E-03
  252    0.71834E-03
  253    0.71078E-03
  254    0.70331E-03
  255    0.69592E-03
  256    0.68860E-03
  257    0.68137E-03
  258    0.67420E-03
  259    0.66712E-03
  260    0.66011E-03
  261    0.65317E-03
  262    0.64630E-03
  263    0.63951E-03
  264    0.63279E-03
  265    0.62614E-03
  266    0.61956E-03
  267    0.61305E-03
  268    0.60661E-03
  269    0.60023E-03
  270    0.59392E-03
  271    0.58768E-03
  272    0.58150E-03
  273    0.57539E-03
  274    0.56934E-03
  275    0.56336E-03
  276    0.55743E-03
  277    0.55157E-03
  278    0.54577E-03
  279    0.54004E-03
  280    0.53436E-03
  281    0.52874E-03
  282    0.52318E-03
  283    0.51768E-03
  284    0.51223E-03
  285    0.50685E-03
  286    0.50151E-03
  287    0.49624E-03
  288    0.49102E-03
  289    0.48585E-03
  290    0.48074E-03
  291    0.47568E-03
  292    0.47068E-03
  293    0.46573E-03
  294    0.46082E-03
  295    0.45597E-03
  296    0.45118E-03
  297    0.44643E-03
  298    0.44173E-03
  299    0.43708E-03
  300    0.43247E-03
  301    0.42792E-03
  302    0.42341E-03
  303    0.41896E-03
  304    0.41454E-03
  305    0.41018E-03
  306    0.40586E-03
  307    0.40158E-03
  308    0.39735E-03
  309    0.39316E-03
  310    0.38902E-03
  311    0.38492E-03
  312    0.38086E-03
  313    0.37685E-03
  314    0.37288E-03
  315    0.36895E-03
  316    0.36506E-03
  317    0.36121E-03
  318    0.35740E-03
  319    0.35363E-03
  320    0.34990E-03
  321    0.34621E-03
  322    0.34256E-03
  323    0.33894E-03
  324    0.33537E-03
  325    0.33183E-03
  326    0.32833E-03
  327    0.32486E-03
  328    0.32143E-03
  329    0.31804E-03
  330    0.31468E-03
  331    0.31136E-03
  332    0.30808E-03
  333    0.30482E-03
  334    0.30160E-03
  335    0.29842E-03
  336    0.29527E-03
  337    0.29215E-03
  338    0.28906E-03
  339    0.28601E-03
  340    0.28299E-03
  341    0.28000E-03
  342    0.27704E-03
  343    0.27411E-03
  344    0.27121E-03
  345    0.26835E-03
  346    0.26551E-03
  347    0.26270E-03
  348    0.25993E-03
  349    0.25718E-03
  350    0.25446E-03
  351    0.25177E-03
  352    0.24911E-03
  353    0.24647E-03
  354    0.24386E-03
  355    0.24128E-03
  356    0.23873E-03
  357    0.23621E-03
  358    0.23371E-03
  359    0.23123E-03
  360    0.22879E-03
  361    0.22637E-03
  362    0.22397E-03
  363    0.22160E-03
  364    0.21925E-03
  365    0.21693E-03
  366    0.21464E-03
  367    0.21236E-03
  368    0.21012E-03
  369    0.20789E-03
  370    0.20569E-03
  371    0.20351E-03
  372    0.20136E-03
  373    0.19922E-03
  374    0.19711E-03
  375    0.19502E-03
  376    0.19296E-03
  377    0.19091E-03
  378    0.18889E-03
  379    0.18689E-03
  380    0.18491E-03
  381    0.18295E-03
  382    0.18101E-03
  383    0.17909E-03
  384    0.17719E-03
  385    0.17531E-03
  386    0.17346E-03
  387    0.17162E-03
  388    0.16980E-03
  389    0.16800E-03
  390    0.16622E-03
  391    0.16445E-03
  392    0.16271E-03
  393    0.16098E-03
  394    0.15928E-03
  395    0.15759E-03
  396    0.15592E-03
  397    0.15426E-03
  398    0.15263E-03
  399    0.15101E-03
  400    0.14940E-03
  401    0.14782E-03
  402    0.14625E-03
  403    0.14470E-03
  404    0.14316E-03
  405    0.14164E-03
  406    0.14014E-03
  407    0.13865E-03
  408    0.13718E-03
  409    0.13572E-03
  410    0.13428E-03
  411    0.13286E-03
  412    0.13145E-03
  413    0.13005E-03
  414    0.12867E-03
  415    0.12731E-03
  416    0.12595E-03
  417    0.12462E-03
  418    0.12329E-03
  419    0.12198E-03
  420    0.12069E-03
  421    0.11941E-03
  422    0.11814E-03
  423    0.11688E-03
  424    0.11564E-03
  425    0.11441E-03
  426    0.11320E-03
  427    0.11199E-03
  428    0.11080E-03
  429    0.10963E-03
  430    0.10846E-03
  431    0.10731E-03
  432    0.10617E-03
  433    0.10504E-03
  434    0.10393E-03
  435    0.10282E-03
  436    0.10173E-03
  437    0.10065E-03
  438    0.99578E-04
  439    0.98519E-04
  440    0.97472E-04
  441    0.96436E-04
  442    0.95411E-04
  443    0.94397E-04
  444    0.93393E-04
  445    0.92400E-04
  446    0.91418E-04
  447    0.90446E-04
  448    0.89484E-04
  449    0.88533E-04
  450    0.87591E-04
  451    0.86660E-04
  452    0.85739E-04
  453    0.84827E-04
  454    0.83925E-04
  455    0.83032E-04
  456    0.82149E-04
  457    0.81275E-04
  458    0.80411E-04
  459    0.79556E-04
  460    0.78710E-04
  461    0.77872E-04
  462    0.77044E-04
  463    0.76225E-04
  464    0.75414E-04
  465    0.74611E-04
  466    0.73818E-04
  467    0.73032E-04
  468    0.72255E-04
  469    0.71487E-04
  470    0.70726E-04
  471    0.69974E-04
  472    0.69229E-04
  473    0.68493E-04
  474    0.67764E-04
  475    0.67043E-04
  476    0.66329E-04
  477    0.65624E-04
  478    0.64925E-04
  479    0.64234E-04
  480    0.63551E-04
  481    0.62874E-04
  482    0.62205E-04
  483    0.61543E-04
  484    0.60888E-04
  485    0.60240E-04
  486    0.59599E-04
  487    0.58965E-04
  488    0.58337E-04
  489    0.57716E-04
  490    0.57102E-04
  491    0.56494E-04
  492    0.55893E-04
  493    0.55298E-04
  494    0.54709E-04
  495    0.54126E-04
  496    0.53550E-04
  497    0.52980E-04
  498    0.52416E-04
  499    0.51858E-04
  500    0.51306E-04
  501    0.50760E-04
  502    0.50219E-04
  503    0.49685E-04
  504    0.49156E-04
  505    0.48632E-04
  506    0.48114E-04
  507    0.47602E-04
  508    0.47095E-04
  509    0.46594E-04
  510    0.46098E-04
  511    0.45607E-04
  512    0.45121E-04
  513    0.44641E-04
  514    0.44165E-04
  515    0.43695E-04
  516    0.43230E-04
  517    0.42769E-04
  518    0.42314E-04
  519    0.41863E-04
  520    0.41417E-04
  521    0.40976E-04
  522    0.40540E-04
  523    0.40108E-04
  524    0.39681E-04
  525    0.39258E-04
  526    0.38840E-04
  527    0.38426E-04
  528    0.38017E-04
  529    0.37612E-04
  530    0.37211E-04
  531    0.36815E-04
  532    0.36423E-04
  533    0.36035E-04
  534    0.35651E-04
  535    0.35271E-04
  536    0.34895E-04
  537    0.34524E-04
  538    0.34156E-04
  539    0.33792E-04
  540    0.33432E-04
  541    0.33076E-04
  542    0.32724E-04
  543    0.32375E-04
  544    0.32030E-04
  545    0.31689E-04
  546    0.31351E-04
  547    0.31017E-04
  548    0.30687E-04
  549    0.30360E-04
  550    0.30036E-04
  551    0.29716E-04
  552    0.29400E-04
  553    0.29086E-04
  554    0.28777E-04
  555    0.28470E-04
  556    0.28167E-04
  557    0.27866E-04
  558    0.27570E-04
  559    0.27276E-04
  560    0.26985E-04
  561    0.26698E-04
  562    0.26413E-04
  563    0.26132E-04
  564    0.25853E-04
  565    0.25578E-04
  566    0.25305E-04
  567    0.25036E-04
  568    0.24769E-04
  569    0.24505E-04
  570    0.24244E-04
  571    0.23985E-04
  572    0.23730E-04
  573    0.23477E-04
  574    0.23227E-04
  575    0.22979E-04
  576    0.22734E-04
  577    0.22492E-04
  578    0.22252E-04
  579    0.22015E-04
  580    0.21781E-04
  581    0.21548E-04
  582    0.21319E-04
  583    0.21092E-04
  584    0.20867E-04
  585    0.20644E-04
  586    0.20424E-04
  587    0.20207E-04
  588    0.19991E-04
  589    0.19778E-04
  590    0.19567E-04
  591    0.19359E-04
  592    0.19153E-04
  593    0.18948E-04
  594    0.18747E-04
  595    0.18547E-04
  596    0.18349E-04
  597    0.18153E-04
  598    0.17960E-04
  599    0.17769E-04
  600    0.17579E-04
  601    0.17392E-04
  602    0.17206E-04
  603    0.17023E-04
  604    0.16842E-04
  605    0.16662E-04
  606    0.16484E-04
  607    0.16309E-04
  608    0.16135E-04
  609    0.15963E-04
  610    0.15793E-04
  611    0.15624E-04
  612    0.15458E-04
  613    0.15293E-04
  614    0.15130E-04
  615    0.14969E-04
  616    0.14809E-04
  617    0.14651E-04
  618    0.14495E-04
  619    0.14341E-04
  620    0.14188E-04
  621    0.14037E-04
  622    0.13887E-04
  623    0.13739E-04
  624    0.13592E-04
  625    0.13448E-04
  626    0.13304E-04
  627    0.13162E-04
  628    0.13022E-04
  629    0.12883E-04
  630    0.12746E-04
  631    0.12610E-04
  632    0.12476E-04
  633    0.12343E-04
  634    0.12211E-04
  635    0.12081E-04
  636    0.11952E-04
  637    0.11825E-04
  638    0.11699E-04
  639    0.11574E-04
  640    0.11451E-04
  641    0.11328E-04
  642    0.11208E-04
  643    0.11088E-04
  644    0.10970E-04
  645    0.10853E-04
  646    0.10737E-04
  647    0.10623E-04
  648    0.10510E-04
  649    0.10398E-04
  650    0.10287E-04
  651    0.10177E-04
  652    0.10069E-04
  653    0.99612E-05
  654    0.98550E-05
  655    0.97500E-05
  656    0.96460E-05
  657    0.95432E-05
  658    0.94415E-05
  659    0.93408E-05
  660    0.92412E-05
  661    0.91427E-05
  662    0.90452E-05
  663    0.89488E-05
  664    0.88534E-05
  665    0.87590E-05
  666    0.86656E-05
  667    0.85732E-05
  668    0.84818E-05
  669    0.83914E-05
  670    0.83019E-05
  671    0.82134E-05
  672    0.81258E-05
  673    0.80392E-05
  674    0.79535E-05
  675    0.78687E-05
  676    0.77848E-05
  677    0.77018E-05
  678    0.76197E-05
  679    0.75384E-05
  680    0.74581E-05
  681    0.73785E-05
  682    0.72999E-05
  683    0.72220E-05
  684    0.71450E-05
  685    0.70689E-05
  686    0.69935E-05
  687    0.69189E-05
  688    0.68452E-05
  689    0.67722E-05
  690    0.67000E-05
  691    0.66285E-05
  692    0.65579E-05
  693    0.64879E-05
  694    0.64188E-05
  695    0.63503E-05
  696    0.62826E-05
  697    0.62156E-05
  698    0.61494E-05
  699    0.60838E-05
  700    0.60189E-05
  701    0.59548E-05
  702    0.58913E-05
  703    0.58284E-05
  704    0.57663E-05
  705    0.57048E-05
  706    0.56440E-05
  707    0.55838E-05
  708    0.55243E-05
  709    0.54654E-05
  710    0.54071E-05
  711    0.53494E-05
  712    0.52924E-05
  713    0.52360E-05
  714    0.51801E-05
  715    0.51249E-05
  716    0.50703E-05
  717    0.50162E-05
  718    0.49627E-05
  719    0.49098E-05
  720    0.48575E-05
  721    0.48057E-05
  722    0.47544E-05
  723    0.47037E-05
  724    0.46536E-05
  725    0.46039E-05
  726    0.45549E-05
  727    0.45063E-05
  728    0.44582E-05
  729    0.44107E-05
  730    0.43637E-05
  731    0.43171E-05
  732    0.42711E-05
  733    0.42256E-05
  734    0.41805E-05
  735    0.41359E-05
  736    0.40918E-05
  737    0.40482E-05
  738    0.40050E-05
  739    0.39623E-05
  740    0.39201E-05
  741    0.38783E-05
  742    0.38369E-05
  743    0.37960E-05
  744    0.37555E-05
  745    0.37155E-05
  746    0.36759E-05
  747    0.36367E-05
  748    0.35979E-05
  749    0.35595E-05
  750    0.35216E-05
  751    0.34840E-05
  752    0.34469E-05
  753    0.34101E-05
  754    0.33738E-05
  755    0.33378E-05
  756    0.33022E-05
  757    0.32670E-05
  758    0.32322E-05
  759    0.31977E-05
  760    0.31636E-05
  761    0.31299E-05
  762    0.30965E-05
  763    0.30635E-05
  764    0.30308E-05
  765    0.29985E-05
  766    0.29665E-05
  767    0.29349E-05
  768    0.29036E-05
  769    0.28726E-05
  770    0.28420E-05
  771    0.28117E-05
  772    0.27817E-05
  773    0.27520E-05
  774    0.27227E-05
  775    0.26937E-05
  776    0.26649E-05
  777    0.26365E-05
  778    0.26084E-05
  779    0.25806E-05
  780    0.25531E-05
  781    0.25259E-05
  782    0.24989E-05
  783    0.24723E-05
  784    0.24459E-05
  785    0.24198E-05
  786    0.23940E-05
  787    0.23685E-05
  788    0.23432E-05
  789    0.23183E-05
  790    0.22935E-05
  791    0.22691E-05
  792    0.22449E-05
  793    0.22209E-05
  794    0.21973E-05
  795    0.21738E-05
  796    0.21506E-05
  797    0.21277E-05
  798    0.21050E-05
  799    0.20826E-05
  800    0.20604E-05
  801    0.20384E-05
  802    0.20167E-05
  803    0.19952E-05
  804    0.19739E-05
  805    0.19528E-05
  806    0.19320E-05
  807    0.19114E-05
  808    0.18910E-05
  809    0.18709E-05
  810    0.18509E-05
  811    0.18312E-05
  812    0.18116E-05
  813    0.17923E-05
  814    0.17732E-05
  815    0.17543E-05
  816    0.17356E-05
  817    0.17171E-05
  818    0.16988E-05
  819    0.16807E-05
  820    0.16627E-05
  821    0.16450E-05
  822    0.16275E-05
  823    0.16101E-05
  824    0.15930E-05
  825    0.15760E-05
  826    0.15592E-05
  827    0.15425E-05
  828    0.15261E-05
  829    0.15098E-05
  830    0.14937E-05
  831    0.14778E-05
  832    0.14620E-05
  833    0.14464E-05
  834    0.14310E-05
  835    0.14157E-05
  836    0.14007E-05
  837    0.13857E-05
  838    0.13709E-05
  839    0.13563E-05
  840    0.13419E-05
  841    0.13275E-05
  842    0.13134E-05
  843    0.12994E-05
  844    0.12855E-05
  845    0.12718E-05
  846    0.12583E-05
  847    0.12448E-05
  848    0.12316E-05
  849    0.12184E-05
  850    0.12054E-05
  851    0.11926E-05
  852    0.11799E-05
  853    0.11673E-05
  854    0.11548E-05
  855    0.11425E-05
  856    0.11303E-05
  857    0.11183E-05
  858    0.11064E-05
  859    0.10946E-05
  860    0.10829E-05
  861    0.10713E-05
  862    0.10599E-05
  863    0.10486E-05
  864    0.10374E-05
  865    0.10264E-05
  866    0.10154E-05
  867    0.10046E-05
  868    0.99389E-06
  869    0.98329E-06
  870    0.97280E-06
  871    0.96243E-06
  872    0.95217E-06
  873    0.94201E-06
  874    0.93197E-06
  875    0.92203E-06
  876    0.91220E-06
  877    0.90247E-06
  878    0.89285E-06
  879    0.88333E-06
  880    0.87391E-06
  881    0.86459E-06
  882    0.85537E-06
  883    0.84625E-06
  884    0.83722E-06
  885    0.82829E-06
  886    0.81946E-06
  887    0.81072E-06
  888    0.80208E-06
  889    0.79352E-06
  890    0.78506E-06
  891    0.77669E-06
  892    0.76841E-06
  893    0.76021E-06
  894    0.75211E-06
  895    0.74409E-06
  896    0.73615E-06
  897    0.72830E-06
  898    0.72054E-06
  899    0.71285E-06
  900    0.70525E-06
  901    0.69773E-06
  902    0.69029E-06
  903    0.68293E-06
  904    0.67565E-06
  905    0.66844E-06
  906    0.66131E-06
  907    0.65426E-06
  908    0.64728E-06
  909    0.64038E-06
  910    0.63355E-06
  911    0.62680E-06
  912    0.62011E-06
  913    0.61350E-06
  914    0.60696E-06
  915    0.60048E-06
  916    0.59408E-06
  917    0.58775E-06
  918    0.58148E-06
  919    0.57528E-06
  920    0.56914E-06
  921    0.56307E-06
  922    0.55707E-06
  923    0.55113E-06
  924    0.54525E-06
  925    0.53944E-06
  926    0.53368E-06
  927    0.52799E-06
  928    0.52236E-06
  929    0.51679E-06
  930    0.51128E-06
  931    0.50583E-06
  932    0.50044E-06
  933    0.49510E-06
  934    0.48982E-06
  935    0.48460E-06
  936    0.47943E-06
  937    0.47432E-06
  938    0.46926E-06
  939    0.46425E-06
  940    0.45930E-06
  941    0.45441E-06
  942    0.44956E-06
  943    0.44477E-06
  944    0.44002E-06
  945    0.43533E-06
  946    0.43069E-06
  947    0.42610E-06
  948    0.42155E-06
  949    0.41706E-06
  950    0.41261E-06
  951    0.40821E-06
  952    0.40386E-06
  953    0.39955E-06
  954    0.39529E-06
  955    0.39107E-06
  956    0.38690E-06
  957    0.38278E-06
  958    0.37869E-06
  959    0.37466E-06
  960    0.37066E-06
  961    0.36671E-06
  962    0.36280E-06
  963    0.35893E-06
  964    0.35510E-06
  965    0.35131E-06
  966    0.34757E-06
  967    0.34386E-06
  968    0.34020E-06
  969    0.33657E-06
  970    0.33298E-06
  971    0.32943E-06
  972    0.32591E-06
  973    0.32244E-06
  974    0.31900E-06
  975    0.31560E-06
  976    0.31223E-06
  977    0.30890E-06
  978    0.30561E-06
  979    0.30235E-06
  980    0.29913E-06
  981    0.29594E-06
  982    0.29278E-06
  983    0.28966E-06
  984    0.28657E-06
  985    0.28351E-06
  986    0.28049E-06
  987    0.27750E-06
  988    0.27454E-06
  989    0.27161E-06
  990    0.26872E-06
  991    0.26585E-06
  992    0.26302E-06
  993    0.26021E-06
  994    0.25744E-06
  995    0.25469E-06
  996    0.25197E-06
  997    0.24929E-06
  998    0.24663E-06
  999    0.24400E-06
 1000    0.24140E-06
 1001    0.23882E-06
 1002    0.23628E-06
 1003    0.23376E-06
 1004    0.23126E-06
 1005    0.22880E-06
 1006    0.22636E-06
 1007    0.22394E-06
 1008    0.22156E-06
 1009    0.21919E-06
 1010    0.21686E-06
 1011    0.21454E-06
 1012    0.21226E-06
 1013    0.20999E-06
 1014    0.20775E-06
 1015    0.20554E-06
 1016    0.20335E-06
 1017    0.20118E-06
 1018    0.19903E-06
 1019    0.19691E-06
 1020    0.19481E-06
 1021    0.19273E-06
 1022    0.19068E-06
 1023    0.18864E-06
 1024    0.18663E-06
 1025    0.18464E-06
 1026    0.18267E-06
 1027    0.18072E-06
 1028    0.17880E-06
 1029    0.17689E-06
 1030    0.17500E-06
 1031    0.17314E-06
 1032    0.17129E-06
 1033    0.16947E-06
 1034    0.16766E-06
 1035    0.16587E-06
 1036    0.16410E-06
 1037    0.16235E-06
 1038    0.16062E-06
 1039    0.15891E-06
 1040    0.15721E-06
 1041    0.15554E-06
 1042    0.15388E-06
 1043    0.15224E-06
 1044    0.15061E-06
 1045    0.14901E-06
 1046    0.14742E-06
 1047    0.14585E-06
 1048    0.14429E-06
 1049    0.14275E-06
 1050    0.14123E-06
 1051    0.13972E-06
 1052    0.13823E-06
 1053    0.13676E-06
 1054    0.13530E-06
 1055    0.13386E-06
 1056    0.13243E-06
 1057    0.13102E-06
 1058    0.12962E-06
 1059    0.12824E-06
 1060    0.12687E-06
 1061    0.12552E-06
 1062    0.12418E-06
 1063    0.12286E-06
 1064    0.12155E-06
 1065    0.12025E-06
 1066    0.11897E-06
 1067    0.11770E-06
 1068    0.11644E-06
 1069    0.11520E-06
 1070    0.11397E-06
 1071    0.11276E-06
 1072    0.11156E-06
 1073    0.11037E-06
 1074    0.10919E-06
 1075    0.10802E-06
 1076    0.10687E-06
 1077    0.10573E-06
 1078    0.10461E-06
 1079    0.10349E-06
 1080    0.10239E-06
 1081    0.10129E-06
 1082    0.10021E-06
 1083    0.99146E-07
 1084    0.98088E-07
 1085    0.97042E-07
 1086    0.96007E-07
 1087    0.94984E-07
 1088    0.93971E-07
 1089    0.92969E-07
 1090    0.91977E-07
 1091    0.90996E-07
 1092    0.90026E-07
 1093    0.89066E-07
 1094    0.88116E-07
 1095    0.87177E-07
 1096    0.86247E-07
 1097    0.85327E-07
 1098    0.84417E-07
 1099    0.83517E-07
 1100    0.82626E-07
 1101    0.81745E-07
 1102    0.80874E-07
 1103    0.80011E-07
 1104    0.79158E-07
 1105    0.78314E-07
 1106    0.77479E-07
 1107    0.76652E-07
 1108    0.75835E-07
 1109    0.75026E-07
 1110    0.74226E-07
 1111    0.73435E-07
 1112    0.72652E-07
 1113    0.71877E-07
 1114    0.71110E-07
 1115    0.70352E-07
 1116    0.69602E-07
 1117    0.68860E-07
 1118    0.68125E-07
 1119    0.67399E-07
 1120    0.66680E-07
 1121    0.65969E-07
 1122    0.65266E-07
 1123    0.64570E-07
 1124    0.63881E-07
 1125    0.63200E-07
 1126    0.62526E-07
 1127    0.61859E-07
 1128    0.61199E-07
 1129    0.60547E-07
 1130    0.59901E-07
 1131    0.59262E-07
 1132    0.58630E-07
 1133    0.58005E-07
 1134    0.57387E-07
 1135    0.56775E-07
 1136    0.56169E-07
 1137    0.55570E-07
 1138    0.54978E-07
 1139    0.54391E-07
 1140    0.53811E-07
 1141    0.53237E-07
 1142    0.52670E-07
 1143    0.52108E-07
 1144    0.51552E-07
 1145    0.51003E-07
 1146    0.50459E-07
 1147    0.49921E-07
 1148    0.49388E-07
 1149    0.48862E-07
 1150    0.48341E-07
 1151    0.47825E-07
 1152    0.47315E-07
 1153    0.46811E-07
 1154    0.46311E-07
 1155    0.45817E-07
 1156    0.45329E-07
 1157    0.44845E-07
 1158    0.44367E-07
 1159    0.43894E-07
 1160    0.43426E-07
 1161    0.42963E-07
 1162    0.42505E-07
 1163    0.42052E-07
 1164    0.41603E-07
 1165    0.41159E-07
 1166    0.40721E-07
 1167    0.40286E-07
 1168    0.39857E-07
 1169    0.39432E-07
 1170    0.39011E-07
 1171    0.38595E-07
 1172    0.38184E-07
 1173    0.37776E-07
 1174    0.37374E-07
 1175    0.36975E-07
 1176    0.36581E-07
 1177    0.36191E-07
 1178    0.35805E-07
 1179    0.35423E-07
 1180    0.35045E-07
 1181    0.34671E-07
 1182    0.34302E-07
 1183    0.33936E-07
 1184    0.33574E-07
 1185    0.33216E-07
 1186    0.32862E-07
 1187    0.32511E-07
 1188    0.32165E-07
 1189    0.31822E-07
 1190    0.31482E-07
 1191    0.31147E-07
 1192    0.30814E-07
 1193    0.30486E-07
 1194    0.30161E-07
 1195    0.29839E-07
 1196    0.29521E-07
 1197    0.29206E-07
 1198    0.28895E-07
 1199    0.28586E-07
 1200    0.28282E-07
 1201    0.27980E-07
 1202    0.27682E-07
 1203    0.27386E-07
 1204    0.27094E-07
 1205    0.26805E-07
 1206    0.26520E-07
 1207    0.26237E-07
 1208    0.25957E-07
 1209    0.25680E-07
 1210    0.25406E-07
 1211    0.25135E-07
 1212    0.24867E-07
 1213    0.24602E-07
 1214    0.24340E-07
 1215    0.24080E-07
 1216    0.23824E-07
 1217    0.23569E-07
 1218    0.23318E-07
 1219    0.23069E-07
 1220    0.22823E-07
 1221    0.22580E-07
 1222    0.22339E-07
 1223    0.22101E-07
 1224    0.21865E-07
 1225    0.21632E-07
 1226    0.21402E-07
 1227    0.21173E-07
 1228    0.20948E-07
 1229    0.20724E-07
 1230    0.20503E-07
 1231    0.20284E-07
 1232    0.20068E-07
 1233    0.19854E-07
 1234    0.19642E-07
 1235    0.19433E-07
 1236    0.19226E-07
 1237    0.19021E-07
 1238    0.18818E-07
 1239    0.18617E-07
 1240    0.18419E-07
 1241    0.18222E-07
 1242    0.18028E-07
 1243    0.17836E-07
 1244    0.17646E-07
 1245    0.17457E-07
 1246    0.17271E-07
 1247    0.17087E-07
 1248    0.16905E-07
 1249    0.16725E-07
 1250    0.16546E-07
 1251    0.16370E-07
 1252    0.16195E-07
 1253    0.16022E-07
 1254    0.15852E-07
 1255    0.15683E-07
 1256    0.15515E-07
 1257    0.15350E-07
 1258    0.15186E-07
 1259    0.15024E-07
 1260    0.14864E-07
 1261    0.14705E-07
 1262    0.14549E-07
 1263    0.14394E-07
 1264    0.14240E-07
 1265    0.14088E-07
 1266    0.13938E-07
 1267    0.13789E-07
 1268    0.13642E-07
 1269    0.13497E-07
 1270    0.13353E-07
 1271    0.13210E-07
 1272    0.13070E-07
 1273    0.12930E-07
 1274    0.12792E-07
 1275    0.12656E-07
 1276    0.12521E-07
 1277    0.12387E-07
 1278    0.12255E-07
 1279    0.12125E-07
 1280    0.11995E-07
 1281    0.11867E-07
 1282    0.11741E-07
 1283    0.11616E-07
 1284    0.11492E-07
 1285    0.11369E-07
 1286    0.11248E-07
 1287    0.11128E-07
 1288    0.11009E-07
 1289    0.10892E-07
 1290    0.10776E-07
 1291    0.10661E-07
 1292    0.10547E-07
 1293    0.10435E-07
 1294    0.10323E-07
 1295    0.10213E-07
 1296    0.10104E-07
 1297    0.99967E-08

iteration:   1297

epsilon =     0.10000E-07
omega =     0.18000E+01
tick =     0.10000E-06

norm_x =     0.13050E+03, norm_analysis =     0.13048E+03
diff =     0.12178E+02

caltime =   27.9871, comtime =    0.0847, checktime =   27.2029
alltime =   55.2746

