2 processes:
    1    0.25360E+01
    2    0.22780E+01
    3    0.18589E+01
    4    0.15301E+01
    5    0.12736E+01
    6    0.10529E+01
    7    0.88557E+00
    8    0.74295E+00
    9    0.63352E+00
   10    0.54246E+00
   11    0.47127E+00
   12    0.41319E+00
   13    0.36688E+00
   14    0.32936E+00
   15    0.29882E+00
   16    0.27384E+00
   17    0.25303E+00
   18    0.23564E+00
   19    0.22079E+00
   20    0.20804E+00
   21    0.19688E+00
   22    0.18705E+00
   23    0.17826E+00
   24    0.17035E+00
   25    0.16317E+00
   26    0.15660E+00
   27    0.15055E+00
   28    0.14495E+00
   29    0.13975E+00
   30    0.13490E+00
   31    0.13036E+00
   32    0.12610E+00
   33    0.12208E+00
   34    0.11830E+00
   35    0.11472E+00
   36    0.11133E+00
   37    0.10812E+00
   38    0.10506E+00
   39    0.10215E+00
   40    0.99378E-01
   41    0.96732E-01
   42    0.94205E-01
   43    0.91787E-01
   44    0.89472E-01
   45    0.87253E-01
   46    0.85124E-01
   47    0.83079E-01
   48    0.81114E-01
   49    0.79223E-01
   50    0.77404E-01
   51    0.75650E-01
   52    0.73960E-01
   53    0.72330E-01
   54    0.70755E-01
   55    0.69235E-01
   56    0.67765E-01
   57    0.66343E-01
   58    0.64968E-01
   59    0.63636E-01
   60    0.62346E-01
   61    0.61096E-01
   62    0.59884E-01
   63    0.58708E-01
   64    0.57567E-01
   65    0.56459E-01
   66    0.55382E-01
   67    0.54337E-01
   68    0.53320E-01
   69    0.52331E-01
   70    0.51370E-01
   71    0.50434E-01
   72    0.49523E-01
   73    0.48636E-01
   74    0.47772E-01
   75    0.46930E-01
   76    0.46110E-01
   77    0.45310E-01
   78    0.44529E-01
   79    0.43768E-01
   80    0.43025E-01
   81    0.42301E-01
   82    0.41593E-01
   83    0.40902E-01
   84    0.40227E-01
   85    0.39567E-01
   86    0.38923E-01
   87    0.38293E-01
   88    0.37677E-01
   89    0.37075E-01
   90    0.36486E-01
   91    0.35910E-01
   92    0.35347E-01
   93    0.34795E-01
   94    0.34255E-01
   95    0.33727E-01
   96    0.33209E-01
   97    0.32702E-01
   98    0.32206E-01
   99    0.31720E-01
  100    0.31243E-01
  101    0.30776E-01
  102    0.30319E-01
  103    0.29870E-01
  104    0.29430E-01
  105    0.28999E-01
  106    0.28576E-01
  107    0.28161E-01
  108    0.27754E-01
  109    0.27355E-01
  110    0.26963E-01
  111    0.26579E-01
  112    0.26201E-01
  113    0.25831E-01
  114    0.25467E-01
  115    0.25110E-01
  116    0.24759E-01
  117    0.24415E-01
  118    0.24077E-01
  119    0.23745E-01
  120    0.23418E-01
  121    0.23097E-01
  122    0.22782E-01
  123    0.22472E-01
  124    0.22168E-01
  125    0.21869E-01
  126    0.21574E-01
  127    0.21285E-01
  128    0.21001E-01
  129    0.20721E-01
  130    0.20446E-01
  131    0.20175E-01
  132    0.19909E-01
  133    0.19647E-01
  134    0.19390E-01
  135    0.19136E-01
  136    0.18887E-01
  137    0.18641E-01
  138    0.18400E-01
  139    0.18162E-01
  140    0.17928E-01
  141    0.17698E-01
  142    0.17471E-01
  143    0.17247E-01
  144    0.17028E-01
  145    0.16811E-01
  146    0.16598E-01
  147    0.16388E-01
  148    0.16181E-01
  149    0.15977E-01
  150    0.15776E-01
  151    0.15579E-01
  152    0.15384E-01
  153    0.15192E-01
  154    0.15003E-01
  155    0.14816E-01
  156    0.14632E-01
  157    0.14451E-01
  158    0.14273E-01
  159    0.14097E-01
  160    0.13923E-01
  161    0.13753E-01
  162    0.13584E-01
  163    0.13418E-01
  164    0.13254E-01
  165    0.13092E-01
  166    0.12933E-01
  167    0.12776E-01
  168    0.12621E-01
  169    0.12468E-01
  170    0.12318E-01
  171    0.12169E-01
  172    0.12022E-01
  173    0.11878E-01
  174    0.11735E-01
  175    0.11594E-01
  176    0.11455E-01
  177    0.11318E-01
  178    0.11183E-01
  179    0.11050E-01
  180    0.10918E-01
  181    0.10788E-01
  182    0.10660E-01
  183    0.10533E-01
  184    0.10409E-01
  185    0.10285E-01
  186    0.10164E-01
  187    0.10044E-01
  188    0.99252E-02
  189    0.98082E-02
  190    0.96927E-02
  191    0.95787E-02
  192    0.94662E-02
  193    0.93551E-02
  194    0.92454E-02
  195    0.91371E-02
  196    0.90302E-02
  197    0.89246E-02
  198    0.88204E-02
  199    0.87174E-02
  200    0.86158E-02
  201    0.85154E-02
  202    0.84163E-02
  203    0.83184E-02
  204    0.82217E-02
  205    0.81262E-02
  206    0.80319E-02
  207    0.79388E-02
  208    0.78468E-02
  209    0.77560E-02
  210    0.76662E-02
  211    0.75776E-02
  212    0.74901E-02
  213    0.74036E-02
  214    0.73181E-02
  215    0.72338E-02
  216    0.71504E-02
  217    0.70680E-02
  218    0.69867E-02
  219    0.69063E-02
  220    0.68269E-02
  221    0.67484E-02
  222    0.66709E-02
  223    0.65944E-02
  224    0.65187E-02
  225    0.64439E-02
  226    0.63701E-02
  227    0.62971E-02
  228    0.62250E-02
  229    0.61538E-02
  230    0.60834E-02
  231    0.60138E-02
  232    0.59450E-02
  233    0.58771E-02
  234    0.58100E-02
  235    0.57437E-02
  236    0.56781E-02
  237    0.56134E-02
  238    0.55493E-02
  239    0.54861E-02
  240    0.54236E-02
  241    0.53618E-02
  242    0.53007E-02
  243    0.52404E-02
  244    0.51808E-02
  245    0.51218E-02
  246    0.50636E-02
  247    0.50060E-02
  248    0.49491E-02
  249    0.48929E-02
  250    0.48373E-02
  251    0.47824E-02
  252    0.47281E-02
  253    0.46745E-02
  254    0.46214E-02
  255    0.45690E-02
  256    0.45172E-02
  257    0.44660E-02
  258    0.44153E-02
  259    0.43653E-02
  260    0.43158E-02
  261    0.42670E-02
  262    0.42186E-02
  263    0.41709E-02
  264    0.41237E-02
  265    0.40770E-02
  266    0.40309E-02
  267    0.39853E-02
  268    0.39402E-02
  269    0.38956E-02
  270    0.38516E-02
  271    0.38080E-02
  272    0.37650E-02
  273    0.37224E-02
  274    0.36804E-02
  275    0.36388E-02
  276    0.35977E-02
  277    0.35571E-02
  278    0.35169E-02
  279    0.34772E-02
  280    0.34379E-02
  281    0.33991E-02
  282    0.33608E-02
  283    0.33228E-02
  284    0.32853E-02
  285    0.32483E-02
  286    0.32116E-02
  287    0.31754E-02
  288    0.31396E-02
  289    0.31042E-02
  290    0.30692E-02
  291    0.30346E-02
  292    0.30004E-02
  293    0.29666E-02
  294    0.29331E-02
  295    0.29001E-02
  296    0.28674E-02
  297    0.28351E-02
  298    0.28032E-02
  299    0.27716E-02
  300    0.27404E-02
  301    0.27095E-02
  302    0.26790E-02
  303    0.26488E-02
  304    0.26190E-02
  305    0.25895E-02
  306    0.25604E-02
  307    0.25315E-02
  308    0.25030E-02
  309    0.24749E-02
  310    0.24470E-02
  311    0.24195E-02
  312    0.23922E-02
  313    0.23653E-02
  314    0.23387E-02
  315    0.23124E-02
  316    0.22864E-02
  317    0.22607E-02
  318    0.22352E-02
  319    0.22101E-02
  320    0.21852E-02
  321    0.21606E-02
  322    0.21363E-02
  323    0.21123E-02
  324    0.20886E-02
  325    0.20651E-02
  326    0.20419E-02
  327    0.20189E-02
  328    0.19962E-02
  329    0.19738E-02
  330    0.19516E-02
  331    0.19296E-02
  332    0.19079E-02
  333    0.18865E-02
  334    0.18653E-02
  335    0.18443E-02
  336    0.18236E-02
  337    0.18031E-02
  338    0.17828E-02
  339    0.17628E-02
  340    0.17430E-02
  341    0.17234E-02
  342    0.17040E-02
  343    0.16849E-02
  344    0.16659E-02
  345    0.16472E-02
  346    0.16287E-02
  347    0.16104E-02
  348    0.15923E-02
  349    0.15744E-02
  350    0.15568E-02
  351    0.15393E-02
  352    0.15220E-02
  353    0.15049E-02
  354    0.14880E-02
  355    0.14713E-02
  356    0.14547E-02
  357    0.14384E-02
  358    0.14222E-02
  359    0.14063E-02
  360    0.13905E-02
  361    0.13748E-02
  362    0.13594E-02
  363    0.13441E-02
  364    0.13290E-02
  365    0.13141E-02
  366    0.12994E-02
  367    0.12848E-02
  368    0.12703E-02
  369    0.12561E-02
  370    0.12420E-02
  371    0.12280E-02
  372    0.12142E-02
  373    0.12006E-02
  374    0.11871E-02
  375    0.11738E-02
  376    0.11606E-02
  377    0.11476E-02
  378    0.11347E-02
  379    0.11219E-02
  380    0.11093E-02
  381    0.10969E-02
  382    0.10846E-02
  383    0.10724E-02
  384    0.10604E-02
  385    0.10484E-02
  386    0.10367E-02
  387    0.10250E-02
  388    0.10135E-02
  389    0.10022E-02
  390    0.99090E-03
  391    0.97977E-03
  392    0.96878E-03
  393    0.95790E-03
  394    0.94715E-03
  395    0.93651E-03
  396    0.92600E-03
  397    0.91560E-03
  398    0.90533E-03
  399    0.89516E-03
  400    0.88511E-03
  401    0.87518E-03
  402    0.86535E-03
  403    0.85564E-03
  404    0.84603E-03
  405    0.83654E-03
  406    0.82715E-03
  407    0.81786E-03
  408    0.80868E-03
  409    0.79960E-03
  410    0.79063E-03
  411    0.78175E-03
  412    0.77298E-03
  413    0.76430E-03
  414    0.75572E-03
  415    0.74724E-03
  416    0.73885E-03
  417    0.73056E-03
  418    0.72236E-03
  419    0.71425E-03
  420    0.70623E-03
  421    0.69831E-03
  422    0.69047E-03
  423    0.68272E-03
  424    0.67506E-03
  425    0.66748E-03
  426    0.65999E-03
  427    0.65258E-03
  428    0.64526E-03
  429    0.63801E-03
  430    0.63085E-03
  431    0.62377E-03
  432    0.61677E-03
  433    0.60985E-03
  434    0.60300E-03
  435    0.59624E-03
  436    0.58954E-03
  437    0.58293E-03
  438    0.57638E-03
  439    0.56992E-03
  440    0.56352E-03
  441    0.55719E-03
  442    0.55094E-03
  443    0.54476E-03
  444    0.53864E-03
  445    0.53260E-03
  446    0.52662E-03
  447    0.52071E-03
  448    0.51487E-03
  449    0.50909E-03
  450    0.50337E-03
  451    0.49773E-03
  452    0.49214E-03
  453    0.48662E-03
  454    0.48115E-03
  455    0.47575E-03
  456    0.47042E-03
  457    0.46514E-03
  458    0.45992E-03
  459    0.45475E-03
  460    0.44965E-03
  461    0.44460E-03
  462    0.43961E-03
  463    0.43468E-03
  464    0.42980E-03
  465    0.42498E-03
  466    0.42021E-03
  467    0.41549E-03
  468    0.41083E-03
  469    0.40622E-03
  470    0.40166E-03
  471    0.39715E-03
  472    0.39270E-03
  473    0.38829E-03
  474    0.38393E-03
  475    0.37962E-03
  476    0.37536E-03
  477    0.37115E-03
  478    0.36698E-03
  479    0.36287E-03
  480    0.35879E-03
  481    0.35477E-03
  482    0.35079E-03
  483    0.34685E-03
  484    0.34296E-03
  485    0.33911E-03
  486    0.33530E-03
  487    0.33154E-03
  488    0.32782E-03
  489    0.32414E-03
  490    0.32050E-03
  491    0.31691E-03
  492    0.31335E-03
  493    0.30983E-03
  494    0.30636E-03
  495    0.30292E-03
  496    0.29952E-03
  497    0.29616E-03
  498    0.29283E-03
  499    0.28955E-03
  500    0.28630E-03
  501    0.28308E-03
  502    0.27991E-03
  503    0.27677E-03
  504    0.27366E-03
  505    0.27059E-03
  506    0.26755E-03
  507    0.26455E-03
  508    0.26158E-03
  509    0.25865E-03
  510    0.25574E-03
  511    0.25287E-03
  512    0.25004E-03
  513    0.24723E-03
  514    0.24446E-03
  515    0.24171E-03
  516    0.23900E-03
  517    0.23632E-03
  518    0.23367E-03
  519    0.23104E-03
  520    0.22845E-03
  521    0.22589E-03
  522    0.22335E-03
  523    0.22085E-03
  524    0.21837E-03
  525    0.21592E-03
  526    0.21349E-03
  527    0.21110E-03
  528    0.20873E-03
  529    0.20639E-03
  530    0.20407E-03
  531    0.20178E-03
  532    0.19952E-03
  533    0.19728E-03
  534    0.19506E-03
  535    0.19287E-03
  536    0.19071E-03
  537    0.18857E-03
  538    0.18645E-03
  539    0.18436E-03
  540    0.18229E-03
  541    0.18025E-03
  542    0.17822E-03
  543    0.17622E-03
  544    0.17425E-03
  545    0.17229E-03
  546    0.17036E-03
  547    0.16845E-03
  548    0.16655E-03
  549    0.16469E-03
  550    0.16284E-03
  551    0.16101E-03
  552    0.15920E-03
  553    0.15742E-03
  554    0.15565E-03
  555    0.15390E-03
  556    0.15218E-03
  557    0.15047E-03
  558    0.14878E-03
  559    0.14711E-03
  560    0.14546E-03
  561    0.14383E-03
  562    0.14221E-03
  563    0.14062E-03
  564    0.13904E-03
  565    0.13748E-03
  566    0.13594E-03
  567    0.13441E-03
  568    0.13290E-03
  569    0.13141E-03
  570    0.12994E-03
  571    0.12848E-03
  572    0.12704E-03
  573    0.12561E-03
  574    0.12420E-03
  575    0.12281E-03
  576    0.12143E-03
  577    0.12007E-03
  578    0.11872E-03
  579    0.11739E-03
  580    0.11607E-03
  581    0.11477E-03
  582    0.11348E-03
  583    0.11221E-03
  584    0.11095E-03
  585    0.10970E-03
  586    0.10847E-03
  587    0.10725E-03
  588    0.10605E-03
  589    0.10486E-03
  590    0.10368E-03
  591    0.10252E-03
  592    0.10137E-03
  593    0.10023E-03
  594    0.99106E-04
  595    0.97994E-04
  596    0.96895E-04
  597    0.95807E-04
  598    0.94732E-04
  599    0.93669E-04
  600    0.92618E-04
  601    0.91579E-04
  602    0.90551E-04
  603    0.89535E-04
  604    0.88530E-04
  605    0.87536E-04
  606    0.86554E-04
  607    0.85583E-04
  608    0.84622E-04
  609    0.83673E-04
  610    0.82734E-04
  611    0.81805E-04
  612    0.80887E-04
  613    0.79980E-04
  614    0.79082E-04
  615    0.78195E-04
  616    0.77317E-04
  617    0.76450E-04
  618    0.75592E-04
  619    0.74743E-04
  620    0.73905E-04
  621    0.73075E-04
  622    0.72255E-04
  623    0.71444E-04
  624    0.70643E-04
  625    0.69850E-04
  626    0.69066E-04
  627    0.68291E-04
  628    0.67525E-04
  629    0.66767E-04
  630    0.66018E-04
  631    0.65277E-04
  632    0.64544E-04
  633    0.63820E-04
  634    0.63104E-04
  635    0.62396E-04
  636    0.61695E-04
  637    0.61003E-04
  638    0.60318E-04
  639    0.59642E-04
  640    0.58972E-04
  641    0.58310E-04
  642    0.57656E-04
  643    0.57009E-04
  644    0.56369E-04
  645    0.55737E-04
  646    0.55111E-04
  647    0.54493E-04
  648    0.53881E-04
  649    0.53277E-04
  650    0.52679E-04
  651    0.52088E-04
  652    0.51503E-04
  653    0.50925E-04
  654    0.50354E-04
  655    0.49789E-04
  656    0.49230E-04
  657    0.48677E-04
  658    0.48131E-04
  659    0.47591E-04
  660    0.47057E-04
  661    0.46529E-04
  662    0.46007E-04
  663    0.45490E-04
  664    0.44980E-04
  665    0.44475E-04
  666    0.43976E-04
  667    0.43483E-04
  668    0.42995E-04
  669    0.42512E-04
  670    0.42035E-04
  671    0.41563E-04
  672    0.41097E-04
  673    0.40636E-04
  674    0.40180E-04
  675    0.39729E-04
  676    0.39283E-04
  677    0.38842E-04
  678    0.38406E-04
  679    0.37975E-04
  680    0.37549E-04
  681    0.37128E-04
  682    0.36711E-04
  683    0.36299E-04
  684    0.35892E-04
  685    0.35489E-04
  686    0.35091E-04
  687    0.34697E-04
  688    0.34308E-04
  689    0.33923E-04
  690    0.33542E-04
  691    0.33166E-04
  692    0.32793E-04
  693    0.32425E-04
  694    0.32062E-04
  695    0.31702E-04
  696    0.31346E-04
  697    0.30994E-04
  698    0.30646E-04
  699    0.30302E-04
  700    0.29962E-04
  701    0.29626E-04
  702    0.29294E-04
  703    0.28965E-04
  704    0.28640E-04
  705    0.28319E-04
  706    0.28001E-04
  707    0.27687E-04
  708    0.27376E-04
  709    0.27069E-04
  710    0.26765E-04
  711    0.26465E-04
  712    0.26168E-04
  713    0.25874E-04
  714    0.25584E-04
  715    0.25296E-04
  716    0.25013E-04
  717    0.24732E-04
  718    0.24454E-04
  719    0.24180E-04
  720    0.23909E-04
  721    0.23640E-04
  722    0.23375E-04
  723    0.23113E-04
  724    0.22853E-04
  725    0.22597E-04
  726    0.22343E-04
  727    0.22093E-04
  728    0.21845E-04
  729    0.21599E-04
  730    0.21357E-04
  731    0.21117E-04
  732    0.20880E-04
  733    0.20646E-04
  734    0.20414E-04
  735    0.20185E-04
  736    0.19959E-04
  737    0.19735E-04
  738    0.19513E-04
  739    0.19294E-04
  740    0.19078E-04
  741    0.18864E-04
  742    0.18652E-04
  743    0.18443E-04
  744    0.18236E-04
  745    0.18031E-04
  746    0.17829E-04
  747    0.17629E-04
  748    0.17431E-04
  749    0.17235E-04
  750    0.17042E-04
  751    0.16851E-04
  752    0.16662E-04
  753    0.16475E-04
  754    0.16290E-04
  755    0.16107E-04
  756    0.15926E-04
  757    0.15747E-04
  758    0.15571E-04
  759    0.15396E-04
  760    0.15223E-04
  761    0.15052E-04
  762    0.14883E-04
  763    0.14716E-04
  764    0.14551E-04
  765    0.14388E-04
  766    0.14227E-04
  767    0.14067E-04
  768    0.13909E-04
  769    0.13753E-04
  770    0.13599E-04
  771    0.13446E-04
  772    0.13295E-04
  773    0.13146E-04
  774    0.12998E-04
  775    0.12853E-04
  776    0.12708E-04
  777    0.12566E-04
  778    0.12425E-04
  779    0.12285E-04
  780    0.12147E-04
  781    0.12011E-04
  782    0.11876E-04
  783    0.11743E-04
  784    0.11611E-04
  785    0.11481E-04
  786    0.11352E-04
  787    0.11225E-04
  788    0.11099E-04
  789    0.10974E-04
  790    0.10851E-04
  791    0.10729E-04
  792    0.10609E-04
  793    0.10490E-04
  794    0.10372E-04
  795    0.10256E-04
  796    0.10141E-04
  797    0.10027E-04
  798    0.99143E-05
  799    0.98031E-05
  800    0.96930E-05
  801    0.95843E-05
  802    0.94767E-05
  803    0.93704E-05
  804    0.92652E-05
  805    0.91612E-05
  806    0.90584E-05
  807    0.89568E-05
  808    0.88563E-05
  809    0.87569E-05
  810    0.86586E-05
  811    0.85614E-05
  812    0.84654E-05
  813    0.83704E-05
  814    0.82764E-05
  815    0.81836E-05
  816    0.80917E-05
  817    0.80009E-05
  818    0.79111E-05
  819    0.78224E-05
  820    0.77346E-05
  821    0.76478E-05
  822    0.75620E-05
  823    0.74771E-05
  824    0.73932E-05
  825    0.73102E-05
  826    0.72282E-05
  827    0.71471E-05
  828    0.70669E-05
  829    0.69876E-05
  830    0.69092E-05
  831    0.68316E-05
  832    0.67550E-05
  833    0.66792E-05
  834    0.66042E-05
  835    0.65301E-05
  836    0.64568E-05
  837    0.63844E-05
  838    0.63127E-05
  839    0.62419E-05
  840    0.61718E-05
  841    0.61026E-05
  842    0.60341E-05
  843    0.59664E-05
  844    0.58994E-05
  845    0.58332E-05
  846    0.57677E-05
  847    0.57030E-05
  848    0.56390E-05
  849    0.55757E-05
  850    0.55132E-05
  851    0.54513E-05
  852    0.53901E-05
  853    0.53296E-05
  854    0.52698E-05
  855    0.52107E-05
  856    0.51522E-05
  857    0.50944E-05
  858    0.50372E-05
  859    0.49807E-05
  860    0.49248E-05
  861    0.48695E-05
  862    0.48149E-05
  863    0.47609E-05
  864    0.47074E-05
  865    0.46546E-05
  866    0.46024E-05
  867    0.45507E-05
  868    0.44997E-05
  869    0.44492E-05
  870    0.43992E-05
  871    0.43499E-05
  872    0.43011E-05
  873    0.42528E-05
  874    0.42051E-05
  875    0.41579E-05
  876    0.41112E-05
  877    0.40651E-05
  878    0.40195E-05
  879    0.39744E-05
  880    0.39298E-05
  881    0.38857E-05
  882    0.38421E-05
  883    0.37989E-05
  884    0.37563E-05
  885    0.37142E-05
  886    0.36725E-05
  887    0.36313E-05
  888    0.35905E-05
  889    0.35502E-05
  890    0.35104E-05
  891    0.34710E-05
  892    0.34320E-05
  893    0.33935E-05
  894    0.33554E-05
  895    0.33178E-05
  896    0.32806E-05
  897    0.32437E-05
  898    0.32073E-05
  899    0.31714E-05
  900    0.31358E-05
  901    0.31006E-05
  902    0.30658E-05
  903    0.30314E-05
  904    0.29974E-05
  905    0.29637E-05
  906    0.29305E-05
  907    0.28976E-05
  908    0.28651E-05
  909    0.28329E-05
  910    0.28011E-05
  911    0.27697E-05
  912    0.27386E-05
  913    0.27079E-05
  914    0.26775E-05
  915    0.26474E-05
  916    0.26177E-05
  917    0.25884E-05
  918    0.25593E-05
  919    0.25306E-05
  920    0.25022E-05
  921    0.24741E-05
  922    0.24463E-05
  923    0.24189E-05
  924    0.23917E-05
  925    0.23649E-05
  926    0.23384E-05
  927    0.23121E-05
  928    0.22862E-05
  929    0.22605E-05
  930    0.22352E-05
  931    0.22101E-05
  932    0.21853E-05
  933    0.21607E-05
  934    0.21365E-05
  935    0.21125E-05
  936    0.20888E-05
  937    0.20654E-05
  938    0.20422E-05
  939    0.20193E-05
  940    0.19966E-05
  941    0.19742E-05
  942    0.19521E-05
  943    0.19302E-05
  944    0.19085E-05
  945    0.18871E-05
  946    0.18659E-05
  947    0.18450E-05
  948    0.18243E-05
  949    0.18038E-05
  950    0.17835E-05
  951    0.17635E-05
  952    0.17437E-05
  953    0.17242E-05
  954    0.17048E-05
  955    0.16857E-05
  956    0.16668E-05
  957    0.16481E-05
  958    0.16296E-05
  959    0.16113E-05
  960    0.15932E-05
  961    0.15753E-05
  962    0.15577E-05
  963    0.15402E-05
  964    0.15229E-05
  965    0.15058E-05
  966    0.14889E-05
  967    0.14722E-05
  968    0.14557E-05
  969    0.14393E-05
  970    0.14232E-05
  971    0.14072E-05
  972    0.13914E-05
  973    0.13758E-05
  974    0.13604E-05
  975    0.13451E-05
  976    0.13300E-05
  977    0.13151E-05
  978    0.13003E-05
  979    0.12857E-05
  980    0.12713E-05
  981    0.12570E-05
  982    0.12429E-05
  983    0.12290E-05
  984    0.12152E-05
  985    0.12016E-05
  986    0.11881E-05
  987    0.11747E-05
  988    0.11616E-05
  989    0.11485E-05
  990    0.11356E-05
  991    0.11229E-05
  992    0.11103E-05
  993    0.10978E-05
  994    0.10855E-05
  995    0.10733E-05
  996    0.10613E-05
  997    0.10494E-05
  998    0.10376E-05
  999    0.10260E-05
 1000    0.10144E-05
 1001    0.10031E-05
 1002    0.99180E-06
 1003    0.98067E-06
 1004    0.96966E-06
 1005    0.95878E-06
 1006    0.94802E-06
 1007    0.93738E-06
 1008    0.92687E-06
 1009    0.91646E-06
 1010    0.90618E-06
 1011    0.89601E-06
 1012    0.88596E-06
 1013    0.87601E-06
 1014    0.86618E-06
 1015    0.85646E-06
 1016    0.84685E-06
 1017    0.83735E-06
 1018    0.82795E-06
 1019    0.81866E-06
 1020    0.80947E-06
 1021    0.80039E-06
 1022    0.79141E-06
 1023    0.78253E-06
 1024    0.77375E-06
 1025    0.76506E-06
 1026    0.75648E-06
 1027    0.74799E-06
 1028    0.73959E-06
 1029    0.73129E-06
 1030    0.72309E-06
 1031    0.71497E-06
 1032    0.70695E-06
 1033    0.69902E-06
 1034    0.69117E-06
 1035    0.68342E-06
 1036    0.67575E-06
 1037    0.66816E-06
 1038    0.66067E-06
 1039    0.65325E-06
 1040    0.64592E-06
 1041    0.63867E-06
 1042    0.63151E-06
 1043    0.62442E-06
 1044    0.61741E-06
 1045    0.61048E-06
 1046    0.60363E-06
 1047    0.59686E-06
 1048    0.59016E-06
 1049    0.58354E-06
 1050    0.57699E-06
 1051    0.57051E-06
 1052    0.56411E-06
 1053    0.55778E-06
 1054    0.55152E-06
 1055    0.54533E-06
 1056    0.53921E-06
 1057    0.53316E-06
 1058    0.52718E-06
 1059    0.52126E-06
 1060    0.51541E-06
 1061    0.50963E-06
 1062    0.50391E-06
 1063    0.49826E-06
 1064    0.49266E-06
 1065    0.48714E-06
 1066    0.48167E-06
 1067    0.47626E-06
 1068    0.47092E-06
 1069    0.46563E-06
 1070    0.46041E-06
 1071    0.45524E-06
 1072    0.45013E-06
 1073    0.44508E-06
 1074    0.44009E-06
 1075    0.43515E-06
 1076    0.43027E-06
 1077    0.42544E-06
 1078    0.42066E-06
 1079    0.41594E-06
 1080    0.41128E-06
 1081    0.40666E-06
 1082    0.40210E-06
 1083    0.39758E-06
 1084    0.39312E-06
 1085    0.38871E-06
 1086    0.38435E-06
 1087    0.38004E-06
 1088    0.37577E-06
 1089    0.37155E-06
 1090    0.36738E-06
 1091    0.36326E-06
 1092    0.35919E-06
 1093    0.35515E-06
 1094    0.35117E-06
 1095    0.34723E-06
 1096    0.34333E-06
 1097    0.33948E-06
 1098    0.33567E-06
 1099    0.33190E-06
 1100    0.32818E-06
 1101    0.32449E-06
 1102    0.32085E-06
 1103    0.31725E-06
 1104    0.31369E-06
 1105    0.31017E-06
 1106    0.30669E-06
 1107    0.30325E-06
 1108    0.29985E-06
 1109    0.29648E-06
 1110    0.29315E-06
 1111    0.28987E-06
 1112    0.28661E-06
 1113    0.28340E-06
 1114    0.28022E-06
 1115    0.27707E-06
 1116    0.27396E-06
 1117    0.27089E-06
 1118    0.26785E-06
 1119    0.26484E-06
 1120    0.26187E-06
 1121    0.25893E-06
 1122    0.25603E-06
 1123    0.25315E-06
 1124    0.25031E-06
 1125    0.24750E-06
 1126    0.24473E-06
 1127    0.24198E-06
 1128    0.23926E-06
 1129    0.23658E-06
 1130    0.23392E-06
 1131    0.23130E-06
 1132    0.22870E-06
 1133    0.22614E-06
 1134    0.22360E-06
 1135    0.22109E-06
 1136    0.21861E-06
 1137    0.21616E-06
 1138    0.21373E-06
 1139    0.21133E-06
 1140    0.20896E-06
 1141    0.20661E-06
 1142    0.20430E-06
 1143    0.20200E-06
 1144    0.19974E-06
 1145    0.19750E-06
 1146    0.19528E-06
 1147    0.19309E-06
 1148    0.19092E-06
 1149    0.18878E-06
 1150    0.18666E-06
 1151    0.18456E-06
 1152    0.18249E-06
 1153    0.18045E-06
 1154    0.17842E-06
 1155    0.17642E-06
 1156    0.17444E-06
 1157    0.17248E-06
 1158    0.17055E-06
 1159    0.16863E-06
 1160    0.16674E-06
 1161    0.16487E-06
 1162    0.16302E-06
 1163    0.16119E-06
 1164    0.15938E-06
 1165    0.15759E-06
 1166    0.15582E-06
 1167    0.15407E-06
 1168    0.15235E-06
 1169    0.15064E-06
 1170    0.14895E-06
 1171    0.14727E-06
 1172    0.14562E-06
 1173    0.14399E-06
 1174    0.14237E-06
 1175    0.14077E-06
 1176    0.13919E-06
 1177    0.13763E-06
 1178    0.13609E-06
 1179    0.13456E-06
 1180    0.13305E-06
 1181    0.13156E-06
 1182    0.13008E-06
 1183    0.12862E-06
 1184    0.12718E-06
 1185    0.12575E-06
 1186    0.12434E-06
 1187    0.12294E-06
 1188    0.12156E-06
 1189    0.12020E-06
 1190    0.11885E-06
 1191    0.11752E-06
 1192    0.11620E-06
 1193    0.11489E-06
 1194    0.11361E-06
 1195    0.11233E-06
 1196    0.11107E-06
 1197    0.10982E-06
 1198    0.10859E-06
 1199    0.10737E-06
 1200    0.10617E-06
 1201    0.10498E-06
 1202    0.10380E-06
 1203    0.10263E-06
 1204    0.10148E-06
 1205    0.10034E-06
 1206    0.99217E-07
 1207    0.98103E-07
 1208    0.97002E-07
 1209    0.95914E-07
 1210    0.94838E-07
 1211    0.93773E-07
 1212    0.92721E-07
 1213    0.91680E-07
 1214    0.90652E-07
 1215    0.89634E-07
 1216    0.88628E-07
 1217    0.87634E-07
 1218    0.86650E-07
 1219    0.85678E-07
 1220    0.84717E-07
 1221    0.83766E-07
 1222    0.82826E-07
 1223    0.81896E-07
 1224    0.80977E-07
 1225    0.80069E-07
 1226    0.79170E-07
 1227    0.78282E-07
 1228    0.77403E-07
 1229    0.76535E-07
 1230    0.75676E-07
 1231    0.74827E-07
 1232    0.73987E-07
 1233    0.73157E-07
 1234    0.72336E-07
 1235    0.71524E-07
 1236    0.70721E-07
 1237    0.69928E-07
 1238    0.69143E-07
 1239    0.68367E-07
 1240    0.67600E-07
 1241    0.66841E-07
 1242    0.66091E-07
 1243    0.65349E-07
 1244    0.64616E-07
 1245    0.63891E-07
 1246    0.63174E-07
 1247    0.62465E-07
 1248    0.61764E-07
 1249    0.61071E-07
 1250    0.60386E-07
 1251    0.59708E-07
 1252    0.59038E-07
 1253    0.58375E-07
 1254    0.57720E-07
 1255    0.57073E-07
 1256    0.56432E-07
 1257    0.55799E-07
 1258    0.55173E-07
 1259    0.54554E-07
 1260    0.53941E-07
 1261    0.53336E-07
 1262    0.52737E-07
 1263    0.52146E-07
 1264    0.51560E-07
 1265    0.50982E-07
 1266    0.50410E-07
 1267    0.49844E-07
 1268    0.49285E-07
 1269    0.48732E-07
 1270    0.48185E-07
 1271    0.47644E-07
 1272    0.47109E-07
 1273    0.46581E-07
 1274    0.46058E-07
 1275    0.45541E-07
 1276    0.45030E-07
 1277    0.44525E-07
 1278    0.44025E-07
 1279    0.43531E-07
 1280    0.43043E-07
 1281    0.42560E-07
 1282    0.42082E-07
 1283    0.41610E-07
 1284    0.41143E-07
 1285    0.40681E-07
 1286    0.40225E-07
 1287    0.39773E-07
 1288    0.39327E-07
 1289    0.38886E-07
 1290    0.38449E-07
 1291    0.38018E-07
 1292    0.37591E-07
 1293    0.37169E-07
 1294    0.36752E-07
 1295    0.36340E-07
 1296    0.35932E-07
 1297    0.35529E-07
 1298    0.35130E-07
 1299    0.34736E-07
 1300    0.34346E-07
 1301    0.33960E-07
 1302    0.33579E-07
 1303    0.33203E-07
 1304    0.32830E-07
 1305    0.32462E-07
 1306    0.32097E-07
 1307    0.31737E-07
 1308    0.31381E-07
 1309    0.31029E-07
 1310    0.30681E-07
 1311    0.30336E-07
 1312    0.29996E-07
 1313    0.29659E-07
 1314    0.29326E-07
 1315    0.28997E-07
 1316    0.28672E-07
 1317    0.28350E-07
 1318    0.28032E-07
 1319    0.27717E-07
 1320    0.27406E-07
 1321    0.27099E-07
 1322    0.26795E-07
 1323    0.26494E-07
 1324    0.26197E-07
 1325    0.25903E-07
 1326    0.25612E-07
 1327    0.25325E-07
 1328    0.25040E-07
 1329    0.24759E-07
 1330    0.24482E-07
 1331    0.24207E-07
 1332    0.23935E-07
 1333    0.23667E-07
 1334    0.23401E-07
 1335    0.23138E-07
 1336    0.22879E-07
 1337    0.22622E-07
 1338    0.22368E-07
 1339    0.22117E-07
 1340    0.21869E-07
 1341    0.21624E-07
 1342    0.21381E-07
 1343    0.21141E-07
 1344    0.20904E-07
 1345    0.20669E-07
 1346    0.20437E-07
 1347    0.20208E-07
 1348    0.19981E-07
 1349    0.19757E-07
 1350    0.19535E-07
 1351    0.19316E-07
 1352    0.19099E-07
 1353    0.18885E-07
 1354    0.18673E-07
 1355    0.18463E-07
 1356    0.18256E-07
 1357    0.18051E-07
 1358    0.17849E-07
 1359    0.17648E-07
 1360    0.17450E-07
 1361    0.17255E-07
 1362    0.17061E-07
 1363    0.16869E-07
 1364    0.16680E-07
 1365    0.16493E-07
 1366    0.16308E-07
 1367    0.16125E-07
 1368    0.15944E-07
 1369    0.15765E-07
 1370    0.15588E-07
 1371    0.15413E-07
 1372    0.15240E-07
 1373    0.15069E-07
 1374    0.14900E-07
 1375    0.14733E-07
 1376    0.14568E-07
 1377    0.14404E-07
 1378    0.14242E-07
 1379    0.14083E-07
 1380    0.13925E-07
 1381    0.13768E-07
 1382    0.13614E-07
 1383    0.13461E-07
 1384    0.13310E-07
 1385    0.13161E-07
 1386    0.13013E-07
 1387    0.12867E-07
 1388    0.12722E-07
 1389    0.12580E-07
 1390    0.12439E-07
 1391    0.12299E-07
 1392    0.12161E-07
 1393    0.12024E-07
 1394    0.11890E-07
 1395    0.11756E-07
 1396    0.11624E-07
 1397    0.11494E-07
 1398    0.11365E-07
 1399    0.11237E-07
 1400    0.11111E-07
 1401    0.10986E-07
 1402    0.10863E-07
 1403    0.10741E-07
 1404    0.10621E-07
 1405    0.10502E-07
 1406    0.10384E-07
 1407    0.10267E-07
 1408    0.10152E-07
 1409    0.10038E-07
 1410    0.99254E-08

iteration:   1410

epsilon =     0.10000E-07
omega =     0.18000E+01
tick =     0.10000E-06

norm_x =     0.13050E+03, norm_analysis =     0.13048E+03
diff =     0.12213E+02

caltime =   31.4983, comtime =    0.1794, checktime =   28.4383
alltime =   60.1160

