
MPI Program Information:
========================
Note: It is measured from MPI_Init till MPI_Finalize.
      [U,R] specifies the Universe and the Process Rank in the Universe.

Global Data of 4 processes  :          Min [U,R]          Max [U,R]      Average
==========================

Real Time (sec)             :       11.794 [0,3]       11.799 [0,0]       11.797
User Time (sec)             :       10.740 [0,3]       11.728 [0,2]       11.234
Sys  Time (sec)             :        0.041 [0,2]        0.041 [0,3]        0.041
Vector Time (sec)           :        0.693 [0,0]        1.359 [0,2]        0.869
Inst. Count                 :   8871955271 [0,1]   8979512595 [0,0]   8914351801
V. Inst. Count              :    106509589 [0,0]    115223416 [0,2]    110084617
V. Element Count            :  27143756984 [0,0]  27924808733 [0,3]  27701076888
V. Load Element Count       :   8108607114 [0,3]   8137253015 [0,2]   8121887685
FLOP Count                  :  13187601565 [0,0]  13689591726 [0,3]  13537647482
MOPS                        :     3072.738 [0,0]     3416.859 [0,3]     3256.332
MFLOPS                      :     1125.089 [0,0]     1274.612 [0,3]     1207.839
A. V. Length                :      241.885 [0,2]      255.259 [0,3]      251.787
V. Op. Ratio (%)            :       75.364 [0,0]       76.094 [0,3]       75.880
Total Memory Size    (MB)   :     4416.031 [0,0]     4416.031 [0,0]     4416.031
  Memory Size        (MB)   :     4288.031 [0,0]     4288.031 [0,0]     4288.031
  Global Memory Size (MB)   :      128.000 [0,0]      128.000 [0,0]      128.000
MIPS                        :      760.904 [0,2]      827.019 [0,3]      794.880
I-Cache (sec)               :        0.000 [0,3]        0.000 [0,0]        0.000
O-Cache (sec)               :        2.378 [0,3]        3.117 [0,0]        2.565
Bank Conflict Time
  CPU Port Conf. (sec)      :        0.066 [0,0]        0.088 [0,1]        0.083
  Memory Network Conf. (sec):        0.180 [0,0]        0.231 [0,2]        0.194
ADB Hit Element Ratio (%)   :       26.231 [0,1]       26.326 [0,3]       26.277


Overall Data:
=============

Real   Time (sec)           :       11.799
User   Time (sec)           :       44.936
System Time (sec)           :        0.164
Vector Time (sec)           :        3.476
Total GOPS                  :       13.025
Total GFLOPS                :        4.831
Total Memory Size    (GB)   :       17.250
  Memory Size        (GB)   :       16.750
  Global Memory Size (GB)   :        0.500


Data of Process [0,0]:
----------------------

  Real Time (sec)             :            11.798568
  User Time (sec)             :            11.721388
  Sys  Time (sec)             :             0.040981
  Vector Time (sec)           :             0.693440
  Inst. Count                 :           8979512595
  V. Inst. Count              :            106509589
  V. Element Count            :          27143756984
  V. Load Element Count       :           8108643539
  FLOP Count                  :          13187601565
  MOPS                        :          3072.738484
  MFLOPS                      :          1125.088732
  A. V. Length                :           254.848012
  V. Op. Ratio (%)            :            75.364239
  Total Memory Size    (MB)   :          4416.031250
    Memory Size        (MB)   :          4288.031250
    Global Memory Size (MB)   :           128.000000
  MIPS                        :           766.079290
  I-Cache (sec)               :             0.000397
  O-Cache (sec)               :             3.117478
  Bank Conflict Time
    CPU Port Conf. (sec)      :             0.066196
    Memory Network Conf. (sec):             0.179901
  ADB Hit Element Ratio (%)   :            26.307999

Data of Process [0,1]:
----------------------

  Real Time (sec)             :            11.797196
  User Time (sec)             :            10.747111
  Sys  Time (sec)             :             0.040842
  Vector Time (sec)           :             0.720228
  Inst. Count                 :           8871955271
  V. Inst. Count              :            109207601
  V. Element Count            :          27864906729
  V. Load Element Count       :           8133047070
  FLOP Count                  :          13636698322
  MOPS                        :          3408.139583
  MFLOPS                      :          1268.871078
  A. V. Length                :           255.155378
  V. Op. Ratio (%)            :            76.076143
  Total Memory Size    (MB)   :          4416.031250
    Memory Size        (MB)   :          4288.031250
    Global Memory Size (MB)   :           128.000000
  MIPS                        :           825.520018
  I-Cache (sec)               :             0.000311
  O-Cache (sec)               :             2.378362
  Bank Conflict Time
    CPU Port Conf. (sec)      :             0.088391
    Memory Network Conf. (sec):             0.182942
  ADB Hit Element Ratio (%)   :            26.231164

Data of Process [0,2]:
----------------------

  Real Time (sec)             :            11.795822
  User Time (sec)             :            11.727619
  Sys  Time (sec)             :             0.040585
  Vector Time (sec)           :             1.359411
  Inst. Count                 :           8923587910
  V. Inst. Count              :            115223416
  V. Element Count            :          27870835106
  V. Load Element Count       :           8137253015
  FLOP Count                  :          13636698313
  MOPS                        :          3127.591338
  MFLOPS                      :          1162.784902
  A. V. Length                :           241.885166
  V. Op. Ratio (%)            :            75.985396
  Total Memory Size    (MB)   :          4416.031250
    Memory Size        (MB)   :          4288.031250
    Global Memory Size (MB)   :           128.000000
  MIPS                        :           760.903634
  I-Cache (sec)               :             0.000306
  O-Cache (sec)               :             2.384710
  Bank Conflict Time
    CPU Port Conf. (sec)      :             0.088323
    Memory Network Conf. (sec):             0.230888
  ADB Hit Element Ratio (%)   :            26.241666

Data of Process [0,3]:
----------------------

  Real Time (sec)             :            11.794468
  User Time (sec)             :            10.740203
  Sys  Time (sec)             :             0.041096
  Vector Time (sec)           :             0.703326
  Inst. Count                 :           8882351427
  V. Inst. Count              :            109397860
  V. Element Count            :          27924808733
  V. Load Element Count       :           8108607114
  FLOP Count                  :          13689591726
  MOPS                        :          3416.859281
  MFLOPS                      :          1274.612009
  A. V. Length                :           255.259186
  V. Op. Ratio (%)            :            76.094037
  Total Memory Size    (MB)   :          4416.031250
    Memory Size        (MB)   :          4288.031250
    Global Memory Size (MB)   :           128.000000
  MIPS                        :           827.018952
  I-Cache (sec)               :             0.000284
  O-Cache (sec)               :             2.377941
  Bank Conflict Time
    CPU Port Conf. (sec)      :             0.088354
    Memory Network Conf. (sec):             0.180433
  ADB Hit Element Ratio (%)   :            26.326255

Start Time (date)    :  Sat Dec 19 05:46:05 JST 2015
End   Time (date)    :  Sat Dec 19 05:46:17 JST 2015
