
MPI Program Information:
========================
Note: It is measured from MPI_Init till MPI_Finalize.
      [U,R] specifies the Universe and the Process Rank in the Universe.

Global Data of 4 processes  :          Min [U,R]          Max [U,R]      Average
==========================

Real Time (sec)             :       12.874 [0,2]       12.881 [0,0]       12.877
User Time (sec)             :       11.828 [0,2]       12.821 [0,0]       12.325
Sys  Time (sec)             :        0.025 [0,1]        0.025 [0,0]        0.025
Vector Time (sec)           :        0.302 [0,0]        0.972 [0,3]        0.477
Inst. Count                 :  12924025425 [0,2]  13037982910 [0,0]  12967699665
V. Inst. Count              :     67148094 [0,0]     73617634 [0,3]     68870989
V. Element Count            :  17114520578 [0,0]  17230728510 [0,3]  17169797775
V. Load Element Count       :   4594589556 [0,0]   4619917573 [0,2]   4608593308
FLOP Count                  :  12359433441 [0,1]  12412326850 [0,3]  12372656837
MOPS                        :     2346.536 [0,0]     2538.292 [0,2]     2443.356
MFLOPS                      :      963.986 [0,0]     1044.904 [0,2]     1005.411
A. V. Length                :      234.057 [0,3]      254.880 [0,2]      249.662
V. Op. Ratio (%)            :       56.887 [0,0]       57.178 [0,2]       57.102
Total Memory Size    (MB)   :     2496.031 [0,0]     2496.031 [0,0]     2496.031
  Memory Size        (MB)   :     2368.031 [0,0]     2368.031 [0,0]     2368.031
  Global Memory Size (MB)   :      128.000 [0,0]      128.000 [0,0]      128.000
MIPS                        :     1012.757 [0,3]     1092.636 [0,2]     1053.668
I-Cache (sec)               :        0.000 [0,3]        0.000 [0,0]        0.000
O-Cache (sec)               :        1.413 [0,1]        2.154 [0,0]        1.598
Bank Conflict Time
  CPU Port Conf. (sec)      :        0.004 [0,3]        0.005 [0,2]        0.004
  Memory Network Conf. (sec):        0.036 [0,0]        0.083 [0,3]        0.049
ADB Hit Element Ratio (%)   :       30.465 [0,2]       30.634 [0,0]       30.546


Overall Data:
=============

Real   Time (sec)           :       12.881
User   Time (sec)           :       49.302
System Time (sec)           :        0.101
Vector Time (sec)           :        1.908
Total GOPS                  :        9.773
Total GFLOPS                :        4.022
Total Memory Size    (GB)   :        9.750
  Memory Size        (GB)   :        9.250
  Global Memory Size (GB)   :        0.500


Data of Process [0,0]:
----------------------

  Real Time (sec)             :            12.880933
  User Time (sec)             :            12.821176
  Sys  Time (sec)             :             0.025262
  Vector Time (sec)           :             0.301601
  Inst. Count                 :          13037982910
  V. Inst. Count              :             67148094
  V. Element Count            :          17114520578
  V. Load Element Count       :           4594589556
  FLOP Count                  :          12359433617
  MOPS                        :          2346.536339
  MFLOPS                      :           963.985957
  A. V. Length                :           254.877236
  V. Op. Ratio (%)            :            56.886549
  Total Memory Size    (MB)   :          2496.031250
    Memory Size        (MB)   :          2368.031250
    Global Memory Size (MB)   :           128.000000
  MIPS                        :          1016.910064
  I-Cache (sec)               :             0.000411
  O-Cache (sec)               :             2.154404
  Bank Conflict Time
    CPU Port Conf. (sec)      :             0.004668
    Memory Network Conf. (sec):             0.036010
  ADB Hit Element Ratio (%)   :            30.634253

Data of Process [0,1]:
----------------------

  Real Time (sec)             :            12.876289
  User Time (sec)             :            11.831556
  Sys  Time (sec)             :             0.025081
  Vector Time (sec)           :             0.318220
  Inst. Count                 :          12924408178
  V. Inst. Count              :             67364845
  V. Element Count            :          17166936440
  V. Load Element Count       :           4619910527
  FLOP Count                  :          12359433441
  MOPS                        :          2537.618871
  MFLOPS                      :          1044.616062
  A. V. Length                :           254.835240
  V. Op. Ratio (%)            :            57.177418
  Total Memory Size    (MB)   :          2496.031250
    Memory Size        (MB)   :          2368.031250
    Global Memory Size (MB)   :           128.000000
  MIPS                        :          1092.367579
  I-Cache (sec)               :             0.000316
  O-Cache (sec)               :             1.412564
  Bank Conflict Time
    CPU Port Conf. (sec)      :             0.003829
    Memory Network Conf. (sec):             0.038252
  ADB Hit Element Ratio (%)   :            30.465454

Data of Process [0,2]:
----------------------

  Real Time (sec)             :            12.873760
  User Time (sec)             :            11.828299
  Sys  Time (sec)             :             0.025108
  Vector Time (sec)           :             0.315580
  Inst. Count                 :          12924025425
  V. Inst. Count              :             67353383
  V. Element Count            :          17167005570
  V. Load Element Count       :           4619917573
  FLOP Count                  :          12359433441
  MOPS                        :          2538.292075
  MFLOPS                      :          1044.903704
  A. V. Length                :           254.879633
  V. Op. Ratio (%)            :            57.178224
  Total Memory Size    (MB)   :          2496.031250
    Memory Size        (MB)   :          2368.031250
    Global Memory Size (MB)   :           128.000000
  MIPS                        :          1092.636010
  I-Cache (sec)               :             0.000328
  O-Cache (sec)               :             1.412768
  Bank Conflict Time
    CPU Port Conf. (sec)      :             0.004722
    Memory Network Conf. (sec):             0.038017
  ADB Hit Element Ratio (%)   :            30.465358

Data of Process [0,3]:
----------------------

  Real Time (sec)             :            12.878223
  User Time (sec)             :            12.820829
  Sys  Time (sec)             :             0.025245
  Vector Time (sec)           :             0.972159
  Inst. Count                 :          12984382147
  V. Inst. Count              :             73617634
  V. Element Count            :          17230728510
  V. Load Element Count       :           4599955574
  FLOP Count                  :          12412326850
  MOPS                        :          2350.978476
  MFLOPS                      :           968.137618
  A. V. Length                :           234.057081
  V. Op. Ratio (%)            :            57.166141
  Total Memory Size    (MB)   :          2496.031250
    Memory Size        (MB)   :          2368.031250
    Global Memory Size (MB)   :           128.000000
  MIPS                        :          1012.756831
  I-Cache (sec)               :             0.000298
  O-Cache (sec)               :             1.412753
  Bank Conflict Time
    CPU Port Conf. (sec)      :             0.003740
    Memory Network Conf. (sec):             0.083256
  ADB Hit Element Ratio (%)   :            30.618959

Start Time (date)    :  Sat Dec 19 05:58:15 JST 2015
End   Time (date)    :  Sat Dec 19 05:58:27 JST 2015
