
MPI Program Information:
========================
Note: It is measured from MPI_Init till MPI_Finalize.
      [U,R] specifies the Universe and the Process Rank in the Universe.

Global Data of 4 processes  :          Min [U,R]          Max [U,R]      Average
==========================

Real Time (sec)             :       29.143 [0,1]       29.174 [0,0]       29.159
User Time (sec)             :       28.103 [0,1]       29.089 [0,3]       28.596
Sys  Time (sec)             :        0.027 [0,3]        0.028 [0,0]        0.028
Vector Time (sec)           :        0.553 [0,2]        3.741 [0,0]        1.518
Inst. Count                 :  17517385847 [0,0]  19794231781 [0,3]  19202006688
V. Inst. Count              :     84590335 [0,2]    141326325 [0,0]    100439105
V. Element Count            :  21515946113 [0,2]  22329022090 [0,0]  21725624540
V. Load Element Count       :   9643919740 [0,3]   9940103092 [0,0]   9739417151
FLOP Count                  :  12982857897 [0,0]  13386050242 [0,3]  13258805917
MOPS                        :     1365.056 [0,0]     1465.320 [0,1]     1428.348
MFLOPS                      :      446.349 [0,0]      474.435 [0,1]      463.838
A. V. Length                :      157.996 [0,0]      254.355 [0,2]      225.691
V. Op. Ratio (%)            :       52.228 [0,3]       56.237 [0,0]       53.241
Total Memory Size    (MB)   :     2560.000 [0,0]     2560.000 [0,0]     2560.000
  Memory Size        (MB)   :     2368.000 [0,0]     2368.000 [0,0]     2368.000
  Global Memory Size (MB)   :      192.000 [0,0]      192.000 [0,0]      192.000
MIPS                        :      602.246 [0,0]      702.700 [0,1]      672.015
I-Cache (sec)               :        0.001 [0,3]        0.001 [0,0]        0.001
O-Cache (sec)               :        0.079 [0,3]        0.808 [0,0]        0.263
Bank Conflict Time
  CPU Port Conf. (sec)      :        0.000 [0,1]        0.000 [0,0]        0.000
  Memory Network Conf. (sec):        0.219 [0,1]        0.391 [0,0]        0.273
ADB Hit Element Ratio (%)   :       26.058 [0,0]       26.880 [0,3]       26.604


Overall Data:
=============

Real   Time (sec)           :       29.174
User   Time (sec)           :      114.385
System Time (sec)           :        0.111
Vector Time (sec)           :        6.073
Total GOPS                  :        5.713
Total GFLOPS                :        1.855
Total Memory Size    (GB)   :       10.000
  Memory Size        (GB)   :        9.250
  Global Memory Size (GB)   :        0.750


Data of Process [0,0]:
----------------------

  Real Time (sec)             :            29.173589
  User Time (sec)             :            29.086785
  Sys  Time (sec)             :             0.028005
  Vector Time (sec)           :             3.741210
  Inst. Count                 :          17517385847
  V. Inst. Count              :            141326325
  V. Element Count            :          22329022090
  V. Load Element Count       :           9940103092
  FLOP Count                  :          12982857897
  MOPS                        :          1365.055698
  MFLOPS                      :           446.349017
  A. V. Length                :           157.996198
  V. Op. Ratio (%)            :            56.237190
  Total Memory Size    (MB)   :          2560.000000
    Memory Size        (MB)   :          2368.000000
    Global Memory Size (MB)   :           192.000000
  MIPS                        :           602.245516
  I-Cache (sec)               :             0.000931
  O-Cache (sec)               :             0.808488
  Bank Conflict Time
    CPU Port Conf. (sec)      :             0.000005
    Memory Network Conf. (sec):             0.391205
  ADB Hit Element Ratio (%)   :            26.058268

Data of Process [0,1]:
----------------------

  Real Time (sec)             :            29.142520
  User Time (sec)             :            28.103246
  Sys  Time (sec)             :             0.027878
  Vector Time (sec)           :             0.553537
  Inst. Count                 :          19748147398
  V. Inst. Count              :             84625060
  V. Element Count            :          21516734302
  V. Load Element Count       :           9686948983
  FLOP Count                  :          13333157762
  MOPS                        :          1465.320292
  MFLOPS                      :           474.434795
  A. V. Length                :           254.259605
  V. Op. Ratio (%)            :            52.250122
  Total Memory Size    (MB)   :          2560.000000
    Memory Size        (MB)   :          2368.000000
    Global Memory Size (MB)   :           192.000000
  MIPS                        :           702.699873
  I-Cache (sec)               :             0.000837
  O-Cache (sec)               :             0.080803
  Bank Conflict Time
    CPU Port Conf. (sec)      :             0.000003
    Memory Network Conf. (sec):             0.218843
  ADB Hit Element Ratio (%)   :            26.740204

Data of Process [0,2]:
----------------------

  Real Time (sec)             :            29.156188
  User Time (sec)             :            28.106036
  Sys  Time (sec)             :             0.027880
  Vector Time (sec)           :             0.553194
  Inst. Count                 :          19748261726
  V. Inst. Count              :             84590335
  V. Element Count            :          21515946113
  V. Load Element Count       :           9686696787
  FLOP Count                  :          13333157767
  MOPS                        :          1465.152094
  MFLOPS                      :           474.387700
  A. V. Length                :           254.354663
  V. Op. Ratio (%)            :            52.249019
  Total Memory Size    (MB)   :          2560.000000
    Memory Size        (MB)   :          2368.000000
    Global Memory Size (MB)   :           192.000000
  MIPS                        :           702.634186
  I-Cache (sec)               :             0.000816
  O-Cache (sec)               :             0.085266
  Bank Conflict Time
    CPU Port Conf. (sec)      :             0.000003
    Memory Network Conf. (sec):             0.218958
  ADB Hit Element Ratio (%)   :            26.738873

Data of Process [0,3]:
----------------------

  Real Time (sec)             :            29.162838
  User Time (sec)             :            29.088682
  Sys  Time (sec)             :             0.027495
  Vector Time (sec)           :             1.225271
  Inst. Count                 :          19794231781
  V. Inst. Count              :             91214698
  V. Element Count            :          21540795653
  V. Load Element Count       :           9643919740
  FLOP Count                  :          13386050242
  MOPS                        :          1417.864609
  MFLOPS                      :           460.180707
  A. V. Length                :           236.154876
  V. Op. Ratio (%)            :            52.227945
  Total Memory Size    (MB)   :          2560.000000
    Memory Size        (MB)   :          2368.000000
    Global Memory Size (MB)   :           192.000000
  MIPS                        :           680.478812
  I-Cache (sec)               :             0.000804
  O-Cache (sec)               :             0.079297
  Bank Conflict Time
    CPU Port Conf. (sec)      :             0.000003
    Memory Network Conf. (sec):             0.263648
  ADB Hit Element Ratio (%)   :            26.879600

Start Time (date)    :  Sat Dec 19 06:56:35 JST 2015
End   Time (date)    :  Sat Dec 19 06:57:04 JST 2015
