
MPI Program Information:
========================
Note: It is measured from MPI_Init till MPI_Finalize.
      [U,R] specifies the Universe and the Process Rank in the Universe.

Global Data of 4 processes  :          Min [U,R]          Max [U,R]      Average
==========================

Real Time (sec)             :        1.769 [0,2]        1.773 [0,0]        1.771
User Time (sec)             :        0.722 [0,1]        1.719 [0,3]        1.224
Sys  Time (sec)             :        0.025 [0,0]        0.025 [0,3]        0.025
Vector Time (sec)           :        0.671 [0,0]        1.338 [0,3]        0.854
Inst. Count                 :    249967808 [0,1]    370318178 [0,0]    297947882
V. Inst. Count              :    115688760 [0,0]    124597640 [0,3]    119334532
V. Element Count            :  29433935562 [0,0]  30220685768 [0,3]  30016262967
V. Load Element Count       :   9094079392 [0,0]   9143638485 [0,2]   9119924587
FLOP Count                  :  13187602541 [0,0]  13689592696 [0,3]  13537648908
MOPS                        :    17276.403 [0,0]    42005.363 [0,1]    29533.618
MFLOPS                      :     7674.144 [0,0]    18881.931 [0,1]    13255.093
A. V. Length                :      242.546 [0,3]      254.928 [0,1]      251.663
V. Op. Ratio (%)            :       99.142 [0,0]       99.567 [0,1]       99.407
Total Memory Size    (MB)   :     2496.031 [0,0]     2496.031 [0,0]     2496.031
  Memory Size        (MB)   :     2368.031 [0,0]     2368.031 [0,0]     2368.031
  Global Memory Size (MB)   :      128.000 [0,0]      128.000 [0,0]      128.000
MIPS                        :      186.584 [0,3]      346.116 [0,1]      272.122
I-Cache (sec)               :        0.000 [0,3]        0.000 [0,0]        0.000
O-Cache (sec)               :        0.000 [0,3]        0.732 [0,0]        0.183
Bank Conflict Time
  CPU Port Conf. (sec)      :        0.001 [0,3]        0.001 [0,1]        0.001
  Memory Network Conf. (sec):        0.174 [0,0]        0.215 [0,3]        0.186
ADB Hit Element Ratio (%)   :       28.774 [0,1]       28.931 [0,0]       28.853


Overall Data:
=============

Real   Time (sec)           :        1.773
User   Time (sec)           :        4.896
System Time (sec)           :        0.099
Vector Time (sec)           :        3.415
Total GOPS                  :      118.134
Total GFLOPS                :       53.020
Total Memory Size    (GB)   :        9.750
  Memory Size        (GB)   :        9.250
  Global Memory Size (GB)   :        0.500


Data of Process [0,0]:
----------------------

  Real Time (sec)             :             1.773382
  User Time (sec)             :             1.718446
  Sys  Time (sec)             :             0.024616
  Vector Time (sec)           :             0.670615
  Inst. Count                 :            370318178
  V. Inst. Count              :            115688760
  V. Element Count            :          29433935562
  V. Load Element Count       :           9094079392
  FLOP Count                  :          13187602541
  MOPS                        :         17276.402622
  MFLOPS                      :          7674.144280
  A. V. Length                :           254.423468
  V. Op. Ratio (%)            :            99.142332
  Total Memory Size    (MB)   :          2496.031250
    Memory Size        (MB)   :          2368.031250
    Global Memory Size (MB)   :           128.000000
  MIPS                        :           215.495964
  I-Cache (sec)               :             0.000383
  O-Cache (sec)               :             0.732066
  Bank Conflict Time
    CPU Port Conf. (sec)      :             0.001346
    Memory Network Conf. (sec):             0.173916
  ADB Hit Element Ratio (%)   :            28.931002

Data of Process [0,1]:
----------------------

  Real Time (sec)             :             1.772035
  User Time (sec)             :             0.722209
  Sys  Time (sec)             :             0.024659
  Vector Time (sec)           :             0.697613
  Inst. Count                 :            249967808
  V. Inst. Count              :            118484925
  V. Element Count            :          30205168378
  V. Load Element Count       :           9143562835
  FLOP Count                  :          13636700201
  MOPS                        :         42005.363075
  MFLOPS                      :         18881.930578
  A. V. Length                :           254.928366
  V. Op. Ratio (%)            :            99.566587
  Total Memory Size    (MB)   :          2496.031250
    Memory Size        (MB)   :          2368.031250
    Global Memory Size (MB)   :           128.000000
  MIPS                        :           346.115609
  I-Cache (sec)               :             0.000289
  O-Cache (sec)               :             0.000508
  Bank Conflict Time
    CPU Port Conf. (sec)      :             0.001373
    Memory Network Conf. (sec):             0.176616
  ADB Hit Element Ratio (%)   :            28.774202

Data of Process [0,2]:
----------------------

  Real Time (sec)             :             1.769200
  User Time (sec)             :             0.737185
  Sys  Time (sec)             :             0.024669
  Vector Time (sec)           :             0.709623
  Inst. Count                 :            250859001
  V. Inst. Count              :            118566803
  V. Element Count            :          30205262158
  V. Load Element Count       :           9143638485
  FLOP Count                  :          13636700193
  MOPS                        :         41153.244241
  MFLOPS                      :         18498.341926
  A. V. Length                :           254.753113
  V. Op. Ratio (%)            :            99.563933
  Total Memory Size    (MB)   :          2496.031250
    Memory Size        (MB)   :          2368.031250
    Global Memory Size (MB)   :           128.000000
  MIPS                        :           340.293144
  I-Cache (sec)               :             0.000279
  O-Cache (sec)               :             0.000506
  Bank Conflict Time
    CPU Port Conf. (sec)      :             0.001373
    Memory Network Conf. (sec):             0.176523
  ADB Hit Element Ratio (%)   :            28.775162

Data of Process [0,3]:
----------------------

  Real Time (sec)             :             1.770620
  User Time (sec)             :             1.718512
  Sys  Time (sec)             :             0.024709
  Vector Time (sec)           :             1.337596
  Inst. Count                 :            320646539
  V. Inst. Count              :            124597640
  V. Element Count            :          30220685768
  V. Load Element Count       :           9098417635
  FLOP Count                  :          13689592696
  MOPS                        :         17699.460153
  MFLOPS                      :          7965.957000
  A. V. Length                :           242.546213
  V. Op. Ratio (%)            :            99.355457
  Total Memory Size    (MB)   :          2496.031250
    Memory Size        (MB)   :          2368.031250
    Global Memory Size (MB)   :           128.000000
  MIPS                        :           186.583823
  I-Cache (sec)               :             0.000248
  O-Cache (sec)               :             0.000440
  Bank Conflict Time
    CPU Port Conf. (sec)      :             0.001338
    Memory Network Conf. (sec):             0.215087
  ADB Hit Element Ratio (%)   :            28.930200

Start Time (date)    :  Sat Dec 19 05:52:55 JST 2015
End   Time (date)    :  Sat Dec 19 05:52:57 JST 2015
