
MPI Program Information:
========================
Note: It is measured from MPI_Init till MPI_Finalize.
      [U,R] specifies the Universe and the Process Rank in the Universe.

Global Data of 8 processes  :          Min [U,R]          Max [U,R]      Average
==========================

Real Time (sec)             :       30.144 [0,3]       30.208 [0,5]       30.177
User Time (sec)             :       28.102 [0,0]       30.090 [0,5]       28.837
Sys  Time (sec)             :        0.028 [0,5]        0.028 [0,0]        0.028
Vector Time (sec)           :        0.546 [0,7]        4.337 [0,0]        1.837
Inst. Count                 :  17002977328 [0,0]  20117282107 [0,5]  19259287248
V. Inst. Count              :     84744357 [0,6]    147712328 [0,0]    101805623
V. Element Count            :  21520644513 [0,6]  23452853679 [0,0]  21951190940
V. Load Element Count       :   9642927848 [0,7]  10316812074 [0,0]   9827111851
FLOP Count                  :  12917987667 [0,0]  13386050150 [0,7]  13252194451
MOPS                        :     1383.280 [0,5]     1466.973 [0,7]     1426.108
MFLOPS                      :      443.105 [0,5]      476.296 [0,7]      459.757
A. V. Length                :      158.774 [0,0]      253.948 [0,6]      223.260
V. Op. Ratio (%)            :       51.895 [0,5]       58.184 [0,0]       53.418
Total Memory Size    (MB)   :     2560.000 [0,0]     2560.000 [0,0]     2560.000
  Memory Size        (MB)   :     2368.000 [0,0]     2368.000 [0,0]     2368.000
  Global Memory Size (MB)   :      192.000 [0,0]      192.000 [0,0]      192.000
MIPS                        :      605.049 [0,0]      703.591 [0,7]      667.889
I-Cache (sec)               :        0.001 [0,7]        0.001 [0,0]        0.001
O-Cache (sec)               :        0.053 [0,7]        0.730 [0,5]        0.145
Bank Conflict Time
  CPU Port Conf. (sec)      :        0.000 [0,0]        0.000 [0,7]        0.000
  Memory Network Conf. (sec):        0.218 [0,7]        0.478 [0,0]        0.311
ADB Hit Element Ratio (%)   :       25.284 [0,0]       27.061 [0,7]       26.425


Overall Data:
=============

Real   Time (sec)           :       30.208
User   Time (sec)           :      230.697
System Time (sec)           :        0.224
Vector Time (sec)           :       14.699
Total GOPS                  :       11.409
Total GFLOPS                :        3.678
Total Memory Size    (GB)   :       20.000
  Memory Size        (GB)   :       18.500
  Global Memory Size (GB)   :        1.500


Data of Process [0,0]:
----------------------

  Real Time (sec)             :            30.170849
  User Time (sec)             :            28.101837
  Sys  Time (sec)             :             0.028359
  Vector Time (sec)           :             4.336670
  Inst. Count                 :          17002977328
  V. Inst. Count              :            147712328
  V. Element Count            :          23452853679
  V. Load Element Count       :          10316812074
  FLOP Count                  :          12917987667
  MOPS                        :          1434.358853
  MFLOPS                      :           459.684812
  A. V. Length                :           158.773841
  V. Op. Ratio (%)            :            58.183945
  Total Memory Size    (MB)   :          2560.000000
    Memory Size        (MB)   :          2368.000000
    Global Memory Size (MB)   :           192.000000
  MIPS                        :           605.048607
  I-Cache (sec)               :             0.000947
  O-Cache (sec)               :             0.084179
  Bank Conflict Time
    CPU Port Conf. (sec)      :             0.000005
    Memory Network Conf. (sec):             0.477624
  ADB Hit Element Ratio (%)   :            25.283876

Data of Process [0,1]:
----------------------

  Real Time (sec)             :            30.167121
  User Time (sec)             :            29.053273
  Sys  Time (sec)             :             0.027969
  Vector Time (sec)           :             3.905518
  Inst. Count                 :          17929682808
  V. Inst. Count              :            133085009
  V. Element Count            :          22916684265
  V. Load Element Count       :          10157670556
  FLOP Count                  :          13047729388
  MOPS                        :          1401.332031
  MFLOPS                      :           449.096712
  A. V. Length                :           172.195835
  V. Op. Ratio (%)            :            56.287980
  Total Memory Size    (MB)   :          2560.000000
    Memory Size        (MB)   :          2368.000000
    Global Memory Size (MB)   :           192.000000
  MIPS                        :           617.131254
  I-Cache (sec)               :             0.000836
  O-Cache (sec)               :             0.079319
  Bank Conflict Time
    CPU Port Conf. (sec)      :             0.000005
    Memory Network Conf. (sec):             0.458949
  ADB Hit Element Ratio (%)   :            25.684803

Data of Process [0,2]:
----------------------

  Real Time (sec)             :            30.205204
  User Time (sec)             :            29.092216
  Sys  Time (sec)             :             0.028206
  Vector Time (sec)           :             1.333097
  Inst. Count                 :          19836702070
  V. Inst. Count              :             89895695
  V. Element Count            :          21528119103
  V. Load Element Count       :           9694912872
  FLOP Count                  :          13333157679
  MOPS                        :          1418.761825
  MFLOPS                      :           458.306706
  A. V. Length                :           239.478866
  V. Op. Ratio (%)            :            52.157863
  Total Memory Size    (MB)   :          2560.000000
    Memory Size        (MB)   :          2368.000000
    Global Memory Size (MB)   :           192.000000
  MIPS                        :           681.856001
  I-Cache (sec)               :             0.000817
  O-Cache (sec)               :             0.053211
  Bank Conflict Time
    CPU Port Conf. (sec)      :             0.000005
    Memory Network Conf. (sec):             0.282737
  ADB Hit Element Ratio (%)   :            26.905174

Data of Process [0,3]:
----------------------

  Real Time (sec)             :            30.143586
  User Time (sec)             :            29.096280
  Sys  Time (sec)             :             0.028180
  Vector Time (sec)           :             1.336583
  Inst. Count                 :          19835588922
  V. Inst. Count              :             89893694
  V. Element Count            :          21526922385
  V. Load Element Count       :           9694449521
  FLOP Count                  :          13333157668
  MOPS                        :          1418.484343
  MFLOPS                      :           458.242692
  A. V. Length                :           239.470884
  V. Op. Ratio (%)            :            52.157880
  Total Memory Size    (MB)   :          2560.000000
    Memory Size        (MB)   :          2368.000000
    Global Memory Size (MB)   :           192.000000
  MIPS                        :           681.722506
  I-Cache (sec)               :             0.000806
  O-Cache (sec)               :             0.053175
  Bank Conflict Time
    CPU Port Conf. (sec)      :             0.000005
    Memory Network Conf. (sec):             0.283380
  ADB Hit Element Ratio (%)   :            26.905623

Data of Process [0,4]:
----------------------

  Real Time (sec)             :            30.169378
  User Time (sec)             :            29.055491
  Sys  Time (sec)             :             0.027710
  Vector Time (sec)           :             1.308786
  Inst. Count                 :          19826292610
  V. Inst. Count              :             89655332
  V. Element Count            :          21524401755
  V. Load Element Count       :           9693100271
  FLOP Count                  :          13333157682
  MOPS                        :          1420.077156
  MFLOPS                      :           458.885988
  A. V. Length                :           240.079438
  V. Op. Ratio (%)            :            52.166407
  Total Memory Size    (MB)   :          2560.000000
    Memory Size        (MB)   :          2368.000000
    Global Memory Size (MB)   :           192.000000
  MIPS                        :           682.359579
  I-Cache (sec)               :             0.000806
  O-Cache (sec)               :             0.054634
  Bank Conflict Time
    CPU Port Conf. (sec)      :             0.000005
    Memory Network Conf. (sec):             0.281195
  ADB Hit Element Ratio (%)   :            26.300177

Data of Process [0,5]:
----------------------

  Real Time (sec)             :            30.208292
  User Time (sec)             :            30.090295
  Sys  Time (sec)             :             0.027647
  Vector Time (sec)           :             1.365272
  Inst. Count                 :          20117282107
  V. Inst. Count              :             94554621
  V. Element Count            :          21600561152
  V. Load Element Count       :           9728501761
  FLOP Count                  :          13333157693
  MOPS                        :          1383.279514
  MFLOPS                      :           443.104918
  A. V. Length                :           228.445325
  V. Op. Ratio (%)            :            51.895374
  Total Memory Size    (MB)   :          2560.000000
    Memory Size        (MB)   :          2368.000000
    Global Memory Size (MB)   :           192.000000
  MIPS                        :           668.563805
  I-Cache (sec)               :             0.000812
  O-Cache (sec)               :             0.729570
  Bank Conflict Time
    CPU Port Conf. (sec)      :             0.000005
    Memory Network Conf. (sec):             0.262840
  ADB Hit Element Ratio (%)   :            26.814930

Data of Process [0,6]:
----------------------

  Real Time (sec)             :            30.206774
  User Time (sec)             :            28.102892
  Sys  Time (sec)             :             0.027864
  Vector Time (sec)           :             0.566288
  Inst. Count                 :          19751713535
  V. Inst. Count              :             84744357
  V. Element Count            :          21520644513
  V. Load Element Count       :           9688519904
  FLOP Count                  :          13333157684
  MOPS                        :          1465.600540
  MFLOPS                      :           474.440769
  A. V. Length                :           253.947818
  V. Op. Ratio (%)            :            52.250283
  Total Memory Size    (MB)   :          2560.000000
    Memory Size        (MB)   :          2368.000000
    Global Memory Size (MB)   :           192.000000
  MIPS                        :           702.835620
  I-Cache (sec)               :             0.000810
  O-Cache (sec)               :             0.053205
  Bank Conflict Time
    CPU Port Conf. (sec)      :             0.000005
    Memory Network Conf. (sec):             0.219791
  ADB Hit Element Ratio (%)   :            26.444131

Data of Process [0,7]:
----------------------

  Real Time (sec)             :            30.147067
  User Time (sec)             :            28.104463
  Sys  Time (sec)             :             0.027889
  Vector Time (sec)           :             0.546332
  Inst. Count                 :          19774058607
  V. Inst. Count              :             84903950
  V. Element Count            :          21539340664
  V. Load Element Count       :           9642927848
  FLOP Count                  :          13386050150
  MOPS                        :          1466.973246
  MFLOPS                      :           476.296243
  A. V. Length                :           253.690678
  V. Op. Ratio (%)            :            52.243819
  Total Memory Size    (MB)   :          2560.000000
    Memory Size        (MB)   :          2368.000000
    Global Memory Size (MB)   :           192.000000
  MIPS                        :           703.591405
  I-Cache (sec)               :             0.000782
  O-Cache (sec)               :             0.053111
  Bank Conflict Time
    CPU Port Conf. (sec)      :             0.000028
    Memory Network Conf. (sec):             0.218106
  ADB Hit Element Ratio (%)   :            27.060794

Start Time (date)    :  Sat Dec 19 05:00:05 JST 2015
End   Time (date)    :  Sat Dec 19 05:00:35 JST 2015
