
MPI Program Information:
========================
Note: It is measured from MPI_Init till MPI_Finalize.
      [U,R] specifies the Universe and the Process Rank in the Universe.

Global Data of 2 processes  :          Min [U,R]          Max [U,R]      Average
==========================

Real Time (sec)             :        0.668 [0,1]        0.670 [0,0]        0.669
User Time (sec)             :        0.616 [0,0]        0.617 [0,1]        0.617
Sys  Time (sec)             :        0.027 [0,1]        0.027 [0,0]        0.027
Vector Time (sec)           :        0.600 [0,0]        0.602 [0,1]        0.601
Inst. Count                 :    219524868 [0,0]    220307821 [0,1]    219916345
V. Inst. Count              :    103510552 [0,0]    103945058 [0,1]    103727805
V. Element Count            :  26426056747 [0,0]  26536805034 [0,1]  26481430891
V. Load Element Count       :   9729514851 [0,0]   9730514980 [0,1]   9730014916
FLOP Count                  :  12359336246 [0,0]  12412230117 [0,1]  12385783182
MOPS                        :    43084.630 [0,0]    43184.355 [0,1]    43134.492
MFLOPS                      :    20062.392 [0,0]    20110.711 [0,1]    20086.551
A. V. Length                :      255.296 [0,1]      255.298 [0,0]      255.297
V. Op. Ratio (%)            :       99.563 [0,0]       99.563 [0,1]       99.563
Total Memory Size    (MB)   :     2560.000 [0,0]     2560.000 [0,0]     2560.000
  Memory Size        (MB)   :     2368.000 [0,0]     2368.000 [0,0]     2368.000
  Global Memory Size (MB)   :      192.000 [0,0]      192.000 [0,0]      192.000
MIPS                        :      356.346 [0,0]      356.950 [0,1]      356.648
I-Cache (sec)               :        0.001 [0,1]        0.001 [0,0]        0.001
O-Cache (sec)               :        0.001 [0,1]        0.001 [0,0]        0.001
Bank Conflict Time
  CPU Port Conf. (sec)      :        0.003 [0,0]        0.004 [0,1]        0.004
  Memory Network Conf. (sec):        0.211 [0,0]        0.211 [0,1]        0.211
ADB Hit Element Ratio (%)   :       27.426 [0,0]       27.434 [0,1]       27.430


Overall Data:
=============

Real   Time (sec)           :        0.670
User   Time (sec)           :        1.233
System Time (sec)           :        0.053
Vector Time (sec)           :        1.203
Total GOPS                  :       86.269
Total GFLOPS                :       40.173
Total Memory Size    (GB)   :        5.000
  Memory Size        (GB)   :        4.625
  Global Memory Size (GB)   :        0.375


Data of Process [0,0]:
----------------------

  Real Time (sec)             :             0.670395
  User Time (sec)             :             0.616045
  Sys  Time (sec)             :             0.026886
  Vector Time (sec)           :             0.600467
  Inst. Count                 :            219524868
  V. Inst. Count              :            103510552
  V. Element Count            :          26426056747
  V. Load Element Count       :           9729514851
  FLOP Count                  :          12359336246
  MOPS                        :         43084.630284
  MFLOPS                      :         20062.391945
  A. V. Length                :           255.298192
  V. Op. Ratio (%)            :            99.562904
  Total Memory Size    (MB)   :          2560.000000
    Memory Size        (MB)   :          2368.000000
    Global Memory Size (MB)   :           192.000000
  MIPS                        :           356.345507
  I-Cache (sec)               :             0.000874
  O-Cache (sec)               :             0.001246
  Bank Conflict Time
    CPU Port Conf. (sec)      :             0.003333
    Memory Network Conf. (sec):             0.210779
  ADB Hit Element Ratio (%)   :            27.426392

Data of Process [0,1]:
----------------------

  Real Time (sec)             :             0.667690
  User Time (sec)             :             0.617195
  Sys  Time (sec)             :             0.026512
  Vector Time (sec)           :             0.602120
  Inst. Count                 :            220307821
  V. Inst. Count              :            103945058
  V. Element Count            :          26536805034
  V. Load Element Count       :           9730514980
  FLOP Count                  :          12412230117
  MOPS                        :         43184.354697
  MFLOPS                      :         20110.710743
  A. V. Length                :           255.296457
  V. Op. Ratio (%)            :            99.563419
  Total Memory Size    (MB)   :          2560.000000
    Memory Size        (MB)   :          2368.000000
    Global Memory Size (MB)   :           192.000000
  MIPS                        :           356.950107
  I-Cache (sec)               :             0.000717
  O-Cache (sec)               :             0.001110
  Bank Conflict Time
    CPU Port Conf. (sec)      :             0.004147
    Memory Network Conf. (sec):             0.210781
  ADB Hit Element Ratio (%)   :            27.434331

Start Time (date)    :  Sat Dec 19 05:17:45 JST 2015
End   Time (date)    :  Sat Dec 19 05:17:45 JST 2015
