
MPI Program Information:
========================
Note: It is measured from MPI_Init till MPI_Finalize.
      [U,R] specifies the Universe and the Process Rank in the Universe.

Global Data of 4 processes  :          Min [U,R]          Max [U,R]      Average
==========================

Real Time (sec)             :       30.126 [0,3]       30.155 [0,2]       30.134
User Time (sec)             :       28.077 [0,3]       30.071 [0,2]       28.827
Sys  Time (sec)             :        0.028 [0,2]        0.028 [0,0]        0.028
Vector Time (sec)           :        0.559 [0,3]        3.734 [0,0]        1.743
Inst. Count                 :  17413814103 [0,0]  20049524452 [0,2]  19259369335
V. Inst. Count              :     85163346 [0,3]    141100741 [0,0]    102681012
V. Element Count            :  21521755080 [0,1]  22324433843 [0,0]  21733987528
V. Load Element Count       :   9639258399 [0,3]   9938621316 [0,0]   9744135860
FLOP Count                  :  12982857891 [0,0]  13386050235 [0,3]  13258805916
MOPS                        :     1380.409 [0,2]     1467.181 [0,3]     1419.132
MFLOPS                      :      443.387 [0,2]      476.766 [0,3]      460.242
A. V. Length                :      158.216 [0,0]      252.859 [0,3]      219.599
V. Op. Ratio (%)            :       51.928 [0,2]       56.379 [0,0]       53.185
Total Memory Size    (MB)   :     2560.000 [0,0]     2560.000 [0,0]     2560.000
  Memory Size        (MB)   :     2368.000 [0,0]     2368.000 [0,0]     2368.000
  Global Memory Size (MB)   :      192.000 [0,0]      192.000 [0,0]      192.000
MIPS                        :      619.991 [0,0]      703.235 [0,3]      667.995
I-Cache (sec)               :        0.001 [0,3]        0.001 [0,0]        0.001
O-Cache (sec)               :        0.053 [0,3]        0.785 [0,2]        0.242
Bank Conflict Time
  CPU Port Conf. (sec)      :        0.000 [0,0]        0.000 [0,3]        0.000
  Memory Network Conf. (sec):        0.217 [0,3]        0.391 [0,0]        0.293
ADB Hit Element Ratio (%)   :       26.022 [0,0]       26.834 [0,3]       26.547


Overall Data:
=============

Real   Time (sec)           :       30.155
User   Time (sec)           :      115.310
System Time (sec)           :        0.111
Vector Time (sec)           :        6.971
Total GOPS                  :        5.677
Total GFLOPS                :        1.841
Total Memory Size    (GB)   :       10.000
  Memory Size        (GB)   :        9.250
  Global Memory Size (GB)   :        0.750


Data of Process [0,0]:
----------------------

  Real Time (sec)             :            30.128676
  User Time (sec)             :            28.087210
  Sys  Time (sec)             :             0.028122
  Vector Time (sec)           :             3.734437
  Inst. Count                 :          17413814103
  V. Inst. Count              :            141100741
  V. Element Count            :          22324433843
  V. Load Element Count       :           9938621316
  FLOP Count                  :          12982857891
  MOPS                        :          1409.792828
  MFLOPS                      :           462.233803
  A. V. Length                :           158.216276
  V. Op. Ratio (%)            :            56.378894
  Total Memory Size    (MB)   :          2560.000000
    Memory Size        (MB)   :          2368.000000
    Global Memory Size (MB)   :           192.000000
  MIPS                        :           619.990882
  I-Cache (sec)               :             0.000962
  O-Cache (sec)               :             0.078305
  Bank Conflict Time
    CPU Port Conf. (sec)      :             0.000005
    Memory Network Conf. (sec):             0.391241
  ADB Hit Element Ratio (%)   :            26.021515

Data of Process [0,1]:
----------------------

  Real Time (sec)             :            30.127314
  User Time (sec)             :            29.074773
  Sys  Time (sec)             :             0.027682
  Vector Time (sec)           :             1.320154
  Inst. Count                 :          19829554707
  V. Inst. Count              :             90034356
  V. Element Count            :          21521755080
  V. Load Element Count       :           9692251171
  FLOP Count                  :          13333157763
  MOPS                        :          1419.143511
  MFLOPS                      :           458.581663
  A. V. Length                :           239.039363
  V. Op. Ratio (%)            :            52.159694
  Total Memory Size    (MB)   :          2560.000000
    Memory Size        (MB)   :          2368.000000
    Global Memory Size (MB)   :           192.000000
  MIPS                        :           682.019244
  I-Cache (sec)               :             0.000847
  O-Cache (sec)               :             0.053136
  Bank Conflict Time
    CPU Port Conf. (sec)      :             0.000005
    Memory Network Conf. (sec):             0.277551
  ADB Hit Element Ratio (%)   :            26.685930

Data of Process [0,2]:
----------------------

  Real Time (sec)             :            30.155258
  User Time (sec)             :            30.071172
  Sys  Time (sec)             :             0.027569
  Vector Time (sec)           :             1.356903
  Inst. Count                 :          20049524452
  V. Inst. Count              :             94425604
  V. Element Count            :          21555425708
  V. Load Element Count       :           9706412554
  FLOP Count                  :          13333157774
  MOPS                        :          1380.409269
  MFLOPS                      :           443.386702
  A. V. Length                :           228.279458
  V. Op. Ratio (%)            :            51.927616
  Total Memory Size    (MB)   :          2560.000000
    Memory Size        (MB)   :          2368.000000
    Global Memory Size (MB)   :           192.000000
  MIPS                        :           666.735718
  I-Cache (sec)               :             0.000847
  O-Cache (sec)               :             0.785050
  Bank Conflict Time
    CPU Port Conf. (sec)      :             0.000005
    Memory Network Conf. (sec):             0.284391
  ADB Hit Element Ratio (%)   :            26.645838

Data of Process [0,3]:
----------------------

  Real Time (sec)             :            30.125713
  User Time (sec)             :            28.076798
  Sys  Time (sec)             :             0.027789
  Vector Time (sec)           :             0.559431
  Inst. Count                 :          19744584079
  V. Inst. Count              :             85163346
  V. Element Count            :          21534335479
  V. Load Element Count       :           9639258399
  FLOP Count                  :          13386050235
  MOPS                        :          1467.181415
  MFLOPS                      :           476.765557
  A. V. Length                :           252.859199
  V. Op. Ratio (%)            :            52.275727
  Total Memory Size    (MB)   :          2560.000000
    Memory Size        (MB)   :          2368.000000
    Global Memory Size (MB)   :           192.000000
  MIPS                        :           703.234894
  I-Cache (sec)               :             0.000811
  O-Cache (sec)               :             0.053042
  Bank Conflict Time
    CPU Port Conf. (sec)      :             0.000032
    Memory Network Conf. (sec):             0.217062
  ADB Hit Element Ratio (%)   :            26.833608

Start Time (date)    :  Sat Dec 19 03:42:45 JST 2015
End   Time (date)    :  Sat Dec 19 03:43:15 JST 2015
