
MPI Program Information:
========================
Note: It is measured from MPI_Init till MPI_Finalize.
      [U,R] specifies the Universe and the Process Rank in the Universe.

Global Data of 8 processes  :          Min [U,R]          Max [U,R]      Average
==========================

Real Time (sec)             :       15.226 [0,7]       15.293 [0,0]       15.260
User Time (sec)             :       14.110 [0,3]       15.181 [0,0]       14.408
Sys  Time (sec)             :        0.018 [0,3]        0.018 [0,4]        0.018
Vector Time (sec)           :        0.322 [0,3]        2.262 [0,0]        0.841
Inst. Count                 :   8705783176 [0,0]   9950620009 [0,7]   9628518371
V. Inst. Count              :     43127810 [0,3]     75239266 [0,0]     50858401
V. Element Count            :  10884532775 [0,4]  11810726827 [0,0]  11090671775
V. Load Element Count       :   4856150933 [0,7]   5191333212 [0,0]   4958512245
FLOP Count                  :   6459013098 [0,0]   6719491382 [0,7]   6629422977
MOPS                        :     1346.509 [0,0]     1468.973 [0,3]     1435.768
MFLOPS                      :      425.469 [0,0]      472.480 [0,3]      460.559
A. V. Length                :      156.976 [0,0]      252.394 [0,3]      226.110
V. Op. Ratio (%)            :       52.420 [0,7]       57.779 [0,0]       53.673
Total Memory Size    (MB)   :     1472.000 [0,0]     1472.000 [0,0]     1472.000
  Memory Size        (MB)   :     1280.000 [0,0]     1280.000 [0,0]     1280.000
  Global Memory Size (MB)   :      192.000 [0,0]      192.000 [0,0]      192.000
MIPS                        :      573.468 [0,0]      700.566 [0,3]      669.199
I-Cache (sec)               :        0.001 [0,2]        0.001 [0,0]        0.001
O-Cache (sec)               :        0.027 [0,7]        0.730 [0,0]        0.117
Bank Conflict Time
  CPU Port Conf. (sec)      :        0.000 [0,0]        0.000 [0,7]        0.000
  Memory Network Conf. (sec):        0.120 [0,3]        0.250 [0,0]        0.155
ADB Hit Element Ratio (%)   :       25.625 [0,0]       27.410 [0,7]       26.683


Overall Data:
=============

Real   Time (sec)           :       15.293
User   Time (sec)           :      115.264
System Time (sec)           :        0.145
Vector Time (sec)           :        6.729
Total GOPS                  :       11.486
Total GFLOPS                :        3.684
Total Memory Size    (GB)   :       11.500
  Memory Size        (GB)   :       10.000
  Global Memory Size (GB)   :        1.500


Data of Process [0,0]:
----------------------

  Real Time (sec)             :            15.293017
  User Time (sec)             :            15.180943
  Sys  Time (sec)             :             0.018251
  Vector Time (sec)           :             2.262001
  Inst. Count                 :           8705783176
  V. Inst. Count              :             75239266
  V. Element Count            :          11810726827
  V. Load Element Count       :           5191333212
  FLOP Count                  :           6459013098
  MOPS                        :          1346.508628
  MFLOPS                      :           425.468503
  A. V. Length                :           156.975572
  V. Op. Ratio (%)            :            57.778829
  Total Memory Size    (MB)   :          1472.000000
    Memory Size        (MB)   :          1280.000000
    Global Memory Size (MB)   :           192.000000
  MIPS                        :           573.467879
  I-Cache (sec)               :             0.000903
  O-Cache (sec)               :             0.730468
  Bank Conflict Time
    CPU Port Conf. (sec)      :             0.000005
    Memory Network Conf. (sec):             0.250095
  ADB Hit Element Ratio (%)   :            25.624542

Data of Process [0,1]:
----------------------

  Real Time (sec)             :            15.254603
  User Time (sec)             :            14.148211
  Sys  Time (sec)             :             0.017984
  Vector Time (sec)           :             1.654713
  Inst. Count                 :           8936615459
  V. Inst. Count              :             65063703
  V. Element Count            :          11581263111
  V. Load Element Count       :           5130274844
  FLOP Count                  :           6523884758
  MOPS                        :          1445.611383
  MFLOPS                      :           461.110225
  A. V. Length                :           177.998832
  V. Op. Ratio (%)            :            56.624299
  Total Memory Size    (MB)   :          1472.000000
    Memory Size        (MB)   :          1280.000000
    Global Memory Size (MB)   :           192.000000
  MIPS                        :           631.642789
  I-Cache (sec)               :             0.000791
  O-Cache (sec)               :             0.040347
  Bank Conflict Time
    CPU Port Conf. (sec)      :             0.000005
    Memory Network Conf. (sec):             0.211140
  ADB Hit Element Ratio (%)   :            25.924430

Data of Process [0,2]:
----------------------

  Real Time (sec)             :            15.280338
  User Time (sec)             :            14.189135
  Sys  Time (sec)             :             0.017993
  Vector Time (sec)           :             0.375653
  Inst. Count                 :           9889387057
  V. Inst. Count              :             43586253
  V. Element Count            :          10885201106
  V. Load Element Count       :           4898259721
  FLOP Count                  :           6666598906
  MOPS                        :          1461.047619
  MFLOPS                      :           469.838289
  A. V. Length                :           249.739318
  V. Op. Ratio (%)            :            52.506874
  Total Memory Size    (MB)   :          1472.000000
    Memory Size        (MB)   :          1280.000000
    Global Memory Size (MB)   :           192.000000
  MIPS                        :           696.968988
  I-Cache (sec)               :             0.000761
  O-Cache (sec)               :             0.027302
  Bank Conflict Time
    CPU Port Conf. (sec)      :             0.000005
    Memory Network Conf. (sec):             0.123732
  ADB Hit Element Ratio (%)   :            27.155566

Data of Process [0,3]:
----------------------

  Real Time (sec)             :            15.229906
  User Time (sec)             :            14.109805
  Sys  Time (sec)             :             0.017951
  Vector Time (sec)           :             0.321821
  Inst. Count                 :           9884855686
  V. Inst. Count              :             43127810
  V. Element Count            :          10885196972
  V. Load Element Count       :           4898064102
  FLOP Count                  :           6666598914
  MOPS                        :          1468.973161
  MFLOPS                      :           472.479876
  A. V. Length                :           252.393919
  V. Op. Ratio (%)            :            52.517183
  Total Memory Size    (MB)   :          1472.000000
    Memory Size        (MB)   :          1280.000000
    Global Memory Size (MB)   :           192.000000
  MIPS                        :           700.566428
  I-Cache (sec)               :             0.000764
  O-Cache (sec)               :             0.027248
  Bank Conflict Time
    CPU Port Conf. (sec)      :             0.000005
    Memory Network Conf. (sec):             0.119734
  ADB Hit Element Ratio (%)   :            27.156802

Data of Process [0,4]:
----------------------

  Real Time (sec)             :            15.242291
  User Time (sec)             :            14.148806
  Sys  Time (sec)             :             0.018341
  Vector Time (sec)           :             0.359229
  Inst. Count                 :           9882691852
  V. Inst. Count              :             43354851
  V. Element Count            :          10884532775
  V. Load Element Count       :           4897658009
  FLOP Count                  :           6666598913
  MOPS                        :          1464.708031
  MFLOPS                      :           471.177491
  A. V. Length                :           251.056860
  V. Op. Ratio (%)            :            52.521720
  Total Memory Size    (MB)   :          1472.000000
    Memory Size        (MB)   :          1280.000000
    Global Memory Size (MB)   :           192.000000
  MIPS                        :           698.482392
  I-Cache (sec)               :             0.000772
  O-Cache (sec)               :             0.027302
  Bank Conflict Time
    CPU Port Conf. (sec)      :             0.000005
    Memory Network Conf. (sec):             0.122929
  ADB Hit Element Ratio (%)   :            26.483053

Data of Process [0,5]:
----------------------

  Real Time (sec)             :            15.278822
  User Time (sec)             :            14.189433
  Sys  Time (sec)             :             0.018316
  Vector Time (sec)           :             0.385267
  Inst. Count                 :           9890279925
  V. Inst. Count              :             43537354
  V. Element Count            :          10884958032
  V. Load Element Count       :           4898215827
  FLOP Count                  :           6666598931
  MOPS                        :          1461.066175
  MFLOPS                      :           469.828423
  A. V. Length                :           250.014230
  V. Op. Ratio (%)            :            52.503932
  Total Memory Size    (MB)   :          1472.000000
    Memory Size        (MB)   :          1280.000000
    Global Memory Size (MB)   :           192.000000
  MIPS                        :           697.017275
  I-Cache (sec)               :             0.000786
  O-Cache (sec)               :             0.027305
  Bank Conflict Time
    CPU Port Conf. (sec)      :             0.000005
    Memory Network Conf. (sec):             0.124850
  ADB Hit Element Ratio (%)   :            27.153536

Data of Process [0,6]:
----------------------

  Real Time (sec)             :            15.272261
  User Time (sec)             :            14.190380
  Sys  Time (sec)             :             0.018340
  Vector Time (sec)           :             0.389924
  Inst. Count                 :           9887913803
  V. Inst. Count              :             43569721
  V. Element Count            :          10885186328
  V. Load Element Count       :           4898141308
  FLOP Count                  :           6666598914
  MOPS                        :          1460.815736
  MFLOPS                      :           469.797068
  A. V. Length                :           249.833740
  V. Op. Ratio (%)            :            52.510530
  Total Memory Size    (MB)   :          1472.000000
    Memory Size        (MB)   :          1280.000000
    Global Memory Size (MB)   :           192.000000
  MIPS                        :           696.804018
  I-Cache (sec)               :             0.000767
  O-Cache (sec)               :             0.027277
  Bank Conflict Time
    CPU Port Conf. (sec)      :             0.000005
    Memory Network Conf. (sec):             0.125389
  ADB Hit Element Ratio (%)   :            26.553040

Data of Process [0,7]:
----------------------

  Real Time (sec)             :            15.226224
  User Time (sec)             :            15.107697
  Sys  Time (sec)             :             0.018134
  Vector Time (sec)           :             0.980337
  Inst. Count                 :           9950620009
  V. Inst. Count              :             49388252
  V. Element Count            :          10908309047
  V. Load Element Count       :           4856150933
  FLOP Count                  :           6719491382
  MOPS                        :          1377.413169
  MFLOPS                      :           444.772713
  A. V. Length                :           220.868498
  V. Op. Ratio (%)            :            52.419749
  Total Memory Size    (MB)   :          1472.000000
    Memory Size        (MB)   :          1280.000000
    Global Memory Size (MB)   :           192.000000
  MIPS                        :           658.645723
  I-Cache (sec)               :             0.000774
  O-Cache (sec)               :             0.027202
  Bank Conflict Time
    CPU Port Conf. (sec)      :             0.000040
    Memory Network Conf. (sec):             0.161410
  ADB Hit Element Ratio (%)   :            27.409742

Start Time (date)    :  Sat Dec 19 03:45:15 JST 2015
End   Time (date)    :  Sat Dec 19 03:45:31 JST 2015
