
MPI Program Information:
========================
Note: It is measured from MPI_Init till MPI_Finalize.
      [U,R] specifies the Universe and the Process Rank in the Universe.

Global Data of 4 processes  :          Min [U,R]          Max [U,R]      Average
==========================

Real Time (sec)             :        1.715 [0,3]        1.745 [0,0]        1.730
User Time (sec)             :        0.668 [0,1]        1.662 [0,2]        1.166
Sys  Time (sec)             :        0.027 [0,1]        0.027 [0,0]        0.027
Vector Time (sec)           :        0.642 [0,0]        1.291 [0,2]        0.805
Inst. Count                 :    222379973 [0,1]    326427033 [0,0]    262120076
V. Inst. Count              :    104225364 [0,1]    110311701 [0,2]    105859922
V. Element Count            :  26438082357 [0,0]  26548483825 [0,3]  26515372918
V. Load Element Count       :   9733521699 [0,0]   9786901643 [0,2]   9759368702
FLOP Count                  :  12359336311 [0,0]  12412230655 [0,3]  12372560832
MOPS                        :    16041.780 [0,0]    39887.308 [0,1]    27954.802
MFLOPS                      :     7434.188 [0,2]    18537.310 [0,3]    12976.172
A. V. Length                :      240.594 [0,2]      254.589 [0,1]      250.617
V. Op. Ratio (%)            :       99.167 [0,0]       99.557 [0,3]       99.414
Total Memory Size    (MB)   :     2560.000 [0,0]     2560.000 [0,0]     2560.000
  Memory Size        (MB)   :     2368.000 [0,0]     2368.000 [0,0]     2368.000
  Global Memory Size (MB)   :      192.000 [0,0]      192.000 [0,0]      192.000
MIPS                        :      166.552 [0,2]      332.804 [0,1]      257.122
I-Cache (sec)               :        0.001 [0,3]        0.001 [0,0]        0.001
O-Cache (sec)               :        0.001 [0,1]        0.732 [0,0]        0.184
Bank Conflict Time
  CPU Port Conf. (sec)      :        0.003 [0,0]        0.004 [0,2]        0.004
  Memory Network Conf. (sec):        0.213 [0,0]        0.267 [0,2]        0.227
ADB Hit Element Ratio (%)   :       27.265 [0,2]       27.424 [0,3]       27.346


Overall Data:
=============

Real   Time (sec)           :        1.745
User   Time (sec)           :        4.662
System Time (sec)           :        0.107
Vector Time (sec)           :        3.221
Total GOPS                  :      111.819
Total GFLOPS                :       51.905
Total Memory Size    (GB)   :       10.000
  Memory Size        (GB)   :        9.250
  Global Memory Size (GB)   :        0.750


Data of Process [0,0]:
----------------------

  Real Time (sec)             :             1.745345
  User Time (sec)             :             1.661927
  Sys  Time (sec)             :             0.026878
  Vector Time (sec)           :             0.641816
  Inst. Count                 :            326427033
  V. Inst. Count              :            104241499
  V. Element Count            :          26438082357
  V. Load Element Count       :           9733521699
  FLOP Count                  :          12359336311
  MOPS                        :         16041.780350
  MFLOPS                      :          7436.750417
  A. V. Length                :           253.623390
  V. Op. Ratio (%)            :            99.166604
  Total Memory Size    (MB)   :          2560.000000
    Memory Size        (MB)   :          2368.000000
    Global Memory Size (MB)   :           192.000000
  MIPS                        :           196.414784
  I-Cache (sec)               :             0.000901
  O-Cache (sec)               :             0.731835
  Bank Conflict Time
    CPU Port Conf. (sec)      :             0.003331
    Memory Network Conf. (sec):             0.213024
  ADB Hit Element Ratio (%)   :            27.415050

Data of Process [0,1]:
----------------------

  Real Time (sec)             :             1.717980
  User Time (sec)             :             0.668201
  Sys  Time (sec)             :             0.026587
  Vector Time (sec)           :             0.642694
  Inst. Count                 :            222379973
  V. Inst. Count              :            104225364
  V. Element Count            :          26534584579
  V. Load Element Count       :           9782654198
  FLOP Count                  :          12359338178
  MOPS                        :         39887.308142
  MFLOPS                      :         18496.437716
  A. V. Length                :           254.588553
  V. Op. Ratio (%)            :            99.556689
  Total Memory Size    (MB)   :          2560.000000
    Memory Size        (MB)   :          2368.000000
    Global Memory Size (MB)   :           192.000000
  MIPS                        :           332.804011
  I-Cache (sec)               :             0.000795
  O-Cache (sec)               :             0.001336
  Bank Conflict Time
    CPU Port Conf. (sec)      :             0.003351
    Memory Network Conf. (sec):             0.215486
  ADB Hit Element Ratio (%)   :            27.278362

Data of Process [0,2]:
----------------------

  Real Time (sec)             :             1.741822
  User Time (sec)             :             1.662500
  Sys  Time (sec)             :             0.026595
  Vector Time (sec)           :             1.291369
  Inst. Count                 :            276892109
  V. Inst. Count              :            110311701
  V. Element Count            :          26540340912
  V. Load Element Count       :           9786901643
  FLOP Count                  :          12359338184
  MOPS                        :         16064.313576
  MFLOPS                      :          7434.188381
  A. V. Length                :           240.594068
  V. Op. Ratio (%)            :            99.376265
  Total Memory Size    (MB)   :          2560.000000
    Memory Size        (MB)   :          2368.000000
    Global Memory Size (MB)   :           192.000000
  MIPS                        :           166.551645
  I-Cache (sec)               :             0.000778
  O-Cache (sec)               :             0.001364
  Bank Conflict Time
    CPU Port Conf. (sec)      :             0.004139
    Memory Network Conf. (sec):             0.266993
  ADB Hit Element Ratio (%)   :            27.265462

Data of Process [0,3]:
----------------------

  Real Time (sec)             :             1.714859
  User Time (sec)             :             0.669581
  Sys  Time (sec)             :             0.026778
  Vector Time (sec)           :             0.644827
  Inst. Count                 :            222781188
  V. Inst. Count              :            104661125
  V. Element Count            :          26548483825
  V. Load Element Count       :           9734397266
  FLOP Count                  :          12412230655
  MOPS                        :         39825.807315
  MFLOPS                      :         18537.310131
  A. V. Length                :           253.661365
  V. Op. Ratio (%)            :            99.557049
  Total Memory Size    (MB)   :          2560.000000
    Memory Size        (MB)   :          2368.000000
    Global Memory Size (MB)   :           192.000000
  MIPS                        :           332.717308
  I-Cache (sec)               :             0.000763
  O-Cache (sec)               :             0.001357
  Bank Conflict Time
    CPU Port Conf. (sec)      :             0.003362
    Memory Network Conf. (sec):             0.213143
  ADB Hit Element Ratio (%)   :            27.423895

Start Time (date)    :  Sat Dec 19 04:06:16 JST 2015
End   Time (date)    :  Sat Dec 19 04:06:17 JST 2015
