
MPI Program Information:
========================
Note: It is measured from MPI_Init till MPI_Finalize.
      [U,R] specifies the Universe and the Process Rank in the Universe.

Global Data of 8 processes  :          Min [U,R]          Max [U,R]      Average
==========================

Real Time (sec)             :        1.739 [0,4]        1.774 [0,0]        1.763
User Time (sec)             :        0.689 [0,3]        1.686 [0,0]        0.943
Sys  Time (sec)             :        0.027 [0,1]        0.027 [0,5]        0.027
Vector Time (sec)           :        0.626 [0,0]        1.328 [0,6]        0.733
Inst. Count                 :    224850354 [0,4]    429216598 [0,0]    263880854
V. Inst. Count              :    103908930 [0,0]    110408959 [0,6]    105056213
V. Element Count            :  26439542699 [0,0]  26550047417 [0,7]  26527796825
V. Load Element Count       :   9736002300 [0,0]   9787889778 [0,6]   9772851569
FLOP Count                  :  12359336074 [0,0]  12412230566 [0,7]  12365949362
MOPS                        :    15838.318 [0,6]    38718.486 [0,3]    32729.904
MFLOPS                      :     7329.102 [0,0]    17945.296 [0,3]    15172.419
A. V. Length                :      240.396 [0,6]      254.449 [0,0]      252.599
V. Op. Ratio (%)            :       98.785 [0,0]       99.548 [0,4]       99.405
Total Memory Size    (MB)   :     2560.000 [0,0]     2560.000 [0,0]     2560.000
  Memory Size        (MB)   :     2368.000 [0,0]     2368.000 [0,0]     2368.000
  Global Memory Size (MB)   :      192.000 [0,0]      192.000 [0,0]      192.000
MIPS                        :      163.372 [0,6]      356.916 [0,7]      305.004
I-Cache (sec)               :        0.001 [0,7]        0.001 [0,0]        0.001
O-Cache (sec)               :        0.001 [0,7]        0.689 [0,0]        0.087
Bank Conflict Time
  CPU Port Conf. (sec)      :        0.003 [0,7]        0.004 [0,2]        0.004
  Memory Network Conf. (sec):        0.217 [0,0]        0.261 [0,6]        0.223
ADB Hit Element Ratio (%)   :       27.264 [0,6]       27.417 [0,7]       27.307


Overall Data:
=============

Real   Time (sec)           :        1.774
User   Time (sec)           :        7.545
System Time (sec)           :        0.214
Vector Time (sec)           :        5.866
Total GOPS                  :      261.839
Total GFLOPS                :      121.379
Total Memory Size    (GB)   :       20.000
  Memory Size        (GB)   :       18.500
  Global Memory Size (GB)   :        1.500


Data of Process [0,0]:
----------------------

  Real Time (sec)             :             1.773939
  User Time (sec)             :             1.686337
  Sys  Time (sec)             :             0.026883
  Vector Time (sec)           :             0.625579
  Inst. Count                 :            429216598
  V. Inst. Count              :            103908930
  V. Element Count            :          26439542699
  V. Load Element Count       :           9736002300
  FLOP Count                  :          12359336074
  MOPS                        :         15871.590534
  MFLOPS                      :          7329.102115
  A. V. Length                :           254.449186
  V. Op. Ratio (%)            :            98.784571
  Total Memory Size    (MB)   :          2560.000000
    Memory Size        (MB)   :          2368.000000
    Global Memory Size (MB)   :           192.000000
  MIPS                        :           254.525992
  I-Cache (sec)               :             0.000881
  O-Cache (sec)               :             0.689170
  Bank Conflict Time
    CPU Port Conf. (sec)      :             0.003352
    Memory Network Conf. (sec):             0.216866
  ADB Hit Element Ratio (%)   :            27.408738

Data of Process [0,1]:
----------------------

  Real Time (sec)             :             1.742780
  User Time (sec)             :             0.697845
  Sys  Time (sec)             :             0.026606
  Vector Time (sec)           :             0.654416
  Inst. Count                 :            234384207
  V. Inst. Count              :            104358723
  V. Element Count            :          26539281831
  V. Load Element Count       :           9784980150
  FLOP Count                  :          12359337793
  MOPS                        :         38216.663177
  MFLOPS                      :         17710.720565
  A. V. Length                :           254.308227
  V. Op. Ratio (%)            :            99.512453
  Total Memory Size    (MB)   :          2560.000000
    Memory Size        (MB)   :          2368.000000
    Global Memory Size (MB)   :           192.000000
  MIPS                        :           335.868577
  I-Cache (sec)               :             0.000765
  O-Cache (sec)               :             0.001284
  Bank Conflict Time
    CPU Port Conf. (sec)      :             0.003351
    Memory Network Conf. (sec):             0.218129
  ADB Hit Element Ratio (%)   :            27.272210

Data of Process [0,2]:
----------------------

  Real Time (sec)             :             1.766254
  User Time (sec)             :             0.698899
  Sys  Time (sec)             :             0.026668
  Vector Time (sec)           :             0.655378
  Inst. Count                 :            234120778
  V. Inst. Count              :            104376501
  V. Element Count            :          26539436070
  V. Load Element Count       :           9785010791
  FLOP Count                  :          12359338094
  MOPS                        :         38158.847483
  MFLOPS                      :         17684.011701
  A. V. Length                :           254.266390
  V. Op. Ratio (%)            :            99.513505
  Total Memory Size    (MB)   :          2560.000000
    Memory Size        (MB)   :          2368.000000
    Global Memory Size (MB)   :           192.000000
  MIPS                        :           334.985138
  I-Cache (sec)               :             0.000780
  O-Cache (sec)               :             0.001347
  Bank Conflict Time
    CPU Port Conf. (sec)      :             0.004140
    Memory Network Conf. (sec):             0.218118
  ADB Hit Element Ratio (%)   :            27.271301

Data of Process [0,3]:
----------------------

  Real Time (sec)             :             1.770803
  User Time (sec)             :             0.688723
  Sys  Time (sec)             :             0.026904
  Vector Time (sec)           :             0.648895
  Inst. Count                 :            232039953
  V. Inst. Count              :            104313937
  V. Element Count            :          26538585887
  V. Load Element Count       :           9784619736
  FLOP Count                  :          12359338083
  MOPS                        :         38718.486101
  MFLOPS                      :         17945.295980
  A. V. Length                :           254.410740
  V. Op. Ratio (%)            :            99.521021
  Total Memory Size    (MB)   :          2560.000000
    Memory Size        (MB)   :          2368.000000
    Global Memory Size (MB)   :           192.000000
  MIPS                        :           336.913321
  I-Cache (sec)               :             0.000761
  O-Cache (sec)               :             0.001311
  Bank Conflict Time
    CPU Port Conf. (sec)      :             0.004140
    Memory Network Conf. (sec):             0.217892
  ADB Hit Element Ratio (%)   :            27.272234

Data of Process [0,4]:
----------------------

  Real Time (sec)             :             1.739222
  User Time (sec)             :             0.693196
  Sys  Time (sec)             :             0.026958
  Vector Time (sec)           :             0.660679
  Inst. Count                 :            224850354
  V. Inst. Count              :            104334517
  V. Element Count            :          26535450555
  V. Load Element Count       :           9783153194
  FLOP Count                  :          12359338096
  MOPS                        :         38453.722168
  MFLOPS                      :         17829.500020
  A. V. Length                :           254.330507
  V. Op. Ratio (%)            :            99.547884
  Total Memory Size    (MB)   :          2560.000000
    Memory Size        (MB)   :          2368.000000
    Global Memory Size (MB)   :           192.000000
  MIPS                        :           324.367645
  I-Cache (sec)               :             0.000769
  O-Cache (sec)               :             0.001372
  Bank Conflict Time
    CPU Port Conf. (sec)      :             0.003351
    Memory Network Conf. (sec):             0.217603
  ADB Hit Element Ratio (%)   :            27.275102

Data of Process [0,5]:
----------------------

  Real Time (sec)             :             1.772566
  User Time (sec)             :             0.690781
  Sys  Time (sec)             :             0.027011
  Vector Time (sec)           :             0.652886
  Inst. Count                 :            230085940
  V. Inst. Count              :            104332993
  V. Element Count            :          26538104147
  V. Load Element Count       :           9784340124
  FLOP Count                  :          12359338090
  MOPS                        :         38599.580900
  MFLOPS                      :         17891.832708
  A. V. Length                :           254.359655
  V. Op. Ratio (%)            :            99.528377
  Total Memory Size    (MB)   :          2560.000000
    Memory Size        (MB)   :          2368.000000
    Global Memory Size (MB)   :           192.000000
  MIPS                        :           333.080875
  I-Cache (sec)               :             0.000742
  O-Cache (sec)               :             0.001336
  Bank Conflict Time
    CPU Port Conf. (sec)      :             0.004140
    Memory Network Conf. (sec):             0.217812
  ADB Hit Element Ratio (%)   :            27.274028

Data of Process [0,6]:
----------------------

  Real Time (sec)             :             1.769326
  User Time (sec)             :             1.686227
  Sys  Time (sec)             :             0.026777
  Vector Time (sec)           :             1.328361
  Inst. Count                 :            275482394
  V. Inst. Count              :            110408959
  V. Element Count            :          26541925994
  V. Load Element Count       :           9787889778
  FLOP Count                  :          12359338103
  MOPS                        :         15838.317990
  MFLOPS                      :          7329.581428
  A. V. Length                :           240.396488
  V. Op. Ratio (%)            :            99.381909
  Total Memory Size    (MB)   :          2560.000000
    Memory Size        (MB)   :          2368.000000
    Global Memory Size (MB)   :           192.000000
  MIPS                        :           163.372069
  I-Cache (sec)               :             0.000760
  O-Cache (sec)               :             0.001362
  Bank Conflict Time
    CPU Port Conf. (sec)      :             0.003351
    Memory Network Conf. (sec):             0.261400
  ADB Hit Element Ratio (%)   :            27.264210

Data of Process [0,7]:
----------------------

  Real Time (sec)             :             1.767808
  User Time (sec)             :             0.702872
  Sys  Time (sec)             :             0.026657
  Vector Time (sec)           :             0.639932
  Inst. Count                 :            250866604
  V. Inst. Count              :            104415146
  V. Element Count            :          26550047417
  V. Load Element Count       :           9736816481
  FLOP Count                  :          12412230566
  MOPS                        :         37982.020731
  MFLOPS                      :         17659.304348
  A. V. Length                :           254.273910
  V. Op. Ratio (%)            :            99.451421
  Total Memory Size    (MB)   :          2560.000000
    Memory Size        (MB)   :          2368.000000
    Global Memory Size (MB)   :           192.000000
  MIPS                        :           356.916486
  I-Cache (sec)               :             0.000734
  O-Cache (sec)               :             0.001265
  Bank Conflict Time
    CPU Port Conf. (sec)      :             0.003308
    Memory Network Conf. (sec):             0.218266
  ADB Hit Element Ratio (%)   :            27.417141

Start Time (date)    :  Sat Dec 19 05:27:25 JST 2015
End   Time (date)    :  Sat Dec 19 05:27:27 JST 2015
