
MPI Program Information:
========================
Note: It is measured from MPI_Init till MPI_Finalize.
      [U,R] specifies the Universe and the Process Rank in the Universe.

Global Data of 2 processes  :          Min [U,R]          Max [U,R]      Average
==========================

Real Time (sec)             :       56.075 [0,0]       56.078 [0,1]       56.077
User Time (sec)             :       55.999 [0,1]       56.000 [0,0]       55.999
Sys  Time (sec)             :        0.047 [0,1]        0.047 [0,0]        0.047
Vector Time (sec)           :        0.987 [0,1]        4.159 [0,0]        2.573
Inst. Count                 :  37151345107 [0,0]  39482400460 [0,1]  38316872784
V. Inst. Count              :    167398821 [0,1]    223391487 [0,0]    195395154
V. Element Count            :  42789788566 [0,1]  43130428551 [0,0]  42960108559
V. Load Element Count       :  19215439383 [0,1]  19364914260 [0,0]  19290176822
FLOP Count                  :  26315975183 [0,0]  26719167237 [0,1]  26517571210
MOPS                        :     1429.626 [0,0]     1466.187 [0,1]     1447.906
MFLOPS                      :      469.932 [0,0]      477.138 [0,1]      473.535
A. V. Length                :      193.071 [0,0]      255.616 [0,1]      224.343
V. Op. Ratio (%)            :       52.116 [0,1]       53.874 [0,0]       52.995
Total Memory Size    (MB)   :     4736.000 [0,0]     4736.000 [0,0]     4736.000
  Memory Size        (MB)   :     4544.000 [0,0]     4544.000 [0,0]     4544.000
  Global Memory Size (MB)   :      192.000 [0,0]      192.000 [0,0]      192.000
MIPS                        :      663.422 [0,0]      705.057 [0,1]      684.240
I-Cache (sec)               :        0.001 [0,1]        0.001 [0,0]        0.001
O-Cache (sec)               :        0.105 [0,1]        0.137 [0,0]        0.121
Bank Conflict Time
  CPU Port Conf. (sec)      :        0.000 [0,0]        0.000 [0,1]        0.000
  Memory Network Conf. (sec):        0.423 [0,1]        0.597 [0,0]        0.510
ADB Hit Element Ratio (%)   :       26.673 [0,0]       26.886 [0,1]       26.779


Overall Data:
=============

Real   Time (sec)           :       56.078
User   Time (sec)           :      111.998
System Time (sec)           :        0.093
Vector Time (sec)           :        5.146
Total GOPS                  :        2.896
Total GFLOPS                :        0.947
Total Memory Size    (GB)   :        9.250
  Memory Size        (GB)   :        8.875
  Global Memory Size (GB)   :        0.375


Data of Process [0,0]:
----------------------

  Real Time (sec)             :            56.074765
  User Time (sec)             :            55.999546
  Sys  Time (sec)             :             0.046691
  Vector Time (sec)           :             4.158575
  Inst. Count                 :          37151345107
  V. Inst. Count              :            223391487
  V. Element Count            :          43130428551
  V. Load Element Count       :          19364914260
  FLOP Count                  :          26315975183
  MOPS                        :          1429.625558
  MFLOPS                      :           469.931938
  A. V. Length                :           193.071048
  V. Op. Ratio (%)            :            53.873720
  Total Memory Size    (MB)   :          4736.000000
    Memory Size        (MB)   :          4544.000000
    Global Memory Size (MB)   :           192.000000
  MIPS                        :           663.422255
  I-Cache (sec)               :             0.000978
  O-Cache (sec)               :             0.137059
  Bank Conflict Time
    CPU Port Conf. (sec)      :             0.000006
    Memory Network Conf. (sec):             0.596989
  ADB Hit Element Ratio (%)   :            26.672567

Data of Process [0,1]:
----------------------

  Real Time (sec)             :            56.078321
  User Time (sec)             :            55.998858
  Sys  Time (sec)             :             0.046537
  Vector Time (sec)           :             0.987161
  Inst. Count                 :          39482400460
  V. Inst. Count              :            167398821
  V. Element Count            :          42789788566
  V. Load Element Count       :          19215439383
  FLOP Count                  :          26719167237
  MOPS                        :          1466.186868
  MFLOPS                      :           477.137717
  A. V. Length                :           255.615830
  V. Op. Ratio (%)            :            52.116068
  Total Memory Size    (MB)   :          4736.000000
    Memory Size        (MB)   :          4544.000000
    Global Memory Size (MB)   :           192.000000
  MIPS                        :           705.057243
  I-Cache (sec)               :             0.000798
  O-Cache (sec)               :             0.104721
  Bank Conflict Time
    CPU Port Conf. (sec)      :             0.000016
    Memory Network Conf. (sec):             0.423301
  ADB Hit Element Ratio (%)   :            26.885522

Start Time (date)    :  Sat Dec 19 03:36:25 JST 2015
End   Time (date)    :  Sat Dec 19 03:37:21 JST 2015
