
MPI Program Information:
========================
Note: It is measured from MPI_Init till MPI_Finalize.
      [U,R] specifies the Universe and the Process Rank in the Universe.

Global Data of 8 processes  :          Min [U,R]          Max [U,R]      Average
==========================

Real Time (sec)             :        7.243 [0,3]        7.296 [0,0]        7.275
User Time (sec)             :        5.939 [0,3]        7.200 [0,0]        6.382
Sys  Time (sec)             :        0.018 [0,1]        0.018 [0,3]        0.018
Vector Time (sec)           :        0.196 [0,3]        1.007 [0,7]        0.426
Inst. Count                 :   6467819852 [0,3]   6679160620 [0,0]   6514213435
V. Inst. Count              :     33527384 [0,3]     41060812 [0,7]     35343001
V. Element Count            :   8453421785 [0,0]   8565842873 [0,7]   8502260060
V. Load Element Count       :   2635633791 [0,0]   2658538396 [0,1]   2652740995
FLOP Count                  :   6179683575 [0,0]   6232577858 [0,7]   6186296018
MOPS                        :     2096.993 [0,0]     2514.327 [0,3]     2358.779
MFLOPS                      :      858.325 [0,0]     1040.466 [0,3]      974.187
A. V. Length                :      208.614 [0,7]      253.499 [0,3]      241.381
V. Op. Ratio (%)            :       55.991 [0,0]       56.914 [0,3]       56.754
Total Memory Size    (MB)   :     1472.000 [0,0]     1472.000 [0,0]     1472.000
  Memory Size        (MB)   :     1280.000 [0,0]     1280.000 [0,0]     1280.000
  Global Memory Size (MB)   :      192.000 [0,0]      192.000 [0,0]      192.000
MIPS                        :      914.997 [0,7]     1088.979 [0,3]     1025.313
I-Cache (sec)               :        0.001 [0,7]        0.001 [0,0]        0.001
O-Cache (sec)               :        0.662 [0,1]        1.361 [0,0]        0.749
Bank Conflict Time
  CPU Port Conf. (sec)      :        0.001 [0,0]        0.001 [0,5]        0.001
  Memory Network Conf. (sec):        0.038 [0,3]        0.099 [0,7]        0.055
ADB Hit Element Ratio (%)   :       26.101 [0,1]       26.342 [0,7]       26.173


Overall Data:
=============

Real   Time (sec)           :        7.296
User   Time (sec)           :       51.055
System Time (sec)           :        0.144
Vector Time (sec)           :        3.406
Total GOPS                  :       18.870
Total GFLOPS                :        7.793
Total Memory Size    (GB)   :       11.500
  Memory Size        (GB)   :       10.000
  Global Memory Size (GB)   :        1.500


Data of Process [0,0]:
----------------------

  Real Time (sec)             :             7.295538
  User Time (sec)             :             7.199702
  Sys  Time (sec)             :             0.017991
  Vector Time (sec)           :             0.389965
  Inst. Count                 :           6679160620
  V. Inst. Count              :             34857481
  V. Element Count            :           8453421785
  V. Load Element Count       :           2635633791
  FLOP Count                  :           6179683575
  MOPS                        :          2096.993032
  MFLOPS                      :           858.324911
  A. V. Length                :           242.513846
  V. Op. Ratio (%)            :            55.991362
  Total Memory Size    (MB)   :          1472.000000
    Memory Size        (MB)   :          1280.000000
    Global Memory Size (MB)   :           192.000000
  MIPS                        :           927.699594
  I-Cache (sec)               :             0.000853
  O-Cache (sec)               :             1.360728
  Bank Conflict Time
    CPU Port Conf. (sec)      :             0.001030
    Memory Network Conf. (sec):             0.050348
  ADB Hit Element Ratio (%)   :            26.340446

Data of Process [0,1]:
----------------------

  Real Time (sec)             :             7.266275
  User Time (sec)             :             6.181383
  Sys  Time (sec)             :             0.017839
  Vector Time (sec)           :             0.382922
  Inst. Count                 :           6487629771
  V. Inst. Count              :             34851655
  V. Element Count            :           8500807973
  V. Load Element Count       :           2658538396
  FLOP Count                  :           6179684337
  MOPS                        :          2419.132755
  MFLOPS                      :           999.725197
  A. V. Length                :           243.914040
  V. Op. Ratio (%)            :            56.847956
  Total Memory Size    (MB)   :          1472.000000
    Memory Size        (MB)   :          1280.000000
    Global Memory Size (MB)   :           192.000000
  MIPS                        :          1049.543407
  I-Cache (sec)               :             0.000731
  O-Cache (sec)               :             0.661926
  Bank Conflict Time
    CPU Port Conf. (sec)      :             0.001055
    Memory Network Conf. (sec):             0.051911
  ADB Hit Element Ratio (%)   :            26.101291

Data of Process [0,2]:
----------------------

  Real Time (sec)             :             7.292501
  User Time (sec)             :             5.978894
  Sys  Time (sec)             :             0.018049
  Vector Time (sec)           :             0.227433
  Inst. Count                 :           6470577846
  V. Inst. Count              :             33740604
  V. Element Count            :           8499158400
  V. Load Element Count       :           2657223393
  FLOP Count                  :           6179684476
  MOPS                        :          2498.120161
  MFLOPS                      :          1033.583214
  A. V. Length                :           251.897044
  V. Op. Ratio (%)            :            56.903862
  Total Memory Size    (MB)   :          1472.000000
    Memory Size        (MB)   :          1280.000000
    Global Memory Size (MB)   :           192.000000
  MIPS                        :          1082.236589
  I-Cache (sec)               :             0.000724
  O-Cache (sec)               :             0.662000
  Bank Conflict Time
    CPU Port Conf. (sec)      :             0.001055
    Memory Network Conf. (sec):             0.040271
  ADB Hit Element Ratio (%)   :            26.123591

Data of Process [0,3]:
----------------------

  Real Time (sec)             :             7.243325
  User Time (sec)             :             5.939342
  Sys  Time (sec)             :             0.018141
  Vector Time (sec)           :             0.196285
  Inst. Count                 :           6467819852
  V. Inst. Count              :             33527384
  V. Element Count            :           8499156103
  V. Load Element Count       :           2657106310
  FLOP Count                  :           6179684476
  MOPS                        :          2514.327104
  MFLOPS                      :          1040.466179
  A. V. Length                :           253.498934
  V. Op. Ratio (%)            :            56.913553
  Total Memory Size    (MB)   :          1472.000000
    Memory Size        (MB)   :          1280.000000
    Global Memory Size (MB)   :           192.000000
  MIPS                        :          1088.979192
  I-Cache (sec)               :             0.000732
  O-Cache (sec)               :             0.661992
  Bank Conflict Time
    CPU Port Conf. (sec)      :             0.001157
    Memory Network Conf. (sec):             0.038224
  ADB Hit Element Ratio (%)   :            26.125137

Data of Process [0,4]:
----------------------

  Real Time (sec)             :             7.269384
  User Time (sec)             :             6.188566
  Sys  Time (sec)             :             0.018107
  Vector Time (sec)           :             0.395470
  Inst. Count                 :           6483349581
  V. Inst. Count              :             34840489
  V. Element Count            :           8499923163
  V. Load Element Count       :           2657989355
  FLOP Count                  :           6179684474
  MOPS                        :          2415.492095
  MFLOPS                      :           998.564849
  A. V. Length                :           243.966816
  V. Op. Ratio (%)            :            56.861636
  Total Memory Size    (MB)   :          1472.000000
    Memory Size        (MB)   :          1280.000000
    Global Memory Size (MB)   :           192.000000
  MIPS                        :          1047.633584
  I-Cache (sec)               :             0.000722
  O-Cache (sec)               :             0.661983
  Bank Conflict Time
    CPU Port Conf. (sec)      :             0.001157
    Memory Network Conf. (sec):             0.054285
  ADB Hit Element Ratio (%)   :            26.117999

Data of Process [0,5]:
----------------------

  Real Time (sec)             :             7.294094
  User Time (sec)             :             6.201517
  Sys  Time (sec)             :             0.018097
  Vector Time (sec)           :             0.398739
  Inst. Count                 :           6488912222
  V. Inst. Count              :             34960016
  V. Element Count            :           8500557231
  V. Load Element Count       :           2658506008
  FLOP Count                  :           6179684472
  MOPS                        :          2411.427629
  MFLOPS                      :           996.479486
  A. V. Length                :           243.150839
  V. Op. Ratio (%)            :            56.842769
  Total Memory Size    (MB)   :          1472.000000
    Memory Size        (MB)   :          1280.000000
    Global Memory Size (MB)   :           192.000000
  MIPS                        :          1046.342729
  I-Cache (sec)               :             0.000727
  O-Cache (sec)               :             0.661971
  Bank Conflict Time
    CPU Port Conf. (sec)      :             0.001157
    Memory Network Conf. (sec):             0.053222
  ADB Hit Element Ratio (%)   :            26.111691

Data of Process [0,6]:
----------------------

  Real Time (sec)             :             7.291158
  User Time (sec)             :             6.205744
  Sys  Time (sec)             :             0.018121
  Vector Time (sec)           :             0.408010
  Inst. Count                 :           6485470096
  V. Inst. Count              :             34905569
  V. Element Count            :           8499212949
  V. Load Element Count       :           2657867665
  FLOP Count                  :           6179684478
  MOPS                        :          2409.022589
  MFLOPS                      :           995.800742
  A. V. Length                :           243.491603
  V. Op. Ratio (%)            :            56.851769
  Total Memory Size    (MB)   :          1472.000000
    Memory Size        (MB)   :          1280.000000
    Global Memory Size (MB)   :           192.000000
  MIPS                        :          1045.075352
  I-Cache (sec)               :             0.000723
  O-Cache (sec)               :             0.662028
  Bank Conflict Time
    CPU Port Conf. (sec)      :             0.001055
    Memory Network Conf. (sec):             0.055231
  ADB Hit Element Ratio (%)   :            26.119676

Data of Process [0,7]:
----------------------

  Real Time (sec)             :             7.246589
  User Time (sec)             :             7.159353
  Sys  Time (sec)             :             0.017926
  Vector Time (sec)           :             1.006792
  Inst. Count                 :           6550787494
  V. Inst. Count              :             41060812
  V. Element Count            :           8565842873
  V. Load Element Count       :           2639063039
  FLOP Count                  :           6232577858
  MOPS                        :          2105.716753
  MFLOPS                      :           870.550434
  A. V. Length                :           208.613577
  V. Op. Ratio (%)            :            56.819365
  Total Memory Size    (MB)   :          1472.000000
    Memory Size        (MB)   :          1280.000000
    Global Memory Size (MB)   :           192.000000
  MIPS                        :           914.997136
  I-Cache (sec)               :             0.000704
  O-Cache (sec)               :             0.661983
  Bank Conflict Time
    CPU Port Conf. (sec)      :             0.001063
    Memory Network Conf. (sec):             0.098924
  ADB Hit Element Ratio (%)   :            26.341877

Start Time (date)    :  Thu Dec 17 17:33:35 JST 2015
End   Time (date)    :  Thu Dec 17 17:33:42 JST 2015
