
MPI Program Information:
========================
Note: It is measured from MPI_Init till MPI_Finalize.
      [U,R] specifies the Universe and the Process Rank in the Universe.

Global Data of 4 processes  :          Min [U,R]          Max [U,R]      Average
==========================

Real Time (sec)             :       40.230 [0,0]       40.239 [0,3]       40.233
User Time (sec)             :       38.171 [0,2]       40.158 [0,3]       38.917
Sys  Time (sec)             :        0.044 [0,3]        0.045 [0,0]        0.045
Vector Time (sec)           :        0.568 [0,2]        3.795 [0,0]        1.770
Inst. Count                 :  26036982781 [0,0]  28664351749 [0,3]  27878217595
V. Inst. Count              :     75274565 [0,2]    133296403 [0,0]     93631327
V. Element Count            :  19176409018 [0,2]  20056846909 [0,0]  19423506979
V. Load Element Count       :   8672549887 [0,3]   8961012540 [0,0]   8747784799
FLOP Count                  :  12982856753 [0,0]  13386049101 [0,3]  13258804322
MOPS                        :     1191.753 [0,3]     1243.582 [0,2]     1213.324
MFLOPS                      :      333.333 [0,3]      349.304 [0,2]      340.794
A. V. Length                :      150.468 [0,0]      254.753 [0,2]      217.286
V. Op. Ratio (%)            :       40.285 [0,3]       43.639 [0,0]       41.166
Total Memory Size    (MB)   :     4480.000 [0,0]     4480.000 [0,0]     4480.000
  Memory Size        (MB)   :     4288.000 [0,0]     4288.000 [0,0]     4288.000
  Global Memory Size (MB)   :      192.000 [0,0]      192.000 [0,0]      192.000
MIPS                        :      682.038 [0,0]      743.167 [0,2]      716.325
I-Cache (sec)               :        0.001 [0,3]        0.001 [0,0]        0.001
O-Cache (sec)               :        2.482 [0,0]        3.253 [0,3]        2.696
Bank Conflict Time
  CPU Port Conf. (sec)      :        0.026 [0,0]        0.049 [0,3]        0.043
  Memory Network Conf. (sec):        0.206 [0,2]        0.351 [0,0]        0.273
ADB Hit Element Ratio (%)   :       22.302 [0,0]       23.193 [0,3]       22.956


Overall Data:
=============

Real   Time (sec)           :       40.239
User   Time (sec)           :      155.667
System Time (sec)           :        0.178
Vector Time (sec)           :        7.079
Total GOPS                  :        4.853
Total GFLOPS                :        1.363
Total Memory Size    (GB)   :       17.500
  Memory Size        (GB)   :       16.750
  Global Memory Size (GB)   :        0.750


Data of Process [0,0]:
----------------------

  Real Time (sec)             :            40.229663
  User Time (sec)             :            38.175251
  Sys  Time (sec)             :             0.044752
  Vector Time (sec)           :             3.795001
  Inst. Count                 :          26036982781
  V. Inst. Count              :            133296403
  V. Element Count            :          20056846909
  V. Load Element Count       :           8961012540
  FLOP Count                  :          12982856753
  MOPS                        :          1203.935327
  MFLOPS                      :           340.085695
  A. V. Length                :           150.468028
  V. Op. Ratio (%)            :            43.639282
  Total Memory Size    (MB)   :          4480.000000
    Memory Size        (MB)   :          4288.000000
    Global Memory Size (MB)   :           192.000000
  MIPS                        :           682.038287
  I-Cache (sec)               :             0.000990
  O-Cache (sec)               :             2.482045
  Bank Conflict Time
    CPU Port Conf. (sec)      :             0.025914
    Memory Network Conf. (sec):             0.350789
  ADB Hit Element Ratio (%)   :            22.302460

Data of Process [0,1]:
----------------------

  Real Time (sec)             :            40.231606
  User Time (sec)             :            39.163055
  Sys  Time (sec)             :             0.044692
  Vector Time (sec)           :             1.341769
  Inst. Count                 :          28444361582
  V. Inst. Count              :             80393874
  V. Element Count            :          19180997388
  V. Load Element Count       :           8681270946
  FLOP Count                  :          13333155707
  MOPS                        :          1214.025951
  MFLOPS                      :           340.452391
  A. V. Length                :           238.587798
  V. Op. Ratio (%)            :            40.342857
  Total Memory Size    (MB)   :          4480.000000
    Memory Size        (MB)   :          4288.000000
    Global Memory Size (MB)   :           192.000000
  MIPS                        :           726.305994
  I-Cache (sec)               :             0.000878
  O-Cache (sec)               :             2.523480
  Bank Conflict Time
    CPU Port Conf. (sec)      :             0.049358
    Memory Network Conf. (sec):             0.269223
  ADB Hit Element Ratio (%)   :            23.158162

Data of Process [0,2]:
----------------------

  Real Time (sec)             :            40.233126
  User Time (sec)             :            38.170639
  Sys  Time (sec)             :             0.044749
  Vector Time (sec)           :             0.567751
  Inst. Count                 :          28367174266
  V. Inst. Count              :             75274565
  V. Element Count            :          19176409018
  V. Load Element Count       :           8676305824
  FLOP Count                  :          13333155726
  MOPS                        :          1243.581715
  MFLOPS                      :           349.303970
  A. V. Length                :           254.752837
  V. Op. Ratio (%)            :            40.398341
  Total Memory Size    (MB)   :          4480.000000
    Memory Size        (MB)   :          4288.000000
    Global Memory Size (MB)   :           192.000000
  MIPS                        :           743.167393
  I-Cache (sec)               :             0.000883
  O-Cache (sec)               :             2.524238
  Bank Conflict Time
    CPU Port Conf. (sec)      :             0.049350
    Memory Network Conf. (sec):             0.206055
  ADB Hit Element Ratio (%)   :            23.171766

Data of Process [0,3]:
----------------------

  Real Time (sec)             :            40.239471
  User Time (sec)             :            40.158130
  Sys  Time (sec)             :             0.044291
  Vector Time (sec)           :             1.374134
  Inst. Count                 :          28664351749
  V. Inst. Count              :             85560467
  V. Element Count            :          19279774600
  V. Load Element Count       :           8672549887
  FLOP Count                  :          13386049101
  MOPS                        :          1191.752850
  MFLOPS                      :           333.333477
  A. V. Length                :           225.335079
  V. Op. Ratio (%)            :            40.284898
  Total Memory Size    (MB)   :          4480.000000
    Memory Size        (MB)   :          4288.000000
    Global Memory Size (MB)   :           192.000000
  MIPS                        :           713.787015
  I-Cache (sec)               :             0.000866
  O-Cache (sec)               :             3.253254
  Bank Conflict Time
    CPU Port Conf. (sec)      :             0.049369
    Memory Network Conf. (sec):             0.265726
  ADB Hit Element Ratio (%)   :            23.192876

Start Time (date)    :  Thu Dec 17 17:21:05 JST 2015
End   Time (date)    :  Thu Dec 17 17:21:45 JST 2015
