
MPI Program Information:
========================
Note: It is measured from MPI_Init till MPI_Finalize.
      [U,R] specifies the Universe and the Process Rank in the Universe.

Global Data of 2 processes  :          Min [U,R]          Max [U,R]      Average
==========================

Real Time (sec)             :       38.295 [0,1]       38.299 [0,0]       38.297
User Time (sec)             :       38.225 [0,0]       38.226 [0,1]       38.225
Sys  Time (sec)             :        0.044 [0,1]        0.044 [0,0]        0.044
Vector Time (sec)           :        0.545 [0,1]        2.099 [0,0]        1.322
Inst. Count                 :  27241920181 [0,0]  28362165611 [0,1]  27802042896
V. Inst. Count              :     75267807 [0,1]    103339550 [0,0]     89303679
V. Element Count            :  19232292568 [0,1]  19349584915 [0,0]  19290938742
V. Load Element Count       :   8650210707 [0,1]   8725229976 [0,0]   8687720342
FLOP Count                  :  13164492729 [0,0]  13386048602 [0,1]  13275270666
MOPS                        :     1216.176 [0,0]     1243.108 [0,1]     1229.642
MFLOPS                      :      344.396 [0,0]      350.181 [0,1]      347.288
A. V. Length                :      187.243 [0,0]      255.518 [0,1]      221.380
V. Op. Ratio (%)            :       40.473 [0,1]       41.623 [0,0]       41.048
Total Memory Size    (MB)   :     4480.000 [0,0]     4480.000 [0,0]     4480.000
  Memory Size        (MB)   :     4288.000 [0,0]     4288.000 [0,0]     4288.000
  Global Memory Size (MB)   :      192.000 [0,0]      192.000 [0,0]      192.000
MIPS                        :      712.675 [0,0]      741.958 [0,1]      727.317
I-Cache (sec)               :        0.001 [0,1]        0.001 [0,0]        0.001
O-Cache (sec)               :        2.596 [0,0]        2.625 [0,1]        2.611
Bank Conflict Time
  CPU Port Conf. (sec)      :        0.000 [0,0]        0.049 [0,1]        0.025
  Memory Network Conf. (sec):        0.204 [0,1]        0.249 [0,0]        0.226
ADB Hit Element Ratio (%)   :       22.760 [0,0]       23.139 [0,1]       22.949


Overall Data:
=============

Real   Time (sec)           :       38.299
User   Time (sec)           :       76.451
System Time (sec)           :        0.088
Vector Time (sec)           :        2.644
Total GOPS                  :        2.459
Total GFLOPS                :        0.695
Total Memory Size    (GB)   :        8.750
  Memory Size        (GB)   :        8.375
  Global Memory Size (GB)   :        0.375


Data of Process [0,0]:
----------------------

  Real Time (sec)             :            38.299132
  User Time (sec)             :            38.224868
  Sys  Time (sec)             :             0.044257
  Vector Time (sec)           :             2.099419
  Inst. Count                 :          27241920181
  V. Inst. Count              :            103339550
  V. Element Count            :          19349584915
  V. Load Element Count       :           8725229976
  FLOP Count                  :          13164492729
  MOPS                        :          1216.175960
  MFLOPS                      :           344.396028
  A. V. Length                :           187.242783
  V. Op. Ratio (%)            :            41.622604
  Total Memory Size    (MB)   :          4480.000000
    Memory Size        (MB)   :          4288.000000
    Global Memory Size (MB)   :           192.000000
  MIPS                        :           712.675324
  I-Cache (sec)               :             0.000964
  O-Cache (sec)               :             2.596282
  Bank Conflict Time
    CPU Port Conf. (sec)      :             0.000009
    Memory Network Conf. (sec):             0.249007
  ADB Hit Element Ratio (%)   :            22.759725

Data of Process [0,1]:
----------------------

  Real Time (sec)             :            38.295461
  User Time (sec)             :            38.226105
  Sys  Time (sec)             :             0.043813
  Vector Time (sec)           :             0.544650
  Inst. Count                 :          28362165611
  V. Inst. Count              :             75267807
  V. Element Count            :          19232292568
  V. Load Element Count       :           8650210707
  FLOP Count                  :          13386048602
  MOPS                        :          1243.108352
  MFLOPS                      :           350.180815
  A. V. Length                :           255.518174
  V. Op. Ratio (%)            :            40.472686
  Total Memory Size    (MB)   :          4480.000000
    Memory Size        (MB)   :          4288.000000
    Global Memory Size (MB)   :           192.000000
  MIPS                        :           741.958031
  I-Cache (sec)               :             0.000777
  O-Cache (sec)               :             2.625262
  Bank Conflict Time
    CPU Port Conf. (sec)      :             0.049449
    Memory Network Conf. (sec):             0.203595
  ADB Hit Element Ratio (%)   :            23.138539

Start Time (date)    :  Sat Dec 19 04:28:05 JST 2015
End   Time (date)    :  Sat Dec 19 04:28:44 JST 2015
