2 processes:
    1    0.15251E+01
    2    0.13741E+01
    3    0.10174E+01
    4    0.90431E+00
    5    0.88535E+00
    6    0.75864E+00
    7    0.60144E+00
    8    0.53324E+00
    9    0.50338E+00
   10    0.43588E+00
   11    0.35733E+00
   12    0.31572E+00
   13    0.29324E+00
   14    0.25711E+00
   15    0.21644E+00
   16    0.19177E+00
   17    0.17692E+00
   18    0.15743E+00
   19    0.13619E+00
   20    0.12197E+00
   21    0.11270E+00
   22    0.10215E+00
   23    0.91091E-01
   24    0.83093E-01
   25    0.77489E-01
   26    0.71738E-01
   27    0.65949E-01
   28    0.61470E-01
   29    0.58095E-01
   30    0.54850E-01
   31    0.51696E-01
   32    0.49092E-01
   33    0.46979E-01
   34    0.45006E-01
   35    0.43127E-01
   36    0.41484E-01
   37    0.40061E-01
   38    0.38736E-01
   39    0.37481E-01
   40    0.36337E-01
   41    0.35298E-01
   42    0.34323E-01
   43    0.33396E-01
   44    0.32529E-01
   45    0.31719E-01
   46    0.30950E-01
   47    0.30216E-01
   48    0.29519E-01
   49    0.28856E-01
   50    0.28223E-01
   51    0.27615E-01
   52    0.27033E-01
   53    0.26474E-01
   54    0.25937E-01
   55    0.25420E-01
   56    0.24922E-01
   57    0.24441E-01
   58    0.23978E-01
   59    0.23529E-01
   60    0.23096E-01
   61    0.22677E-01
   62    0.22271E-01
   63    0.21877E-01
   64    0.21496E-01
   65    0.21125E-01
   66    0.20766E-01
   67    0.20417E-01
   68    0.20078E-01
   69    0.19749E-01
   70    0.19429E-01
   71    0.19117E-01
   72    0.18813E-01
   73    0.18518E-01
   74    0.18230E-01
   75    0.17950E-01
   76    0.17676E-01
   77    0.17410E-01
   78    0.17150E-01
   79    0.16896E-01
   80    0.16648E-01
   81    0.16406E-01
   82    0.16169E-01
   83    0.15937E-01
   84    0.15711E-01
   85    0.15489E-01
   86    0.15272E-01
   87    0.15060E-01
   88    0.14852E-01
   89    0.14648E-01
   90    0.14449E-01
   91    0.14253E-01
   92    0.14062E-01
   93    0.13874E-01
   94    0.13690E-01
   95    0.13509E-01
   96    0.13332E-01
   97    0.13158E-01
   98    0.12988E-01
   99    0.12820E-01
  100    0.12656E-01
  101    0.12495E-01
  102    0.12337E-01
  103    0.12181E-01
  104    0.12029E-01
  105    0.11879E-01
  106    0.11732E-01
  107    0.11587E-01
  108    0.11445E-01
  109    0.11306E-01
  110    0.11169E-01
  111    0.11034E-01
  112    0.10902E-01
  113    0.10772E-01
  114    0.10644E-01
  115    0.10518E-01
  116    0.10395E-01
  117    0.10273E-01
  118    0.10154E-01
  119    0.10036E-01
  120    0.99205E-02
  121    0.98069E-02
  122    0.96951E-02
  123    0.95851E-02
  124    0.94770E-02
  125    0.93706E-02
  126    0.92659E-02
  127    0.91628E-02
  128    0.90614E-02
  129    0.89617E-02
  130    0.88634E-02
  131    0.87668E-02
  132    0.86716E-02
  133    0.85780E-02
  134    0.84857E-02
  135    0.83949E-02
  136    0.83055E-02
  137    0.82175E-02
  138    0.81308E-02
  139    0.80454E-02
  140    0.79613E-02
  141    0.78785E-02
  142    0.77969E-02
  143    0.77165E-02
  144    0.76373E-02
  145    0.75592E-02
  146    0.74823E-02
  147    0.74065E-02
  148    0.73319E-02
  149    0.72583E-02
  150    0.71857E-02
  151    0.71142E-02
  152    0.70437E-02
  153    0.69742E-02
  154    0.69057E-02
  155    0.68381E-02
  156    0.67715E-02
  157    0.67058E-02
  158    0.66410E-02
  159    0.65771E-02
  160    0.65141E-02
  161    0.64520E-02
  162    0.63906E-02
  163    0.63301E-02
  164    0.62705E-02
  165    0.62116E-02
  166    0.61535E-02
  167    0.60961E-02
  168    0.60396E-02
  169    0.59837E-02
  170    0.59286E-02
  171    0.58742E-02
  172    0.58205E-02
  173    0.57675E-02
  174    0.57152E-02
  175    0.56635E-02
  176    0.56125E-02
  177    0.55621E-02
  178    0.55124E-02
  179    0.54633E-02
  180    0.54148E-02
  181    0.53668E-02
  182    0.53195E-02
  183    0.52728E-02
  184    0.52266E-02
  185    0.51810E-02
  186    0.51359E-02
  187    0.50914E-02
  188    0.50474E-02
  189    0.50040E-02
  190    0.49610E-02
  191    0.49186E-02
  192    0.48766E-02
  193    0.48352E-02
  194    0.47942E-02
  195    0.47537E-02
  196    0.47136E-02
  197    0.46741E-02
  198    0.46349E-02
  199    0.45963E-02
  200    0.45580E-02
  201    0.45202E-02
  202    0.44828E-02
  203    0.44458E-02
  204    0.44093E-02
  205    0.43731E-02
  206    0.43373E-02
  207    0.43020E-02
  208    0.42670E-02
  209    0.42324E-02
  210    0.41981E-02
  211    0.41643E-02
  212    0.41307E-02
  213    0.40976E-02
  214    0.40648E-02
  215    0.40324E-02
  216    0.40002E-02
  217    0.39685E-02
  218    0.39370E-02
  219    0.39059E-02
  220    0.38751E-02
  221    0.38446E-02
  222    0.38145E-02
  223    0.37846E-02
  224    0.37551E-02
  225    0.37258E-02
  226    0.36968E-02
  227    0.36682E-02
  228    0.36398E-02
  229    0.36117E-02
  230    0.35838E-02
  231    0.35563E-02
  232    0.35290E-02
  233    0.35020E-02
  234    0.34752E-02
  235    0.34487E-02
  236    0.34225E-02
  237    0.33965E-02
  238    0.33708E-02
  239    0.33453E-02
  240    0.33200E-02
  241    0.32950E-02
  242    0.32702E-02
  243    0.32457E-02
  244    0.32214E-02
  245    0.31973E-02
  246    0.31734E-02
  247    0.31498E-02
  248    0.31264E-02
  249    0.31031E-02
  250    0.30801E-02
  251    0.30574E-02
  252    0.30348E-02
  253    0.30124E-02
  254    0.29902E-02
  255    0.29682E-02
  256    0.29464E-02
  257    0.29248E-02
  258    0.29034E-02
  259    0.28822E-02
  260    0.28612E-02
  261    0.28403E-02
  262    0.28197E-02
  263    0.27992E-02
  264    0.27789E-02
  265    0.27588E-02
  266    0.27388E-02
  267    0.27190E-02
  268    0.26994E-02
  269    0.26799E-02
  270    0.26607E-02
  271    0.26415E-02
  272    0.26226E-02
  273    0.26038E-02
  274    0.25851E-02
  275    0.25666E-02
  276    0.25483E-02
  277    0.25301E-02
  278    0.25121E-02
  279    0.24942E-02
  280    0.24764E-02
  281    0.24589E-02
  282    0.24414E-02
  283    0.24241E-02
  284    0.24069E-02
  285    0.23899E-02
  286    0.23730E-02
  287    0.23562E-02
  288    0.23396E-02
  289    0.23231E-02
  290    0.23068E-02
  291    0.22905E-02
  292    0.22744E-02
  293    0.22585E-02
  294    0.22426E-02
  295    0.22269E-02
  296    0.22113E-02
  297    0.21958E-02
  298    0.21804E-02
  299    0.21652E-02
  300    0.21501E-02
  301    0.21351E-02
  302    0.21202E-02
  303    0.21054E-02
  304    0.20908E-02
  305    0.20762E-02
  306    0.20618E-02
  307    0.20474E-02
  308    0.20332E-02
  309    0.20191E-02
  310    0.20051E-02
  311    0.19912E-02
  312    0.19774E-02
  313    0.19637E-02
  314    0.19501E-02
  315    0.19366E-02
  316    0.19233E-02
  317    0.19100E-02
  318    0.18968E-02
  319    0.18837E-02
  320    0.18707E-02
  321    0.18578E-02
  322    0.18450E-02
  323    0.18323E-02
  324    0.18197E-02
  325    0.18072E-02
  326    0.17947E-02
  327    0.17824E-02
  328    0.17701E-02
  329    0.17580E-02
  330    0.17459E-02
  331    0.17339E-02
  332    0.17220E-02
  333    0.17102E-02
  334    0.16985E-02
  335    0.16869E-02
  336    0.16753E-02
  337    0.16638E-02
  338    0.16524E-02
  339    0.16411E-02
  340    0.16299E-02
  341    0.16187E-02
  342    0.16077E-02
  343    0.15967E-02
  344    0.15858E-02
  345    0.15749E-02
  346    0.15642E-02
  347    0.15535E-02
  348    0.15429E-02
  349    0.15324E-02
  350    0.15219E-02
  351    0.15115E-02
  352    0.15012E-02
  353    0.14910E-02
  354    0.14808E-02
  355    0.14707E-02
  356    0.14607E-02
  357    0.14507E-02
  358    0.14409E-02
  359    0.14311E-02
  360    0.14213E-02
  361    0.14116E-02
  362    0.14020E-02
  363    0.13925E-02
  364    0.13830E-02
  365    0.13736E-02
  366    0.13642E-02
  367    0.13550E-02
  368    0.13458E-02
  369    0.13366E-02
  370    0.13275E-02
  371    0.13185E-02
  372    0.13095E-02
  373    0.13006E-02
  374    0.12918E-02
  375    0.12830E-02
  376    0.12743E-02
  377    0.12656E-02
  378    0.12570E-02
  379    0.12485E-02
  380    0.12400E-02
  381    0.12316E-02
  382    0.12232E-02
  383    0.12149E-02
  384    0.12067E-02
  385    0.11985E-02
  386    0.11903E-02
  387    0.11822E-02
  388    0.11742E-02
  389    0.11662E-02
  390    0.11583E-02
  391    0.11505E-02
  392    0.11427E-02
  393    0.11349E-02
  394    0.11272E-02
  395    0.11195E-02
  396    0.11119E-02
  397    0.11044E-02
  398    0.10969E-02
  399    0.10895E-02
  400    0.10821E-02
  401    0.10747E-02
  402    0.10674E-02
  403    0.10602E-02
  404    0.10530E-02
  405    0.10458E-02
  406    0.10387E-02
  407    0.10317E-02
  408    0.10247E-02
  409    0.10177E-02
  410    0.10108E-02
  411    0.10040E-02
  412    0.99716E-03
  413    0.99039E-03
  414    0.98367E-03
  415    0.97699E-03
  416    0.97036E-03
  417    0.96377E-03
  418    0.95723E-03
  419    0.95074E-03
  420    0.94428E-03
  421    0.93787E-03
  422    0.93151E-03
  423    0.92518E-03
  424    0.91890E-03
  425    0.91266E-03
  426    0.90647E-03
  427    0.90031E-03
  428    0.89420E-03
  429    0.88813E-03
  430    0.88210E-03
  431    0.87611E-03
  432    0.87016E-03
  433    0.86425E-03
  434    0.85838E-03
  435    0.85255E-03
  436    0.84676E-03
  437    0.84101E-03
  438    0.83530E-03
  439    0.82963E-03
  440    0.82399E-03
  441    0.81839E-03
  442    0.81283E-03
  443    0.80731E-03
  444    0.80183E-03
  445    0.79638E-03
  446    0.79097E-03
  447    0.78559E-03
  448    0.78025E-03
  449    0.77495E-03
  450    0.76968E-03
  451    0.76445E-03
  452    0.75926E-03
  453    0.75410E-03
  454    0.74897E-03
  455    0.74388E-03
  456    0.73882E-03
  457    0.73380E-03
  458    0.72881E-03
  459    0.72385E-03
  460    0.71893E-03
  461    0.71404E-03
  462    0.70918E-03
  463    0.70436E-03
  464    0.69957E-03
  465    0.69481E-03
  466    0.69008E-03
  467    0.68539E-03
  468    0.68073E-03
  469    0.67609E-03
  470    0.67149E-03
  471    0.66692E-03
  472    0.66239E-03
  473    0.65788E-03
  474    0.65340E-03
  475    0.64895E-03
  476    0.64453E-03
  477    0.64015E-03
  478    0.63579E-03
  479    0.63146E-03
  480    0.62716E-03
  481    0.62289E-03
  482    0.61865E-03
  483    0.61443E-03
  484    0.61025E-03
  485    0.60609E-03
  486    0.60196E-03
  487    0.59786E-03
  488    0.59379E-03
  489    0.58975E-03
  490    0.58573E-03
  491    0.58174E-03
  492    0.57777E-03
  493    0.57383E-03
  494    0.56992E-03
  495    0.56604E-03
  496    0.56218E-03
  497    0.55835E-03
  498    0.55454E-03
  499    0.55076E-03
  500    0.54701E-03
  501    0.54328E-03
  502    0.53957E-03
  503    0.53589E-03
  504    0.53224E-03
  505    0.52861E-03
  506    0.52500E-03
  507    0.52142E-03
  508    0.51786E-03
  509    0.51433E-03
  510    0.51082E-03
  511    0.50734E-03
  512    0.50388E-03
  513    0.50044E-03
  514    0.49702E-03
  515    0.49363E-03
  516    0.49026E-03
  517    0.48691E-03
  518    0.48359E-03
  519    0.48029E-03
  520    0.47701E-03
  521    0.47375E-03
  522    0.47052E-03
  523    0.46731E-03
  524    0.46412E-03
  525    0.46095E-03
  526    0.45780E-03
  527    0.45467E-03
  528    0.45157E-03
  529    0.44848E-03
  530    0.44542E-03
  531    0.44237E-03
  532    0.43935E-03
  533    0.43635E-03
  534    0.43337E-03
  535    0.43041E-03
  536    0.42747E-03
  537    0.42455E-03
  538    0.42164E-03
  539    0.41876E-03
  540    0.41590E-03
  541    0.41306E-03
  542    0.41023E-03
  543    0.40743E-03
  544    0.40464E-03
  545    0.40188E-03
  546    0.39913E-03
  547    0.39640E-03
  548    0.39369E-03
  549    0.39100E-03
  550    0.38832E-03
  551    0.38567E-03
  552    0.38303E-03
  553    0.38041E-03
  554    0.37781E-03
  555    0.37522E-03
  556    0.37265E-03
  557    0.37010E-03
  558    0.36757E-03
  559    0.36506E-03
  560    0.36256E-03
  561    0.36008E-03
  562    0.35761E-03
  563    0.35517E-03
  564    0.35274E-03
  565    0.35032E-03
  566    0.34792E-03
  567    0.34554E-03
  568    0.34318E-03
  569    0.34083E-03
  570    0.33849E-03
  571    0.33618E-03
  572    0.33387E-03
  573    0.33159E-03
  574    0.32932E-03
  575    0.32706E-03
  576    0.32482E-03
  577    0.32260E-03
  578    0.32039E-03
  579    0.31819E-03
  580    0.31601E-03
  581    0.31385E-03
  582    0.31170E-03
  583    0.30956E-03
  584    0.30744E-03
  585    0.30534E-03
  586    0.30324E-03
  587    0.30117E-03
  588    0.29910E-03
  589    0.29705E-03
  590    0.29502E-03
  591    0.29299E-03
  592    0.29099E-03
  593    0.28899E-03
  594    0.28701E-03
  595    0.28504E-03
  596    0.28309E-03
  597    0.28115E-03
  598    0.27922E-03
  599    0.27731E-03
  600    0.27541E-03
  601    0.27352E-03
  602    0.27164E-03
  603    0.26978E-03
  604    0.26793E-03
  605    0.26609E-03
  606    0.26427E-03
  607    0.26245E-03
  608    0.26065E-03
  609    0.25887E-03
  610    0.25709E-03
  611    0.25533E-03
  612    0.25358E-03
  613    0.25184E-03
  614    0.25011E-03
  615    0.24839E-03
  616    0.24669E-03
  617    0.24500E-03
  618    0.24332E-03
  619    0.24165E-03
  620    0.23999E-03
  621    0.23834E-03
  622    0.23671E-03
  623    0.23508E-03
  624    0.23347E-03
  625    0.23187E-03
  626    0.23027E-03
  627    0.22869E-03
  628    0.22712E-03
  629    0.22556E-03
  630    0.22402E-03
  631    0.22248E-03
  632    0.22095E-03
  633    0.21943E-03
  634    0.21793E-03
  635    0.21643E-03
  636    0.21495E-03
  637    0.21347E-03
  638    0.21200E-03
  639    0.21055E-03
  640    0.20910E-03
  641    0.20767E-03
  642    0.20624E-03
  643    0.20482E-03
  644    0.20342E-03
  645    0.20202E-03
  646    0.20063E-03
  647    0.19926E-03
  648    0.19789E-03
  649    0.19653E-03
  650    0.19518E-03
  651    0.19384E-03
  652    0.19251E-03
  653    0.19118E-03
  654    0.18987E-03
  655    0.18857E-03
  656    0.18727E-03
  657    0.18598E-03
  658    0.18471E-03
  659    0.18344E-03
  660    0.18218E-03
  661    0.18092E-03
  662    0.17968E-03
  663    0.17845E-03
  664    0.17722E-03
  665    0.17600E-03
  666    0.17479E-03
  667    0.17359E-03
  668    0.17240E-03
  669    0.17121E-03
  670    0.17004E-03
  671    0.16887E-03
  672    0.16771E-03
  673    0.16655E-03
  674    0.16541E-03
  675    0.16427E-03
  676    0.16314E-03
  677    0.16202E-03
  678    0.16091E-03
  679    0.15980E-03
  680    0.15870E-03
  681    0.15761E-03
  682    0.15653E-03
  683    0.15545E-03
  684    0.15438E-03
  685    0.15332E-03
  686    0.15227E-03
  687    0.15122E-03
  688    0.15018E-03
  689    0.14915E-03
  690    0.14812E-03
  691    0.14711E-03
  692    0.14609E-03
  693    0.14509E-03
  694    0.14409E-03
  695    0.14310E-03
  696    0.14212E-03
  697    0.14114E-03
  698    0.14017E-03
  699    0.13920E-03
  700    0.13825E-03
  701    0.13730E-03
  702    0.13635E-03
  703    0.13541E-03
  704    0.13448E-03
  705    0.13356E-03
  706    0.13264E-03
  707    0.13173E-03
  708    0.13082E-03
  709    0.12992E-03
  710    0.12903E-03
  711    0.12814E-03
  712    0.12726E-03
  713    0.12638E-03
  714    0.12551E-03
  715    0.12465E-03
  716    0.12379E-03
  717    0.12294E-03
  718    0.12209E-03
  719    0.12125E-03
  720    0.12042E-03
  721    0.11959E-03
  722    0.11877E-03
  723    0.11795E-03
  724    0.11714E-03
  725    0.11633E-03
  726    0.11553E-03
  727    0.11474E-03
  728    0.11395E-03
  729    0.11316E-03
  730    0.11238E-03
  731    0.11161E-03
  732    0.11084E-03
  733    0.11008E-03
  734    0.10932E-03
  735    0.10857E-03
  736    0.10782E-03
  737    0.10708E-03
  738    0.10634E-03
  739    0.10561E-03
  740    0.10488E-03
  741    0.10416E-03
  742    0.10345E-03
  743    0.10273E-03
  744    0.10203E-03
  745    0.10132E-03
  746    0.10063E-03
  747    0.99934E-04
  748    0.99246E-04
  749    0.98563E-04
  750    0.97884E-04
  751    0.97211E-04
  752    0.96541E-04
  753    0.95877E-04
  754    0.95217E-04
  755    0.94561E-04
  756    0.93910E-04
  757    0.93264E-04
  758    0.92622E-04
  759    0.91984E-04
  760    0.91350E-04
  761    0.90722E-04
  762    0.90097E-04
  763    0.89477E-04
  764    0.88860E-04
  765    0.88249E-04
  766    0.87641E-04
  767    0.87037E-04
  768    0.86438E-04
  769    0.85843E-04
  770    0.85252E-04
  771    0.84665E-04
  772    0.84082E-04
  773    0.83503E-04
  774    0.82928E-04
  775    0.82357E-04
  776    0.81790E-04
  777    0.81226E-04
  778    0.80667E-04
  779    0.80111E-04
  780    0.79560E-04
  781    0.79012E-04
  782    0.78468E-04
  783    0.77927E-04
  784    0.77390E-04
  785    0.76857E-04
  786    0.76328E-04
  787    0.75802E-04
  788    0.75280E-04
  789    0.74762E-04
  790    0.74247E-04
  791    0.73736E-04
  792    0.73228E-04
  793    0.72723E-04
  794    0.72222E-04
  795    0.71725E-04
  796    0.71231E-04
  797    0.70740E-04
  798    0.70253E-04
  799    0.69769E-04
  800    0.69288E-04
  801    0.68811E-04
  802    0.68337E-04
  803    0.67866E-04
  804    0.67399E-04
  805    0.66935E-04
  806    0.66474E-04
  807    0.66016E-04
  808    0.65561E-04
  809    0.65109E-04
  810    0.64661E-04
  811    0.64215E-04
  812    0.63773E-04
  813    0.63333E-04
  814    0.62897E-04
  815    0.62464E-04
  816    0.62034E-04
  817    0.61606E-04
  818    0.61182E-04
  819    0.60760E-04
  820    0.60342E-04
  821    0.59926E-04
  822    0.59513E-04
  823    0.59103E-04
  824    0.58696E-04
  825    0.58291E-04
  826    0.57890E-04
  827    0.57491E-04
  828    0.57095E-04
  829    0.56701E-04
  830    0.56311E-04
  831    0.55923E-04
  832    0.55537E-04
  833    0.55155E-04
  834    0.54775E-04
  835    0.54397E-04
  836    0.54022E-04
  837    0.53650E-04
  838    0.53280E-04
  839    0.52913E-04
  840    0.52549E-04
  841    0.52187E-04
  842    0.51827E-04
  843    0.51470E-04
  844    0.51115E-04
  845    0.50763E-04
  846    0.50413E-04
  847    0.50066E-04
  848    0.49721E-04
  849    0.49378E-04
  850    0.49038E-04
  851    0.48700E-04
  852    0.48364E-04
  853    0.48031E-04
  854    0.47700E-04
  855    0.47371E-04
  856    0.47045E-04
  857    0.46721E-04
  858    0.46399E-04
  859    0.46079E-04
  860    0.45761E-04
  861    0.45446E-04
  862    0.45133E-04
  863    0.44822E-04
  864    0.44513E-04
  865    0.44206E-04
  866    0.43901E-04
  867    0.43599E-04
  868    0.43298E-04
  869    0.43000E-04
  870    0.42704E-04
  871    0.42409E-04
  872    0.42117E-04
  873    0.41827E-04
  874    0.41538E-04
  875    0.41252E-04
  876    0.40968E-04
  877    0.40685E-04
  878    0.40405E-04
  879    0.40126E-04
  880    0.39850E-04
  881    0.39575E-04
  882    0.39302E-04
  883    0.39032E-04
  884    0.38763E-04
  885    0.38495E-04
  886    0.38230E-04
  887    0.37967E-04
  888    0.37705E-04
  889    0.37445E-04
  890    0.37187E-04
  891    0.36931E-04
  892    0.36676E-04
  893    0.36423E-04
  894    0.36172E-04
  895    0.35923E-04
  896    0.35675E-04
  897    0.35429E-04
  898    0.35185E-04
  899    0.34943E-04
  900    0.34702E-04
  901    0.34462E-04
  902    0.34225E-04
  903    0.33989E-04
  904    0.33755E-04
  905    0.33522E-04
  906    0.33291E-04
  907    0.33061E-04
  908    0.32834E-04
  909    0.32607E-04
  910    0.32382E-04
  911    0.32159E-04
  912    0.31937E-04
  913    0.31717E-04
  914    0.31499E-04
  915    0.31282E-04
  916    0.31066E-04
  917    0.30852E-04
  918    0.30639E-04
  919    0.30428E-04
  920    0.30218E-04
  921    0.30010E-04
  922    0.29803E-04
  923    0.29597E-04
  924    0.29393E-04
  925    0.29191E-04
  926    0.28990E-04
  927    0.28790E-04
  928    0.28591E-04
  929    0.28394E-04
  930    0.28198E-04
  931    0.28004E-04
  932    0.27811E-04
  933    0.27619E-04
  934    0.27429E-04
  935    0.27240E-04
  936    0.27052E-04
  937    0.26865E-04
  938    0.26680E-04
  939    0.26496E-04
  940    0.26314E-04
  941    0.26132E-04
  942    0.25952E-04
  943    0.25773E-04
  944    0.25595E-04
  945    0.25419E-04
  946    0.25244E-04
  947    0.25070E-04
  948    0.24897E-04
  949    0.24725E-04
  950    0.24555E-04
  951    0.24385E-04
  952    0.24217E-04
  953    0.24050E-04
  954    0.23884E-04
  955    0.23720E-04
  956    0.23556E-04
  957    0.23394E-04
  958    0.23233E-04
  959    0.23072E-04
  960    0.22913E-04
  961    0.22755E-04
  962    0.22598E-04
  963    0.22443E-04
  964    0.22288E-04
  965    0.22134E-04
  966    0.21982E-04
  967    0.21830E-04
  968    0.21680E-04
  969    0.21530E-04
  970    0.21382E-04
  971    0.21234E-04
  972    0.21088E-04
  973    0.20942E-04
  974    0.20798E-04
  975    0.20655E-04
  976    0.20512E-04
  977    0.20371E-04
  978    0.20230E-04
  979    0.20091E-04
  980    0.19952E-04
  981    0.19815E-04
  982    0.19678E-04
  983    0.19542E-04
  984    0.19408E-04
  985    0.19274E-04
  986    0.19141E-04
  987    0.19009E-04
  988    0.18878E-04
  989    0.18748E-04
  990    0.18618E-04
  991    0.18490E-04
  992    0.18363E-04
  993    0.18236E-04
  994    0.18110E-04
  995    0.17985E-04
  996    0.17861E-04
  997    0.17738E-04
  998    0.17616E-04
  999    0.17494E-04
 1000    0.17374E-04
 1001    0.17254E-04
 1002    0.17135E-04
 1003    0.17017E-04
 1004    0.16900E-04
 1005    0.16783E-04
 1006    0.16667E-04
 1007    0.16552E-04
 1008    0.16438E-04
 1009    0.16325E-04
 1010    0.16212E-04
 1011    0.16101E-04
 1012    0.15989E-04
 1013    0.15879E-04
 1014    0.15770E-04
 1015    0.15661E-04
 1016    0.15553E-04
 1017    0.15446E-04
 1018    0.15339E-04
 1019    0.15233E-04
 1020    0.15128E-04
 1021    0.15024E-04
 1022    0.14921E-04
 1023    0.14818E-04
 1024    0.14715E-04
 1025    0.14614E-04
 1026    0.14513E-04
 1027    0.14413E-04
 1028    0.14314E-04
 1029    0.14215E-04
 1030    0.14117E-04
 1031    0.14020E-04
 1032    0.13923E-04
 1033    0.13827E-04
 1034    0.13732E-04
 1035    0.13637E-04
 1036    0.13543E-04
 1037    0.13450E-04
 1038    0.13357E-04
 1039    0.13265E-04
 1040    0.13173E-04
 1041    0.13082E-04
 1042    0.12992E-04
 1043    0.12903E-04
 1044    0.12814E-04
 1045    0.12725E-04
 1046    0.12637E-04
 1047    0.12550E-04
 1048    0.12464E-04
 1049    0.12378E-04
 1050    0.12292E-04
 1051    0.12208E-04
 1052    0.12124E-04
 1053    0.12040E-04
 1054    0.11957E-04
 1055    0.11874E-04
 1056    0.11793E-04
 1057    0.11711E-04
 1058    0.11630E-04
 1059    0.11550E-04
 1060    0.11471E-04
 1061    0.11392E-04
 1062    0.11313E-04
 1063    0.11235E-04
 1064    0.11157E-04
 1065    0.11081E-04
 1066    0.11004E-04
 1067    0.10928E-04
 1068    0.10853E-04
 1069    0.10778E-04
 1070    0.10704E-04
 1071    0.10630E-04
 1072    0.10557E-04
 1073    0.10484E-04
 1074    0.10411E-04
 1075    0.10340E-04
 1076    0.10268E-04
 1077    0.10198E-04
 1078    0.10127E-04
 1079    0.10057E-04
 1080    0.99881E-05
 1081    0.99192E-05
 1082    0.98508E-05
 1083    0.97828E-05
 1084    0.97154E-05
 1085    0.96484E-05
 1086    0.95818E-05
 1087    0.95158E-05
 1088    0.94501E-05
 1089    0.93850E-05
 1090    0.93203E-05
 1091    0.92560E-05
 1092    0.91921E-05
 1093    0.91288E-05
 1094    0.90658E-05
 1095    0.90033E-05
 1096    0.89412E-05
 1097    0.88795E-05
 1098    0.88183E-05
 1099    0.87575E-05
 1100    0.86971E-05
 1101    0.86371E-05
 1102    0.85775E-05
 1103    0.85184E-05
 1104    0.84597E-05
 1105    0.84013E-05
 1106    0.83434E-05
 1107    0.82858E-05
 1108    0.82287E-05
 1109    0.81719E-05
 1110    0.81156E-05
 1111    0.80596E-05
 1112    0.80040E-05
 1113    0.79488E-05
 1114    0.78940E-05
 1115    0.78396E-05
 1116    0.77855E-05
 1117    0.77318E-05
 1118    0.76785E-05
 1119    0.76255E-05
 1120    0.75730E-05
 1121    0.75207E-05
 1122    0.74689E-05
 1123    0.74174E-05
 1124    0.73662E-05
 1125    0.73154E-05
 1126    0.72650E-05
 1127    0.72149E-05
 1128    0.71651E-05
 1129    0.71157E-05
 1130    0.70666E-05
 1131    0.70179E-05
 1132    0.69695E-05
 1133    0.69214E-05
 1134    0.68737E-05
 1135    0.68263E-05
 1136    0.67792E-05
 1137    0.67324E-05
 1138    0.66860E-05
 1139    0.66399E-05
 1140    0.65941E-05
 1141    0.65486E-05
 1142    0.65035E-05
 1143    0.64586E-05
 1144    0.64141E-05
 1145    0.63698E-05
 1146    0.63259E-05
 1147    0.62823E-05
 1148    0.62390E-05
 1149    0.61959E-05
 1150    0.61532E-05
 1151    0.61108E-05
 1152    0.60686E-05
 1153    0.60268E-05
 1154    0.59852E-05
 1155    0.59439E-05
 1156    0.59029E-05
 1157    0.58622E-05
 1158    0.58218E-05
 1159    0.57817E-05
 1160    0.57418E-05
 1161    0.57022E-05
 1162    0.56629E-05
 1163    0.56238E-05
 1164    0.55850E-05
 1165    0.55465E-05
 1166    0.55082E-05
 1167    0.54703E-05
 1168    0.54325E-05
 1169    0.53951E-05
 1170    0.53579E-05
 1171    0.53209E-05
 1172    0.52842E-05
 1173    0.52478E-05
 1174    0.52116E-05
 1175    0.51756E-05
 1176    0.51399E-05
 1177    0.51045E-05
 1178    0.50693E-05
 1179    0.50343E-05
 1180    0.49996E-05
 1181    0.49651E-05
 1182    0.49309E-05
 1183    0.48969E-05
 1184    0.48631E-05
 1185    0.48296E-05
 1186    0.47963E-05
 1187    0.47632E-05
 1188    0.47303E-05
 1189    0.46977E-05
 1190    0.46653E-05
 1191    0.46331E-05
 1192    0.46012E-05
 1193    0.45694E-05
 1194    0.45379E-05
 1195    0.45066E-05
 1196    0.44756E-05
 1197    0.44447E-05
 1198    0.44140E-05
 1199    0.43836E-05
 1200    0.43534E-05
 1201    0.43233E-05
 1202    0.42935E-05
 1203    0.42639E-05
 1204    0.42345E-05
 1205    0.42053E-05
 1206    0.41763E-05
 1207    0.41475E-05
 1208    0.41189E-05
 1209    0.40905E-05
 1210    0.40623E-05
 1211    0.40343E-05
 1212    0.40064E-05
 1213    0.39788E-05
 1214    0.39514E-05
 1215    0.39241E-05
 1216    0.38970E-05
 1217    0.38702E-05
 1218    0.38435E-05
 1219    0.38170E-05
 1220    0.37906E-05
 1221    0.37645E-05
 1222    0.37385E-05
 1223    0.37128E-05
 1224    0.36871E-05
 1225    0.36617E-05
 1226    0.36365E-05
 1227    0.36114E-05
 1228    0.35865E-05
 1229    0.35617E-05
 1230    0.35372E-05
 1231    0.35128E-05
 1232    0.34886E-05
 1233    0.34645E-05
 1234    0.34406E-05
 1235    0.34169E-05
 1236    0.33933E-05
 1237    0.33699E-05
 1238    0.33467E-05
 1239    0.33236E-05
 1240    0.33007E-05
 1241    0.32779E-05
 1242    0.32553E-05
 1243    0.32328E-05
 1244    0.32105E-05
 1245    0.31884E-05
 1246    0.31664E-05
 1247    0.31446E-05
 1248    0.31229E-05
 1249    0.31013E-05
 1250    0.30800E-05
 1251    0.30587E-05
 1252    0.30376E-05
 1253    0.30167E-05
 1254    0.29959E-05
 1255    0.29752E-05
 1256    0.29547E-05
 1257    0.29343E-05
 1258    0.29141E-05
 1259    0.28940E-05
 1260    0.28740E-05
 1261    0.28542E-05
 1262    0.28345E-05
 1263    0.28150E-05
 1264    0.27955E-05
 1265    0.27763E-05
 1266    0.27571E-05
 1267    0.27381E-05
 1268    0.27192E-05
 1269    0.27005E-05
 1270    0.26818E-05
 1271    0.26633E-05
 1272    0.26450E-05
 1273    0.26267E-05
 1274    0.26086E-05
 1275    0.25906E-05
 1276    0.25728E-05
 1277    0.25550E-05
 1278    0.25374E-05
 1279    0.25199E-05
 1280    0.25025E-05
 1281    0.24852E-05
 1282    0.24681E-05
 1283    0.24511E-05
 1284    0.24342E-05
 1285    0.24174E-05
 1286    0.24007E-05
 1287    0.23842E-05
 1288    0.23677E-05
 1289    0.23514E-05
 1290    0.23352E-05
 1291    0.23191E-05
 1292    0.23031E-05
 1293    0.22872E-05
 1294    0.22714E-05
 1295    0.22557E-05
 1296    0.22402E-05
 1297    0.22247E-05
 1298    0.22094E-05
 1299    0.21942E-05
 1300    0.21790E-05
 1301    0.21640E-05
 1302    0.21491E-05
 1303    0.21343E-05
 1304    0.21195E-05
 1305    0.21049E-05
 1306    0.20904E-05
 1307    0.20760E-05
 1308    0.20617E-05
 1309    0.20474E-05
 1310    0.20333E-05
 1311    0.20193E-05
 1312    0.20054E-05
 1313    0.19915E-05
 1314    0.19778E-05
 1315    0.19642E-05
 1316    0.19506E-05
 1317    0.19372E-05
 1318    0.19238E-05
 1319    0.19105E-05
 1320    0.18974E-05
 1321    0.18843E-05
 1322    0.18713E-05
 1323    0.18584E-05
 1324    0.18456E-05
 1325    0.18328E-05
 1326    0.18202E-05
 1327    0.18076E-05
 1328    0.17952E-05
 1329    0.17828E-05
 1330    0.17705E-05
 1331    0.17583E-05
 1332    0.17461E-05
 1333    0.17341E-05
 1334    0.17221E-05
 1335    0.17103E-05
 1336    0.16985E-05
 1337    0.16868E-05
 1338    0.16751E-05
 1339    0.16636E-05
 1340    0.16521E-05
 1341    0.16407E-05
 1342    0.16294E-05
 1343    0.16182E-05
 1344    0.16070E-05
 1345    0.15959E-05
 1346    0.15849E-05
 1347    0.15740E-05
 1348    0.15631E-05
 1349    0.15523E-05
 1350    0.15416E-05
 1351    0.15310E-05
 1352    0.15204E-05
 1353    0.15099E-05
 1354    0.14995E-05
 1355    0.14892E-05
 1356    0.14789E-05
 1357    0.14687E-05
 1358    0.14586E-05
 1359    0.14485E-05
 1360    0.14385E-05
 1361    0.14286E-05
 1362    0.14188E-05
 1363    0.14090E-05
 1364    0.13993E-05
 1365    0.13896E-05
 1366    0.13800E-05
 1367    0.13705E-05
 1368    0.13611E-05
 1369    0.13517E-05
 1370    0.13423E-05
 1371    0.13331E-05
 1372    0.13239E-05
 1373    0.13148E-05
 1374    0.13057E-05
 1375    0.12967E-05
 1376    0.12877E-05
 1377    0.12789E-05
 1378    0.12700E-05
 1379    0.12613E-05
 1380    0.12526E-05
 1381    0.12439E-05
 1382    0.12354E-05
 1383    0.12268E-05
 1384    0.12184E-05
 1385    0.12100E-05
 1386    0.12016E-05
 1387    0.11934E-05
 1388    0.11851E-05
 1389    0.11769E-05
 1390    0.11688E-05
 1391    0.11608E-05
 1392    0.11528E-05
 1393    0.11448E-05
 1394    0.11369E-05
 1395    0.11291E-05
 1396    0.11213E-05
 1397    0.11136E-05
 1398    0.11059E-05
 1399    0.10982E-05
 1400    0.10907E-05
 1401    0.10832E-05
 1402    0.10757E-05
 1403    0.10683E-05
 1404    0.10609E-05
 1405    0.10536E-05
 1406    0.10463E-05
 1407    0.10391E-05
 1408    0.10319E-05
 1409    0.10248E-05
 1410    0.10177E-05
 1411    0.10107E-05
 1412    0.10038E-05
 1413    0.99683E-06
 1414    0.98995E-06
 1415    0.98313E-06
 1416    0.97635E-06
 1417    0.96961E-06
 1418    0.96292E-06
 1419    0.95628E-06
 1420    0.94969E-06
 1421    0.94314E-06
 1422    0.93663E-06
 1423    0.93017E-06
 1424    0.92376E-06
 1425    0.91739E-06
 1426    0.91106E-06
 1427    0.90478E-06
 1428    0.89854E-06
 1429    0.89234E-06
 1430    0.88618E-06
 1431    0.88007E-06
 1432    0.87400E-06
 1433    0.86797E-06
 1434    0.86199E-06
 1435    0.85604E-06
 1436    0.85014E-06
 1437    0.84427E-06
 1438    0.83845E-06
 1439    0.83267E-06
 1440    0.82693E-06
 1441    0.82122E-06
 1442    0.81556E-06
 1443    0.80993E-06
 1444    0.80435E-06
 1445    0.79880E-06
 1446    0.79329E-06
 1447    0.78782E-06
 1448    0.78239E-06
 1449    0.77699E-06
 1450    0.77163E-06
 1451    0.76631E-06
 1452    0.76102E-06
 1453    0.75578E-06
 1454    0.75056E-06
 1455    0.74539E-06
 1456    0.74024E-06
 1457    0.73514E-06
 1458    0.73007E-06
 1459    0.72503E-06
 1460    0.72003E-06
 1461    0.71507E-06
 1462    0.71014E-06
 1463    0.70524E-06
 1464    0.70037E-06
 1465    0.69554E-06
 1466    0.69075E-06
 1467    0.68598E-06
 1468    0.68125E-06
 1469    0.67655E-06
 1470    0.67189E-06
 1471    0.66725E-06
 1472    0.66265E-06
 1473    0.65808E-06
 1474    0.65354E-06
 1475    0.64903E-06
 1476    0.64456E-06
 1477    0.64011E-06
 1478    0.63570E-06
 1479    0.63131E-06
 1480    0.62696E-06
 1481    0.62263E-06
 1482    0.61834E-06
 1483    0.61407E-06
 1484    0.60984E-06
 1485    0.60563E-06
 1486    0.60146E-06
 1487    0.59731E-06
 1488    0.59319E-06
 1489    0.58910E-06
 1490    0.58503E-06
 1491    0.58100E-06
 1492    0.57699E-06
 1493    0.57301E-06
 1494    0.56906E-06
 1495    0.56514E-06
 1496    0.56124E-06
 1497    0.55737E-06
 1498    0.55352E-06
 1499    0.54971E-06
 1500    0.54591E-06
 1501    0.54215E-06
 1502    0.53841E-06
 1503    0.53470E-06
 1504    0.53101E-06
 1505    0.52735E-06
 1506    0.52371E-06
 1507    0.52010E-06
 1508    0.51651E-06
 1509    0.51295E-06
 1510    0.50941E-06
 1511    0.50590E-06
 1512    0.50241E-06
 1513    0.49894E-06
 1514    0.49550E-06
 1515    0.49208E-06
 1516    0.48869E-06
 1517    0.48532E-06
 1518    0.48197E-06
 1519    0.47865E-06
 1520    0.47535E-06
 1521    0.47207E-06
 1522    0.46881E-06
 1523    0.46558E-06
 1524    0.46237E-06
 1525    0.45918E-06
 1526    0.45601E-06
 1527    0.45287E-06
 1528    0.44974E-06
 1529    0.44664E-06
 1530    0.44356E-06
 1531    0.44050E-06
 1532    0.43746E-06
 1533    0.43445E-06
 1534    0.43145E-06
 1535    0.42847E-06
 1536    0.42552E-06
 1537    0.42258E-06
 1538    0.41967E-06
 1539    0.41677E-06
 1540    0.41390E-06
 1541    0.41105E-06
 1542    0.40821E-06
 1543    0.40540E-06
 1544    0.40260E-06
 1545    0.39982E-06
 1546    0.39706E-06
 1547    0.39433E-06
 1548    0.39161E-06
 1549    0.38891E-06
 1550    0.38622E-06
 1551    0.38356E-06
 1552    0.38091E-06
 1553    0.37829E-06
 1554    0.37568E-06
 1555    0.37309E-06
 1556    0.37051E-06
 1557    0.36796E-06
 1558    0.36542E-06
 1559    0.36290E-06
 1560    0.36040E-06
 1561    0.35791E-06
 1562    0.35544E-06
 1563    0.35299E-06
 1564    0.35056E-06
 1565    0.34814E-06
 1566    0.34574E-06
 1567    0.34335E-06
 1568    0.34099E-06
 1569    0.33863E-06
 1570    0.33630E-06
 1571    0.33398E-06
 1572    0.33168E-06
 1573    0.32939E-06
 1574    0.32712E-06
 1575    0.32486E-06
 1576    0.32262E-06
 1577    0.32039E-06
 1578    0.31818E-06
 1579    0.31599E-06
 1580    0.31381E-06
 1581    0.31165E-06
 1582    0.30950E-06
 1583    0.30736E-06
 1584    0.30524E-06
 1585    0.30314E-06
 1586    0.30105E-06
 1587    0.29897E-06
 1588    0.29691E-06
 1589    0.29486E-06
 1590    0.29283E-06
 1591    0.29081E-06
 1592    0.28880E-06
 1593    0.28681E-06
 1594    0.28483E-06
 1595    0.28287E-06
 1596    0.28092E-06
 1597    0.27898E-06
 1598    0.27705E-06
 1599    0.27514E-06
 1600    0.27325E-06
 1601    0.27136E-06
 1602    0.26949E-06
 1603    0.26763E-06
 1604    0.26578E-06
 1605    0.26395E-06
 1606    0.26213E-06
 1607    0.26032E-06
 1608    0.25853E-06
 1609    0.25674E-06
 1610    0.25497E-06
 1611    0.25322E-06
 1612    0.25147E-06
 1613    0.24973E-06
 1614    0.24801E-06
 1615    0.24630E-06
 1616    0.24460E-06
 1617    0.24292E-06
 1618    0.24124E-06
 1619    0.23958E-06
 1620    0.23792E-06
 1621    0.23628E-06
 1622    0.23465E-06
 1623    0.23304E-06
 1624    0.23143E-06
 1625    0.22983E-06
 1626    0.22825E-06
 1627    0.22667E-06
 1628    0.22511E-06
 1629    0.22356E-06
 1630    0.22201E-06
 1631    0.22048E-06
 1632    0.21896E-06
 1633    0.21745E-06
 1634    0.21595E-06
 1635    0.21446E-06
 1636    0.21298E-06
 1637    0.21152E-06
 1638    0.21006E-06
 1639    0.20861E-06
 1640    0.20717E-06
 1641    0.20574E-06
 1642    0.20432E-06
 1643    0.20291E-06
 1644    0.20151E-06
 1645    0.20012E-06
 1646    0.19874E-06
 1647    0.19737E-06
 1648    0.19601E-06
 1649    0.19466E-06
 1650    0.19332E-06
 1651    0.19198E-06
 1652    0.19066E-06
 1653    0.18934E-06
 1654    0.18804E-06
 1655    0.18674E-06
 1656    0.18545E-06
 1657    0.18417E-06
 1658    0.18290E-06
 1659    0.18164E-06
 1660    0.18039E-06
 1661    0.17914E-06
 1662    0.17791E-06
 1663    0.17668E-06
 1664    0.17546E-06
 1665    0.17425E-06
 1666    0.17305E-06
 1667    0.17186E-06
 1668    0.17067E-06
 1669    0.16950E-06
 1670    0.16833E-06
 1671    0.16717E-06
 1672    0.16601E-06
 1673    0.16487E-06
 1674    0.16373E-06
 1675    0.16260E-06
 1676    0.16148E-06
 1677    0.16037E-06
 1678    0.15926E-06
 1679    0.15816E-06
 1680    0.15707E-06
 1681    0.15599E-06
 1682    0.15491E-06
 1683    0.15384E-06
 1684    0.15278E-06
 1685    0.15173E-06
 1686    0.15068E-06
 1687    0.14964E-06
 1688    0.14861E-06
 1689    0.14759E-06
 1690    0.14657E-06
 1691    0.14556E-06
 1692    0.14455E-06
 1693    0.14356E-06
 1694    0.14257E-06
 1695    0.14158E-06
 1696    0.14061E-06
 1697    0.13964E-06
 1698    0.13867E-06
 1699    0.13772E-06
 1700    0.13677E-06
 1701    0.13582E-06
 1702    0.13489E-06
 1703    0.13396E-06
 1704    0.13303E-06
 1705    0.13212E-06
 1706    0.13120E-06
 1707    0.13030E-06
 1708    0.12940E-06
 1709    0.12851E-06
 1710    0.12762E-06
 1711    0.12674E-06
 1712    0.12587E-06
 1713    0.12500E-06
 1714    0.12414E-06
 1715    0.12328E-06
 1716    0.12243E-06
 1717    0.12159E-06
 1718    0.12075E-06
 1719    0.11991E-06
 1720    0.11909E-06
 1721    0.11827E-06
 1722    0.11745E-06
 1723    0.11664E-06
 1724    0.11584E-06
 1725    0.11504E-06
 1726    0.11424E-06
 1727    0.11346E-06
 1728    0.11267E-06
 1729    0.11190E-06
 1730    0.11112E-06
 1731    0.11036E-06
 1732    0.10960E-06
 1733    0.10884E-06
 1734    0.10809E-06
 1735    0.10734E-06
 1736    0.10660E-06
 1737    0.10587E-06
 1738    0.10514E-06
 1739    0.10441E-06
 1740    0.10369E-06
 1741    0.10298E-06
 1742    0.10227E-06
 1743    0.10156E-06
 1744    0.10086E-06
 1745    0.10017E-06
 1746    0.99476E-07
 1747    0.98790E-07
 1748    0.98108E-07
 1749    0.97432E-07
 1750    0.96760E-07
 1751    0.96092E-07
 1752    0.95430E-07
 1753    0.94771E-07
 1754    0.94118E-07
 1755    0.93469E-07
 1756    0.92824E-07
 1757    0.92184E-07
 1758    0.91548E-07
 1759    0.90917E-07
 1760    0.90290E-07
 1761    0.89667E-07
 1762    0.89048E-07
 1763    0.88434E-07
 1764    0.87824E-07
 1765    0.87219E-07
 1766    0.86617E-07
 1767    0.86020E-07
 1768    0.85426E-07
 1769    0.84837E-07
 1770    0.84252E-07
 1771    0.83671E-07
 1772    0.83094E-07
 1773    0.82521E-07
 1774    0.81952E-07
 1775    0.81386E-07
 1776    0.80825E-07
 1777    0.80268E-07
 1778    0.79714E-07
 1779    0.79164E-07
 1780    0.78618E-07
 1781    0.78076E-07
 1782    0.77537E-07
 1783    0.77003E-07
 1784    0.76472E-07
 1785    0.75944E-07
 1786    0.75420E-07
 1787    0.74900E-07
 1788    0.74384E-07
 1789    0.73871E-07
 1790    0.73361E-07
 1791    0.72855E-07
 1792    0.72353E-07
 1793    0.71854E-07
 1794    0.71358E-07
 1795    0.70866E-07
 1796    0.70377E-07
 1797    0.69892E-07
 1798    0.69410E-07
 1799    0.68931E-07
 1800    0.68456E-07
 1801    0.67983E-07
 1802    0.67515E-07
 1803    0.67049E-07
 1804    0.66586E-07
 1805    0.66127E-07
 1806    0.65671E-07
 1807    0.65218E-07
 1808    0.64768E-07
 1809    0.64322E-07
 1810    0.63878E-07
 1811    0.63437E-07
 1812    0.63000E-07
 1813    0.62565E-07
 1814    0.62134E-07
 1815    0.61705E-07
 1816    0.61280E-07
 1817    0.60857E-07
 1818    0.60437E-07
 1819    0.60021E-07
 1820    0.59607E-07
 1821    0.59195E-07
 1822    0.58787E-07
 1823    0.58382E-07
 1824    0.57979E-07
 1825    0.57579E-07
 1826    0.57182E-07
 1827    0.56788E-07
 1828    0.56396E-07
 1829    0.56007E-07
 1830    0.55621E-07
 1831    0.55237E-07
 1832    0.54856E-07
 1833    0.54478E-07
 1834    0.54102E-07
 1835    0.53729E-07
 1836    0.53358E-07
 1837    0.52990E-07
 1838    0.52625E-07
 1839    0.52262E-07
 1840    0.51901E-07
 1841    0.51544E-07
 1842    0.51188E-07
 1843    0.50835E-07
 1844    0.50484E-07
 1845    0.50136E-07
 1846    0.49790E-07
 1847    0.49447E-07
 1848    0.49106E-07
 1849    0.48767E-07
 1850    0.48431E-07
 1851    0.48097E-07
 1852    0.47765E-07
 1853    0.47436E-07
 1854    0.47109E-07
 1855    0.46784E-07
 1856    0.46461E-07
 1857    0.46141E-07
 1858    0.45822E-07
 1859    0.45506E-07
 1860    0.45192E-07
 1861    0.44881E-07
 1862    0.44571E-07
 1863    0.44264E-07
 1864    0.43958E-07
 1865    0.43655E-07
 1866    0.43354E-07
 1867    0.43055E-07
 1868    0.42758E-07
 1869    0.42463E-07
 1870    0.42170E-07
 1871    0.41880E-07
 1872    0.41591E-07
 1873    0.41304E-07
 1874    0.41019E-07
 1875    0.40736E-07
 1876    0.40455E-07
 1877    0.40176E-07
 1878    0.39899E-07
 1879    0.39624E-07
 1880    0.39351E-07
 1881    0.39079E-07
 1882    0.38810E-07
 1883    0.38542E-07
 1884    0.38276E-07
 1885    0.38012E-07
 1886    0.37750E-07
 1887    0.37490E-07
 1888    0.37231E-07
 1889    0.36974E-07
 1890    0.36719E-07
 1891    0.36466E-07
 1892    0.36214E-07
 1893    0.35965E-07
 1894    0.35717E-07
 1895    0.35470E-07
 1896    0.35226E-07
 1897    0.34983E-07
 1898    0.34741E-07
 1899    0.34502E-07
 1900    0.34264E-07
 1901    0.34028E-07
 1902    0.33793E-07
 1903    0.33560E-07
 1904    0.33328E-07
 1905    0.33098E-07
 1906    0.32870E-07
 1907    0.32643E-07
 1908    0.32418E-07
 1909    0.32195E-07
 1910    0.31973E-07
 1911    0.31752E-07
 1912    0.31533E-07
 1913    0.31316E-07
 1914    0.31100E-07
 1915    0.30885E-07
 1916    0.30672E-07
 1917    0.30461E-07
 1918    0.30251E-07
 1919    0.30042E-07
 1920    0.29835E-07
 1921    0.29629E-07
 1922    0.29425E-07
 1923    0.29222E-07
 1924    0.29020E-07
 1925    0.28820E-07
 1926    0.28621E-07
 1927    0.28424E-07
 1928    0.28228E-07
 1929    0.28033E-07
 1930    0.27840E-07
 1931    0.27648E-07
 1932    0.27457E-07
 1933    0.27268E-07
 1934    0.27080E-07
 1935    0.26893E-07
 1936    0.26707E-07
 1937    0.26523E-07
 1938    0.26340E-07
 1939    0.26159E-07
 1940    0.25978E-07
 1941    0.25799E-07
 1942    0.25621E-07
 1943    0.25444E-07
 1944    0.25269E-07
 1945    0.25095E-07
 1946    0.24921E-07
 1947    0.24750E-07
 1948    0.24579E-07
 1949    0.24409E-07
 1950    0.24241E-07
 1951    0.24074E-07
 1952    0.23908E-07
 1953    0.23743E-07
 1954    0.23579E-07
 1955    0.23416E-07
 1956    0.23255E-07
 1957    0.23095E-07
 1958    0.22935E-07
 1959    0.22777E-07
 1960    0.22620E-07
 1961    0.22464E-07
 1962    0.22309E-07
 1963    0.22155E-07
 1964    0.22002E-07
 1965    0.21851E-07
 1966    0.21700E-07
 1967    0.21550E-07
 1968    0.21402E-07
 1969    0.21254E-07
 1970    0.21107E-07
 1971    0.20962E-07
 1972    0.20817E-07
 1973    0.20674E-07
 1974    0.20531E-07
 1975    0.20390E-07
 1976    0.20249E-07
 1977    0.20109E-07
 1978    0.19971E-07
 1979    0.19833E-07
 1980    0.19696E-07
 1981    0.19560E-07
 1982    0.19425E-07
 1983    0.19291E-07
 1984    0.19158E-07
 1985    0.19026E-07
 1986    0.18895E-07
 1987    0.18765E-07
 1988    0.18635E-07
 1989    0.18507E-07
 1990    0.18379E-07
 1991    0.18252E-07
 1992    0.18126E-07
 1993    0.18001E-07
 1994    0.17877E-07
 1995    0.17754E-07
 1996    0.17631E-07
 1997    0.17510E-07
 1998    0.17389E-07
 1999    0.17269E-07
 2000    0.17150E-07
 2001    0.17032E-07
 2002    0.16914E-07
 2003    0.16798E-07
 2004    0.16682E-07
 2005    0.16567E-07
 2006    0.16452E-07
 2007    0.16339E-07
 2008    0.16226E-07
 2009    0.16114E-07
 2010    0.16003E-07
 2011    0.15893E-07
 2012    0.15783E-07
 2013    0.15674E-07
 2014    0.15566E-07
 2015    0.15459E-07
 2016    0.15352E-07
 2017    0.15246E-07
 2018    0.15141E-07
 2019    0.15037E-07
 2020    0.14933E-07
 2021    0.14830E-07
 2022    0.14728E-07
 2023    0.14626E-07
 2024    0.14525E-07
 2025    0.14425E-07
 2026    0.14326E-07
 2027    0.14227E-07
 2028    0.14129E-07
 2029    0.14031E-07
 2030    0.13935E-07
 2031    0.13838E-07
 2032    0.13743E-07
 2033    0.13648E-07
 2034    0.13554E-07
 2035    0.13461E-07
 2036    0.13368E-07
 2037    0.13276E-07
 2038    0.13184E-07
 2039    0.13093E-07
 2040    0.13003E-07
 2041    0.12913E-07
 2042    0.12824E-07
 2043    0.12736E-07
 2044    0.12648E-07
 2045    0.12560E-07
 2046    0.12474E-07
 2047    0.12388E-07
 2048    0.12302E-07
 2049    0.12218E-07
 2050    0.12133E-07
 2051    0.12050E-07
 2052    0.11966E-07
 2053    0.11884E-07
 2054    0.11802E-07
 2055    0.11721E-07
 2056    0.11640E-07
 2057    0.11559E-07
 2058    0.11480E-07
 2059    0.11401E-07
 2060    0.11322E-07
 2061    0.11244E-07
 2062    0.11166E-07
 2063    0.11089E-07
 2064    0.11013E-07
 2065    0.10937E-07
 2066    0.10861E-07
 2067    0.10786E-07
 2068    0.10712E-07
 2069    0.10638E-07
 2070    0.10565E-07
 2071    0.10492E-07
 2072    0.10420E-07
 2073    0.10348E-07
 2074    0.10276E-07
 2075    0.10206E-07
 2076    0.10135E-07
 2077    0.10065E-07
 2078    0.99958E-08

iteration:   2078

epsilon =     0.10000E-07
omega =     0.18000E+01
tick =     0.10000E-06

norm_x =     0.18704E+03, norm_analysis =     0.18703E+03
diff =     0.92682E+01

caltime =   14.8341, comtime =    0.2202, checktime =    7.4315
alltime =   22.4859

