2 processes:
    1    0.15251E+01
    2    0.13987E+01
    3    0.86533E+00
    4    0.92092E+00
    5    0.64467E+00
    6    0.52900E+00
    7    0.48472E+00
    8    0.34279E+00
    9    0.31381E+00
   10    0.26177E+00
   11    0.20443E+00
   12    0.18985E+00
   13    0.15614E+00
   14    0.13538E+00
   15    0.12455E+00
   16    0.10731E+00
   17    0.99423E-01
   18    0.91388E-01
   19    0.83824E-01
   20    0.79149E-01
   21    0.74307E-01
   22    0.70221E-01
   23    0.67085E-01
   24    0.63891E-01
   25    0.61276E-01
   26    0.58884E-01
   27    0.56638E-01
   28    0.54656E-01
   29    0.52779E-01
   30    0.51050E-01
   31    0.49438E-01
   32    0.47928E-01
   33    0.46503E-01
   34    0.45171E-01
   35    0.43902E-01
   36    0.42709E-01
   37    0.41572E-01
   38    0.40494E-01
   39    0.39467E-01
   40    0.38490E-01
   41    0.37556E-01
   42    0.36663E-01
   43    0.35810E-01
   44    0.34992E-01
   45    0.34208E-01
   46    0.33455E-01
   47    0.32732E-01
   48    0.32036E-01
   49    0.31367E-01
   50    0.30722E-01
   51    0.30101E-01
   52    0.29501E-01
   53    0.28923E-01
   54    0.28363E-01
   55    0.27823E-01
   56    0.27300E-01
   57    0.26794E-01
   58    0.26304E-01
   59    0.25829E-01
   60    0.25369E-01
   61    0.24923E-01
   62    0.24489E-01
   63    0.24069E-01
   64    0.23660E-01
   65    0.23263E-01
   66    0.22877E-01
   67    0.22501E-01
   68    0.22136E-01
   69    0.21780E-01
   70    0.21433E-01
   71    0.21096E-01
   72    0.20767E-01
   73    0.20447E-01
   74    0.20134E-01
   75    0.19829E-01
   76    0.19532E-01
   77    0.19241E-01
   78    0.18957E-01
   79    0.18681E-01
   80    0.18410E-01
   81    0.18146E-01
   82    0.17887E-01
   83    0.17634E-01
   84    0.17387E-01
   85    0.17146E-01
   86    0.16909E-01
   87    0.16677E-01
   88    0.16451E-01
   89    0.16229E-01
   90    0.16012E-01
   91    0.15799E-01
   92    0.15590E-01
   93    0.15386E-01
   94    0.15186E-01
   95    0.14989E-01
   96    0.14797E-01
   97    0.14608E-01
   98    0.14423E-01
   99    0.14241E-01
  100    0.14063E-01
  101    0.13888E-01
  102    0.13716E-01
  103    0.13547E-01
  104    0.13382E-01
  105    0.13219E-01
  106    0.13060E-01
  107    0.12903E-01
  108    0.12749E-01
  109    0.12597E-01
  110    0.12449E-01
  111    0.12302E-01
  112    0.12159E-01
  113    0.12017E-01
  114    0.11878E-01
  115    0.11742E-01
  116    0.11607E-01
  117    0.11475E-01
  118    0.11345E-01
  119    0.11217E-01
  120    0.11091E-01
  121    0.10967E-01
  122    0.10845E-01
  123    0.10725E-01
  124    0.10607E-01
  125    0.10491E-01
  126    0.10376E-01
  127    0.10264E-01
  128    0.10153E-01
  129    0.10043E-01
  130    0.99355E-02
  131    0.98294E-02
  132    0.97248E-02
  133    0.96218E-02
  134    0.95203E-02
  135    0.94202E-02
  136    0.93217E-02
  137    0.92245E-02
  138    0.91287E-02
  139    0.90343E-02
  140    0.89412E-02
  141    0.88494E-02
  142    0.87589E-02
  143    0.86697E-02
  144    0.85817E-02
  145    0.84949E-02
  146    0.84092E-02
  147    0.83248E-02
  148    0.82415E-02
  149    0.81593E-02
  150    0.80782E-02
  151    0.79982E-02
  152    0.79192E-02
  153    0.78413E-02
  154    0.77644E-02
  155    0.76885E-02
  156    0.76136E-02
  157    0.75397E-02
  158    0.74667E-02
  159    0.73947E-02
  160    0.73235E-02
  161    0.72533E-02
  162    0.71839E-02
  163    0.71154E-02
  164    0.70478E-02
  165    0.69810E-02
  166    0.69151E-02
  167    0.68499E-02
  168    0.67856E-02
  169    0.67220E-02
  170    0.66592E-02
  171    0.65972E-02
  172    0.65359E-02
  173    0.64753E-02
  174    0.64155E-02
  175    0.63564E-02
  176    0.62979E-02
  177    0.62402E-02
  178    0.61832E-02
  179    0.61268E-02
  180    0.60710E-02
  181    0.60159E-02
  182    0.59615E-02
  183    0.59077E-02
  184    0.58544E-02
  185    0.58018E-02
  186    0.57498E-02
  187    0.56984E-02
  188    0.56476E-02
  189    0.55973E-02
  190    0.55476E-02
  191    0.54984E-02
  192    0.54498E-02
  193    0.54017E-02
  194    0.53542E-02
  195    0.53072E-02
  196    0.52607E-02
  197    0.52147E-02
  198    0.51691E-02
  199    0.51241E-02
  200    0.50796E-02
  201    0.50355E-02
  202    0.49920E-02
  203    0.49488E-02
  204    0.49062E-02
  205    0.48640E-02
  206    0.48222E-02
  207    0.47809E-02
  208    0.47400E-02
  209    0.46995E-02
  210    0.46594E-02
  211    0.46198E-02
  212    0.45806E-02
  213    0.45417E-02
  214    0.45033E-02
  215    0.44653E-02
  216    0.44276E-02
  217    0.43904E-02
  218    0.43535E-02
  219    0.43170E-02
  220    0.42808E-02
  221    0.42450E-02
  222    0.42096E-02
  223    0.41745E-02
  224    0.41398E-02
  225    0.41054E-02
  226    0.40713E-02
  227    0.40376E-02
  228    0.40042E-02
  229    0.39712E-02
  230    0.39384E-02
  231    0.39060E-02
  232    0.38739E-02
  233    0.38421E-02
  234    0.38106E-02
  235    0.37794E-02
  236    0.37485E-02
  237    0.37179E-02
  238    0.36876E-02
  239    0.36576E-02
  240    0.36279E-02
  241    0.35984E-02
  242    0.35692E-02
  243    0.35403E-02
  244    0.35117E-02
  245    0.34833E-02
  246    0.34552E-02
  247    0.34274E-02
  248    0.33998E-02
  249    0.33725E-02
  250    0.33454E-02
  251    0.33185E-02
  252    0.32920E-02
  253    0.32656E-02
  254    0.32395E-02
  255    0.32137E-02
  256    0.31880E-02
  257    0.31626E-02
  258    0.31375E-02
  259    0.31125E-02
  260    0.30878E-02
  261    0.30633E-02
  262    0.30390E-02
  263    0.30150E-02
  264    0.29911E-02
  265    0.29675E-02
  266    0.29441E-02
  267    0.29208E-02
  268    0.28978E-02
  269    0.28750E-02
  270    0.28524E-02
  271    0.28300E-02
  272    0.28078E-02
  273    0.27858E-02
  274    0.27639E-02
  275    0.27423E-02
  276    0.27208E-02
  277    0.26996E-02
  278    0.26785E-02
  279    0.26576E-02
  280    0.26369E-02
  281    0.26163E-02
  282    0.25960E-02
  283    0.25758E-02
  284    0.25557E-02
  285    0.25359E-02
  286    0.25162E-02
  287    0.24967E-02
  288    0.24773E-02
  289    0.24582E-02
  290    0.24391E-02
  291    0.24203E-02
  292    0.24016E-02
  293    0.23830E-02
  294    0.23646E-02
  295    0.23464E-02
  296    0.23283E-02
  297    0.23104E-02
  298    0.22926E-02
  299    0.22749E-02
  300    0.22574E-02
  301    0.22401E-02
  302    0.22229E-02
  303    0.22058E-02
  304    0.21889E-02
  305    0.21721E-02
  306    0.21555E-02
  307    0.21390E-02
  308    0.21226E-02
  309    0.21064E-02
  310    0.20903E-02
  311    0.20743E-02
  312    0.20585E-02
  313    0.20428E-02
  314    0.20272E-02
  315    0.20117E-02
  316    0.19964E-02
  317    0.19812E-02
  318    0.19661E-02
  319    0.19511E-02
  320    0.19363E-02
  321    0.19216E-02
  322    0.19070E-02
  323    0.18925E-02
  324    0.18781E-02
  325    0.18639E-02
  326    0.18497E-02
  327    0.18357E-02
  328    0.18218E-02
  329    0.18080E-02
  330    0.17943E-02
  331    0.17807E-02
  332    0.17672E-02
  333    0.17539E-02
  334    0.17406E-02
  335    0.17275E-02
  336    0.17144E-02
  337    0.17015E-02
  338    0.16886E-02
  339    0.16759E-02
  340    0.16632E-02
  341    0.16507E-02
  342    0.16382E-02
  343    0.16259E-02
  344    0.16136E-02
  345    0.16015E-02
  346    0.15894E-02
  347    0.15775E-02
  348    0.15656E-02
  349    0.15538E-02
  350    0.15421E-02
  351    0.15305E-02
  352    0.15190E-02
  353    0.15076E-02
  354    0.14963E-02
  355    0.14851E-02
  356    0.14739E-02
  357    0.14628E-02
  358    0.14519E-02
  359    0.14410E-02
  360    0.14302E-02
  361    0.14195E-02
  362    0.14088E-02
  363    0.13983E-02
  364    0.13878E-02
  365    0.13774E-02
  366    0.13671E-02
  367    0.13568E-02
  368    0.13467E-02
  369    0.13366E-02
  370    0.13266E-02
  371    0.13167E-02
  372    0.13068E-02
  373    0.12971E-02
  374    0.12874E-02
  375    0.12778E-02
  376    0.12682E-02
  377    0.12587E-02
  378    0.12493E-02
  379    0.12400E-02
  380    0.12308E-02
  381    0.12216E-02
  382    0.12125E-02
  383    0.12034E-02
  384    0.11944E-02
  385    0.11855E-02
  386    0.11767E-02
  387    0.11679E-02
  388    0.11592E-02
  389    0.11506E-02
  390    0.11420E-02
  391    0.11335E-02
  392    0.11250E-02
  393    0.11167E-02
  394    0.11084E-02
  395    0.11001E-02
  396    0.10919E-02
  397    0.10838E-02
  398    0.10757E-02
  399    0.10677E-02
  400    0.10598E-02
  401    0.10519E-02
  402    0.10441E-02
  403    0.10363E-02
  404    0.10286E-02
  405    0.10210E-02
  406    0.10134E-02
  407    0.10058E-02
  408    0.99836E-03
  409    0.99094E-03
  410    0.98358E-03
  411    0.97627E-03
  412    0.96902E-03
  413    0.96182E-03
  414    0.95468E-03
  415    0.94759E-03
  416    0.94056E-03
  417    0.93358E-03
  418    0.92665E-03
  419    0.91977E-03
  420    0.91294E-03
  421    0.90617E-03
  422    0.89945E-03
  423    0.89277E-03
  424    0.88615E-03
  425    0.87958E-03
  426    0.87306E-03
  427    0.86658E-03
  428    0.86016E-03
  429    0.85378E-03
  430    0.84745E-03
  431    0.84117E-03
  432    0.83493E-03
  433    0.82875E-03
  434    0.82261E-03
  435    0.81651E-03
  436    0.81046E-03
  437    0.80446E-03
  438    0.79850E-03
  439    0.79258E-03
  440    0.78671E-03
  441    0.78088E-03
  442    0.77510E-03
  443    0.76936E-03
  444    0.76366E-03
  445    0.75801E-03
  446    0.75240E-03
  447    0.74683E-03
  448    0.74130E-03
  449    0.73581E-03
  450    0.73037E-03
  451    0.72496E-03
  452    0.71960E-03
  453    0.71427E-03
  454    0.70899E-03
  455    0.70374E-03
  456    0.69853E-03
  457    0.69337E-03
  458    0.68824E-03
  459    0.68315E-03
  460    0.67809E-03
  461    0.67308E-03
  462    0.66810E-03
  463    0.66316E-03
  464    0.65826E-03
  465    0.65339E-03
  466    0.64856E-03
  467    0.64376E-03
  468    0.63900E-03
  469    0.63428E-03
  470    0.62959E-03
  471    0.62493E-03
  472    0.62032E-03
  473    0.61573E-03
  474    0.61118E-03
  475    0.60666E-03
  476    0.60218E-03
  477    0.59773E-03
  478    0.59331E-03
  479    0.58893E-03
  480    0.58458E-03
  481    0.58026E-03
  482    0.57597E-03
  483    0.57171E-03
  484    0.56749E-03
  485    0.56330E-03
  486    0.55914E-03
  487    0.55501E-03
  488    0.55091E-03
  489    0.54684E-03
  490    0.54280E-03
  491    0.53879E-03
  492    0.53481E-03
  493    0.53086E-03
  494    0.52694E-03
  495    0.52305E-03
  496    0.51919E-03
  497    0.51535E-03
  498    0.51155E-03
  499    0.50777E-03
  500    0.50402E-03
  501    0.50030E-03
  502    0.49661E-03
  503    0.49294E-03
  504    0.48930E-03
  505    0.48569E-03
  506    0.48210E-03
  507    0.47854E-03
  508    0.47501E-03
  509    0.47151E-03
  510    0.46802E-03
  511    0.46457E-03
  512    0.46114E-03
  513    0.45774E-03
  514    0.45436E-03
  515    0.45101E-03
  516    0.44768E-03
  517    0.44437E-03
  518    0.44109E-03
  519    0.43784E-03
  520    0.43461E-03
  521    0.43140E-03
  522    0.42822E-03
  523    0.42506E-03
  524    0.42192E-03
  525    0.41881E-03
  526    0.41572E-03
  527    0.41265E-03
  528    0.40961E-03
  529    0.40658E-03
  530    0.40358E-03
  531    0.40061E-03
  532    0.39765E-03
  533    0.39472E-03
  534    0.39181E-03
  535    0.38892E-03
  536    0.38605E-03
  537    0.38320E-03
  538    0.38037E-03
  539    0.37757E-03
  540    0.37478E-03
  541    0.37202E-03
  542    0.36927E-03
  543    0.36655E-03
  544    0.36385E-03
  545    0.36116E-03
  546    0.35850E-03
  547    0.35585E-03
  548    0.35323E-03
  549    0.35062E-03
  550    0.34804E-03
  551    0.34547E-03
  552    0.34292E-03
  553    0.34039E-03
  554    0.33788E-03
  555    0.33539E-03
  556    0.33292E-03
  557    0.33046E-03
  558    0.32803E-03
  559    0.32561E-03
  560    0.32321E-03
  561    0.32082E-03
  562    0.31846E-03
  563    0.31611E-03
  564    0.31378E-03
  565    0.31147E-03
  566    0.30917E-03
  567    0.30689E-03
  568    0.30463E-03
  569    0.30238E-03
  570    0.30015E-03
  571    0.29794E-03
  572    0.29574E-03
  573    0.29356E-03
  574    0.29140E-03
  575    0.28925E-03
  576    0.28711E-03
  577    0.28500E-03
  578    0.28290E-03
  579    0.28081E-03
  580    0.27874E-03
  581    0.27669E-03
  582    0.27465E-03
  583    0.27262E-03
  584    0.27061E-03
  585    0.26862E-03
  586    0.26664E-03
  587    0.26467E-03
  588    0.26272E-03
  589    0.26078E-03
  590    0.25886E-03
  591    0.25695E-03
  592    0.25506E-03
  593    0.25318E-03
  594    0.25131E-03
  595    0.24946E-03
  596    0.24762E-03
  597    0.24579E-03
  598    0.24398E-03
  599    0.24218E-03
  600    0.24040E-03
  601    0.23863E-03
  602    0.23687E-03
  603    0.23512E-03
  604    0.23339E-03
  605    0.23167E-03
  606    0.22996E-03
  607    0.22827E-03
  608    0.22658E-03
  609    0.22491E-03
  610    0.22325E-03
  611    0.22161E-03
  612    0.21998E-03
  613    0.21835E-03
  614    0.21675E-03
  615    0.21515E-03
  616    0.21356E-03
  617    0.21199E-03
  618    0.21043E-03
  619    0.20887E-03
  620    0.20733E-03
  621    0.20581E-03
  622    0.20429E-03
  623    0.20278E-03
  624    0.20129E-03
  625    0.19981E-03
  626    0.19833E-03
  627    0.19687E-03
  628    0.19542E-03
  629    0.19398E-03
  630    0.19255E-03
  631    0.19113E-03
  632    0.18972E-03
  633    0.18832E-03
  634    0.18694E-03
  635    0.18556E-03
  636    0.18419E-03
  637    0.18283E-03
  638    0.18149E-03
  639    0.18015E-03
  640    0.17882E-03
  641    0.17750E-03
  642    0.17620E-03
  643    0.17490E-03
  644    0.17361E-03
  645    0.17233E-03
  646    0.17106E-03
  647    0.16980E-03
  648    0.16855E-03
  649    0.16730E-03
  650    0.16607E-03
  651    0.16485E-03
  652    0.16363E-03
  653    0.16243E-03
  654    0.16123E-03
  655    0.16004E-03
  656    0.15886E-03
  657    0.15769E-03
  658    0.15653E-03
  659    0.15538E-03
  660    0.15423E-03
  661    0.15309E-03
  662    0.15197E-03
  663    0.15085E-03
  664    0.14973E-03
  665    0.14863E-03
  666    0.14754E-03
  667    0.14645E-03
  668    0.14537E-03
  669    0.14430E-03
  670    0.14324E-03
  671    0.14218E-03
  672    0.14113E-03
  673    0.14009E-03
  674    0.13906E-03
  675    0.13803E-03
  676    0.13702E-03
  677    0.13601E-03
  678    0.13501E-03
  679    0.13401E-03
  680    0.13302E-03
  681    0.13204E-03
  682    0.13107E-03
  683    0.13010E-03
  684    0.12915E-03
  685    0.12819E-03
  686    0.12725E-03
  687    0.12631E-03
  688    0.12538E-03
  689    0.12446E-03
  690    0.12354E-03
  691    0.12263E-03
  692    0.12173E-03
  693    0.12083E-03
  694    0.11994E-03
  695    0.11905E-03
  696    0.11818E-03
  697    0.11731E-03
  698    0.11644E-03
  699    0.11558E-03
  700    0.11473E-03
  701    0.11389E-03
  702    0.11305E-03
  703    0.11221E-03
  704    0.11139E-03
  705    0.11057E-03
  706    0.10975E-03
  707    0.10894E-03
  708    0.10814E-03
  709    0.10734E-03
  710    0.10655E-03
  711    0.10577E-03
  712    0.10499E-03
  713    0.10422E-03
  714    0.10345E-03
  715    0.10268E-03
  716    0.10193E-03
  717    0.10118E-03
  718    0.10043E-03
  719    0.99692E-04
  720    0.98957E-04
  721    0.98228E-04
  722    0.97504E-04
  723    0.96786E-04
  724    0.96072E-04
  725    0.95365E-04
  726    0.94662E-04
  727    0.93964E-04
  728    0.93272E-04
  729    0.92585E-04
  730    0.91903E-04
  731    0.91225E-04
  732    0.90553E-04
  733    0.89886E-04
  734    0.89224E-04
  735    0.88566E-04
  736    0.87914E-04
  737    0.87266E-04
  738    0.86623E-04
  739    0.85985E-04
  740    0.85351E-04
  741    0.84722E-04
  742    0.84098E-04
  743    0.83478E-04
  744    0.82863E-04
  745    0.82253E-04
  746    0.81646E-04
  747    0.81045E-04
  748    0.80448E-04
  749    0.79855E-04
  750    0.79267E-04
  751    0.78683E-04
  752    0.78103E-04
  753    0.77527E-04
  754    0.76956E-04
  755    0.76389E-04
  756    0.75826E-04
  757    0.75267E-04
  758    0.74713E-04
  759    0.74162E-04
  760    0.73616E-04
  761    0.73073E-04
  762    0.72535E-04
  763    0.72001E-04
  764    0.71470E-04
  765    0.70943E-04
  766    0.70421E-04
  767    0.69902E-04
  768    0.69387E-04
  769    0.68876E-04
  770    0.68368E-04
  771    0.67864E-04
  772    0.67364E-04
  773    0.66868E-04
  774    0.66375E-04
  775    0.65886E-04
  776    0.65401E-04
  777    0.64919E-04
  778    0.64441E-04
  779    0.63966E-04
  780    0.63494E-04
  781    0.63027E-04
  782    0.62562E-04
  783    0.62101E-04
  784    0.61644E-04
  785    0.61189E-04
  786    0.60739E-04
  787    0.60291E-04
  788    0.59847E-04
  789    0.59406E-04
  790    0.58968E-04
  791    0.58534E-04
  792    0.58102E-04
  793    0.57674E-04
  794    0.57249E-04
  795    0.56827E-04
  796    0.56409E-04
  797    0.55993E-04
  798    0.55581E-04
  799    0.55171E-04
  800    0.54765E-04
  801    0.54361E-04
  802    0.53961E-04
  803    0.53563E-04
  804    0.53168E-04
  805    0.52777E-04
  806    0.52388E-04
  807    0.52002E-04
  808    0.51619E-04
  809    0.51238E-04
  810    0.50861E-04
  811    0.50486E-04
  812    0.50114E-04
  813    0.49745E-04
  814    0.49378E-04
  815    0.49014E-04
  816    0.48653E-04
  817    0.48295E-04
  818    0.47939E-04
  819    0.47586E-04
  820    0.47235E-04
  821    0.46887E-04
  822    0.46542E-04
  823    0.46199E-04
  824    0.45858E-04
  825    0.45520E-04
  826    0.45185E-04
  827    0.44852E-04
  828    0.44522E-04
  829    0.44194E-04
  830    0.43868E-04
  831    0.43545E-04
  832    0.43224E-04
  833    0.42905E-04
  834    0.42589E-04
  835    0.42275E-04
  836    0.41964E-04
  837    0.41655E-04
  838    0.41348E-04
  839    0.41043E-04
  840    0.40741E-04
  841    0.40441E-04
  842    0.40143E-04
  843    0.39847E-04
  844    0.39553E-04
  845    0.39262E-04
  846    0.38973E-04
  847    0.38685E-04
  848    0.38400E-04
  849    0.38117E-04
  850    0.37837E-04
  851    0.37558E-04
  852    0.37281E-04
  853    0.37006E-04
  854    0.36734E-04
  855    0.36463E-04
  856    0.36194E-04
  857    0.35928E-04
  858    0.35663E-04
  859    0.35400E-04
  860    0.35139E-04
  861    0.34881E-04
  862    0.34624E-04
  863    0.34368E-04
  864    0.34115E-04
  865    0.33864E-04
  866    0.33614E-04
  867    0.33367E-04
  868    0.33121E-04
  869    0.32877E-04
  870    0.32635E-04
  871    0.32394E-04
  872    0.32155E-04
  873    0.31918E-04
  874    0.31683E-04
  875    0.31450E-04
  876    0.31218E-04
  877    0.30988E-04
  878    0.30760E-04
  879    0.30533E-04
  880    0.30308E-04
  881    0.30085E-04
  882    0.29863E-04
  883    0.29643E-04
  884    0.29425E-04
  885    0.29208E-04
  886    0.28993E-04
  887    0.28779E-04
  888    0.28567E-04
  889    0.28357E-04
  890    0.28148E-04
  891    0.27940E-04
  892    0.27734E-04
  893    0.27530E-04
  894    0.27327E-04
  895    0.27126E-04
  896    0.26926E-04
  897    0.26728E-04
  898    0.26531E-04
  899    0.26335E-04
  900    0.26141E-04
  901    0.25949E-04
  902    0.25757E-04
  903    0.25568E-04
  904    0.25379E-04
  905    0.25192E-04
  906    0.25007E-04
  907    0.24822E-04
  908    0.24639E-04
  909    0.24458E-04
  910    0.24278E-04
  911    0.24099E-04
  912    0.23921E-04
  913    0.23745E-04
  914    0.23570E-04
  915    0.23396E-04
  916    0.23224E-04
  917    0.23053E-04
  918    0.22883E-04
  919    0.22714E-04
  920    0.22547E-04
  921    0.22381E-04
  922    0.22216E-04
  923    0.22052E-04
  924    0.21890E-04
  925    0.21729E-04
  926    0.21569E-04
  927    0.21410E-04
  928    0.21252E-04
  929    0.21095E-04
  930    0.20940E-04
  931    0.20786E-04
  932    0.20632E-04
  933    0.20480E-04
  934    0.20330E-04
  935    0.20180E-04
  936    0.20031E-04
  937    0.19883E-04
  938    0.19737E-04
  939    0.19592E-04
  940    0.19447E-04
  941    0.19304E-04
  942    0.19162E-04
  943    0.19020E-04
  944    0.18880E-04
  945    0.18741E-04
  946    0.18603E-04
  947    0.18466E-04
  948    0.18330E-04
  949    0.18195E-04
  950    0.18061E-04
  951    0.17928E-04
  952    0.17796E-04
  953    0.17665E-04
  954    0.17534E-04
  955    0.17405E-04
  956    0.17277E-04
  957    0.17150E-04
  958    0.17023E-04
  959    0.16898E-04
  960    0.16773E-04
  961    0.16650E-04
  962    0.16527E-04
  963    0.16405E-04
  964    0.16285E-04
  965    0.16165E-04
  966    0.16045E-04
  967    0.15927E-04
  968    0.15810E-04
  969    0.15693E-04
  970    0.15578E-04
  971    0.15463E-04
  972    0.15349E-04
  973    0.15236E-04
  974    0.15124E-04
  975    0.15012E-04
  976    0.14902E-04
  977    0.14792E-04
  978    0.14683E-04
  979    0.14575E-04
  980    0.14467E-04
  981    0.14361E-04
  982    0.14255E-04
  983    0.14150E-04
  984    0.14046E-04
  985    0.13942E-04
  986    0.13839E-04
  987    0.13737E-04
  988    0.13636E-04
  989    0.13536E-04
  990    0.13436E-04
  991    0.13337E-04
  992    0.13239E-04
  993    0.13141E-04
  994    0.13044E-04
  995    0.12948E-04
  996    0.12853E-04
  997    0.12758E-04
  998    0.12664E-04
  999    0.12571E-04
 1000    0.12478E-04
 1001    0.12386E-04
 1002    0.12295E-04
 1003    0.12204E-04
 1004    0.12115E-04
 1005    0.12025E-04
 1006    0.11937E-04
 1007    0.11849E-04
 1008    0.11761E-04
 1009    0.11675E-04
 1010    0.11589E-04
 1011    0.11503E-04
 1012    0.11419E-04
 1013    0.11334E-04
 1014    0.11251E-04
 1015    0.11168E-04
 1016    0.11086E-04
 1017    0.11004E-04
 1018    0.10923E-04
 1019    0.10843E-04
 1020    0.10763E-04
 1021    0.10683E-04
 1022    0.10605E-04
 1023    0.10527E-04
 1024    0.10449E-04
 1025    0.10372E-04
 1026    0.10296E-04
 1027    0.10220E-04
 1028    0.10144E-04
 1029    0.10070E-04
 1030    0.99955E-05
 1031    0.99218E-05
 1032    0.98487E-05
 1033    0.97762E-05
 1034    0.97041E-05
 1035    0.96326E-05
 1036    0.95617E-05
 1037    0.94912E-05
 1038    0.94213E-05
 1039    0.93519E-05
 1040    0.92830E-05
 1041    0.92146E-05
 1042    0.91467E-05
 1043    0.90793E-05
 1044    0.90124E-05
 1045    0.89460E-05
 1046    0.88801E-05
 1047    0.88146E-05
 1048    0.87497E-05
 1049    0.86852E-05
 1050    0.86212E-05
 1051    0.85577E-05
 1052    0.84947E-05
 1053    0.84321E-05
 1054    0.83699E-05
 1055    0.83083E-05
 1056    0.82471E-05
 1057    0.81863E-05
 1058    0.81260E-05
 1059    0.80661E-05
 1060    0.80067E-05
 1061    0.79477E-05
 1062    0.78891E-05
 1063    0.78310E-05
 1064    0.77733E-05
 1065    0.77160E-05
 1066    0.76592E-05
 1067    0.76027E-05
 1068    0.75467E-05
 1069    0.74911E-05
 1070    0.74359E-05
 1071    0.73811E-05
 1072    0.73268E-05
 1073    0.72728E-05
 1074    0.72192E-05
 1075    0.71660E-05
 1076    0.71132E-05
 1077    0.70608E-05
 1078    0.70088E-05
 1079    0.69571E-05
 1080    0.69059E-05
 1081    0.68550E-05
 1082    0.68045E-05
 1083    0.67543E-05
 1084    0.67046E-05
 1085    0.66552E-05
 1086    0.66061E-05
 1087    0.65575E-05
 1088    0.65091E-05
 1089    0.64612E-05
 1090    0.64136E-05
 1091    0.63663E-05
 1092    0.63194E-05
 1093    0.62729E-05
 1094    0.62266E-05
 1095    0.61808E-05
 1096    0.61352E-05
 1097    0.60900E-05
 1098    0.60451E-05
 1099    0.60006E-05
 1100    0.59564E-05
 1101    0.59125E-05
 1102    0.58689E-05
 1103    0.58257E-05
 1104    0.57828E-05
 1105    0.57402E-05
 1106    0.56979E-05
 1107    0.56559E-05
 1108    0.56142E-05
 1109    0.55729E-05
 1110    0.55318E-05
 1111    0.54910E-05
 1112    0.54506E-05
 1113    0.54104E-05
 1114    0.53706E-05
 1115    0.53310E-05
 1116    0.52917E-05
 1117    0.52527E-05
 1118    0.52140E-05
 1119    0.51756E-05
 1120    0.51375E-05
 1121    0.50996E-05
 1122    0.50620E-05
 1123    0.50247E-05
 1124    0.49877E-05
 1125    0.49510E-05
 1126    0.49145E-05
 1127    0.48783E-05
 1128    0.48423E-05
 1129    0.48067E-05
 1130    0.47713E-05
 1131    0.47361E-05
 1132    0.47012E-05
 1133    0.46666E-05
 1134    0.46322E-05
 1135    0.45981E-05
 1136    0.45642E-05
 1137    0.45305E-05
 1138    0.44972E-05
 1139    0.44640E-05
 1140    0.44311E-05
 1141    0.43985E-05
 1142    0.43661E-05
 1143    0.43339E-05
 1144    0.43020E-05
 1145    0.42703E-05
 1146    0.42388E-05
 1147    0.42076E-05
 1148    0.41766E-05
 1149    0.41458E-05
 1150    0.41153E-05
 1151    0.40849E-05
 1152    0.40549E-05
 1153    0.40250E-05
 1154    0.39953E-05
 1155    0.39659E-05
 1156    0.39367E-05
 1157    0.39077E-05
 1158    0.38789E-05
 1159    0.38503E-05
 1160    0.38219E-05
 1161    0.37938E-05
 1162    0.37658E-05
 1163    0.37381E-05
 1164    0.37105E-05
 1165    0.36832E-05
 1166    0.36560E-05
 1167    0.36291E-05
 1168    0.36024E-05
 1169    0.35758E-05
 1170    0.35495E-05
 1171    0.35233E-05
 1172    0.34974E-05
 1173    0.34716E-05
 1174    0.34460E-05
 1175    0.34206E-05
 1176    0.33954E-05
 1177    0.33704E-05
 1178    0.33456E-05
 1179    0.33209E-05
 1180    0.32965E-05
 1181    0.32722E-05
 1182    0.32481E-05
 1183    0.32241E-05
 1184    0.32004E-05
 1185    0.31768E-05
 1186    0.31534E-05
 1187    0.31302E-05
 1188    0.31071E-05
 1189    0.30842E-05
 1190    0.30615E-05
 1191    0.30389E-05
 1192    0.30165E-05
 1193    0.29943E-05
 1194    0.29722E-05
 1195    0.29503E-05
 1196    0.29286E-05
 1197    0.29070E-05
 1198    0.28856E-05
 1199    0.28643E-05
 1200    0.28432E-05
 1201    0.28223E-05
 1202    0.28015E-05
 1203    0.27809E-05
 1204    0.27604E-05
 1205    0.27400E-05
 1206    0.27198E-05
 1207    0.26998E-05
 1208    0.26799E-05
 1209    0.26602E-05
 1210    0.26406E-05
 1211    0.26211E-05
 1212    0.26018E-05
 1213    0.25826E-05
 1214    0.25636E-05
 1215    0.25447E-05
 1216    0.25260E-05
 1217    0.25073E-05
 1218    0.24889E-05
 1219    0.24705E-05
 1220    0.24523E-05
 1221    0.24343E-05
 1222    0.24163E-05
 1223    0.23985E-05
 1224    0.23809E-05
 1225    0.23633E-05
 1226    0.23459E-05
 1227    0.23286E-05
 1228    0.23115E-05
 1229    0.22944E-05
 1230    0.22775E-05
 1231    0.22607E-05
 1232    0.22441E-05
 1233    0.22275E-05
 1234    0.22111E-05
 1235    0.21948E-05
 1236    0.21787E-05
 1237    0.21626E-05
 1238    0.21467E-05
 1239    0.21309E-05
 1240    0.21152E-05
 1241    0.20996E-05
 1242    0.20841E-05
 1243    0.20688E-05
 1244    0.20535E-05
 1245    0.20384E-05
 1246    0.20234E-05
 1247    0.20085E-05
 1248    0.19937E-05
 1249    0.19790E-05
 1250    0.19644E-05
 1251    0.19499E-05
 1252    0.19356E-05
 1253    0.19213E-05
 1254    0.19071E-05
 1255    0.18931E-05
 1256    0.18791E-05
 1257    0.18653E-05
 1258    0.18515E-05
 1259    0.18379E-05
 1260    0.18244E-05
 1261    0.18109E-05
 1262    0.17976E-05
 1263    0.17843E-05
 1264    0.17712E-05
 1265    0.17581E-05
 1266    0.17452E-05
 1267    0.17323E-05
 1268    0.17196E-05
 1269    0.17069E-05
 1270    0.16943E-05
 1271    0.16818E-05
 1272    0.16694E-05
 1273    0.16571E-05
 1274    0.16449E-05
 1275    0.16328E-05
 1276    0.16208E-05
 1277    0.16088E-05
 1278    0.15970E-05
 1279    0.15852E-05
 1280    0.15735E-05
 1281    0.15619E-05
 1282    0.15504E-05
 1283    0.15390E-05
 1284    0.15277E-05
 1285    0.15164E-05
 1286    0.15052E-05
 1287    0.14942E-05
 1288    0.14831E-05
 1289    0.14722E-05
 1290    0.14614E-05
 1291    0.14506E-05
 1292    0.14399E-05
 1293    0.14293E-05
 1294    0.14188E-05
 1295    0.14083E-05
 1296    0.13979E-05
 1297    0.13876E-05
 1298    0.13774E-05
 1299    0.13673E-05
 1300    0.13572E-05
 1301    0.13472E-05
 1302    0.13373E-05
 1303    0.13274E-05
 1304    0.13176E-05
 1305    0.13079E-05
 1306    0.12983E-05
 1307    0.12887E-05
 1308    0.12792E-05
 1309    0.12698E-05
 1310    0.12604E-05
 1311    0.12512E-05
 1312    0.12419E-05
 1313    0.12328E-05
 1314    0.12237E-05
 1315    0.12147E-05
 1316    0.12057E-05
 1317    0.11969E-05
 1318    0.11880E-05
 1319    0.11793E-05
 1320    0.11706E-05
 1321    0.11620E-05
 1322    0.11534E-05
 1323    0.11449E-05
 1324    0.11365E-05
 1325    0.11281E-05
 1326    0.11198E-05
 1327    0.11115E-05
 1328    0.11034E-05
 1329    0.10952E-05
 1330    0.10872E-05
 1331    0.10791E-05
 1332    0.10712E-05
 1333    0.10633E-05
 1334    0.10555E-05
 1335    0.10477E-05
 1336    0.10400E-05
 1337    0.10323E-05
 1338    0.10247E-05
 1339    0.10172E-05
 1340    0.10097E-05
 1341    0.10022E-05
 1342    0.99483E-06
 1343    0.98750E-06
 1344    0.98023E-06
 1345    0.97301E-06
 1346    0.96584E-06
 1347    0.95872E-06
 1348    0.95166E-06
 1349    0.94465E-06
 1350    0.93769E-06
 1351    0.93078E-06
 1352    0.92392E-06
 1353    0.91711E-06
 1354    0.91035E-06
 1355    0.90365E-06
 1356    0.89699E-06
 1357    0.89038E-06
 1358    0.88382E-06
 1359    0.87731E-06
 1360    0.87084E-06
 1361    0.86443E-06
 1362    0.85806E-06
 1363    0.85174E-06
 1364    0.84546E-06
 1365    0.83923E-06
 1366    0.83305E-06
 1367    0.82691E-06
 1368    0.82082E-06
 1369    0.81477E-06
 1370    0.80877E-06
 1371    0.80281E-06
 1372    0.79689E-06
 1373    0.79102E-06
 1374    0.78519E-06
 1375    0.77941E-06
 1376    0.77367E-06
 1377    0.76796E-06
 1378    0.76231E-06
 1379    0.75669E-06
 1380    0.75111E-06
 1381    0.74558E-06
 1382    0.74009E-06
 1383    0.73463E-06
 1384    0.72922E-06
 1385    0.72385E-06
 1386    0.71852E-06
 1387    0.71322E-06
 1388    0.70797E-06
 1389    0.70275E-06
 1390    0.69757E-06
 1391    0.69243E-06
 1392    0.68733E-06
 1393    0.68227E-06
 1394    0.67724E-06
 1395    0.67225E-06
 1396    0.66730E-06
 1397    0.66238E-06
 1398    0.65750E-06
 1399    0.65266E-06
 1400    0.64785E-06
 1401    0.64307E-06
 1402    0.63833E-06
 1403    0.63363E-06
 1404    0.62896E-06
 1405    0.62433E-06
 1406    0.61973E-06
 1407    0.61516E-06
 1408    0.61063E-06
 1409    0.60613E-06
 1410    0.60167E-06
 1411    0.59723E-06
 1412    0.59283E-06
 1413    0.58846E-06
 1414    0.58413E-06
 1415    0.57982E-06
 1416    0.57555E-06
 1417    0.57131E-06
 1418    0.56710E-06
 1419    0.56292E-06
 1420    0.55878E-06
 1421    0.55466E-06
 1422    0.55057E-06
 1423    0.54652E-06
 1424    0.54249E-06
 1425    0.53849E-06
 1426    0.53452E-06
 1427    0.53059E-06
 1428    0.52668E-06
 1429    0.52280E-06
 1430    0.51894E-06
 1431    0.51512E-06
 1432    0.51133E-06
 1433    0.50756E-06
 1434    0.50382E-06
 1435    0.50011E-06
 1436    0.49642E-06
 1437    0.49276E-06
 1438    0.48913E-06
 1439    0.48553E-06
 1440    0.48195E-06
 1441    0.47840E-06
 1442    0.47488E-06
 1443    0.47138E-06
 1444    0.46790E-06
 1445    0.46446E-06
 1446    0.46103E-06
 1447    0.45764E-06
 1448    0.45427E-06
 1449    0.45092E-06
 1450    0.44760E-06
 1451    0.44430E-06
 1452    0.44103E-06
 1453    0.43778E-06
 1454    0.43455E-06
 1455    0.43135E-06
 1456    0.42817E-06
 1457    0.42502E-06
 1458    0.42188E-06
 1459    0.41878E-06
 1460    0.41569E-06
 1461    0.41263E-06
 1462    0.40959E-06
 1463    0.40657E-06
 1464    0.40357E-06
 1465    0.40060E-06
 1466    0.39765E-06
 1467    0.39472E-06
 1468    0.39181E-06
 1469    0.38892E-06
 1470    0.38606E-06
 1471    0.38321E-06
 1472    0.38039E-06
 1473    0.37759E-06
 1474    0.37481E-06
 1475    0.37204E-06
 1476    0.36930E-06
 1477    0.36658E-06
 1478    0.36388E-06
 1479    0.36120E-06
 1480    0.35854E-06
 1481    0.35590E-06
 1482    0.35327E-06
 1483    0.35067E-06
 1484    0.34809E-06
 1485    0.34552E-06
 1486    0.34298E-06
 1487    0.34045E-06
 1488    0.33794E-06
 1489    0.33545E-06
 1490    0.33298E-06
 1491    0.33053E-06
 1492    0.32809E-06
 1493    0.32567E-06
 1494    0.32327E-06
 1495    0.32089E-06
 1496    0.31853E-06
 1497    0.31618E-06
 1498    0.31385E-06
 1499    0.31154E-06
 1500    0.30924E-06
 1501    0.30697E-06
 1502    0.30470E-06
 1503    0.30246E-06
 1504    0.30023E-06
 1505    0.29802E-06
 1506    0.29582E-06
 1507    0.29364E-06
 1508    0.29148E-06
 1509    0.28933E-06
 1510    0.28720E-06
 1511    0.28508E-06
 1512    0.28298E-06
 1513    0.28090E-06
 1514    0.27883E-06
 1515    0.27677E-06
 1516    0.27474E-06
 1517    0.27271E-06
 1518    0.27070E-06
 1519    0.26871E-06
 1520    0.26673E-06
 1521    0.26476E-06
 1522    0.26281E-06
 1523    0.26087E-06
 1524    0.25895E-06
 1525    0.25704E-06
 1526    0.25515E-06
 1527    0.25327E-06
 1528    0.25140E-06
 1529    0.24955E-06
 1530    0.24771E-06
 1531    0.24589E-06
 1532    0.24408E-06
 1533    0.24228E-06
 1534    0.24049E-06
 1535    0.23872E-06
 1536    0.23696E-06
 1537    0.23522E-06
 1538    0.23348E-06
 1539    0.23176E-06
 1540    0.23006E-06
 1541    0.22836E-06
 1542    0.22668E-06
 1543    0.22501E-06
 1544    0.22335E-06
 1545    0.22170E-06
 1546    0.22007E-06
 1547    0.21845E-06
 1548    0.21684E-06
 1549    0.21524E-06
 1550    0.21366E-06
 1551    0.21208E-06
 1552    0.21052E-06
 1553    0.20897E-06
 1554    0.20743E-06
 1555    0.20590E-06
 1556    0.20438E-06
 1557    0.20288E-06
 1558    0.20138E-06
 1559    0.19990E-06
 1560    0.19843E-06
 1561    0.19696E-06
 1562    0.19551E-06
 1563    0.19407E-06
 1564    0.19264E-06
 1565    0.19122E-06
 1566    0.18981E-06
 1567    0.18842E-06
 1568    0.18703E-06
 1569    0.18565E-06
 1570    0.18428E-06
 1571    0.18292E-06
 1572    0.18158E-06
 1573    0.18024E-06
 1574    0.17891E-06
 1575    0.17759E-06
 1576    0.17628E-06
 1577    0.17498E-06
 1578    0.17370E-06
 1579    0.17242E-06
 1580    0.17115E-06
 1581    0.16988E-06
 1582    0.16863E-06
 1583    0.16739E-06
 1584    0.16616E-06
 1585    0.16493E-06
 1586    0.16372E-06
 1587    0.16251E-06
 1588    0.16131E-06
 1589    0.16013E-06
 1590    0.15895E-06
 1591    0.15777E-06
 1592    0.15661E-06
 1593    0.15546E-06
 1594    0.15431E-06
 1595    0.15318E-06
 1596    0.15205E-06
 1597    0.15093E-06
 1598    0.14981E-06
 1599    0.14871E-06
 1600    0.14762E-06
 1601    0.14653E-06
 1602    0.14545E-06
 1603    0.14438E-06
 1604    0.14331E-06
 1605    0.14226E-06
 1606    0.14121E-06
 1607    0.14017E-06
 1608    0.13914E-06
 1609    0.13811E-06
 1610    0.13709E-06
 1611    0.13608E-06
 1612    0.13508E-06
 1613    0.13408E-06
 1614    0.13310E-06
 1615    0.13212E-06
 1616    0.13114E-06
 1617    0.13018E-06
 1618    0.12922E-06
 1619    0.12827E-06
 1620    0.12732E-06
 1621    0.12638E-06
 1622    0.12545E-06
 1623    0.12453E-06
 1624    0.12361E-06
 1625    0.12270E-06
 1626    0.12179E-06
 1627    0.12090E-06
 1628    0.12001E-06
 1629    0.11912E-06
 1630    0.11824E-06
 1631    0.11737E-06
 1632    0.11651E-06
 1633    0.11565E-06
 1634    0.11480E-06
 1635    0.11395E-06
 1636    0.11311E-06
 1637    0.11228E-06
 1638    0.11145E-06
 1639    0.11063E-06
 1640    0.10982E-06
 1641    0.10901E-06
 1642    0.10820E-06
 1643    0.10741E-06
 1644    0.10661E-06
 1645    0.10583E-06
 1646    0.10505E-06
 1647    0.10428E-06
 1648    0.10351E-06
 1649    0.10274E-06
 1650    0.10199E-06
 1651    0.10124E-06
 1652    0.10049E-06
 1653    0.99749E-07
 1654    0.99015E-07
 1655    0.98285E-07
 1656    0.97561E-07
 1657    0.96842E-07
 1658    0.96128E-07
 1659    0.95420E-07
 1660    0.94717E-07
 1661    0.94019E-07
 1662    0.93327E-07
 1663    0.92639E-07
 1664    0.91956E-07
 1665    0.91279E-07
 1666    0.90606E-07
 1667    0.89939E-07
 1668    0.89276E-07
 1669    0.88618E-07
 1670    0.87965E-07
 1671    0.87317E-07
 1672    0.86674E-07
 1673    0.86035E-07
 1674    0.85401E-07
 1675    0.84772E-07
 1676    0.84148E-07
 1677    0.83528E-07
 1678    0.82912E-07
 1679    0.82301E-07
 1680    0.81695E-07
 1681    0.81093E-07
 1682    0.80495E-07
 1683    0.79902E-07
 1684    0.79314E-07
 1685    0.78729E-07
 1686    0.78149E-07
 1687    0.77573E-07
 1688    0.77002E-07
 1689    0.76434E-07
 1690    0.75871E-07
 1691    0.75312E-07
 1692    0.74757E-07
 1693    0.74207E-07
 1694    0.73660E-07
 1695    0.73117E-07
 1696    0.72578E-07
 1697    0.72044E-07
 1698    0.71513E-07
 1699    0.70986E-07
 1700    0.70463E-07
 1701    0.69944E-07
 1702    0.69428E-07
 1703    0.68917E-07
 1704    0.68409E-07
 1705    0.67905E-07
 1706    0.67405E-07
 1707    0.66908E-07
 1708    0.66415E-07
 1709    0.65926E-07
 1710    0.65440E-07
 1711    0.64958E-07
 1712    0.64479E-07
 1713    0.64004E-07
 1714    0.63533E-07
 1715    0.63064E-07
 1716    0.62600E-07
 1717    0.62139E-07
 1718    0.61681E-07
 1719    0.61226E-07
 1720    0.60775E-07
 1721    0.60327E-07
 1722    0.59883E-07
 1723    0.59442E-07
 1724    0.59004E-07
 1725    0.58569E-07
 1726    0.58137E-07
 1727    0.57709E-07
 1728    0.57284E-07
 1729    0.56862E-07
 1730    0.56443E-07
 1731    0.56027E-07
 1732    0.55614E-07
 1733    0.55204E-07
 1734    0.54798E-07
 1735    0.54394E-07
 1736    0.53993E-07
 1737    0.53595E-07
 1738    0.53201E-07
 1739    0.52809E-07
 1740    0.52419E-07
 1741    0.52033E-07
 1742    0.51650E-07
 1743    0.51269E-07
 1744    0.50892E-07
 1745    0.50517E-07
 1746    0.50144E-07
 1747    0.49775E-07
 1748    0.49408E-07
 1749    0.49044E-07
 1750    0.48683E-07
 1751    0.48324E-07
 1752    0.47968E-07
 1753    0.47615E-07
 1754    0.47264E-07
 1755    0.46916E-07
 1756    0.46570E-07
 1757    0.46227E-07
 1758    0.45886E-07
 1759    0.45548E-07
 1760    0.45212E-07
 1761    0.44879E-07
 1762    0.44549E-07
 1763    0.44220E-07
 1764    0.43895E-07
 1765    0.43571E-07
 1766    0.43250E-07
 1767    0.42932E-07
 1768    0.42615E-07
 1769    0.42301E-07
 1770    0.41990E-07
 1771    0.41680E-07
 1772    0.41373E-07
 1773    0.41068E-07
 1774    0.40766E-07
 1775    0.40465E-07
 1776    0.40167E-07
 1777    0.39871E-07
 1778    0.39577E-07
 1779    0.39286E-07
 1780    0.38996E-07
 1781    0.38709E-07
 1782    0.38424E-07
 1783    0.38141E-07
 1784    0.37860E-07
 1785    0.37581E-07
 1786    0.37304E-07
 1787    0.37029E-07
 1788    0.36756E-07
 1789    0.36485E-07
 1790    0.36217E-07
 1791    0.35950E-07
 1792    0.35685E-07
 1793    0.35422E-07
 1794    0.35161E-07
 1795    0.34902E-07
 1796    0.34645E-07
 1797    0.34389E-07
 1798    0.34136E-07
 1799    0.33885E-07
 1800    0.33635E-07
 1801    0.33387E-07
 1802    0.33141E-07
 1803    0.32897E-07
 1804    0.32655E-07
 1805    0.32414E-07
 1806    0.32175E-07
 1807    0.31938E-07
 1808    0.31703E-07
 1809    0.31469E-07
 1810    0.31237E-07
 1811    0.31007E-07
 1812    0.30779E-07
 1813    0.30552E-07
 1814    0.30327E-07
 1815    0.30103E-07
 1816    0.29882E-07
 1817    0.29661E-07
 1818    0.29443E-07
 1819    0.29226E-07
 1820    0.29011E-07
 1821    0.28797E-07
 1822    0.28585E-07
 1823    0.28374E-07
 1824    0.28165E-07
 1825    0.27957E-07
 1826    0.27751E-07
 1827    0.27547E-07
 1828    0.27344E-07
 1829    0.27143E-07
 1830    0.26943E-07
 1831    0.26744E-07
 1832    0.26547E-07
 1833    0.26351E-07
 1834    0.26157E-07
 1835    0.25965E-07
 1836    0.25773E-07
 1837    0.25583E-07
 1838    0.25395E-07
 1839    0.25208E-07
 1840    0.25022E-07
 1841    0.24838E-07
 1842    0.24655E-07
 1843    0.24473E-07
 1844    0.24293E-07
 1845    0.24114E-07
 1846    0.23936E-07
 1847    0.23760E-07
 1848    0.23585E-07
 1849    0.23411E-07
 1850    0.23238E-07
 1851    0.23067E-07
 1852    0.22897E-07
 1853    0.22728E-07
 1854    0.22561E-07
 1855    0.22395E-07
 1856    0.22230E-07
 1857    0.22066E-07
 1858    0.21903E-07
 1859    0.21742E-07
 1860    0.21582E-07
 1861    0.21423E-07
 1862    0.21265E-07
 1863    0.21108E-07
 1864    0.20953E-07
 1865    0.20798E-07
 1866    0.20645E-07
 1867    0.20493E-07
 1868    0.20342E-07
 1869    0.20192E-07
 1870    0.20043E-07
 1871    0.19896E-07
 1872    0.19749E-07
 1873    0.19604E-07
 1874    0.19459E-07
 1875    0.19316E-07
 1876    0.19173E-07
 1877    0.19032E-07
 1878    0.18892E-07
 1879    0.18753E-07
 1880    0.18615E-07
 1881    0.18477E-07
 1882    0.18341E-07
 1883    0.18206E-07
 1884    0.18072E-07
 1885    0.17939E-07
 1886    0.17807E-07
 1887    0.17675E-07
 1888    0.17545E-07
 1889    0.17416E-07
 1890    0.17288E-07
 1891    0.17160E-07
 1892    0.17034E-07
 1893    0.16908E-07
 1894    0.16784E-07
 1895    0.16660E-07
 1896    0.16537E-07
 1897    0.16416E-07
 1898    0.16295E-07
 1899    0.16175E-07
 1900    0.16055E-07
 1901    0.15937E-07
 1902    0.15820E-07
 1903    0.15703E-07
 1904    0.15587E-07
 1905    0.15473E-07
 1906    0.15359E-07
 1907    0.15245E-07
 1908    0.15133E-07
 1909    0.15022E-07
 1910    0.14911E-07
 1911    0.14801E-07
 1912    0.14692E-07
 1913    0.14584E-07
 1914    0.14476E-07
 1915    0.14370E-07
 1916    0.14264E-07
 1917    0.14159E-07
 1918    0.14054E-07
 1919    0.13951E-07
 1920    0.13848E-07
 1921    0.13746E-07
 1922    0.13645E-07
 1923    0.13544E-07
 1924    0.13444E-07
 1925    0.13345E-07
 1926    0.13247E-07
 1927    0.13149E-07
 1928    0.13052E-07
 1929    0.12956E-07
 1930    0.12861E-07
 1931    0.12766E-07
 1932    0.12672E-07
 1933    0.12579E-07
 1934    0.12486E-07
 1935    0.12394E-07
 1936    0.12303E-07
 1937    0.12212E-07
 1938    0.12122E-07
 1939    0.12033E-07
 1940    0.11944E-07
 1941    0.11856E-07
 1942    0.11769E-07
 1943    0.11682E-07
 1944    0.11596E-07
 1945    0.11510E-07
 1946    0.11426E-07
 1947    0.11341E-07
 1948    0.11258E-07
 1949    0.11175E-07
 1950    0.11093E-07
 1951    0.11011E-07
 1952    0.10930E-07
 1953    0.10849E-07
 1954    0.10769E-07
 1955    0.10690E-07
 1956    0.10611E-07
 1957    0.10533E-07
 1958    0.10455E-07
 1959    0.10378E-07
 1960    0.10302E-07
 1961    0.10226E-07
 1962    0.10151E-07
 1963    0.10076E-07
 1964    0.10002E-07
 1965    0.99279E-08

iteration:   1965

epsilon =     0.10000E-07
omega =     0.18000E+01
tick =     0.10000E-06

norm_x =     0.18704E+03, norm_analysis =     0.18703E+03
diff =     0.92810E+01

caltime =   14.1527, comtime =    0.2481, checktime =    7.0218
alltime =   21.4226

