sorrb2:
    1    0.24991E+01
    2    0.18830E+01
    3    0.17022E+01
    4    0.14425E+01
    5    0.12466E+01
    6    0.10812E+01
    7    0.93084E+00
    8    0.81620E+00
    9    0.70611E+00
   10    0.62350E+00
   11    0.54470E+00
   12    0.48480E+00
   13    0.42840E+00
   14    0.38480E+00
   15    0.34458E+00
   16    0.31274E+00
   17    0.28383E+00
   18    0.26048E+00
   19    0.23952E+00
   20    0.22218E+00
   21    0.20672E+00
   22    0.19365E+00
   23    0.18198E+00
   24    0.17189E+00
   25    0.16274E+00
   26    0.15436E+00
   27    0.14610E+00
   28    0.13787E+00
   29    0.12996E+00
   30    0.12286E+00
   31    0.11681E+00
   32    0.11224E+00
   33    0.10885E+00
   34    0.10560E+00
   35    0.10208E+00
   36    0.98550E-01
   37    0.95395E-01
   38    0.92745E-01
   39    0.90260E-01
   40    0.87736E-01
   41    0.85270E-01
   42    0.83031E-01
   43    0.80992E-01
   44    0.79010E-01
   45    0.77058E-01
   46    0.75210E-01
   47    0.73495E-01
   48    0.71851E-01
   49    0.70243E-01
   50    0.68697E-01
   51    0.67233E-01
   52    0.65830E-01
   53    0.64464E-01
   54    0.63142E-01
   55    0.61874E-01
   56    0.60651E-01
   57    0.59461E-01
   58    0.58303E-01
   59    0.57186E-01
   60    0.56104E-01
   61    0.55052E-01
   62    0.54028E-01
   63    0.53036E-01
   64    0.52072E-01
   65    0.51133E-01
   66    0.50218E-01
   67    0.49330E-01
   68    0.48465E-01
   69    0.47622E-01
   70    0.46799E-01
   71    0.45998E-01
   72    0.45218E-01
   73    0.44457E-01
   74    0.43714E-01
   75    0.42989E-01
   76    0.42282E-01
   77    0.41591E-01
   78    0.40917E-01
   79    0.40258E-01
   80    0.39615E-01
   81    0.38986E-01
   82    0.38371E-01
   83    0.37771E-01
   84    0.37184E-01
   85    0.36609E-01
   86    0.36048E-01
   87    0.35498E-01
   88    0.34961E-01
   89    0.34434E-01
   90    0.33919E-01
   91    0.33415E-01
   92    0.32921E-01
   93    0.32438E-01
   94    0.31964E-01
   95    0.31500E-01
   96    0.31046E-01
   97    0.30600E-01
   98    0.30164E-01
   99    0.29736E-01
  100    0.29316E-01
  101    0.28904E-01
  102    0.28501E-01
  103    0.28105E-01
  104    0.27716E-01
  105    0.27335E-01
  106    0.26961E-01
  107    0.26594E-01
  108    0.26234E-01
  109    0.25880E-01
  110    0.25533E-01
  111    0.25192E-01
  112    0.24857E-01
  113    0.24528E-01
  114    0.24205E-01
  115    0.23887E-01
  116    0.23575E-01
  117    0.23269E-01
  118    0.22968E-01
  119    0.22672E-01
  120    0.22380E-01
  121    0.22094E-01
  122    0.21813E-01
  123    0.21536E-01
  124    0.21264E-01
  125    0.20997E-01
  126    0.20733E-01
  127    0.20474E-01
  128    0.20220E-01
  129    0.19969E-01
  130    0.19722E-01
  131    0.19480E-01
  132    0.19241E-01
  133    0.19005E-01
  134    0.18774E-01
  135    0.18546E-01
  136    0.18322E-01
  137    0.18101E-01
  138    0.17883E-01
  139    0.17669E-01
  140    0.17458E-01
  141    0.17251E-01
  142    0.17046E-01
  143    0.16844E-01
  144    0.16646E-01
  145    0.16450E-01
  146    0.16257E-01
  147    0.16067E-01
  148    0.15880E-01
  149    0.15695E-01
  150    0.15513E-01
  151    0.15334E-01
  152    0.15158E-01
  153    0.14983E-01
  154    0.14812E-01
  155    0.14642E-01
  156    0.14475E-01
  157    0.14311E-01
  158    0.14148E-01
  159    0.13988E-01
  160    0.13830E-01
  161    0.13674E-01
  162    0.13521E-01
  163    0.13369E-01
  164    0.13219E-01
  165    0.13072E-01
  166    0.12926E-01
  167    0.12783E-01
  168    0.12641E-01
  169    0.12501E-01
  170    0.12363E-01
  171    0.12227E-01
  172    0.12092E-01
  173    0.11960E-01
  174    0.11829E-01
  175    0.11699E-01
  176    0.11572E-01
  177    0.11446E-01
  178    0.11321E-01
  179    0.11198E-01
  180    0.11077E-01
  181    0.10957E-01
  182    0.10839E-01
  183    0.10722E-01
  184    0.10606E-01
  185    0.10492E-01
  186    0.10380E-01
  187    0.10269E-01
  188    0.10159E-01
  189    0.10050E-01
  190    0.99431E-02
  191    0.98372E-02
  192    0.97326E-02
  193    0.96292E-02
  194    0.95270E-02
  195    0.94261E-02
  196    0.93264E-02
  197    0.92278E-02
  198    0.91304E-02
  199    0.90342E-02
  200    0.89391E-02
  201    0.88451E-02
  202    0.87521E-02
  203    0.86603E-02
  204    0.85695E-02
  205    0.84798E-02
  206    0.83911E-02
  207    0.83034E-02
  208    0.82168E-02
  209    0.81311E-02
  210    0.80463E-02
  211    0.79626E-02
  212    0.78798E-02
  213    0.77979E-02
  214    0.77170E-02
  215    0.76369E-02
  216    0.75578E-02
  217    0.74795E-02
  218    0.74021E-02
  219    0.73256E-02
  220    0.72499E-02
  221    0.71750E-02
  222    0.71010E-02
  223    0.70278E-02
  224    0.69554E-02
  225    0.68838E-02
  226    0.68129E-02
  227    0.67429E-02
  228    0.66736E-02
  229    0.66050E-02
  230    0.65372E-02
  231    0.64702E-02
  232    0.64038E-02
  233    0.63382E-02
  234    0.62733E-02
  235    0.62091E-02
  236    0.61455E-02
  237    0.60827E-02
  238    0.60205E-02
  239    0.59590E-02
  240    0.58981E-02
  241    0.58379E-02
  242    0.57783E-02
  243    0.57194E-02
  244    0.56611E-02
  245    0.56034E-02
  246    0.55463E-02
  247    0.54898E-02
  248    0.54339E-02
  249    0.53786E-02
  250    0.53239E-02
  251    0.52697E-02
  252    0.52162E-02
  253    0.51631E-02
  254    0.51107E-02
  255    0.50588E-02
  256    0.50074E-02
  257    0.49565E-02
  258    0.49062E-02
  259    0.48564E-02
  260    0.48072E-02
  261    0.47584E-02
  262    0.47102E-02
  263    0.46624E-02
  264    0.46151E-02
  265    0.45684E-02
  266    0.45221E-02
  267    0.44763E-02
  268    0.44309E-02
  269    0.43861E-02
  270    0.43416E-02
  271    0.42977E-02
  272    0.42542E-02
  273    0.42111E-02
  274    0.41685E-02
  275    0.41264E-02
  276    0.40846E-02
  277    0.40433E-02
  278    0.40024E-02
  279    0.39619E-02
  280    0.39219E-02
  281    0.38822E-02
  282    0.38430E-02
  283    0.38041E-02
  284    0.37657E-02
  285    0.37276E-02
  286    0.36900E-02
  287    0.36527E-02
  288    0.36158E-02
  289    0.35792E-02
  290    0.35431E-02
  291    0.35073E-02
  292    0.34719E-02
  293    0.34368E-02
  294    0.34021E-02
  295    0.33677E-02
  296    0.33337E-02
  297    0.33001E-02
  298    0.32667E-02
  299    0.32338E-02
  300    0.32011E-02
  301    0.31688E-02
  302    0.31368E-02
  303    0.31051E-02
  304    0.30738E-02
  305    0.30428E-02
  306    0.30120E-02
  307    0.29816E-02
  308    0.29515E-02
  309    0.29217E-02
  310    0.28922E-02
  311    0.28631E-02
  312    0.28342E-02
  313    0.28055E-02
  314    0.27772E-02
  315    0.27492E-02
  316    0.27214E-02
  317    0.26940E-02
  318    0.26668E-02
  319    0.26399E-02
  320    0.26132E-02
  321    0.25868E-02
  322    0.25607E-02
  323    0.25349E-02
  324    0.25093E-02
  325    0.24840E-02
  326    0.24589E-02
  327    0.24341E-02
  328    0.24095E-02
  329    0.23852E-02
  330    0.23611E-02
  331    0.23373E-02
  332    0.23137E-02
  333    0.22903E-02
  334    0.22672E-02
  335    0.22443E-02
  336    0.22216E-02
  337    0.21992E-02
  338    0.21770E-02
  339    0.21550E-02
  340    0.21333E-02
  341    0.21117E-02
  342    0.20904E-02
  343    0.20693E-02
  344    0.20484E-02
  345    0.20277E-02
  346    0.20072E-02
  347    0.19869E-02
  348    0.19669E-02
  349    0.19470E-02
  350    0.19273E-02
  351    0.19079E-02
  352    0.18886E-02
  353    0.18695E-02
  354    0.18506E-02
  355    0.18319E-02
  356    0.18134E-02
  357    0.17951E-02
  358    0.17770E-02
  359    0.17590E-02
  360    0.17413E-02
  361    0.17237E-02
  362    0.17062E-02
  363    0.16890E-02
  364    0.16719E-02
  365    0.16550E-02
  366    0.16383E-02
  367    0.16217E-02
  368    0.16054E-02
  369    0.15891E-02
  370    0.15731E-02
  371    0.15572E-02
  372    0.15414E-02
  373    0.15258E-02
  374    0.15104E-02
  375    0.14951E-02
  376    0.14800E-02
  377    0.14651E-02
  378    0.14503E-02
  379    0.14356E-02
  380    0.14211E-02
  381    0.14067E-02
  382    0.13925E-02
  383    0.13784E-02
  384    0.13645E-02
  385    0.13507E-02
  386    0.13370E-02
  387    0.13235E-02
  388    0.13101E-02
  389    0.12968E-02
  390    0.12837E-02
  391    0.12707E-02
  392    0.12579E-02
  393    0.12451E-02
  394    0.12325E-02
  395    0.12201E-02
  396    0.12077E-02
  397    0.11955E-02
  398    0.11834E-02
  399    0.11714E-02
  400    0.11596E-02
  401    0.11478E-02
  402    0.11362E-02
  403    0.11247E-02
  404    0.11133E-02
  405    0.11021E-02
  406    0.10909E-02
  407    0.10799E-02
  408    0.10689E-02
  409    0.10581E-02
  410    0.10474E-02
  411    0.10368E-02
  412    0.10263E-02
  413    0.10159E-02
  414    0.10056E-02
  415    0.99544E-03
  416    0.98537E-03
  417    0.97539E-03
  418    0.96551E-03
  419    0.95573E-03
  420    0.94605E-03
  421    0.93647E-03
  422    0.92699E-03
  423    0.91760E-03
  424    0.90830E-03
  425    0.89910E-03
  426    0.88999E-03
  427    0.88098E-03
  428    0.87205E-03
  429    0.86322E-03
  430    0.85447E-03
  431    0.84582E-03
  432    0.83725E-03
  433    0.82877E-03
  434    0.82037E-03
  435    0.81206E-03
  436    0.80383E-03
  437    0.79568E-03
  438    0.78762E-03
  439    0.77964E-03
  440    0.77174E-03
  441    0.76391E-03
  442    0.75617E-03
  443    0.74851E-03
  444    0.74092E-03
  445    0.73341E-03
  446    0.72598E-03
  447    0.71862E-03
  448    0.71134E-03
  449    0.70412E-03
  450    0.69699E-03
  451    0.68992E-03
  452    0.68293E-03
  453    0.67600E-03
  454    0.66915E-03
  455    0.66237E-03
  456    0.65565E-03
  457    0.64900E-03
  458    0.64242E-03
  459    0.63591E-03
  460    0.62946E-03
  461    0.62308E-03
  462    0.61676E-03
  463    0.61050E-03
  464    0.60431E-03
  465    0.59818E-03
  466    0.59212E-03
  467    0.58611E-03
  468    0.58017E-03
  469    0.57428E-03
  470    0.56846E-03
  471    0.56269E-03
  472    0.55698E-03
  473    0.55133E-03
  474    0.54574E-03
  475    0.54021E-03
  476    0.53473E-03
  477    0.52930E-03
  478    0.52393E-03
  479    0.51862E-03
  480    0.51336E-03
  481    0.50815E-03
  482    0.50299E-03
  483    0.49789E-03
  484    0.49284E-03
  485    0.48784E-03
  486    0.48289E-03
  487    0.47799E-03
  488    0.47314E-03
  489    0.46834E-03
  490    0.46358E-03
  491    0.45888E-03
  492    0.45422E-03
  493    0.44961E-03
  494    0.44505E-03
  495    0.44053E-03
  496    0.43606E-03
  497    0.43164E-03
  498    0.42726E-03
  499    0.42292E-03
  500    0.41863E-03
  501    0.41438E-03
  502    0.41017E-03
  503    0.40601E-03
  504    0.40189E-03
  505    0.39781E-03
  506    0.39377E-03
  507    0.38978E-03
  508    0.38582E-03
  509    0.38190E-03
  510    0.37803E-03
  511    0.37419E-03
  512    0.37039E-03
  513    0.36663E-03
  514    0.36291E-03
  515    0.35922E-03
  516    0.35558E-03
  517    0.35197E-03
  518    0.34839E-03
  519    0.34486E-03
  520    0.34135E-03
  521    0.33789E-03
  522    0.33446E-03
  523    0.33106E-03
  524    0.32770E-03
  525    0.32437E-03
  526    0.32108E-03
  527    0.31782E-03
  528    0.31459E-03
  529    0.31140E-03
  530    0.30824E-03
  531    0.30511E-03
  532    0.30201E-03
  533    0.29894E-03
  534    0.29591E-03
  535    0.29290E-03
  536    0.28993E-03
  537    0.28698E-03
  538    0.28407E-03
  539    0.28118E-03
  540    0.27833E-03
  541    0.27550E-03
  542    0.27270E-03
  543    0.26993E-03
  544    0.26719E-03
  545    0.26448E-03
  546    0.26179E-03
  547    0.25913E-03
  548    0.25650E-03
  549    0.25389E-03
  550    0.25132E-03
  551    0.24876E-03
  552    0.24624E-03
  553    0.24374E-03
  554    0.24126E-03
  555    0.23881E-03
  556    0.23638E-03
  557    0.23398E-03
  558    0.23161E-03
  559    0.22925E-03
  560    0.22692E-03
  561    0.22462E-03
  562    0.22234E-03
  563    0.22008E-03
  564    0.21784E-03
  565    0.21563E-03
  566    0.21344E-03
  567    0.21127E-03
  568    0.20912E-03
  569    0.20700E-03
  570    0.20490E-03
  571    0.20282E-03
  572    0.20075E-03
  573    0.19872E-03
  574    0.19670E-03
  575    0.19470E-03
  576    0.19272E-03
  577    0.19076E-03
  578    0.18882E-03
  579    0.18690E-03
  580    0.18501E-03
  581    0.18313E-03
  582    0.18127E-03
  583    0.17942E-03
  584    0.17760E-03
  585    0.17580E-03
  586    0.17401E-03
  587    0.17224E-03
  588    0.17049E-03
  589    0.16876E-03
  590    0.16704E-03
  591    0.16535E-03
  592    0.16367E-03
  593    0.16200E-03
  594    0.16036E-03
  595    0.15873E-03
  596    0.15712E-03
  597    0.15552E-03
  598    0.15394E-03
  599    0.15237E-03
  600    0.15083E-03
  601    0.14929E-03
  602    0.14778E-03
  603    0.14627E-03
  604    0.14479E-03
  605    0.14332E-03
  606    0.14186E-03
  607    0.14042E-03
  608    0.13899E-03
  609    0.13758E-03
  610    0.13618E-03
  611    0.13480E-03
  612    0.13343E-03
  613    0.13207E-03
  614    0.13073E-03
  615    0.12940E-03
  616    0.12809E-03
  617    0.12678E-03
  618    0.12549E-03
  619    0.12422E-03
  620    0.12296E-03
  621    0.12171E-03
  622    0.12047E-03
  623    0.11925E-03
  624    0.11803E-03
  625    0.11683E-03
  626    0.11565E-03
  627    0.11447E-03
  628    0.11331E-03
  629    0.11216E-03
  630    0.11102E-03
  631    0.10989E-03
  632    0.10877E-03
  633    0.10767E-03
  634    0.10657E-03
  635    0.10549E-03
  636    0.10442E-03
  637    0.10335E-03
  638    0.10230E-03
  639    0.10126E-03
  640    0.10024E-03
  641    0.99216E-04
  642    0.98208E-04
  643    0.97210E-04
  644    0.96222E-04
  645    0.95244E-04
  646    0.94275E-04
  647    0.93317E-04
  648    0.92369E-04
  649    0.91430E-04
  650    0.90500E-04
  651    0.89580E-04
  652    0.88670E-04
  653    0.87769E-04
  654    0.86876E-04
  655    0.85993E-04
  656    0.85119E-04
  657    0.84254E-04
  658    0.83397E-04
  659    0.82550E-04
  660    0.81711E-04
  661    0.80880E-04
  662    0.80058E-04
  663    0.79244E-04
  664    0.78438E-04
  665    0.77641E-04
  666    0.76852E-04
  667    0.76071E-04
  668    0.75297E-04
  669    0.74532E-04
  670    0.73774E-04
  671    0.73024E-04
  672    0.72282E-04
  673    0.71547E-04
  674    0.70820E-04
  675    0.70100E-04
  676    0.69387E-04
  677    0.68682E-04
  678    0.67984E-04
  679    0.67293E-04
  680    0.66609E-04
  681    0.65931E-04
  682    0.65261E-04
  683    0.64598E-04
  684    0.63941E-04
  685    0.63291E-04
  686    0.62648E-04
  687    0.62011E-04
  688    0.61380E-04
  689    0.60756E-04
  690    0.60139E-04
  691    0.59527E-04
  692    0.58922E-04
  693    0.58323E-04
  694    0.57730E-04
  695    0.57143E-04
  696    0.56562E-04
  697    0.55987E-04
  698    0.55418E-04
  699    0.54855E-04
  700    0.54297E-04
  701    0.53745E-04
  702    0.53199E-04
  703    0.52658E-04
  704    0.52122E-04
  705    0.51592E-04
  706    0.51068E-04
  707    0.50549E-04
  708    0.50035E-04
  709    0.49526E-04
  710    0.49023E-04
  711    0.48524E-04
  712    0.48031E-04
  713    0.47543E-04
  714    0.47059E-04
  715    0.46581E-04
  716    0.46107E-04
  717    0.45638E-04
  718    0.45174E-04
  719    0.44715E-04
  720    0.44261E-04
  721    0.43811E-04
  722    0.43365E-04
  723    0.42924E-04
  724    0.42488E-04
  725    0.42056E-04
  726    0.41628E-04
  727    0.41205E-04
  728    0.40786E-04
  729    0.40371E-04
  730    0.39961E-04
  731    0.39555E-04
  732    0.39152E-04
  733    0.38754E-04
  734    0.38360E-04
  735    0.37970E-04
  736    0.37584E-04
  737    0.37202E-04
  738    0.36824E-04
  739    0.36450E-04
  740    0.36079E-04
  741    0.35712E-04
  742    0.35349E-04
  743    0.34990E-04
  744    0.34634E-04
  745    0.34282E-04
  746    0.33933E-04
  747    0.33588E-04
  748    0.33247E-04
  749    0.32909E-04
  750    0.32574E-04
  751    0.32243E-04
  752    0.31915E-04
  753    0.31590E-04
  754    0.31269E-04
  755    0.30951E-04
  756    0.30637E-04
  757    0.30325E-04
  758    0.30017E-04
  759    0.29712E-04
  760    0.29410E-04
  761    0.29111E-04
  762    0.28815E-04
  763    0.28522E-04
  764    0.28232E-04
  765    0.27944E-04
  766    0.27660E-04
  767    0.27379E-04
  768    0.27101E-04
  769    0.26825E-04
  770    0.26552E-04
  771    0.26282E-04
  772    0.26015E-04
  773    0.25751E-04
  774    0.25489E-04
  775    0.25230E-04
  776    0.24973E-04
  777    0.24719E-04
  778    0.24468E-04
  779    0.24219E-04
  780    0.23973E-04
  781    0.23729E-04
  782    0.23488E-04
  783    0.23249E-04
  784    0.23013E-04
  785    0.22779E-04
  786    0.22547E-04
  787    0.22318E-04
  788    0.22091E-04
  789    0.21866E-04
  790    0.21644E-04
  791    0.21424E-04
  792    0.21206E-04
  793    0.20990E-04
  794    0.20777E-04
  795    0.20566E-04
  796    0.20357E-04
  797    0.20150E-04
  798    0.19945E-04
  799    0.19742E-04
  800    0.19541E-04
  801    0.19342E-04
  802    0.19146E-04
  803    0.18951E-04
  804    0.18758E-04
  805    0.18568E-04
  806    0.18379E-04
  807    0.18192E-04
  808    0.18007E-04
  809    0.17824E-04
  810    0.17643E-04
  811    0.17463E-04
  812    0.17286E-04
  813    0.17110E-04
  814    0.16936E-04
  815    0.16764E-04
  816    0.16593E-04
  817    0.16425E-04
  818    0.16258E-04
  819    0.16092E-04
  820    0.15929E-04
  821    0.15767E-04
  822    0.15606E-04
  823    0.15448E-04
  824    0.15291E-04
  825    0.15135E-04
  826    0.14981E-04
  827    0.14829E-04
  828    0.14678E-04
  829    0.14529E-04
  830    0.14381E-04
  831    0.14235E-04
  832    0.14090E-04
  833    0.13947E-04
  834    0.13805E-04
  835    0.13665E-04
  836    0.13526E-04
  837    0.13388E-04
  838    0.13252E-04
  839    0.13117E-04
  840    0.12984E-04
  841    0.12852E-04
  842    0.12721E-04
  843    0.12592E-04
  844    0.12464E-04
  845    0.12337E-04
  846    0.12212E-04
  847    0.12087E-04
  848    0.11965E-04
  849    0.11843E-04
  850    0.11722E-04
  851    0.11603E-04
  852    0.11485E-04
  853    0.11368E-04
  854    0.11253E-04
  855    0.11138E-04
  856    0.11025E-04
  857    0.10913E-04
  858    0.10802E-04
  859    0.10692E-04
  860    0.10584E-04
  861    0.10476E-04
  862    0.10369E-04
  863    0.10264E-04
  864    0.10160E-04
  865    0.10056E-04
  866    0.99540E-05
  867    0.98528E-05
  868    0.97526E-05
  869    0.96535E-05
  870    0.95553E-05
  871    0.94581E-05
  872    0.93620E-05
  873    0.92668E-05
  874    0.91725E-05
  875    0.90793E-05
  876    0.89869E-05
  877    0.88956E-05
  878    0.88051E-05
  879    0.87156E-05
  880    0.86269E-05
  881    0.85392E-05
  882    0.84524E-05
  883    0.83664E-05
  884    0.82814E-05
  885    0.81971E-05
  886    0.81138E-05
  887    0.80313E-05
  888    0.79496E-05
  889    0.78688E-05
  890    0.77888E-05
  891    0.77096E-05
  892    0.76312E-05
  893    0.75536E-05
  894    0.74768E-05
  895    0.74007E-05
  896    0.73255E-05
  897    0.72510E-05
  898    0.71773E-05
  899    0.71043E-05
  900    0.70320E-05
  901    0.69605E-05
  902    0.68898E-05
  903    0.68197E-05
  904    0.67503E-05
  905    0.66817E-05
  906    0.66138E-05
  907    0.65465E-05
  908    0.64799E-05
  909    0.64140E-05
  910    0.63488E-05
  911    0.62843E-05
  912    0.62204E-05
  913    0.61571E-05
  914    0.60945E-05
  915    0.60325E-05
  916    0.59712E-05
  917    0.59105E-05
  918    0.58504E-05
  919    0.57909E-05
  920    0.57320E-05
  921    0.56737E-05
  922    0.56160E-05
  923    0.55589E-05
  924    0.55024E-05
  925    0.54464E-05
  926    0.53910E-05
  927    0.53362E-05
  928    0.52820E-05
  929    0.52282E-05
  930    0.51751E-05
  931    0.51225E-05
  932    0.50704E-05
  933    0.50188E-05
  934    0.49678E-05
  935    0.49173E-05
  936    0.48673E-05
  937    0.48178E-05
  938    0.47688E-05
  939    0.47203E-05
  940    0.46723E-05
  941    0.46248E-05
  942    0.45777E-05
  943    0.45312E-05
  944    0.44851E-05
  945    0.44395E-05
  946    0.43944E-05
  947    0.43497E-05
  948    0.43054E-05
  949    0.42617E-05
  950    0.42183E-05
  951    0.41754E-05
  952    0.41330E-05
  953    0.40909E-05
  954    0.40493E-05
  955    0.40082E-05
  956    0.39674E-05
  957    0.39271E-05
  958    0.38871E-05
  959    0.38476E-05
  960    0.38085E-05
  961    0.37698E-05
  962    0.37314E-05
  963    0.36935E-05
  964    0.36559E-05
  965    0.36187E-05
  966    0.35819E-05
  967    0.35455E-05
  968    0.35095E-05
  969    0.34738E-05
  970    0.34385E-05
  971    0.34035E-05
  972    0.33689E-05
  973    0.33346E-05
  974    0.33007E-05
  975    0.32671E-05
  976    0.32339E-05
  977    0.32010E-05
  978    0.31685E-05
  979    0.31363E-05
  980    0.31044E-05
  981    0.30728E-05
  982    0.30416E-05
  983    0.30106E-05
  984    0.29800E-05
  985    0.29497E-05
  986    0.29197E-05
  987    0.28900E-05
  988    0.28606E-05
  989    0.28316E-05
  990    0.28028E-05
  991    0.27743E-05
  992    0.27460E-05
  993    0.27181E-05
  994    0.26905E-05
  995    0.26631E-05
  996    0.26360E-05
  997    0.26092E-05
  998    0.25827E-05
  999    0.25564E-05
 1000    0.25304E-05
 1001    0.25047E-05
 1002    0.24792E-05
 1003    0.24540E-05
 1004    0.24291E-05
 1005    0.24044E-05
 1006    0.23799E-05
 1007    0.23557E-05
 1008    0.23318E-05
 1009    0.23081E-05
 1010    0.22846E-05
 1011    0.22614E-05
 1012    0.22384E-05
 1013    0.22156E-05
 1014    0.21931E-05
 1015    0.21708E-05
 1016    0.21487E-05
 1017    0.21268E-05
 1018    0.21052E-05
 1019    0.20838E-05
 1020    0.20626E-05
 1021    0.20416E-05
 1022    0.20209E-05
 1023    0.20003E-05
 1024    0.19800E-05
 1025    0.19599E-05
 1026    0.19399E-05
 1027    0.19202E-05
 1028    0.19007E-05
 1029    0.18814E-05
 1030    0.18622E-05
 1031    0.18433E-05
 1032    0.18245E-05
 1033    0.18060E-05
 1034    0.17876E-05
 1035    0.17694E-05
 1036    0.17514E-05
 1037    0.17336E-05
 1038    0.17160E-05
 1039    0.16986E-05
 1040    0.16813E-05
 1041    0.16642E-05
 1042    0.16473E-05
 1043    0.16305E-05
 1044    0.16139E-05
 1045    0.15975E-05
 1046    0.15813E-05
 1047    0.15652E-05
 1048    0.15493E-05
 1049    0.15335E-05
 1050    0.15179E-05
 1051    0.15025E-05
 1052    0.14872E-05
 1053    0.14721E-05
 1054    0.14571E-05
 1055    0.14423E-05
 1056    0.14276E-05
 1057    0.14131E-05
 1058    0.13988E-05
 1059    0.13845E-05
 1060    0.13705E-05
 1061    0.13565E-05
 1062    0.13427E-05
 1063    0.13291E-05
 1064    0.13156E-05
 1065    0.13022E-05
 1066    0.12889E-05
 1067    0.12758E-05
 1068    0.12629E-05
 1069    0.12500E-05
 1070    0.12373E-05
 1071    0.12247E-05
 1072    0.12123E-05
 1073    0.11999E-05
 1074    0.11877E-05
 1075    0.11757E-05
 1076    0.11637E-05
 1077    0.11519E-05
 1078    0.11402E-05
 1079    0.11286E-05
 1080    0.11171E-05
 1081    0.11057E-05
 1082    0.10945E-05
 1083    0.10834E-05
 1084    0.10723E-05
 1085    0.10614E-05
 1086    0.10506E-05
 1087    0.10400E-05
 1088    0.10294E-05
 1089    0.10189E-05
 1090    0.10085E-05
 1091    0.99829E-06
 1092    0.98814E-06
 1093    0.97809E-06
 1094    0.96815E-06
 1095    0.95830E-06
 1096    0.94856E-06
 1097    0.93891E-06
 1098    0.92936E-06
 1099    0.91991E-06
 1100    0.91056E-06
 1101    0.90130E-06
 1102    0.89213E-06
 1103    0.88306E-06
 1104    0.87408E-06
 1105    0.86519E-06
 1106    0.85640E-06
 1107    0.84769E-06
 1108    0.83907E-06
 1109    0.83054E-06
 1110    0.82209E-06
 1111    0.81373E-06
 1112    0.80546E-06
 1113    0.79726E-06
 1114    0.78916E-06
 1115    0.78113E-06
 1116    0.77319E-06
 1117    0.76533E-06
 1118    0.75754E-06
 1119    0.74984E-06
 1120    0.74222E-06
 1121    0.73467E-06
 1122    0.72720E-06
 1123    0.71980E-06
 1124    0.71248E-06
 1125    0.70524E-06
 1126    0.69807E-06
 1127    0.69097E-06
 1128    0.68394E-06
 1129    0.67699E-06
 1130    0.67010E-06
 1131    0.66329E-06
 1132    0.65654E-06
 1133    0.64987E-06
 1134    0.64326E-06
 1135    0.63672E-06
 1136    0.63024E-06
 1137    0.62383E-06
 1138    0.61749E-06
 1139    0.61121E-06
 1140    0.60500E-06
 1141    0.59884E-06
 1142    0.59275E-06
 1143    0.58673E-06
 1144    0.58076E-06
 1145    0.57485E-06
 1146    0.56901E-06
 1147    0.56322E-06
 1148    0.55749E-06
 1149    0.55183E-06
 1150    0.54621E-06
 1151    0.54066E-06
 1152    0.53516E-06
 1153    0.52972E-06
 1154    0.52433E-06
 1155    0.51900E-06
 1156    0.51372E-06
 1157    0.50850E-06
 1158    0.50333E-06
 1159    0.49821E-06
 1160    0.49314E-06
 1161    0.48813E-06
 1162    0.48317E-06
 1163    0.47825E-06
 1164    0.47339E-06
 1165    0.46858E-06
 1166    0.46381E-06
 1167    0.45909E-06
 1168    0.45443E-06
 1169    0.44980E-06
 1170    0.44523E-06
 1171    0.44070E-06
 1172    0.43622E-06
 1173    0.43179E-06
 1174    0.42739E-06
 1175    0.42305E-06
 1176    0.41875E-06
 1177    0.41449E-06
 1178    0.41027E-06
 1179    0.40610E-06
 1180    0.40197E-06
 1181    0.39788E-06
 1182    0.39384E-06
 1183    0.38983E-06
 1184    0.38587E-06
 1185    0.38195E-06
 1186    0.37806E-06
 1187    0.37422E-06
 1188    0.37041E-06
 1189    0.36664E-06
 1190    0.36292E-06
 1191    0.35923E-06
 1192    0.35557E-06
 1193    0.35196E-06
 1194    0.34838E-06
 1195    0.34484E-06
 1196    0.34133E-06
 1197    0.33786E-06
 1198    0.33442E-06
 1199    0.33102E-06
 1200    0.32766E-06
 1201    0.32432E-06
 1202    0.32103E-06
 1203    0.31776E-06
 1204    0.31453E-06
 1205    0.31133E-06
 1206    0.30817E-06
 1207    0.30503E-06
 1208    0.30193E-06
 1209    0.29886E-06
 1210    0.29582E-06
 1211    0.29281E-06
 1212    0.28983E-06
 1213    0.28689E-06
 1214    0.28397E-06
 1215    0.28108E-06
 1216    0.27822E-06
 1217    0.27539E-06
 1218    0.27259E-06
 1219    0.26982E-06
 1220    0.26708E-06
 1221    0.26436E-06
 1222    0.26167E-06
 1223    0.25901E-06
 1224    0.25638E-06
 1225    0.25377E-06
 1226    0.25119E-06
 1227    0.24864E-06
 1228    0.24611E-06
 1229    0.24361E-06
 1230    0.24113E-06
 1231    0.23868E-06
 1232    0.23625E-06
 1233    0.23385E-06
 1234    0.23147E-06
 1235    0.22912E-06
 1236    0.22679E-06
 1237    0.22448E-06
 1238    0.22220E-06
 1239    0.21994E-06
 1240    0.21770E-06
 1241    0.21549E-06
 1242    0.21330E-06
 1243    0.21113E-06
 1244    0.20898E-06
 1245    0.20686E-06
 1246    0.20475E-06
 1247    0.20267E-06
 1248    0.20061E-06
 1249    0.19857E-06
 1250    0.19655E-06
 1251    0.19455E-06
 1252    0.19257E-06
 1253    0.19061E-06
 1254    0.18868E-06
 1255    0.18676E-06
 1256    0.18486E-06
 1257    0.18298E-06
 1258    0.18112E-06
 1259    0.17928E-06
 1260    0.17745E-06
 1261    0.17565E-06
 1262    0.17386E-06
 1263    0.17209E-06
 1264    0.17034E-06
 1265    0.16861E-06
 1266    0.16690E-06
 1267    0.16520E-06
 1268    0.16352E-06
 1269    0.16186E-06
 1270    0.16021E-06
 1271    0.15858E-06
 1272    0.15697E-06
 1273    0.15537E-06
 1274    0.15379E-06
 1275    0.15223E-06
 1276    0.15068E-06
 1277    0.14915E-06
 1278    0.14763E-06
 1279    0.14613E-06
 1280    0.14465E-06
 1281    0.14317E-06
 1282    0.14172E-06
 1283    0.14028E-06
 1284    0.13885E-06
 1285    0.13744E-06
 1286    0.13604E-06
 1287    0.13466E-06
 1288    0.13329E-06
 1289    0.13193E-06
 1290    0.13059E-06
 1291    0.12926E-06
 1292    0.12795E-06
 1293    0.12665E-06
 1294    0.12536E-06
 1295    0.12409E-06
 1296    0.12282E-06
 1297    0.12157E-06
 1298    0.12034E-06
 1299    0.11911E-06
 1300    0.11790E-06
 1301    0.11670E-06
 1302    0.11552E-06
 1303    0.11434E-06
 1304    0.11318E-06
 1305    0.11203E-06
 1306    0.11089E-06
 1307    0.10976E-06
 1308    0.10865E-06
 1309    0.10754E-06
 1310    0.10645E-06
 1311    0.10537E-06
 1312    0.10429E-06
 1313    0.10323E-06
 1314    0.10218E-06
 1315    0.10114E-06
 1316    0.10012E-06
 1317    0.99098E-07
 1318    0.98090E-07
 1319    0.97093E-07
 1320    0.96105E-07
 1321    0.95128E-07
 1322    0.94161E-07
 1323    0.93203E-07
 1324    0.92255E-07
 1325    0.91317E-07
 1326    0.90389E-07
 1327    0.89470E-07
 1328    0.88560E-07
 1329    0.87659E-07
 1330    0.86768E-07
 1331    0.85885E-07
 1332    0.85012E-07
 1333    0.84148E-07
 1334    0.83292E-07
 1335    0.82445E-07
 1336    0.81607E-07
 1337    0.80777E-07
 1338    0.79955E-07
 1339    0.79142E-07
 1340    0.78337E-07
 1341    0.77541E-07
 1342    0.76752E-07
 1343    0.75972E-07
 1344    0.75199E-07
 1345    0.74435E-07
 1346    0.73678E-07
 1347    0.72928E-07
 1348    0.72187E-07
 1349    0.71453E-07
 1350    0.70726E-07
 1351    0.70007E-07
 1352    0.69295E-07
 1353    0.68590E-07
 1354    0.67893E-07
 1355    0.67203E-07
 1356    0.66519E-07
 1357    0.65843E-07
 1358    0.65173E-07
 1359    0.64510E-07
 1360    0.63854E-07
 1361    0.63205E-07
 1362    0.62562E-07
 1363    0.61926E-07
 1364    0.61296E-07
 1365    0.60673E-07
 1366    0.60056E-07
 1367    0.59445E-07
 1368    0.58841E-07
 1369    0.58243E-07
 1370    0.57650E-07
 1371    0.57064E-07
 1372    0.56484E-07
 1373    0.55909E-07
 1374    0.55341E-07
 1375    0.54778E-07
 1376    0.54221E-07
 1377    0.53670E-07
 1378    0.53124E-07
 1379    0.52584E-07
 1380    0.52049E-07
 1381    0.51520E-07
 1382    0.50996E-07
 1383    0.50477E-07
 1384    0.49964E-07
 1385    0.49456E-07
 1386    0.48953E-07
 1387    0.48455E-07
 1388    0.47962E-07
 1389    0.47475E-07
 1390    0.46992E-07
 1391    0.46514E-07
 1392    0.46041E-07
 1393    0.45573E-07
 1394    0.45109E-07
 1395    0.44651E-07
 1396    0.44197E-07
 1397    0.43747E-07
 1398    0.43302E-07
 1399    0.42862E-07
 1400    0.42426E-07
 1401    0.41995E-07
 1402    0.41568E-07
 1403    0.41145E-07
 1404    0.40727E-07
 1405    0.40312E-07
 1406    0.39903E-07
 1407    0.39497E-07
 1408    0.39095E-07
 1409    0.38698E-07
 1410    0.38304E-07
 1411    0.37915E-07
 1412    0.37529E-07
 1413    0.37147E-07
 1414    0.36770E-07
 1415    0.36396E-07
 1416    0.36026E-07
 1417    0.35659E-07
 1418    0.35297E-07
 1419    0.34938E-07
 1420    0.34582E-07
 1421    0.34231E-07
 1422    0.33883E-07
 1423    0.33538E-07
 1424    0.33197E-07
 1425    0.32860E-07
 1426    0.32525E-07
 1427    0.32195E-07
 1428    0.31867E-07
 1429    0.31543E-07
 1430    0.31222E-07
 1431    0.30905E-07
 1432    0.30591E-07
 1433    0.30280E-07
 1434    0.29972E-07
 1435    0.29667E-07
 1436    0.29365E-07
 1437    0.29067E-07
 1438    0.28771E-07
 1439    0.28478E-07
 1440    0.28189E-07
 1441    0.27902E-07
 1442    0.27618E-07
 1443    0.27338E-07
 1444    0.27060E-07
 1445    0.26784E-07
 1446    0.26512E-07
 1447    0.26242E-07
 1448    0.25976E-07
 1449    0.25711E-07
 1450    0.25450E-07
 1451    0.25191E-07
 1452    0.24935E-07
 1453    0.24682E-07
 1454    0.24431E-07
 1455    0.24182E-07
 1456    0.23936E-07
 1457    0.23693E-07
 1458    0.23452E-07
 1459    0.23213E-07
 1460    0.22977E-07
 1461    0.22744E-07
 1462    0.22512E-07
 1463    0.22283E-07
 1464    0.22057E-07
 1465    0.21833E-07
 1466    0.21611E-07
 1467    0.21391E-07
 1468    0.21173E-07
 1469    0.20958E-07
 1470    0.20745E-07
 1471    0.20534E-07
 1472    0.20325E-07
 1473    0.20118E-07
 1474    0.19914E-07
 1475    0.19711E-07
 1476    0.19511E-07
 1477    0.19312E-07
 1478    0.19116E-07
 1479    0.18922E-07
 1480    0.18729E-07
 1481    0.18539E-07
 1482    0.18350E-07
 1483    0.18164E-07
 1484    0.17979E-07
 1485    0.17796E-07
 1486    0.17615E-07
 1487    0.17436E-07
 1488    0.17259E-07
 1489    0.17083E-07
 1490    0.16910E-07
 1491    0.16738E-07
 1492    0.16567E-07
 1493    0.16399E-07
 1494    0.16232E-07
 1495    0.16067E-07
 1496    0.15904E-07
 1497    0.15742E-07
 1498    0.15582E-07
 1499    0.15423E-07
 1500    0.15267E-07
 1501    0.15111E-07
 1502    0.14958E-07
 1503    0.14806E-07
 1504    0.14655E-07
 1505    0.14506E-07
 1506    0.14358E-07
 1507    0.14212E-07
 1508    0.14068E-07
 1509    0.13925E-07
 1510    0.13783E-07
 1511    0.13643E-07
 1512    0.13504E-07
 1513    0.13367E-07
 1514    0.13231E-07
 1515    0.13097E-07
 1516    0.12963E-07
 1517    0.12832E-07
 1518    0.12701E-07
 1519    0.12572E-07
 1520    0.12444E-07
 1521    0.12318E-07
 1522    0.12192E-07
 1523    0.12068E-07
 1524    0.11946E-07
 1525    0.11824E-07
 1526    0.11704E-07
 1527    0.11585E-07
 1528    0.11467E-07
 1529    0.11350E-07
 1530    0.11235E-07
 1531    0.11121E-07
 1532    0.11008E-07
 1533    0.10896E-07
 1534    0.10785E-07
 1535    0.10675E-07
 1536    0.10567E-07
 1537    0.10459E-07
 1538    0.10353E-07
 1539    0.10248E-07
 1540    0.10143E-07
 1541    0.10040E-07
 1542    0.99382E-08

iteration:   1542

epsilon =     0.10000E-07
omega =     0.18000E+01
tick =     0.10000E-06

norm_x =     0.13050E+03, norm_analysis =     0.13048E+03
diff =     0.12210E+02

caltime =    2.7067, comtime =    0.1310, checktime =    1.3396
alltime =    4.1774

