sorrb2:
    1    0.11762E+01
    2    0.10855E+01
    3    0.99518E+00
    4    0.90329E+00
    5    0.80822E+00
    6    0.71266E+00
    7    0.62071E+00
    8    0.53661E+00
    9    0.46349E+00
   10    0.40272E+00
   11    0.35380E+00
   12    0.31474E+00
   13    0.28274E+00
   14    0.25513E+00
   15    0.22994E+00
   16    0.20610E+00
   17    0.18329E+00
   18    0.16170E+00
   19    0.14177E+00
   20    0.12394E+00
   21    0.10849E+00
   22    0.95498E-01
   23    0.84743E-01
   24    0.75835E-01
   25    0.68301E-01
   26    0.61709E-01
   27    0.55740E-01
   28    0.50219E-01
   29    0.45087E-01
   30    0.40363E-01
   31    0.36102E-01
   32    0.32353E-01
   33    0.29136E-01
   34    0.26430E-01
   35    0.24173E-01
   36    0.22282E-01
   37    0.20670E-01
   38    0.19264E-01
   39    0.18013E-01
   40    0.16887E-01
   41    0.15873E-01
   42    0.14968E-01
   43    0.14170E-01
   44    0.13476E-01
   45    0.12877E-01
   46    0.12362E-01
   47    0.11915E-01
   48    0.11523E-01
   49    0.11174E-01
   50    0.10857E-01
   51    0.10567E-01
   52    0.10298E-01
   53    0.10049E-01
   54    0.98183E-02
   55    0.96034E-02
   56    0.94032E-02
   57    0.92161E-02
   58    0.90405E-02
   59    0.88747E-02
   60    0.87175E-02
   61    0.85676E-02
   62    0.84241E-02
   63    0.82864E-02
   64    0.81538E-02
   65    0.80261E-02
   66    0.79030E-02
   67    0.77839E-02
   68    0.76680E-02
   69    0.75484E-02
   70    0.74288E-02
   71    0.73254E-02
   72    0.72225E-02
   73    0.71201E-02
   74    0.70208E-02
   75    0.69254E-02
   76    0.68303E-02
   77    0.67396E-02
   78    0.66495E-02
   79    0.65623E-02
   80    0.64776E-02
   81    0.63937E-02
   82    0.63142E-02
   83    0.62342E-02
   84    0.61590E-02
   85    0.60832E-02
   86    0.60115E-02
   87    0.59400E-02
   88    0.58711E-02
   89    0.58038E-02
   90    0.57375E-02
   91    0.56740E-02
   92    0.56104E-02
   93    0.55501E-02
   94    0.54895E-02
   95    0.54320E-02
   96    0.53743E-02
   97    0.53191E-02
   98    0.52644E-02
   99    0.52113E-02
  100    0.51592E-02
  101    0.51081E-02
  102    0.50585E-02
  103    0.50094E-02
  104    0.49620E-02
  105    0.49148E-02
  106    0.48693E-02
  107    0.48241E-02
  108    0.47802E-02
  109    0.47369E-02
  110    0.46946E-02
  111    0.46531E-02
  112    0.46123E-02
  113    0.45723E-02
  114    0.45330E-02
  115    0.44945E-02
  116    0.44565E-02
  117    0.44194E-02
  118    0.43828E-02
  119    0.43469E-02
  120    0.43115E-02
  121    0.42768E-02
  122    0.42426E-02
  123    0.42090E-02
  124    0.41760E-02
  125    0.41434E-02
  126    0.41114E-02
  127    0.40799E-02
  128    0.40489E-02
  129    0.40183E-02
  130    0.39882E-02
  131    0.39585E-02
  132    0.39293E-02
  133    0.39005E-02
  134    0.38721E-02
  135    0.38441E-02
  136    0.38165E-02
  137    0.37892E-02
  138    0.37624E-02
  139    0.37359E-02
  140    0.37097E-02
  141    0.36840E-02
  142    0.36585E-02
  143    0.36334E-02
  144    0.36086E-02
  145    0.35841E-02
  146    0.35599E-02
  147    0.35360E-02
  148    0.35124E-02
  149    0.34891E-02
  150    0.34661E-02
  151    0.34433E-02
  152    0.34209E-02
  153    0.33986E-02
  154    0.33767E-02
  155    0.33550E-02
  156    0.33335E-02
  157    0.33123E-02
  158    0.32913E-02
  159    0.32706E-02
  160    0.32500E-02
  161    0.32297E-02
  162    0.32097E-02
  163    0.31898E-02
  164    0.31701E-02
  165    0.31507E-02
  166    0.31314E-02
  167    0.31124E-02
  168    0.30936E-02
  169    0.30749E-02
  170    0.30564E-02
  171    0.30381E-02
  172    0.30200E-02
  173    0.30021E-02
  174    0.29844E-02
  175    0.29668E-02
  176    0.29494E-02
  177    0.29321E-02
  178    0.29151E-02
  179    0.28982E-02
  180    0.28814E-02
  181    0.28648E-02
  182    0.28484E-02
  183    0.28321E-02
  184    0.28159E-02
  185    0.27999E-02
  186    0.27841E-02
  187    0.27684E-02
  188    0.27528E-02
  189    0.27374E-02
  190    0.27221E-02
  191    0.27069E-02
  192    0.26919E-02
  193    0.26770E-02
  194    0.26622E-02
  195    0.26476E-02
  196    0.26331E-02
  197    0.26187E-02
  198    0.26044E-02
  199    0.25903E-02
  200    0.25763E-02
  201    0.25623E-02
  202    0.25485E-02
  203    0.25349E-02
  204    0.25213E-02
  205    0.25078E-02
  206    0.24945E-02
  207    0.24812E-02
  208    0.24681E-02
  209    0.24551E-02
  210    0.24422E-02
  211    0.24293E-02
  212    0.24166E-02
  213    0.24040E-02
  214    0.23915E-02
  215    0.23790E-02
  216    0.23667E-02
  217    0.23545E-02
  218    0.23424E-02
  219    0.23303E-02
  220    0.23184E-02
  221    0.23065E-02
  222    0.22948E-02
  223    0.22831E-02
  224    0.22715E-02
  225    0.22600E-02
  226    0.22486E-02
  227    0.22372E-02
  228    0.22260E-02
  229    0.22148E-02
  230    0.22038E-02
  231    0.21928E-02
  232    0.21819E-02
  233    0.21710E-02
  234    0.21603E-02
  235    0.21496E-02
  236    0.21390E-02
  237    0.21285E-02
  238    0.21180E-02
  239    0.21077E-02
  240    0.20974E-02
  241    0.20872E-02
  242    0.20770E-02
  243    0.20669E-02
  244    0.20569E-02
  245    0.20470E-02
  246    0.20371E-02
  247    0.20273E-02
  248    0.20176E-02
  249    0.20080E-02
  250    0.19984E-02
  251    0.19889E-02
  252    0.19794E-02
  253    0.19700E-02
  254    0.19607E-02
  255    0.19514E-02
  256    0.19422E-02
  257    0.19331E-02
  258    0.19240E-02
  259    0.19150E-02
  260    0.19061E-02
  261    0.18972E-02
  262    0.18884E-02
  263    0.18796E-02
  264    0.18709E-02
  265    0.18622E-02
  266    0.18536E-02
  267    0.18451E-02
  268    0.18366E-02
  269    0.18282E-02
  270    0.18199E-02
  271    0.18115E-02
  272    0.18033E-02
  273    0.17951E-02
  274    0.17869E-02
  275    0.17789E-02
  276    0.17708E-02
  277    0.17628E-02
  278    0.17549E-02
  279    0.17470E-02
  280    0.17392E-02
  281    0.17314E-02
  282    0.17237E-02
  283    0.17160E-02
  284    0.17083E-02
  285    0.17008E-02
  286    0.16932E-02
  287    0.16857E-02
  288    0.16783E-02
  289    0.16709E-02
  290    0.16635E-02
  291    0.16562E-02
  292    0.16490E-02
  293    0.16418E-02
  294    0.16346E-02
  295    0.16275E-02
  296    0.16204E-02
  297    0.16134E-02
  298    0.16064E-02
  299    0.15995E-02
  300    0.15926E-02
  301    0.15857E-02
  302    0.15789E-02
  303    0.15721E-02
  304    0.15654E-02
  305    0.15587E-02
  306    0.15520E-02
  307    0.15454E-02
  308    0.15388E-02
  309    0.15323E-02
  310    0.15258E-02
  311    0.15194E-02
  312    0.15130E-02
  313    0.15066E-02
  314    0.15002E-02
  315    0.14939E-02
  316    0.14877E-02
  317    0.14815E-02
  318    0.14753E-02
  319    0.14691E-02
  320    0.14630E-02
  321    0.14569E-02
  322    0.14509E-02
  323    0.14449E-02
  324    0.14389E-02
  325    0.14330E-02
  326    0.14270E-02
  327    0.14212E-02
  328    0.14153E-02
  329    0.14095E-02
  330    0.14038E-02
  331    0.13980E-02
  332    0.13923E-02
  333    0.13867E-02
  334    0.13810E-02
  335    0.13754E-02
  336    0.13698E-02
  337    0.13643E-02
  338    0.13588E-02
  339    0.13533E-02
  340    0.13479E-02
  341    0.13424E-02
  342    0.13371E-02
  343    0.13317E-02
  344    0.13264E-02
  345    0.13211E-02
  346    0.13158E-02
  347    0.13106E-02
  348    0.13054E-02
  349    0.13002E-02
  350    0.12950E-02
  351    0.12899E-02
  352    0.12848E-02
  353    0.12797E-02
  354    0.12747E-02
  355    0.12697E-02
  356    0.12647E-02
  357    0.12597E-02
  358    0.12548E-02
  359    0.12499E-02
  360    0.12450E-02
  361    0.12402E-02
  362    0.12353E-02
  363    0.12305E-02
  364    0.12258E-02
  365    0.12210E-02
  366    0.12163E-02
  367    0.12116E-02
  368    0.12069E-02
  369    0.12023E-02
  370    0.11976E-02
  371    0.11930E-02
  372    0.11885E-02
  373    0.11839E-02
  374    0.11794E-02
  375    0.11749E-02
  376    0.11704E-02
  377    0.11659E-02
  378    0.11615E-02
  379    0.11571E-02
  380    0.11527E-02
  381    0.11483E-02
  382    0.11440E-02
  383    0.11397E-02
  384    0.11354E-02
  385    0.11311E-02
  386    0.11269E-02
  387    0.11226E-02
  388    0.11184E-02
  389    0.11142E-02
  390    0.11101E-02
  391    0.11059E-02
  392    0.11018E-02
  393    0.10977E-02
  394    0.10936E-02
  395    0.10895E-02
  396    0.10855E-02
  397    0.10815E-02
  398    0.10775E-02
  399    0.10735E-02
  400    0.10695E-02
  401    0.10656E-02
  402    0.10616E-02
  403    0.10577E-02
  404    0.10539E-02
  405    0.10500E-02
  406    0.10461E-02
  407    0.10423E-02
  408    0.10385E-02
  409    0.10347E-02
  410    0.10309E-02
  411    0.10272E-02
  412    0.10234E-02
  413    0.10197E-02
  414    0.10160E-02
  415    0.10123E-02
  416    0.10087E-02
  417    0.10050E-02
  418    0.10014E-02
  419    0.99780E-03
  420    0.99421E-03
  421    0.99063E-03
  422    0.98707E-03
  423    0.98353E-03
  424    0.98000E-03
  425    0.97649E-03
  426    0.97300E-03
  427    0.96953E-03
  428    0.96607E-03
  429    0.96262E-03
  430    0.95920E-03
  431    0.95579E-03
  432    0.95239E-03
  433    0.94901E-03
  434    0.94565E-03
  435    0.94231E-03
  436    0.93897E-03
  437    0.93566E-03
  438    0.93236E-03
  439    0.92907E-03
  440    0.92580E-03
  441    0.92255E-03
  442    0.91931E-03
  443    0.91608E-03
  444    0.91287E-03
  445    0.90968E-03
  446    0.90650E-03
  447    0.90333E-03
  448    0.90018E-03
  449    0.89704E-03
  450    0.89392E-03
  451    0.89081E-03
  452    0.88772E-03
  453    0.88464E-03
  454    0.88157E-03
  455    0.87852E-03
  456    0.87548E-03
  457    0.87245E-03
  458    0.86944E-03
  459    0.86644E-03
  460    0.86346E-03
  461    0.86049E-03
  462    0.85753E-03
  463    0.85458E-03
  464    0.85165E-03
  465    0.84873E-03
  466    0.84583E-03
  467    0.84293E-03
  468    0.84005E-03
  469    0.83719E-03
  470    0.83433E-03
  471    0.83149E-03
  472    0.82866E-03
  473    0.82584E-03
  474    0.82304E-03
  475    0.82025E-03
  476    0.81747E-03
  477    0.81470E-03
  478    0.81194E-03
  479    0.80920E-03
  480    0.80646E-03
  481    0.80374E-03
  482    0.80103E-03
  483    0.79834E-03
  484    0.79565E-03
  485    0.79298E-03
  486    0.79032E-03
  487    0.78766E-03
  488    0.78502E-03
  489    0.78240E-03
  490    0.77978E-03
  491    0.77717E-03
  492    0.77458E-03
  493    0.77200E-03
  494    0.76942E-03
  495    0.76686E-03
  496    0.76431E-03
  497    0.76177E-03
  498    0.75924E-03
  499    0.75672E-03
  500    0.75421E-03
  501    0.75172E-03
  502    0.74923E-03
  503    0.74675E-03
  504    0.74428E-03
  505    0.74183E-03
  506    0.73938E-03
  507    0.73695E-03
  508    0.73452E-03
  509    0.73211E-03
  510    0.72970E-03
  511    0.72731E-03
  512    0.72492E-03
  513    0.72254E-03
  514    0.72018E-03
  515    0.71782E-03
  516    0.71548E-03
  517    0.71314E-03
  518    0.71081E-03
  519    0.70849E-03
  520    0.70619E-03
  521    0.70389E-03
  522    0.70160E-03
  523    0.69932E-03
  524    0.69705E-03
  525    0.69479E-03
  526    0.69253E-03
  527    0.69029E-03
  528    0.68806E-03
  529    0.68583E-03
  530    0.68361E-03
  531    0.68141E-03
  532    0.67921E-03
  533    0.67702E-03
  534    0.67484E-03
  535    0.67267E-03
  536    0.67050E-03
  537    0.66835E-03
  538    0.66620E-03
  539    0.66407E-03
  540    0.66194E-03
  541    0.65982E-03
  542    0.65770E-03
  543    0.65560E-03
  544    0.65350E-03
  545    0.65142E-03
  546    0.64934E-03
  547    0.64727E-03
  548    0.64521E-03
  549    0.64315E-03
  550    0.64110E-03
  551    0.63907E-03
  552    0.63704E-03
  553    0.63501E-03
  554    0.63300E-03
  555    0.63099E-03
  556    0.62899E-03
  557    0.62700E-03
  558    0.62502E-03
  559    0.62304E-03
  560    0.62108E-03
  561    0.61912E-03
  562    0.61716E-03
  563    0.61522E-03
  564    0.61328E-03
  565    0.61135E-03
  566    0.60943E-03
  567    0.60751E-03
  568    0.60560E-03
  569    0.60370E-03
  570    0.60181E-03
  571    0.59992E-03
  572    0.59804E-03
  573    0.59617E-03
  574    0.59431E-03
  575    0.59245E-03
  576    0.59060E-03
  577    0.58875E-03
  578    0.58692E-03
  579    0.58509E-03
  580    0.58326E-03
  581    0.58145E-03
  582    0.57964E-03
  583    0.57784E-03
  584    0.57604E-03
  585    0.57425E-03
  586    0.57247E-03
  587    0.57069E-03
  588    0.56893E-03
  589    0.56716E-03
  590    0.56541E-03
  591    0.56366E-03
  592    0.56192E-03
  593    0.56018E-03
  594    0.55845E-03
  595    0.55673E-03
  596    0.55501E-03
  597    0.55330E-03
  598    0.55160E-03
  599    0.54990E-03
  600    0.54821E-03
  601    0.54652E-03
  602    0.54484E-03
  603    0.54317E-03
  604    0.54150E-03
  605    0.53984E-03
  606    0.53819E-03
  607    0.53654E-03
  608    0.53489E-03
  609    0.53326E-03
  610    0.53163E-03
  611    0.53000E-03
  612    0.52838E-03
  613    0.52677E-03
  614    0.52516E-03
  615    0.52356E-03
  616    0.52197E-03
  617    0.52038E-03
  618    0.51879E-03
  619    0.51721E-03
  620    0.51564E-03
  621    0.51407E-03
  622    0.51251E-03
  623    0.51096E-03
  624    0.50941E-03
  625    0.50786E-03
  626    0.50632E-03
  627    0.50479E-03
  628    0.50326E-03
  629    0.50174E-03
  630    0.50022E-03
  631    0.49871E-03
  632    0.49720E-03
  633    0.49570E-03
  634    0.49421E-03
  635    0.49271E-03
  636    0.49123E-03
  637    0.48975E-03
  638    0.48827E-03
  639    0.48680E-03
  640    0.48534E-03
  641    0.48388E-03
  642    0.48243E-03
  643    0.48098E-03
  644    0.47953E-03
  645    0.47809E-03
  646    0.47666E-03
  647    0.47523E-03
  648    0.47381E-03
  649    0.47239E-03
  650    0.47097E-03
  651    0.46956E-03
  652    0.46816E-03
  653    0.46676E-03
  654    0.46537E-03
  655    0.46398E-03
  656    0.46259E-03
  657    0.46121E-03
  658    0.45984E-03
  659    0.45847E-03
  660    0.45710E-03
  661    0.45574E-03
  662    0.45438E-03
  663    0.45303E-03
  664    0.45168E-03
  665    0.45034E-03
  666    0.44900E-03
  667    0.44767E-03
  668    0.44634E-03
  669    0.44501E-03
  670    0.44369E-03
  671    0.44238E-03
  672    0.44107E-03
  673    0.43976E-03
  674    0.43846E-03
  675    0.43716E-03
  676    0.43587E-03
  677    0.43458E-03
  678    0.43330E-03
  679    0.43202E-03
  680    0.43074E-03
  681    0.42947E-03
  682    0.42820E-03
  683    0.42694E-03
  684    0.42568E-03
  685    0.42442E-03
  686    0.42317E-03
  687    0.42193E-03
  688    0.42069E-03
  689    0.41945E-03
  690    0.41821E-03
  691    0.41699E-03
  692    0.41576E-03
  693    0.41454E-03
  694    0.41332E-03
  695    0.41211E-03
  696    0.41090E-03
  697    0.40969E-03
  698    0.40849E-03
  699    0.40729E-03
  700    0.40610E-03
  701    0.40491E-03
  702    0.40373E-03
  703    0.40254E-03
  704    0.40137E-03
  705    0.40019E-03
  706    0.39902E-03
  707    0.39786E-03
  708    0.39670E-03
  709    0.39554E-03
  710    0.39438E-03
  711    0.39323E-03
  712    0.39208E-03
  713    0.39094E-03
  714    0.38980E-03
  715    0.38867E-03
  716    0.38753E-03
  717    0.38641E-03
  718    0.38528E-03
  719    0.38416E-03
  720    0.38304E-03
  721    0.38193E-03
  722    0.38082E-03
  723    0.37971E-03
  724    0.37861E-03
  725    0.37751E-03
  726    0.37641E-03
  727    0.37532E-03
  728    0.37423E-03
  729    0.37315E-03
  730    0.37206E-03
  731    0.37099E-03
  732    0.36991E-03
  733    0.36884E-03
  734    0.36777E-03
  735    0.36671E-03
  736    0.36565E-03
  737    0.36459E-03
  738    0.36353E-03
  739    0.36248E-03
  740    0.36143E-03
  741    0.36039E-03
  742    0.35935E-03
  743    0.35831E-03
  744    0.35728E-03
  745    0.35625E-03
  746    0.35522E-03
  747    0.35419E-03
  748    0.35317E-03
  749    0.35215E-03
  750    0.35114E-03
  751    0.35013E-03
  752    0.34912E-03
  753    0.34811E-03
  754    0.34711E-03
  755    0.34611E-03
  756    0.34512E-03
  757    0.34412E-03
  758    0.34314E-03
  759    0.34215E-03
  760    0.34117E-03
  761    0.34019E-03
  762    0.33921E-03
  763    0.33823E-03
  764    0.33726E-03
  765    0.33630E-03
  766    0.33533E-03
  767    0.33437E-03
  768    0.33341E-03
  769    0.33245E-03
  770    0.33150E-03
  771    0.33055E-03
  772    0.32960E-03
  773    0.32866E-03
  774    0.32772E-03
  775    0.32678E-03
  776    0.32584E-03
  777    0.32491E-03
  778    0.32398E-03
  779    0.32306E-03
  780    0.32213E-03
  781    0.32121E-03
  782    0.32029E-03
  783    0.31938E-03
  784    0.31847E-03
  785    0.31756E-03
  786    0.31665E-03
  787    0.31575E-03
  788    0.31485E-03
  789    0.31395E-03
  790    0.31305E-03
  791    0.31216E-03
  792    0.31127E-03
  793    0.31038E-03
  794    0.30950E-03
  795    0.30861E-03
  796    0.30773E-03
  797    0.30686E-03
  798    0.30598E-03
  799    0.30511E-03
  800    0.30424E-03
  801    0.30338E-03
  802    0.30252E-03
  803    0.30166E-03
  804    0.30080E-03
  805    0.29994E-03
  806    0.29909E-03
  807    0.29824E-03
  808    0.29739E-03
  809    0.29655E-03
  810    0.29570E-03
  811    0.29486E-03
  812    0.29403E-03
  813    0.29319E-03
  814    0.29236E-03
  815    0.29153E-03
  816    0.29070E-03
  817    0.28988E-03
  818    0.28906E-03
  819    0.28824E-03
  820    0.28742E-03
  821    0.28660E-03
  822    0.28579E-03
  823    0.28498E-03
  824    0.28417E-03
  825    0.28337E-03
  826    0.28257E-03
  827    0.28177E-03
  828    0.28097E-03
  829    0.28017E-03
  830    0.27938E-03
  831    0.27859E-03
  832    0.27780E-03
  833    0.27702E-03
  834    0.27623E-03
  835    0.27545E-03
  836    0.27467E-03
  837    0.27390E-03
  838    0.27312E-03
  839    0.27235E-03
  840    0.27158E-03
  841    0.27081E-03
  842    0.27005E-03
  843    0.26929E-03
  844    0.26852E-03
  845    0.26777E-03
  846    0.26701E-03
  847    0.26626E-03
  848    0.26551E-03
  849    0.26476E-03
  850    0.26401E-03
  851    0.26326E-03
  852    0.26252E-03
  853    0.26178E-03
  854    0.26104E-03
  855    0.26031E-03
  856    0.25957E-03
  857    0.25884E-03
  858    0.25811E-03
  859    0.25739E-03
  860    0.25666E-03
  861    0.25594E-03
  862    0.25522E-03
  863    0.25450E-03
  864    0.25378E-03
  865    0.25307E-03
  866    0.25235E-03
  867    0.25164E-03
  868    0.25094E-03
  869    0.25023E-03
  870    0.24953E-03
  871    0.24882E-03
  872    0.24812E-03
  873    0.24743E-03
  874    0.24673E-03
  875    0.24604E-03
  876    0.24535E-03
  877    0.24466E-03
  878    0.24397E-03
  879    0.24328E-03
  880    0.24260E-03
  881    0.24192E-03
  882    0.24124E-03
  883    0.24056E-03
  884    0.23988E-03
  885    0.23921E-03
  886    0.23854E-03
  887    0.23787E-03
  888    0.23720E-03
  889    0.23654E-03
  890    0.23587E-03
  891    0.23521E-03
  892    0.23455E-03
  893    0.23389E-03
  894    0.23324E-03
  895    0.23258E-03
  896    0.23193E-03
  897    0.23128E-03
  898    0.23063E-03
  899    0.22998E-03
  900    0.22934E-03
  901    0.22870E-03
  902    0.22805E-03
  903    0.22742E-03
  904    0.22678E-03
  905    0.22614E-03
  906    0.22551E-03
  907    0.22488E-03
  908    0.22425E-03
  909    0.22362E-03
  910    0.22299E-03
  911    0.22237E-03
  912    0.22174E-03
  913    0.22112E-03
  914    0.22050E-03
  915    0.21989E-03
  916    0.21927E-03
  917    0.21866E-03
  918    0.21805E-03
  919    0.21744E-03
  920    0.21683E-03
  921    0.21622E-03
  922    0.21562E-03
  923    0.21501E-03
  924    0.21441E-03
  925    0.21381E-03
  926    0.21321E-03
  927    0.21262E-03
  928    0.21202E-03
  929    0.21143E-03
  930    0.21084E-03
  931    0.21025E-03
  932    0.20966E-03
  933    0.20907E-03
  934    0.20849E-03
  935    0.20791E-03
  936    0.20733E-03
  937    0.20675E-03
  938    0.20617E-03
  939    0.20559E-03
  940    0.20502E-03
  941    0.20445E-03
  942    0.20387E-03
  943    0.20331E-03
  944    0.20274E-03
  945    0.20217E-03
  946    0.20161E-03
  947    0.20104E-03
  948    0.20048E-03
  949    0.19992E-03
  950    0.19936E-03
  951    0.19881E-03
  952    0.19825E-03
  953    0.19770E-03
  954    0.19715E-03
  955    0.19660E-03
  956    0.19605E-03
  957    0.19550E-03
  958    0.19496E-03
  959    0.19441E-03
  960    0.19387E-03
  961    0.19333E-03
  962    0.19279E-03
  963    0.19225E-03
  964    0.19171E-03
  965    0.19118E-03
  966    0.19065E-03
  967    0.19012E-03
  968    0.18958E-03
  969    0.18906E-03
  970    0.18853E-03
  971    0.18800E-03
  972    0.18748E-03
  973    0.18696E-03
  974    0.18644E-03
  975    0.18592E-03
  976    0.18540E-03
  977    0.18488E-03
  978    0.18436E-03
  979    0.18385E-03
  980    0.18334E-03
  981    0.18283E-03
  982    0.18232E-03
  983    0.18181E-03
  984    0.18130E-03
  985    0.18080E-03
  986    0.18029E-03
  987    0.17979E-03
  988    0.17929E-03
  989    0.17879E-03
  990    0.17829E-03
  991    0.17780E-03
  992    0.17730E-03
  993    0.17681E-03
  994    0.17632E-03
  995    0.17582E-03
  996    0.17533E-03
  997    0.17485E-03
  998    0.17436E-03
  999    0.17387E-03
 1000    0.17339E-03
 1001    0.17291E-03
 1002    0.17243E-03
 1003    0.17195E-03
 1004    0.17147E-03
 1005    0.17099E-03
 1006    0.17051E-03
 1007    0.17004E-03
 1008    0.16957E-03
 1009    0.16909E-03
 1010    0.16862E-03
 1011    0.16815E-03
 1012    0.16768E-03
 1013    0.16722E-03
 1014    0.16675E-03
 1015    0.16629E-03
 1016    0.16583E-03
 1017    0.16536E-03
 1018    0.16490E-03
 1019    0.16445E-03
 1020    0.16399E-03
 1021    0.16353E-03
 1022    0.16308E-03
 1023    0.16262E-03
 1024    0.16217E-03
 1025    0.16172E-03
 1026    0.16127E-03
 1027    0.16082E-03
 1028    0.16037E-03
 1029    0.15993E-03
 1030    0.15948E-03
 1031    0.15904E-03
 1032    0.15860E-03
 1033    0.15815E-03
 1034    0.15772E-03
 1035    0.15728E-03
 1036    0.15684E-03
 1037    0.15640E-03
 1038    0.15597E-03
 1039    0.15553E-03
 1040    0.15510E-03
 1041    0.15467E-03
 1042    0.15424E-03
 1043    0.15381E-03
 1044    0.15338E-03
 1045    0.15296E-03
 1046    0.15253E-03
 1047    0.15211E-03
 1048    0.15168E-03
 1049    0.15126E-03
 1050    0.15084E-03
 1051    0.15042E-03
 1052    0.15000E-03
 1053    0.14959E-03
 1054    0.14917E-03
 1055    0.14876E-03
 1056    0.14834E-03
 1057    0.14793E-03
 1058    0.14752E-03
 1059    0.14711E-03
 1060    0.14670E-03
 1061    0.14629E-03
 1062    0.14589E-03
 1063    0.14548E-03
 1064    0.14508E-03
 1065    0.14467E-03
 1066    0.14427E-03
 1067    0.14387E-03
 1068    0.14347E-03
 1069    0.14307E-03
 1070    0.14267E-03
 1071    0.14228E-03
 1072    0.14188E-03
 1073    0.14149E-03
 1074    0.14109E-03
 1075    0.14070E-03
 1076    0.14031E-03
 1077    0.13992E-03
 1078    0.13953E-03
 1079    0.13914E-03
 1080    0.13876E-03
 1081    0.13837E-03
 1082    0.13799E-03
 1083    0.13760E-03
 1084    0.13722E-03
 1085    0.13684E-03
 1086    0.13646E-03
 1087    0.13608E-03
 1088    0.13570E-03
 1089    0.13533E-03
 1090    0.13495E-03
 1091    0.13458E-03
 1092    0.13420E-03
 1093    0.13383E-03
 1094    0.13346E-03
 1095    0.13309E-03
 1096    0.13272E-03
 1097    0.13235E-03
 1098    0.13198E-03
 1099    0.13161E-03
 1100    0.13125E-03
 1101    0.13088E-03
 1102    0.13052E-03
 1103    0.13016E-03
 1104    0.12979E-03
 1105    0.12943E-03
 1106    0.12907E-03
 1107    0.12872E-03
 1108    0.12836E-03
 1109    0.12800E-03
 1110    0.12765E-03
 1111    0.12729E-03
 1112    0.12694E-03
 1113    0.12659E-03
 1114    0.12623E-03
 1115    0.12588E-03
 1116    0.12553E-03
 1117    0.12518E-03
 1118    0.12484E-03
 1119    0.12449E-03
 1120    0.12414E-03
 1121    0.12380E-03
 1122    0.12346E-03
 1123    0.12311E-03
 1124    0.12277E-03
 1125    0.12243E-03
 1126    0.12209E-03
 1127    0.12175E-03
 1128    0.12141E-03
 1129    0.12107E-03
 1130    0.12074E-03
 1131    0.12040E-03
 1132    0.12007E-03
 1133    0.11974E-03
 1134    0.11940E-03
 1135    0.11907E-03
 1136    0.11874E-03
 1137    0.11841E-03
 1138    0.11808E-03
 1139    0.11775E-03
 1140    0.11743E-03
 1141    0.11710E-03
 1142    0.11677E-03
 1143    0.11645E-03
 1144    0.11613E-03
 1145    0.11580E-03
 1146    0.11548E-03
 1147    0.11516E-03
 1148    0.11484E-03
 1149    0.11452E-03
 1150    0.11420E-03
 1151    0.11389E-03
 1152    0.11357E-03
 1153    0.11326E-03
 1154    0.11294E-03
 1155    0.11263E-03
 1156    0.11231E-03
 1157    0.11200E-03
 1158    0.11169E-03
 1159    0.11138E-03
 1160    0.11107E-03
 1161    0.11076E-03
 1162    0.11046E-03
 1163    0.11015E-03
 1164    0.10984E-03
 1165    0.10954E-03
 1166    0.10923E-03
 1167    0.10893E-03
 1168    0.10863E-03
 1169    0.10833E-03
 1170    0.10802E-03
 1171    0.10772E-03
 1172    0.10743E-03
 1173    0.10713E-03
 1174    0.10683E-03
 1175    0.10653E-03
 1176    0.10624E-03
 1177    0.10594E-03
 1178    0.10565E-03
 1179    0.10535E-03
 1180    0.10506E-03
 1181    0.10477E-03
 1182    0.10448E-03
 1183    0.10419E-03
 1184    0.10390E-03
 1185    0.10361E-03
 1186    0.10332E-03
 1187    0.10304E-03
 1188    0.10275E-03
 1189    0.10246E-03
 1190    0.10218E-03
 1191    0.10190E-03
 1192    0.10161E-03
 1193    0.10133E-03
 1194    0.10105E-03
 1195    0.10077E-03
 1196    0.10049E-03
 1197    0.10021E-03
 1198    0.99930E-04
 1199    0.99652E-04
 1200    0.99376E-04
 1201    0.99100E-04
 1202    0.98824E-04
 1203    0.98550E-04
 1204    0.98276E-04
 1205    0.98003E-04
 1206    0.97731E-04
 1207    0.97459E-04
 1208    0.97188E-04
 1209    0.96918E-04
 1210    0.96649E-04
 1211    0.96380E-04
 1212    0.96113E-04
 1213    0.95846E-04
 1214    0.95579E-04
 1215    0.95314E-04
 1216    0.95049E-04
 1217    0.94785E-04
 1218    0.94521E-04
 1219    0.94259E-04
 1220    0.93997E-04
 1221    0.93736E-04
 1222    0.93475E-04
 1223    0.93216E-04
 1224    0.92957E-04
 1225    0.92698E-04
 1226    0.92441E-04
 1227    0.92184E-04
 1228    0.91928E-04
 1229    0.91672E-04
 1230    0.91417E-04
 1231    0.91163E-04
 1232    0.90910E-04
 1233    0.90657E-04
 1234    0.90406E-04
 1235    0.90154E-04
 1236    0.89904E-04
 1237    0.89654E-04
 1238    0.89405E-04
 1239    0.89156E-04
 1240    0.88909E-04
 1241    0.88661E-04
 1242    0.88415E-04
 1243    0.88169E-04
 1244    0.87924E-04
 1245    0.87680E-04
 1246    0.87436E-04
 1247    0.87193E-04
 1248    0.86951E-04
 1249    0.86709E-04
 1250    0.86468E-04
 1251    0.86228E-04
 1252    0.85988E-04
 1253    0.85749E-04
 1254    0.85511E-04
 1255    0.85273E-04
 1256    0.85036E-04
 1257    0.84800E-04
 1258    0.84564E-04
 1259    0.84329E-04
 1260    0.84095E-04
 1261    0.83861E-04
 1262    0.83628E-04
 1263    0.83395E-04
 1264    0.83164E-04
 1265    0.82932E-04
 1266    0.82702E-04
 1267    0.82472E-04
 1268    0.82243E-04
 1269    0.82014E-04
 1270    0.81786E-04
 1271    0.81559E-04
 1272    0.81332E-04
 1273    0.81106E-04
 1274    0.80881E-04
 1275    0.80656E-04
 1276    0.80431E-04
 1277    0.80208E-04
 1278    0.79985E-04
 1279    0.79762E-04
 1280    0.79541E-04
 1281    0.79320E-04
 1282    0.79099E-04
 1283    0.78879E-04
 1284    0.78660E-04
 1285    0.78441E-04
 1286    0.78223E-04
 1287    0.78006E-04
 1288    0.77789E-04
 1289    0.77572E-04
 1290    0.77357E-04
 1291    0.77142E-04
 1292    0.76927E-04
 1293    0.76713E-04
 1294    0.76500E-04
 1295    0.76287E-04
 1296    0.76075E-04
 1297    0.75863E-04
 1298    0.75653E-04
 1299    0.75442E-04
 1300    0.75232E-04
 1301    0.75023E-04
 1302    0.74815E-04
 1303    0.74606E-04
 1304    0.74399E-04
 1305    0.74192E-04
 1306    0.73986E-04
 1307    0.73780E-04
 1308    0.73575E-04
 1309    0.73370E-04
 1310    0.73166E-04
 1311    0.72963E-04
 1312    0.72760E-04
 1313    0.72557E-04
 1314    0.72356E-04
 1315    0.72154E-04
 1316    0.71954E-04
 1317    0.71754E-04
 1318    0.71554E-04
 1319    0.71355E-04
 1320    0.71156E-04
 1321    0.70959E-04
 1322    0.70761E-04
 1323    0.70564E-04
 1324    0.70368E-04
 1325    0.70172E-04
 1326    0.69977E-04
 1327    0.69782E-04
 1328    0.69588E-04
 1329    0.69395E-04
 1330    0.69202E-04
 1331    0.69009E-04
 1332    0.68817E-04
 1333    0.68626E-04
 1334    0.68435E-04
 1335    0.68244E-04
 1336    0.68055E-04
 1337    0.67865E-04
 1338    0.67676E-04
 1339    0.67488E-04
 1340    0.67300E-04
 1341    0.67113E-04
 1342    0.66926E-04
 1343    0.66740E-04
 1344    0.66555E-04
 1345    0.66369E-04
 1346    0.66185E-04
 1347    0.66001E-04
 1348    0.65817E-04
 1349    0.65634E-04
 1350    0.65451E-04
 1351    0.65269E-04
 1352    0.65087E-04
 1353    0.64906E-04
 1354    0.64726E-04
 1355    0.64546E-04
 1356    0.64366E-04
 1357    0.64187E-04
 1358    0.64008E-04
 1359    0.63830E-04
 1360    0.63652E-04
 1361    0.63475E-04
 1362    0.63299E-04
 1363    0.63123E-04
 1364    0.62947E-04
 1365    0.62772E-04
 1366    0.62597E-04
 1367    0.62423E-04
 1368    0.62249E-04
 1369    0.62076E-04
 1370    0.61903E-04
 1371    0.61731E-04
 1372    0.61559E-04
 1373    0.61388E-04
 1374    0.61217E-04
 1375    0.61046E-04
 1376    0.60876E-04
 1377    0.60707E-04
 1378    0.60538E-04
 1379    0.60369E-04
 1380    0.60201E-04
 1381    0.60034E-04
 1382    0.59867E-04
 1383    0.59700E-04
 1384    0.59534E-04
 1385    0.59368E-04
 1386    0.59203E-04
 1387    0.59038E-04
 1388    0.58874E-04
 1389    0.58710E-04
 1390    0.58546E-04
 1391    0.58383E-04
 1392    0.58221E-04
 1393    0.58059E-04
 1394    0.57897E-04
 1395    0.57736E-04
 1396    0.57575E-04
 1397    0.57415E-04
 1398    0.57255E-04
 1399    0.57096E-04
 1400    0.56937E-04
 1401    0.56778E-04
 1402    0.56620E-04
 1403    0.56462E-04
 1404    0.56305E-04
 1405    0.56148E-04
 1406    0.55992E-04
 1407    0.55836E-04
 1408    0.55681E-04
 1409    0.55526E-04
 1410    0.55371E-04
 1411    0.55217E-04
 1412    0.55063E-04
 1413    0.54910E-04
 1414    0.54757E-04
 1415    0.54604E-04
 1416    0.54452E-04
 1417    0.54301E-04
 1418    0.54149E-04
 1419    0.53999E-04
 1420    0.53848E-04
 1421    0.53698E-04
 1422    0.53549E-04
 1423    0.53399E-04
 1424    0.53251E-04
 1425    0.53102E-04
 1426    0.52955E-04
 1427    0.52807E-04
 1428    0.52660E-04
 1429    0.52513E-04
 1430    0.52367E-04
 1431    0.52221E-04
 1432    0.52076E-04
 1433    0.51931E-04
 1434    0.51786E-04
 1435    0.51642E-04
 1436    0.51498E-04
 1437    0.51354E-04
 1438    0.51211E-04
 1439    0.51069E-04
 1440    0.50926E-04
 1441    0.50785E-04
 1442    0.50643E-04
 1443    0.50502E-04
 1444    0.50361E-04
 1445    0.50221E-04
 1446    0.50081E-04
 1447    0.49942E-04
 1448    0.49802E-04
 1449    0.49664E-04
 1450    0.49525E-04
 1451    0.49387E-04
 1452    0.49250E-04
 1453    0.49113E-04
 1454    0.48976E-04
 1455    0.48839E-04
 1456    0.48703E-04
 1457    0.48567E-04
 1458    0.48432E-04
 1459    0.48297E-04
 1460    0.48163E-04
 1461    0.48028E-04
 1462    0.47895E-04
 1463    0.47761E-04
 1464    0.47628E-04
 1465    0.47495E-04
 1466    0.47363E-04
 1467    0.47231E-04
 1468    0.47099E-04
 1469    0.46968E-04
 1470    0.46837E-04
 1471    0.46707E-04
 1472    0.46576E-04
 1473    0.46447E-04
 1474    0.46317E-04
 1475    0.46188E-04
 1476    0.46059E-04
 1477    0.45931E-04
 1478    0.45803E-04
 1479    0.45675E-04
 1480    0.45548E-04
 1481    0.45421E-04
 1482    0.45295E-04
 1483    0.45168E-04
 1484    0.45042E-04
 1485    0.44917E-04
 1486    0.44792E-04
 1487    0.44667E-04
 1488    0.44542E-04
 1489    0.44418E-04
 1490    0.44294E-04
 1491    0.44171E-04
 1492    0.44048E-04
 1493    0.43925E-04
 1494    0.43803E-04
 1495    0.43680E-04
 1496    0.43559E-04
 1497    0.43437E-04
 1498    0.43316E-04
 1499    0.43195E-04
 1500    0.43075E-04
 1501    0.42955E-04
 1502    0.42835E-04
 1503    0.42716E-04
 1504    0.42597E-04
 1505    0.42478E-04
 1506    0.42359E-04
 1507    0.42241E-04
 1508    0.42124E-04
 1509    0.42006E-04
 1510    0.41889E-04
 1511    0.41772E-04
 1512    0.41656E-04
 1513    0.41540E-04
 1514    0.41424E-04
 1515    0.41308E-04
 1516    0.41193E-04
 1517    0.41078E-04
 1518    0.40964E-04
 1519    0.40849E-04
 1520    0.40736E-04
 1521    0.40622E-04
 1522    0.40509E-04
 1523    0.40396E-04
 1524    0.40283E-04
 1525    0.40171E-04
 1526    0.40059E-04
 1527    0.39947E-04
 1528    0.39836E-04
 1529    0.39724E-04
 1530    0.39614E-04
 1531    0.39503E-04
 1532    0.39393E-04
 1533    0.39283E-04
 1534    0.39174E-04
 1535    0.39064E-04
 1536    0.38955E-04
 1537    0.38847E-04
 1538    0.38738E-04
 1539    0.38630E-04
 1540    0.38523E-04
 1541    0.38415E-04
 1542    0.38308E-04
 1543    0.38201E-04
 1544    0.38095E-04
 1545    0.37988E-04
 1546    0.37882E-04
 1547    0.37777E-04
 1548    0.37671E-04
 1549    0.37566E-04
 1550    0.37462E-04
 1551    0.37357E-04
 1552    0.37253E-04
 1553    0.37149E-04
 1554    0.37045E-04
 1555    0.36942E-04
 1556    0.36839E-04
 1557    0.36736E-04
 1558    0.36634E-04
 1559    0.36531E-04
 1560    0.36430E-04
 1561    0.36328E-04
 1562    0.36227E-04
 1563    0.36126E-04
 1564    0.36025E-04
 1565    0.35924E-04
 1566    0.35824E-04
 1567    0.35724E-04
 1568    0.35624E-04
 1569    0.35525E-04
 1570    0.35426E-04
 1571    0.35327E-04
 1572    0.35228E-04
 1573    0.35130E-04
 1574    0.35032E-04
 1575    0.34934E-04
 1576    0.34837E-04
 1577    0.34740E-04
 1578    0.34643E-04
 1579    0.34546E-04
 1580    0.34450E-04
 1581    0.34354E-04
 1582    0.34258E-04
 1583    0.34162E-04
 1584    0.34067E-04
 1585    0.33972E-04
 1586    0.33877E-04
 1587    0.33782E-04
 1588    0.33688E-04
 1589    0.33594E-04
 1590    0.33500E-04
 1591    0.33407E-04
 1592    0.33314E-04
 1593    0.33221E-04
 1594    0.33128E-04
 1595    0.33036E-04
 1596    0.32943E-04
 1597    0.32851E-04
 1598    0.32760E-04
 1599    0.32668E-04
 1600    0.32577E-04
 1601    0.32486E-04
 1602    0.32396E-04
 1603    0.32305E-04
 1604    0.32215E-04
 1605    0.32125E-04
 1606    0.32035E-04
 1607    0.31946E-04
 1608    0.31857E-04
 1609    0.31768E-04
 1610    0.31679E-04
 1611    0.31591E-04
 1612    0.31503E-04
 1613    0.31415E-04
 1614    0.31327E-04
 1615    0.31240E-04
 1616    0.31152E-04
 1617    0.31065E-04
 1618    0.30979E-04
 1619    0.30892E-04
 1620    0.30806E-04
 1621    0.30720E-04
 1622    0.30634E-04
 1623    0.30549E-04
 1624    0.30463E-04
 1625    0.30378E-04
 1626    0.30294E-04
 1627    0.30209E-04
 1628    0.30125E-04
 1629    0.30041E-04
 1630    0.29957E-04
 1631    0.29873E-04
 1632    0.29790E-04
 1633    0.29707E-04
 1634    0.29624E-04
 1635    0.29541E-04
 1636    0.29458E-04
 1637    0.29376E-04
 1638    0.29294E-04
 1639    0.29212E-04
 1640    0.29131E-04
 1641    0.29049E-04
 1642    0.28968E-04
 1643    0.28887E-04
 1644    0.28807E-04
 1645    0.28726E-04
 1646    0.28646E-04
 1647    0.28566E-04
 1648    0.28486E-04
 1649    0.28407E-04
 1650    0.28328E-04
 1651    0.28248E-04
 1652    0.28170E-04
 1653    0.28091E-04
 1654    0.28012E-04
 1655    0.27934E-04
 1656    0.27856E-04
 1657    0.27778E-04
 1658    0.27701E-04
 1659    0.27624E-04
 1660    0.27546E-04
 1661    0.27469E-04
 1662    0.27393E-04
 1663    0.27316E-04
 1664    0.27240E-04
 1665    0.27164E-04
 1666    0.27088E-04
 1667    0.27012E-04
 1668    0.26937E-04
 1669    0.26862E-04
 1670    0.26787E-04
 1671    0.26712E-04
 1672    0.26637E-04
 1673    0.26563E-04
 1674    0.26489E-04
 1675    0.26415E-04
 1676    0.26341E-04
 1677    0.26267E-04
 1678    0.26194E-04
 1679    0.26121E-04
 1680    0.26048E-04
 1681    0.25975E-04
 1682    0.25903E-04
 1683    0.25830E-04
 1684    0.25758E-04
 1685    0.25686E-04
 1686    0.25614E-04
 1687    0.25543E-04
 1688    0.25472E-04
 1689    0.25400E-04
 1690    0.25329E-04
 1691    0.25259E-04
 1692    0.25188E-04
 1693    0.25118E-04
 1694    0.25048E-04
 1695    0.24978E-04
 1696    0.24908E-04
 1697    0.24838E-04
 1698    0.24769E-04
 1699    0.24700E-04
 1700    0.24631E-04
 1701    0.24562E-04
 1702    0.24493E-04
 1703    0.24425E-04
 1704    0.24357E-04
 1705    0.24289E-04
 1706    0.24221E-04
 1707    0.24153E-04
 1708    0.24086E-04
 1709    0.24018E-04
 1710    0.23951E-04
 1711    0.23884E-04
 1712    0.23818E-04
 1713    0.23751E-04
 1714    0.23685E-04
 1715    0.23618E-04
 1716    0.23552E-04
 1717    0.23487E-04
 1718    0.23421E-04
 1719    0.23356E-04
 1720    0.23290E-04
 1721    0.23225E-04
 1722    0.23160E-04
 1723    0.23096E-04
 1724    0.23031E-04
 1725    0.22967E-04
 1726    0.22903E-04
 1727    0.22839E-04
 1728    0.22775E-04
 1729    0.22711E-04
 1730    0.22648E-04
 1731    0.22584E-04
 1732    0.22521E-04
 1733    0.22458E-04
 1734    0.22396E-04
 1735    0.22333E-04
 1736    0.22271E-04
 1737    0.22208E-04
 1738    0.22146E-04
 1739    0.22084E-04
 1740    0.22023E-04
 1741    0.21961E-04
 1742    0.21900E-04
 1743    0.21839E-04
 1744    0.21778E-04
 1745    0.21717E-04
 1746    0.21656E-04
 1747    0.21596E-04
 1748    0.21535E-04
 1749    0.21475E-04
 1750    0.21415E-04
 1751    0.21355E-04
 1752    0.21295E-04
 1753    0.21236E-04
 1754    0.21177E-04
 1755    0.21117E-04
 1756    0.21058E-04
 1757    0.21000E-04
 1758    0.20941E-04
 1759    0.20882E-04
 1760    0.20824E-04
 1761    0.20766E-04
 1762    0.20708E-04
 1763    0.20650E-04
 1764    0.20592E-04
 1765    0.20535E-04
 1766    0.20477E-04
 1767    0.20420E-04
 1768    0.20363E-04
 1769    0.20306E-04
 1770    0.20249E-04
 1771    0.20193E-04
 1772    0.20136E-04
 1773    0.20080E-04
 1774    0.20024E-04
 1775    0.19968E-04
 1776    0.19912E-04
 1777    0.19856E-04
 1778    0.19801E-04
 1779    0.19746E-04
 1780    0.19690E-04
 1781    0.19635E-04
 1782    0.19580E-04
 1783    0.19526E-04
 1784    0.19471E-04
 1785    0.19417E-04
 1786    0.19362E-04
 1787    0.19308E-04
 1788    0.19254E-04
 1789    0.19200E-04
 1790    0.19147E-04
 1791    0.19093E-04
 1792    0.19040E-04
 1793    0.18987E-04
 1794    0.18934E-04
 1795    0.18881E-04
 1796    0.18828E-04
 1797    0.18775E-04
 1798    0.18723E-04
 1799    0.18670E-04
 1800    0.18618E-04
 1801    0.18566E-04
 1802    0.18514E-04
 1803    0.18462E-04
 1804    0.18411E-04
 1805    0.18359E-04
 1806    0.18308E-04
 1807    0.18257E-04
 1808    0.18206E-04
 1809    0.18155E-04
 1810    0.18104E-04
 1811    0.18054E-04
 1812    0.18003E-04
 1813    0.17953E-04
 1814    0.17903E-04
 1815    0.17852E-04
 1816    0.17803E-04
 1817    0.17753E-04
 1818    0.17703E-04
 1819    0.17654E-04
 1820    0.17604E-04
 1821    0.17555E-04
 1822    0.17506E-04
 1823    0.17457E-04
 1824    0.17408E-04
 1825    0.17360E-04
 1826    0.17311E-04
 1827    0.17263E-04
 1828    0.17214E-04
 1829    0.17166E-04
 1830    0.17118E-04
 1831    0.17070E-04
 1832    0.17023E-04
 1833    0.16975E-04
 1834    0.16928E-04
 1835    0.16880E-04
 1836    0.16833E-04
 1837    0.16786E-04
 1838    0.16739E-04
 1839    0.16692E-04
 1840    0.16646E-04
 1841    0.16599E-04
 1842    0.16553E-04
 1843    0.16506E-04
 1844    0.16460E-04
 1845    0.16414E-04
 1846    0.16368E-04
 1847    0.16322E-04
 1848    0.16277E-04
 1849    0.16231E-04
 1850    0.16186E-04
 1851    0.16141E-04
 1852    0.16095E-04
 1853    0.16050E-04
 1854    0.16006E-04
 1855    0.15961E-04
 1856    0.15916E-04
 1857    0.15872E-04
 1858    0.15827E-04
 1859    0.15783E-04
 1860    0.15739E-04
 1861    0.15695E-04
 1862    0.15651E-04
 1863    0.15607E-04
 1864    0.15564E-04
 1865    0.15520E-04
 1866    0.15477E-04
 1867    0.15433E-04
 1868    0.15390E-04
 1869    0.15347E-04
 1870    0.15304E-04
 1871    0.15261E-04
 1872    0.15219E-04
 1873    0.15176E-04
 1874    0.15134E-04
 1875    0.15091E-04
 1876    0.15049E-04
 1877    0.15007E-04
 1878    0.14965E-04
 1879    0.14923E-04
 1880    0.14881E-04
 1881    0.14840E-04
 1882    0.14798E-04
 1883    0.14757E-04
 1884    0.14716E-04
 1885    0.14674E-04
 1886    0.14633E-04
 1887    0.14593E-04
 1888    0.14552E-04
 1889    0.14511E-04
 1890    0.14470E-04
 1891    0.14430E-04
 1892    0.14390E-04
 1893    0.14349E-04
 1894    0.14309E-04
 1895    0.14269E-04
 1896    0.14229E-04
 1897    0.14189E-04
 1898    0.14150E-04
 1899    0.14110E-04
 1900    0.14071E-04
 1901    0.14031E-04
 1902    0.13992E-04
 1903    0.13953E-04
 1904    0.13914E-04
 1905    0.13875E-04
 1906    0.13836E-04
 1907    0.13797E-04
 1908    0.13759E-04
 1909    0.13720E-04
 1910    0.13682E-04
 1911    0.13644E-04
 1912    0.13606E-04
 1913    0.13567E-04
 1914    0.13530E-04
 1915    0.13492E-04
 1916    0.13454E-04
 1917    0.13416E-04
 1918    0.13379E-04
 1919    0.13341E-04
 1920    0.13304E-04
 1921    0.13267E-04
 1922    0.13230E-04
 1923    0.13193E-04
 1924    0.13156E-04
 1925    0.13119E-04
 1926    0.13082E-04
 1927    0.13046E-04
 1928    0.13009E-04
 1929    0.12973E-04
 1930    0.12936E-04
 1931    0.12900E-04
 1932    0.12864E-04
 1933    0.12828E-04
 1934    0.12792E-04
 1935    0.12757E-04
 1936    0.12721E-04
 1937    0.12685E-04
 1938    0.12650E-04
 1939    0.12614E-04
 1940    0.12579E-04
 1941    0.12544E-04
 1942    0.12509E-04
 1943    0.12474E-04
 1944    0.12439E-04
 1945    0.12404E-04
 1946    0.12369E-04
 1947    0.12335E-04
 1948    0.12300E-04
 1949    0.12266E-04
 1950    0.12231E-04
 1951    0.12197E-04
 1952    0.12163E-04
 1953    0.12129E-04
 1954    0.12095E-04
 1955    0.12061E-04
 1956    0.12028E-04
 1957    0.11994E-04
 1958    0.11960E-04
 1959    0.11927E-04
 1960    0.11894E-04
 1961    0.11860E-04
 1962    0.11827E-04
 1963    0.11794E-04
 1964    0.11761E-04
 1965    0.11728E-04
 1966    0.11695E-04
 1967    0.11662E-04
 1968    0.11630E-04
 1969    0.11597E-04
 1970    0.11565E-04
 1971    0.11532E-04
 1972    0.11500E-04
 1973    0.11468E-04
 1974    0.11436E-04
 1975    0.11404E-04
 1976    0.11372E-04
 1977    0.11340E-04
 1978    0.11308E-04
 1979    0.11277E-04
 1980    0.11245E-04
 1981    0.11214E-04
 1982    0.11182E-04
 1983    0.11151E-04
 1984    0.11120E-04
 1985    0.11089E-04
 1986    0.11058E-04
 1987    0.11027E-04
 1988    0.10996E-04
 1989    0.10965E-04
 1990    0.10935E-04
 1991    0.10904E-04
 1992    0.10873E-04
 1993    0.10843E-04
 1994    0.10813E-04
 1995    0.10782E-04
 1996    0.10752E-04
 1997    0.10722E-04
 1998    0.10692E-04
 1999    0.10662E-04
 2000    0.10632E-04
 2001    0.10603E-04
 2002    0.10573E-04
 2003    0.10543E-04
 2004    0.10514E-04
 2005    0.10484E-04
 2006    0.10455E-04
 2007    0.10426E-04
 2008    0.10397E-04
 2009    0.10367E-04
 2010    0.10338E-04
 2011    0.10310E-04
 2012    0.10281E-04
 2013    0.10252E-04
 2014    0.10223E-04
 2015    0.10195E-04
 2016    0.10166E-04
 2017    0.10138E-04
 2018    0.10109E-04
 2019    0.10081E-04
 2020    0.10053E-04
 2021    0.10025E-04
 2022    0.99965E-05
 2023    0.99686E-05
 2024    0.99407E-05
 2025    0.99128E-05
 2026    0.98851E-05
 2027    0.98574E-05
 2028    0.98298E-05
 2029    0.98023E-05
 2030    0.97749E-05
 2031    0.97475E-05
 2032    0.97202E-05
 2033    0.96930E-05
 2034    0.96659E-05
 2035    0.96388E-05
 2036    0.96119E-05
 2037    0.95850E-05
 2038    0.95581E-05
 2039    0.95314E-05
 2040    0.95047E-05
 2041    0.94781E-05
 2042    0.94516E-05
 2043    0.94251E-05
 2044    0.93987E-05
 2045    0.93724E-05
 2046    0.93462E-05
 2047    0.93200E-05
 2048    0.92939E-05
 2049    0.92679E-05
 2050    0.92420E-05
 2051    0.92161E-05
 2052    0.91903E-05
 2053    0.91646E-05
 2054    0.91389E-05
 2055    0.91133E-05
 2056    0.90878E-05
 2057    0.90624E-05
 2058    0.90370E-05
 2059    0.90117E-05
 2060    0.89865E-05
 2061    0.89614E-05
 2062    0.89363E-05
 2063    0.89113E-05
 2064    0.88863E-05
 2065    0.88614E-05
 2066    0.88366E-05
 2067    0.88119E-05
 2068    0.87872E-05
 2069    0.87626E-05
 2070    0.87381E-05
 2071    0.87136E-05
 2072    0.86892E-05
 2073    0.86649E-05
 2074    0.86407E-05
 2075    0.86165E-05
 2076    0.85923E-05
 2077    0.85683E-05
 2078    0.85443E-05
 2079    0.85204E-05
 2080    0.84965E-05
 2081    0.84727E-05
 2082    0.84490E-05
 2083    0.84254E-05
 2084    0.84018E-05
 2085    0.83783E-05
 2086    0.83548E-05
 2087    0.83314E-05
 2088    0.83081E-05
 2089    0.82848E-05
 2090    0.82616E-05
 2091    0.82385E-05
 2092    0.82154E-05
 2093    0.81924E-05
 2094    0.81695E-05
 2095    0.81466E-05
 2096    0.81238E-05
 2097    0.81011E-05
 2098    0.80784E-05
 2099    0.80558E-05
 2100    0.80332E-05
 2101    0.80107E-05
 2102    0.79883E-05
 2103    0.79660E-05
 2104    0.79437E-05
 2105    0.79214E-05
 2106    0.78992E-05
 2107    0.78771E-05
 2108    0.78551E-05
 2109    0.78331E-05
 2110    0.78111E-05
 2111    0.77893E-05
 2112    0.77675E-05
 2113    0.77457E-05
 2114    0.77240E-05
 2115    0.77024E-05
 2116    0.76808E-05
 2117    0.76593E-05
 2118    0.76379E-05
 2119    0.76165E-05
 2120    0.75952E-05
 2121    0.75739E-05
 2122    0.75527E-05
 2123    0.75316E-05
 2124    0.75105E-05
 2125    0.74894E-05
 2126    0.74685E-05
 2127    0.74476E-05
 2128    0.74267E-05
 2129    0.74059E-05
 2130    0.73852E-05
 2131    0.73645E-05
 2132    0.73439E-05
 2133    0.73233E-05
 2134    0.73028E-05
 2135    0.72824E-05
 2136    0.72620E-05
 2137    0.72416E-05
 2138    0.72214E-05
 2139    0.72011E-05
 2140    0.71810E-05
 2141    0.71609E-05
 2142    0.71408E-05
 2143    0.71208E-05
 2144    0.71009E-05
 2145    0.70810E-05
 2146    0.70612E-05
 2147    0.70414E-05
 2148    0.70217E-05
 2149    0.70020E-05
 2150    0.69824E-05
 2151    0.69629E-05
 2152    0.69434E-05
 2153    0.69239E-05
 2154    0.69045E-05
 2155    0.68852E-05
 2156    0.68659E-05
 2157    0.68467E-05
 2158    0.68275E-05
 2159    0.68084E-05
 2160    0.67894E-05
 2161    0.67703E-05
 2162    0.67514E-05
 2163    0.67325E-05
 2164    0.67136E-05
 2165    0.66948E-05
 2166    0.66761E-05
 2167    0.66574E-05
 2168    0.66387E-05
 2169    0.66202E-05
 2170    0.66016E-05
 2171    0.65831E-05
 2172    0.65647E-05
 2173    0.65463E-05
 2174    0.65280E-05
 2175    0.65097E-05
 2176    0.64915E-05
 2177    0.64733E-05
 2178    0.64552E-05
 2179    0.64371E-05
 2180    0.64191E-05
 2181    0.64011E-05
 2182    0.63832E-05
 2183    0.63653E-05
 2184    0.63475E-05
 2185    0.63297E-05
 2186    0.63120E-05
 2187    0.62943E-05
 2188    0.62767E-05
 2189    0.62591E-05
 2190    0.62416E-05
 2191    0.62241E-05
 2192    0.62066E-05
 2193    0.61893E-05
 2194    0.61719E-05
 2195    0.61546E-05
 2196    0.61374E-05
 2197    0.61202E-05
 2198    0.61031E-05
 2199    0.60860E-05
 2200    0.60690E-05
 2201    0.60520E-05
 2202    0.60350E-05
 2203    0.60181E-05
 2204    0.60013E-05
 2205    0.59844E-05
 2206    0.59677E-05
 2207    0.59510E-05
 2208    0.59343E-05
 2209    0.59177E-05
 2210    0.59011E-05
 2211    0.58846E-05
 2212    0.58681E-05
 2213    0.58517E-05
 2214    0.58353E-05
 2215    0.58189E-05
 2216    0.58027E-05
 2217    0.57864E-05
 2218    0.57702E-05
 2219    0.57540E-05
 2220    0.57379E-05
 2221    0.57218E-05
 2222    0.57058E-05
 2223    0.56898E-05
 2224    0.56739E-05
 2225    0.56580E-05
 2226    0.56422E-05
 2227    0.56264E-05
 2228    0.56106E-05
 2229    0.55949E-05
 2230    0.55792E-05
 2231    0.55636E-05
 2232    0.55480E-05
 2233    0.55325E-05
 2234    0.55170E-05
 2235    0.55015E-05
 2236    0.54861E-05
 2237    0.54708E-05
 2238    0.54554E-05
 2239    0.54402E-05
 2240    0.54249E-05
 2241    0.54097E-05
 2242    0.53946E-05
 2243    0.53795E-05
 2244    0.53644E-05
 2245    0.53494E-05
 2246    0.53344E-05
 2247    0.53195E-05
 2248    0.53046E-05
 2249    0.52897E-05
 2250    0.52749E-05
 2251    0.52601E-05
 2252    0.52454E-05
 2253    0.52307E-05
 2254    0.52160E-05
 2255    0.52014E-05
 2256    0.51869E-05
 2257    0.51723E-05
 2258    0.51579E-05
 2259    0.51434E-05
 2260    0.51290E-05
 2261    0.51146E-05
 2262    0.51003E-05
 2263    0.50860E-05
 2264    0.50718E-05
 2265    0.50576E-05
 2266    0.50434E-05
 2267    0.50293E-05
 2268    0.50152E-05
 2269    0.50011E-05
 2270    0.49871E-05
 2271    0.49732E-05
 2272    0.49592E-05
 2273    0.49454E-05
 2274    0.49315E-05
 2275    0.49177E-05
 2276    0.49039E-05
 2277    0.48902E-05
 2278    0.48765E-05
 2279    0.48628E-05
 2280    0.48492E-05
 2281    0.48356E-05
 2282    0.48221E-05
 2283    0.48086E-05
 2284    0.47951E-05
 2285    0.47817E-05
 2286    0.47683E-05
 2287    0.47549E-05
 2288    0.47416E-05
 2289    0.47283E-05
 2290    0.47151E-05
 2291    0.47019E-05
 2292    0.46887E-05
 2293    0.46756E-05
 2294    0.46625E-05
 2295    0.46494E-05
 2296    0.46364E-05
 2297    0.46234E-05
 2298    0.46104E-05
 2299    0.45975E-05
 2300    0.45847E-05
 2301    0.45718E-05
 2302    0.45590E-05
 2303    0.45462E-05
 2304    0.45335E-05
 2305    0.45208E-05
 2306    0.45081E-05
 2307    0.44955E-05
 2308    0.44829E-05
 2309    0.44704E-05
 2310    0.44578E-05
 2311    0.44454E-05
 2312    0.44329E-05
 2313    0.44205E-05
 2314    0.44081E-05
 2315    0.43958E-05
 2316    0.43834E-05
 2317    0.43712E-05
 2318    0.43589E-05
 2319    0.43467E-05
 2320    0.43345E-05
 2321    0.43224E-05
 2322    0.43103E-05
 2323    0.42982E-05
 2324    0.42862E-05
 2325    0.42742E-05
 2326    0.42622E-05
 2327    0.42503E-05
 2328    0.42383E-05
 2329    0.42265E-05
 2330    0.42146E-05
 2331    0.42028E-05
 2332    0.41911E-05
 2333    0.41793E-05
 2334    0.41676E-05
 2335    0.41559E-05
 2336    0.41443E-05
 2337    0.41327E-05
 2338    0.41211E-05
 2339    0.41096E-05
 2340    0.40981E-05
 2341    0.40866E-05
 2342    0.40751E-05
 2343    0.40637E-05
 2344    0.40523E-05
 2345    0.40410E-05
 2346    0.40297E-05
 2347    0.40184E-05
 2348    0.40071E-05
 2349    0.39959E-05
 2350    0.39847E-05
 2351    0.39735E-05
 2352    0.39624E-05
 2353    0.39513E-05
 2354    0.39402E-05
 2355    0.39292E-05
 2356    0.39182E-05
 2357    0.39072E-05
 2358    0.38963E-05
 2359    0.38853E-05
 2360    0.38745E-05
 2361    0.38636E-05
 2362    0.38528E-05
 2363    0.38420E-05
 2364    0.38312E-05
 2365    0.38205E-05
 2366    0.38098E-05
 2367    0.37991E-05
 2368    0.37885E-05
 2369    0.37779E-05
 2370    0.37673E-05
 2371    0.37567E-05
 2372    0.37462E-05
 2373    0.37357E-05
 2374    0.37252E-05
 2375    0.37148E-05
 2376    0.37044E-05
 2377    0.36940E-05
 2378    0.36837E-05
 2379    0.36734E-05
 2380    0.36631E-05
 2381    0.36528E-05
 2382    0.36426E-05
 2383    0.36324E-05
 2384    0.36222E-05
 2385    0.36120E-05
 2386    0.36019E-05
 2387    0.35918E-05
 2388    0.35818E-05
 2389    0.35717E-05
 2390    0.35617E-05
 2391    0.35518E-05
 2392    0.35418E-05
 2393    0.35319E-05
 2394    0.35220E-05
 2395    0.35121E-05
 2396    0.35023E-05
 2397    0.34925E-05
 2398    0.34827E-05
 2399    0.34729E-05
 2400    0.34632E-05
 2401    0.34535E-05
 2402    0.34438E-05
 2403    0.34342E-05
 2404    0.34246E-05
 2405    0.34150E-05
 2406    0.34054E-05
 2407    0.33958E-05
 2408    0.33863E-05
 2409    0.33768E-05
 2410    0.33674E-05
 2411    0.33580E-05
 2412    0.33485E-05
 2413    0.33392E-05
 2414    0.33298E-05
 2415    0.33205E-05
 2416    0.33112E-05
 2417    0.33019E-05
 2418    0.32927E-05
 2419    0.32834E-05
 2420    0.32742E-05
 2421    0.32651E-05
 2422    0.32559E-05
 2423    0.32468E-05
 2424    0.32377E-05
 2425    0.32286E-05
 2426    0.32196E-05
 2427    0.32106E-05
 2428    0.32016E-05
 2429    0.31926E-05
 2430    0.31836E-05
 2431    0.31747E-05
 2432    0.31658E-05
 2433    0.31570E-05
 2434    0.31481E-05
 2435    0.31393E-05
 2436    0.31305E-05
 2437    0.31217E-05
 2438    0.31130E-05
 2439    0.31043E-05
 2440    0.30956E-05
 2441    0.30869E-05
 2442    0.30782E-05
 2443    0.30696E-05
 2444    0.30610E-05
 2445    0.30524E-05
 2446    0.30439E-05
 2447    0.30354E-05
 2448    0.30269E-05
 2449    0.30184E-05
 2450    0.30099E-05
 2451    0.30015E-05
 2452    0.29931E-05
 2453    0.29847E-05
 2454    0.29763E-05
 2455    0.29680E-05
 2456    0.29597E-05
 2457    0.29514E-05
 2458    0.29431E-05
 2459    0.29349E-05
 2460    0.29266E-05
 2461    0.29184E-05
 2462    0.29103E-05
 2463    0.29021E-05
 2464    0.28940E-05
 2465    0.28859E-05
 2466    0.28778E-05
 2467    0.28697E-05
 2468    0.28617E-05
 2469    0.28537E-05
 2470    0.28457E-05
 2471    0.28377E-05
 2472    0.28298E-05
 2473    0.28218E-05
 2474    0.28139E-05
 2475    0.28060E-05
 2476    0.27982E-05
 2477    0.27903E-05
 2478    0.27825E-05
 2479    0.27747E-05
 2480    0.27669E-05
 2481    0.27592E-05
 2482    0.27515E-05
 2483    0.27438E-05
 2484    0.27361E-05
 2485    0.27284E-05
 2486    0.27208E-05
 2487    0.27131E-05
 2488    0.27055E-05
 2489    0.26979E-05
 2490    0.26904E-05
 2491    0.26829E-05
 2492    0.26753E-05
 2493    0.26678E-05
 2494    0.26604E-05
 2495    0.26529E-05
 2496    0.26455E-05
 2497    0.26381E-05
 2498    0.26307E-05
 2499    0.26233E-05
 2500    0.26160E-05
 2501    0.26086E-05
 2502    0.26013E-05
 2503    0.25940E-05
 2504    0.25868E-05
 2505    0.25795E-05
 2506    0.25723E-05
 2507    0.25651E-05
 2508    0.25579E-05
 2509    0.25507E-05
 2510    0.25436E-05
 2511    0.25364E-05
 2512    0.25293E-05
 2513    0.25223E-05
 2514    0.25152E-05
 2515    0.25081E-05
 2516    0.25011E-05
 2517    0.24941E-05
 2518    0.24871E-05
 2519    0.24801E-05
 2520    0.24732E-05
 2521    0.24663E-05
 2522    0.24594E-05
 2523    0.24525E-05
 2524    0.24456E-05
 2525    0.24387E-05
 2526    0.24319E-05
 2527    0.24251E-05
 2528    0.24183E-05
 2529    0.24115E-05
 2530    0.24048E-05
 2531    0.23980E-05
 2532    0.23913E-05
 2533    0.23846E-05
 2534    0.23779E-05
 2535    0.23713E-05
 2536    0.23646E-05
 2537    0.23580E-05
 2538    0.23514E-05
 2539    0.23448E-05
 2540    0.23382E-05
 2541    0.23317E-05
 2542    0.23251E-05
 2543    0.23186E-05
 2544    0.23121E-05
 2545    0.23057E-05
 2546    0.22992E-05
 2547    0.22928E-05
 2548    0.22863E-05
 2549    0.22799E-05
 2550    0.22735E-05
 2551    0.22672E-05
 2552    0.22608E-05
 2553    0.22545E-05
 2554    0.22482E-05
 2555    0.22419E-05
 2556    0.22356E-05
 2557    0.22293E-05
 2558    0.22231E-05
 2559    0.22168E-05
 2560    0.22106E-05
 2561    0.22044E-05
 2562    0.21983E-05
 2563    0.21921E-05
 2564    0.21860E-05
 2565    0.21798E-05
 2566    0.21737E-05
 2567    0.21676E-05
 2568    0.21616E-05
 2569    0.21555E-05
 2570    0.21495E-05
 2571    0.21434E-05
 2572    0.21374E-05
 2573    0.21314E-05
 2574    0.21255E-05
 2575    0.21195E-05
 2576    0.21136E-05
 2577    0.21077E-05
 2578    0.21017E-05
 2579    0.20959E-05
 2580    0.20900E-05
 2581    0.20841E-05
 2582    0.20783E-05
 2583    0.20725E-05
 2584    0.20667E-05
 2585    0.20609E-05
 2586    0.20551E-05
 2587    0.20493E-05
 2588    0.20436E-05
 2589    0.20379E-05
 2590    0.20322E-05
 2591    0.20265E-05
 2592    0.20208E-05
 2593    0.20151E-05
 2594    0.20095E-05
 2595    0.20038E-05
 2596    0.19982E-05
 2597    0.19926E-05
 2598    0.19870E-05
 2599    0.19815E-05
 2600    0.19759E-05
 2601    0.19704E-05
 2602    0.19649E-05
 2603    0.19594E-05
 2604    0.19539E-05
 2605    0.19484E-05
 2606    0.19429E-05
 2607    0.19375E-05
 2608    0.19321E-05
 2609    0.19266E-05
 2610    0.19212E-05
 2611    0.19159E-05
 2612    0.19105E-05
 2613    0.19051E-05
 2614    0.18998E-05
 2615    0.18945E-05
 2616    0.18892E-05
 2617    0.18839E-05
 2618    0.18786E-05
 2619    0.18733E-05
 2620    0.18681E-05
 2621    0.18628E-05
 2622    0.18576E-05
 2623    0.18524E-05
 2624    0.18472E-05
 2625    0.18421E-05
 2626    0.18369E-05
 2627    0.18317E-05
 2628    0.18266E-05
 2629    0.18215E-05
 2630    0.18164E-05
 2631    0.18113E-05
 2632    0.18062E-05
 2633    0.18012E-05
 2634    0.17961E-05
 2635    0.17911E-05
 2636    0.17861E-05
 2637    0.17811E-05
 2638    0.17761E-05
 2639    0.17711E-05
 2640    0.17661E-05
 2641    0.17612E-05
 2642    0.17562E-05
 2643    0.17513E-05
 2644    0.17464E-05
 2645    0.17415E-05
 2646    0.17366E-05
 2647    0.17318E-05
 2648    0.17269E-05
 2649    0.17221E-05
 2650    0.17173E-05
 2651    0.17124E-05
 2652    0.17076E-05
 2653    0.17029E-05
 2654    0.16981E-05
 2655    0.16933E-05
 2656    0.16886E-05
 2657    0.16839E-05
 2658    0.16791E-05
 2659    0.16744E-05
 2660    0.16697E-05
 2661    0.16651E-05
 2662    0.16604E-05
 2663    0.16557E-05
 2664    0.16511E-05
 2665    0.16465E-05
 2666    0.16419E-05
 2667    0.16373E-05
 2668    0.16327E-05
 2669    0.16281E-05
 2670    0.16235E-05
 2671    0.16190E-05
 2672    0.16144E-05
 2673    0.16099E-05
 2674    0.16054E-05
 2675    0.16009E-05
 2676    0.15964E-05
 2677    0.15920E-05
 2678    0.15875E-05
 2679    0.15830E-05
 2680    0.15786E-05
 2681    0.15742E-05
 2682    0.15698E-05
 2683    0.15654E-05
 2684    0.15610E-05
 2685    0.15566E-05
 2686    0.15522E-05
 2687    0.15479E-05
 2688    0.15436E-05
 2689    0.15392E-05
 2690    0.15349E-05
 2691    0.15306E-05
 2692    0.15263E-05
 2693    0.15221E-05
 2694    0.15178E-05
 2695    0.15135E-05
 2696    0.15093E-05
 2697    0.15051E-05
 2698    0.15008E-05
 2699    0.14966E-05
 2700    0.14924E-05
 2701    0.14883E-05
 2702    0.14841E-05
 2703    0.14799E-05
 2704    0.14758E-05
 2705    0.14717E-05
 2706    0.14675E-05
 2707    0.14634E-05
 2708    0.14593E-05
 2709    0.14552E-05
 2710    0.14511E-05
 2711    0.14471E-05
 2712    0.14430E-05
 2713    0.14390E-05
 2714    0.14350E-05
 2715    0.14309E-05
 2716    0.14269E-05
 2717    0.14229E-05
 2718    0.14189E-05
 2719    0.14150E-05
 2720    0.14110E-05
 2721    0.14070E-05
 2722    0.14031E-05
 2723    0.13992E-05
 2724    0.13952E-05
 2725    0.13913E-05
 2726    0.13874E-05
 2727    0.13835E-05
 2728    0.13797E-05
 2729    0.13758E-05
 2730    0.13719E-05
 2731    0.13681E-05
 2732    0.13643E-05
 2733    0.13604E-05
 2734    0.13566E-05
 2735    0.13528E-05
 2736    0.13490E-05
 2737    0.13453E-05
 2738    0.13415E-05
 2739    0.13377E-05
 2740    0.13340E-05
 2741    0.13302E-05
 2742    0.13265E-05
 2743    0.13228E-05
 2744    0.13191E-05
 2745    0.13154E-05
 2746    0.13117E-05
 2747    0.13080E-05
 2748    0.13044E-05
 2749    0.13007E-05
 2750    0.12971E-05
 2751    0.12934E-05
 2752    0.12898E-05
 2753    0.12862E-05
 2754    0.12826E-05
 2755    0.12790E-05
 2756    0.12754E-05
 2757    0.12718E-05
 2758    0.12683E-05
 2759    0.12647E-05
 2760    0.12612E-05
 2761    0.12576E-05
 2762    0.12541E-05
 2763    0.12506E-05
 2764    0.12471E-05
 2765    0.12436E-05
 2766    0.12401E-05
 2767    0.12366E-05
 2768    0.12332E-05
 2769    0.12297E-05
 2770    0.12263E-05
 2771    0.12228E-05
 2772    0.12194E-05
 2773    0.12160E-05
 2774    0.12126E-05
 2775    0.12092E-05
 2776    0.12058E-05
 2777    0.12024E-05
 2778    0.11990E-05
 2779    0.11957E-05
 2780    0.11923E-05
 2781    0.11890E-05
 2782    0.11857E-05
 2783    0.11823E-05
 2784    0.11790E-05
 2785    0.11757E-05
 2786    0.11724E-05
 2787    0.11691E-05
 2788    0.11659E-05
 2789    0.11626E-05
 2790    0.11593E-05
 2791    0.11561E-05
 2792    0.11528E-05
 2793    0.11496E-05
 2794    0.11464E-05
 2795    0.11432E-05
 2796    0.11400E-05
 2797    0.11368E-05
 2798    0.11336E-05
 2799    0.11304E-05
 2800    0.11273E-05
 2801    0.11241E-05
 2802    0.11209E-05
 2803    0.11178E-05
 2804    0.11147E-05
 2805    0.11115E-05
 2806    0.11084E-05
 2807    0.11053E-05
 2808    0.11022E-05
 2809    0.10991E-05
 2810    0.10961E-05
 2811    0.10930E-05
 2812    0.10899E-05
 2813    0.10869E-05
 2814    0.10838E-05
 2815    0.10808E-05
 2816    0.10778E-05
 2817    0.10747E-05
 2818    0.10717E-05
 2819    0.10687E-05
 2820    0.10657E-05
 2821    0.10627E-05
 2822    0.10598E-05
 2823    0.10568E-05
 2824    0.10538E-05
 2825    0.10509E-05
 2826    0.10479E-05
 2827    0.10450E-05
 2828    0.10421E-05
 2829    0.10391E-05
 2830    0.10362E-05
 2831    0.10333E-05
 2832    0.10304E-05
 2833    0.10275E-05
 2834    0.10247E-05
 2835    0.10218E-05
 2836    0.10189E-05
 2837    0.10161E-05
 2838    0.10132E-05
 2839    0.10104E-05
 2840    0.10076E-05
 2841    0.10047E-05
 2842    0.10019E-05
 2843    0.99911E-06
 2844    0.99631E-06
 2845    0.99351E-06
 2846    0.99073E-06
 2847    0.98795E-06
 2848    0.98519E-06
 2849    0.98242E-06
 2850    0.97967E-06
 2851    0.97693E-06
 2852    0.97419E-06
 2853    0.97146E-06
 2854    0.96873E-06
 2855    0.96602E-06
 2856    0.96331E-06
 2857    0.96061E-06
 2858    0.95792E-06
 2859    0.95524E-06
 2860    0.95256E-06
 2861    0.94989E-06
 2862    0.94723E-06
 2863    0.94457E-06
 2864    0.94193E-06
 2865    0.93929E-06
 2866    0.93665E-06
 2867    0.93403E-06
 2868    0.93141E-06
 2869    0.92880E-06
 2870    0.92620E-06
 2871    0.92360E-06
 2872    0.92101E-06
 2873    0.91843E-06
 2874    0.91586E-06
 2875    0.91329E-06
 2876    0.91073E-06
 2877    0.90818E-06
 2878    0.90563E-06
 2879    0.90310E-06
 2880    0.90056E-06
 2881    0.89804E-06
 2882    0.89552E-06
 2883    0.89301E-06
 2884    0.89051E-06
 2885    0.88802E-06
 2886    0.88553E-06
 2887    0.88305E-06
 2888    0.88057E-06
 2889    0.87810E-06
 2890    0.87564E-06
 2891    0.87319E-06
 2892    0.87074E-06
 2893    0.86830E-06
 2894    0.86587E-06
 2895    0.86344E-06
 2896    0.86102E-06
 2897    0.85861E-06
 2898    0.85620E-06
 2899    0.85380E-06
 2900    0.85141E-06
 2901    0.84902E-06
 2902    0.84664E-06
 2903    0.84427E-06
 2904    0.84190E-06
 2905    0.83954E-06
 2906    0.83719E-06
 2907    0.83484E-06
 2908    0.83250E-06
 2909    0.83017E-06
 2910    0.82785E-06
 2911    0.82552E-06
 2912    0.82321E-06
 2913    0.82090E-06
 2914    0.81860E-06
 2915    0.81631E-06
 2916    0.81402E-06
 2917    0.81174E-06
 2918    0.80947E-06
 2919    0.80720E-06
 2920    0.80493E-06
 2921    0.80268E-06
 2922    0.80043E-06
 2923    0.79819E-06
 2924    0.79595E-06
 2925    0.79372E-06
 2926    0.79149E-06
 2927    0.78927E-06
 2928    0.78706E-06
 2929    0.78486E-06
 2930    0.78266E-06
 2931    0.78046E-06
 2932    0.77828E-06
 2933    0.77610E-06
 2934    0.77392E-06
 2935    0.77175E-06
 2936    0.76959E-06
 2937    0.76743E-06
 2938    0.76528E-06
 2939    0.76314E-06
 2940    0.76100E-06
 2941    0.75886E-06
 2942    0.75674E-06
 2943    0.75462E-06
 2944    0.75250E-06
 2945    0.75039E-06
 2946    0.74829E-06
 2947    0.74619E-06
 2948    0.74410E-06
 2949    0.74202E-06
 2950    0.73994E-06
 2951    0.73786E-06
 2952    0.73579E-06
 2953    0.73373E-06
 2954    0.73168E-06
 2955    0.72963E-06
 2956    0.72758E-06
 2957    0.72554E-06
 2958    0.72351E-06
 2959    0.72148E-06
 2960    0.71946E-06
 2961    0.71744E-06
 2962    0.71543E-06
 2963    0.71343E-06
 2964    0.71143E-06
 2965    0.70943E-06
 2966    0.70744E-06
 2967    0.70546E-06
 2968    0.70348E-06
 2969    0.70151E-06
 2970    0.69955E-06
 2971    0.69759E-06
 2972    0.69563E-06
 2973    0.69368E-06
 2974    0.69174E-06
 2975    0.68980E-06
 2976    0.68786E-06
 2977    0.68594E-06
 2978    0.68401E-06
 2979    0.68210E-06
 2980    0.68019E-06
 2981    0.67828E-06
 2982    0.67638E-06
 2983    0.67448E-06
 2984    0.67259E-06
 2985    0.67071E-06
 2986    0.66883E-06
 2987    0.66695E-06
 2988    0.66508E-06
 2989    0.66322E-06
 2990    0.66136E-06
 2991    0.65951E-06
 2992    0.65766E-06
 2993    0.65582E-06
 2994    0.65398E-06
 2995    0.65215E-06
 2996    0.65032E-06
 2997    0.64849E-06
 2998    0.64668E-06
 2999    0.64486E-06
 3000    0.64306E-06
 3001    0.64126E-06
 3002    0.63946E-06
 3003    0.63767E-06
 3004    0.63588E-06
 3005    0.63410E-06
 3006    0.63232E-06
 3007    0.63055E-06
 3008    0.62878E-06
 3009    0.62702E-06
 3010    0.62526E-06
 3011    0.62351E-06
 3012    0.62176E-06
 3013    0.62002E-06
 3014    0.61828E-06
 3015    0.61655E-06
 3016    0.61482E-06
 3017    0.61310E-06
 3018    0.61138E-06
 3019    0.60966E-06
 3020    0.60796E-06
 3021    0.60625E-06
 3022    0.60455E-06
 3023    0.60286E-06
 3024    0.60117E-06
 3025    0.59948E-06
 3026    0.59780E-06
 3027    0.59613E-06
 3028    0.59446E-06
 3029    0.59279E-06
 3030    0.59113E-06
 3031    0.58947E-06
 3032    0.58782E-06
 3033    0.58617E-06
 3034    0.58453E-06
 3035    0.58289E-06
 3036    0.58126E-06
 3037    0.57963E-06
 3038    0.57800E-06
 3039    0.57638E-06
 3040    0.57477E-06
 3041    0.57316E-06
 3042    0.57155E-06
 3043    0.56995E-06
 3044    0.56835E-06
 3045    0.56676E-06
 3046    0.56517E-06
 3047    0.56359E-06
 3048    0.56201E-06
 3049    0.56043E-06
 3050    0.55886E-06
 3051    0.55730E-06
 3052    0.55573E-06
 3053    0.55418E-06
 3054    0.55262E-06
 3055    0.55107E-06
 3056    0.54953E-06
 3057    0.54799E-06
 3058    0.54645E-06
 3059    0.54492E-06
 3060    0.54339E-06
 3061    0.54187E-06
 3062    0.54035E-06
 3063    0.53884E-06
 3064    0.53733E-06
 3065    0.53582E-06
 3066    0.53432E-06
 3067    0.53282E-06
 3068    0.53133E-06
 3069    0.52984E-06
 3070    0.52836E-06
 3071    0.52687E-06
 3072    0.52540E-06
 3073    0.52393E-06
 3074    0.52246E-06
 3075    0.52099E-06
 3076    0.51953E-06
 3077    0.51808E-06
 3078    0.51662E-06
 3079    0.51518E-06
 3080    0.51373E-06
 3081    0.51229E-06
 3082    0.51086E-06
 3083    0.50942E-06
 3084    0.50800E-06
 3085    0.50657E-06
 3086    0.50515E-06
 3087    0.50374E-06
 3088    0.50233E-06
 3089    0.50092E-06
 3090    0.49951E-06
 3091    0.49811E-06
 3092    0.49672E-06
 3093    0.49533E-06
 3094    0.49394E-06
 3095    0.49255E-06
 3096    0.49117E-06
 3097    0.48980E-06
 3098    0.48842E-06
 3099    0.48705E-06
 3100    0.48569E-06
 3101    0.48433E-06
 3102    0.48297E-06
 3103    0.48162E-06
 3104    0.48027E-06
 3105    0.47892E-06
 3106    0.47758E-06
 3107    0.47624E-06
 3108    0.47491E-06
 3109    0.47357E-06
 3110    0.47225E-06
 3111    0.47092E-06
 3112    0.46960E-06
 3113    0.46829E-06
 3114    0.46697E-06
 3115    0.46567E-06
 3116    0.46436E-06
 3117    0.46306E-06
 3118    0.46176E-06
 3119    0.46047E-06
 3120    0.45918E-06
 3121    0.45789E-06
 3122    0.45661E-06
 3123    0.45533E-06
 3124    0.45405E-06
 3125    0.45278E-06
 3126    0.45151E-06
 3127    0.45024E-06
 3128    0.44898E-06
 3129    0.44772E-06
 3130    0.44647E-06
 3131    0.44522E-06
 3132    0.44397E-06
 3133    0.44272E-06
 3134    0.44148E-06
 3135    0.44025E-06
 3136    0.43901E-06
 3137    0.43778E-06
 3138    0.43656E-06
 3139    0.43533E-06
 3140    0.43411E-06
 3141    0.43289E-06
 3142    0.43168E-06
 3143    0.43047E-06
 3144    0.42927E-06
 3145    0.42806E-06
 3146    0.42686E-06
 3147    0.42567E-06
 3148    0.42447E-06
 3149    0.42328E-06
 3150    0.42210E-06
 3151    0.42091E-06
 3152    0.41973E-06
 3153    0.41856E-06
 3154    0.41738E-06
 3155    0.41621E-06
 3156    0.41505E-06
 3157    0.41388E-06
 3158    0.41272E-06
 3159    0.41157E-06
 3160    0.41041E-06
 3161    0.40926E-06
 3162    0.40812E-06
 3163    0.40697E-06
 3164    0.40583E-06
 3165    0.40470E-06
 3166    0.40356E-06
 3167    0.40243E-06
 3168    0.40130E-06
 3169    0.40018E-06
 3170    0.39906E-06
 3171    0.39794E-06
 3172    0.39682E-06
 3173    0.39571E-06
 3174    0.39460E-06
 3175    0.39349E-06
 3176    0.39239E-06
 3177    0.39129E-06
 3178    0.39019E-06
 3179    0.38910E-06
 3180    0.38801E-06
 3181    0.38692E-06
 3182    0.38584E-06
 3183    0.38476E-06
 3184    0.38368E-06
 3185    0.38260E-06
 3186    0.38153E-06
 3187    0.38046E-06
 3188    0.37940E-06
 3189    0.37833E-06
 3190    0.37727E-06
 3191    0.37621E-06
 3192    0.37516E-06
 3193    0.37411E-06
 3194    0.37306E-06
 3195    0.37201E-06
 3196    0.37097E-06
 3197    0.36993E-06
 3198    0.36889E-06
 3199    0.36786E-06
 3200    0.36683E-06
 3201    0.36580E-06
 3202    0.36478E-06
 3203    0.36375E-06
 3204    0.36273E-06
 3205    0.36172E-06
 3206    0.36070E-06
 3207    0.35969E-06
 3208    0.35869E-06
 3209    0.35768E-06
 3210    0.35668E-06
 3211    0.35568E-06
 3212    0.35468E-06
 3213    0.35369E-06
 3214    0.35270E-06
 3215    0.35171E-06
 3216    0.35072E-06
 3217    0.34974E-06
 3218    0.34876E-06
 3219    0.34778E-06
 3220    0.34681E-06
 3221    0.34583E-06
 3222    0.34486E-06
 3223    0.34390E-06
 3224    0.34293E-06
 3225    0.34197E-06
 3226    0.34101E-06
 3227    0.34006E-06
 3228    0.33911E-06
 3229    0.33815E-06
 3230    0.33721E-06
 3231    0.33626E-06
 3232    0.33532E-06
 3233    0.33438E-06
 3234    0.33344E-06
 3235    0.33251E-06
 3236    0.33158E-06
 3237    0.33065E-06
 3238    0.32972E-06
 3239    0.32880E-06
 3240    0.32787E-06
 3241    0.32695E-06
 3242    0.32604E-06
 3243    0.32512E-06
 3244    0.32421E-06
 3245    0.32330E-06
 3246    0.32240E-06
 3247    0.32149E-06
 3248    0.32059E-06
 3249    0.31970E-06
 3250    0.31880E-06
 3251    0.31791E-06
 3252    0.31701E-06
 3253    0.31613E-06
 3254    0.31524E-06
 3255    0.31436E-06
 3256    0.31348E-06
 3257    0.31260E-06
 3258    0.31172E-06
 3259    0.31085E-06
 3260    0.30998E-06
 3261    0.30911E-06
 3262    0.30824E-06
 3263    0.30738E-06
 3264    0.30652E-06
 3265    0.30566E-06
 3266    0.30480E-06
 3267    0.30394E-06
 3268    0.30309E-06
 3269    0.30224E-06
 3270    0.30140E-06
 3271    0.30055E-06
 3272    0.29971E-06
 3273    0.29887E-06
 3274    0.29803E-06
 3275    0.29720E-06
 3276    0.29636E-06
 3277    0.29553E-06
 3278    0.29470E-06
 3279    0.29388E-06
 3280    0.29305E-06
 3281    0.29223E-06
 3282    0.29141E-06
 3283    0.29060E-06
 3284    0.28978E-06
 3285    0.28897E-06
 3286    0.28816E-06
 3287    0.28735E-06
 3288    0.28655E-06
 3289    0.28574E-06
 3290    0.28494E-06
 3291    0.28414E-06
 3292    0.28335E-06
 3293    0.28255E-06
 3294    0.28176E-06
 3295    0.28097E-06
 3296    0.28019E-06
 3297    0.27940E-06
 3298    0.27862E-06
 3299    0.27784E-06
 3300    0.27706E-06
 3301    0.27628E-06
 3302    0.27551E-06
 3303    0.27473E-06
 3304    0.27396E-06
 3305    0.27320E-06
 3306    0.27243E-06
 3307    0.27167E-06
 3308    0.27091E-06
 3309    0.27015E-06
 3310    0.26939E-06
 3311    0.26863E-06
 3312    0.26788E-06
 3313    0.26713E-06
 3314    0.26638E-06
 3315    0.26563E-06
 3316    0.26489E-06
 3317    0.26415E-06
 3318    0.26341E-06
 3319    0.26267E-06
 3320    0.26193E-06
 3321    0.26120E-06
 3322    0.26047E-06
 3323    0.25974E-06
 3324    0.25901E-06
 3325    0.25828E-06
 3326    0.25756E-06
 3327    0.25684E-06
 3328    0.25612E-06
 3329    0.25540E-06
 3330    0.25468E-06
 3331    0.25397E-06
 3332    0.25326E-06
 3333    0.25255E-06
 3334    0.25184E-06
 3335    0.25113E-06
 3336    0.25043E-06
 3337    0.24973E-06
 3338    0.24903E-06
 3339    0.24833E-06
 3340    0.24763E-06
 3341    0.24694E-06
 3342    0.24625E-06
 3343    0.24556E-06
 3344    0.24487E-06
 3345    0.24418E-06
 3346    0.24350E-06
 3347    0.24282E-06
 3348    0.24214E-06
 3349    0.24146E-06
 3350    0.24078E-06
 3351    0.24011E-06
 3352    0.23943E-06
 3353    0.23876E-06
 3354    0.23809E-06
 3355    0.23742E-06
 3356    0.23676E-06
 3357    0.23610E-06
 3358    0.23543E-06
 3359    0.23477E-06
 3360    0.23412E-06
 3361    0.23346E-06
 3362    0.23281E-06
 3363    0.23215E-06
 3364    0.23150E-06
 3365    0.23085E-06
 3366    0.23021E-06
 3367    0.22956E-06
 3368    0.22892E-06
 3369    0.22828E-06
 3370    0.22764E-06
 3371    0.22700E-06
 3372    0.22636E-06
 3373    0.22573E-06
 3374    0.22509E-06
 3375    0.22446E-06
 3376    0.22383E-06
 3377    0.22321E-06
 3378    0.22258E-06
 3379    0.22196E-06
 3380    0.22134E-06
 3381    0.22072E-06
 3382    0.22010E-06
 3383    0.21948E-06
 3384    0.21886E-06
 3385    0.21825E-06
 3386    0.21764E-06
 3387    0.21703E-06
 3388    0.21642E-06
 3389    0.21581E-06
 3390    0.21521E-06
 3391    0.21461E-06
 3392    0.21401E-06
 3393    0.21341E-06
 3394    0.21281E-06
 3395    0.21221E-06
 3396    0.21162E-06
 3397    0.21102E-06
 3398    0.21043E-06
 3399    0.20984E-06
 3400    0.20925E-06
 3401    0.20867E-06
 3402    0.20808E-06
 3403    0.20750E-06
 3404    0.20692E-06
 3405    0.20634E-06
 3406    0.20576E-06
 3407    0.20518E-06
 3408    0.20461E-06
 3409    0.20403E-06
 3410    0.20346E-06
 3411    0.20289E-06
 3412    0.20232E-06
 3413    0.20176E-06
 3414    0.20119E-06
 3415    0.20063E-06
 3416    0.20006E-06
 3417    0.19950E-06
 3418    0.19894E-06
 3419    0.19839E-06
 3420    0.19783E-06
 3421    0.19728E-06
 3422    0.19672E-06
 3423    0.19617E-06
 3424    0.19562E-06
 3425    0.19507E-06
 3426    0.19453E-06
 3427    0.19398E-06
 3428    0.19344E-06
 3429    0.19290E-06
 3430    0.19235E-06
 3431    0.19182E-06
 3432    0.19128E-06
 3433    0.19074E-06
 3434    0.19021E-06
 3435    0.18967E-06
 3436    0.18914E-06
 3437    0.18861E-06
 3438    0.18808E-06
 3439    0.18756E-06
 3440    0.18703E-06
 3441    0.18651E-06
 3442    0.18598E-06
 3443    0.18546E-06
 3444    0.18494E-06
 3445    0.18442E-06
 3446    0.18391E-06
 3447    0.18339E-06
 3448    0.18288E-06
 3449    0.18237E-06
 3450    0.18185E-06
 3451    0.18134E-06
 3452    0.18084E-06
 3453    0.18033E-06
 3454    0.17982E-06
 3455    0.17932E-06
 3456    0.17882E-06
 3457    0.17832E-06
 3458    0.17782E-06
 3459    0.17732E-06
 3460    0.17682E-06
 3461    0.17633E-06
 3462    0.17583E-06
 3463    0.17534E-06
 3464    0.17485E-06
 3465    0.17436E-06
 3466    0.17387E-06
 3467    0.17338E-06
 3468    0.17289E-06
 3469    0.17241E-06
 3470    0.17193E-06
 3471    0.17145E-06
 3472    0.17096E-06
 3473    0.17049E-06
 3474    0.17001E-06
 3475    0.16953E-06
 3476    0.16906E-06
 3477    0.16858E-06
 3478    0.16811E-06
 3479    0.16764E-06
 3480    0.16717E-06
 3481    0.16670E-06
 3482    0.16623E-06
 3483    0.16577E-06
 3484    0.16530E-06
 3485    0.16484E-06
 3486    0.16438E-06
 3487    0.16392E-06
 3488    0.16346E-06
 3489    0.16300E-06
 3490    0.16254E-06
 3491    0.16209E-06
 3492    0.16163E-06
 3493    0.16118E-06
 3494    0.16073E-06
 3495    0.16028E-06
 3496    0.15983E-06
 3497    0.15938E-06
 3498    0.15893E-06
 3499    0.15849E-06
 3500    0.15804E-06
 3501    0.15760E-06
 3502    0.15716E-06
 3503    0.15672E-06
 3504    0.15628E-06
 3505    0.15584E-06
 3506    0.15540E-06
 3507    0.15497E-06
 3508    0.15453E-06
 3509    0.15410E-06
 3510    0.15367E-06
 3511    0.15324E-06
 3512    0.15281E-06
 3513    0.15238E-06
 3514    0.15195E-06
 3515    0.15153E-06
 3516    0.15110E-06
 3517    0.15068E-06
 3518    0.15026E-06
 3519    0.14984E-06
 3520    0.14942E-06
 3521    0.14900E-06
 3522    0.14858E-06
 3523    0.14816E-06
 3524    0.14775E-06
 3525    0.14733E-06
 3526    0.14692E-06
 3527    0.14651E-06
 3528    0.14610E-06
 3529    0.14569E-06
 3530    0.14528E-06
 3531    0.14487E-06
 3532    0.14447E-06
 3533    0.14406E-06
 3534    0.14366E-06
 3535    0.14326E-06
 3536    0.14285E-06
 3537    0.14245E-06
 3538    0.14205E-06
 3539    0.14166E-06
 3540    0.14126E-06
 3541    0.14086E-06
 3542    0.14047E-06
 3543    0.14007E-06
 3544    0.13968E-06
 3545    0.13929E-06
 3546    0.13890E-06
 3547    0.13851E-06
 3548    0.13812E-06
 3549    0.13773E-06
 3550    0.13735E-06
 3551    0.13696E-06
 3552    0.13658E-06
 3553    0.13620E-06
 3554    0.13582E-06
 3555    0.13543E-06
 3556    0.13506E-06
 3557    0.13468E-06
 3558    0.13430E-06
 3559    0.13392E-06
 3560    0.13355E-06
 3561    0.13317E-06
 3562    0.13280E-06
 3563    0.13243E-06
 3564    0.13206E-06
 3565    0.13169E-06
 3566    0.13132E-06
 3567    0.13095E-06
 3568    0.13058E-06
 3569    0.13022E-06
 3570    0.12985E-06
 3571    0.12949E-06
 3572    0.12912E-06
 3573    0.12876E-06
 3574    0.12840E-06
 3575    0.12804E-06
 3576    0.12768E-06
 3577    0.12732E-06
 3578    0.12697E-06
 3579    0.12661E-06
 3580    0.12626E-06
 3581    0.12590E-06
 3582    0.12555E-06
 3583    0.12520E-06
 3584    0.12485E-06
 3585    0.12450E-06
 3586    0.12415E-06
 3587    0.12380E-06
 3588    0.12345E-06
 3589    0.12311E-06
 3590    0.12276E-06
 3591    0.12242E-06
 3592    0.12208E-06
 3593    0.12173E-06
 3594    0.12139E-06
 3595    0.12105E-06
 3596    0.12071E-06
 3597    0.12037E-06
 3598    0.12004E-06
 3599    0.11970E-06
 3600    0.11936E-06
 3601    0.11903E-06
 3602    0.11870E-06
 3603    0.11836E-06
 3604    0.11803E-06
 3605    0.11770E-06
 3606    0.11737E-06
 3607    0.11704E-06
 3608    0.11671E-06
 3609    0.11639E-06
 3610    0.11606E-06
 3611    0.11574E-06
 3612    0.11541E-06
 3613    0.11509E-06
 3614    0.11477E-06
 3615    0.11444E-06
 3616    0.11412E-06
 3617    0.11380E-06
 3618    0.11348E-06
 3619    0.11317E-06
 3620    0.11285E-06
 3621    0.11253E-06
 3622    0.11222E-06
 3623    0.11190E-06
 3624    0.11159E-06
 3625    0.11128E-06
 3626    0.11096E-06
 3627    0.11065E-06
 3628    0.11034E-06
 3629    0.11003E-06
 3630    0.10973E-06
 3631    0.10942E-06
 3632    0.10911E-06
 3633    0.10880E-06
 3634    0.10850E-06
 3635    0.10820E-06
 3636    0.10789E-06
 3637    0.10759E-06
 3638    0.10729E-06
 3639    0.10699E-06
 3640    0.10669E-06
 3641    0.10639E-06
 3642    0.10609E-06
 3643    0.10579E-06
 3644    0.10550E-06
 3645    0.10520E-06
 3646    0.10491E-06
 3647    0.10461E-06
 3648    0.10432E-06
 3649    0.10403E-06
 3650    0.10374E-06
 3651    0.10344E-06
 3652    0.10315E-06
 3653    0.10287E-06
 3654    0.10258E-06
 3655    0.10229E-06
 3656    0.10200E-06
 3657    0.10172E-06
 3658    0.10143E-06
 3659    0.10115E-06
 3660    0.10086E-06
 3661    0.10058E-06
 3662    0.10030E-06
 3663    0.10002E-06
 3664    0.99738E-07
 3665    0.99458E-07
 3666    0.99180E-07
 3667    0.98902E-07
 3668    0.98624E-07
 3669    0.98348E-07
 3670    0.98072E-07
 3671    0.97797E-07
 3672    0.97523E-07
 3673    0.97250E-07
 3674    0.96977E-07
 3675    0.96705E-07
 3676    0.96434E-07
 3677    0.96164E-07
 3678    0.95895E-07
 3679    0.95626E-07
 3680    0.95358E-07
 3681    0.95090E-07
 3682    0.94824E-07
 3683    0.94558E-07
 3684    0.94293E-07
 3685    0.94029E-07
 3686    0.93765E-07
 3687    0.93502E-07
 3688    0.93240E-07
 3689    0.92979E-07
 3690    0.92718E-07
 3691    0.92459E-07
 3692    0.92199E-07
 3693    0.91941E-07
 3694    0.91683E-07
 3695    0.91426E-07
 3696    0.91170E-07
 3697    0.90914E-07
 3698    0.90660E-07
 3699    0.90406E-07
 3700    0.90152E-07
 3701    0.89899E-07
 3702    0.89647E-07
 3703    0.89396E-07
 3704    0.89146E-07
 3705    0.88896E-07
 3706    0.88647E-07
 3707    0.88398E-07
 3708    0.88150E-07
 3709    0.87903E-07
 3710    0.87657E-07
 3711    0.87411E-07
 3712    0.87166E-07
 3713    0.86922E-07
 3714    0.86678E-07
 3715    0.86435E-07
 3716    0.86193E-07
 3717    0.85951E-07
 3718    0.85711E-07
 3719    0.85470E-07
 3720    0.85231E-07
 3721    0.84992E-07
 3722    0.84754E-07
 3723    0.84516E-07
 3724    0.84279E-07
 3725    0.84043E-07
 3726    0.83807E-07
 3727    0.83572E-07
 3728    0.83338E-07
 3729    0.83105E-07
 3730    0.82872E-07
 3731    0.82639E-07
 3732    0.82408E-07
 3733    0.82177E-07
 3734    0.81946E-07
 3735    0.81717E-07
 3736    0.81488E-07
 3737    0.81259E-07
 3738    0.81032E-07
 3739    0.80804E-07
 3740    0.80578E-07
 3741    0.80352E-07
 3742    0.80127E-07
 3743    0.79902E-07
 3744    0.79678E-07
 3745    0.79455E-07
 3746    0.79232E-07
 3747    0.79010E-07
 3748    0.78789E-07
 3749    0.78568E-07
 3750    0.78348E-07
 3751    0.78128E-07
 3752    0.77909E-07
 3753    0.77691E-07
 3754    0.77473E-07
 3755    0.77256E-07
 3756    0.77039E-07
 3757    0.76823E-07
 3758    0.76608E-07
 3759    0.76393E-07
 3760    0.76179E-07
 3761    0.75966E-07
 3762    0.75753E-07
 3763    0.75540E-07
 3764    0.75329E-07
 3765    0.75118E-07
 3766    0.74907E-07
 3767    0.74697E-07
 3768    0.74488E-07
 3769    0.74279E-07
 3770    0.74071E-07
 3771    0.73863E-07
 3772    0.73656E-07
 3773    0.73450E-07
 3774    0.73244E-07
 3775    0.73038E-07
 3776    0.72834E-07
 3777    0.72630E-07
 3778    0.72426E-07
 3779    0.72223E-07
 3780    0.72021E-07
 3781    0.71819E-07
 3782    0.71617E-07
 3783    0.71417E-07
 3784    0.71216E-07
 3785    0.71017E-07
 3786    0.70818E-07
 3787    0.70619E-07
 3788    0.70421E-07
 3789    0.70224E-07
 3790    0.70027E-07
 3791    0.69831E-07
 3792    0.69635E-07
 3793    0.69440E-07
 3794    0.69245E-07
 3795    0.69051E-07
 3796    0.68858E-07
 3797    0.68665E-07
 3798    0.68472E-07
 3799    0.68280E-07
 3800    0.68089E-07
 3801    0.67898E-07
 3802    0.67708E-07
 3803    0.67518E-07
 3804    0.67329E-07
 3805    0.67140E-07
 3806    0.66952E-07
 3807    0.66764E-07
 3808    0.66577E-07
 3809    0.66390E-07
 3810    0.66204E-07
 3811    0.66019E-07
 3812    0.65834E-07
 3813    0.65649E-07
 3814    0.65465E-07
 3815    0.65282E-07
 3816    0.65099E-07
 3817    0.64916E-07
 3818    0.64734E-07
 3819    0.64553E-07
 3820    0.64372E-07
 3821    0.64191E-07
 3822    0.64012E-07
 3823    0.63832E-07
 3824    0.63653E-07
 3825    0.63475E-07
 3826    0.63297E-07
 3827    0.63119E-07
 3828    0.62943E-07
 3829    0.62766E-07
 3830    0.62590E-07
 3831    0.62415E-07
 3832    0.62240E-07
 3833    0.62065E-07
 3834    0.61891E-07
 3835    0.61718E-07
 3836    0.61545E-07
 3837    0.61372E-07
 3838    0.61200E-07
 3839    0.61029E-07
 3840    0.60858E-07
 3841    0.60687E-07
 3842    0.60517E-07
 3843    0.60347E-07
 3844    0.60178E-07
 3845    0.60010E-07
 3846    0.59841E-07
 3847    0.59674E-07
 3848    0.59506E-07
 3849    0.59340E-07
 3850    0.59173E-07
 3851    0.59007E-07
 3852    0.58842E-07
 3853    0.58677E-07
 3854    0.58513E-07
 3855    0.58349E-07
 3856    0.58185E-07
 3857    0.58022E-07
 3858    0.57859E-07
 3859    0.57697E-07
 3860    0.57536E-07
 3861    0.57374E-07
 3862    0.57213E-07
 3863    0.57053E-07
 3864    0.56893E-07
 3865    0.56734E-07
 3866    0.56575E-07
 3867    0.56416E-07
 3868    0.56258E-07
 3869    0.56100E-07
 3870    0.55943E-07
 3871    0.55786E-07
 3872    0.55630E-07
 3873    0.55474E-07
 3874    0.55318E-07
 3875    0.55163E-07
 3876    0.55009E-07
 3877    0.54855E-07
 3878    0.54701E-07
 3879    0.54548E-07
 3880    0.54395E-07
 3881    0.54242E-07
 3882    0.54090E-07
 3883    0.53939E-07
 3884    0.53787E-07
 3885    0.53637E-07
 3886    0.53486E-07
 3887    0.53336E-07
 3888    0.53187E-07
 3889    0.53038E-07
 3890    0.52889E-07
 3891    0.52741E-07
 3892    0.52593E-07
 3893    0.52446E-07
 3894    0.52299E-07
 3895    0.52152E-07
 3896    0.52006E-07
 3897    0.51860E-07
 3898    0.51715E-07
 3899    0.51570E-07
 3900    0.51425E-07
 3901    0.51281E-07
 3902    0.51137E-07
 3903    0.50994E-07
 3904    0.50851E-07
 3905    0.50709E-07
 3906    0.50566E-07
 3907    0.50425E-07
 3908    0.50283E-07
 3909    0.50142E-07
 3910    0.50002E-07
 3911    0.49862E-07
 3912    0.49722E-07
 3913    0.49583E-07
 3914    0.49444E-07
 3915    0.49305E-07
 3916    0.49167E-07
 3917    0.49029E-07
 3918    0.48892E-07
 3919    0.48755E-07
 3920    0.48618E-07
 3921    0.48482E-07
 3922    0.48346E-07
 3923    0.48210E-07
 3924    0.48075E-07
 3925    0.47940E-07
 3926    0.47806E-07
 3927    0.47672E-07
 3928    0.47538E-07
 3929    0.47405E-07
 3930    0.47272E-07
 3931    0.47140E-07
 3932    0.47008E-07
 3933    0.46876E-07
 3934    0.46744E-07
 3935    0.46613E-07
 3936    0.46483E-07
 3937    0.46352E-07
 3938    0.46223E-07
 3939    0.46093E-07
 3940    0.45964E-07
 3941    0.45835E-07
 3942    0.45706E-07
 3943    0.45578E-07
 3944    0.45451E-07
 3945    0.45323E-07
 3946    0.45196E-07
 3947    0.45070E-07
 3948    0.44943E-07
 3949    0.44817E-07
 3950    0.44692E-07
 3951    0.44566E-07
 3952    0.44441E-07
 3953    0.44317E-07
 3954    0.44193E-07
 3955    0.44069E-07
 3956    0.43945E-07
 3957    0.43822E-07
 3958    0.43699E-07
 3959    0.43577E-07
 3960    0.43455E-07
 3961    0.43333E-07
 3962    0.43211E-07
 3963    0.43090E-07
 3964    0.42969E-07
 3965    0.42849E-07
 3966    0.42729E-07
 3967    0.42609E-07
 3968    0.42490E-07
 3969    0.42371E-07
 3970    0.42252E-07
 3971    0.42133E-07
 3972    0.42015E-07
 3973    0.41898E-07
 3974    0.41780E-07
 3975    0.41663E-07
 3976    0.41546E-07
 3977    0.41430E-07
 3978    0.41314E-07
 3979    0.41198E-07
 3980    0.41082E-07
 3981    0.40967E-07
 3982    0.40852E-07
 3983    0.40738E-07
 3984    0.40624E-07
 3985    0.40510E-07
 3986    0.40396E-07
 3987    0.40283E-07
 3988    0.40170E-07
 3989    0.40058E-07
 3990    0.39945E-07
 3991    0.39833E-07
 3992    0.39722E-07
 3993    0.39610E-07
 3994    0.39499E-07
 3995    0.39389E-07
 3996    0.39278E-07
 3997    0.39168E-07
 3998    0.39058E-07
 3999    0.38949E-07
 4000    0.38840E-07
 4001    0.38731E-07
 4002    0.38622E-07
 4003    0.38514E-07
 4004    0.38406E-07
 4005    0.38298E-07
 4006    0.38191E-07
 4007    0.38084E-07
 4008    0.37977E-07
 4009    0.37871E-07
 4010    0.37765E-07
 4011    0.37659E-07
 4012    0.37553E-07
 4013    0.37448E-07
 4014    0.37343E-07
 4015    0.37238E-07
 4016    0.37134E-07
 4017    0.37030E-07
 4018    0.36926E-07
 4019    0.36823E-07
 4020    0.36719E-07
 4021    0.36616E-07
 4022    0.36514E-07
 4023    0.36411E-07
 4024    0.36309E-07
 4025    0.36208E-07
 4026    0.36106E-07
 4027    0.36005E-07
 4028    0.35904E-07
 4029    0.35803E-07
 4030    0.35703E-07
 4031    0.35603E-07
 4032    0.35503E-07
 4033    0.35404E-07
 4034    0.35304E-07
 4035    0.35205E-07
 4036    0.35107E-07
 4037    0.35008E-07
 4038    0.34910E-07
 4039    0.34812E-07
 4040    0.34715E-07
 4041    0.34618E-07
 4042    0.34521E-07
 4043    0.34424E-07
 4044    0.34327E-07
 4045    0.34231E-07
 4046    0.34135E-07
 4047    0.34039E-07
 4048    0.33944E-07
 4049    0.33849E-07
 4050    0.33754E-07
 4051    0.33659E-07
 4052    0.33565E-07
 4053    0.33471E-07
 4054    0.33377E-07
 4055    0.33284E-07
 4056    0.33190E-07
 4057    0.33097E-07
 4058    0.33005E-07
 4059    0.32912E-07
 4060    0.32820E-07
 4061    0.32728E-07
 4062    0.32636E-07
 4063    0.32545E-07
 4064    0.32453E-07
 4065    0.32362E-07
 4066    0.32272E-07
 4067    0.32181E-07
 4068    0.32091E-07
 4069    0.32001E-07
 4070    0.31911E-07
 4071    0.31822E-07
 4072    0.31733E-07
 4073    0.31644E-07
 4074    0.31555E-07
 4075    0.31467E-07
 4076    0.31378E-07
 4077    0.31290E-07
 4078    0.31203E-07
 4079    0.31115E-07
 4080    0.31028E-07
 4081    0.30941E-07
 4082    0.30854E-07
 4083    0.30768E-07
 4084    0.30682E-07
 4085    0.30596E-07
 4086    0.30510E-07
 4087    0.30424E-07
 4088    0.30339E-07
 4089    0.30254E-07
 4090    0.30169E-07
 4091    0.30085E-07
 4092    0.30000E-07
 4093    0.29916E-07
 4094    0.29832E-07
 4095    0.29749E-07
 4096    0.29665E-07
 4097    0.29582E-07
 4098    0.29499E-07
 4099    0.29417E-07
 4100    0.29334E-07
 4101    0.29252E-07
 4102    0.29170E-07
 4103    0.29088E-07
 4104    0.29007E-07
 4105    0.28925E-07
 4106    0.28844E-07
 4107    0.28764E-07
 4108    0.28683E-07
 4109    0.28602E-07
 4110    0.28522E-07
 4111    0.28442E-07
 4112    0.28363E-07
 4113    0.28283E-07
 4114    0.28204E-07
 4115    0.28125E-07
 4116    0.28046E-07
 4117    0.27967E-07
 4118    0.27889E-07
 4119    0.27811E-07
 4120    0.27733E-07
 4121    0.27655E-07
 4122    0.27578E-07
 4123    0.27500E-07
 4124    0.27423E-07
 4125    0.27346E-07
 4126    0.27270E-07
 4127    0.27193E-07
 4128    0.27117E-07
 4129    0.27041E-07
 4130    0.26965E-07
 4131    0.26890E-07
 4132    0.26814E-07
 4133    0.26739E-07
 4134    0.26664E-07
 4135    0.26589E-07
 4136    0.26515E-07
 4137    0.26441E-07
 4138    0.26367E-07
 4139    0.26293E-07
 4140    0.26219E-07
 4141    0.26145E-07
 4142    0.26072E-07
 4143    0.25999E-07
 4144    0.25926E-07
 4145    0.25854E-07
 4146    0.25781E-07
 4147    0.25709E-07
 4148    0.25637E-07
 4149    0.25565E-07
 4150    0.25493E-07
 4151    0.25422E-07
 4152    0.25351E-07
 4153    0.25279E-07
 4154    0.25209E-07
 4155    0.25138E-07
 4156    0.25067E-07
 4157    0.24997E-07
 4158    0.24927E-07
 4159    0.24857E-07
 4160    0.24788E-07
 4161    0.24718E-07
 4162    0.24649E-07
 4163    0.24580E-07
 4164    0.24511E-07
 4165    0.24442E-07
 4166    0.24374E-07
 4167    0.24305E-07
 4168    0.24237E-07
 4169    0.24169E-07
 4170    0.24102E-07
 4171    0.24034E-07
 4172    0.23967E-07
 4173    0.23899E-07
 4174    0.23832E-07
 4175    0.23766E-07
 4176    0.23699E-07
 4177    0.23633E-07
 4178    0.23566E-07
 4179    0.23500E-07
 4180    0.23434E-07
 4181    0.23369E-07
 4182    0.23303E-07
 4183    0.23238E-07
 4184    0.23173E-07
 4185    0.23108E-07
 4186    0.23043E-07
 4187    0.22978E-07
 4188    0.22914E-07
 4189    0.22850E-07
 4190    0.22786E-07
 4191    0.22722E-07
 4192    0.22658E-07
 4193    0.22595E-07
 4194    0.22531E-07
 4195    0.22468E-07
 4196    0.22405E-07
 4197    0.22342E-07
 4198    0.22280E-07
 4199    0.22217E-07
 4200    0.22155E-07
 4201    0.22093E-07
 4202    0.22031E-07
 4203    0.21969E-07
 4204    0.21908E-07
 4205    0.21846E-07
 4206    0.21785E-07
 4207    0.21724E-07
 4208    0.21663E-07
 4209    0.21602E-07
 4210    0.21542E-07
 4211    0.21482E-07
 4212    0.21421E-07
 4213    0.21361E-07
 4214    0.21301E-07
 4215    0.21242E-07
 4216    0.21182E-07
 4217    0.21123E-07
 4218    0.21064E-07
 4219    0.21005E-07
 4220    0.20946E-07
 4221    0.20887E-07
 4222    0.20828E-07
 4223    0.20770E-07
 4224    0.20712E-07
 4225    0.20654E-07
 4226    0.20596E-07
 4227    0.20538E-07
 4228    0.20481E-07
 4229    0.20423E-07
 4230    0.20366E-07
 4231    0.20309E-07
 4232    0.20252E-07
 4233    0.20195E-07
 4234    0.20139E-07
 4235    0.20082E-07
 4236    0.20026E-07
 4237    0.19970E-07
 4238    0.19914E-07
 4239    0.19858E-07
 4240    0.19802E-07
 4241    0.19747E-07
 4242    0.19691E-07
 4243    0.19636E-07
 4244    0.19581E-07
 4245    0.19526E-07
 4246    0.19472E-07
 4247    0.19417E-07
 4248    0.19363E-07
 4249    0.19308E-07
 4250    0.19254E-07
 4251    0.19200E-07
 4252    0.19146E-07
 4253    0.19093E-07
 4254    0.19039E-07
 4255    0.18986E-07
 4256    0.18933E-07
 4257    0.18880E-07
 4258    0.18827E-07
 4259    0.18774E-07
 4260    0.18721E-07
 4261    0.18669E-07
 4262    0.18616E-07
 4263    0.18564E-07
 4264    0.18512E-07
 4265    0.18460E-07
 4266    0.18409E-07
 4267    0.18357E-07
 4268    0.18305E-07
 4269    0.18254E-07
 4270    0.18203E-07
 4271    0.18152E-07
 4272    0.18101E-07
 4273    0.18050E-07
 4274    0.18000E-07
 4275    0.17949E-07
 4276    0.17899E-07
 4277    0.17849E-07
 4278    0.17799E-07
 4279    0.17749E-07
 4280    0.17699E-07
 4281    0.17650E-07
 4282    0.17600E-07
 4283    0.17551E-07
 4284    0.17502E-07
 4285    0.17453E-07
 4286    0.17404E-07
 4287    0.17355E-07
 4288    0.17306E-07
 4289    0.17258E-07
 4290    0.17209E-07
 4291    0.17161E-07
 4292    0.17113E-07
 4293    0.17065E-07
 4294    0.17017E-07
 4295    0.16969E-07
 4296    0.16922E-07
 4297    0.16874E-07
 4298    0.16827E-07
 4299    0.16780E-07
 4300    0.16733E-07
 4301    0.16686E-07
 4302    0.16639E-07
 4303    0.16593E-07
 4304    0.16546E-07
 4305    0.16500E-07
 4306    0.16454E-07
 4307    0.16407E-07
 4308    0.16361E-07
 4309    0.16316E-07
 4310    0.16270E-07
 4311    0.16224E-07
 4312    0.16179E-07
 4313    0.16133E-07
 4314    0.16088E-07
 4315    0.16043E-07
 4316    0.15998E-07
 4317    0.15953E-07
 4318    0.15909E-07
 4319    0.15864E-07
 4320    0.15820E-07
 4321    0.15775E-07
 4322    0.15731E-07
 4323    0.15687E-07
 4324    0.15643E-07
 4325    0.15599E-07
 4326    0.15555E-07
 4327    0.15512E-07
 4328    0.15468E-07
 4329    0.15425E-07
 4330    0.15382E-07
 4331    0.15339E-07
 4332    0.15296E-07
 4333    0.15253E-07
 4334    0.15210E-07
 4335    0.15167E-07
 4336    0.15125E-07
 4337    0.15082E-07
 4338    0.15040E-07
 4339    0.14998E-07
 4340    0.14956E-07
 4341    0.14914E-07
 4342    0.14872E-07
 4343    0.14831E-07
 4344    0.14789E-07
 4345    0.14747E-07
 4346    0.14706E-07
 4347    0.14665E-07
 4348    0.14624E-07
 4349    0.14583E-07
 4350    0.14542E-07
 4351    0.14501E-07
 4352    0.14461E-07
 4353    0.14420E-07
 4354    0.14380E-07
 4355    0.14339E-07
 4356    0.14299E-07
 4357    0.14259E-07
 4358    0.14219E-07
 4359    0.14179E-07
 4360    0.14139E-07
 4361    0.14100E-07
 4362    0.14060E-07
 4363    0.14021E-07
 4364    0.13982E-07
 4365    0.13942E-07
 4366    0.13903E-07
 4367    0.13864E-07
 4368    0.13825E-07
 4369    0.13787E-07
 4370    0.13748E-07
 4371    0.13710E-07
 4372    0.13671E-07
 4373    0.13633E-07
 4374    0.13595E-07
 4375    0.13556E-07
 4376    0.13519E-07
 4377    0.13481E-07
 4378    0.13443E-07
 4379    0.13405E-07
 4380    0.13368E-07
 4381    0.13330E-07
 4382    0.13293E-07
 4383    0.13255E-07
 4384    0.13218E-07
 4385    0.13181E-07
 4386    0.13144E-07
 4387    0.13107E-07
 4388    0.13071E-07
 4389    0.13034E-07
 4390    0.12998E-07
 4391    0.12961E-07
 4392    0.12925E-07
 4393    0.12889E-07
 4394    0.12852E-07
 4395    0.12816E-07
 4396    0.12781E-07
 4397    0.12745E-07
 4398    0.12709E-07
 4399    0.12673E-07
 4400    0.12638E-07
 4401    0.12602E-07
 4402    0.12567E-07
 4403    0.12532E-07
 4404    0.12497E-07
 4405    0.12462E-07
 4406    0.12427E-07
 4407    0.12392E-07
 4408    0.12357E-07
 4409    0.12323E-07
 4410    0.12288E-07
 4411    0.12254E-07
 4412    0.12219E-07
 4413    0.12185E-07
 4414    0.12151E-07
 4415    0.12117E-07
 4416    0.12083E-07
 4417    0.12049E-07
 4418    0.12015E-07
 4419    0.11981E-07
 4420    0.11948E-07
 4421    0.11914E-07
 4422    0.11881E-07
 4423    0.11848E-07
 4424    0.11815E-07
 4425    0.11781E-07
 4426    0.11748E-07
 4427    0.11715E-07
 4428    0.11683E-07
 4429    0.11650E-07
 4430    0.11617E-07
 4431    0.11585E-07
 4432    0.11552E-07
 4433    0.11520E-07
 4434    0.11488E-07
 4435    0.11455E-07
 4436    0.11423E-07
 4437    0.11391E-07
 4438    0.11359E-07
 4439    0.11327E-07
 4440    0.11296E-07
 4441    0.11264E-07
 4442    0.11232E-07
 4443    0.11201E-07
 4444    0.11170E-07
 4445    0.11138E-07
 4446    0.11107E-07
 4447    0.11076E-07
 4448    0.11045E-07
 4449    0.11014E-07
 4450    0.10983E-07
 4451    0.10952E-07
 4452    0.10922E-07
 4453    0.10891E-07
 4454    0.10860E-07
 4455    0.10830E-07
 4456    0.10800E-07
 4457    0.10769E-07
 4458    0.10739E-07
 4459    0.10709E-07
 4460    0.10679E-07
 4461    0.10649E-07
 4462    0.10619E-07
 4463    0.10589E-07
 4464    0.10560E-07
 4465    0.10530E-07
 4466    0.10501E-07
 4467    0.10471E-07
 4468    0.10442E-07
 4469    0.10413E-07
 4470    0.10383E-07
 4471    0.10354E-07
 4472    0.10325E-07
 4473    0.10296E-07
 4474    0.10268E-07
 4475    0.10239E-07
 4476    0.10210E-07
 4477    0.10181E-07
 4478    0.10153E-07
 4479    0.10124E-07
 4480    0.10096E-07
 4481    0.10068E-07
 4482    0.10040E-07
 4483    0.10011E-07
 4484    0.99833E-08

iteration:   4484

epsilon =     0.10000E-07
omega =     0.18000E+01
tick =     0.10000E-06

norm_x =     0.26629E+03, norm_analysis =     0.26628E+03
diff =     0.10415E+02

caltime =   31.8186, comtime =    0.4786, checktime =   16.0494
alltime =   48.3465

