sorrb1:
    1    0.25360E+01
    2    0.22780E+01
    3    0.18589E+01
    4    0.15301E+01
    5    0.12736E+01
    6    0.10529E+01
    7    0.88557E+00
    8    0.74295E+00
    9    0.63352E+00
   10    0.54246E+00
   11    0.47127E+00
   12    0.41319E+00
   13    0.36688E+00
   14    0.32936E+00
   15    0.29882E+00
   16    0.27383E+00
   17    0.25299E+00
   18    0.23539E+00
   19    0.21979E+00
   20    0.20535E+00
   21    0.19195E+00
   22    0.18043E+00
   23    0.17082E+00
   24    0.16241E+00
   25    0.15512E+00
   26    0.14872E+00
   27    0.14256E+00
   28    0.13677E+00
   29    0.13153E+00
   30    0.12676E+00
   31    0.12242E+00
   32    0.11832E+00
   33    0.11447E+00
   34    0.11088E+00
   35    0.10754E+00
   36    0.10440E+00
   37    0.10144E+00
   38    0.98631E-01
   39    0.95981E-01
   40    0.93474E-01
   41    0.91088E-01
   42    0.88812E-01
   43    0.86642E-01
   44    0.84572E-01
   45    0.82591E-01
   46    0.80692E-01
   47    0.78869E-01
   48    0.77119E-01
   49    0.75436E-01
   50    0.73815E-01
   51    0.72252E-01
   52    0.70745E-01
   53    0.69291E-01
   54    0.67885E-01
   55    0.66525E-01
   56    0.65209E-01
   57    0.63934E-01
   58    0.62700E-01
   59    0.61502E-01
   60    0.60341E-01
   61    0.59213E-01
   62    0.58118E-01
   63    0.57054E-01
   64    0.56020E-01
   65    0.55014E-01
   66    0.54035E-01
   67    0.53082E-01
   68    0.52155E-01
   69    0.51252E-01
   70    0.50371E-01
   71    0.49513E-01
   72    0.48677E-01
   73    0.47861E-01
   74    0.47066E-01
   75    0.46289E-01
   76    0.45531E-01
   77    0.44791E-01
   78    0.44068E-01
   79    0.43362E-01
   80    0.42672E-01
   81    0.41998E-01
   82    0.41339E-01
   83    0.40694E-01
   84    0.40064E-01
   85    0.39448E-01
   86    0.38844E-01
   87    0.38254E-01
   88    0.37677E-01
   89    0.37111E-01
   90    0.36557E-01
   91    0.36015E-01
   92    0.35484E-01
   93    0.34963E-01
   94    0.34453E-01
   95    0.33954E-01
   96    0.33464E-01
   97    0.32984E-01
   98    0.32513E-01
   99    0.32052E-01
  100    0.31599E-01
  101    0.31155E-01
  102    0.30719E-01
  103    0.30292E-01
  104    0.29872E-01
  105    0.29461E-01
  106    0.29057E-01
  107    0.28660E-01
  108    0.28270E-01
  109    0.27888E-01
  110    0.27512E-01
  111    0.27144E-01
  112    0.26781E-01
  113    0.26425E-01
  114    0.26075E-01
  115    0.25732E-01
  116    0.25394E-01
  117    0.25062E-01
  118    0.24736E-01
  119    0.24415E-01
  120    0.24099E-01
  121    0.23789E-01
  122    0.23484E-01
  123    0.23184E-01
  124    0.22889E-01
  125    0.22599E-01
  126    0.22313E-01
  127    0.22032E-01
  128    0.21756E-01
  129    0.21484E-01
  130    0.21216E-01
  131    0.20953E-01
  132    0.20694E-01
  133    0.20438E-01
  134    0.20187E-01
  135    0.19939E-01
  136    0.19696E-01
  137    0.19456E-01
  138    0.19220E-01
  139    0.18987E-01
  140    0.18758E-01
  141    0.18532E-01
  142    0.18309E-01
  143    0.18090E-01
  144    0.17874E-01
  145    0.17662E-01
  146    0.17452E-01
  147    0.17245E-01
  148    0.17042E-01
  149    0.16841E-01
  150    0.16643E-01
  151    0.16448E-01
  152    0.16256E-01
  153    0.16067E-01
  154    0.15880E-01
  155    0.15696E-01
  156    0.15514E-01
  157    0.15335E-01
  158    0.15158E-01
  159    0.14984E-01
  160    0.14812E-01
  161    0.14642E-01
  162    0.14475E-01
  163    0.14310E-01
  164    0.14147E-01
  165    0.13987E-01
  166    0.13828E-01
  167    0.13672E-01
  168    0.13518E-01
  169    0.13365E-01
  170    0.13215E-01
  171    0.13067E-01
  172    0.12921E-01
  173    0.12776E-01
  174    0.12634E-01
  175    0.12493E-01
  176    0.12354E-01
  177    0.12217E-01
  178    0.12081E-01
  179    0.11948E-01
  180    0.11816E-01
  181    0.11685E-01
  182    0.11556E-01
  183    0.11429E-01
  184    0.11304E-01
  185    0.11180E-01
  186    0.11057E-01
  187    0.10937E-01
  188    0.10817E-01
  189    0.10699E-01
  190    0.10583E-01
  191    0.10468E-01
  192    0.10354E-01
  193    0.10242E-01
  194    0.10131E-01
  195    0.10021E-01
  196    0.99127E-02
  197    0.98057E-02
  198    0.97000E-02
  199    0.95955E-02
  200    0.94923E-02
  201    0.93903E-02
  202    0.92895E-02
  203    0.91899E-02
  204    0.90915E-02
  205    0.89942E-02
  206    0.88980E-02
  207    0.88030E-02
  208    0.87091E-02
  209    0.86162E-02
  210    0.85245E-02
  211    0.84338E-02
  212    0.83442E-02
  213    0.82555E-02
  214    0.81679E-02
  215    0.80813E-02
  216    0.79957E-02
  217    0.79111E-02
  218    0.78274E-02
  219    0.77447E-02
  220    0.76629E-02
  221    0.75821E-02
  222    0.75021E-02
  223    0.74231E-02
  224    0.73450E-02
  225    0.72677E-02
  226    0.71913E-02
  227    0.71157E-02
  228    0.70410E-02
  229    0.69671E-02
  230    0.68941E-02
  231    0.68218E-02
  232    0.67504E-02
  233    0.66797E-02
  234    0.66098E-02
  235    0.65407E-02
  236    0.64724E-02
  237    0.64048E-02
  238    0.63380E-02
  239    0.62719E-02
  240    0.62065E-02
  241    0.61418E-02
  242    0.60778E-02
  243    0.60145E-02
  244    0.59520E-02
  245    0.58901E-02
  246    0.58288E-02
  247    0.57683E-02
  248    0.57084E-02
  249    0.56491E-02
  250    0.55905E-02
  251    0.55325E-02
  252    0.54751E-02
  253    0.54184E-02
  254    0.53622E-02
  255    0.53067E-02
  256    0.52518E-02
  257    0.51974E-02
  258    0.51437E-02
  259    0.50905E-02
  260    0.50378E-02
  261    0.49858E-02
  262    0.49343E-02
  263    0.48833E-02
  264    0.48329E-02
  265    0.47830E-02
  266    0.47337E-02
  267    0.46849E-02
  268    0.46366E-02
  269    0.45888E-02
  270    0.45415E-02
  271    0.44947E-02
  272    0.44484E-02
  273    0.44026E-02
  274    0.43573E-02
  275    0.43124E-02
  276    0.42681E-02
  277    0.42242E-02
  278    0.41807E-02
  279    0.41378E-02
  280    0.40952E-02
  281    0.40531E-02
  282    0.40115E-02
  283    0.39703E-02
  284    0.39295E-02
  285    0.38892E-02
  286    0.38493E-02
  287    0.38097E-02
  288    0.37707E-02
  289    0.37320E-02
  290    0.36937E-02
  291    0.36558E-02
  292    0.36183E-02
  293    0.35812E-02
  294    0.35445E-02
  295    0.35082E-02
  296    0.34723E-02
  297    0.34367E-02
  298    0.34015E-02
  299    0.33666E-02
  300    0.33322E-02
  301    0.32981E-02
  302    0.32643E-02
  303    0.32309E-02
  304    0.31978E-02
  305    0.31651E-02
  306    0.31327E-02
  307    0.31007E-02
  308    0.30690E-02
  309    0.30376E-02
  310    0.30065E-02
  311    0.29758E-02
  312    0.29453E-02
  313    0.29152E-02
  314    0.28854E-02
  315    0.28560E-02
  316    0.28268E-02
  317    0.27979E-02
  318    0.27693E-02
  319    0.27410E-02
  320    0.27130E-02
  321    0.26853E-02
  322    0.26579E-02
  323    0.26307E-02
  324    0.26039E-02
  325    0.25773E-02
  326    0.25510E-02
  327    0.25249E-02
  328    0.24992E-02
  329    0.24737E-02
  330    0.24484E-02
  331    0.24234E-02
  332    0.23987E-02
  333    0.23742E-02
  334    0.23500E-02
  335    0.23260E-02
  336    0.23023E-02
  337    0.22788E-02
  338    0.22556E-02
  339    0.22326E-02
  340    0.22098E-02
  341    0.21873E-02
  342    0.21650E-02
  343    0.21429E-02
  344    0.21211E-02
  345    0.20994E-02
  346    0.20780E-02
  347    0.20569E-02
  348    0.20359E-02
  349    0.20151E-02
  350    0.19946E-02
  351    0.19743E-02
  352    0.19542E-02
  353    0.19342E-02
  354    0.19145E-02
  355    0.18950E-02
  356    0.18757E-02
  357    0.18566E-02
  358    0.18377E-02
  359    0.18190E-02
  360    0.18004E-02
  361    0.17821E-02
  362    0.17640E-02
  363    0.17460E-02
  364    0.17282E-02
  365    0.17106E-02
  366    0.16932E-02
  367    0.16759E-02
  368    0.16589E-02
  369    0.16420E-02
  370    0.16253E-02
  371    0.16087E-02
  372    0.15923E-02
  373    0.15761E-02
  374    0.15601E-02
  375    0.15442E-02
  376    0.15285E-02
  377    0.15129E-02
  378    0.14975E-02
  379    0.14823E-02
  380    0.14672E-02
  381    0.14522E-02
  382    0.14375E-02
  383    0.14228E-02
  384    0.14083E-02
  385    0.13940E-02
  386    0.13798E-02
  387    0.13658E-02
  388    0.13519E-02
  389    0.13381E-02
  390    0.13245E-02
  391    0.13110E-02
  392    0.12977E-02
  393    0.12845E-02
  394    0.12714E-02
  395    0.12585E-02
  396    0.12457E-02
  397    0.12330E-02
  398    0.12204E-02
  399    0.12080E-02
  400    0.11957E-02
  401    0.11836E-02
  402    0.11715E-02
  403    0.11596E-02
  404    0.11478E-02
  405    0.11361E-02
  406    0.11246E-02
  407    0.11131E-02
  408    0.11018E-02
  409    0.10906E-02
  410    0.10795E-02
  411    0.10685E-02
  412    0.10576E-02
  413    0.10469E-02
  414    0.10362E-02
  415    0.10257E-02
  416    0.10153E-02
  417    0.10049E-02
  418    0.99471E-03
  419    0.98459E-03
  420    0.97457E-03
  421    0.96466E-03
  422    0.95485E-03
  423    0.94513E-03
  424    0.93552E-03
  425    0.92601E-03
  426    0.91659E-03
  427    0.90726E-03
  428    0.89804E-03
  429    0.88890E-03
  430    0.87986E-03
  431    0.87091E-03
  432    0.86205E-03
  433    0.85329E-03
  434    0.84461E-03
  435    0.83602E-03
  436    0.82752E-03
  437    0.81910E-03
  438    0.81077E-03
  439    0.80252E-03
  440    0.79436E-03
  441    0.78628E-03
  442    0.77829E-03
  443    0.77037E-03
  444    0.76254E-03
  445    0.75478E-03
  446    0.74711E-03
  447    0.73951E-03
  448    0.73199E-03
  449    0.72455E-03
  450    0.71718E-03
  451    0.70988E-03
  452    0.70267E-03
  453    0.69552E-03
  454    0.68845E-03
  455    0.68145E-03
  456    0.67452E-03
  457    0.66766E-03
  458    0.66087E-03
  459    0.65415E-03
  460    0.64750E-03
  461    0.64091E-03
  462    0.63440E-03
  463    0.62794E-03
  464    0.62156E-03
  465    0.61524E-03
  466    0.60898E-03
  467    0.60279E-03
  468    0.59666E-03
  469    0.59059E-03
  470    0.58459E-03
  471    0.57865E-03
  472    0.57276E-03
  473    0.56694E-03
  474    0.56117E-03
  475    0.55547E-03
  476    0.54982E-03
  477    0.54423E-03
  478    0.53869E-03
  479    0.53322E-03
  480    0.52780E-03
  481    0.52243E-03
  482    0.51712E-03
  483    0.51186E-03
  484    0.50666E-03
  485    0.50150E-03
  486    0.49640E-03
  487    0.49136E-03
  488    0.48636E-03
  489    0.48142E-03
  490    0.47652E-03
  491    0.47168E-03
  492    0.46688E-03
  493    0.46213E-03
  494    0.45743E-03
  495    0.45278E-03
  496    0.44818E-03
  497    0.44362E-03
  498    0.43911E-03
  499    0.43465E-03
  500    0.43023E-03
  501    0.42586E-03
  502    0.42153E-03
  503    0.41724E-03
  504    0.41300E-03
  505    0.40880E-03
  506    0.40464E-03
  507    0.40053E-03
  508    0.39646E-03
  509    0.39243E-03
  510    0.38844E-03
  511    0.38449E-03
  512    0.38058E-03
  513    0.37671E-03
  514    0.37288E-03
  515    0.36909E-03
  516    0.36533E-03
  517    0.36162E-03
  518    0.35794E-03
  519    0.35430E-03
  520    0.35070E-03
  521    0.34714E-03
  522    0.34361E-03
  523    0.34011E-03
  524    0.33666E-03
  525    0.33323E-03
  526    0.32985E-03
  527    0.32649E-03
  528    0.32317E-03
  529    0.31989E-03
  530    0.31663E-03
  531    0.31342E-03
  532    0.31023E-03
  533    0.30707E-03
  534    0.30395E-03
  535    0.30086E-03
  536    0.29780E-03
  537    0.29478E-03
  538    0.29178E-03
  539    0.28881E-03
  540    0.28588E-03
  541    0.28297E-03
  542    0.28009E-03
  543    0.27725E-03
  544    0.27443E-03
  545    0.27164E-03
  546    0.26888E-03
  547    0.26614E-03
  548    0.26344E-03
  549    0.26076E-03
  550    0.25811E-03
  551    0.25548E-03
  552    0.25289E-03
  553    0.25031E-03
  554    0.24777E-03
  555    0.24525E-03
  556    0.24276E-03
  557    0.24029E-03
  558    0.23785E-03
  559    0.23543E-03
  560    0.23303E-03
  561    0.23067E-03
  562    0.22832E-03
  563    0.22600E-03
  564    0.22370E-03
  565    0.22143E-03
  566    0.21918E-03
  567    0.21695E-03
  568    0.21474E-03
  569    0.21256E-03
  570    0.21040E-03
  571    0.20826E-03
  572    0.20614E-03
  573    0.20405E-03
  574    0.20197E-03
  575    0.19992E-03
  576    0.19789E-03
  577    0.19587E-03
  578    0.19388E-03
  579    0.19191E-03
  580    0.18996E-03
  581    0.18803E-03
  582    0.18612E-03
  583    0.18423E-03
  584    0.18235E-03
  585    0.18050E-03
  586    0.17866E-03
  587    0.17685E-03
  588    0.17505E-03
  589    0.17327E-03
  590    0.17151E-03
  591    0.16977E-03
  592    0.16804E-03
  593    0.16633E-03
  594    0.16464E-03
  595    0.16297E-03
  596    0.16131E-03
  597    0.15967E-03
  598    0.15805E-03
  599    0.15644E-03
  600    0.15485E-03
  601    0.15327E-03
  602    0.15172E-03
  603    0.15017E-03
  604    0.14865E-03
  605    0.14714E-03
  606    0.14564E-03
  607    0.14416E-03
  608    0.14269E-03
  609    0.14124E-03
  610    0.13981E-03
  611    0.13839E-03
  612    0.13698E-03
  613    0.13559E-03
  614    0.13421E-03
  615    0.13284E-03
  616    0.13149E-03
  617    0.13016E-03
  618    0.12883E-03
  619    0.12752E-03
  620    0.12623E-03
  621    0.12494E-03
  622    0.12367E-03
  623    0.12242E-03
  624    0.12117E-03
  625    0.11994E-03
  626    0.11872E-03
  627    0.11751E-03
  628    0.11632E-03
  629    0.11514E-03
  630    0.11397E-03
  631    0.11281E-03
  632    0.11166E-03
  633    0.11053E-03
  634    0.10940E-03
  635    0.10829E-03
  636    0.10719E-03
  637    0.10610E-03
  638    0.10502E-03
  639    0.10395E-03
  640    0.10290E-03
  641    0.10185E-03
  642    0.10081E-03
  643    0.99789E-04
  644    0.98775E-04
  645    0.97771E-04
  646    0.96777E-04
  647    0.95793E-04
  648    0.94819E-04
  649    0.93855E-04
  650    0.92901E-04
  651    0.91957E-04
  652    0.91022E-04
  653    0.90096E-04
  654    0.89180E-04
  655    0.88274E-04
  656    0.87376E-04
  657    0.86488E-04
  658    0.85609E-04
  659    0.84739E-04
  660    0.83877E-04
  661    0.83024E-04
  662    0.82180E-04
  663    0.81345E-04
  664    0.80518E-04
  665    0.79699E-04
  666    0.78889E-04
  667    0.78087E-04
  668    0.77293E-04
  669    0.76507E-04
  670    0.75730E-04
  671    0.74960E-04
  672    0.74198E-04
  673    0.73443E-04
  674    0.72697E-04
  675    0.71958E-04
  676    0.71226E-04
  677    0.70502E-04
  678    0.69785E-04
  679    0.69076E-04
  680    0.68374E-04
  681    0.67678E-04
  682    0.66990E-04
  683    0.66309E-04
  684    0.65635E-04
  685    0.64968E-04
  686    0.64308E-04
  687    0.63654E-04
  688    0.63007E-04
  689    0.62366E-04
  690    0.61732E-04
  691    0.61104E-04
  692    0.60483E-04
  693    0.59868E-04
  694    0.59260E-04
  695    0.58657E-04
  696    0.58061E-04
  697    0.57471E-04
  698    0.56886E-04
  699    0.56308E-04
  700    0.55736E-04
  701    0.55169E-04
  702    0.54608E-04
  703    0.54053E-04
  704    0.53504E-04
  705    0.52960E-04
  706    0.52421E-04
  707    0.51888E-04
  708    0.51361E-04
  709    0.50839E-04
  710    0.50322E-04
  711    0.49810E-04
  712    0.49304E-04
  713    0.48803E-04
  714    0.48306E-04
  715    0.47815E-04
  716    0.47329E-04
  717    0.46848E-04
  718    0.46372E-04
  719    0.45900E-04
  720    0.45434E-04
  721    0.44972E-04
  722    0.44515E-04
  723    0.44062E-04
  724    0.43614E-04
  725    0.43171E-04
  726    0.42732E-04
  727    0.42298E-04
  728    0.41867E-04
  729    0.41442E-04
  730    0.41021E-04
  731    0.40604E-04
  732    0.40191E-04
  733    0.39782E-04
  734    0.39378E-04
  735    0.38977E-04
  736    0.38581E-04
  737    0.38189E-04
  738    0.37801E-04
  739    0.37416E-04
  740    0.37036E-04
  741    0.36659E-04
  742    0.36287E-04
  743    0.35918E-04
  744    0.35553E-04
  745    0.35191E-04
  746    0.34834E-04
  747    0.34479E-04
  748    0.34129E-04
  749    0.33782E-04
  750    0.33439E-04
  751    0.33099E-04
  752    0.32762E-04
  753    0.32429E-04
  754    0.32099E-04
  755    0.31773E-04
  756    0.31450E-04
  757    0.31130E-04
  758    0.30814E-04
  759    0.30501E-04
  760    0.30190E-04
  761    0.29884E-04
  762    0.29580E-04
  763    0.29279E-04
  764    0.28981E-04
  765    0.28687E-04
  766    0.28395E-04
  767    0.28106E-04
  768    0.27821E-04
  769    0.27538E-04
  770    0.27258E-04
  771    0.26981E-04
  772    0.26706E-04
  773    0.26435E-04
  774    0.26166E-04
  775    0.25900E-04
  776    0.25637E-04
  777    0.25376E-04
  778    0.25118E-04
  779    0.24863E-04
  780    0.24610E-04
  781    0.24360E-04
  782    0.24112E-04
  783    0.23867E-04
  784    0.23625E-04
  785    0.23384E-04
  786    0.23147E-04
  787    0.22911E-04
  788    0.22678E-04
  789    0.22448E-04
  790    0.22220E-04
  791    0.21994E-04
  792    0.21770E-04
  793    0.21549E-04
  794    0.21330E-04
  795    0.21113E-04
  796    0.20898E-04
  797    0.20686E-04
  798    0.20476E-04
  799    0.20267E-04
  800    0.20061E-04
  801    0.19857E-04
  802    0.19656E-04
  803    0.19456E-04
  804    0.19258E-04
  805    0.19062E-04
  806    0.18868E-04
  807    0.18677E-04
  808    0.18487E-04
  809    0.18299E-04
  810    0.18113E-04
  811    0.17929E-04
  812    0.17746E-04
  813    0.17566E-04
  814    0.17387E-04
  815    0.17211E-04
  816    0.17036E-04
  817    0.16862E-04
  818    0.16691E-04
  819    0.16521E-04
  820    0.16353E-04
  821    0.16187E-04
  822    0.16023E-04
  823    0.15860E-04
  824    0.15698E-04
  825    0.15539E-04
  826    0.15381E-04
  827    0.15224E-04
  828    0.15070E-04
  829    0.14916E-04
  830    0.14765E-04
  831    0.14615E-04
  832    0.14466E-04
  833    0.14319E-04
  834    0.14174E-04
  835    0.14029E-04
  836    0.13887E-04
  837    0.13746E-04
  838    0.13606E-04
  839    0.13468E-04
  840    0.13331E-04
  841    0.13195E-04
  842    0.13061E-04
  843    0.12928E-04
  844    0.12797E-04
  845    0.12667E-04
  846    0.12538E-04
  847    0.12410E-04
  848    0.12284E-04
  849    0.12159E-04
  850    0.12036E-04
  851    0.11913E-04
  852    0.11792E-04
  853    0.11672E-04
  854    0.11554E-04
  855    0.11436E-04
  856    0.11320E-04
  857    0.11205E-04
  858    0.11091E-04
  859    0.10978E-04
  860    0.10867E-04
  861    0.10756E-04
  862    0.10647E-04
  863    0.10539E-04
  864    0.10431E-04
  865    0.10325E-04
  866    0.10220E-04
  867    0.10117E-04
  868    0.10014E-04
  869    0.99119E-05
  870    0.98111E-05
  871    0.97114E-05
  872    0.96127E-05
  873    0.95149E-05
  874    0.94182E-05
  875    0.93225E-05
  876    0.92277E-05
  877    0.91339E-05
  878    0.90410E-05
  879    0.89491E-05
  880    0.88581E-05
  881    0.87681E-05
  882    0.86789E-05
  883    0.85907E-05
  884    0.85034E-05
  885    0.84169E-05
  886    0.83314E-05
  887    0.82467E-05
  888    0.81628E-05
  889    0.80798E-05
  890    0.79977E-05
  891    0.79164E-05
  892    0.78359E-05
  893    0.77562E-05
  894    0.76774E-05
  895    0.75993E-05
  896    0.75221E-05
  897    0.74456E-05
  898    0.73699E-05
  899    0.72950E-05
  900    0.72208E-05
  901    0.71474E-05
  902    0.70748E-05
  903    0.70028E-05
  904    0.69317E-05
  905    0.68612E-05
  906    0.67914E-05
  907    0.67224E-05
  908    0.66540E-05
  909    0.65864E-05
  910    0.65194E-05
  911    0.64532E-05
  912    0.63876E-05
  913    0.63226E-05
  914    0.62583E-05
  915    0.61947E-05
  916    0.61317E-05
  917    0.60694E-05
  918    0.60077E-05
  919    0.59466E-05
  920    0.58862E-05
  921    0.58263E-05
  922    0.57671E-05
  923    0.57085E-05
  924    0.56504E-05
  925    0.55930E-05
  926    0.55361E-05
  927    0.54799E-05
  928    0.54241E-05
  929    0.53690E-05
  930    0.53144E-05
  931    0.52604E-05
  932    0.52069E-05
  933    0.51540E-05
  934    0.51016E-05
  935    0.50497E-05
  936    0.49984E-05
  937    0.49476E-05
  938    0.48973E-05
  939    0.48475E-05
  940    0.47982E-05
  941    0.47494E-05
  942    0.47011E-05
  943    0.46533E-05
  944    0.46060E-05
  945    0.45592E-05
  946    0.45129E-05
  947    0.44670E-05
  948    0.44216E-05
  949    0.43766E-05
  950    0.43321E-05
  951    0.42881E-05
  952    0.42445E-05
  953    0.42013E-05
  954    0.41586E-05
  955    0.41164E-05
  956    0.40745E-05
  957    0.40331E-05
  958    0.39921E-05
  959    0.39515E-05
  960    0.39113E-05
  961    0.38716E-05
  962    0.38322E-05
  963    0.37932E-05
  964    0.37547E-05
  965    0.37165E-05
  966    0.36787E-05
  967    0.36413E-05
  968    0.36043E-05
  969    0.35677E-05
  970    0.35314E-05
  971    0.34955E-05
  972    0.34600E-05
  973    0.34248E-05
  974    0.33900E-05
  975    0.33555E-05
  976    0.33214E-05
  977    0.32876E-05
  978    0.32542E-05
  979    0.32211E-05
  980    0.31884E-05
  981    0.31560E-05
  982    0.31239E-05
  983    0.30921E-05
  984    0.30607E-05
  985    0.30296E-05
  986    0.29988E-05
  987    0.29683E-05
  988    0.29381E-05
  989    0.29082E-05
  990    0.28787E-05
  991    0.28494E-05
  992    0.28204E-05
  993    0.27918E-05
  994    0.27634E-05
  995    0.27353E-05
  996    0.27075E-05
  997    0.26800E-05
  998    0.26527E-05
  999    0.26257E-05
 1000    0.25991E-05
 1001    0.25726E-05
 1002    0.25465E-05
 1003    0.25206E-05
 1004    0.24950E-05
 1005    0.24696E-05
 1006    0.24445E-05
 1007    0.24196E-05
 1008    0.23950E-05
 1009    0.23707E-05
 1010    0.23466E-05
 1011    0.23227E-05
 1012    0.22991E-05
 1013    0.22757E-05
 1014    0.22526E-05
 1015    0.22297E-05
 1016    0.22070E-05
 1017    0.21846E-05
 1018    0.21624E-05
 1019    0.21404E-05
 1020    0.21187E-05
 1021    0.20971E-05
 1022    0.20758E-05
 1023    0.20547E-05
 1024    0.20338E-05
 1025    0.20131E-05
 1026    0.19927E-05
 1027    0.19724E-05
 1028    0.19524E-05
 1029    0.19325E-05
 1030    0.19129E-05
 1031    0.18934E-05
 1032    0.18742E-05
 1033    0.18551E-05
 1034    0.18363E-05
 1035    0.18176E-05
 1036    0.17991E-05
 1037    0.17808E-05
 1038    0.17627E-05
 1039    0.17448E-05
 1040    0.17271E-05
 1041    0.17095E-05
 1042    0.16921E-05
 1043    0.16749E-05
 1044    0.16579E-05
 1045    0.16410E-05
 1046    0.16243E-05
 1047    0.16078E-05
 1048    0.15915E-05
 1049    0.15753E-05
 1050    0.15593E-05
 1051    0.15434E-05
 1052    0.15278E-05
 1053    0.15122E-05
 1054    0.14968E-05
 1055    0.14816E-05
 1056    0.14666E-05
 1057    0.14517E-05
 1058    0.14369E-05
 1059    0.14223E-05
 1060    0.14078E-05
 1061    0.13935E-05
 1062    0.13794E-05
 1063    0.13653E-05
 1064    0.13515E-05
 1065    0.13377E-05
 1066    0.13241E-05
 1067    0.13107E-05
 1068    0.12973E-05
 1069    0.12841E-05
 1070    0.12711E-05
 1071    0.12582E-05
 1072    0.12454E-05
 1073    0.12327E-05
 1074    0.12202E-05
 1075    0.12078E-05
 1076    0.11955E-05
 1077    0.11833E-05
 1078    0.11713E-05
 1079    0.11594E-05
 1080    0.11476E-05
 1081    0.11359E-05
 1082    0.11244E-05
 1083    0.11130E-05
 1084    0.11017E-05
 1085    0.10905E-05
 1086    0.10794E-05
 1087    0.10684E-05
 1088    0.10575E-05
 1089    0.10468E-05
 1090    0.10361E-05
 1091    0.10256E-05
 1092    0.10152E-05
 1093    0.10049E-05
 1094    0.99465E-06
 1095    0.98453E-06
 1096    0.97452E-06
 1097    0.96462E-06
 1098    0.95481E-06
 1099    0.94510E-06
 1100    0.93550E-06
 1101    0.92599E-06
 1102    0.91657E-06
 1103    0.90725E-06
 1104    0.89803E-06
 1105    0.88890E-06
 1106    0.87986E-06
 1107    0.87092E-06
 1108    0.86207E-06
 1109    0.85330E-06
 1110    0.84463E-06
 1111    0.83604E-06
 1112    0.82754E-06
 1113    0.81913E-06
 1114    0.81080E-06
 1115    0.80256E-06
 1116    0.79440E-06
 1117    0.78632E-06
 1118    0.77833E-06
 1119    0.77042E-06
 1120    0.76258E-06
 1121    0.75483E-06
 1122    0.74716E-06
 1123    0.73956E-06
 1124    0.73204E-06
 1125    0.72460E-06
 1126    0.71723E-06
 1127    0.70994E-06
 1128    0.70273E-06
 1129    0.69558E-06
 1130    0.68851E-06
 1131    0.68151E-06
 1132    0.67458E-06
 1133    0.66772E-06
 1134    0.66094E-06
 1135    0.65422E-06
 1136    0.64757E-06
 1137    0.64098E-06
 1138    0.63447E-06
 1139    0.62802E-06
 1140    0.62163E-06
 1141    0.61531E-06
 1142    0.60906E-06
 1143    0.60286E-06
 1144    0.59674E-06
 1145    0.59067E-06
 1146    0.58466E-06
 1147    0.57872E-06
 1148    0.57284E-06
 1149    0.56701E-06
 1150    0.56125E-06
 1151    0.55554E-06
 1152    0.54990E-06
 1153    0.54431E-06
 1154    0.53877E-06
 1155    0.53329E-06
 1156    0.52787E-06
 1157    0.52251E-06
 1158    0.51719E-06
 1159    0.51194E-06
 1160    0.50673E-06
 1161    0.50158E-06
 1162    0.49648E-06
 1163    0.49143E-06
 1164    0.48644E-06
 1165    0.48149E-06
 1166    0.47660E-06
 1167    0.47175E-06
 1168    0.46696E-06
 1169    0.46221E-06
 1170    0.45751E-06
 1171    0.45286E-06
 1172    0.44826E-06
 1173    0.44370E-06
 1174    0.43919E-06
 1175    0.43472E-06
 1176    0.43030E-06
 1177    0.42593E-06
 1178    0.42160E-06
 1179    0.41731E-06
 1180    0.41307E-06
 1181    0.40887E-06
 1182    0.40471E-06
 1183    0.40060E-06
 1184    0.39653E-06
 1185    0.39250E-06
 1186    0.38851E-06
 1187    0.38456E-06
 1188    0.38065E-06
 1189    0.37678E-06
 1190    0.37295E-06
 1191    0.36915E-06
 1192    0.36540E-06
 1193    0.36169E-06
 1194    0.35801E-06
 1195    0.35437E-06
 1196    0.35077E-06
 1197    0.34720E-06
 1198    0.34367E-06
 1199    0.34018E-06
 1200    0.33672E-06
 1201    0.33330E-06
 1202    0.32991E-06
 1203    0.32655E-06
 1204    0.32323E-06
 1205    0.31995E-06
 1206    0.31670E-06
 1207    0.31348E-06
 1208    0.31029E-06
 1209    0.30714E-06
 1210    0.30401E-06
 1211    0.30092E-06
 1212    0.29786E-06
 1213    0.29483E-06
 1214    0.29184E-06
 1215    0.28887E-06
 1216    0.28593E-06
 1217    0.28303E-06
 1218    0.28015E-06
 1219    0.27730E-06
 1220    0.27448E-06
 1221    0.27169E-06
 1222    0.26893E-06
 1223    0.26620E-06
 1224    0.26349E-06
 1225    0.26081E-06
 1226    0.25816E-06
 1227    0.25554E-06
 1228    0.25294E-06
 1229    0.25037E-06
 1230    0.24782E-06
 1231    0.24530E-06
 1232    0.24281E-06
 1233    0.24034E-06
 1234    0.23790E-06
 1235    0.23548E-06
 1236    0.23308E-06
 1237    0.23071E-06
 1238    0.22837E-06
 1239    0.22605E-06
 1240    0.22375E-06
 1241    0.22147E-06
 1242    0.21922E-06
 1243    0.21699E-06
 1244    0.21479E-06
 1245    0.21260E-06
 1246    0.21044E-06
 1247    0.20830E-06
 1248    0.20619E-06
 1249    0.20409E-06
 1250    0.20201E-06
 1251    0.19996E-06
 1252    0.19793E-06
 1253    0.19592E-06
 1254    0.19392E-06
 1255    0.19195E-06
 1256    0.19000E-06
 1257    0.18807E-06
 1258    0.18616E-06
 1259    0.18427E-06
 1260    0.18239E-06
 1261    0.18054E-06
 1262    0.17870E-06
 1263    0.17689E-06
 1264    0.17509E-06
 1265    0.17331E-06
 1266    0.17155E-06
 1267    0.16980E-06
 1268    0.16808E-06
 1269    0.16637E-06
 1270    0.16468E-06
 1271    0.16300E-06
 1272    0.16134E-06
 1273    0.15970E-06
 1274    0.15808E-06
 1275    0.15647E-06
 1276    0.15488E-06
 1277    0.15331E-06
 1278    0.15175E-06
 1279    0.15021E-06
 1280    0.14868E-06
 1281    0.14717E-06
 1282    0.14567E-06
 1283    0.14419E-06
 1284    0.14272E-06
 1285    0.14127E-06
 1286    0.13984E-06
 1287    0.13842E-06
 1288    0.13701E-06
 1289    0.13562E-06
 1290    0.13424E-06
 1291    0.13287E-06
 1292    0.13152E-06
 1293    0.13018E-06
 1294    0.12886E-06
 1295    0.12755E-06
 1296    0.12625E-06
 1297    0.12497E-06
 1298    0.12370E-06
 1299    0.12244E-06
 1300    0.12120E-06
 1301    0.11997E-06
 1302    0.11875E-06
 1303    0.11754E-06
 1304    0.11634E-06
 1305    0.11516E-06
 1306    0.11399E-06
 1307    0.11283E-06
 1308    0.11168E-06
 1309    0.11055E-06
 1310    0.10943E-06
 1311    0.10831E-06
 1312    0.10721E-06
 1313    0.10612E-06
 1314    0.10504E-06
 1315    0.10398E-06
 1316    0.10292E-06
 1317    0.10187E-06
 1318    0.10084E-06
 1319    0.99811E-07
 1320    0.98797E-07
 1321    0.97792E-07
 1322    0.96798E-07
 1323    0.95814E-07
 1324    0.94840E-07
 1325    0.93876E-07
 1326    0.92921E-07
 1327    0.91977E-07
 1328    0.91042E-07
 1329    0.90116E-07
 1330    0.89200E-07
 1331    0.88293E-07
 1332    0.87395E-07
 1333    0.86507E-07
 1334    0.85628E-07
 1335    0.84757E-07
 1336    0.83895E-07
 1337    0.83042E-07
 1338    0.82198E-07
 1339    0.81363E-07
 1340    0.80535E-07
 1341    0.79717E-07
 1342    0.78906E-07
 1343    0.78104E-07
 1344    0.77310E-07
 1345    0.76524E-07
 1346    0.75746E-07
 1347    0.74976E-07
 1348    0.74214E-07
 1349    0.73459E-07
 1350    0.72713E-07
 1351    0.71973E-07
 1352    0.71242E-07
 1353    0.70517E-07
 1354    0.69801E-07
 1355    0.69091E-07
 1356    0.68389E-07
 1357    0.67693E-07
 1358    0.67005E-07
 1359    0.66324E-07
 1360    0.65650E-07
 1361    0.64982E-07
 1362    0.64322E-07
 1363    0.63668E-07
 1364    0.63020E-07
 1365    0.62380E-07
 1366    0.61746E-07
 1367    0.61118E-07
 1368    0.60497E-07
 1369    0.59882E-07
 1370    0.59273E-07
 1371    0.58670E-07
 1372    0.58074E-07
 1373    0.57483E-07
 1374    0.56899E-07
 1375    0.56321E-07
 1376    0.55748E-07
 1377    0.55181E-07
 1378    0.54620E-07
 1379    0.54065E-07
 1380    0.53515E-07
 1381    0.52971E-07
 1382    0.52433E-07
 1383    0.51900E-07
 1384    0.51372E-07
 1385    0.50850E-07
 1386    0.50333E-07
 1387    0.49821E-07
 1388    0.49315E-07
 1389    0.48813E-07
 1390    0.48317E-07
 1391    0.47826E-07
 1392    0.47340E-07
 1393    0.46858E-07
 1394    0.46382E-07
 1395    0.45911E-07
 1396    0.45444E-07
 1397    0.44982E-07
 1398    0.44524E-07
 1399    0.44072E-07
 1400    0.43624E-07
 1401    0.43180E-07
 1402    0.42741E-07
 1403    0.42307E-07
 1404    0.41877E-07
 1405    0.41451E-07
 1406    0.41030E-07
 1407    0.40612E-07
 1408    0.40200E-07
 1409    0.39791E-07
 1410    0.39386E-07
 1411    0.38986E-07
 1412    0.38590E-07
 1413    0.38197E-07
 1414    0.37809E-07
 1415    0.37425E-07
 1416    0.37044E-07
 1417    0.36668E-07
 1418    0.36295E-07
 1419    0.35926E-07
 1420    0.35561E-07
 1421    0.35199E-07
 1422    0.34841E-07
 1423    0.34487E-07
 1424    0.34136E-07
 1425    0.33789E-07
 1426    0.33446E-07
 1427    0.33106E-07
 1428    0.32769E-07
 1429    0.32436E-07
 1430    0.32106E-07
 1431    0.31780E-07
 1432    0.31457E-07
 1433    0.31137E-07
 1434    0.30821E-07
 1435    0.30507E-07
 1436    0.30197E-07
 1437    0.29890E-07
 1438    0.29586E-07
 1439    0.29285E-07
 1440    0.28988E-07
 1441    0.28693E-07
 1442    0.28401E-07
 1443    0.28113E-07
 1444    0.27827E-07
 1445    0.27544E-07
 1446    0.27264E-07
 1447    0.26987E-07
 1448    0.26712E-07
 1449    0.26441E-07
 1450    0.26172E-07
 1451    0.25906E-07
 1452    0.25643E-07
 1453    0.25382E-07
 1454    0.25124E-07
 1455    0.24868E-07
 1456    0.24616E-07
 1457    0.24365E-07
 1458    0.24118E-07
 1459    0.23872E-07
 1460    0.23630E-07
 1461    0.23390E-07
 1462    0.23152E-07
 1463    0.22916E-07
 1464    0.22683E-07
 1465    0.22453E-07
 1466    0.22225E-07
 1467    0.21999E-07
 1468    0.21775E-07
 1469    0.21554E-07
 1470    0.21335E-07
 1471    0.21118E-07
 1472    0.20903E-07
 1473    0.20690E-07
 1474    0.20480E-07
 1475    0.20272E-07
 1476    0.20066E-07
 1477    0.19862E-07
 1478    0.19660E-07
 1479    0.19460E-07
 1480    0.19262E-07
 1481    0.19066E-07
 1482    0.18873E-07
 1483    0.18681E-07
 1484    0.18491E-07
 1485    0.18303E-07
 1486    0.18117E-07
 1487    0.17933E-07
 1488    0.17750E-07
 1489    0.17570E-07
 1490    0.17391E-07
 1491    0.17214E-07
 1492    0.17039E-07
 1493    0.16866E-07
 1494    0.16695E-07
 1495    0.16525E-07
 1496    0.16357E-07
 1497    0.16191E-07
 1498    0.16026E-07
 1499    0.15863E-07
 1500    0.15702E-07
 1501    0.15542E-07
 1502    0.15384E-07
 1503    0.15228E-07
 1504    0.15073E-07
 1505    0.14920E-07
 1506    0.14768E-07
 1507    0.14618E-07
 1508    0.14469E-07
 1509    0.14322E-07
 1510    0.14177E-07
 1511    0.14033E-07
 1512    0.13890E-07
 1513    0.13749E-07
 1514    0.13609E-07
 1515    0.13471E-07
 1516    0.13334E-07
 1517    0.13198E-07
 1518    0.13064E-07
 1519    0.12931E-07
 1520    0.12800E-07
 1521    0.12669E-07
 1522    0.12541E-07
 1523    0.12413E-07
 1524    0.12287E-07
 1525    0.12162E-07
 1526    0.12038E-07
 1527    0.11916E-07
 1528    0.11795E-07
 1529    0.11675E-07
 1530    0.11556E-07
 1531    0.11439E-07
 1532    0.11323E-07
 1533    0.11207E-07
 1534    0.11093E-07
 1535    0.10981E-07
 1536    0.10869E-07
 1537    0.10759E-07
 1538    0.10649E-07
 1539    0.10541E-07
 1540    0.10434E-07
 1541    0.10328E-07
 1542    0.10223E-07
 1543    0.10119E-07
 1544    0.10016E-07
 1545    0.99141E-08

iteration:   1545

epsilon =     0.10000E-07
omega =     0.18000E+01
tick =     0.10000E-06

norm_x =     0.13050E+03, norm_analysis =     0.13048E+03
diff =     0.12212E+02

caltime =    2.6598, comtime =    0.1448, checktime =    1.2925
alltime =    4.0971

