sorna2:
    1    0.11494E+01
    2    0.99509E+00
    3    0.86153E+00
    4    0.74591E+00
    5    0.64583E+00
    6    0.55920E+00
    7    0.48421E+00
    8    0.41930E+00
    9    0.36312E+00
   10    0.31448E+00
   11    0.27238E+00
   12    0.23595E+00
   13    0.20441E+00
   14    0.17711E+00
   15    0.15349E+00
   16    0.13304E+00
   17    0.11535E+00
   18    0.10004E+00
   19    0.86796E-01
   20    0.75339E-01
   21    0.65430E-01
   22    0.56862E-01
   23    0.49456E-01
   24    0.43058E-01
   25    0.37533E-01
   26    0.32764E-01
   27    0.28653E-01
   28    0.25111E-01
   29    0.22063E-01
   30    0.19445E-01
   31    0.17198E-01
   32    0.15275E-01
   33    0.13631E-01
   34    0.12229E-01
   35    0.11036E-01
   36    0.10023E-01
   37    0.91644E-02
   38    0.84375E-02
   39    0.78223E-02
   40    0.73013E-02
   41    0.68593E-02
   42    0.64832E-02
   43    0.61616E-02
   44    0.58851E-02
   45    0.56455E-02
   46    0.54364E-02
   47    0.52522E-02
   48    0.50884E-02
   49    0.49415E-02
   50    0.48085E-02
   51    0.46870E-02
   52    0.45752E-02
   53    0.44716E-02
   54    0.43750E-02
   55    0.42842E-02
   56    0.41987E-02
   57    0.41176E-02
   58    0.40405E-02
   59    0.39670E-02
   60    0.38967E-02
   61    0.38293E-02
   62    0.37645E-02
   63    0.37021E-02
   64    0.36420E-02
   65    0.35906E-02
   66    0.35321E-02
   67    0.34842E-02
   68    0.34279E-02
   69    0.33840E-02
   70    0.33310E-02
   71    0.32908E-02
   72    0.32417E-02
   73    0.32049E-02
   74    0.31598E-02
   75    0.31260E-02
   76    0.30847E-02
   77    0.30536E-02
   78    0.30160E-02
   79    0.29872E-02
   80    0.29529E-02
   81    0.29262E-02
   82    0.28949E-02
   83    0.28700E-02
   84    0.28415E-02
   85    0.28182E-02
   86    0.27920E-02
   87    0.27702E-02
   88    0.27461E-02
   89    0.27255E-02
   90    0.27033E-02
   91    0.26838E-02
   92    0.26631E-02
   93    0.26447E-02
   94    0.26253E-02
   95    0.26078E-02
   96    0.25896E-02
   97    0.25729E-02
   98    0.25556E-02
   99    0.25396E-02
  100    0.25232E-02
  101    0.25078E-02
  102    0.24921E-02
  103    0.24772E-02
  104    0.24622E-02
  105    0.24478E-02
  106    0.24333E-02
  107    0.24193E-02
  108    0.24052E-02
  109    0.23916E-02
  110    0.23780E-02
  111    0.23647E-02
  112    0.23514E-02
  113    0.23383E-02
  114    0.23253E-02
  115    0.23126E-02
  116    0.22998E-02
  117    0.22873E-02
  118    0.22748E-02
  119    0.22624E-02
  120    0.22501E-02
  121    0.22380E-02
  122    0.22259E-02
  123    0.22139E-02
  124    0.22020E-02
  125    0.21901E-02
  126    0.21784E-02
  127    0.21667E-02
  128    0.21550E-02
  129    0.21435E-02
  130    0.21320E-02
  131    0.21206E-02
  132    0.21092E-02
  133    0.20979E-02
  134    0.20867E-02
  135    0.20755E-02
  136    0.20644E-02
  137    0.20533E-02
  138    0.20423E-02
  139    0.20314E-02
  140    0.20205E-02
  141    0.20096E-02
  142    0.19988E-02
  143    0.19881E-02
  144    0.19774E-02
  145    0.19668E-02
  146    0.19562E-02
  147    0.19457E-02
  148    0.19352E-02
  149    0.19248E-02
  150    0.19145E-02
  151    0.19042E-02
  152    0.18939E-02
  153    0.18837E-02
  154    0.18735E-02
  155    0.18634E-02
  156    0.18534E-02
  157    0.18434E-02
  158    0.18335E-02
  159    0.18236E-02
  160    0.18137E-02
  161    0.18039E-02
  162    0.17942E-02
  163    0.17845E-02
  164    0.17749E-02
  165    0.17653E-02
  166    0.17558E-02
  167    0.17463E-02
  168    0.17369E-02
  169    0.17275E-02
  170    0.17182E-02
  171    0.17090E-02
  172    0.16998E-02
  173    0.16906E-02
  174    0.16815E-02
  175    0.16725E-02
  176    0.16635E-02
  177    0.16545E-02
  178    0.16456E-02
  179    0.16368E-02
  180    0.16280E-02
  181    0.16193E-02
  182    0.16106E-02
  183    0.16020E-02
  184    0.15934E-02
  185    0.15849E-02
  186    0.15764E-02
  187    0.15680E-02
  188    0.15596E-02
  189    0.15513E-02
  190    0.15430E-02
  191    0.15348E-02
  192    0.15266E-02
  193    0.15185E-02
  194    0.15105E-02
  195    0.15025E-02
  196    0.14945E-02
  197    0.14866E-02
  198    0.14787E-02
  199    0.14709E-02
  200    0.14632E-02
  201    0.14555E-02
  202    0.14478E-02
  203    0.14402E-02
  204    0.14327E-02
  205    0.14252E-02
  206    0.14177E-02
  207    0.14103E-02
  208    0.14030E-02
  209    0.13956E-02
  210    0.13884E-02
  211    0.13812E-02
  212    0.13740E-02
  213    0.13669E-02
  214    0.13598E-02
  215    0.13528E-02
  216    0.13458E-02
  217    0.13389E-02
  218    0.13320E-02
  219    0.13252E-02
  220    0.13184E-02
  221    0.13116E-02
  222    0.13049E-02
  223    0.12983E-02
  224    0.12917E-02
  225    0.12851E-02
  226    0.12786E-02
  227    0.12721E-02
  228    0.12657E-02
  229    0.12593E-02
  230    0.12530E-02
  231    0.12467E-02
  232    0.12404E-02
  233    0.12342E-02
  234    0.12280E-02
  235    0.12219E-02
  236    0.12158E-02
  237    0.12098E-02
  238    0.12038E-02
  239    0.11978E-02
  240    0.11919E-02
  241    0.11860E-02
  242    0.11801E-02
  243    0.11743E-02
  244    0.11686E-02
  245    0.11629E-02
  246    0.11572E-02
  247    0.11515E-02
  248    0.11459E-02
  249    0.11404E-02
  250    0.11348E-02
  251    0.11293E-02
  252    0.11239E-02
  253    0.11184E-02
  254    0.11131E-02
  255    0.11077E-02
  256    0.11024E-02
  257    0.10971E-02
  258    0.10919E-02
  259    0.10867E-02
  260    0.10815E-02
  261    0.10764E-02
  262    0.10713E-02
  263    0.10662E-02
  264    0.10612E-02
  265    0.10562E-02
  266    0.10512E-02
  267    0.10463E-02
  268    0.10414E-02
  269    0.10366E-02
  270    0.10317E-02
  271    0.10269E-02
  272    0.10222E-02
  273    0.10174E-02
  274    0.10127E-02
  275    0.10081E-02
  276    0.10034E-02
  277    0.99880E-03
  278    0.99422E-03
  279    0.98967E-03
  280    0.98515E-03
  281    0.98066E-03
  282    0.97620E-03
  283    0.97176E-03
  284    0.96736E-03
  285    0.96299E-03
  286    0.95864E-03
  287    0.95433E-03
  288    0.95004E-03
  289    0.94578E-03
  290    0.94154E-03
  291    0.93733E-03
  292    0.93316E-03
  293    0.92900E-03
  294    0.92488E-03
  295    0.92078E-03
  296    0.91670E-03
  297    0.91266E-03
  298    0.90864E-03
  299    0.90464E-03
  300    0.90067E-03
  301    0.89672E-03
  302    0.89280E-03
  303    0.88891E-03
  304    0.88504E-03
  305    0.88119E-03
  306    0.87737E-03
  307    0.87357E-03
  308    0.86979E-03
  309    0.86604E-03
  310    0.86231E-03
  311    0.85861E-03
  312    0.85493E-03
  313    0.85127E-03
  314    0.84763E-03
  315    0.84402E-03
  316    0.84042E-03
  317    0.83685E-03
  318    0.83330E-03
  319    0.82978E-03
  320    0.82627E-03
  321    0.82279E-03
  322    0.81932E-03
  323    0.81588E-03
  324    0.81246E-03
  325    0.80906E-03
  326    0.80568E-03
  327    0.80232E-03
  328    0.79898E-03
  329    0.79565E-03
  330    0.79235E-03
  331    0.78907E-03
  332    0.78581E-03
  333    0.78257E-03
  334    0.77934E-03
  335    0.77614E-03
  336    0.77295E-03
  337    0.76979E-03
  338    0.76664E-03
  339    0.76351E-03
  340    0.76039E-03
  341    0.75730E-03
  342    0.75422E-03
  343    0.75117E-03
  344    0.74812E-03
  345    0.74510E-03
  346    0.74209E-03
  347    0.73911E-03
  348    0.73613E-03
  349    0.73318E-03
  350    0.73024E-03
  351    0.72732E-03
  352    0.72441E-03
  353    0.72152E-03
  354    0.71865E-03
  355    0.71579E-03
  356    0.71295E-03
  357    0.71013E-03
  358    0.70732E-03
  359    0.70453E-03
  360    0.70175E-03
  361    0.69898E-03
  362    0.69624E-03
  363    0.69350E-03
  364    0.69079E-03
  365    0.68808E-03
  366    0.68540E-03
  367    0.68272E-03
  368    0.68007E-03
  369    0.67742E-03
  370    0.67479E-03
  371    0.67218E-03
  372    0.66957E-03
  373    0.66699E-03
  374    0.66441E-03
  375    0.66185E-03
  376    0.65931E-03
  377    0.65678E-03
  378    0.65426E-03
  379    0.65175E-03
  380    0.64926E-03
  381    0.64678E-03
  382    0.64431E-03
  383    0.64186E-03
  384    0.63942E-03
  385    0.63699E-03
  386    0.63458E-03
  387    0.63217E-03
  388    0.62978E-03
  389    0.62741E-03
  390    0.62504E-03
  391    0.62269E-03
  392    0.62035E-03
  393    0.61802E-03
  394    0.61570E-03
  395    0.61340E-03
  396    0.61111E-03
  397    0.60882E-03
  398    0.60655E-03
  399    0.60430E-03
  400    0.60205E-03
  401    0.59981E-03
  402    0.59759E-03
  403    0.59538E-03
  404    0.59318E-03
  405    0.59099E-03
  406    0.58881E-03
  407    0.58664E-03
  408    0.58448E-03
  409    0.58233E-03
  410    0.58019E-03
  411    0.57807E-03
  412    0.57595E-03
  413    0.57385E-03
  414    0.57175E-03
  415    0.56967E-03
  416    0.56760E-03
  417    0.56553E-03
  418    0.56348E-03
  419    0.56143E-03
  420    0.55940E-03
  421    0.55738E-03
  422    0.55536E-03
  423    0.55336E-03
  424    0.55136E-03
  425    0.54938E-03
  426    0.54740E-03
  427    0.54544E-03
  428    0.54348E-03
  429    0.54153E-03
  430    0.53959E-03
  431    0.53767E-03
  432    0.53575E-03
  433    0.53384E-03
  434    0.53193E-03
  435    0.53004E-03
  436    0.52816E-03
  437    0.52628E-03
  438    0.52442E-03
  439    0.52256E-03
  440    0.52071E-03
  441    0.51887E-03
  442    0.51704E-03
  443    0.51522E-03
  444    0.51341E-03
  445    0.51160E-03
  446    0.50980E-03
  447    0.50801E-03
  448    0.50623E-03
  449    0.50446E-03
  450    0.50270E-03
  451    0.50094E-03
  452    0.49919E-03
  453    0.49745E-03
  454    0.49572E-03
  455    0.49400E-03
  456    0.49228E-03
  457    0.49057E-03
  458    0.48887E-03
  459    0.48718E-03
  460    0.48549E-03
  461    0.48381E-03
  462    0.48214E-03
  463    0.48048E-03
  464    0.47883E-03
  465    0.47718E-03
  466    0.47554E-03
  467    0.47390E-03
  468    0.47228E-03
  469    0.47066E-03
  470    0.46905E-03
  471    0.46744E-03
  472    0.46585E-03
  473    0.46426E-03
  474    0.46267E-03
  475    0.46110E-03
  476    0.45953E-03
  477    0.45797E-03
  478    0.45641E-03
  479    0.45486E-03
  480    0.45332E-03
  481    0.45179E-03
  482    0.45026E-03
  483    0.44874E-03
  484    0.44722E-03
  485    0.44571E-03
  486    0.44421E-03
  487    0.44271E-03
  488    0.44123E-03
  489    0.43974E-03
  490    0.43827E-03
  491    0.43680E-03
  492    0.43533E-03
  493    0.43388E-03
  494    0.43242E-03
  495    0.43098E-03
  496    0.42954E-03
  497    0.42811E-03
  498    0.42668E-03
  499    0.42526E-03
  500    0.42385E-03
  501    0.42244E-03
  502    0.42104E-03
  503    0.41964E-03
  504    0.41825E-03
  505    0.41687E-03
  506    0.41549E-03
  507    0.41411E-03
  508    0.41275E-03
  509    0.41138E-03
  510    0.41003E-03
  511    0.40868E-03
  512    0.40733E-03
  513    0.40599E-03
  514    0.40466E-03
  515    0.40333E-03
  516    0.40201E-03
  517    0.40069E-03
  518    0.39938E-03
  519    0.39808E-03
  520    0.39677E-03
  521    0.39548E-03
  522    0.39419E-03
  523    0.39290E-03
  524    0.39162E-03
  525    0.39035E-03
  526    0.38908E-03
  527    0.38782E-03
  528    0.38656E-03
  529    0.38530E-03
  530    0.38406E-03
  531    0.38281E-03
  532    0.38157E-03
  533    0.38034E-03
  534    0.37911E-03
  535    0.37789E-03
  536    0.37667E-03
  537    0.37546E-03
  538    0.37425E-03
  539    0.37304E-03
  540    0.37184E-03
  541    0.37065E-03
  542    0.36946E-03
  543    0.36827E-03
  544    0.36709E-03
  545    0.36592E-03
  546    0.36475E-03
  547    0.36358E-03
  548    0.36242E-03
  549    0.36126E-03
  550    0.36011E-03
  551    0.35896E-03
  552    0.35782E-03
  553    0.35668E-03
  554    0.35555E-03
  555    0.35442E-03
  556    0.35329E-03
  557    0.35217E-03
  558    0.35105E-03
  559    0.34994E-03
  560    0.34883E-03
  561    0.34773E-03
  562    0.34663E-03
  563    0.34553E-03
  564    0.34444E-03
  565    0.34335E-03
  566    0.34227E-03
  567    0.34119E-03
  568    0.34012E-03
  569    0.33905E-03
  570    0.33798E-03
  571    0.33692E-03
  572    0.33586E-03
  573    0.33481E-03
  574    0.33376E-03
  575    0.33271E-03
  576    0.33167E-03
  577    0.33063E-03
  578    0.32960E-03
  579    0.32857E-03
  580    0.32755E-03
  581    0.32652E-03
  582    0.32550E-03
  583    0.32449E-03
  584    0.32348E-03
  585    0.32247E-03
  586    0.32147E-03
  587    0.32047E-03
  588    0.31948E-03
  589    0.31848E-03
  590    0.31750E-03
  591    0.31651E-03
  592    0.31553E-03
  593    0.31455E-03
  594    0.31358E-03
  595    0.31261E-03
  596    0.31164E-03
  597    0.31068E-03
  598    0.30972E-03
  599    0.30877E-03
  600    0.30782E-03
  601    0.30687E-03
  602    0.30592E-03
  603    0.30498E-03
  604    0.30404E-03
  605    0.30311E-03
  606    0.30218E-03
  607    0.30125E-03
  608    0.30033E-03
  609    0.29941E-03
  610    0.29849E-03
  611    0.29757E-03
  612    0.29666E-03
  613    0.29576E-03
  614    0.29485E-03
  615    0.29395E-03
  616    0.29305E-03
  617    0.29216E-03
  618    0.29127E-03
  619    0.29038E-03
  620    0.28950E-03
  621    0.28861E-03
  622    0.28774E-03
  623    0.28686E-03
  624    0.28599E-03
  625    0.28512E-03
  626    0.28426E-03
  627    0.28339E-03
  628    0.28253E-03
  629    0.28168E-03
  630    0.28082E-03
  631    0.27997E-03
  632    0.27913E-03
  633    0.27828E-03
  634    0.27744E-03
  635    0.27660E-03
  636    0.27577E-03
  637    0.27493E-03
  638    0.27410E-03
  639    0.27328E-03
  640    0.27245E-03
  641    0.27163E-03
  642    0.27082E-03
  643    0.27000E-03
  644    0.26919E-03
  645    0.26838E-03
  646    0.26757E-03
  647    0.26677E-03
  648    0.26597E-03
  649    0.26517E-03
  650    0.26438E-03
  651    0.26358E-03
  652    0.26280E-03
  653    0.26201E-03
  654    0.26122E-03
  655    0.26044E-03
  656    0.25966E-03
  657    0.25889E-03
  658    0.25812E-03
  659    0.25734E-03
  660    0.25658E-03
  661    0.25581E-03
  662    0.25505E-03
  663    0.25429E-03
  664    0.25353E-03
  665    0.25278E-03
  666    0.25202E-03
  667    0.25127E-03
  668    0.25053E-03
  669    0.24978E-03
  670    0.24904E-03
  671    0.24830E-03
  672    0.24757E-03
  673    0.24683E-03
  674    0.24610E-03
  675    0.24537E-03
  676    0.24464E-03
  677    0.24392E-03
  678    0.24320E-03
  679    0.24248E-03
  680    0.24176E-03
  681    0.24105E-03
  682    0.24033E-03
  683    0.23962E-03
  684    0.23892E-03
  685    0.23821E-03
  686    0.23751E-03
  687    0.23681E-03
  688    0.23611E-03
  689    0.23541E-03
  690    0.23472E-03
  691    0.23403E-03
  692    0.23334E-03
  693    0.23265E-03
  694    0.23197E-03
  695    0.23129E-03
  696    0.23061E-03
  697    0.22993E-03
  698    0.22926E-03
  699    0.22858E-03
  700    0.22791E-03
  701    0.22725E-03
  702    0.22658E-03
  703    0.22592E-03
  704    0.22525E-03
  705    0.22459E-03
  706    0.22394E-03
  707    0.22328E-03
  708    0.22263E-03
  709    0.22198E-03
  710    0.22133E-03
  711    0.22068E-03
  712    0.22004E-03
  713    0.21940E-03
  714    0.21876E-03
  715    0.21812E-03
  716    0.21748E-03
  717    0.21685E-03
  718    0.21622E-03
  719    0.21559E-03
  720    0.21496E-03
  721    0.21433E-03
  722    0.21371E-03
  723    0.21309E-03
  724    0.21247E-03
  725    0.21185E-03
  726    0.21123E-03
  727    0.21062E-03
  728    0.21001E-03
  729    0.20940E-03
  730    0.20879E-03
  731    0.20819E-03
  732    0.20758E-03
  733    0.20698E-03
  734    0.20638E-03
  735    0.20578E-03
  736    0.20519E-03
  737    0.20459E-03
  738    0.20400E-03
  739    0.20341E-03
  740    0.20282E-03
  741    0.20223E-03
  742    0.20165E-03
  743    0.20107E-03
  744    0.20049E-03
  745    0.19991E-03
  746    0.19933E-03
  747    0.19875E-03
  748    0.19818E-03
  749    0.19761E-03
  750    0.19704E-03
  751    0.19647E-03
  752    0.19590E-03
  753    0.19534E-03
  754    0.19478E-03
  755    0.19422E-03
  756    0.19366E-03
  757    0.19310E-03
  758    0.19254E-03
  759    0.19199E-03
  760    0.19144E-03
  761    0.19089E-03
  762    0.19034E-03
  763    0.18979E-03
  764    0.18925E-03
  765    0.18870E-03
  766    0.18816E-03
  767    0.18762E-03
  768    0.18708E-03
  769    0.18654E-03
  770    0.18601E-03
  771    0.18548E-03
  772    0.18494E-03
  773    0.18441E-03
  774    0.18389E-03
  775    0.18336E-03
  776    0.18283E-03
  777    0.18231E-03
  778    0.18179E-03
  779    0.18127E-03
  780    0.18075E-03
  781    0.18023E-03
  782    0.17972E-03
  783    0.17920E-03
  784    0.17869E-03
  785    0.17818E-03
  786    0.17767E-03
  787    0.17716E-03
  788    0.17666E-03
  789    0.17615E-03
  790    0.17565E-03
  791    0.17515E-03
  792    0.17465E-03
  793    0.17415E-03
  794    0.17365E-03
  795    0.17316E-03
  796    0.17267E-03
  797    0.17217E-03
  798    0.17168E-03
  799    0.17119E-03
  800    0.17071E-03
  801    0.17022E-03
  802    0.16974E-03
  803    0.16925E-03
  804    0.16877E-03
  805    0.16829E-03
  806    0.16781E-03
  807    0.16733E-03
  808    0.16686E-03
  809    0.16638E-03
  810    0.16591E-03
  811    0.16544E-03
  812    0.16497E-03
  813    0.16450E-03
  814    0.16403E-03
  815    0.16357E-03
  816    0.16310E-03
  817    0.16264E-03
  818    0.16218E-03
  819    0.16172E-03
  820    0.16126E-03
  821    0.16080E-03
  822    0.16035E-03
  823    0.15989E-03
  824    0.15944E-03
  825    0.15899E-03
  826    0.15854E-03
  827    0.15809E-03
  828    0.15764E-03
  829    0.15719E-03
  830    0.15675E-03
  831    0.15630E-03
  832    0.15586E-03
  833    0.15542E-03
  834    0.15498E-03
  835    0.15454E-03
  836    0.15411E-03
  837    0.15367E-03
  838    0.15324E-03
  839    0.15280E-03
  840    0.15237E-03
  841    0.15194E-03
  842    0.15151E-03
  843    0.15108E-03
  844    0.15066E-03
  845    0.15023E-03
  846    0.14981E-03
  847    0.14938E-03
  848    0.14896E-03
  849    0.14854E-03
  850    0.14812E-03
  851    0.14770E-03
  852    0.14729E-03
  853    0.14687E-03
  854    0.14646E-03
  855    0.14604E-03
  856    0.14563E-03
  857    0.14522E-03
  858    0.14481E-03
  859    0.14440E-03
  860    0.14400E-03
  861    0.14359E-03
  862    0.14319E-03
  863    0.14278E-03
  864    0.14238E-03
  865    0.14198E-03
  866    0.14158E-03
  867    0.14118E-03
  868    0.14078E-03
  869    0.14039E-03
  870    0.13999E-03
  871    0.13960E-03
  872    0.13921E-03
  873    0.13881E-03
  874    0.13842E-03
  875    0.13803E-03
  876    0.13765E-03
  877    0.13726E-03
  878    0.13687E-03
  879    0.13649E-03
  880    0.13611E-03
  881    0.13572E-03
  882    0.13534E-03
  883    0.13496E-03
  884    0.13458E-03
  885    0.13420E-03
  886    0.13383E-03
  887    0.13345E-03
  888    0.13308E-03
  889    0.13270E-03
  890    0.13233E-03
  891    0.13196E-03
  892    0.13159E-03
  893    0.13122E-03
  894    0.13085E-03
  895    0.13048E-03
  896    0.13012E-03
  897    0.12975E-03
  898    0.12939E-03
  899    0.12903E-03
  900    0.12866E-03
  901    0.12830E-03
  902    0.12794E-03
  903    0.12758E-03
  904    0.12723E-03
  905    0.12687E-03
  906    0.12651E-03
  907    0.12616E-03
  908    0.12581E-03
  909    0.12545E-03
  910    0.12510E-03
  911    0.12475E-03
  912    0.12440E-03
  913    0.12405E-03
  914    0.12371E-03
  915    0.12336E-03
  916    0.12302E-03
  917    0.12267E-03
  918    0.12233E-03
  919    0.12199E-03
  920    0.12164E-03
  921    0.12130E-03
  922    0.12096E-03
  923    0.12063E-03
  924    0.12029E-03
  925    0.11995E-03
  926    0.11962E-03
  927    0.11928E-03
  928    0.11895E-03
  929    0.11862E-03
  930    0.11828E-03
  931    0.11795E-03
  932    0.11762E-03
  933    0.11729E-03
  934    0.11697E-03
  935    0.11664E-03
  936    0.11631E-03
  937    0.11599E-03
  938    0.11566E-03
  939    0.11534E-03
  940    0.11502E-03
  941    0.11470E-03
  942    0.11438E-03
  943    0.11406E-03
  944    0.11374E-03
  945    0.11342E-03
  946    0.11310E-03
  947    0.11279E-03
  948    0.11247E-03
  949    0.11216E-03
  950    0.11185E-03
  951    0.11153E-03
  952    0.11122E-03
  953    0.11091E-03
  954    0.11060E-03
  955    0.11029E-03
  956    0.10999E-03
  957    0.10968E-03
  958    0.10937E-03
  959    0.10907E-03
  960    0.10876E-03
  961    0.10846E-03
  962    0.10816E-03
  963    0.10786E-03
  964    0.10755E-03
  965    0.10725E-03
  966    0.10695E-03
  967    0.10666E-03
  968    0.10636E-03
  969    0.10606E-03
  970    0.10577E-03
  971    0.10547E-03
  972    0.10518E-03
  973    0.10488E-03
  974    0.10459E-03
  975    0.10430E-03
  976    0.10401E-03
  977    0.10372E-03
  978    0.10343E-03
  979    0.10314E-03
  980    0.10285E-03
  981    0.10257E-03
  982    0.10228E-03
  983    0.10200E-03
  984    0.10171E-03
  985    0.10143E-03
  986    0.10115E-03
  987    0.10087E-03
  988    0.10058E-03
  989    0.10030E-03
  990    0.10002E-03
  991    0.99746E-04
  992    0.99468E-04
  993    0.99191E-04
  994    0.98915E-04
  995    0.98639E-04
  996    0.98364E-04
  997    0.98091E-04
  998    0.97817E-04
  999    0.97545E-04
 1000    0.97273E-04
 1001    0.97002E-04
 1002    0.96732E-04
 1003    0.96463E-04
 1004    0.96194E-04
 1005    0.95927E-04
 1006    0.95660E-04
 1007    0.95393E-04
 1008    0.95128E-04
 1009    0.94863E-04
 1010    0.94599E-04
 1011    0.94336E-04
 1012    0.94073E-04
 1013    0.93811E-04
 1014    0.93550E-04
 1015    0.93290E-04
 1016    0.93030E-04
 1017    0.92771E-04
 1018    0.92513E-04
 1019    0.92256E-04
 1020    0.91999E-04
 1021    0.91743E-04
 1022    0.91488E-04
 1023    0.91233E-04
 1024    0.90979E-04
 1025    0.90726E-04
 1026    0.90474E-04
 1027    0.90222E-04
 1028    0.89971E-04
 1029    0.89721E-04
 1030    0.89471E-04
 1031    0.89223E-04
 1032    0.88974E-04
 1033    0.88727E-04
 1034    0.88480E-04
 1035    0.88234E-04
 1036    0.87989E-04
 1037    0.87744E-04
 1038    0.87500E-04
 1039    0.87257E-04
 1040    0.87014E-04
 1041    0.86772E-04
 1042    0.86531E-04
 1043    0.86290E-04
 1044    0.86050E-04
 1045    0.85811E-04
 1046    0.85572E-04
 1047    0.85334E-04
 1048    0.85097E-04
 1049    0.84861E-04
 1050    0.84625E-04
 1051    0.84389E-04
 1052    0.84155E-04
 1053    0.83921E-04
 1054    0.83688E-04
 1055    0.83455E-04
 1056    0.83223E-04
 1057    0.82992E-04
 1058    0.82761E-04
 1059    0.82531E-04
 1060    0.82302E-04
 1061    0.82073E-04
 1062    0.81845E-04
 1063    0.81617E-04
 1064    0.81390E-04
 1065    0.81164E-04
 1066    0.80939E-04
 1067    0.80714E-04
 1068    0.80489E-04
 1069    0.80266E-04
 1070    0.80043E-04
 1071    0.79820E-04
 1072    0.79598E-04
 1073    0.79377E-04
 1074    0.79157E-04
 1075    0.78937E-04
 1076    0.78717E-04
 1077    0.78498E-04
 1078    0.78280E-04
 1079    0.78063E-04
 1080    0.77846E-04
 1081    0.77630E-04
 1082    0.77414E-04
 1083    0.77199E-04
 1084    0.76984E-04
 1085    0.76770E-04
 1086    0.76557E-04
 1087    0.76344E-04
 1088    0.76132E-04
 1089    0.75921E-04
 1090    0.75710E-04
 1091    0.75500E-04
 1092    0.75290E-04
 1093    0.75081E-04
 1094    0.74872E-04
 1095    0.74664E-04
 1096    0.74457E-04
 1097    0.74250E-04
 1098    0.74044E-04
 1099    0.73838E-04
 1100    0.73633E-04
 1101    0.73428E-04
 1102    0.73224E-04
 1103    0.73021E-04
 1104    0.72818E-04
 1105    0.72616E-04
 1106    0.72414E-04
 1107    0.72213E-04
 1108    0.72012E-04
 1109    0.71812E-04
 1110    0.71613E-04
 1111    0.71414E-04
 1112    0.71215E-04
 1113    0.71018E-04
 1114    0.70820E-04
 1115    0.70624E-04
 1116    0.70428E-04
 1117    0.70232E-04
 1118    0.70037E-04
 1119    0.69842E-04
 1120    0.69648E-04
 1121    0.69455E-04
 1122    0.69262E-04
 1123    0.69070E-04
 1124    0.68878E-04
 1125    0.68686E-04
 1126    0.68496E-04
 1127    0.68305E-04
 1128    0.68116E-04
 1129    0.67927E-04
 1130    0.67738E-04
 1131    0.67550E-04
 1132    0.67362E-04
 1133    0.67175E-04
 1134    0.66988E-04
 1135    0.66802E-04
 1136    0.66617E-04
 1137    0.66432E-04
 1138    0.66247E-04
 1139    0.66063E-04
 1140    0.65880E-04
 1141    0.65697E-04
 1142    0.65514E-04
 1143    0.65332E-04
 1144    0.65151E-04
 1145    0.64970E-04
 1146    0.64790E-04
 1147    0.64610E-04
 1148    0.64430E-04
 1149    0.64251E-04
 1150    0.64073E-04
 1151    0.63895E-04
 1152    0.63717E-04
 1153    0.63540E-04
 1154    0.63364E-04
 1155    0.63188E-04
 1156    0.63013E-04
 1157    0.62838E-04
 1158    0.62663E-04
 1159    0.62489E-04
 1160    0.62315E-04
 1161    0.62142E-04
 1162    0.61970E-04
 1163    0.61798E-04
 1164    0.61626E-04
 1165    0.61455E-04
 1166    0.61284E-04
 1167    0.61114E-04
 1168    0.60944E-04
 1169    0.60775E-04
 1170    0.60606E-04
 1171    0.60438E-04
 1172    0.60270E-04
 1173    0.60103E-04
 1174    0.59936E-04
 1175    0.59769E-04
 1176    0.59603E-04
 1177    0.59438E-04
 1178    0.59273E-04
 1179    0.59108E-04
 1180    0.58944E-04
 1181    0.58780E-04
 1182    0.58617E-04
 1183    0.58454E-04
 1184    0.58292E-04
 1185    0.58130E-04
 1186    0.57968E-04
 1187    0.57807E-04
 1188    0.57647E-04
 1189    0.57487E-04
 1190    0.57327E-04
 1191    0.57168E-04
 1192    0.57009E-04
 1193    0.56851E-04
 1194    0.56693E-04
 1195    0.56535E-04
 1196    0.56378E-04
 1197    0.56221E-04
 1198    0.56065E-04
 1199    0.55910E-04
 1200    0.55754E-04
 1201    0.55599E-04
 1202    0.55445E-04
 1203    0.55291E-04
 1204    0.55137E-04
 1205    0.54984E-04
 1206    0.54831E-04
 1207    0.54679E-04
 1208    0.54527E-04
 1209    0.54376E-04
 1210    0.54225E-04
 1211    0.54074E-04
 1212    0.53924E-04
 1213    0.53774E-04
 1214    0.53625E-04
 1215    0.53476E-04
 1216    0.53327E-04
 1217    0.53179E-04
 1218    0.53031E-04
 1219    0.52884E-04
 1220    0.52737E-04
 1221    0.52591E-04
 1222    0.52444E-04
 1223    0.52299E-04
 1224    0.52153E-04
 1225    0.52009E-04
 1226    0.51864E-04
 1227    0.51720E-04
 1228    0.51576E-04
 1229    0.51433E-04
 1230    0.51290E-04
 1231    0.51148E-04
 1232    0.51005E-04
 1233    0.50864E-04
 1234    0.50722E-04
 1235    0.50581E-04
 1236    0.50441E-04
 1237    0.50301E-04
 1238    0.50161E-04
 1239    0.50022E-04
 1240    0.49883E-04
 1241    0.49744E-04
 1242    0.49606E-04
 1243    0.49468E-04
 1244    0.49331E-04
 1245    0.49193E-04
 1246    0.49057E-04
 1247    0.48920E-04
 1248    0.48784E-04
 1249    0.48649E-04
 1250    0.48514E-04
 1251    0.48379E-04
 1252    0.48244E-04
 1253    0.48110E-04
 1254    0.47977E-04
 1255    0.47843E-04
 1256    0.47710E-04
 1257    0.47578E-04
 1258    0.47446E-04
 1259    0.47314E-04
 1260    0.47182E-04
 1261    0.47051E-04
 1262    0.46920E-04
 1263    0.46790E-04
 1264    0.46660E-04
 1265    0.46530E-04
 1266    0.46401E-04
 1267    0.46272E-04
 1268    0.46143E-04
 1269    0.46015E-04
 1270    0.45887E-04
 1271    0.45760E-04
 1272    0.45632E-04
 1273    0.45506E-04
 1274    0.45379E-04
 1275    0.45253E-04
 1276    0.45127E-04
 1277    0.45002E-04
 1278    0.44877E-04
 1279    0.44752E-04
 1280    0.44628E-04
 1281    0.44504E-04
 1282    0.44380E-04
 1283    0.44256E-04
 1284    0.44133E-04
 1285    0.44011E-04
 1286    0.43888E-04
 1287    0.43766E-04
 1288    0.43645E-04
 1289    0.43523E-04
 1290    0.43402E-04
 1291    0.43282E-04
 1292    0.43161E-04
 1293    0.43041E-04
 1294    0.42922E-04
 1295    0.42802E-04
 1296    0.42683E-04
 1297    0.42565E-04
 1298    0.42446E-04
 1299    0.42328E-04
 1300    0.42211E-04
 1301    0.42093E-04
 1302    0.41976E-04
 1303    0.41860E-04
 1304    0.41743E-04
 1305    0.41627E-04
 1306    0.41511E-04
 1307    0.41396E-04
 1308    0.41281E-04
 1309    0.41166E-04
 1310    0.41052E-04
 1311    0.40937E-04
 1312    0.40824E-04
 1313    0.40710E-04
 1314    0.40597E-04
 1315    0.40484E-04
 1316    0.40371E-04
 1317    0.40259E-04
 1318    0.40147E-04
 1319    0.40035E-04
 1320    0.39924E-04
 1321    0.39813E-04
 1322    0.39702E-04
 1323    0.39592E-04
 1324    0.39482E-04
 1325    0.39372E-04
 1326    0.39263E-04
 1327    0.39153E-04
 1328    0.39044E-04
 1329    0.38936E-04
 1330    0.38828E-04
 1331    0.38720E-04
 1332    0.38612E-04
 1333    0.38504E-04
 1334    0.38397E-04
 1335    0.38291E-04
 1336    0.38184E-04
 1337    0.38078E-04
 1338    0.37972E-04
 1339    0.37866E-04
 1340    0.37761E-04
 1341    0.37656E-04
 1342    0.37551E-04
 1343    0.37447E-04
 1344    0.37343E-04
 1345    0.37239E-04
 1346    0.37135E-04
 1347    0.37032E-04
 1348    0.36929E-04
 1349    0.36826E-04
 1350    0.36724E-04
 1351    0.36621E-04
 1352    0.36519E-04
 1353    0.36418E-04
 1354    0.36317E-04
 1355    0.36215E-04
 1356    0.36115E-04
 1357    0.36014E-04
 1358    0.35914E-04
 1359    0.35814E-04
 1360    0.35714E-04
 1361    0.35615E-04
 1362    0.35516E-04
 1363    0.35417E-04
 1364    0.35319E-04
 1365    0.35220E-04
 1366    0.35122E-04
 1367    0.35025E-04
 1368    0.34927E-04
 1369    0.34830E-04
 1370    0.34733E-04
 1371    0.34636E-04
 1372    0.34540E-04
 1373    0.34444E-04
 1374    0.34348E-04
 1375    0.34252E-04
 1376    0.34157E-04
 1377    0.34062E-04
 1378    0.33967E-04
 1379    0.33873E-04
 1380    0.33778E-04
 1381    0.33684E-04
 1382    0.33591E-04
 1383    0.33497E-04
 1384    0.33404E-04
 1385    0.33311E-04
 1386    0.33218E-04
 1387    0.33126E-04
 1388    0.33034E-04
 1389    0.32942E-04
 1390    0.32850E-04
 1391    0.32758E-04
 1392    0.32667E-04
 1393    0.32576E-04
 1394    0.32486E-04
 1395    0.32395E-04
 1396    0.32305E-04
 1397    0.32215E-04
 1398    0.32125E-04
 1399    0.32036E-04
 1400    0.31947E-04
 1401    0.31858E-04
 1402    0.31769E-04
 1403    0.31681E-04
 1404    0.31593E-04
 1405    0.31505E-04
 1406    0.31417E-04
 1407    0.31329E-04
 1408    0.31242E-04
 1409    0.31155E-04
 1410    0.31068E-04
 1411    0.30982E-04
 1412    0.30896E-04
 1413    0.30810E-04
 1414    0.30724E-04
 1415    0.30638E-04
 1416    0.30553E-04
 1417    0.30468E-04
 1418    0.30383E-04
 1419    0.30298E-04
 1420    0.30214E-04
 1421    0.30130E-04
 1422    0.30046E-04
 1423    0.29962E-04
 1424    0.29879E-04
 1425    0.29796E-04
 1426    0.29713E-04
 1427    0.29630E-04
 1428    0.29548E-04
 1429    0.29465E-04
 1430    0.29383E-04
 1431    0.29301E-04
 1432    0.29220E-04
 1433    0.29138E-04
 1434    0.29057E-04
 1435    0.28976E-04
 1436    0.28896E-04
 1437    0.28815E-04
 1438    0.28735E-04
 1439    0.28655E-04
 1440    0.28575E-04
 1441    0.28495E-04
 1442    0.28416E-04
 1443    0.28337E-04
 1444    0.28258E-04
 1445    0.28179E-04
 1446    0.28101E-04
 1447    0.28022E-04
 1448    0.27944E-04
 1449    0.27867E-04
 1450    0.27789E-04
 1451    0.27711E-04
 1452    0.27634E-04
 1453    0.27557E-04
 1454    0.27481E-04
 1455    0.27404E-04
 1456    0.27328E-04
 1457    0.27251E-04
 1458    0.27176E-04
 1459    0.27100E-04
 1460    0.27024E-04
 1461    0.26949E-04
 1462    0.26874E-04
 1463    0.26799E-04
 1464    0.26724E-04
 1465    0.26650E-04
 1466    0.26576E-04
 1467    0.26502E-04
 1468    0.26428E-04
 1469    0.26354E-04
 1470    0.26281E-04
 1471    0.26208E-04
 1472    0.26134E-04
 1473    0.26062E-04
 1474    0.25989E-04
 1475    0.25917E-04
 1476    0.25844E-04
 1477    0.25772E-04
 1478    0.25701E-04
 1479    0.25629E-04
 1480    0.25558E-04
 1481    0.25486E-04
 1482    0.25415E-04
 1483    0.25344E-04
 1484    0.25274E-04
 1485    0.25203E-04
 1486    0.25133E-04
 1487    0.25063E-04
 1488    0.24993E-04
 1489    0.24924E-04
 1490    0.24854E-04
 1491    0.24785E-04
 1492    0.24716E-04
 1493    0.24647E-04
 1494    0.24578E-04
 1495    0.24510E-04
 1496    0.24441E-04
 1497    0.24373E-04
 1498    0.24305E-04
 1499    0.24238E-04
 1500    0.24170E-04
 1501    0.24103E-04
 1502    0.24035E-04
 1503    0.23968E-04
 1504    0.23902E-04
 1505    0.23835E-04
 1506    0.23769E-04
 1507    0.23702E-04
 1508    0.23636E-04
 1509    0.23570E-04
 1510    0.23505E-04
 1511    0.23439E-04
 1512    0.23374E-04
 1513    0.23309E-04
 1514    0.23244E-04
 1515    0.23179E-04
 1516    0.23114E-04
 1517    0.23050E-04
 1518    0.22985E-04
 1519    0.22921E-04
 1520    0.22857E-04
 1521    0.22794E-04
 1522    0.22730E-04
 1523    0.22667E-04
 1524    0.22604E-04
 1525    0.22541E-04
 1526    0.22478E-04
 1527    0.22415E-04
 1528    0.22353E-04
 1529    0.22290E-04
 1530    0.22228E-04
 1531    0.22166E-04
 1532    0.22104E-04
 1533    0.22043E-04
 1534    0.21981E-04
 1535    0.21920E-04
 1536    0.21859E-04
 1537    0.21798E-04
 1538    0.21737E-04
 1539    0.21676E-04
 1540    0.21616E-04
 1541    0.21556E-04
 1542    0.21496E-04
 1543    0.21436E-04
 1544    0.21376E-04
 1545    0.21316E-04
 1546    0.21257E-04
 1547    0.21197E-04
 1548    0.21138E-04
 1549    0.21079E-04
 1550    0.21021E-04
 1551    0.20962E-04
 1552    0.20903E-04
 1553    0.20845E-04
 1554    0.20787E-04
 1555    0.20729E-04
 1556    0.20671E-04
 1557    0.20614E-04
 1558    0.20556E-04
 1559    0.20499E-04
 1560    0.20442E-04
 1561    0.20385E-04
 1562    0.20328E-04
 1563    0.20271E-04
 1564    0.20214E-04
 1565    0.20158E-04
 1566    0.20102E-04
 1567    0.20046E-04
 1568    0.19990E-04
 1569    0.19934E-04
 1570    0.19878E-04
 1571    0.19823E-04
 1572    0.19768E-04
 1573    0.19713E-04
 1574    0.19658E-04
 1575    0.19603E-04
 1576    0.19548E-04
 1577    0.19493E-04
 1578    0.19439E-04
 1579    0.19385E-04
 1580    0.19331E-04
 1581    0.19277E-04
 1582    0.19223E-04
 1583    0.19169E-04
 1584    0.19116E-04
 1585    0.19063E-04
 1586    0.19009E-04
 1587    0.18956E-04
 1588    0.18903E-04
 1589    0.18851E-04
 1590    0.18798E-04
 1591    0.18746E-04
 1592    0.18693E-04
 1593    0.18641E-04
 1594    0.18589E-04
 1595    0.18537E-04
 1596    0.18486E-04
 1597    0.18434E-04
 1598    0.18383E-04
 1599    0.18331E-04
 1600    0.18280E-04
 1601    0.18229E-04
 1602    0.18178E-04
 1603    0.18127E-04
 1604    0.18077E-04
 1605    0.18026E-04
 1606    0.17976E-04
 1607    0.17926E-04
 1608    0.17876E-04
 1609    0.17826E-04
 1610    0.17776E-04
 1611    0.17727E-04
 1612    0.17677E-04
 1613    0.17628E-04
 1614    0.17579E-04
 1615    0.17530E-04
 1616    0.17481E-04
 1617    0.17432E-04
 1618    0.17383E-04
 1619    0.17335E-04
 1620    0.17286E-04
 1621    0.17238E-04
 1622    0.17190E-04
 1623    0.17142E-04
 1624    0.17094E-04
 1625    0.17046E-04
 1626    0.16999E-04
 1627    0.16951E-04
 1628    0.16904E-04
 1629    0.16857E-04
 1630    0.16810E-04
 1631    0.16763E-04
 1632    0.16716E-04
 1633    0.16669E-04
 1634    0.16623E-04
 1635    0.16576E-04
 1636    0.16530E-04
 1637    0.16484E-04
 1638    0.16438E-04
 1639    0.16392E-04
 1640    0.16346E-04
 1641    0.16301E-04
 1642    0.16255E-04
 1643    0.16210E-04
 1644    0.16165E-04
 1645    0.16119E-04
 1646    0.16074E-04
 1647    0.16030E-04
 1648    0.15985E-04
 1649    0.15940E-04
 1650    0.15896E-04
 1651    0.15851E-04
 1652    0.15807E-04
 1653    0.15763E-04
 1654    0.15719E-04
 1655    0.15675E-04
 1656    0.15631E-04
 1657    0.15588E-04
 1658    0.15544E-04
 1659    0.15501E-04
 1660    0.15457E-04
 1661    0.15414E-04
 1662    0.15371E-04
 1663    0.15328E-04
 1664    0.15285E-04
 1665    0.15243E-04
 1666    0.15200E-04
 1667    0.15158E-04
 1668    0.15115E-04
 1669    0.15073E-04
 1670    0.15031E-04
 1671    0.14989E-04
 1672    0.14947E-04
 1673    0.14906E-04
 1674    0.14864E-04
 1675    0.14822E-04
 1676    0.14781E-04
 1677    0.14740E-04
 1678    0.14699E-04
 1679    0.14658E-04
 1680    0.14617E-04
 1681    0.14576E-04
 1682    0.14535E-04
 1683    0.14494E-04
 1684    0.14454E-04
 1685    0.14414E-04
 1686    0.14373E-04
 1687    0.14333E-04
 1688    0.14293E-04
 1689    0.14253E-04
 1690    0.14213E-04
 1691    0.14174E-04
 1692    0.14134E-04
 1693    0.14095E-04
 1694    0.14055E-04
 1695    0.14016E-04
 1696    0.13977E-04
 1697    0.13938E-04
 1698    0.13899E-04
 1699    0.13860E-04
 1700    0.13821E-04
 1701    0.13783E-04
 1702    0.13744E-04
 1703    0.13706E-04
 1704    0.13668E-04
 1705    0.13629E-04
 1706    0.13591E-04
 1707    0.13553E-04
 1708    0.13516E-04
 1709    0.13478E-04
 1710    0.13440E-04
 1711    0.13403E-04
 1712    0.13365E-04
 1713    0.13328E-04
 1714    0.13291E-04
 1715    0.13253E-04
 1716    0.13216E-04
 1717    0.13179E-04
 1718    0.13143E-04
 1719    0.13106E-04
 1720    0.13069E-04
 1721    0.13033E-04
 1722    0.12996E-04
 1723    0.12960E-04
 1724    0.12924E-04
 1725    0.12888E-04
 1726    0.12852E-04
 1727    0.12816E-04
 1728    0.12780E-04
 1729    0.12744E-04
 1730    0.12709E-04
 1731    0.12673E-04
 1732    0.12638E-04
 1733    0.12603E-04
 1734    0.12567E-04
 1735    0.12532E-04
 1736    0.12497E-04
 1737    0.12462E-04
 1738    0.12427E-04
 1739    0.12393E-04
 1740    0.12358E-04
 1741    0.12324E-04
 1742    0.12289E-04
 1743    0.12255E-04
 1744    0.12221E-04
 1745    0.12186E-04
 1746    0.12152E-04
 1747    0.12118E-04
 1748    0.12085E-04
 1749    0.12051E-04
 1750    0.12017E-04
 1751    0.11983E-04
 1752    0.11950E-04
 1753    0.11917E-04
 1754    0.11883E-04
 1755    0.11850E-04
 1756    0.11817E-04
 1757    0.11784E-04
 1758    0.11751E-04
 1759    0.11718E-04
 1760    0.11685E-04
 1761    0.11653E-04
 1762    0.11620E-04
 1763    0.11588E-04
 1764    0.11555E-04
 1765    0.11523E-04
 1766    0.11491E-04
 1767    0.11459E-04
 1768    0.11427E-04
 1769    0.11395E-04
 1770    0.11363E-04
 1771    0.11331E-04
 1772    0.11299E-04
 1773    0.11268E-04
 1774    0.11236E-04
 1775    0.11205E-04
 1776    0.11174E-04
 1777    0.11142E-04
 1778    0.11111E-04
 1779    0.11080E-04
 1780    0.11049E-04
 1781    0.11018E-04
 1782    0.10988E-04
 1783    0.10957E-04
 1784    0.10926E-04
 1785    0.10896E-04
 1786    0.10865E-04
 1787    0.10835E-04
 1788    0.10805E-04
 1789    0.10774E-04
 1790    0.10744E-04
 1791    0.10714E-04
 1792    0.10684E-04
 1793    0.10654E-04
 1794    0.10625E-04
 1795    0.10595E-04
 1796    0.10565E-04
 1797    0.10536E-04
 1798    0.10506E-04
 1799    0.10477E-04
 1800    0.10448E-04
 1801    0.10418E-04
 1802    0.10389E-04
 1803    0.10360E-04
 1804    0.10331E-04
 1805    0.10302E-04
 1806    0.10274E-04
 1807    0.10245E-04
 1808    0.10216E-04
 1809    0.10188E-04
 1810    0.10159E-04
 1811    0.10131E-04
 1812    0.10103E-04
 1813    0.10074E-04
 1814    0.10046E-04
 1815    0.10018E-04
 1816    0.99900E-05
 1817    0.99621E-05
 1818    0.99343E-05
 1819    0.99065E-05
 1820    0.98788E-05
 1821    0.98512E-05
 1822    0.98236E-05
 1823    0.97962E-05
 1824    0.97688E-05
 1825    0.97415E-05
 1826    0.97142E-05
 1827    0.96871E-05
 1828    0.96600E-05
 1829    0.96330E-05
 1830    0.96060E-05
 1831    0.95792E-05
 1832    0.95524E-05
 1833    0.95257E-05
 1834    0.94990E-05
 1835    0.94725E-05
 1836    0.94460E-05
 1837    0.94196E-05
 1838    0.93932E-05
 1839    0.93670E-05
 1840    0.93408E-05
 1841    0.93147E-05
 1842    0.92886E-05
 1843    0.92627E-05
 1844    0.92368E-05
 1845    0.92109E-05
 1846    0.91852E-05
 1847    0.91595E-05
 1848    0.91339E-05
 1849    0.91083E-05
 1850    0.90829E-05
 1851    0.90575E-05
 1852    0.90321E-05
 1853    0.90069E-05
 1854    0.89817E-05
 1855    0.89566E-05
 1856    0.89315E-05
 1857    0.89065E-05
 1858    0.88816E-05
 1859    0.88568E-05
 1860    0.88320E-05
 1861    0.88073E-05
 1862    0.87827E-05
 1863    0.87581E-05
 1864    0.87336E-05
 1865    0.87092E-05
 1866    0.86849E-05
 1867    0.86606E-05
 1868    0.86364E-05
 1869    0.86122E-05
 1870    0.85881E-05
 1871    0.85641E-05
 1872    0.85401E-05
 1873    0.85163E-05
 1874    0.84924E-05
 1875    0.84687E-05
 1876    0.84450E-05
 1877    0.84214E-05
 1878    0.83978E-05
 1879    0.83743E-05
 1880    0.83509E-05
 1881    0.83276E-05
 1882    0.83043E-05
 1883    0.82810E-05
 1884    0.82579E-05
 1885    0.82348E-05
 1886    0.82118E-05
 1887    0.81888E-05
 1888    0.81659E-05
 1889    0.81430E-05
 1890    0.81203E-05
 1891    0.80976E-05
 1892    0.80749E-05
 1893    0.80523E-05
 1894    0.80298E-05
 1895    0.80073E-05
 1896    0.79849E-05
 1897    0.79626E-05
 1898    0.79403E-05
 1899    0.79181E-05
 1900    0.78960E-05
 1901    0.78739E-05
 1902    0.78519E-05
 1903    0.78299E-05
 1904    0.78080E-05
 1905    0.77861E-05
 1906    0.77644E-05
 1907    0.77426E-05
 1908    0.77210E-05
 1909    0.76994E-05
 1910    0.76779E-05
 1911    0.76564E-05
 1912    0.76350E-05
 1913    0.76136E-05
 1914    0.75923E-05
 1915    0.75711E-05
 1916    0.75499E-05
 1917    0.75288E-05
 1918    0.75077E-05
 1919    0.74867E-05
 1920    0.74658E-05
 1921    0.74449E-05
 1922    0.74240E-05
 1923    0.74033E-05
 1924    0.73826E-05
 1925    0.73619E-05
 1926    0.73413E-05
 1927    0.73208E-05
 1928    0.73003E-05
 1929    0.72799E-05
 1930    0.72595E-05
 1931    0.72392E-05
 1932    0.72189E-05
 1933    0.71987E-05
 1934    0.71786E-05
 1935    0.71585E-05
 1936    0.71385E-05
 1937    0.71185E-05
 1938    0.70986E-05
 1939    0.70787E-05
 1940    0.70589E-05
 1941    0.70392E-05
 1942    0.70195E-05
 1943    0.69999E-05
 1944    0.69803E-05
 1945    0.69607E-05
 1946    0.69413E-05
 1947    0.69218E-05
 1948    0.69025E-05
 1949    0.68832E-05
 1950    0.68639E-05
 1951    0.68447E-05
 1952    0.68256E-05
 1953    0.68065E-05
 1954    0.67874E-05
 1955    0.67684E-05
 1956    0.67495E-05
 1957    0.67306E-05
 1958    0.67118E-05
 1959    0.66930E-05
 1960    0.66743E-05
 1961    0.66556E-05
 1962    0.66370E-05
 1963    0.66184E-05
 1964    0.65999E-05
 1965    0.65814E-05
 1966    0.65630E-05
 1967    0.65446E-05
 1968    0.65263E-05
 1969    0.65080E-05
 1970    0.64898E-05
 1971    0.64717E-05
 1972    0.64536E-05
 1973    0.64355E-05
 1974    0.64175E-05
 1975    0.63995E-05
 1976    0.63816E-05
 1977    0.63638E-05
 1978    0.63460E-05
 1979    0.63282E-05
 1980    0.63105E-05
 1981    0.62928E-05
 1982    0.62752E-05
 1983    0.62577E-05
 1984    0.62402E-05
 1985    0.62227E-05
 1986    0.62053E-05
 1987    0.61879E-05
 1988    0.61706E-05
 1989    0.61533E-05
 1990    0.61361E-05
 1991    0.61190E-05
 1992    0.61018E-05
 1993    0.60848E-05
 1994    0.60677E-05
 1995    0.60507E-05
 1996    0.60338E-05
 1997    0.60169E-05
 1998    0.60001E-05
 1999    0.59833E-05
 2000    0.59665E-05
 2001    0.59499E-05
 2002    0.59332E-05
 2003    0.59166E-05
 2004    0.59000E-05
 2005    0.58835E-05
 2006    0.58671E-05
 2007    0.58506E-05
 2008    0.58343E-05
 2009    0.58179E-05
 2010    0.58017E-05
 2011    0.57854E-05
 2012    0.57692E-05
 2013    0.57531E-05
 2014    0.57370E-05
 2015    0.57209E-05
 2016    0.57049E-05
 2017    0.56889E-05
 2018    0.56730E-05
 2019    0.56571E-05
 2020    0.56413E-05
 2021    0.56255E-05
 2022    0.56098E-05
 2023    0.55941E-05
 2024    0.55784E-05
 2025    0.55628E-05
 2026    0.55472E-05
 2027    0.55317E-05
 2028    0.55162E-05
 2029    0.55008E-05
 2030    0.54854E-05
 2031    0.54700E-05
 2032    0.54547E-05
 2033    0.54395E-05
 2034    0.54242E-05
 2035    0.54091E-05
 2036    0.53939E-05
 2037    0.53788E-05
 2038    0.53638E-05
 2039    0.53488E-05
 2040    0.53338E-05
 2041    0.53189E-05
 2042    0.53040E-05
 2043    0.52891E-05
 2044    0.52743E-05
 2045    0.52596E-05
 2046    0.52448E-05
 2047    0.52301E-05
 2048    0.52155E-05
 2049    0.52009E-05
 2050    0.51864E-05
 2051    0.51718E-05
 2052    0.51574E-05
 2053    0.51429E-05
 2054    0.51285E-05
 2055    0.51142E-05
 2056    0.50999E-05
 2057    0.50856E-05
 2058    0.50713E-05
 2059    0.50571E-05
 2060    0.50430E-05
 2061    0.50289E-05
 2062    0.50148E-05
 2063    0.50008E-05
 2064    0.49868E-05
 2065    0.49728E-05
 2066    0.49589E-05
 2067    0.49450E-05
 2068    0.49312E-05
 2069    0.49174E-05
 2070    0.49036E-05
 2071    0.48899E-05
 2072    0.48762E-05
 2073    0.48625E-05
 2074    0.48489E-05
 2075    0.48353E-05
 2076    0.48218E-05
 2077    0.48083E-05
 2078    0.47948E-05
 2079    0.47814E-05
 2080    0.47680E-05
 2081    0.47547E-05
 2082    0.47414E-05
 2083    0.47281E-05
 2084    0.47149E-05
 2085    0.47017E-05
 2086    0.46885E-05
 2087    0.46754E-05
 2088    0.46623E-05
 2089    0.46492E-05
 2090    0.46362E-05
 2091    0.46232E-05
 2092    0.46103E-05
 2093    0.45974E-05
 2094    0.45845E-05
 2095    0.45717E-05
 2096    0.45589E-05
 2097    0.45461E-05
 2098    0.45334E-05
 2099    0.45207E-05
 2100    0.45081E-05
 2101    0.44954E-05
 2102    0.44828E-05
 2103    0.44703E-05
 2104    0.44578E-05
 2105    0.44453E-05
 2106    0.44329E-05
 2107    0.44204E-05
 2108    0.44081E-05
 2109    0.43957E-05
 2110    0.43834E-05
 2111    0.43712E-05
 2112    0.43589E-05
 2113    0.43467E-05
 2114    0.43345E-05
 2115    0.43224E-05
 2116    0.43103E-05
 2117    0.42982E-05
 2118    0.42862E-05
 2119    0.42742E-05
 2120    0.42622E-05
 2121    0.42503E-05
 2122    0.42384E-05
 2123    0.42265E-05
 2124    0.42147E-05
 2125    0.42029E-05
 2126    0.41911E-05
 2127    0.41794E-05
 2128    0.41677E-05
 2129    0.41560E-05
 2130    0.41444E-05
 2131    0.41328E-05
 2132    0.41212E-05
 2133    0.41097E-05
 2134    0.40982E-05
 2135    0.40867E-05
 2136    0.40753E-05
 2137    0.40638E-05
 2138    0.40525E-05
 2139    0.40411E-05
 2140    0.40298E-05
 2141    0.40185E-05
 2142    0.40073E-05
 2143    0.39960E-05
 2144    0.39849E-05
 2145    0.39737E-05
 2146    0.39626E-05
 2147    0.39515E-05
 2148    0.39404E-05
 2149    0.39294E-05
 2150    0.39184E-05
 2151    0.39074E-05
 2152    0.38965E-05
 2153    0.38856E-05
 2154    0.38747E-05
 2155    0.38638E-05
 2156    0.38530E-05
 2157    0.38422E-05
 2158    0.38315E-05
 2159    0.38207E-05
 2160    0.38100E-05
 2161    0.37994E-05
 2162    0.37887E-05
 2163    0.37781E-05
 2164    0.37675E-05
 2165    0.37570E-05
 2166    0.37465E-05
 2167    0.37360E-05
 2168    0.37255E-05
 2169    0.37151E-05
 2170    0.37047E-05
 2171    0.36943E-05
 2172    0.36840E-05
 2173    0.36736E-05
 2174    0.36634E-05
 2175    0.36531E-05
 2176    0.36429E-05
 2177    0.36327E-05
 2178    0.36225E-05
 2179    0.36124E-05
 2180    0.36022E-05
 2181    0.35922E-05
 2182    0.35821E-05
 2183    0.35721E-05
 2184    0.35621E-05
 2185    0.35521E-05
 2186    0.35421E-05
 2187    0.35322E-05
 2188    0.35223E-05
 2189    0.35125E-05
 2190    0.35026E-05
 2191    0.34928E-05
 2192    0.34830E-05
 2193    0.34733E-05
 2194    0.34636E-05
 2195    0.34539E-05
 2196    0.34442E-05
 2197    0.34345E-05
 2198    0.34249E-05
 2199    0.34153E-05
 2200    0.34058E-05
 2201    0.33962E-05
 2202    0.33867E-05
 2203    0.33772E-05
 2204    0.33678E-05
 2205    0.33583E-05
 2206    0.33489E-05
 2207    0.33396E-05
 2208    0.33302E-05
 2209    0.33209E-05
 2210    0.33116E-05
 2211    0.33023E-05
 2212    0.32931E-05
 2213    0.32838E-05
 2214    0.32746E-05
 2215    0.32655E-05
 2216    0.32563E-05
 2217    0.32472E-05
 2218    0.32381E-05
 2219    0.32290E-05
 2220    0.32200E-05
 2221    0.32110E-05
 2222    0.32020E-05
 2223    0.31930E-05
 2224    0.31841E-05
 2225    0.31752E-05
 2226    0.31663E-05
 2227    0.31574E-05
 2228    0.31486E-05
 2229    0.31397E-05
 2230    0.31310E-05
 2231    0.31222E-05
 2232    0.31134E-05
 2233    0.31047E-05
 2234    0.30960E-05
 2235    0.30874E-05
 2236    0.30787E-05
 2237    0.30701E-05
 2238    0.30615E-05
 2239    0.30529E-05
 2240    0.30444E-05
 2241    0.30358E-05
 2242    0.30273E-05
 2243    0.30189E-05
 2244    0.30104E-05
 2245    0.30020E-05
 2246    0.29936E-05
 2247    0.29852E-05
 2248    0.29768E-05
 2249    0.29685E-05
 2250    0.29602E-05
 2251    0.29519E-05
 2252    0.29436E-05
 2253    0.29354E-05
 2254    0.29271E-05
 2255    0.29189E-05
 2256    0.29108E-05
 2257    0.29026E-05
 2258    0.28945E-05
 2259    0.28864E-05
 2260    0.28783E-05
 2261    0.28702E-05
 2262    0.28622E-05
 2263    0.28542E-05
 2264    0.28462E-05
 2265    0.28382E-05
 2266    0.28303E-05
 2267    0.28223E-05
 2268    0.28144E-05
 2269    0.28066E-05
 2270    0.27987E-05
 2271    0.27909E-05
 2272    0.27830E-05
 2273    0.27752E-05
 2274    0.27675E-05
 2275    0.27597E-05
 2276    0.27520E-05
 2277    0.27443E-05
 2278    0.27366E-05
 2279    0.27289E-05
 2280    0.27213E-05
 2281    0.27137E-05
 2282    0.27061E-05
 2283    0.26985E-05
 2284    0.26909E-05
 2285    0.26834E-05
 2286    0.26759E-05
 2287    0.26684E-05
 2288    0.26609E-05
 2289    0.26534E-05
 2290    0.26460E-05
 2291    0.26386E-05
 2292    0.26312E-05
 2293    0.26238E-05
 2294    0.26165E-05
 2295    0.26092E-05
 2296    0.26019E-05
 2297    0.25946E-05
 2298    0.25873E-05
 2299    0.25801E-05
 2300    0.25728E-05
 2301    0.25656E-05
 2302    0.25584E-05
 2303    0.25513E-05
 2304    0.25441E-05
 2305    0.25370E-05
 2306    0.25299E-05
 2307    0.25228E-05
 2308    0.25157E-05
 2309    0.25087E-05
 2310    0.25017E-05
 2311    0.24947E-05
 2312    0.24877E-05
 2313    0.24807E-05
 2314    0.24738E-05
 2315    0.24668E-05
 2316    0.24599E-05
 2317    0.24530E-05
 2318    0.24462E-05
 2319    0.24393E-05
 2320    0.24325E-05
 2321    0.24257E-05
 2322    0.24189E-05
 2323    0.24121E-05
 2324    0.24053E-05
 2325    0.23986E-05
 2326    0.23919E-05
 2327    0.23852E-05
 2328    0.23785E-05
 2329    0.23718E-05
 2330    0.23652E-05
 2331    0.23586E-05
 2332    0.23519E-05
 2333    0.23454E-05
 2334    0.23388E-05
 2335    0.23322E-05
 2336    0.23257E-05
 2337    0.23192E-05
 2338    0.23127E-05
 2339    0.23062E-05
 2340    0.22998E-05
 2341    0.22933E-05
 2342    0.22869E-05
 2343    0.22805E-05
 2344    0.22741E-05
 2345    0.22677E-05
 2346    0.22614E-05
 2347    0.22550E-05
 2348    0.22487E-05
 2349    0.22424E-05
 2350    0.22361E-05
 2351    0.22299E-05
 2352    0.22236E-05
 2353    0.22174E-05
 2354    0.22112E-05
 2355    0.22050E-05
 2356    0.21988E-05
 2357    0.21927E-05
 2358    0.21865E-05
 2359    0.21804E-05
 2360    0.21743E-05
 2361    0.21682E-05
 2362    0.21621E-05
 2363    0.21561E-05
 2364    0.21500E-05
 2365    0.21440E-05
 2366    0.21380E-05
 2367    0.21320E-05
 2368    0.21260E-05
 2369    0.21201E-05
 2370    0.21141E-05
 2371    0.21082E-05
 2372    0.21023E-05
 2373    0.20964E-05
 2374    0.20905E-05
 2375    0.20847E-05
 2376    0.20789E-05
 2377    0.20730E-05
 2378    0.20672E-05
 2379    0.20614E-05
 2380    0.20557E-05
 2381    0.20499E-05
 2382    0.20442E-05
 2383    0.20384E-05
 2384    0.20327E-05
 2385    0.20270E-05
 2386    0.20213E-05
 2387    0.20157E-05
 2388    0.20100E-05
 2389    0.20044E-05
 2390    0.19988E-05
 2391    0.19932E-05
 2392    0.19876E-05
 2393    0.19820E-05
 2394    0.19765E-05
 2395    0.19709E-05
 2396    0.19654E-05
 2397    0.19599E-05
 2398    0.19544E-05
 2399    0.19490E-05
 2400    0.19435E-05
 2401    0.19380E-05
 2402    0.19326E-05
 2403    0.19272E-05
 2404    0.19218E-05
 2405    0.19164E-05
 2406    0.19111E-05
 2407    0.19057E-05
 2408    0.19004E-05
 2409    0.18950E-05
 2410    0.18897E-05
 2411    0.18844E-05
 2412    0.18792E-05
 2413    0.18739E-05
 2414    0.18686E-05
 2415    0.18634E-05
 2416    0.18582E-05
 2417    0.18530E-05
 2418    0.18478E-05
 2419    0.18426E-05
 2420    0.18374E-05
 2421    0.18323E-05
 2422    0.18272E-05
 2423    0.18220E-05
 2424    0.18169E-05
 2425    0.18119E-05
 2426    0.18068E-05
 2427    0.18017E-05
 2428    0.17967E-05
 2429    0.17916E-05
 2430    0.17866E-05
 2431    0.17816E-05
 2432    0.17766E-05
 2433    0.17716E-05
 2434    0.17667E-05
 2435    0.17617E-05
 2436    0.17568E-05
 2437    0.17519E-05
 2438    0.17470E-05
 2439    0.17421E-05
 2440    0.17372E-05
 2441    0.17323E-05
 2442    0.17275E-05
 2443    0.17226E-05
 2444    0.17178E-05
 2445    0.17130E-05
 2446    0.17082E-05
 2447    0.17034E-05
 2448    0.16986E-05
 2449    0.16939E-05
 2450    0.16891E-05
 2451    0.16844E-05
 2452    0.16797E-05
 2453    0.16750E-05
 2454    0.16703E-05
 2455    0.16656E-05
 2456    0.16609E-05
 2457    0.16563E-05
 2458    0.16516E-05
 2459    0.16470E-05
 2460    0.16424E-05
 2461    0.16378E-05
 2462    0.16332E-05
 2463    0.16286E-05
 2464    0.16241E-05
 2465    0.16195E-05
 2466    0.16150E-05
 2467    0.16105E-05
 2468    0.16059E-05
 2469    0.16014E-05
 2470    0.15970E-05
 2471    0.15925E-05
 2472    0.15880E-05
 2473    0.15836E-05
 2474    0.15791E-05
 2475    0.15747E-05
 2476    0.15703E-05
 2477    0.15659E-05
 2478    0.15615E-05
 2479    0.15571E-05
 2480    0.15528E-05
 2481    0.15484E-05
 2482    0.15441E-05
 2483    0.15398E-05
 2484    0.15354E-05
 2485    0.15311E-05
 2486    0.15268E-05
 2487    0.15226E-05
 2488    0.15183E-05
 2489    0.15141E-05
 2490    0.15098E-05
 2491    0.15056E-05
 2492    0.15014E-05
 2493    0.14972E-05
 2494    0.14930E-05
 2495    0.14888E-05
 2496    0.14846E-05
 2497    0.14804E-05
 2498    0.14763E-05
 2499    0.14722E-05
 2500    0.14680E-05
 2501    0.14639E-05
 2502    0.14598E-05
 2503    0.14557E-05
 2504    0.14517E-05
 2505    0.14476E-05
 2506    0.14435E-05
 2507    0.14395E-05
 2508    0.14355E-05
 2509    0.14314E-05
 2510    0.14274E-05
 2511    0.14234E-05
 2512    0.14194E-05
 2513    0.14155E-05
 2514    0.14115E-05
 2515    0.14075E-05
 2516    0.14036E-05
 2517    0.13997E-05
 2518    0.13957E-05
 2519    0.13918E-05
 2520    0.13879E-05
 2521    0.13840E-05
 2522    0.13802E-05
 2523    0.13763E-05
 2524    0.13724E-05
 2525    0.13686E-05
 2526    0.13648E-05
 2527    0.13609E-05
 2528    0.13571E-05
 2529    0.13533E-05
 2530    0.13495E-05
 2531    0.13457E-05
 2532    0.13420E-05
 2533    0.13382E-05
 2534    0.13345E-05
 2535    0.13307E-05
 2536    0.13270E-05
 2537    0.13233E-05
 2538    0.13196E-05
 2539    0.13159E-05
 2540    0.13122E-05
 2541    0.13085E-05
 2542    0.13048E-05
 2543    0.13012E-05
 2544    0.12975E-05
 2545    0.12939E-05
 2546    0.12903E-05
 2547    0.12867E-05
 2548    0.12831E-05
 2549    0.12795E-05
 2550    0.12759E-05
 2551    0.12723E-05
 2552    0.12687E-05
 2553    0.12652E-05
 2554    0.12616E-05
 2555    0.12581E-05
 2556    0.12546E-05
 2557    0.12511E-05
 2558    0.12476E-05
 2559    0.12441E-05
 2560    0.12406E-05
 2561    0.12371E-05
 2562    0.12336E-05
 2563    0.12302E-05
 2564    0.12267E-05
 2565    0.12233E-05
 2566    0.12199E-05
 2567    0.12164E-05
 2568    0.12130E-05
 2569    0.12096E-05
 2570    0.12062E-05
 2571    0.12029E-05
 2572    0.11995E-05
 2573    0.11961E-05
 2574    0.11928E-05
 2575    0.11894E-05
 2576    0.11861E-05
 2577    0.11828E-05
 2578    0.11795E-05
 2579    0.11762E-05
 2580    0.11729E-05
 2581    0.11696E-05
 2582    0.11663E-05
 2583    0.11630E-05
 2584    0.11598E-05
 2585    0.11565E-05
 2586    0.11533E-05
 2587    0.11501E-05
 2588    0.11468E-05
 2589    0.11436E-05
 2590    0.11404E-05
 2591    0.11372E-05
 2592    0.11340E-05
 2593    0.11309E-05
 2594    0.11277E-05
 2595    0.11245E-05
 2596    0.11214E-05
 2597    0.11182E-05
 2598    0.11151E-05
 2599    0.11120E-05
 2600    0.11089E-05
 2601    0.11058E-05
 2602    0.11027E-05
 2603    0.10996E-05
 2604    0.10965E-05
 2605    0.10934E-05
 2606    0.10903E-05
 2607    0.10873E-05
 2608    0.10842E-05
 2609    0.10812E-05
 2610    0.10782E-05
 2611    0.10752E-05
 2612    0.10721E-05
 2613    0.10691E-05
 2614    0.10661E-05
 2615    0.10632E-05
 2616    0.10602E-05
 2617    0.10572E-05
 2618    0.10542E-05
 2619    0.10513E-05
 2620    0.10483E-05
 2621    0.10454E-05
 2622    0.10425E-05
 2623    0.10396E-05
 2624    0.10366E-05
 2625    0.10337E-05
 2626    0.10308E-05
 2627    0.10280E-05
 2628    0.10251E-05
 2629    0.10222E-05
 2630    0.10193E-05
 2631    0.10165E-05
 2632    0.10136E-05
 2633    0.10108E-05
 2634    0.10080E-05
 2635    0.10051E-05
 2636    0.10023E-05
 2637    0.99951E-06
 2638    0.99671E-06
 2639    0.99392E-06
 2640    0.99113E-06
 2641    0.98835E-06
 2642    0.98558E-06
 2643    0.98282E-06
 2644    0.98007E-06
 2645    0.97732E-06
 2646    0.97458E-06
 2647    0.97185E-06
 2648    0.96913E-06
 2649    0.96641E-06
 2650    0.96370E-06
 2651    0.96100E-06
 2652    0.95831E-06
 2653    0.95563E-06
 2654    0.95295E-06
 2655    0.95028E-06
 2656    0.94761E-06
 2657    0.94496E-06
 2658    0.94231E-06
 2659    0.93967E-06
 2660    0.93704E-06
 2661    0.93441E-06
 2662    0.93179E-06
 2663    0.92918E-06
 2664    0.92658E-06
 2665    0.92398E-06
 2666    0.92139E-06
 2667    0.91881E-06
 2668    0.91624E-06
 2669    0.91367E-06
 2670    0.91111E-06
 2671    0.90855E-06
 2672    0.90601E-06
 2673    0.90347E-06
 2674    0.90094E-06
 2675    0.89841E-06
 2676    0.89590E-06
 2677    0.89339E-06
 2678    0.89088E-06
 2679    0.88839E-06
 2680    0.88590E-06
 2681    0.88341E-06
 2682    0.88094E-06
 2683    0.87847E-06
 2684    0.87601E-06
 2685    0.87355E-06
 2686    0.87110E-06
 2687    0.86866E-06
 2688    0.86623E-06
 2689    0.86380E-06
 2690    0.86138E-06
 2691    0.85897E-06
 2692    0.85656E-06
 2693    0.85416E-06
 2694    0.85177E-06
 2695    0.84938E-06
 2696    0.84700E-06
 2697    0.84463E-06
 2698    0.84226E-06
 2699    0.83990E-06
 2700    0.83754E-06
 2701    0.83520E-06
 2702    0.83286E-06
 2703    0.83052E-06
 2704    0.82820E-06
 2705    0.82587E-06
 2706    0.82356E-06
 2707    0.82125E-06
 2708    0.81895E-06
 2709    0.81666E-06
 2710    0.81437E-06
 2711    0.81209E-06
 2712    0.80981E-06
 2713    0.80754E-06
 2714    0.80528E-06
 2715    0.80302E-06
 2716    0.80077E-06
 2717    0.79853E-06
 2718    0.79629E-06
 2719    0.79406E-06
 2720    0.79183E-06
 2721    0.78961E-06
 2722    0.78740E-06
 2723    0.78519E-06
 2724    0.78299E-06
 2725    0.78080E-06
 2726    0.77861E-06
 2727    0.77643E-06
 2728    0.77425E-06
 2729    0.77208E-06
 2730    0.76992E-06
 2731    0.76776E-06
 2732    0.76561E-06
 2733    0.76346E-06
 2734    0.76133E-06
 2735    0.75919E-06
 2736    0.75706E-06
 2737    0.75494E-06
 2738    0.75283E-06
 2739    0.75072E-06
 2740    0.74861E-06
 2741    0.74652E-06
 2742    0.74442E-06
 2743    0.74234E-06
 2744    0.74026E-06
 2745    0.73818E-06
 2746    0.73611E-06
 2747    0.73405E-06
 2748    0.73199E-06
 2749    0.72994E-06
 2750    0.72790E-06
 2751    0.72586E-06
 2752    0.72382E-06
 2753    0.72179E-06
 2754    0.71977E-06
 2755    0.71775E-06
 2756    0.71574E-06
 2757    0.71374E-06
 2758    0.71174E-06
 2759    0.70974E-06
 2760    0.70775E-06
 2761    0.70577E-06
 2762    0.70379E-06
 2763    0.70182E-06
 2764    0.69985E-06
 2765    0.69789E-06
 2766    0.69594E-06
 2767    0.69399E-06
 2768    0.69204E-06
 2769    0.69010E-06
 2770    0.68817E-06
 2771    0.68624E-06
 2772    0.68432E-06
 2773    0.68240E-06
 2774    0.68049E-06
 2775    0.67858E-06
 2776    0.67668E-06
 2777    0.67478E-06
 2778    0.67289E-06
 2779    0.67100E-06
 2780    0.66912E-06
 2781    0.66725E-06
 2782    0.66538E-06
 2783    0.66351E-06
 2784    0.66165E-06
 2785    0.65980E-06
 2786    0.65795E-06
 2787    0.65611E-06
 2788    0.65427E-06
 2789    0.65244E-06
 2790    0.65061E-06
 2791    0.64878E-06
 2792    0.64697E-06
 2793    0.64515E-06
 2794    0.64334E-06
 2795    0.64154E-06
 2796    0.63974E-06
 2797    0.63795E-06
 2798    0.63616E-06
 2799    0.63438E-06
 2800    0.63260E-06
 2801    0.63083E-06
 2802    0.62906E-06
 2803    0.62730E-06
 2804    0.62554E-06
 2805    0.62379E-06
 2806    0.62204E-06
 2807    0.62030E-06
 2808    0.61856E-06
 2809    0.61682E-06
 2810    0.61510E-06
 2811    0.61337E-06
 2812    0.61165E-06
 2813    0.60994E-06
 2814    0.60823E-06
 2815    0.60652E-06
 2816    0.60482E-06
 2817    0.60313E-06
 2818    0.60144E-06
 2819    0.59975E-06
 2820    0.59807E-06
 2821    0.59640E-06
 2822    0.59473E-06
 2823    0.59306E-06
 2824    0.59140E-06
 2825    0.58974E-06
 2826    0.58809E-06
 2827    0.58644E-06
 2828    0.58480E-06
 2829    0.58316E-06
 2830    0.58152E-06
 2831    0.57989E-06
 2832    0.57827E-06
 2833    0.57665E-06
 2834    0.57503E-06
 2835    0.57342E-06
 2836    0.57181E-06
 2837    0.57021E-06
 2838    0.56861E-06
 2839    0.56702E-06
 2840    0.56543E-06
 2841    0.56384E-06
 2842    0.56226E-06
 2843    0.56069E-06
 2844    0.55912E-06
 2845    0.55755E-06
 2846    0.55599E-06
 2847    0.55443E-06
 2848    0.55288E-06
 2849    0.55133E-06
 2850    0.54978E-06
 2851    0.54824E-06
 2852    0.54670E-06
 2853    0.54517E-06
 2854    0.54364E-06
 2855    0.54212E-06
 2856    0.54060E-06
 2857    0.53909E-06
 2858    0.53757E-06
 2859    0.53607E-06
 2860    0.53457E-06
 2861    0.53307E-06
 2862    0.53157E-06
 2863    0.53008E-06
 2864    0.52860E-06
 2865    0.52712E-06
 2866    0.52564E-06
 2867    0.52417E-06
 2868    0.52270E-06
 2869    0.52123E-06
 2870    0.51977E-06
 2871    0.51832E-06
 2872    0.51686E-06
 2873    0.51541E-06
 2874    0.51397E-06
 2875    0.51253E-06
 2876    0.51109E-06
 2877    0.50966E-06
 2878    0.50823E-06
 2879    0.50681E-06
 2880    0.50539E-06
 2881    0.50397E-06
 2882    0.50256E-06
 2883    0.50115E-06
 2884    0.49975E-06
 2885    0.49835E-06
 2886    0.49695E-06
 2887    0.49556E-06
 2888    0.49417E-06
 2889    0.49278E-06
 2890    0.49140E-06
 2891    0.49002E-06
 2892    0.48865E-06
 2893    0.48728E-06
 2894    0.48592E-06
 2895    0.48455E-06
 2896    0.48320E-06
 2897    0.48184E-06
 2898    0.48049E-06
 2899    0.47914E-06
 2900    0.47780E-06
 2901    0.47646E-06
 2902    0.47513E-06
 2903    0.47380E-06
 2904    0.47247E-06
 2905    0.47114E-06
 2906    0.46982E-06
 2907    0.46851E-06
 2908    0.46719E-06
 2909    0.46588E-06
 2910    0.46458E-06
 2911    0.46328E-06
 2912    0.46198E-06
 2913    0.46068E-06
 2914    0.45939E-06
 2915    0.45810E-06
 2916    0.45682E-06
 2917    0.45554E-06
 2918    0.45426E-06
 2919    0.45299E-06
 2920    0.45172E-06
 2921    0.45045E-06
 2922    0.44919E-06
 2923    0.44793E-06
 2924    0.44668E-06
 2925    0.44543E-06
 2926    0.44418E-06
 2927    0.44293E-06
 2928    0.44169E-06
 2929    0.44045E-06
 2930    0.43922E-06
 2931    0.43799E-06
 2932    0.43676E-06
 2933    0.43554E-06
 2934    0.43432E-06
 2935    0.43310E-06
 2936    0.43189E-06
 2937    0.43067E-06
 2938    0.42947E-06
 2939    0.42826E-06
 2940    0.42706E-06
 2941    0.42587E-06
 2942    0.42467E-06
 2943    0.42348E-06
 2944    0.42230E-06
 2945    0.42111E-06
 2946    0.41993E-06
 2947    0.41876E-06
 2948    0.41758E-06
 2949    0.41641E-06
 2950    0.41524E-06
 2951    0.41408E-06
 2952    0.41292E-06
 2953    0.41176E-06
 2954    0.41061E-06
 2955    0.40946E-06
 2956    0.40831E-06
 2957    0.40717E-06
 2958    0.40603E-06
 2959    0.40489E-06
 2960    0.40375E-06
 2961    0.40262E-06
 2962    0.40149E-06
 2963    0.40037E-06
 2964    0.39925E-06
 2965    0.39813E-06
 2966    0.39701E-06
 2967    0.39590E-06
 2968    0.39479E-06
 2969    0.39368E-06
 2970    0.39258E-06
 2971    0.39148E-06
 2972    0.39038E-06
 2973    0.38929E-06
 2974    0.38820E-06
 2975    0.38711E-06
 2976    0.38602E-06
 2977    0.38494E-06
 2978    0.38386E-06
 2979    0.38279E-06
 2980    0.38171E-06
 2981    0.38064E-06
 2982    0.37958E-06
 2983    0.37851E-06
 2984    0.37745E-06
 2985    0.37639E-06
 2986    0.37534E-06
 2987    0.37429E-06
 2988    0.37324E-06
 2989    0.37219E-06
 2990    0.37115E-06
 2991    0.37011E-06
 2992    0.36907E-06
 2993    0.36804E-06
 2994    0.36701E-06
 2995    0.36598E-06
 2996    0.36495E-06
 2997    0.36393E-06
 2998    0.36291E-06
 2999    0.36189E-06
 3000    0.36088E-06
 3001    0.35987E-06
 3002    0.35886E-06
 3003    0.35785E-06
 3004    0.35685E-06
 3005    0.35585E-06
 3006    0.35485E-06
 3007    0.35386E-06
 3008    0.35286E-06
 3009    0.35188E-06
 3010    0.35089E-06
 3011    0.34991E-06
 3012    0.34893E-06
 3013    0.34795E-06
 3014    0.34697E-06
 3015    0.34600E-06
 3016    0.34503E-06
 3017    0.34406E-06
 3018    0.34310E-06
 3019    0.34214E-06
 3020    0.34118E-06
 3021    0.34022E-06
 3022    0.33927E-06
 3023    0.33832E-06
 3024    0.33737E-06
 3025    0.33642E-06
 3026    0.33548E-06
 3027    0.33454E-06
 3028    0.33360E-06
 3029    0.33267E-06
 3030    0.33174E-06
 3031    0.33081E-06
 3032    0.32988E-06
 3033    0.32895E-06
 3034    0.32803E-06
 3035    0.32711E-06
 3036    0.32620E-06
 3037    0.32528E-06
 3038    0.32437E-06
 3039    0.32346E-06
 3040    0.32255E-06
 3041    0.32165E-06
 3042    0.32075E-06
 3043    0.31985E-06
 3044    0.31895E-06
 3045    0.31806E-06
 3046    0.31717E-06
 3047    0.31628E-06
 3048    0.31539E-06
 3049    0.31451E-06
 3050    0.31363E-06
 3051    0.31275E-06
 3052    0.31187E-06
 3053    0.31100E-06
 3054    0.31013E-06
 3055    0.30926E-06
 3056    0.30839E-06
 3057    0.30753E-06
 3058    0.30666E-06
 3059    0.30580E-06
 3060    0.30495E-06
 3061    0.30409E-06
 3062    0.30324E-06
 3063    0.30239E-06
 3064    0.30154E-06
 3065    0.30070E-06
 3066    0.29986E-06
 3067    0.29902E-06
 3068    0.29818E-06
 3069    0.29734E-06
 3070    0.29651E-06
 3071    0.29568E-06
 3072    0.29485E-06
 3073    0.29402E-06
 3074    0.29320E-06
 3075    0.29238E-06
 3076    0.29156E-06
 3077    0.29074E-06
 3078    0.28992E-06
 3079    0.28911E-06
 3080    0.28830E-06
 3081    0.28749E-06
 3082    0.28669E-06
 3083    0.28588E-06
 3084    0.28508E-06
 3085    0.28428E-06
 3086    0.28349E-06
 3087    0.28269E-06
 3088    0.28190E-06
 3089    0.28111E-06
 3090    0.28032E-06
 3091    0.27954E-06
 3092    0.27875E-06
 3093    0.27797E-06
 3094    0.27719E-06
 3095    0.27642E-06
 3096    0.27564E-06
 3097    0.27487E-06
 3098    0.27410E-06
 3099    0.27333E-06
 3100    0.27256E-06
 3101    0.27180E-06
 3102    0.27104E-06
 3103    0.27028E-06
 3104    0.26952E-06
 3105    0.26877E-06
 3106    0.26801E-06
 3107    0.26726E-06
 3108    0.26651E-06
 3109    0.26577E-06
 3110    0.26502E-06
 3111    0.26428E-06
 3112    0.26354E-06
 3113    0.26280E-06
 3114    0.26206E-06
 3115    0.26133E-06
 3116    0.26059E-06
 3117    0.25986E-06
 3118    0.25914E-06
 3119    0.25841E-06
 3120    0.25769E-06
 3121    0.25696E-06
 3122    0.25624E-06
 3123    0.25552E-06
 3124    0.25481E-06
 3125    0.25409E-06
 3126    0.25338E-06
 3127    0.25267E-06
 3128    0.25196E-06
 3129    0.25126E-06
 3130    0.25055E-06
 3131    0.24985E-06
 3132    0.24915E-06
 3133    0.24845E-06
 3134    0.24776E-06
 3135    0.24706E-06
 3136    0.24637E-06
 3137    0.24568E-06
 3138    0.24499E-06
 3139    0.24430E-06
 3140    0.24362E-06
 3141    0.24294E-06
 3142    0.24226E-06
 3143    0.24158E-06
 3144    0.24090E-06
 3145    0.24022E-06
 3146    0.23955E-06
 3147    0.23888E-06
 3148    0.23821E-06
 3149    0.23754E-06
 3150    0.23688E-06
 3151    0.23621E-06
 3152    0.23555E-06
 3153    0.23489E-06
 3154    0.23423E-06
 3155    0.23358E-06
 3156    0.23292E-06
 3157    0.23227E-06
 3158    0.23162E-06
 3159    0.23097E-06
 3160    0.23032E-06
 3161    0.22968E-06
 3162    0.22903E-06
 3163    0.22839E-06
 3164    0.22775E-06
 3165    0.22711E-06
 3166    0.22647E-06
 3167    0.22584E-06
 3168    0.22521E-06
 3169    0.22458E-06
 3170    0.22395E-06
 3171    0.22332E-06
 3172    0.22269E-06
 3173    0.22207E-06
 3174    0.22145E-06
 3175    0.22083E-06
 3176    0.22021E-06
 3177    0.21959E-06
 3178    0.21897E-06
 3179    0.21836E-06
 3180    0.21775E-06
 3181    0.21714E-06
 3182    0.21653E-06
 3183    0.21592E-06
 3184    0.21532E-06
 3185    0.21471E-06
 3186    0.21411E-06
 3187    0.21351E-06
 3188    0.21291E-06
 3189    0.21232E-06
 3190    0.21172E-06
 3191    0.21113E-06
 3192    0.21054E-06
 3193    0.20995E-06
 3194    0.20936E-06
 3195    0.20877E-06
 3196    0.20819E-06
 3197    0.20760E-06
 3198    0.20702E-06
 3199    0.20644E-06
 3200    0.20586E-06
 3201    0.20528E-06
 3202    0.20471E-06
 3203    0.20414E-06
 3204    0.20356E-06
 3205    0.20299E-06
 3206    0.20242E-06
 3207    0.20186E-06
 3208    0.20129E-06
 3209    0.20073E-06
 3210    0.20016E-06
 3211    0.19960E-06
 3212    0.19904E-06
 3213    0.19849E-06
 3214    0.19793E-06
 3215    0.19737E-06
 3216    0.19682E-06
 3217    0.19627E-06
 3218    0.19572E-06
 3219    0.19517E-06
 3220    0.19462E-06
 3221    0.19408E-06
 3222    0.19353E-06
 3223    0.19299E-06
 3224    0.19245E-06
 3225    0.19191E-06
 3226    0.19137E-06
 3227    0.19084E-06
 3228    0.19030E-06
 3229    0.18977E-06
 3230    0.18924E-06
 3231    0.18871E-06
 3232    0.18818E-06
 3233    0.18765E-06
 3234    0.18712E-06
 3235    0.18660E-06
 3236    0.18608E-06
 3237    0.18556E-06
 3238    0.18504E-06
 3239    0.18452E-06
 3240    0.18400E-06
 3241    0.18348E-06
 3242    0.18297E-06
 3243    0.18246E-06
 3244    0.18195E-06
 3245    0.18144E-06
 3246    0.18093E-06
 3247    0.18042E-06
 3248    0.17991E-06
 3249    0.17941E-06
 3250    0.17891E-06
 3251    0.17841E-06
 3252    0.17791E-06
 3253    0.17741E-06
 3254    0.17691E-06
 3255    0.17641E-06
 3256    0.17592E-06
 3257    0.17543E-06
 3258    0.17493E-06
 3259    0.17444E-06
 3260    0.17396E-06
 3261    0.17347E-06
 3262    0.17298E-06
 3263    0.17250E-06
 3264    0.17201E-06
 3265    0.17153E-06
 3266    0.17105E-06
 3267    0.17057E-06
 3268    0.17009E-06
 3269    0.16962E-06
 3270    0.16914E-06
 3271    0.16867E-06
 3272    0.16819E-06
 3273    0.16772E-06
 3274    0.16725E-06
 3275    0.16678E-06
 3276    0.16632E-06
 3277    0.16585E-06
 3278    0.16539E-06
 3279    0.16492E-06
 3280    0.16446E-06
 3281    0.16400E-06
 3282    0.16354E-06
 3283    0.16308E-06
 3284    0.16262E-06
 3285    0.16217E-06
 3286    0.16171E-06
 3287    0.16126E-06
 3288    0.16081E-06
 3289    0.16036E-06
 3290    0.15991E-06
 3291    0.15946E-06
 3292    0.15901E-06
 3293    0.15857E-06
 3294    0.15812E-06
 3295    0.15768E-06
 3296    0.15724E-06
 3297    0.15680E-06
 3298    0.15636E-06
 3299    0.15592E-06
 3300    0.15548E-06
 3301    0.15505E-06
 3302    0.15461E-06
 3303    0.15418E-06
 3304    0.15375E-06
 3305    0.15332E-06
 3306    0.15289E-06
 3307    0.15246E-06
 3308    0.15203E-06
 3309    0.15160E-06
 3310    0.15118E-06
 3311    0.15075E-06
 3312    0.15033E-06
 3313    0.14991E-06
 3314    0.14949E-06
 3315    0.14907E-06
 3316    0.14865E-06
 3317    0.14824E-06
 3318    0.14782E-06
 3319    0.14741E-06
 3320    0.14699E-06
 3321    0.14658E-06
 3322    0.14617E-06
 3323    0.14576E-06
 3324    0.14535E-06
 3325    0.14495E-06
 3326    0.14454E-06
 3327    0.14413E-06
 3328    0.14373E-06
 3329    0.14333E-06
 3330    0.14293E-06
 3331    0.14253E-06
 3332    0.14213E-06
 3333    0.14173E-06
 3334    0.14133E-06
 3335    0.14093E-06
 3336    0.14054E-06
 3337    0.14015E-06
 3338    0.13975E-06
 3339    0.13936E-06
 3340    0.13897E-06
 3341    0.13858E-06
 3342    0.13819E-06
 3343    0.13780E-06
 3344    0.13742E-06
 3345    0.13703E-06
 3346    0.13665E-06
 3347    0.13627E-06
 3348    0.13588E-06
 3349    0.13550E-06
 3350    0.13512E-06
 3351    0.13474E-06
 3352    0.13437E-06
 3353    0.13399E-06
 3354    0.13362E-06
 3355    0.13324E-06
 3356    0.13287E-06
 3357    0.13249E-06
 3358    0.13212E-06
 3359    0.13175E-06
 3360    0.13138E-06
 3361    0.13102E-06
 3362    0.13065E-06
 3363    0.13028E-06
 3364    0.12992E-06
 3365    0.12955E-06
 3366    0.12919E-06
 3367    0.12883E-06
 3368    0.12847E-06
 3369    0.12811E-06
 3370    0.12775E-06
 3371    0.12739E-06
 3372    0.12703E-06
 3373    0.12668E-06
 3374    0.12632E-06
 3375    0.12597E-06
 3376    0.12561E-06
 3377    0.12526E-06
 3378    0.12491E-06
 3379    0.12456E-06
 3380    0.12421E-06
 3381    0.12386E-06
 3382    0.12352E-06
 3383    0.12317E-06
 3384    0.12282E-06
 3385    0.12248E-06
 3386    0.12214E-06
 3387    0.12180E-06
 3388    0.12145E-06
 3389    0.12111E-06
 3390    0.12077E-06
 3391    0.12044E-06
 3392    0.12010E-06
 3393    0.11976E-06
 3394    0.11943E-06
 3395    0.11909E-06
 3396    0.11876E-06
 3397    0.11842E-06
 3398    0.11809E-06
 3399    0.11776E-06
 3400    0.11743E-06
 3401    0.11710E-06
 3402    0.11677E-06
 3403    0.11645E-06
 3404    0.11612E-06
 3405    0.11579E-06
 3406    0.11547E-06
 3407    0.11515E-06
 3408    0.11482E-06
 3409    0.11450E-06
 3410    0.11418E-06
 3411    0.11386E-06
 3412    0.11354E-06
 3413    0.11322E-06
 3414    0.11291E-06
 3415    0.11259E-06
 3416    0.11227E-06
 3417    0.11196E-06
 3418    0.11165E-06
 3419    0.11133E-06
 3420    0.11102E-06
 3421    0.11071E-06
 3422    0.11040E-06
 3423    0.11009E-06
 3424    0.10978E-06
 3425    0.10947E-06
 3426    0.10917E-06
 3427    0.10886E-06
 3428    0.10856E-06
 3429    0.10825E-06
 3430    0.10795E-06
 3431    0.10765E-06
 3432    0.10734E-06
 3433    0.10704E-06
 3434    0.10674E-06
 3435    0.10644E-06
 3436    0.10615E-06
 3437    0.10585E-06
 3438    0.10555E-06
 3439    0.10526E-06
 3440    0.10496E-06
 3441    0.10467E-06
 3442    0.10437E-06
 3443    0.10408E-06
 3444    0.10379E-06
 3445    0.10350E-06
 3446    0.10321E-06
 3447    0.10292E-06
 3448    0.10263E-06
 3449    0.10234E-06
 3450    0.10205E-06
 3451    0.10177E-06
 3452    0.10148E-06
 3453    0.10120E-06
 3454    0.10092E-06
 3455    0.10063E-06
 3456    0.10035E-06
 3457    0.10007E-06
 3458    0.99789E-07
 3459    0.99509E-07
 3460    0.99230E-07
 3461    0.98952E-07
 3462    0.98675E-07
 3463    0.98398E-07
 3464    0.98122E-07
 3465    0.97847E-07
 3466    0.97573E-07
 3467    0.97300E-07
 3468    0.97027E-07
 3469    0.96755E-07
 3470    0.96484E-07
 3471    0.96213E-07
 3472    0.95944E-07
 3473    0.95675E-07
 3474    0.95407E-07
 3475    0.95139E-07
 3476    0.94873E-07
 3477    0.94607E-07
 3478    0.94341E-07
 3479    0.94077E-07
 3480    0.93813E-07
 3481    0.93550E-07
 3482    0.93288E-07
 3483    0.93027E-07
 3484    0.92766E-07
 3485    0.92506E-07
 3486    0.92247E-07
 3487    0.91988E-07
 3488    0.91730E-07
 3489    0.91473E-07
 3490    0.91217E-07
 3491    0.90961E-07
 3492    0.90706E-07
 3493    0.90452E-07
 3494    0.90198E-07
 3495    0.89946E-07
 3496    0.89693E-07
 3497    0.89442E-07
 3498    0.89191E-07
 3499    0.88941E-07
 3500    0.88692E-07
 3501    0.88444E-07
 3502    0.88196E-07
 3503    0.87948E-07
 3504    0.87702E-07
 3505    0.87456E-07
 3506    0.87211E-07
 3507    0.86967E-07
 3508    0.86723E-07
 3509    0.86480E-07
 3510    0.86237E-07
 3511    0.85996E-07
 3512    0.85755E-07
 3513    0.85514E-07
 3514    0.85275E-07
 3515    0.85035E-07
 3516    0.84797E-07
 3517    0.84559E-07
 3518    0.84322E-07
 3519    0.84086E-07
 3520    0.83850E-07
 3521    0.83615E-07
 3522    0.83381E-07
 3523    0.83147E-07
 3524    0.82914E-07
 3525    0.82682E-07
 3526    0.82450E-07
 3527    0.82219E-07
 3528    0.81989E-07
 3529    0.81759E-07
 3530    0.81530E-07
 3531    0.81301E-07
 3532    0.81073E-07
 3533    0.80846E-07
 3534    0.80619E-07
 3535    0.80393E-07
 3536    0.80168E-07
 3537    0.79943E-07
 3538    0.79719E-07
 3539    0.79496E-07
 3540    0.79273E-07
 3541    0.79051E-07
 3542    0.78829E-07
 3543    0.78608E-07
 3544    0.78388E-07
 3545    0.78168E-07
 3546    0.77949E-07
 3547    0.77731E-07
 3548    0.77513E-07
 3549    0.77296E-07
 3550    0.77079E-07
 3551    0.76863E-07
 3552    0.76647E-07
 3553    0.76433E-07
 3554    0.76218E-07
 3555    0.76005E-07
 3556    0.75792E-07
 3557    0.75579E-07
 3558    0.75367E-07
 3559    0.75156E-07
 3560    0.74946E-07
 3561    0.74735E-07
 3562    0.74526E-07
 3563    0.74317E-07
 3564    0.74109E-07
 3565    0.73901E-07
 3566    0.73694E-07
 3567    0.73487E-07
 3568    0.73281E-07
 3569    0.73076E-07
 3570    0.72871E-07
 3571    0.72667E-07
 3572    0.72463E-07
 3573    0.72260E-07
 3574    0.72058E-07
 3575    0.71856E-07
 3576    0.71654E-07
 3577    0.71453E-07
 3578    0.71253E-07
 3579    0.71053E-07
 3580    0.70854E-07
 3581    0.70656E-07
 3582    0.70458E-07
 3583    0.70260E-07
 3584    0.70063E-07
 3585    0.69867E-07
 3586    0.69671E-07
 3587    0.69476E-07
 3588    0.69281E-07
 3589    0.69087E-07
 3590    0.68893E-07
 3591    0.68700E-07
 3592    0.68508E-07
 3593    0.68315E-07
 3594    0.68124E-07
 3595    0.67933E-07
 3596    0.67743E-07
 3597    0.67553E-07
 3598    0.67363E-07
 3599    0.67175E-07
 3600    0.66986E-07
 3601    0.66799E-07
 3602    0.66611E-07
 3603    0.66425E-07
 3604    0.66238E-07
 3605    0.66053E-07
 3606    0.65868E-07
 3607    0.65683E-07
 3608    0.65499E-07
 3609    0.65315E-07
 3610    0.65132E-07
 3611    0.64950E-07
 3612    0.64768E-07
 3613    0.64586E-07
 3614    0.64405E-07
 3615    0.64225E-07
 3616    0.64045E-07
 3617    0.63865E-07
 3618    0.63686E-07
 3619    0.63508E-07
 3620    0.63330E-07
 3621    0.63152E-07
 3622    0.62975E-07
 3623    0.62799E-07
 3624    0.62623E-07
 3625    0.62447E-07
 3626    0.62272E-07
 3627    0.62097E-07
 3628    0.61923E-07
 3629    0.61750E-07
 3630    0.61577E-07
 3631    0.61404E-07
 3632    0.61232E-07
 3633    0.61060E-07
 3634    0.60889E-07
 3635    0.60719E-07
 3636    0.60548E-07
 3637    0.60379E-07
 3638    0.60209E-07
 3639    0.60041E-07
 3640    0.59872E-07
 3641    0.59705E-07
 3642    0.59537E-07
 3643    0.59370E-07
 3644    0.59204E-07
 3645    0.59038E-07
 3646    0.58873E-07
 3647    0.58708E-07
 3648    0.58543E-07
 3649    0.58379E-07
 3650    0.58215E-07
 3651    0.58052E-07
 3652    0.57889E-07
 3653    0.57727E-07
 3654    0.57565E-07
 3655    0.57404E-07
 3656    0.57243E-07
 3657    0.57083E-07
 3658    0.56923E-07
 3659    0.56763E-07
 3660    0.56604E-07
 3661    0.56445E-07
 3662    0.56287E-07
 3663    0.56129E-07
 3664    0.55972E-07
 3665    0.55815E-07
 3666    0.55659E-07
 3667    0.55503E-07
 3668    0.55347E-07
 3669    0.55192E-07
 3670    0.55037E-07
 3671    0.54883E-07
 3672    0.54729E-07
 3673    0.54576E-07
 3674    0.54423E-07
 3675    0.54270E-07
 3676    0.54118E-07
 3677    0.53966E-07
 3678    0.53815E-07
 3679    0.53664E-07
 3680    0.53514E-07
 3681    0.53364E-07
 3682    0.53214E-07
 3683    0.53065E-07
 3684    0.52916E-07
 3685    0.52768E-07
 3686    0.52620E-07
 3687    0.52473E-07
 3688    0.52326E-07
 3689    0.52179E-07
 3690    0.52033E-07
 3691    0.51887E-07
 3692    0.51741E-07
 3693    0.51596E-07
 3694    0.51452E-07
 3695    0.51308E-07
 3696    0.51164E-07
 3697    0.51020E-07
 3698    0.50877E-07
 3699    0.50735E-07
 3700    0.50593E-07
 3701    0.50451E-07
 3702    0.50309E-07
 3703    0.50168E-07
 3704    0.50028E-07
 3705    0.49888E-07
 3706    0.49748E-07
 3707    0.49608E-07
 3708    0.49469E-07
 3709    0.49331E-07
 3710    0.49192E-07
 3711    0.49054E-07
 3712    0.48917E-07
 3713    0.48780E-07
 3714    0.48643E-07
 3715    0.48507E-07
 3716    0.48371E-07
 3717    0.48235E-07
 3718    0.48100E-07
 3719    0.47965E-07
 3720    0.47831E-07
 3721    0.47697E-07
 3722    0.47563E-07
 3723    0.47430E-07
 3724    0.47297E-07
 3725    0.47164E-07
 3726    0.47032E-07
 3727    0.46900E-07
 3728    0.46769E-07
 3729    0.46638E-07
 3730    0.46507E-07
 3731    0.46376E-07
 3732    0.46247E-07
 3733    0.46117E-07
 3734    0.45988E-07
 3735    0.45859E-07
 3736    0.45730E-07
 3737    0.45602E-07
 3738    0.45474E-07
 3739    0.45347E-07
 3740    0.45220E-07
 3741    0.45093E-07
 3742    0.44966E-07
 3743    0.44840E-07
 3744    0.44715E-07
 3745    0.44589E-07
 3746    0.44464E-07
 3747    0.44340E-07
 3748    0.44216E-07
 3749    0.44092E-07
 3750    0.43968E-07
 3751    0.43845E-07
 3752    0.43722E-07
 3753    0.43599E-07
 3754    0.43477E-07
 3755    0.43355E-07
 3756    0.43234E-07
 3757    0.43113E-07
 3758    0.42992E-07
 3759    0.42871E-07
 3760    0.42751E-07
 3761    0.42631E-07
 3762    0.42512E-07
 3763    0.42393E-07
 3764    0.42274E-07
 3765    0.42155E-07
 3766    0.42037E-07
 3767    0.41919E-07
 3768    0.41802E-07
 3769    0.41685E-07
 3770    0.41568E-07
 3771    0.41451E-07
 3772    0.41335E-07
 3773    0.41219E-07
 3774    0.41104E-07
 3775    0.40989E-07
 3776    0.40874E-07
 3777    0.40759E-07
 3778    0.40645E-07
 3779    0.40531E-07
 3780    0.40417E-07
 3781    0.40304E-07
 3782    0.40191E-07
 3783    0.40078E-07
 3784    0.39966E-07
 3785    0.39854E-07
 3786    0.39742E-07
 3787    0.39631E-07
 3788    0.39520E-07
 3789    0.39409E-07
 3790    0.39299E-07
 3791    0.39188E-07
 3792    0.39079E-07
 3793    0.38969E-07
 3794    0.38860E-07
 3795    0.38751E-07
 3796    0.38642E-07
 3797    0.38534E-07
 3798    0.38426E-07
 3799    0.38318E-07
 3800    0.38211E-07
 3801    0.38104E-07
 3802    0.37997E-07
 3803    0.37890E-07
 3804    0.37784E-07
 3805    0.37678E-07
 3806    0.37573E-07
 3807    0.37467E-07
 3808    0.37362E-07
 3809    0.37258E-07
 3810    0.37153E-07
 3811    0.37049E-07
 3812    0.36945E-07
 3813    0.36842E-07
 3814    0.36738E-07
 3815    0.36635E-07
 3816    0.36533E-07
 3817    0.36430E-07
 3818    0.36328E-07
 3819    0.36226E-07
 3820    0.36125E-07
 3821    0.36024E-07
 3822    0.35923E-07
 3823    0.35822E-07
 3824    0.35722E-07
 3825    0.35621E-07
 3826    0.35522E-07
 3827    0.35422E-07
 3828    0.35323E-07
 3829    0.35224E-07
 3830    0.35125E-07
 3831    0.35027E-07
 3832    0.34928E-07
 3833    0.34831E-07
 3834    0.34733E-07
 3835    0.34636E-07
 3836    0.34538E-07
 3837    0.34442E-07
 3838    0.34345E-07
 3839    0.34249E-07
 3840    0.34153E-07
 3841    0.34057E-07
 3842    0.33962E-07
 3843    0.33866E-07
 3844    0.33772E-07
 3845    0.33677E-07
 3846    0.33582E-07
 3847    0.33488E-07
 3848    0.33395E-07
 3849    0.33301E-07
 3850    0.33208E-07
 3851    0.33114E-07
 3852    0.33022E-07
 3853    0.32929E-07
 3854    0.32837E-07
 3855    0.32745E-07
 3856    0.32653E-07
 3857    0.32561E-07
 3858    0.32470E-07
 3859    0.32379E-07
 3860    0.32288E-07
 3861    0.32198E-07
 3862    0.32108E-07
 3863    0.32018E-07
 3864    0.31928E-07
 3865    0.31838E-07
 3866    0.31749E-07
 3867    0.31660E-07
 3868    0.31571E-07
 3869    0.31483E-07
 3870    0.31395E-07
 3871    0.31307E-07
 3872    0.31219E-07
 3873    0.31131E-07
 3874    0.31044E-07
 3875    0.30957E-07
 3876    0.30870E-07
 3877    0.30784E-07
 3878    0.30698E-07
 3879    0.30612E-07
 3880    0.30526E-07
 3881    0.30440E-07
 3882    0.30355E-07
 3883    0.30270E-07
 3884    0.30185E-07
 3885    0.30100E-07
 3886    0.30016E-07
 3887    0.29932E-07
 3888    0.29848E-07
 3889    0.29764E-07
 3890    0.29681E-07
 3891    0.29598E-07
 3892    0.29515E-07
 3893    0.29432E-07
 3894    0.29350E-07
 3895    0.29267E-07
 3896    0.29185E-07
 3897    0.29103E-07
 3898    0.29022E-07
 3899    0.28940E-07
 3900    0.28859E-07
 3901    0.28778E-07
 3902    0.28698E-07
 3903    0.28617E-07
 3904    0.28537E-07
 3905    0.28457E-07
 3906    0.28377E-07
 3907    0.28298E-07
 3908    0.28219E-07
 3909    0.28139E-07
 3910    0.28061E-07
 3911    0.27982E-07
 3912    0.27904E-07
 3913    0.27825E-07
 3914    0.27747E-07
 3915    0.27670E-07
 3916    0.27592E-07
 3917    0.27515E-07
 3918    0.27438E-07
 3919    0.27361E-07
 3920    0.27284E-07
 3921    0.27207E-07
 3922    0.27131E-07
 3923    0.27055E-07
 3924    0.26979E-07
 3925    0.26904E-07
 3926    0.26828E-07
 3927    0.26753E-07
 3928    0.26678E-07
 3929    0.26603E-07
 3930    0.26529E-07
 3931    0.26454E-07
 3932    0.26380E-07
 3933    0.26306E-07
 3934    0.26233E-07
 3935    0.26159E-07
 3936    0.26086E-07
 3937    0.26013E-07
 3938    0.25940E-07
 3939    0.25867E-07
 3940    0.25794E-07
 3941    0.25722E-07
 3942    0.25650E-07
 3943    0.25578E-07
 3944    0.25506E-07
 3945    0.25435E-07
 3946    0.25364E-07
 3947    0.25293E-07
 3948    0.25222E-07
 3949    0.25151E-07
 3950    0.25081E-07
 3951    0.25010E-07
 3952    0.24940E-07
 3953    0.24870E-07
 3954    0.24801E-07
 3955    0.24731E-07
 3956    0.24662E-07
 3957    0.24593E-07
 3958    0.24524E-07
 3959    0.24455E-07
 3960    0.24386E-07
 3961    0.24318E-07
 3962    0.24250E-07
 3963    0.24182E-07
 3964    0.24114E-07
 3965    0.24046E-07
 3966    0.23979E-07
 3967    0.23912E-07
 3968    0.23845E-07
 3969    0.23778E-07
 3970    0.23711E-07
 3971    0.23645E-07
 3972    0.23579E-07
 3973    0.23513E-07
 3974    0.23447E-07
 3975    0.23381E-07
 3976    0.23315E-07
 3977    0.23250E-07
 3978    0.23185E-07
 3979    0.23120E-07
 3980    0.23055E-07
 3981    0.22990E-07
 3982    0.22926E-07
 3983    0.22862E-07
 3984    0.22798E-07
 3985    0.22734E-07
 3986    0.22670E-07
 3987    0.22607E-07
 3988    0.22543E-07
 3989    0.22480E-07
 3990    0.22417E-07
 3991    0.22354E-07
 3992    0.22291E-07
 3993    0.22229E-07
 3994    0.22167E-07
 3995    0.22105E-07
 3996    0.22043E-07
 3997    0.21981E-07
 3998    0.21919E-07
 3999    0.21858E-07
 4000    0.21796E-07
 4001    0.21735E-07
 4002    0.21674E-07
 4003    0.21614E-07
 4004    0.21553E-07
 4005    0.21493E-07
 4006    0.21432E-07
 4007    0.21372E-07
 4008    0.21312E-07
 4009    0.21253E-07
 4010    0.21193E-07
 4011    0.21134E-07
 4012    0.21075E-07
 4013    0.21015E-07
 4014    0.20957E-07
 4015    0.20898E-07
 4016    0.20839E-07
 4017    0.20781E-07
 4018    0.20723E-07
 4019    0.20665E-07
 4020    0.20607E-07
 4021    0.20549E-07
 4022    0.20491E-07
 4023    0.20434E-07
 4024    0.20377E-07
 4025    0.20319E-07
 4026    0.20262E-07
 4027    0.20206E-07
 4028    0.20149E-07
 4029    0.20093E-07
 4030    0.20036E-07
 4031    0.19980E-07
 4032    0.19924E-07
 4033    0.19868E-07
 4034    0.19813E-07
 4035    0.19757E-07
 4036    0.19702E-07
 4037    0.19646E-07
 4038    0.19591E-07
 4039    0.19536E-07
 4040    0.19482E-07
 4041    0.19427E-07
 4042    0.19373E-07
 4043    0.19318E-07
 4044    0.19264E-07
 4045    0.19210E-07
 4046    0.19156E-07
 4047    0.19103E-07
 4048    0.19049E-07
 4049    0.18996E-07
 4050    0.18942E-07
 4051    0.18889E-07
 4052    0.18836E-07
 4053    0.18784E-07
 4054    0.18731E-07
 4055    0.18678E-07
 4056    0.18626E-07
 4057    0.18574E-07
 4058    0.18522E-07
 4059    0.18470E-07
 4060    0.18418E-07
 4061    0.18367E-07
 4062    0.18315E-07
 4063    0.18264E-07
 4064    0.18213E-07
 4065    0.18161E-07
 4066    0.18111E-07
 4067    0.18060E-07
 4068    0.18009E-07
 4069    0.17959E-07
 4070    0.17908E-07
 4071    0.17858E-07
 4072    0.17808E-07
 4073    0.17758E-07
 4074    0.17708E-07
 4075    0.17659E-07
 4076    0.17609E-07
 4077    0.17560E-07
 4078    0.17511E-07
 4079    0.17462E-07
 4080    0.17413E-07
 4081    0.17364E-07
 4082    0.17315E-07
 4083    0.17267E-07
 4084    0.17218E-07
 4085    0.17170E-07
 4086    0.17122E-07
 4087    0.17074E-07
 4088    0.17026E-07
 4089    0.16978E-07
 4090    0.16931E-07
 4091    0.16883E-07
 4092    0.16836E-07
 4093    0.16789E-07
 4094    0.16742E-07
 4095    0.16695E-07
 4096    0.16648E-07
 4097    0.16601E-07
 4098    0.16555E-07
 4099    0.16508E-07
 4100    0.16462E-07
 4101    0.16416E-07
 4102    0.16370E-07
 4103    0.16324E-07
 4104    0.16278E-07
 4105    0.16233E-07
 4106    0.16187E-07
 4107    0.16142E-07
 4108    0.16097E-07
 4109    0.16051E-07
 4110    0.16006E-07
 4111    0.15962E-07
 4112    0.15917E-07
 4113    0.15872E-07
 4114    0.15828E-07
 4115    0.15783E-07
 4116    0.15739E-07
 4117    0.15695E-07
 4118    0.15651E-07
 4119    0.15607E-07
 4120    0.15563E-07
 4121    0.15520E-07
 4122    0.15476E-07
 4123    0.15433E-07
 4124    0.15390E-07
 4125    0.15347E-07
 4126    0.15304E-07
 4127    0.15261E-07
 4128    0.15218E-07
 4129    0.15175E-07
 4130    0.15133E-07
 4131    0.15090E-07
 4132    0.15048E-07
 4133    0.15006E-07
 4134    0.14964E-07
 4135    0.14922E-07
 4136    0.14880E-07
 4137    0.14838E-07
 4138    0.14797E-07
 4139    0.14755E-07
 4140    0.14714E-07
 4141    0.14673E-07
 4142    0.14631E-07
 4143    0.14590E-07
 4144    0.14550E-07
 4145    0.14509E-07
 4146    0.14468E-07
 4147    0.14428E-07
 4148    0.14387E-07
 4149    0.14347E-07
 4150    0.14307E-07
 4151    0.14266E-07
 4152    0.14226E-07
 4153    0.14187E-07
 4154    0.14147E-07
 4155    0.14107E-07
 4156    0.14068E-07
 4157    0.14028E-07
 4158    0.13989E-07
 4159    0.13950E-07
 4160    0.13911E-07
 4161    0.13872E-07
 4162    0.13833E-07
 4163    0.13794E-07
 4164    0.13755E-07
 4165    0.13717E-07
 4166    0.13678E-07
 4167    0.13640E-07
 4168    0.13602E-07
 4169    0.13564E-07
 4170    0.13526E-07
 4171    0.13488E-07
 4172    0.13450E-07
 4173    0.13412E-07
 4174    0.13375E-07
 4175    0.13337E-07
 4176    0.13300E-07
 4177    0.13262E-07
 4178    0.13225E-07
 4179    0.13188E-07
 4180    0.13151E-07
 4181    0.13114E-07
 4182    0.13078E-07
 4183    0.13041E-07
 4184    0.13004E-07
 4185    0.12968E-07
 4186    0.12932E-07
 4187    0.12895E-07
 4188    0.12859E-07
 4189    0.12823E-07
 4190    0.12787E-07
 4191    0.12751E-07
 4192    0.12716E-07
 4193    0.12680E-07
 4194    0.12644E-07
 4195    0.12609E-07
 4196    0.12574E-07
 4197    0.12538E-07
 4198    0.12503E-07
 4199    0.12468E-07
 4200    0.12433E-07
 4201    0.12398E-07
 4202    0.12364E-07
 4203    0.12329E-07
 4204    0.12294E-07
 4205    0.12260E-07
 4206    0.12226E-07
 4207    0.12191E-07
 4208    0.12157E-07
 4209    0.12123E-07
 4210    0.12089E-07
 4211    0.12055E-07
 4212    0.12021E-07
 4213    0.11988E-07
 4214    0.11954E-07
 4215    0.11921E-07
 4216    0.11887E-07
 4217    0.11854E-07
 4218    0.11821E-07
 4219    0.11788E-07
 4220    0.11755E-07
 4221    0.11722E-07
 4222    0.11689E-07
 4223    0.11656E-07
 4224    0.11623E-07
 4225    0.11591E-07
 4226    0.11558E-07
 4227    0.11526E-07
 4228    0.11494E-07
 4229    0.11461E-07
 4230    0.11429E-07
 4231    0.11397E-07
 4232    0.11365E-07
 4233    0.11333E-07
 4234    0.11302E-07
 4235    0.11270E-07
 4236    0.11238E-07
 4237    0.11207E-07
 4238    0.11175E-07
 4239    0.11144E-07
 4240    0.11113E-07
 4241    0.11082E-07
 4242    0.11051E-07
 4243    0.11020E-07
 4244    0.10989E-07
 4245    0.10958E-07
 4246    0.10927E-07
 4247    0.10897E-07
 4248    0.10866E-07
 4249    0.10836E-07
 4250    0.10805E-07
 4251    0.10775E-07
 4252    0.10745E-07
 4253    0.10715E-07
 4254    0.10685E-07
 4255    0.10655E-07
 4256    0.10625E-07
 4257    0.10595E-07
 4258    0.10565E-07
 4259    0.10536E-07
 4260    0.10506E-07
 4261    0.10477E-07
 4262    0.10447E-07
 4263    0.10418E-07
 4264    0.10389E-07
 4265    0.10360E-07
 4266    0.10331E-07
 4267    0.10302E-07
 4268    0.10273E-07
 4269    0.10244E-07
 4270    0.10215E-07
 4271    0.10187E-07
 4272    0.10158E-07
 4273    0.10130E-07
 4274    0.10101E-07
 4275    0.10073E-07
 4276    0.10045E-07
 4277    0.10017E-07
 4278    0.99885E-08

iteration:   4278

epsilon =     0.10000E-07
omega =     0.18000E+01
tick =     0.10000E-06

norm_x =     0.26629E+03, norm_analysis =     0.26628E+03
diff =     0.99684E+01

caltime =   48.7939, comtime =    0.2889, checktime =   18.9273
alltime =   68.0101

