sorrb1:
    1    0.13234E+01
    2    0.10597E+01
    3    0.86098E+00
    4    0.70168E+00
    5    0.57158E+00
    6    0.46804E+00
    7    0.38498E+00
    8    0.31828E+00
    9    0.26533E+00
   10    0.22312E+00
   11    0.18960E+00
   12    0.16314E+00
   13    0.14219E+00
   14    0.12564E+00
   15    0.11254E+00
   16    0.10210E+00
   17    0.93720E-01
   18    0.86915E-01
   19    0.81309E-01
   20    0.76622E-01
   21    0.72639E-01
   22    0.69200E-01
   23    0.66189E-01
   24    0.63515E-01
   25    0.61114E-01
   26    0.58938E-01
   27    0.56947E-01
   28    0.55115E-01
   29    0.53418E-01
   30    0.51838E-01
   31    0.50362E-01
   32    0.48978E-01
   33    0.47676E-01
   34    0.46448E-01
   35    0.45287E-01
   36    0.44188E-01
   37    0.43144E-01
   38    0.42152E-01
   39    0.41207E-01
   40    0.40306E-01
   41    0.39446E-01
   42    0.38623E-01
   43    0.37835E-01
   44    0.37081E-01
   45    0.36357E-01
   46    0.35662E-01
   47    0.34994E-01
   48    0.34351E-01
   49    0.33732E-01
   50    0.33135E-01
   51    0.32560E-01
   52    0.32004E-01
   53    0.31468E-01
   54    0.30950E-01
   55    0.30448E-01
   56    0.29963E-01
   57    0.29493E-01
   58    0.29038E-01
   59    0.28596E-01
   60    0.28168E-01
   61    0.27752E-01
   62    0.27349E-01
   63    0.26957E-01
   64    0.26575E-01
   65    0.26205E-01
   66    0.25844E-01
   67    0.25493E-01
   68    0.25151E-01
   69    0.24818E-01
   70    0.24494E-01
   71    0.24178E-01
   72    0.23869E-01
   73    0.23568E-01
   74    0.23275E-01
   75    0.22988E-01
   76    0.22708E-01
   77    0.22435E-01
   78    0.22167E-01
   79    0.21906E-01
   80    0.21651E-01
   81    0.21401E-01
   82    0.21157E-01
   83    0.20918E-01
   84    0.20683E-01
   85    0.20454E-01
   86    0.20230E-01
   87    0.20010E-01
   88    0.19794E-01
   89    0.19583E-01
   90    0.19376E-01
   91    0.19173E-01
   92    0.18974E-01
   93    0.18779E-01
   94    0.18588E-01
   95    0.18400E-01
   96    0.18215E-01
   97    0.18034E-01
   98    0.17856E-01
   99    0.17682E-01
  100    0.17510E-01
  101    0.17342E-01
  102    0.17176E-01
  103    0.17013E-01
  104    0.16853E-01
  105    0.16696E-01
  106    0.16542E-01
  107    0.16390E-01
  108    0.16240E-01
  109    0.16093E-01
  110    0.15948E-01
  111    0.15806E-01
  112    0.15666E-01
  113    0.15528E-01
  114    0.15392E-01
  115    0.15258E-01
  116    0.15126E-01
  117    0.14997E-01
  118    0.14869E-01
  119    0.14743E-01
  120    0.14619E-01
  121    0.14497E-01
  122    0.14377E-01
  123    0.14258E-01
  124    0.14141E-01
  125    0.14026E-01
  126    0.13912E-01
  127    0.13800E-01
  128    0.13690E-01
  129    0.13581E-01
  130    0.13473E-01
  131    0.13367E-01
  132    0.13263E-01
  133    0.13160E-01
  134    0.13058E-01
  135    0.12957E-01
  136    0.12858E-01
  137    0.12760E-01
  138    0.12664E-01
  139    0.12568E-01
  140    0.12474E-01
  141    0.12381E-01
  142    0.12290E-01
  143    0.12199E-01
  144    0.12109E-01
  145    0.12021E-01
  146    0.11934E-01
  147    0.11847E-01
  148    0.11762E-01
  149    0.11678E-01
  150    0.11595E-01
  151    0.11513E-01
  152    0.11431E-01
  153    0.11351E-01
  154    0.11272E-01
  155    0.11193E-01
  156    0.11116E-01
  157    0.11039E-01
  158    0.10963E-01
  159    0.10888E-01
  160    0.10814E-01
  161    0.10741E-01
  162    0.10669E-01
  163    0.10597E-01
  164    0.10526E-01
  165    0.10456E-01
  166    0.10387E-01
  167    0.10318E-01
  168    0.10250E-01
  169    0.10183E-01
  170    0.10117E-01
  171    0.10051E-01
  172    0.99859E-02
  173    0.99216E-02
  174    0.98579E-02
  175    0.97949E-02
  176    0.97325E-02
  177    0.96707E-02
  178    0.96096E-02
  179    0.95491E-02
  180    0.94892E-02
  181    0.94299E-02
  182    0.93712E-02
  183    0.93131E-02
  184    0.92555E-02
  185    0.91985E-02
  186    0.91421E-02
  187    0.90862E-02
  188    0.90308E-02
  189    0.89760E-02
  190    0.89217E-02
  191    0.88679E-02
  192    0.88146E-02
  193    0.87619E-02
  194    0.87096E-02
  195    0.86578E-02
  196    0.86065E-02
  197    0.85556E-02
  198    0.85053E-02
  199    0.84554E-02
  200    0.84059E-02
  201    0.83569E-02
  202    0.83084E-02
  203    0.82602E-02
  204    0.82125E-02
  205    0.81653E-02
  206    0.81184E-02
  207    0.80720E-02
  208    0.80260E-02
  209    0.79803E-02
  210    0.79351E-02
  211    0.78903E-02
  212    0.78458E-02
  213    0.78018E-02
  214    0.77581E-02
  215    0.77148E-02
  216    0.76718E-02
  217    0.76293E-02
  218    0.75870E-02
  219    0.75452E-02
  220    0.75036E-02
  221    0.74625E-02
  222    0.74216E-02
  223    0.73812E-02
  224    0.73410E-02
  225    0.73012E-02
  226    0.72617E-02
  227    0.72225E-02
  228    0.71836E-02
  229    0.71451E-02
  230    0.71068E-02
  231    0.70689E-02
  232    0.70313E-02
  233    0.69939E-02
  234    0.69569E-02
  235    0.69202E-02
  236    0.68837E-02
  237    0.68475E-02
  238    0.68116E-02
  239    0.67760E-02
  240    0.67407E-02
  241    0.67057E-02
  242    0.66709E-02
  243    0.66363E-02
  244    0.66021E-02
  245    0.65681E-02
  246    0.65343E-02
  247    0.65009E-02
  248    0.64676E-02
  249    0.64346E-02
  250    0.64019E-02
  251    0.63694E-02
  252    0.63372E-02
  253    0.63051E-02
  254    0.62734E-02
  255    0.62418E-02
  256    0.62105E-02
  257    0.61794E-02
  258    0.61486E-02
  259    0.61179E-02
  260    0.60875E-02
  261    0.60573E-02
  262    0.60274E-02
  263    0.59976E-02
  264    0.59681E-02
  265    0.59387E-02
  266    0.59096E-02
  267    0.58807E-02
  268    0.58520E-02
  269    0.58234E-02
  270    0.57951E-02
  271    0.57670E-02
  272    0.57391E-02
  273    0.57113E-02
  274    0.56838E-02
  275    0.56565E-02
  276    0.56293E-02
  277    0.56023E-02
  278    0.55755E-02
  279    0.55489E-02
  280    0.55225E-02
  281    0.54963E-02
  282    0.54702E-02
  283    0.54443E-02
  284    0.54186E-02
  285    0.53930E-02
  286    0.53677E-02
  287    0.53424E-02
  288    0.53174E-02
  289    0.52925E-02
  290    0.52678E-02
  291    0.52433E-02
  292    0.52189E-02
  293    0.51947E-02
  294    0.51706E-02
  295    0.51467E-02
  296    0.51229E-02
  297    0.50993E-02
  298    0.50759E-02
  299    0.50526E-02
  300    0.50294E-02
  301    0.50064E-02
  302    0.49836E-02
  303    0.49608E-02
  304    0.49383E-02
  305    0.49159E-02
  306    0.48936E-02
  307    0.48714E-02
  308    0.48494E-02
  309    0.48276E-02
  310    0.48058E-02
  311    0.47842E-02
  312    0.47628E-02
  313    0.47415E-02
  314    0.47203E-02
  315    0.46992E-02
  316    0.46783E-02
  317    0.46575E-02
  318    0.46368E-02
  319    0.46163E-02
  320    0.45958E-02
  321    0.45755E-02
  322    0.45554E-02
  323    0.45353E-02
  324    0.45154E-02
  325    0.44956E-02
  326    0.44759E-02
  327    0.44563E-02
  328    0.44368E-02
  329    0.44175E-02
  330    0.43983E-02
  331    0.43791E-02
  332    0.43601E-02
  333    0.43413E-02
  334    0.43225E-02
  335    0.43038E-02
  336    0.42852E-02
  337    0.42668E-02
  338    0.42485E-02
  339    0.42302E-02
  340    0.42121E-02
  341    0.41941E-02
  342    0.41762E-02
  343    0.41583E-02
  344    0.41406E-02
  345    0.41230E-02
  346    0.41055E-02
  347    0.40881E-02
  348    0.40708E-02
  349    0.40536E-02
  350    0.40364E-02
  351    0.40194E-02
  352    0.40025E-02
  353    0.39857E-02
  354    0.39690E-02
  355    0.39523E-02
  356    0.39358E-02
  357    0.39193E-02
  358    0.39030E-02
  359    0.38867E-02
  360    0.38705E-02
  361    0.38544E-02
  362    0.38384E-02
  363    0.38225E-02
  364    0.38067E-02
  365    0.37910E-02
  366    0.37753E-02
  367    0.37597E-02
  368    0.37443E-02
  369    0.37289E-02
  370    0.37135E-02
  371    0.36983E-02
  372    0.36832E-02
  373    0.36681E-02
  374    0.36531E-02
  375    0.36382E-02
  376    0.36234E-02
  377    0.36087E-02
  378    0.35940E-02
  379    0.35794E-02
  380    0.35649E-02
  381    0.35505E-02
  382    0.35361E-02
  383    0.35218E-02
  384    0.35076E-02
  385    0.34935E-02
  386    0.34795E-02
  387    0.34655E-02
  388    0.34516E-02
  389    0.34378E-02
  390    0.34240E-02
  391    0.34103E-02
  392    0.33967E-02
  393    0.33831E-02
  394    0.33697E-02
  395    0.33563E-02
  396    0.33429E-02
  397    0.33297E-02
  398    0.33165E-02
  399    0.33033E-02
  400    0.32903E-02
  401    0.32773E-02
  402    0.32643E-02
  403    0.32515E-02
  404    0.32387E-02
  405    0.32259E-02
  406    0.32133E-02
  407    0.32007E-02
  408    0.31881E-02
  409    0.31756E-02
  410    0.31632E-02
  411    0.31509E-02
  412    0.31386E-02
  413    0.31263E-02
  414    0.31142E-02
  415    0.31021E-02
  416    0.30900E-02
  417    0.30780E-02
  418    0.30661E-02
  419    0.30542E-02
  420    0.30424E-02
  421    0.30307E-02
  422    0.30190E-02
  423    0.30073E-02
  424    0.29958E-02
  425    0.29842E-02
  426    0.29728E-02
  427    0.29614E-02
  428    0.29500E-02
  429    0.29387E-02
  430    0.29275E-02
  431    0.29163E-02
  432    0.29051E-02
  433    0.28940E-02
  434    0.28830E-02
  435    0.28720E-02
  436    0.28611E-02
  437    0.28502E-02
  438    0.28394E-02
  439    0.28287E-02
  440    0.28179E-02
  441    0.28073E-02
  442    0.27967E-02
  443    0.27861E-02
  444    0.27756E-02
  445    0.27651E-02
  446    0.27547E-02
  447    0.27444E-02
  448    0.27340E-02
  449    0.27238E-02
  450    0.27136E-02
  451    0.27034E-02
  452    0.26933E-02
  453    0.26832E-02
  454    0.26732E-02
  455    0.26632E-02
  456    0.26532E-02
  457    0.26433E-02
  458    0.26335E-02
  459    0.26237E-02
  460    0.26140E-02
  461    0.26042E-02
  462    0.25946E-02
  463    0.25850E-02
  464    0.25754E-02
  465    0.25659E-02
  466    0.25564E-02
  467    0.25469E-02
  468    0.25375E-02
  469    0.25282E-02
  470    0.25189E-02
  471    0.25096E-02
  472    0.25004E-02
  473    0.24912E-02
  474    0.24820E-02
  475    0.24729E-02
  476    0.24639E-02
  477    0.24548E-02
  478    0.24459E-02
  479    0.24369E-02
  480    0.24280E-02
  481    0.24191E-02
  482    0.24103E-02
  483    0.24015E-02
  484    0.23928E-02
  485    0.23841E-02
  486    0.23754E-02
  487    0.23668E-02
  488    0.23582E-02
  489    0.23497E-02
  490    0.23411E-02
  491    0.23327E-02
  492    0.23242E-02
  493    0.23158E-02
  494    0.23075E-02
  495    0.22991E-02
  496    0.22908E-02
  497    0.22826E-02
  498    0.22744E-02
  499    0.22662E-02
  500    0.22580E-02
  501    0.22499E-02
  502    0.22418E-02
  503    0.22338E-02
  504    0.22258E-02
  505    0.22178E-02
  506    0.22099E-02
  507    0.22020E-02
  508    0.21941E-02
  509    0.21863E-02
  510    0.21785E-02
  511    0.21707E-02
  512    0.21630E-02
  513    0.21553E-02
  514    0.21476E-02
  515    0.21400E-02
  516    0.21324E-02
  517    0.21248E-02
  518    0.21172E-02
  519    0.21097E-02
  520    0.21023E-02
  521    0.20948E-02
  522    0.20874E-02
  523    0.20800E-02
  524    0.20727E-02
  525    0.20654E-02
  526    0.20581E-02
  527    0.20508E-02
  528    0.20436E-02
  529    0.20364E-02
  530    0.20292E-02
  531    0.20221E-02
  532    0.20150E-02
  533    0.20079E-02
  534    0.20008E-02
  535    0.19938E-02
  536    0.19868E-02
  537    0.19799E-02
  538    0.19729E-02
  539    0.19660E-02
  540    0.19592E-02
  541    0.19523E-02
  542    0.19455E-02
  543    0.19387E-02
  544    0.19319E-02
  545    0.19252E-02
  546    0.19185E-02
  547    0.19118E-02
  548    0.19052E-02
  549    0.18985E-02
  550    0.18919E-02
  551    0.18854E-02
  552    0.18788E-02
  553    0.18723E-02
  554    0.18658E-02
  555    0.18594E-02
  556    0.18529E-02
  557    0.18465E-02
  558    0.18401E-02
  559    0.18338E-02
  560    0.18274E-02
  561    0.18211E-02
  562    0.18148E-02
  563    0.18086E-02
  564    0.18023E-02
  565    0.17961E-02
  566    0.17899E-02
  567    0.17838E-02
  568    0.17776E-02
  569    0.17715E-02
  570    0.17654E-02
  571    0.17594E-02
  572    0.17533E-02
  573    0.17473E-02
  574    0.17413E-02
  575    0.17354E-02
  576    0.17294E-02
  577    0.17235E-02
  578    0.17176E-02
  579    0.17117E-02
  580    0.17059E-02
  581    0.17001E-02
  582    0.16943E-02
  583    0.16885E-02
  584    0.16827E-02
  585    0.16770E-02
  586    0.16713E-02
  587    0.16656E-02
  588    0.16599E-02
  589    0.16543E-02
  590    0.16486E-02
  591    0.16430E-02
  592    0.16375E-02
  593    0.16319E-02
  594    0.16264E-02
  595    0.16208E-02
  596    0.16153E-02
  597    0.16099E-02
  598    0.16044E-02
  599    0.15990E-02
  600    0.15936E-02
  601    0.15882E-02
  602    0.15828E-02
  603    0.15775E-02
  604    0.15721E-02
  605    0.15668E-02
  606    0.15615E-02
  607    0.15563E-02
  608    0.15510E-02
  609    0.15458E-02
  610    0.15406E-02
  611    0.15354E-02
  612    0.15302E-02
  613    0.15251E-02
  614    0.15200E-02
  615    0.15149E-02
  616    0.15098E-02
  617    0.15047E-02
  618    0.14996E-02
  619    0.14946E-02
  620    0.14896E-02
  621    0.14846E-02
  622    0.14796E-02
  623    0.14747E-02
  624    0.14697E-02
  625    0.14648E-02
  626    0.14599E-02
  627    0.14550E-02
  628    0.14502E-02
  629    0.14453E-02
  630    0.14405E-02
  631    0.14357E-02
  632    0.14309E-02
  633    0.14261E-02
  634    0.14214E-02
  635    0.14166E-02
  636    0.14119E-02
  637    0.14072E-02
  638    0.14025E-02
  639    0.13979E-02
  640    0.13932E-02
  641    0.13886E-02
  642    0.13840E-02
  643    0.13794E-02
  644    0.13748E-02
  645    0.13702E-02
  646    0.13657E-02
  647    0.13611E-02
  648    0.13566E-02
  649    0.13521E-02
  650    0.13476E-02
  651    0.13432E-02
  652    0.13387E-02
  653    0.13343E-02
  654    0.13299E-02
  655    0.13255E-02
  656    0.13211E-02
  657    0.13167E-02
  658    0.13124E-02
  659    0.13080E-02
  660    0.13037E-02
  661    0.12994E-02
  662    0.12951E-02
  663    0.12909E-02
  664    0.12866E-02
  665    0.12824E-02
  666    0.12781E-02
  667    0.12739E-02
  668    0.12697E-02
  669    0.12655E-02
  670    0.12614E-02
  671    0.12572E-02
  672    0.12531E-02
  673    0.12490E-02
  674    0.12449E-02
  675    0.12408E-02
  676    0.12367E-02
  677    0.12326E-02
  678    0.12286E-02
  679    0.12246E-02
  680    0.12205E-02
  681    0.12165E-02
  682    0.12125E-02
  683    0.12086E-02
  684    0.12046E-02
  685    0.12007E-02
  686    0.11967E-02
  687    0.11928E-02
  688    0.11889E-02
  689    0.11850E-02
  690    0.11811E-02
  691    0.11773E-02
  692    0.11734E-02
  693    0.11696E-02
  694    0.11658E-02
  695    0.11620E-02
  696    0.11582E-02
  697    0.11544E-02
  698    0.11506E-02
  699    0.11469E-02
  700    0.11431E-02
  701    0.11394E-02
  702    0.11357E-02
  703    0.11320E-02
  704    0.11283E-02
  705    0.11246E-02
  706    0.11209E-02
  707    0.11173E-02
  708    0.11137E-02
  709    0.11100E-02
  710    0.11064E-02
  711    0.11028E-02
  712    0.10992E-02
  713    0.10957E-02
  714    0.10921E-02
  715    0.10886E-02
  716    0.10850E-02
  717    0.10815E-02
  718    0.10780E-02
  719    0.10745E-02
  720    0.10710E-02
  721    0.10675E-02
  722    0.10641E-02
  723    0.10606E-02
  724    0.10572E-02
  725    0.10537E-02
  726    0.10503E-02
  727    0.10469E-02
  728    0.10435E-02
  729    0.10402E-02
  730    0.10368E-02
  731    0.10334E-02
  732    0.10301E-02
  733    0.10268E-02
  734    0.10234E-02
  735    0.10201E-02
  736    0.10168E-02
  737    0.10135E-02
  738    0.10103E-02
  739    0.10070E-02
  740    0.10038E-02
  741    0.10005E-02
  742    0.99728E-03
  743    0.99406E-03
  744    0.99085E-03
  745    0.98766E-03
  746    0.98447E-03
  747    0.98130E-03
  748    0.97813E-03
  749    0.97498E-03
  750    0.97184E-03
  751    0.96870E-03
  752    0.96558E-03
  753    0.96247E-03
  754    0.95937E-03
  755    0.95628E-03
  756    0.95321E-03
  757    0.95014E-03
  758    0.94708E-03
  759    0.94403E-03
  760    0.94100E-03
  761    0.93797E-03
  762    0.93495E-03
  763    0.93195E-03
  764    0.92895E-03
  765    0.92597E-03
  766    0.92299E-03
  767    0.92003E-03
  768    0.91707E-03
  769    0.91413E-03
  770    0.91119E-03
  771    0.90827E-03
  772    0.90535E-03
  773    0.90245E-03
  774    0.89955E-03
  775    0.89667E-03
  776    0.89379E-03
  777    0.89093E-03
  778    0.88807E-03
  779    0.88522E-03
  780    0.88239E-03
  781    0.87956E-03
  782    0.87674E-03
  783    0.87393E-03
  784    0.87114E-03
  785    0.86835E-03
  786    0.86557E-03
  787    0.86280E-03
  788    0.86003E-03
  789    0.85728E-03
  790    0.85454E-03
  791    0.85181E-03
  792    0.84908E-03
  793    0.84637E-03
  794    0.84366E-03
  795    0.84096E-03
  796    0.83828E-03
  797    0.83560E-03
  798    0.83293E-03
  799    0.83027E-03
  800    0.82761E-03
  801    0.82497E-03
  802    0.82234E-03
  803    0.81971E-03
  804    0.81709E-03
  805    0.81449E-03
  806    0.81189E-03
  807    0.80930E-03
  808    0.80672E-03
  809    0.80414E-03
  810    0.80158E-03
  811    0.79902E-03
  812    0.79647E-03
  813    0.79393E-03
  814    0.79140E-03
  815    0.78888E-03
  816    0.78637E-03
  817    0.78386E-03
  818    0.78137E-03
  819    0.77888E-03
  820    0.77640E-03
  821    0.77392E-03
  822    0.77146E-03
  823    0.76900E-03
  824    0.76656E-03
  825    0.76412E-03
  826    0.76168E-03
  827    0.75926E-03
  828    0.75685E-03
  829    0.75444E-03
  830    0.75204E-03
  831    0.74965E-03
  832    0.74726E-03
  833    0.74489E-03
  834    0.74252E-03
  835    0.74016E-03
  836    0.73781E-03
  837    0.73546E-03
  838    0.73313E-03
  839    0.73080E-03
  840    0.72848E-03
  841    0.72616E-03
  842    0.72386E-03
  843    0.72156E-03
  844    0.71927E-03
  845    0.71698E-03
  846    0.71471E-03
  847    0.71244E-03
  848    0.71018E-03
  849    0.70792E-03
  850    0.70568E-03
  851    0.70344E-03
  852    0.70121E-03
  853    0.69898E-03
  854    0.69677E-03
  855    0.69456E-03
  856    0.69236E-03
  857    0.69016E-03
  858    0.68797E-03
  859    0.68579E-03
  860    0.68362E-03
  861    0.68145E-03
  862    0.67929E-03
  863    0.67714E-03
  864    0.67500E-03
  865    0.67286E-03
  866    0.67073E-03
  867    0.66860E-03
  868    0.66649E-03
  869    0.66438E-03
  870    0.66227E-03
  871    0.66018E-03
  872    0.65809E-03
  873    0.65601E-03
  874    0.65393E-03
  875    0.65186E-03
  876    0.64980E-03
  877    0.64774E-03
  878    0.64569E-03
  879    0.64365E-03
  880    0.64161E-03
  881    0.63959E-03
  882    0.63756E-03
  883    0.63555E-03
  884    0.63354E-03
  885    0.63154E-03
  886    0.62954E-03
  887    0.62755E-03
  888    0.62557E-03
  889    0.62359E-03
  890    0.62162E-03
  891    0.61966E-03
  892    0.61770E-03
  893    0.61575E-03
  894    0.61380E-03
  895    0.61186E-03
  896    0.60993E-03
  897    0.60801E-03
  898    0.60609E-03
  899    0.60417E-03
  900    0.60226E-03
  901    0.60036E-03
  902    0.59847E-03
  903    0.59658E-03
  904    0.59470E-03
  905    0.59282E-03
  906    0.59095E-03
  907    0.58909E-03
  908    0.58723E-03
  909    0.58537E-03
  910    0.58353E-03
  911    0.58169E-03
  912    0.57985E-03
  913    0.57802E-03
  914    0.57620E-03
  915    0.57438E-03
  916    0.57257E-03
  917    0.57077E-03
  918    0.56897E-03
  919    0.56718E-03
  920    0.56539E-03
  921    0.56361E-03
  922    0.56183E-03
  923    0.56006E-03
  924    0.55830E-03
  925    0.55654E-03
  926    0.55478E-03
  927    0.55304E-03
  928    0.55129E-03
  929    0.54956E-03
  930    0.54783E-03
  931    0.54610E-03
  932    0.54438E-03
  933    0.54267E-03
  934    0.54096E-03
  935    0.53926E-03
  936    0.53756E-03
  937    0.53587E-03
  938    0.53418E-03
  939    0.53250E-03
  940    0.53082E-03
  941    0.52915E-03
  942    0.52749E-03
  943    0.52583E-03
  944    0.52417E-03
  945    0.52252E-03
  946    0.52088E-03
  947    0.51924E-03
  948    0.51761E-03
  949    0.51598E-03
  950    0.51436E-03
  951    0.51274E-03
  952    0.51112E-03
  953    0.50952E-03
  954    0.50792E-03
  955    0.50632E-03
  956    0.50473E-03
  957    0.50314E-03
  958    0.50156E-03
  959    0.49998E-03
  960    0.49841E-03
  961    0.49684E-03
  962    0.49528E-03
  963    0.49372E-03
  964    0.49217E-03
  965    0.49063E-03
  966    0.48908E-03
  967    0.48755E-03
  968    0.48602E-03
  969    0.48449E-03
  970    0.48297E-03
  971    0.48145E-03
  972    0.47994E-03
  973    0.47843E-03
  974    0.47693E-03
  975    0.47543E-03
  976    0.47394E-03
  977    0.47245E-03
  978    0.47096E-03
  979    0.46949E-03
  980    0.46801E-03
  981    0.46654E-03
  982    0.46508E-03
  983    0.46362E-03
  984    0.46216E-03
  985    0.46071E-03
  986    0.45927E-03
  987    0.45782E-03
  988    0.45639E-03
  989    0.45495E-03
  990    0.45353E-03
  991    0.45210E-03
  992    0.45068E-03
  993    0.44927E-03
  994    0.44786E-03
  995    0.44646E-03
  996    0.44506E-03
  997    0.44366E-03
  998    0.44227E-03
  999    0.44088E-03
 1000    0.43950E-03
 1001    0.43812E-03
 1002    0.43674E-03
 1003    0.43537E-03
 1004    0.43401E-03
 1005    0.43265E-03
 1006    0.43129E-03
 1007    0.42994E-03
 1008    0.42859E-03
 1009    0.42725E-03
 1010    0.42591E-03
 1011    0.42457E-03
 1012    0.42324E-03
 1013    0.42191E-03
 1014    0.42059E-03
 1015    0.41927E-03
 1016    0.41796E-03
 1017    0.41665E-03
 1018    0.41534E-03
 1019    0.41404E-03
 1020    0.41274E-03
 1021    0.41145E-03
 1022    0.41016E-03
 1023    0.40887E-03
 1024    0.40759E-03
 1025    0.40632E-03
 1026    0.40504E-03
 1027    0.40377E-03
 1028    0.40251E-03
 1029    0.40125E-03
 1030    0.39999E-03
 1031    0.39874E-03
 1032    0.39749E-03
 1033    0.39624E-03
 1034    0.39500E-03
 1035    0.39377E-03
 1036    0.39253E-03
 1037    0.39130E-03
 1038    0.39008E-03
 1039    0.38886E-03
 1040    0.38764E-03
 1041    0.38642E-03
 1042    0.38521E-03
 1043    0.38401E-03
 1044    0.38281E-03
 1045    0.38161E-03
 1046    0.38041E-03
 1047    0.37922E-03
 1048    0.37803E-03
 1049    0.37685E-03
 1050    0.37567E-03
 1051    0.37449E-03
 1052    0.37332E-03
 1053    0.37215E-03
 1054    0.37099E-03
 1055    0.36983E-03
 1056    0.36867E-03
 1057    0.36752E-03
 1058    0.36637E-03
 1059    0.36522E-03
 1060    0.36408E-03
 1061    0.36294E-03
 1062    0.36180E-03
 1063    0.36067E-03
 1064    0.35954E-03
 1065    0.35842E-03
 1066    0.35729E-03
 1067    0.35618E-03
 1068    0.35506E-03
 1069    0.35395E-03
 1070    0.35284E-03
 1071    0.35174E-03
 1072    0.35064E-03
 1073    0.34954E-03
 1074    0.34845E-03
 1075    0.34736E-03
 1076    0.34627E-03
 1077    0.34519E-03
 1078    0.34411E-03
 1079    0.34303E-03
 1080    0.34196E-03
 1081    0.34089E-03
 1082    0.33982E-03
 1083    0.33876E-03
 1084    0.33770E-03
 1085    0.33665E-03
 1086    0.33559E-03
 1087    0.33454E-03
 1088    0.33350E-03
 1089    0.33246E-03
 1090    0.33142E-03
 1091    0.33038E-03
 1092    0.32935E-03
 1093    0.32832E-03
 1094    0.32729E-03
 1095    0.32627E-03
 1096    0.32525E-03
 1097    0.32423E-03
 1098    0.32322E-03
 1099    0.32221E-03
 1100    0.32120E-03
 1101    0.32020E-03
 1102    0.31919E-03
 1103    0.31820E-03
 1104    0.31720E-03
 1105    0.31621E-03
 1106    0.31522E-03
 1107    0.31424E-03
 1108    0.31326E-03
 1109    0.31228E-03
 1110    0.31130E-03
 1111    0.31033E-03
 1112    0.30936E-03
 1113    0.30839E-03
 1114    0.30743E-03
 1115    0.30647E-03
 1116    0.30551E-03
 1117    0.30455E-03
 1118    0.30360E-03
 1119    0.30265E-03
 1120    0.30171E-03
 1121    0.30077E-03
 1122    0.29983E-03
 1123    0.29889E-03
 1124    0.29796E-03
 1125    0.29702E-03
 1126    0.29610E-03
 1127    0.29517E-03
 1128    0.29425E-03
 1129    0.29333E-03
 1130    0.29241E-03
 1131    0.29150E-03
 1132    0.29059E-03
 1133    0.28968E-03
 1134    0.28878E-03
 1135    0.28788E-03
 1136    0.28698E-03
 1137    0.28608E-03
 1138    0.28519E-03
 1139    0.28430E-03
 1140    0.28341E-03
 1141    0.28252E-03
 1142    0.28164E-03
 1143    0.28076E-03
 1144    0.27988E-03
 1145    0.27901E-03
 1146    0.27814E-03
 1147    0.27727E-03
 1148    0.27640E-03
 1149    0.27554E-03
 1150    0.27468E-03
 1151    0.27382E-03
 1152    0.27297E-03
 1153    0.27212E-03
 1154    0.27127E-03
 1155    0.27042E-03
 1156    0.26957E-03
 1157    0.26873E-03
 1158    0.26789E-03
 1159    0.26706E-03
 1160    0.26622E-03
 1161    0.26539E-03
 1162    0.26456E-03
 1163    0.26374E-03
 1164    0.26291E-03
 1165    0.26209E-03
 1166    0.26128E-03
 1167    0.26046E-03
 1168    0.25965E-03
 1169    0.25884E-03
 1170    0.25803E-03
 1171    0.25722E-03
 1172    0.25642E-03
 1173    0.25562E-03
 1174    0.25482E-03
 1175    0.25403E-03
 1176    0.25323E-03
 1177    0.25244E-03
 1178    0.25165E-03
 1179    0.25087E-03
 1180    0.25009E-03
 1181    0.24931E-03
 1182    0.24853E-03
 1183    0.24775E-03
 1184    0.24698E-03
 1185    0.24621E-03
 1186    0.24544E-03
 1187    0.24467E-03
 1188    0.24391E-03
 1189    0.24315E-03
 1190    0.24239E-03
 1191    0.24163E-03
 1192    0.24088E-03
 1193    0.24013E-03
 1194    0.23938E-03
 1195    0.23863E-03
 1196    0.23789E-03
 1197    0.23714E-03
 1198    0.23640E-03
 1199    0.23567E-03
 1200    0.23493E-03
 1201    0.23420E-03
 1202    0.23347E-03
 1203    0.23274E-03
 1204    0.23201E-03
 1205    0.23129E-03
 1206    0.23057E-03
 1207    0.22985E-03
 1208    0.22913E-03
 1209    0.22842E-03
 1210    0.22770E-03
 1211    0.22699E-03
 1212    0.22629E-03
 1213    0.22558E-03
 1214    0.22488E-03
 1215    0.22417E-03
 1216    0.22348E-03
 1217    0.22278E-03
 1218    0.22208E-03
 1219    0.22139E-03
 1220    0.22070E-03
 1221    0.22001E-03
 1222    0.21932E-03
 1223    0.21864E-03
 1224    0.21796E-03
 1225    0.21728E-03
 1226    0.21660E-03
 1227    0.21593E-03
 1228    0.21525E-03
 1229    0.21458E-03
 1230    0.21391E-03
 1231    0.21324E-03
 1232    0.21258E-03
 1233    0.21192E-03
 1234    0.21125E-03
 1235    0.21060E-03
 1236    0.20994E-03
 1237    0.20928E-03
 1238    0.20863E-03
 1239    0.20798E-03
 1240    0.20733E-03
 1241    0.20669E-03
 1242    0.20604E-03
 1243    0.20540E-03
 1244    0.20476E-03
 1245    0.20412E-03
 1246    0.20348E-03
 1247    0.20285E-03
 1248    0.20222E-03
 1249    0.20159E-03
 1250    0.20096E-03
 1251    0.20033E-03
 1252    0.19971E-03
 1253    0.19908E-03
 1254    0.19846E-03
 1255    0.19784E-03
 1256    0.19723E-03
 1257    0.19661E-03
 1258    0.19600E-03
 1259    0.19539E-03
 1260    0.19478E-03
 1261    0.19417E-03
 1262    0.19356E-03
 1263    0.19296E-03
 1264    0.19236E-03
 1265    0.19176E-03
 1266    0.19116E-03
 1267    0.19057E-03
 1268    0.18997E-03
 1269    0.18938E-03
 1270    0.18879E-03
 1271    0.18820E-03
 1272    0.18761E-03
 1273    0.18703E-03
 1274    0.18645E-03
 1275    0.18586E-03
 1276    0.18528E-03
 1277    0.18471E-03
 1278    0.18413E-03
 1279    0.18356E-03
 1280    0.18298E-03
 1281    0.18241E-03
 1282    0.18185E-03
 1283    0.18128E-03
 1284    0.18071E-03
 1285    0.18015E-03
 1286    0.17959E-03
 1287    0.17903E-03
 1288    0.17847E-03
 1289    0.17791E-03
 1290    0.17736E-03
 1291    0.17681E-03
 1292    0.17626E-03
 1293    0.17571E-03
 1294    0.17516E-03
 1295    0.17461E-03
 1296    0.17407E-03
 1297    0.17353E-03
 1298    0.17298E-03
 1299    0.17245E-03
 1300    0.17191E-03
 1301    0.17137E-03
 1302    0.17084E-03
 1303    0.17031E-03
 1304    0.16977E-03
 1305    0.16924E-03
 1306    0.16872E-03
 1307    0.16819E-03
 1308    0.16767E-03
 1309    0.16714E-03
 1310    0.16662E-03
 1311    0.16610E-03
 1312    0.16559E-03
 1313    0.16507E-03
 1314    0.16456E-03
 1315    0.16404E-03
 1316    0.16353E-03
 1317    0.16302E-03
 1318    0.16251E-03
 1319    0.16201E-03
 1320    0.16150E-03
 1321    0.16100E-03
 1322    0.16050E-03
 1323    0.16000E-03
 1324    0.15950E-03
 1325    0.15900E-03
 1326    0.15851E-03
 1327    0.15801E-03
 1328    0.15752E-03
 1329    0.15703E-03
 1330    0.15654E-03
 1331    0.15605E-03
 1332    0.15556E-03
 1333    0.15508E-03
 1334    0.15460E-03
 1335    0.15412E-03
 1336    0.15363E-03
 1337    0.15316E-03
 1338    0.15268E-03
 1339    0.15220E-03
 1340    0.15173E-03
 1341    0.15126E-03
 1342    0.15078E-03
 1343    0.15031E-03
 1344    0.14985E-03
 1345    0.14938E-03
 1346    0.14891E-03
 1347    0.14845E-03
 1348    0.14799E-03
 1349    0.14753E-03
 1350    0.14707E-03
 1351    0.14661E-03
 1352    0.14615E-03
 1353    0.14570E-03
 1354    0.14524E-03
 1355    0.14479E-03
 1356    0.14434E-03
 1357    0.14389E-03
 1358    0.14344E-03
 1359    0.14299E-03
 1360    0.14255E-03
 1361    0.14210E-03
 1362    0.14166E-03
 1363    0.14122E-03
 1364    0.14078E-03
 1365    0.14034E-03
 1366    0.13990E-03
 1367    0.13947E-03
 1368    0.13903E-03
 1369    0.13860E-03
 1370    0.13817E-03
 1371    0.13774E-03
 1372    0.13731E-03
 1373    0.13688E-03
 1374    0.13645E-03
 1375    0.13603E-03
 1376    0.13560E-03
 1377    0.13518E-03
 1378    0.13476E-03
 1379    0.13434E-03
 1380    0.13392E-03
 1381    0.13350E-03
 1382    0.13309E-03
 1383    0.13267E-03
 1384    0.13226E-03
 1385    0.13185E-03
 1386    0.13144E-03
 1387    0.13103E-03
 1388    0.13062E-03
 1389    0.13021E-03
 1390    0.12981E-03
 1391    0.12940E-03
 1392    0.12900E-03
 1393    0.12860E-03
 1394    0.12820E-03
 1395    0.12780E-03
 1396    0.12740E-03
 1397    0.12700E-03
 1398    0.12661E-03
 1399    0.12621E-03
 1400    0.12582E-03
 1401    0.12543E-03
 1402    0.12504E-03
 1403    0.12465E-03
 1404    0.12426E-03
 1405    0.12387E-03
 1406    0.12349E-03
 1407    0.12310E-03
 1408    0.12272E-03
 1409    0.12233E-03
 1410    0.12195E-03
 1411    0.12157E-03
 1412    0.12120E-03
 1413    0.12082E-03
 1414    0.12044E-03
 1415    0.12007E-03
 1416    0.11969E-03
 1417    0.11932E-03
 1418    0.11895E-03
 1419    0.11858E-03
 1420    0.11821E-03
 1421    0.11784E-03
 1422    0.11747E-03
 1423    0.11711E-03
 1424    0.11674E-03
 1425    0.11638E-03
 1426    0.11602E-03
 1427    0.11565E-03
 1428    0.11529E-03
 1429    0.11493E-03
 1430    0.11458E-03
 1431    0.11422E-03
 1432    0.11386E-03
 1433    0.11351E-03
 1434    0.11316E-03
 1435    0.11280E-03
 1436    0.11245E-03
 1437    0.11210E-03
 1438    0.11175E-03
 1439    0.11140E-03
 1440    0.11106E-03
 1441    0.11071E-03
 1442    0.11037E-03
 1443    0.11002E-03
 1444    0.10968E-03
 1445    0.10934E-03
 1446    0.10900E-03
 1447    0.10866E-03
 1448    0.10832E-03
 1449    0.10798E-03
 1450    0.10765E-03
 1451    0.10731E-03
 1452    0.10698E-03
 1453    0.10664E-03
 1454    0.10631E-03
 1455    0.10598E-03
 1456    0.10565E-03
 1457    0.10532E-03
 1458    0.10499E-03
 1459    0.10466E-03
 1460    0.10434E-03
 1461    0.10401E-03
 1462    0.10369E-03
 1463    0.10337E-03
 1464    0.10304E-03
 1465    0.10272E-03
 1466    0.10240E-03
 1467    0.10208E-03
 1468    0.10177E-03
 1469    0.10145E-03
 1470    0.10113E-03
 1471    0.10082E-03
 1472    0.10050E-03
 1473    0.10019E-03
 1474    0.99880E-04
 1475    0.99568E-04
 1476    0.99258E-04
 1477    0.98949E-04
 1478    0.98641E-04
 1479    0.98334E-04
 1480    0.98027E-04
 1481    0.97722E-04
 1482    0.97418E-04
 1483    0.97114E-04
 1484    0.96812E-04
 1485    0.96510E-04
 1486    0.96210E-04
 1487    0.95910E-04
 1488    0.95611E-04
 1489    0.95313E-04
 1490    0.95017E-04
 1491    0.94721E-04
 1492    0.94426E-04
 1493    0.94131E-04
 1494    0.93838E-04
 1495    0.93546E-04
 1496    0.93255E-04
 1497    0.92964E-04
 1498    0.92675E-04
 1499    0.92386E-04
 1500    0.92098E-04
 1501    0.91811E-04
 1502    0.91525E-04
 1503    0.91240E-04
 1504    0.90956E-04
 1505    0.90673E-04
 1506    0.90390E-04
 1507    0.90109E-04
 1508    0.89828E-04
 1509    0.89548E-04
 1510    0.89270E-04
 1511    0.88992E-04
 1512    0.88714E-04
 1513    0.88438E-04
 1514    0.88163E-04
 1515    0.87888E-04
 1516    0.87614E-04
 1517    0.87341E-04
 1518    0.87069E-04
 1519    0.86798E-04
 1520    0.86528E-04
 1521    0.86258E-04
 1522    0.85990E-04
 1523    0.85722E-04
 1524    0.85455E-04
 1525    0.85189E-04
 1526    0.84923E-04
 1527    0.84659E-04
 1528    0.84395E-04
 1529    0.84132E-04
 1530    0.83870E-04
 1531    0.83609E-04
 1532    0.83349E-04
 1533    0.83089E-04
 1534    0.82830E-04
 1535    0.82572E-04
 1536    0.82315E-04
 1537    0.82059E-04
 1538    0.81803E-04
 1539    0.81549E-04
 1540    0.81295E-04
 1541    0.81041E-04
 1542    0.80789E-04
 1543    0.80537E-04
 1544    0.80287E-04
 1545    0.80037E-04
 1546    0.79787E-04
 1547    0.79539E-04
 1548    0.79291E-04
 1549    0.79044E-04
 1550    0.78798E-04
 1551    0.78553E-04
 1552    0.78308E-04
 1553    0.78064E-04
 1554    0.77821E-04
 1555    0.77579E-04
 1556    0.77337E-04
 1557    0.77096E-04
 1558    0.76856E-04
 1559    0.76617E-04
 1560    0.76378E-04
 1561    0.76140E-04
 1562    0.75903E-04
 1563    0.75667E-04
 1564    0.75431E-04
 1565    0.75196E-04
 1566    0.74962E-04
 1567    0.74728E-04
 1568    0.74496E-04
 1569    0.74264E-04
 1570    0.74032E-04
 1571    0.73802E-04
 1572    0.73572E-04
 1573    0.73343E-04
 1574    0.73114E-04
 1575    0.72887E-04
 1576    0.72660E-04
 1577    0.72433E-04
 1578    0.72208E-04
 1579    0.71983E-04
 1580    0.71759E-04
 1581    0.71535E-04
 1582    0.71313E-04
 1583    0.71091E-04
 1584    0.70869E-04
 1585    0.70648E-04
 1586    0.70428E-04
 1587    0.70209E-04
 1588    0.69990E-04
 1589    0.69772E-04
 1590    0.69555E-04
 1591    0.69339E-04
 1592    0.69123E-04
 1593    0.68907E-04
 1594    0.68693E-04
 1595    0.68479E-04
 1596    0.68266E-04
 1597    0.68053E-04
 1598    0.67841E-04
 1599    0.67630E-04
 1600    0.67419E-04
 1601    0.67209E-04
 1602    0.67000E-04
 1603    0.66791E-04
 1604    0.66583E-04
 1605    0.66376E-04
 1606    0.66169E-04
 1607    0.65963E-04
 1608    0.65758E-04
 1609    0.65553E-04
 1610    0.65349E-04
 1611    0.65145E-04
 1612    0.64942E-04
 1613    0.64740E-04
 1614    0.64539E-04
 1615    0.64338E-04
 1616    0.64137E-04
 1617    0.63938E-04
 1618    0.63738E-04
 1619    0.63540E-04
 1620    0.63342E-04
 1621    0.63145E-04
 1622    0.62948E-04
 1623    0.62752E-04
 1624    0.62557E-04
 1625    0.62362E-04
 1626    0.62168E-04
 1627    0.61974E-04
 1628    0.61781E-04
 1629    0.61589E-04
 1630    0.61397E-04
 1631    0.61206E-04
 1632    0.61015E-04
 1633    0.60825E-04
 1634    0.60636E-04
 1635    0.60447E-04
 1636    0.60259E-04
 1637    0.60071E-04
 1638    0.59884E-04
 1639    0.59697E-04
 1640    0.59512E-04
 1641    0.59326E-04
 1642    0.59141E-04
 1643    0.58957E-04
 1644    0.58774E-04
 1645    0.58591E-04
 1646    0.58408E-04
 1647    0.58226E-04
 1648    0.58045E-04
 1649    0.57864E-04
 1650    0.57684E-04
 1651    0.57504E-04
 1652    0.57325E-04
 1653    0.57147E-04
 1654    0.56969E-04
 1655    0.56791E-04
 1656    0.56615E-04
 1657    0.56438E-04
 1658    0.56263E-04
 1659    0.56087E-04
 1660    0.55913E-04
 1661    0.55739E-04
 1662    0.55565E-04
 1663    0.55392E-04
 1664    0.55220E-04
 1665    0.55048E-04
 1666    0.54876E-04
 1667    0.54705E-04
 1668    0.54535E-04
 1669    0.54365E-04
 1670    0.54196E-04
 1671    0.54027E-04
 1672    0.53859E-04
 1673    0.53691E-04
 1674    0.53524E-04
 1675    0.53357E-04
 1676    0.53191E-04
 1677    0.53025E-04
 1678    0.52860E-04
 1679    0.52696E-04
 1680    0.52532E-04
 1681    0.52368E-04
 1682    0.52205E-04
 1683    0.52042E-04
 1684    0.51880E-04
 1685    0.51719E-04
 1686    0.51558E-04
 1687    0.51397E-04
 1688    0.51237E-04
 1689    0.51078E-04
 1690    0.50918E-04
 1691    0.50760E-04
 1692    0.50602E-04
 1693    0.50444E-04
 1694    0.50287E-04
 1695    0.50131E-04
 1696    0.49975E-04
 1697    0.49819E-04
 1698    0.49664E-04
 1699    0.49509E-04
 1700    0.49355E-04
 1701    0.49201E-04
 1702    0.49048E-04
 1703    0.48895E-04
 1704    0.48743E-04
 1705    0.48591E-04
 1706    0.48440E-04
 1707    0.48289E-04
 1708    0.48139E-04
 1709    0.47989E-04
 1710    0.47839E-04
 1711    0.47690E-04
 1712    0.47542E-04
 1713    0.47394E-04
 1714    0.47246E-04
 1715    0.47099E-04
 1716    0.46953E-04
 1717    0.46806E-04
 1718    0.46661E-04
 1719    0.46515E-04
 1720    0.46370E-04
 1721    0.46226E-04
 1722    0.46082E-04
 1723    0.45939E-04
 1724    0.45796E-04
 1725    0.45653E-04
 1726    0.45511E-04
 1727    0.45369E-04
 1728    0.45228E-04
 1729    0.45087E-04
 1730    0.44947E-04
 1731    0.44807E-04
 1732    0.44667E-04
 1733    0.44528E-04
 1734    0.44389E-04
 1735    0.44251E-04
 1736    0.44113E-04
 1737    0.43976E-04
 1738    0.43839E-04
 1739    0.43703E-04
 1740    0.43566E-04
 1741    0.43431E-04
 1742    0.43296E-04
 1743    0.43161E-04
 1744    0.43026E-04
 1745    0.42892E-04
 1746    0.42759E-04
 1747    0.42626E-04
 1748    0.42493E-04
 1749    0.42361E-04
 1750    0.42229E-04
 1751    0.42097E-04
 1752    0.41966E-04
 1753    0.41835E-04
 1754    0.41705E-04
 1755    0.41575E-04
 1756    0.41446E-04
 1757    0.41317E-04
 1758    0.41188E-04
 1759    0.41060E-04
 1760    0.40932E-04
 1761    0.40805E-04
 1762    0.40677E-04
 1763    0.40551E-04
 1764    0.40425E-04
 1765    0.40299E-04
 1766    0.40173E-04
 1767    0.40048E-04
 1768    0.39923E-04
 1769    0.39799E-04
 1770    0.39675E-04
 1771    0.39552E-04
 1772    0.39428E-04
 1773    0.39306E-04
 1774    0.39183E-04
 1775    0.39061E-04
 1776    0.38940E-04
 1777    0.38818E-04
 1778    0.38698E-04
 1779    0.38577E-04
 1780    0.38457E-04
 1781    0.38337E-04
 1782    0.38218E-04
 1783    0.38099E-04
 1784    0.37980E-04
 1785    0.37862E-04
 1786    0.37744E-04
 1787    0.37626E-04
 1788    0.37509E-04
 1789    0.37392E-04
 1790    0.37276E-04
 1791    0.37160E-04
 1792    0.37044E-04
 1793    0.36929E-04
 1794    0.36814E-04
 1795    0.36699E-04
 1796    0.36585E-04
 1797    0.36471E-04
 1798    0.36358E-04
 1799    0.36244E-04
 1800    0.36131E-04
 1801    0.36019E-04
 1802    0.35907E-04
 1803    0.35795E-04
 1804    0.35684E-04
 1805    0.35572E-04
 1806    0.35462E-04
 1807    0.35351E-04
 1808    0.35241E-04
 1809    0.35131E-04
 1810    0.35022E-04
 1811    0.34913E-04
 1812    0.34804E-04
 1813    0.34696E-04
 1814    0.34588E-04
 1815    0.34480E-04
 1816    0.34373E-04
 1817    0.34266E-04
 1818    0.34159E-04
 1819    0.34053E-04
 1820    0.33947E-04
 1821    0.33841E-04
 1822    0.33736E-04
 1823    0.33631E-04
 1824    0.33526E-04
 1825    0.33421E-04
 1826    0.33317E-04
 1827    0.33214E-04
 1828    0.33110E-04
 1829    0.33007E-04
 1830    0.32904E-04
 1831    0.32802E-04
 1832    0.32700E-04
 1833    0.32598E-04
 1834    0.32496E-04
 1835    0.32395E-04
 1836    0.32294E-04
 1837    0.32194E-04
 1838    0.32094E-04
 1839    0.31994E-04
 1840    0.31894E-04
 1841    0.31795E-04
 1842    0.31696E-04
 1843    0.31597E-04
 1844    0.31499E-04
 1845    0.31401E-04
 1846    0.31303E-04
 1847    0.31205E-04
 1848    0.31108E-04
 1849    0.31011E-04
 1850    0.30915E-04
 1851    0.30818E-04
 1852    0.30722E-04
 1853    0.30627E-04
 1854    0.30531E-04
 1855    0.30436E-04
 1856    0.30342E-04
 1857    0.30247E-04
 1858    0.30153E-04
 1859    0.30059E-04
 1860    0.29965E-04
 1861    0.29872E-04
 1862    0.29779E-04
 1863    0.29686E-04
 1864    0.29594E-04
 1865    0.29502E-04
 1866    0.29410E-04
 1867    0.29318E-04
 1868    0.29227E-04
 1869    0.29136E-04
 1870    0.29045E-04
 1871    0.28955E-04
 1872    0.28865E-04
 1873    0.28775E-04
 1874    0.28685E-04
 1875    0.28596E-04
 1876    0.28507E-04
 1877    0.28418E-04
 1878    0.28330E-04
 1879    0.28241E-04
 1880    0.28154E-04
 1881    0.28066E-04
 1882    0.27978E-04
 1883    0.27891E-04
 1884    0.27805E-04
 1885    0.27718E-04
 1886    0.27632E-04
 1887    0.27546E-04
 1888    0.27460E-04
 1889    0.27374E-04
 1890    0.27289E-04
 1891    0.27204E-04
 1892    0.27119E-04
 1893    0.27035E-04
 1894    0.26951E-04
 1895    0.26867E-04
 1896    0.26783E-04
 1897    0.26700E-04
 1898    0.26617E-04
 1899    0.26534E-04
 1900    0.26451E-04
 1901    0.26369E-04
 1902    0.26287E-04
 1903    0.26205E-04
 1904    0.26123E-04
 1905    0.26042E-04
 1906    0.25961E-04
 1907    0.25880E-04
 1908    0.25799E-04
 1909    0.25719E-04
 1910    0.25639E-04
 1911    0.25559E-04
 1912    0.25480E-04
 1913    0.25400E-04
 1914    0.25321E-04
 1915    0.25242E-04
 1916    0.25164E-04
 1917    0.25085E-04
 1918    0.25007E-04
 1919    0.24929E-04
 1920    0.24852E-04
 1921    0.24774E-04
 1922    0.24697E-04
 1923    0.24620E-04
 1924    0.24544E-04
 1925    0.24467E-04
 1926    0.24391E-04
 1927    0.24315E-04
 1928    0.24239E-04
 1929    0.24164E-04
 1930    0.24089E-04
 1931    0.24014E-04
 1932    0.23939E-04
 1933    0.23864E-04
 1934    0.23790E-04
 1935    0.23716E-04
 1936    0.23642E-04
 1937    0.23569E-04
 1938    0.23495E-04
 1939    0.23422E-04
 1940    0.23349E-04
 1941    0.23276E-04
 1942    0.23204E-04
 1943    0.23132E-04
 1944    0.23060E-04
 1945    0.22988E-04
 1946    0.22916E-04
 1947    0.22845E-04
 1948    0.22774E-04
 1949    0.22703E-04
 1950    0.22632E-04
 1951    0.22562E-04
 1952    0.22491E-04
 1953    0.22421E-04
 1954    0.22352E-04
 1955    0.22282E-04
 1956    0.22213E-04
 1957    0.22143E-04
 1958    0.22074E-04
 1959    0.22006E-04
 1960    0.21937E-04
 1961    0.21869E-04
 1962    0.21801E-04
 1963    0.21733E-04
 1964    0.21665E-04
 1965    0.21598E-04
 1966    0.21531E-04
 1967    0.21464E-04
 1968    0.21397E-04
 1969    0.21330E-04
 1970    0.21264E-04
 1971    0.21197E-04
 1972    0.21131E-04
 1973    0.21066E-04
 1974    0.21000E-04
 1975    0.20935E-04
 1976    0.20869E-04
 1977    0.20804E-04
 1978    0.20740E-04
 1979    0.20675E-04
 1980    0.20611E-04
 1981    0.20547E-04
 1982    0.20483E-04
 1983    0.20419E-04
 1984    0.20355E-04
 1985    0.20292E-04
 1986    0.20229E-04
 1987    0.20166E-04
 1988    0.20103E-04
 1989    0.20040E-04
 1990    0.19978E-04
 1991    0.19916E-04
 1992    0.19854E-04
 1993    0.19792E-04
 1994    0.19730E-04
 1995    0.19669E-04
 1996    0.19608E-04
 1997    0.19547E-04
 1998    0.19486E-04
 1999    0.19425E-04
 2000    0.19365E-04
 2001    0.19304E-04
 2002    0.19244E-04
 2003    0.19184E-04
 2004    0.19124E-04
 2005    0.19065E-04
 2006    0.19006E-04
 2007    0.18946E-04
 2008    0.18887E-04
 2009    0.18829E-04
 2010    0.18770E-04
 2011    0.18711E-04
 2012    0.18653E-04
 2013    0.18595E-04
 2014    0.18537E-04
 2015    0.18480E-04
 2016    0.18422E-04
 2017    0.18365E-04
 2018    0.18307E-04
 2019    0.18250E-04
 2020    0.18194E-04
 2021    0.18137E-04
 2022    0.18080E-04
 2023    0.18024E-04
 2024    0.17968E-04
 2025    0.17912E-04
 2026    0.17856E-04
 2027    0.17801E-04
 2028    0.17745E-04
 2029    0.17690E-04
 2030    0.17635E-04
 2031    0.17580E-04
 2032    0.17525E-04
 2033    0.17471E-04
 2034    0.17416E-04
 2035    0.17362E-04
 2036    0.17308E-04
 2037    0.17254E-04
 2038    0.17200E-04
 2039    0.17147E-04
 2040    0.17094E-04
 2041    0.17040E-04
 2042    0.16987E-04
 2043    0.16934E-04
 2044    0.16882E-04
 2045    0.16829E-04
 2046    0.16777E-04
 2047    0.16724E-04
 2048    0.16672E-04
 2049    0.16620E-04
 2050    0.16569E-04
 2051    0.16517E-04
 2052    0.16466E-04
 2053    0.16414E-04
 2054    0.16363E-04
 2055    0.16312E-04
 2056    0.16262E-04
 2057    0.16211E-04
 2058    0.16160E-04
 2059    0.16110E-04
 2060    0.16060E-04
 2061    0.16010E-04
 2062    0.15960E-04
 2063    0.15910E-04
 2064    0.15861E-04
 2065    0.15811E-04
 2066    0.15762E-04
 2067    0.15713E-04
 2068    0.15664E-04
 2069    0.15615E-04
 2070    0.15567E-04
 2071    0.15518E-04
 2072    0.15470E-04
 2073    0.15422E-04
 2074    0.15374E-04
 2075    0.15326E-04
 2076    0.15278E-04
 2077    0.15231E-04
 2078    0.15183E-04
 2079    0.15136E-04
 2080    0.15089E-04
 2081    0.15042E-04
 2082    0.14995E-04
 2083    0.14948E-04
 2084    0.14902E-04
 2085    0.14855E-04
 2086    0.14809E-04
 2087    0.14763E-04
 2088    0.14717E-04
 2089    0.14671E-04
 2090    0.14626E-04
 2091    0.14580E-04
 2092    0.14535E-04
 2093    0.14489E-04
 2094    0.14444E-04
 2095    0.14399E-04
 2096    0.14354E-04
 2097    0.14310E-04
 2098    0.14265E-04
 2099    0.14221E-04
 2100    0.14176E-04
 2101    0.14132E-04
 2102    0.14088E-04
 2103    0.14044E-04
 2104    0.14001E-04
 2105    0.13957E-04
 2106    0.13914E-04
 2107    0.13870E-04
 2108    0.13827E-04
 2109    0.13784E-04
 2110    0.13741E-04
 2111    0.13698E-04
 2112    0.13656E-04
 2113    0.13613E-04
 2114    0.13571E-04
 2115    0.13529E-04
 2116    0.13486E-04
 2117    0.13444E-04
 2118    0.13403E-04
 2119    0.13361E-04
 2120    0.13319E-04
 2121    0.13278E-04
 2122    0.13236E-04
 2123    0.13195E-04
 2124    0.13154E-04
 2125    0.13113E-04
 2126    0.13072E-04
 2127    0.13032E-04
 2128    0.12991E-04
 2129    0.12951E-04
 2130    0.12910E-04
 2131    0.12870E-04
 2132    0.12830E-04
 2133    0.12790E-04
 2134    0.12750E-04
 2135    0.12711E-04
 2136    0.12671E-04
 2137    0.12632E-04
 2138    0.12592E-04
 2139    0.12553E-04
 2140    0.12514E-04
 2141    0.12475E-04
 2142    0.12436E-04
 2143    0.12397E-04
 2144    0.12359E-04
 2145    0.12320E-04
 2146    0.12282E-04
 2147    0.12244E-04
 2148    0.12206E-04
 2149    0.12168E-04
 2150    0.12130E-04
 2151    0.12092E-04
 2152    0.12054E-04
 2153    0.12017E-04
 2154    0.11979E-04
 2155    0.11942E-04
 2156    0.11905E-04
 2157    0.11868E-04
 2158    0.11831E-04
 2159    0.11794E-04
 2160    0.11757E-04
 2161    0.11721E-04
 2162    0.11684E-04
 2163    0.11648E-04
 2164    0.11612E-04
 2165    0.11575E-04
 2166    0.11539E-04
 2167    0.11503E-04
 2168    0.11468E-04
 2169    0.11432E-04
 2170    0.11396E-04
 2171    0.11361E-04
 2172    0.11325E-04
 2173    0.11290E-04
 2174    0.11255E-04
 2175    0.11220E-04
 2176    0.11185E-04
 2177    0.11150E-04
 2178    0.11115E-04
 2179    0.11081E-04
 2180    0.11046E-04
 2181    0.11012E-04
 2182    0.10978E-04
 2183    0.10944E-04
 2184    0.10909E-04
 2185    0.10875E-04
 2186    0.10842E-04
 2187    0.10808E-04
 2188    0.10774E-04
 2189    0.10741E-04
 2190    0.10707E-04
 2191    0.10674E-04
 2192    0.10641E-04
 2193    0.10607E-04
 2194    0.10574E-04
 2195    0.10542E-04
 2196    0.10509E-04
 2197    0.10476E-04
 2198    0.10443E-04
 2199    0.10411E-04
 2200    0.10378E-04
 2201    0.10346E-04
 2202    0.10314E-04
 2203    0.10282E-04
 2204    0.10250E-04
 2205    0.10218E-04
 2206    0.10186E-04
 2207    0.10154E-04
 2208    0.10123E-04
 2209    0.10091E-04
 2210    0.10060E-04
 2211    0.10028E-04
 2212    0.99972E-05
 2213    0.99661E-05
 2214    0.99351E-05
 2215    0.99041E-05
 2216    0.98733E-05
 2217    0.98426E-05
 2218    0.98119E-05
 2219    0.97814E-05
 2220    0.97509E-05
 2221    0.97205E-05
 2222    0.96903E-05
 2223    0.96601E-05
 2224    0.96300E-05
 2225    0.96000E-05
 2226    0.95701E-05
 2227    0.95403E-05
 2228    0.95106E-05
 2229    0.94810E-05
 2230    0.94515E-05
 2231    0.94221E-05
 2232    0.93927E-05
 2233    0.93635E-05
 2234    0.93343E-05
 2235    0.93053E-05
 2236    0.92763E-05
 2237    0.92474E-05
 2238    0.92186E-05
 2239    0.91899E-05
 2240    0.91613E-05
 2241    0.91328E-05
 2242    0.91043E-05
 2243    0.90760E-05
 2244    0.90477E-05
 2245    0.90196E-05
 2246    0.89915E-05
 2247    0.89635E-05
 2248    0.89356E-05
 2249    0.89078E-05
 2250    0.88800E-05
 2251    0.88524E-05
 2252    0.88248E-05
 2253    0.87973E-05
 2254    0.87699E-05
 2255    0.87426E-05
 2256    0.87154E-05
 2257    0.86883E-05
 2258    0.86612E-05
 2259    0.86342E-05
 2260    0.86074E-05
 2261    0.85806E-05
 2262    0.85538E-05
 2263    0.85272E-05
 2264    0.85007E-05
 2265    0.84742E-05
 2266    0.84478E-05
 2267    0.84215E-05
 2268    0.83953E-05
 2269    0.83691E-05
 2270    0.83431E-05
 2271    0.83171E-05
 2272    0.82912E-05
 2273    0.82654E-05
 2274    0.82397E-05
 2275    0.82140E-05
 2276    0.81884E-05
 2277    0.81629E-05
 2278    0.81375E-05
 2279    0.81122E-05
 2280    0.80869E-05
 2281    0.80617E-05
 2282    0.80366E-05
 2283    0.80116E-05
 2284    0.79867E-05
 2285    0.79618E-05
 2286    0.79370E-05
 2287    0.79123E-05
 2288    0.78877E-05
 2289    0.78631E-05
 2290    0.78386E-05
 2291    0.78142E-05
 2292    0.77899E-05
 2293    0.77656E-05
 2294    0.77414E-05
 2295    0.77173E-05
 2296    0.76933E-05
 2297    0.76694E-05
 2298    0.76455E-05
 2299    0.76217E-05
 2300    0.75979E-05
 2301    0.75743E-05
 2302    0.75507E-05
 2303    0.75272E-05
 2304    0.75037E-05
 2305    0.74804E-05
 2306    0.74571E-05
 2307    0.74339E-05
 2308    0.74107E-05
 2309    0.73877E-05
 2310    0.73646E-05
 2311    0.73417E-05
 2312    0.73189E-05
 2313    0.72961E-05
 2314    0.72734E-05
 2315    0.72507E-05
 2316    0.72281E-05
 2317    0.72056E-05
 2318    0.71832E-05
 2319    0.71608E-05
 2320    0.71385E-05
 2321    0.71163E-05
 2322    0.70941E-05
 2323    0.70721E-05
 2324    0.70500E-05
 2325    0.70281E-05
 2326    0.70062E-05
 2327    0.69844E-05
 2328    0.69626E-05
 2329    0.69410E-05
 2330    0.69193E-05
 2331    0.68978E-05
 2332    0.68763E-05
 2333    0.68549E-05
 2334    0.68336E-05
 2335    0.68123E-05
 2336    0.67911E-05
 2337    0.67699E-05
 2338    0.67489E-05
 2339    0.67278E-05
 2340    0.67069E-05
 2341    0.66860E-05
 2342    0.66652E-05
 2343    0.66444E-05
 2344    0.66237E-05
 2345    0.66031E-05
 2346    0.65826E-05
 2347    0.65621E-05
 2348    0.65416E-05
 2349    0.65213E-05
 2350    0.65010E-05
 2351    0.64807E-05
 2352    0.64605E-05
 2353    0.64404E-05
 2354    0.64204E-05
 2355    0.64004E-05
 2356    0.63805E-05
 2357    0.63606E-05
 2358    0.63408E-05
 2359    0.63210E-05
 2360    0.63014E-05
 2361    0.62817E-05
 2362    0.62622E-05
 2363    0.62427E-05
 2364    0.62232E-05
 2365    0.62039E-05
 2366    0.61845E-05
 2367    0.61653E-05
 2368    0.61461E-05
 2369    0.61270E-05
 2370    0.61079E-05
 2371    0.60889E-05
 2372    0.60699E-05
 2373    0.60510E-05
 2374    0.60322E-05
 2375    0.60134E-05
 2376    0.59947E-05
 2377    0.59760E-05
 2378    0.59574E-05
 2379    0.59388E-05
 2380    0.59203E-05
 2381    0.59019E-05
 2382    0.58835E-05
 2383    0.58652E-05
 2384    0.58469E-05
 2385    0.58287E-05
 2386    0.58106E-05
 2387    0.57925E-05
 2388    0.57745E-05
 2389    0.57565E-05
 2390    0.57386E-05
 2391    0.57207E-05
 2392    0.57029E-05
 2393    0.56851E-05
 2394    0.56674E-05
 2395    0.56498E-05
 2396    0.56322E-05
 2397    0.56146E-05
 2398    0.55972E-05
 2399    0.55797E-05
 2400    0.55624E-05
 2401    0.55450E-05
 2402    0.55278E-05
 2403    0.55106E-05
 2404    0.54934E-05
 2405    0.54763E-05
 2406    0.54593E-05
 2407    0.54423E-05
 2408    0.54253E-05
 2409    0.54084E-05
 2410    0.53916E-05
 2411    0.53748E-05
 2412    0.53581E-05
 2413    0.53414E-05
 2414    0.53247E-05
 2415    0.53082E-05
 2416    0.52916E-05
 2417    0.52752E-05
 2418    0.52587E-05
 2419    0.52424E-05
 2420    0.52260E-05
 2421    0.52098E-05
 2422    0.51935E-05
 2423    0.51774E-05
 2424    0.51612E-05
 2425    0.51452E-05
 2426    0.51292E-05
 2427    0.51132E-05
 2428    0.50973E-05
 2429    0.50814E-05
 2430    0.50656E-05
 2431    0.50498E-05
 2432    0.50341E-05
 2433    0.50184E-05
 2434    0.50028E-05
 2435    0.49872E-05
 2436    0.49717E-05
 2437    0.49562E-05
 2438    0.49408E-05
 2439    0.49254E-05
 2440    0.49100E-05
 2441    0.48948E-05
 2442    0.48795E-05
 2443    0.48643E-05
 2444    0.48492E-05
 2445    0.48341E-05
 2446    0.48190E-05
 2447    0.48040E-05
 2448    0.47891E-05
 2449    0.47741E-05
 2450    0.47593E-05
 2451    0.47445E-05
 2452    0.47297E-05
 2453    0.47150E-05
 2454    0.47003E-05
 2455    0.46856E-05
 2456    0.46711E-05
 2457    0.46565E-05
 2458    0.46420E-05
 2459    0.46276E-05
 2460    0.46132E-05
 2461    0.45988E-05
 2462    0.45845E-05
 2463    0.45702E-05
 2464    0.45560E-05
 2465    0.45418E-05
 2466    0.45276E-05
 2467    0.45135E-05
 2468    0.44995E-05
 2469    0.44855E-05
 2470    0.44715E-05
 2471    0.44576E-05
 2472    0.44437E-05
 2473    0.44299E-05
 2474    0.44161E-05
 2475    0.44023E-05
 2476    0.43886E-05
 2477    0.43750E-05
 2478    0.43613E-05
 2479    0.43478E-05
 2480    0.43342E-05
 2481    0.43207E-05
 2482    0.43073E-05
 2483    0.42939E-05
 2484    0.42805E-05
 2485    0.42672E-05
 2486    0.42539E-05
 2487    0.42406E-05
 2488    0.42274E-05
 2489    0.42143E-05
 2490    0.42011E-05
 2491    0.41881E-05
 2492    0.41750E-05
 2493    0.41620E-05
 2494    0.41491E-05
 2495    0.41361E-05
 2496    0.41233E-05
 2497    0.41104E-05
 2498    0.40976E-05
 2499    0.40849E-05
 2500    0.40721E-05
 2501    0.40595E-05
 2502    0.40468E-05
 2503    0.40342E-05
 2504    0.40217E-05
 2505    0.40091E-05
 2506    0.39967E-05
 2507    0.39842E-05
 2508    0.39718E-05
 2509    0.39594E-05
 2510    0.39471E-05
 2511    0.39348E-05
 2512    0.39226E-05
 2513    0.39104E-05
 2514    0.38982E-05
 2515    0.38860E-05
 2516    0.38739E-05
 2517    0.38619E-05
 2518    0.38499E-05
 2519    0.38379E-05
 2520    0.38259E-05
 2521    0.38140E-05
 2522    0.38021E-05
 2523    0.37903E-05
 2524    0.37785E-05
 2525    0.37667E-05
 2526    0.37550E-05
 2527    0.37433E-05
 2528    0.37317E-05
 2529    0.37200E-05
 2530    0.37085E-05
 2531    0.36969E-05
 2532    0.36854E-05
 2533    0.36739E-05
 2534    0.36625E-05
 2535    0.36511E-05
 2536    0.36397E-05
 2537    0.36284E-05
 2538    0.36171E-05
 2539    0.36058E-05
 2540    0.35946E-05
 2541    0.35834E-05
 2542    0.35722E-05
 2543    0.35611E-05
 2544    0.35500E-05
 2545    0.35390E-05
 2546    0.35280E-05
 2547    0.35170E-05
 2548    0.35060E-05
 2549    0.34951E-05
 2550    0.34842E-05
 2551    0.34734E-05
 2552    0.34626E-05
 2553    0.34518E-05
 2554    0.34410E-05
 2555    0.34303E-05
 2556    0.34196E-05
 2557    0.34090E-05
 2558    0.33984E-05
 2559    0.33878E-05
 2560    0.33772E-05
 2561    0.33667E-05
 2562    0.33562E-05
 2563    0.33458E-05
 2564    0.33354E-05
 2565    0.33250E-05
 2566    0.33146E-05
 2567    0.33043E-05
 2568    0.32940E-05
 2569    0.32838E-05
 2570    0.32735E-05
 2571    0.32633E-05
 2572    0.32532E-05
 2573    0.32431E-05
 2574    0.32330E-05
 2575    0.32229E-05
 2576    0.32129E-05
 2577    0.32029E-05
 2578    0.31929E-05
 2579    0.31829E-05
 2580    0.31730E-05
 2581    0.31632E-05
 2582    0.31533E-05
 2583    0.31435E-05
 2584    0.31337E-05
 2585    0.31239E-05
 2586    0.31142E-05
 2587    0.31045E-05
 2588    0.30948E-05
 2589    0.30852E-05
 2590    0.30756E-05
 2591    0.30660E-05
 2592    0.30565E-05
 2593    0.30470E-05
 2594    0.30375E-05
 2595    0.30280E-05
 2596    0.30186E-05
 2597    0.30092E-05
 2598    0.29998E-05
 2599    0.29905E-05
 2600    0.29812E-05
 2601    0.29719E-05
 2602    0.29626E-05
 2603    0.29534E-05
 2604    0.29442E-05
 2605    0.29350E-05
 2606    0.29259E-05
 2607    0.29168E-05
 2608    0.29077E-05
 2609    0.28987E-05
 2610    0.28896E-05
 2611    0.28806E-05
 2612    0.28717E-05
 2613    0.28627E-05
 2614    0.28538E-05
 2615    0.28449E-05
 2616    0.28361E-05
 2617    0.28272E-05
 2618    0.28184E-05
 2619    0.28097E-05
 2620    0.28009E-05
 2621    0.27922E-05
 2622    0.27835E-05
 2623    0.27748E-05
 2624    0.27662E-05
 2625    0.27576E-05
 2626    0.27490E-05
 2627    0.27404E-05
 2628    0.27319E-05
 2629    0.27234E-05
 2630    0.27149E-05
 2631    0.27065E-05
 2632    0.26980E-05
 2633    0.26896E-05
 2634    0.26813E-05
 2635    0.26729E-05
 2636    0.26646E-05
 2637    0.26563E-05
 2638    0.26480E-05
 2639    0.26398E-05
 2640    0.26316E-05
 2641    0.26234E-05
 2642    0.26152E-05
 2643    0.26071E-05
 2644    0.25989E-05
 2645    0.25908E-05
 2646    0.25828E-05
 2647    0.25747E-05
 2648    0.25667E-05
 2649    0.25587E-05
 2650    0.25508E-05
 2651    0.25428E-05
 2652    0.25349E-05
 2653    0.25270E-05
 2654    0.25191E-05
 2655    0.25113E-05
 2656    0.25035E-05
 2657    0.24957E-05
 2658    0.24879E-05
 2659    0.24802E-05
 2660    0.24724E-05
 2661    0.24647E-05
 2662    0.24571E-05
 2663    0.24494E-05
 2664    0.24418E-05
 2665    0.24342E-05
 2666    0.24266E-05
 2667    0.24191E-05
 2668    0.24115E-05
 2669    0.24040E-05
 2670    0.23965E-05
 2671    0.23891E-05
 2672    0.23816E-05
 2673    0.23742E-05
 2674    0.23668E-05
 2675    0.23594E-05
 2676    0.23521E-05
 2677    0.23448E-05
 2678    0.23375E-05
 2679    0.23302E-05
 2680    0.23229E-05
 2681    0.23157E-05
 2682    0.23085E-05
 2683    0.23013E-05
 2684    0.22941E-05
 2685    0.22870E-05
 2686    0.22799E-05
 2687    0.22728E-05
 2688    0.22657E-05
 2689    0.22587E-05
 2690    0.22516E-05
 2691    0.22446E-05
 2692    0.22376E-05
 2693    0.22307E-05
 2694    0.22237E-05
 2695    0.22168E-05
 2696    0.22099E-05
 2697    0.22030E-05
 2698    0.21961E-05
 2699    0.21893E-05
 2700    0.21825E-05
 2701    0.21757E-05
 2702    0.21689E-05
 2703    0.21622E-05
 2704    0.21554E-05
 2705    0.21487E-05
 2706    0.21420E-05
 2707    0.21354E-05
 2708    0.21287E-05
 2709    0.21221E-05
 2710    0.21155E-05
 2711    0.21089E-05
 2712    0.21023E-05
 2713    0.20958E-05
 2714    0.20892E-05
 2715    0.20827E-05
 2716    0.20763E-05
 2717    0.20698E-05
 2718    0.20633E-05
 2719    0.20569E-05
 2720    0.20505E-05
 2721    0.20441E-05
 2722    0.20378E-05
 2723    0.20314E-05
 2724    0.20251E-05
 2725    0.20188E-05
 2726    0.20125E-05
 2727    0.20062E-05
 2728    0.20000E-05
 2729    0.19938E-05
 2730    0.19876E-05
 2731    0.19814E-05
 2732    0.19752E-05
 2733    0.19691E-05
 2734    0.19629E-05
 2735    0.19568E-05
 2736    0.19507E-05
 2737    0.19446E-05
 2738    0.19386E-05
 2739    0.19326E-05
 2740    0.19265E-05
 2741    0.19205E-05
 2742    0.19146E-05
 2743    0.19086E-05
 2744    0.19027E-05
 2745    0.18967E-05
 2746    0.18908E-05
 2747    0.18849E-05
 2748    0.18791E-05
 2749    0.18732E-05
 2750    0.18674E-05
 2751    0.18616E-05
 2752    0.18558E-05
 2753    0.18500E-05
 2754    0.18442E-05
 2755    0.18385E-05
 2756    0.18328E-05
 2757    0.18271E-05
 2758    0.18214E-05
 2759    0.18157E-05
 2760    0.18100E-05
 2761    0.18044E-05
 2762    0.17988E-05
 2763    0.17932E-05
 2764    0.17876E-05
 2765    0.17820E-05
 2766    0.17765E-05
 2767    0.17710E-05
 2768    0.17654E-05
 2769    0.17599E-05
 2770    0.17545E-05
 2771    0.17490E-05
 2772    0.17436E-05
 2773    0.17381E-05
 2774    0.17327E-05
 2775    0.17273E-05
 2776    0.17219E-05
 2777    0.17166E-05
 2778    0.17112E-05
 2779    0.17059E-05
 2780    0.17006E-05
 2781    0.16953E-05
 2782    0.16900E-05
 2783    0.16848E-05
 2784    0.16795E-05
 2785    0.16743E-05
 2786    0.16691E-05
 2787    0.16639E-05
 2788    0.16587E-05
 2789    0.16535E-05
 2790    0.16484E-05
 2791    0.16433E-05
 2792    0.16381E-05
 2793    0.16330E-05
 2794    0.16280E-05
 2795    0.16229E-05
 2796    0.16178E-05
 2797    0.16128E-05
 2798    0.16078E-05
 2799    0.16028E-05
 2800    0.15978E-05
 2801    0.15928E-05
 2802    0.15878E-05
 2803    0.15829E-05
 2804    0.15780E-05
 2805    0.15731E-05
 2806    0.15682E-05
 2807    0.15633E-05
 2808    0.15584E-05
 2809    0.15536E-05
 2810    0.15487E-05
 2811    0.15439E-05
 2812    0.15391E-05
 2813    0.15343E-05
 2814    0.15295E-05
 2815    0.15248E-05
 2816    0.15200E-05
 2817    0.15153E-05
 2818    0.15106E-05
 2819    0.15059E-05
 2820    0.15012E-05
 2821    0.14965E-05
 2822    0.14918E-05
 2823    0.14872E-05
 2824    0.14826E-05
 2825    0.14779E-05
 2826    0.14733E-05
 2827    0.14687E-05
 2828    0.14642E-05
 2829    0.14596E-05
 2830    0.14551E-05
 2831    0.14505E-05
 2832    0.14460E-05
 2833    0.14415E-05
 2834    0.14370E-05
 2835    0.14326E-05
 2836    0.14281E-05
 2837    0.14237E-05
 2838    0.14192E-05
 2839    0.14148E-05
 2840    0.14104E-05
 2841    0.14060E-05
 2842    0.14016E-05
 2843    0.13973E-05
 2844    0.13929E-05
 2845    0.13886E-05
 2846    0.13842E-05
 2847    0.13799E-05
 2848    0.13756E-05
 2849    0.13714E-05
 2850    0.13671E-05
 2851    0.13628E-05
 2852    0.13586E-05
 2853    0.13544E-05
 2854    0.13501E-05
 2855    0.13459E-05
 2856    0.13417E-05
 2857    0.13376E-05
 2858    0.13334E-05
 2859    0.13293E-05
 2860    0.13251E-05
 2861    0.13210E-05
 2862    0.13169E-05
 2863    0.13128E-05
 2864    0.13087E-05
 2865    0.13046E-05
 2866    0.13006E-05
 2867    0.12965E-05
 2868    0.12925E-05
 2869    0.12884E-05
 2870    0.12844E-05
 2871    0.12804E-05
 2872    0.12764E-05
 2873    0.12725E-05
 2874    0.12685E-05
 2875    0.12646E-05
 2876    0.12606E-05
 2877    0.12567E-05
 2878    0.12528E-05
 2879    0.12489E-05
 2880    0.12450E-05
 2881    0.12411E-05
 2882    0.12372E-05
 2883    0.12334E-05
 2884    0.12296E-05
 2885    0.12257E-05
 2886    0.12219E-05
 2887    0.12181E-05
 2888    0.12143E-05
 2889    0.12105E-05
 2890    0.12068E-05
 2891    0.12030E-05
 2892    0.11993E-05
 2893    0.11955E-05
 2894    0.11918E-05
 2895    0.11881E-05
 2896    0.11844E-05
 2897    0.11807E-05
 2898    0.11770E-05
 2899    0.11734E-05
 2900    0.11697E-05
 2901    0.11661E-05
 2902    0.11624E-05
 2903    0.11588E-05
 2904    0.11552E-05
 2905    0.11516E-05
 2906    0.11480E-05
 2907    0.11445E-05
 2908    0.11409E-05
 2909    0.11373E-05
 2910    0.11338E-05
 2911    0.11303E-05
 2912    0.11267E-05
 2913    0.11232E-05
 2914    0.11197E-05
 2915    0.11163E-05
 2916    0.11128E-05
 2917    0.11093E-05
 2918    0.11059E-05
 2919    0.11024E-05
 2920    0.10990E-05
 2921    0.10956E-05
 2922    0.10922E-05
 2923    0.10888E-05
 2924    0.10854E-05
 2925    0.10820E-05
 2926    0.10786E-05
 2927    0.10753E-05
 2928    0.10719E-05
 2929    0.10686E-05
 2930    0.10652E-05
 2931    0.10619E-05
 2932    0.10586E-05
 2933    0.10553E-05
 2934    0.10520E-05
 2935    0.10488E-05
 2936    0.10455E-05
 2937    0.10422E-05
 2938    0.10390E-05
 2939    0.10358E-05
 2940    0.10325E-05
 2941    0.10293E-05
 2942    0.10261E-05
 2943    0.10229E-05
 2944    0.10197E-05
 2945    0.10166E-05
 2946    0.10134E-05
 2947    0.10102E-05
 2948    0.10071E-05
 2949    0.10040E-05
 2950    0.10008E-05
 2951    0.99772E-06
 2952    0.99461E-06
 2953    0.99151E-06
 2954    0.98842E-06
 2955    0.98535E-06
 2956    0.98228E-06
 2957    0.97922E-06
 2958    0.97617E-06
 2959    0.97313E-06
 2960    0.97010E-06
 2961    0.96708E-06
 2962    0.96407E-06
 2963    0.96107E-06
 2964    0.95808E-06
 2965    0.95509E-06
 2966    0.95212E-06
 2967    0.94915E-06
 2968    0.94620E-06
 2969    0.94325E-06
 2970    0.94032E-06
 2971    0.93739E-06
 2972    0.93447E-06
 2973    0.93156E-06
 2974    0.92866E-06
 2975    0.92577E-06
 2976    0.92288E-06
 2977    0.92001E-06
 2978    0.91715E-06
 2979    0.91429E-06
 2980    0.91144E-06
 2981    0.90861E-06
 2982    0.90578E-06
 2983    0.90296E-06
 2984    0.90015E-06
 2985    0.89734E-06
 2986    0.89455E-06
 2987    0.89176E-06
 2988    0.88899E-06
 2989    0.88622E-06
 2990    0.88346E-06
 2991    0.88071E-06
 2992    0.87797E-06
 2993    0.87523E-06
 2994    0.87251E-06
 2995    0.86979E-06
 2996    0.86708E-06
 2997    0.86438E-06
 2998    0.86169E-06
 2999    0.85901E-06
 3000    0.85633E-06
 3001    0.85367E-06
 3002    0.85101E-06
 3003    0.84836E-06
 3004    0.84572E-06
 3005    0.84308E-06
 3006    0.84046E-06
 3007    0.83784E-06
 3008    0.83523E-06
 3009    0.83263E-06
 3010    0.83004E-06
 3011    0.82746E-06
 3012    0.82488E-06
 3013    0.82231E-06
 3014    0.81975E-06
 3015    0.81720E-06
 3016    0.81465E-06
 3017    0.81212E-06
 3018    0.80959E-06
 3019    0.80707E-06
 3020    0.80455E-06
 3021    0.80205E-06
 3022    0.79955E-06
 3023    0.79706E-06
 3024    0.79458E-06
 3025    0.79211E-06
 3026    0.78964E-06
 3027    0.78718E-06
 3028    0.78473E-06
 3029    0.78229E-06
 3030    0.77985E-06
 3031    0.77742E-06
 3032    0.77500E-06
 3033    0.77259E-06
 3034    0.77018E-06
 3035    0.76779E-06
 3036    0.76540E-06
 3037    0.76301E-06
 3038    0.76064E-06
 3039    0.75827E-06
 3040    0.75591E-06
 3041    0.75355E-06
 3042    0.75121E-06
 3043    0.74887E-06
 3044    0.74654E-06
 3045    0.74421E-06
 3046    0.74189E-06
 3047    0.73958E-06
 3048    0.73728E-06
 3049    0.73499E-06
 3050    0.73270E-06
 3051    0.73042E-06
 3052    0.72814E-06
 3053    0.72587E-06
 3054    0.72361E-06
 3055    0.72136E-06
 3056    0.71912E-06
 3057    0.71688E-06
 3058    0.71464E-06
 3059    0.71242E-06
 3060    0.71020E-06
 3061    0.70799E-06
 3062    0.70579E-06
 3063    0.70359E-06
 3064    0.70140E-06
 3065    0.69921E-06
 3066    0.69704E-06
 3067    0.69487E-06
 3068    0.69270E-06
 3069    0.69055E-06
 3070    0.68839E-06
 3071    0.68625E-06
 3072    0.68411E-06
 3073    0.68198E-06
 3074    0.67986E-06
 3075    0.67774E-06
 3076    0.67563E-06
 3077    0.67353E-06
 3078    0.67143E-06
 3079    0.66934E-06
 3080    0.66726E-06
 3081    0.66518E-06
 3082    0.66311E-06
 3083    0.66104E-06
 3084    0.65899E-06
 3085    0.65693E-06
 3086    0.65489E-06
 3087    0.65285E-06
 3088    0.65082E-06
 3089    0.64879E-06
 3090    0.64677E-06
 3091    0.64476E-06
 3092    0.64275E-06
 3093    0.64075E-06
 3094    0.63875E-06
 3095    0.63676E-06
 3096    0.63478E-06
 3097    0.63280E-06
 3098    0.63083E-06
 3099    0.62887E-06
 3100    0.62691E-06
 3101    0.62496E-06
 3102    0.62301E-06
 3103    0.62107E-06
 3104    0.61914E-06
 3105    0.61721E-06
 3106    0.61529E-06
 3107    0.61338E-06
 3108    0.61147E-06
 3109    0.60956E-06
 3110    0.60766E-06
 3111    0.60577E-06
 3112    0.60389E-06
 3113    0.60201E-06
 3114    0.60013E-06
 3115    0.59826E-06
 3116    0.59640E-06
 3117    0.59454E-06
 3118    0.59269E-06
 3119    0.59085E-06
 3120    0.58901E-06
 3121    0.58717E-06
 3122    0.58534E-06
 3123    0.58352E-06
 3124    0.58170E-06
 3125    0.57989E-06
 3126    0.57809E-06
 3127    0.57629E-06
 3128    0.57449E-06
 3129    0.57270E-06
 3130    0.57092E-06
 3131    0.56914E-06
 3132    0.56737E-06
 3133    0.56560E-06
 3134    0.56384E-06
 3135    0.56209E-06
 3136    0.56034E-06
 3137    0.55859E-06
 3138    0.55685E-06
 3139    0.55512E-06
 3140    0.55339E-06
 3141    0.55167E-06
 3142    0.54995E-06
 3143    0.54824E-06
 3144    0.54653E-06
 3145    0.54483E-06
 3146    0.54313E-06
 3147    0.54144E-06
 3148    0.53976E-06
 3149    0.53808E-06
 3150    0.53640E-06
 3151    0.53473E-06
 3152    0.53306E-06
 3153    0.53141E-06
 3154    0.52975E-06
 3155    0.52810E-06
 3156    0.52646E-06
 3157    0.52482E-06
 3158    0.52318E-06
 3159    0.52155E-06
 3160    0.51993E-06
 3161    0.51831E-06
 3162    0.51670E-06
 3163    0.51509E-06
 3164    0.51348E-06
 3165    0.51189E-06
 3166    0.51029E-06
 3167    0.50870E-06
 3168    0.50712E-06
 3169    0.50554E-06
 3170    0.50397E-06
 3171    0.50240E-06
 3172    0.50083E-06
 3173    0.49927E-06
 3174    0.49772E-06
 3175    0.49617E-06
 3176    0.49462E-06
 3177    0.49308E-06
 3178    0.49155E-06
 3179    0.49002E-06
 3180    0.48849E-06
 3181    0.48697E-06
 3182    0.48546E-06
 3183    0.48394E-06
 3184    0.48244E-06
 3185    0.48093E-06
 3186    0.47944E-06
 3187    0.47794E-06
 3188    0.47646E-06
 3189    0.47497E-06
 3190    0.47349E-06
 3191    0.47202E-06
 3192    0.47055E-06
 3193    0.46908E-06
 3194    0.46762E-06
 3195    0.46617E-06
 3196    0.46472E-06
 3197    0.46327E-06
 3198    0.46183E-06
 3199    0.46039E-06
 3200    0.45896E-06
 3201    0.45753E-06
 3202    0.45610E-06
 3203    0.45468E-06
 3204    0.45327E-06
 3205    0.45185E-06
 3206    0.45045E-06
 3207    0.44905E-06
 3208    0.44765E-06
 3209    0.44625E-06
 3210    0.44486E-06
 3211    0.44348E-06
 3212    0.44210E-06
 3213    0.44072E-06
 3214    0.43935E-06
 3215    0.43798E-06
 3216    0.43662E-06
 3217    0.43526E-06
 3218    0.43390E-06
 3219    0.43255E-06
 3220    0.43120E-06
 3221    0.42986E-06
 3222    0.42852E-06
 3223    0.42719E-06
 3224    0.42586E-06
 3225    0.42453E-06
 3226    0.42321E-06
 3227    0.42189E-06
 3228    0.42058E-06
 3229    0.41927E-06
 3230    0.41797E-06
 3231    0.41666E-06
 3232    0.41537E-06
 3233    0.41407E-06
 3234    0.41278E-06
 3235    0.41150E-06
 3236    0.41022E-06
 3237    0.40894E-06
 3238    0.40767E-06
 3239    0.40640E-06
 3240    0.40513E-06
 3241    0.40387E-06
 3242    0.40261E-06
 3243    0.40136E-06
 3244    0.40011E-06
 3245    0.39886E-06
 3246    0.39762E-06
 3247    0.39638E-06
 3248    0.39515E-06
 3249    0.39392E-06
 3250    0.39269E-06
 3251    0.39147E-06
 3252    0.39025E-06
 3253    0.38904E-06
 3254    0.38782E-06
 3255    0.38662E-06
 3256    0.38541E-06
 3257    0.38421E-06
 3258    0.38302E-06
 3259    0.38182E-06
 3260    0.38064E-06
 3261    0.37945E-06
 3262    0.37827E-06
 3263    0.37709E-06
 3264    0.37592E-06
 3265    0.37475E-06
 3266    0.37358E-06
 3267    0.37242E-06
 3268    0.37126E-06
 3269    0.37010E-06
 3270    0.36895E-06
 3271    0.36780E-06
 3272    0.36665E-06
 3273    0.36551E-06
 3274    0.36437E-06
 3275    0.36324E-06
 3276    0.36211E-06
 3277    0.36098E-06
 3278    0.35986E-06
 3279    0.35874E-06
 3280    0.35762E-06
 3281    0.35651E-06
 3282    0.35540E-06
 3283    0.35429E-06
 3284    0.35319E-06
 3285    0.35209E-06
 3286    0.35099E-06
 3287    0.34990E-06
 3288    0.34881E-06
 3289    0.34772E-06
 3290    0.34664E-06
 3291    0.34556E-06
 3292    0.34448E-06
 3293    0.34341E-06
 3294    0.34234E-06
 3295    0.34128E-06
 3296    0.34021E-06
 3297    0.33915E-06
 3298    0.33810E-06
 3299    0.33705E-06
 3300    0.33600E-06
 3301    0.33495E-06
 3302    0.33391E-06
 3303    0.33287E-06
 3304    0.33183E-06
 3305    0.33080E-06
 3306    0.32977E-06
 3307    0.32874E-06
 3308    0.32772E-06
 3309    0.32670E-06
 3310    0.32568E-06
 3311    0.32467E-06
 3312    0.32366E-06
 3313    0.32265E-06
 3314    0.32164E-06
 3315    0.32064E-06
 3316    0.31964E-06
 3317    0.31865E-06
 3318    0.31766E-06
 3319    0.31667E-06
 3320    0.31568E-06
 3321    0.31470E-06
 3322    0.31372E-06
 3323    0.31274E-06
 3324    0.31177E-06
 3325    0.31080E-06
 3326    0.30983E-06
 3327    0.30886E-06
 3328    0.30790E-06
 3329    0.30694E-06
 3330    0.30599E-06
 3331    0.30503E-06
 3332    0.30409E-06
 3333    0.30314E-06
 3334    0.30219E-06
 3335    0.30125E-06
 3336    0.30032E-06
 3337    0.29938E-06
 3338    0.29845E-06
 3339    0.29752E-06
 3340    0.29659E-06
 3341    0.29567E-06
 3342    0.29475E-06
 3343    0.29383E-06
 3344    0.29292E-06
 3345    0.29200E-06
 3346    0.29109E-06
 3347    0.29019E-06
 3348    0.28928E-06
 3349    0.28838E-06
 3350    0.28749E-06
 3351    0.28659E-06
 3352    0.28570E-06
 3353    0.28481E-06
 3354    0.28392E-06
 3355    0.28304E-06
 3356    0.28216E-06
 3357    0.28128E-06
 3358    0.28040E-06
 3359    0.27953E-06
 3360    0.27866E-06
 3361    0.27779E-06
 3362    0.27693E-06
 3363    0.27606E-06
 3364    0.27520E-06
 3365    0.27435E-06
 3366    0.27349E-06
 3367    0.27264E-06
 3368    0.27179E-06
 3369    0.27095E-06
 3370    0.27010E-06
 3371    0.26926E-06
 3372    0.26842E-06
 3373    0.26759E-06
 3374    0.26675E-06
 3375    0.26592E-06
 3376    0.26510E-06
 3377    0.26427E-06
 3378    0.26345E-06
 3379    0.26263E-06
 3380    0.26181E-06
 3381    0.26099E-06
 3382    0.26018E-06
 3383    0.25937E-06
 3384    0.25856E-06
 3385    0.25776E-06
 3386    0.25696E-06
 3387    0.25616E-06
 3388    0.25536E-06
 3389    0.25456E-06
 3390    0.25377E-06
 3391    0.25298E-06
 3392    0.25219E-06
 3393    0.25141E-06
 3394    0.25063E-06
 3395    0.24984E-06
 3396    0.24907E-06
 3397    0.24829E-06
 3398    0.24752E-06
 3399    0.24675E-06
 3400    0.24598E-06
 3401    0.24521E-06
 3402    0.24445E-06
 3403    0.24369E-06
 3404    0.24293E-06
 3405    0.24217E-06
 3406    0.24142E-06
 3407    0.24067E-06
 3408    0.23992E-06
 3409    0.23917E-06
 3410    0.23843E-06
 3411    0.23768E-06
 3412    0.23694E-06
 3413    0.23621E-06
 3414    0.23547E-06
 3415    0.23474E-06
 3416    0.23401E-06
 3417    0.23328E-06
 3418    0.23255E-06
 3419    0.23183E-06
 3420    0.23111E-06
 3421    0.23039E-06
 3422    0.22967E-06
 3423    0.22895E-06
 3424    0.22824E-06
 3425    0.22753E-06
 3426    0.22682E-06
 3427    0.22612E-06
 3428    0.22541E-06
 3429    0.22471E-06
 3430    0.22401E-06
 3431    0.22331E-06
 3432    0.22262E-06
 3433    0.22192E-06
 3434    0.22123E-06
 3435    0.22054E-06
 3436    0.21986E-06
 3437    0.21917E-06
 3438    0.21849E-06
 3439    0.21781E-06
 3440    0.21713E-06
 3441    0.21646E-06
 3442    0.21578E-06
 3443    0.21511E-06
 3444    0.21444E-06
 3445    0.21377E-06
 3446    0.21311E-06
 3447    0.21244E-06
 3448    0.21178E-06
 3449    0.21112E-06
 3450    0.21047E-06
 3451    0.20981E-06
 3452    0.20916E-06
 3453    0.20851E-06
 3454    0.20786E-06
 3455    0.20721E-06
 3456    0.20656E-06
 3457    0.20592E-06
 3458    0.20528E-06
 3459    0.20464E-06
 3460    0.20400E-06
 3461    0.20337E-06
 3462    0.20273E-06
 3463    0.20210E-06
 3464    0.20147E-06
 3465    0.20085E-06
 3466    0.20022E-06
 3467    0.19960E-06
 3468    0.19898E-06
 3469    0.19836E-06
 3470    0.19774E-06
 3471    0.19712E-06
 3472    0.19651E-06
 3473    0.19590E-06
 3474    0.19529E-06
 3475    0.19468E-06
 3476    0.19407E-06
 3477    0.19347E-06
 3478    0.19287E-06
 3479    0.19227E-06
 3480    0.19167E-06
 3481    0.19107E-06
 3482    0.19048E-06
 3483    0.18988E-06
 3484    0.18929E-06
 3485    0.18870E-06
 3486    0.18812E-06
 3487    0.18753E-06
 3488    0.18695E-06
 3489    0.18636E-06
 3490    0.18578E-06
 3491    0.18520E-06
 3492    0.18463E-06
 3493    0.18405E-06
 3494    0.18348E-06
 3495    0.18291E-06
 3496    0.18234E-06
 3497    0.18177E-06
 3498    0.18121E-06
 3499    0.18064E-06
 3500    0.18008E-06
 3501    0.17952E-06
 3502    0.17896E-06
 3503    0.17840E-06
 3504    0.17785E-06
 3505    0.17729E-06
 3506    0.17674E-06
 3507    0.17619E-06
 3508    0.17564E-06
 3509    0.17509E-06
 3510    0.17455E-06
 3511    0.17401E-06
 3512    0.17346E-06
 3513    0.17292E-06
 3514    0.17239E-06
 3515    0.17185E-06
 3516    0.17131E-06
 3517    0.17078E-06
 3518    0.17025E-06
 3519    0.16972E-06
 3520    0.16919E-06
 3521    0.16866E-06
 3522    0.16814E-06
 3523    0.16761E-06
 3524    0.16709E-06
 3525    0.16657E-06
 3526    0.16605E-06
 3527    0.16554E-06
 3528    0.16502E-06
 3529    0.16451E-06
 3530    0.16400E-06
 3531    0.16348E-06
 3532    0.16298E-06
 3533    0.16247E-06
 3534    0.16196E-06
 3535    0.16146E-06
 3536    0.16096E-06
 3537    0.16045E-06
 3538    0.15995E-06
 3539    0.15946E-06
 3540    0.15896E-06
 3541    0.15847E-06
 3542    0.15797E-06
 3543    0.15748E-06
 3544    0.15699E-06
 3545    0.15650E-06
 3546    0.15601E-06
 3547    0.15553E-06
 3548    0.15504E-06
 3549    0.15456E-06
 3550    0.15408E-06
 3551    0.15360E-06
 3552    0.15312E-06
 3553    0.15264E-06
 3554    0.15217E-06
 3555    0.15170E-06
 3556    0.15122E-06
 3557    0.15075E-06
 3558    0.15028E-06
 3559    0.14982E-06
 3560    0.14935E-06
 3561    0.14888E-06
 3562    0.14842E-06
 3563    0.14796E-06
 3564    0.14750E-06
 3565    0.14704E-06
 3566    0.14658E-06
 3567    0.14612E-06
 3568    0.14567E-06
 3569    0.14522E-06
 3570    0.14476E-06
 3571    0.14431E-06
 3572    0.14386E-06
 3573    0.14341E-06
 3574    0.14297E-06
 3575    0.14252E-06
 3576    0.14208E-06
 3577    0.14164E-06
 3578    0.14120E-06
 3579    0.14076E-06
 3580    0.14032E-06
 3581    0.13988E-06
 3582    0.13945E-06
 3583    0.13901E-06
 3584    0.13858E-06
 3585    0.13815E-06
 3586    0.13772E-06
 3587    0.13729E-06
 3588    0.13686E-06
 3589    0.13643E-06
 3590    0.13601E-06
 3591    0.13559E-06
 3592    0.13516E-06
 3593    0.13474E-06
 3594    0.13432E-06
 3595    0.13391E-06
 3596    0.13349E-06
 3597    0.13307E-06
 3598    0.13266E-06
 3599    0.13225E-06
 3600    0.13183E-06
 3601    0.13142E-06
 3602    0.13101E-06
 3603    0.13061E-06
 3604    0.13020E-06
 3605    0.12979E-06
 3606    0.12939E-06
 3607    0.12899E-06
 3608    0.12859E-06
 3609    0.12819E-06
 3610    0.12779E-06
 3611    0.12739E-06
 3612    0.12699E-06
 3613    0.12660E-06
 3614    0.12620E-06
 3615    0.12581E-06
 3616    0.12542E-06
 3617    0.12503E-06
 3618    0.12464E-06
 3619    0.12425E-06
 3620    0.12386E-06
 3621    0.12348E-06
 3622    0.12309E-06
 3623    0.12271E-06
 3624    0.12233E-06
 3625    0.12195E-06
 3626    0.12157E-06
 3627    0.12119E-06
 3628    0.12081E-06
 3629    0.12043E-06
 3630    0.12006E-06
 3631    0.11969E-06
 3632    0.11931E-06
 3633    0.11894E-06
 3634    0.11857E-06
 3635    0.11820E-06
 3636    0.11783E-06
 3637    0.11747E-06
 3638    0.11710E-06
 3639    0.11674E-06
 3640    0.11637E-06
 3641    0.11601E-06
 3642    0.11565E-06
 3643    0.11529E-06
 3644    0.11493E-06
 3645    0.11457E-06
 3646    0.11422E-06
 3647    0.11386E-06
 3648    0.11351E-06
 3649    0.11315E-06
 3650    0.11280E-06
 3651    0.11245E-06
 3652    0.11210E-06
 3653    0.11175E-06
 3654    0.11140E-06
 3655    0.11105E-06
 3656    0.11071E-06
 3657    0.11036E-06
 3658    0.11002E-06
 3659    0.10968E-06
 3660    0.10934E-06
 3661    0.10900E-06
 3662    0.10866E-06
 3663    0.10832E-06
 3664    0.10798E-06
 3665    0.10764E-06
 3666    0.10731E-06
 3667    0.10698E-06
 3668    0.10664E-06
 3669    0.10631E-06
 3670    0.10598E-06
 3671    0.10565E-06
 3672    0.10532E-06
 3673    0.10499E-06
 3674    0.10467E-06
 3675    0.10434E-06
 3676    0.10401E-06
 3677    0.10369E-06
 3678    0.10337E-06
 3679    0.10305E-06
 3680    0.10273E-06
 3681    0.10241E-06
 3682    0.10209E-06
 3683    0.10177E-06
 3684    0.10145E-06
 3685    0.10114E-06
 3686    0.10082E-06
 3687    0.10051E-06
 3688    0.10019E-06
 3689    0.99882E-07
 3690    0.99571E-07
 3691    0.99261E-07
 3692    0.98952E-07
 3693    0.98644E-07
 3694    0.98337E-07
 3695    0.98031E-07
 3696    0.97726E-07
 3697    0.97421E-07
 3698    0.97118E-07
 3699    0.96815E-07
 3700    0.96514E-07
 3701    0.96214E-07
 3702    0.95914E-07
 3703    0.95615E-07
 3704    0.95318E-07
 3705    0.95021E-07
 3706    0.94725E-07
 3707    0.94430E-07
 3708    0.94136E-07
 3709    0.93843E-07
 3710    0.93551E-07
 3711    0.93259E-07
 3712    0.92969E-07
 3713    0.92680E-07
 3714    0.92391E-07
 3715    0.92103E-07
 3716    0.91816E-07
 3717    0.91531E-07
 3718    0.91246E-07
 3719    0.90961E-07
 3720    0.90678E-07
 3721    0.90396E-07
 3722    0.90114E-07
 3723    0.89834E-07
 3724    0.89554E-07
 3725    0.89275E-07
 3726    0.88997E-07
 3727    0.88720E-07
 3728    0.88444E-07
 3729    0.88169E-07
 3730    0.87894E-07
 3731    0.87620E-07
 3732    0.87348E-07
 3733    0.87076E-07
 3734    0.86804E-07
 3735    0.86534E-07
 3736    0.86265E-07
 3737    0.85996E-07
 3738    0.85728E-07
 3739    0.85461E-07
 3740    0.85195E-07
 3741    0.84930E-07
 3742    0.84666E-07
 3743    0.84402E-07
 3744    0.84139E-07
 3745    0.83877E-07
 3746    0.83616E-07
 3747    0.83356E-07
 3748    0.83096E-07
 3749    0.82837E-07
 3750    0.82580E-07
 3751    0.82322E-07
 3752    0.82066E-07
 3753    0.81811E-07
 3754    0.81556E-07
 3755    0.81302E-07
 3756    0.81049E-07
 3757    0.80796E-07
 3758    0.80545E-07
 3759    0.80294E-07
 3760    0.80044E-07
 3761    0.79795E-07
 3762    0.79546E-07
 3763    0.79299E-07
 3764    0.79052E-07
 3765    0.78806E-07
 3766    0.78560E-07
 3767    0.78316E-07
 3768    0.78072E-07
 3769    0.77829E-07
 3770    0.77586E-07
 3771    0.77345E-07
 3772    0.77104E-07
 3773    0.76864E-07
 3774    0.76625E-07
 3775    0.76386E-07
 3776    0.76148E-07
 3777    0.75911E-07
 3778    0.75675E-07
 3779    0.75439E-07
 3780    0.75204E-07
 3781    0.74970E-07
 3782    0.74737E-07
 3783    0.74504E-07
 3784    0.74272E-07
 3785    0.74041E-07
 3786    0.73810E-07
 3787    0.73580E-07
 3788    0.73351E-07
 3789    0.73123E-07
 3790    0.72895E-07
 3791    0.72668E-07
 3792    0.72442E-07
 3793    0.72216E-07
 3794    0.71991E-07
 3795    0.71767E-07
 3796    0.71544E-07
 3797    0.71321E-07
 3798    0.71099E-07
 3799    0.70878E-07
 3800    0.70657E-07
 3801    0.70437E-07
 3802    0.70218E-07
 3803    0.69999E-07
 3804    0.69781E-07
 3805    0.69564E-07
 3806    0.69347E-07
 3807    0.69131E-07
 3808    0.68916E-07
 3809    0.68701E-07
 3810    0.68487E-07
 3811    0.68274E-07
 3812    0.68062E-07
 3813    0.67850E-07
 3814    0.67638E-07
 3815    0.67428E-07
 3816    0.67218E-07
 3817    0.67009E-07
 3818    0.66800E-07
 3819    0.66592E-07
 3820    0.66385E-07
 3821    0.66178E-07
 3822    0.65972E-07
 3823    0.65766E-07
 3824    0.65562E-07
 3825    0.65357E-07
 3826    0.65154E-07
 3827    0.64951E-07
 3828    0.64749E-07
 3829    0.64547E-07
 3830    0.64346E-07
 3831    0.64146E-07
 3832    0.63946E-07
 3833    0.63747E-07
 3834    0.63549E-07
 3835    0.63351E-07
 3836    0.63153E-07
 3837    0.62957E-07
 3838    0.62761E-07
 3839    0.62565E-07
 3840    0.62371E-07
 3841    0.62176E-07
 3842    0.61983E-07
 3843    0.61790E-07
 3844    0.61597E-07
 3845    0.61406E-07
 3846    0.61214E-07
 3847    0.61024E-07
 3848    0.60834E-07
 3849    0.60644E-07
 3850    0.60456E-07
 3851    0.60267E-07
 3852    0.60080E-07
 3853    0.59893E-07
 3854    0.59706E-07
 3855    0.59520E-07
 3856    0.59335E-07
 3857    0.59150E-07
 3858    0.58966E-07
 3859    0.58782E-07
 3860    0.58599E-07
 3861    0.58417E-07
 3862    0.58235E-07
 3863    0.58054E-07
 3864    0.57873E-07
 3865    0.57693E-07
 3866    0.57513E-07
 3867    0.57334E-07
 3868    0.57155E-07
 3869    0.56978E-07
 3870    0.56800E-07
 3871    0.56623E-07
 3872    0.56447E-07
 3873    0.56271E-07
 3874    0.56096E-07
 3875    0.55921E-07
 3876    0.55747E-07
 3877    0.55574E-07
 3878    0.55401E-07
 3879    0.55228E-07
 3880    0.55056E-07
 3881    0.54885E-07
 3882    0.54714E-07
 3883    0.54543E-07
 3884    0.54374E-07
 3885    0.54204E-07
 3886    0.54036E-07
 3887    0.53867E-07
 3888    0.53700E-07
 3889    0.53532E-07
 3890    0.53366E-07
 3891    0.53200E-07
 3892    0.53034E-07
 3893    0.52869E-07
 3894    0.52704E-07
 3895    0.52540E-07
 3896    0.52376E-07
 3897    0.52213E-07
 3898    0.52051E-07
 3899    0.51889E-07
 3900    0.51727E-07
 3901    0.51566E-07
 3902    0.51406E-07
 3903    0.51245E-07
 3904    0.51086E-07
 3905    0.50927E-07
 3906    0.50768E-07
 3907    0.50610E-07
 3908    0.50453E-07
 3909    0.50295E-07
 3910    0.50139E-07
 3911    0.49983E-07
 3912    0.49827E-07
 3913    0.49672E-07
 3914    0.49517E-07
 3915    0.49363E-07
 3916    0.49209E-07
 3917    0.49056E-07
 3918    0.48903E-07
 3919    0.48751E-07
 3920    0.48599E-07
 3921    0.48448E-07
 3922    0.48297E-07
 3923    0.48147E-07
 3924    0.47997E-07
 3925    0.47848E-07
 3926    0.47699E-07
 3927    0.47550E-07
 3928    0.47402E-07
 3929    0.47254E-07
 3930    0.47107E-07
 3931    0.46961E-07
 3932    0.46814E-07
 3933    0.46669E-07
 3934    0.46523E-07
 3935    0.46378E-07
 3936    0.46234E-07
 3937    0.46090E-07
 3938    0.45947E-07
 3939    0.45803E-07
 3940    0.45661E-07
 3941    0.45519E-07
 3942    0.45377E-07
 3943    0.45236E-07
 3944    0.45095E-07
 3945    0.44954E-07
 3946    0.44814E-07
 3947    0.44675E-07
 3948    0.44536E-07
 3949    0.44397E-07
 3950    0.44259E-07
 3951    0.44121E-07
 3952    0.43984E-07
 3953    0.43847E-07
 3954    0.43710E-07
 3955    0.43574E-07
 3956    0.43438E-07
 3957    0.43303E-07
 3958    0.43168E-07
 3959    0.43034E-07
 3960    0.42900E-07
 3961    0.42766E-07
 3962    0.42633E-07
 3963    0.42500E-07
 3964    0.42368E-07
 3965    0.42236E-07
 3966    0.42105E-07
 3967    0.41974E-07
 3968    0.41843E-07
 3969    0.41713E-07
 3970    0.41583E-07
 3971    0.41453E-07
 3972    0.41324E-07
 3973    0.41196E-07
 3974    0.41067E-07
 3975    0.40939E-07
 3976    0.40812E-07
 3977    0.40685E-07
 3978    0.40558E-07
 3979    0.40432E-07
 3980    0.40306E-07
 3981    0.40180E-07
 3982    0.40055E-07
 3983    0.39931E-07
 3984    0.39806E-07
 3985    0.39682E-07
 3986    0.39559E-07
 3987    0.39436E-07
 3988    0.39313E-07
 3989    0.39190E-07
 3990    0.39068E-07
 3991    0.38947E-07
 3992    0.38826E-07
 3993    0.38705E-07
 3994    0.38584E-07
 3995    0.38464E-07
 3996    0.38344E-07
 3997    0.38225E-07
 3998    0.38106E-07
 3999    0.37987E-07
 4000    0.37869E-07
 4001    0.37751E-07
 4002    0.37633E-07
 4003    0.37516E-07
 4004    0.37399E-07
 4005    0.37283E-07
 4006    0.37167E-07
 4007    0.37051E-07
 4008    0.36936E-07
 4009    0.36821E-07
 4010    0.36706E-07
 4011    0.36592E-07
 4012    0.36478E-07
 4013    0.36364E-07
 4014    0.36251E-07
 4015    0.36138E-07
 4016    0.36026E-07
 4017    0.35914E-07
 4018    0.35802E-07
 4019    0.35690E-07
 4020    0.35579E-07
 4021    0.35468E-07
 4022    0.35358E-07
 4023    0.35248E-07
 4024    0.35138E-07
 4025    0.35029E-07
 4026    0.34920E-07
 4027    0.34811E-07
 4028    0.34702E-07
 4029    0.34594E-07
 4030    0.34487E-07
 4031    0.34379E-07
 4032    0.34272E-07
 4033    0.34166E-07
 4034    0.34059E-07
 4035    0.33953E-07
 4036    0.33847E-07
 4037    0.33742E-07
 4038    0.33637E-07
 4039    0.33532E-07
 4040    0.33428E-07
 4041    0.33324E-07
 4042    0.33220E-07
 4043    0.33117E-07
 4044    0.33013E-07
 4045    0.32911E-07
 4046    0.32808E-07
 4047    0.32706E-07
 4048    0.32604E-07
 4049    0.32503E-07
 4050    0.32401E-07
 4051    0.32301E-07
 4052    0.32200E-07
 4053    0.32100E-07
 4054    0.32000E-07
 4055    0.31900E-07
 4056    0.31801E-07
 4057    0.31702E-07
 4058    0.31603E-07
 4059    0.31505E-07
 4060    0.31407E-07
 4061    0.31309E-07
 4062    0.31211E-07
 4063    0.31114E-07
 4064    0.31017E-07
 4065    0.30921E-07
 4066    0.30824E-07
 4067    0.30728E-07
 4068    0.30633E-07
 4069    0.30537E-07
 4070    0.30442E-07
 4071    0.30347E-07
 4072    0.30253E-07
 4073    0.30159E-07
 4074    0.30065E-07
 4075    0.29971E-07
 4076    0.29878E-07
 4077    0.29785E-07
 4078    0.29692E-07
 4079    0.29600E-07
 4080    0.29508E-07
 4081    0.29416E-07
 4082    0.29324E-07
 4083    0.29233E-07
 4084    0.29142E-07
 4085    0.29051E-07
 4086    0.28961E-07
 4087    0.28870E-07
 4088    0.28781E-07
 4089    0.28691E-07
 4090    0.28602E-07
 4091    0.28513E-07
 4092    0.28424E-07
 4093    0.28335E-07
 4094    0.28247E-07
 4095    0.28159E-07
 4096    0.28071E-07
 4097    0.27984E-07
 4098    0.27897E-07
 4099    0.27810E-07
 4100    0.27723E-07
 4101    0.27637E-07
 4102    0.27551E-07
 4103    0.27465E-07
 4104    0.27380E-07
 4105    0.27294E-07
 4106    0.27209E-07
 4107    0.27125E-07
 4108    0.27040E-07
 4109    0.26956E-07
 4110    0.26872E-07
 4111    0.26788E-07
 4112    0.26705E-07
 4113    0.26622E-07
 4114    0.26539E-07
 4115    0.26456E-07
 4116    0.26374E-07
 4117    0.26292E-07
 4118    0.26210E-07
 4119    0.26128E-07
 4120    0.26047E-07
 4121    0.25966E-07
 4122    0.25885E-07
 4123    0.25805E-07
 4124    0.25724E-07
 4125    0.25644E-07
 4126    0.25564E-07
 4127    0.25485E-07
 4128    0.25405E-07
 4129    0.25326E-07
 4130    0.25247E-07
 4131    0.25169E-07
 4132    0.25090E-07
 4133    0.25012E-07
 4134    0.24934E-07
 4135    0.24857E-07
 4136    0.24779E-07
 4137    0.24702E-07
 4138    0.24625E-07
 4139    0.24549E-07
 4140    0.24472E-07
 4141    0.24396E-07
 4142    0.24320E-07
 4143    0.24244E-07
 4144    0.24169E-07
 4145    0.24094E-07
 4146    0.24018E-07
 4147    0.23944E-07
 4148    0.23869E-07
 4149    0.23795E-07
 4150    0.23721E-07
 4151    0.23647E-07
 4152    0.23573E-07
 4153    0.23500E-07
 4154    0.23427E-07
 4155    0.23354E-07
 4156    0.23281E-07
 4157    0.23209E-07
 4158    0.23136E-07
 4159    0.23064E-07
 4160    0.22992E-07
 4161    0.22921E-07
 4162    0.22849E-07
 4163    0.22778E-07
 4164    0.22707E-07
 4165    0.22637E-07
 4166    0.22566E-07
 4167    0.22496E-07
 4168    0.22426E-07
 4169    0.22356E-07
 4170    0.22286E-07
 4171    0.22217E-07
 4172    0.22148E-07
 4173    0.22079E-07
 4174    0.22010E-07
 4175    0.21942E-07
 4176    0.21873E-07
 4177    0.21805E-07
 4178    0.21737E-07
 4179    0.21670E-07
 4180    0.21602E-07
 4181    0.21535E-07
 4182    0.21468E-07
 4183    0.21401E-07
 4184    0.21334E-07
 4185    0.21268E-07
 4186    0.21202E-07
 4187    0.21136E-07
 4188    0.21070E-07
 4189    0.21004E-07
 4190    0.20939E-07
 4191    0.20874E-07
 4192    0.20809E-07
 4193    0.20744E-07
 4194    0.20679E-07
 4195    0.20615E-07
 4196    0.20551E-07
 4197    0.20487E-07
 4198    0.20423E-07
 4199    0.20359E-07
 4200    0.20296E-07
 4201    0.20233E-07
 4202    0.20170E-07
 4203    0.20107E-07
 4204    0.20044E-07
 4205    0.19982E-07
 4206    0.19920E-07
 4207    0.19858E-07
 4208    0.19796E-07
 4209    0.19734E-07
 4210    0.19673E-07
 4211    0.19612E-07
 4212    0.19550E-07
 4213    0.19490E-07
 4214    0.19429E-07
 4215    0.19368E-07
 4216    0.19308E-07
 4217    0.19248E-07
 4218    0.19188E-07
 4219    0.19128E-07
 4220    0.19069E-07
 4221    0.19009E-07
 4222    0.18950E-07
 4223    0.18891E-07
 4224    0.18832E-07
 4225    0.18774E-07
 4226    0.18715E-07
 4227    0.18657E-07
 4228    0.18599E-07
 4229    0.18541E-07
 4230    0.18483E-07
 4231    0.18426E-07
 4232    0.18368E-07
 4233    0.18311E-07
 4234    0.18254E-07
 4235    0.18197E-07
 4236    0.18141E-07
 4237    0.18084E-07
 4238    0.18028E-07
 4239    0.17972E-07
 4240    0.17916E-07
 4241    0.17860E-07
 4242    0.17804E-07
 4243    0.17749E-07
 4244    0.17694E-07
 4245    0.17639E-07
 4246    0.17584E-07
 4247    0.17529E-07
 4248    0.17474E-07
 4249    0.17420E-07
 4250    0.17366E-07
 4251    0.17312E-07
 4252    0.17258E-07
 4253    0.17204E-07
 4254    0.17150E-07
 4255    0.17097E-07
 4256    0.17044E-07
 4257    0.16991E-07
 4258    0.16938E-07
 4259    0.16885E-07
 4260    0.16832E-07
 4261    0.16780E-07
 4262    0.16728E-07
 4263    0.16676E-07
 4264    0.16624E-07
 4265    0.16572E-07
 4266    0.16520E-07
 4267    0.16469E-07
 4268    0.16418E-07
 4269    0.16367E-07
 4270    0.16316E-07
 4271    0.16265E-07
 4272    0.16214E-07
 4273    0.16164E-07
 4274    0.16113E-07
 4275    0.16063E-07
 4276    0.16013E-07
 4277    0.15963E-07
 4278    0.15914E-07
 4279    0.15864E-07
 4280    0.15815E-07
 4281    0.15765E-07
 4282    0.15716E-07
 4283    0.15667E-07
 4284    0.15619E-07
 4285    0.15570E-07
 4286    0.15522E-07
 4287    0.15473E-07
 4288    0.15425E-07
 4289    0.15377E-07
 4290    0.15329E-07
 4291    0.15281E-07
 4292    0.15234E-07
 4293    0.15186E-07
 4294    0.15139E-07
 4295    0.15092E-07
 4296    0.15045E-07
 4297    0.14998E-07
 4298    0.14951E-07
 4299    0.14905E-07
 4300    0.14858E-07
 4301    0.14812E-07
 4302    0.14766E-07
 4303    0.14720E-07
 4304    0.14674E-07
 4305    0.14629E-07
 4306    0.14583E-07
 4307    0.14538E-07
 4308    0.14492E-07
 4309    0.14447E-07
 4310    0.14402E-07
 4311    0.14357E-07
 4312    0.14313E-07
 4313    0.14268E-07
 4314    0.14224E-07
 4315    0.14179E-07
 4316    0.14135E-07
 4317    0.14091E-07
 4318    0.14047E-07
 4319    0.14004E-07
 4320    0.13960E-07
 4321    0.13917E-07
 4322    0.13873E-07
 4323    0.13830E-07
 4324    0.13787E-07
 4325    0.13744E-07
 4326    0.13701E-07
 4327    0.13659E-07
 4328    0.13616E-07
 4329    0.13574E-07
 4330    0.13531E-07
 4331    0.13489E-07
 4332    0.13447E-07
 4333    0.13405E-07
 4334    0.13364E-07
 4335    0.13322E-07
 4336    0.13281E-07
 4337    0.13239E-07
 4338    0.13198E-07
 4339    0.13157E-07
 4340    0.13116E-07
 4341    0.13075E-07
 4342    0.13034E-07
 4343    0.12994E-07
 4344    0.12953E-07
 4345    0.12913E-07
 4346    0.12873E-07
 4347    0.12833E-07
 4348    0.12793E-07
 4349    0.12753E-07
 4350    0.12713E-07
 4351    0.12674E-07
 4352    0.12634E-07
 4353    0.12595E-07
 4354    0.12556E-07
 4355    0.12517E-07
 4356    0.12478E-07
 4357    0.12439E-07
 4358    0.12400E-07
 4359    0.12361E-07
 4360    0.12323E-07
 4361    0.12285E-07
 4362    0.12246E-07
 4363    0.12208E-07
 4364    0.12170E-07
 4365    0.12132E-07
 4366    0.12094E-07
 4367    0.12057E-07
 4368    0.12019E-07
 4369    0.11982E-07
 4370    0.11945E-07
 4371    0.11907E-07
 4372    0.11870E-07
 4373    0.11833E-07
 4374    0.11796E-07
 4375    0.11760E-07
 4376    0.11723E-07
 4377    0.11687E-07
 4378    0.11650E-07
 4379    0.11614E-07
 4380    0.11578E-07
 4381    0.11542E-07
 4382    0.11506E-07
 4383    0.11470E-07
 4384    0.11434E-07
 4385    0.11399E-07
 4386    0.11363E-07
 4387    0.11328E-07
 4388    0.11293E-07
 4389    0.11257E-07
 4390    0.11222E-07
 4391    0.11187E-07
 4392    0.11153E-07
 4393    0.11118E-07
 4394    0.11083E-07
 4395    0.11049E-07
 4396    0.11014E-07
 4397    0.10980E-07
 4398    0.10946E-07
 4399    0.10912E-07
 4400    0.10878E-07
 4401    0.10844E-07
 4402    0.10810E-07
 4403    0.10776E-07
 4404    0.10743E-07
 4405    0.10709E-07
 4406    0.10676E-07
 4407    0.10643E-07
 4408    0.10610E-07
 4409    0.10577E-07
 4410    0.10544E-07
 4411    0.10511E-07
 4412    0.10478E-07
 4413    0.10446E-07
 4414    0.10413E-07
 4415    0.10381E-07
 4416    0.10348E-07
 4417    0.10316E-07
 4418    0.10284E-07
 4419    0.10252E-07
 4420    0.10220E-07
 4421    0.10188E-07
 4422    0.10156E-07
 4423    0.10125E-07
 4424    0.10093E-07
 4425    0.10062E-07
 4426    0.10031E-07
 4427    0.99993E-08

iteration:   4427

epsilon =     0.10000E-07
omega =     0.18000E+01
tick =     0.10000E-06

norm_x =     0.26629E+03, norm_analysis =     0.26628E+03
diff =     0.10862E+02

caltime =  198.7920, comtime =    0.6219, checktime =  177.8585
alltime =  377.2725

