sorna2:
    1    0.65142E+00
    2    0.38118E+00
    3    0.23640E+00
    4    0.15883E+00
    5    0.11625E+00
    6    0.91495E-01
    7    0.75841E-01
    8    0.65072E-01
    9    0.57145E-01
   10    0.51023E-01
   11    0.46133E-01
   12    0.42129E-01
   13    0.38789E-01
   14    0.35959E-01
   15    0.33529E-01
   16    0.31419E-01
   17    0.29568E-01
   18    0.27933E-01
   19    0.26480E-01
   20    0.25184E-01
   21    0.24022E-01
   22    0.22976E-01
   23    0.22030E-01
   24    0.21170E-01
   25    0.20385E-01
   26    0.19665E-01
   27    0.19001E-01
   28    0.18386E-01
   29    0.17815E-01
   30    0.17280E-01
   31    0.16780E-01
   32    0.16309E-01
   33    0.15864E-01
   34    0.15442E-01
   35    0.15043E-01
   36    0.14662E-01
   37    0.14299E-01
   38    0.13952E-01
   39    0.13619E-01
   40    0.13301E-01
   41    0.12994E-01
   42    0.12700E-01
   43    0.12416E-01
   44    0.12143E-01
   45    0.11879E-01
   46    0.11625E-01
   47    0.11379E-01
   48    0.11141E-01
   49    0.10910E-01
   50    0.10687E-01
   51    0.10471E-01
   52    0.10261E-01
   53    0.10058E-01
   54    0.98605E-02
   55    0.96689E-02
   56    0.94829E-02
   57    0.93021E-02
   58    0.91265E-02
   59    0.89557E-02
   60    0.87896E-02
   61    0.86280E-02
   62    0.84708E-02
   63    0.83178E-02
   64    0.81688E-02
   65    0.80237E-02
   66    0.78824E-02
   67    0.77447E-02
   68    0.76105E-02
   69    0.74796E-02
   70    0.73521E-02
   71    0.72277E-02
   72    0.71063E-02
   73    0.69879E-02
   74    0.68724E-02
   75    0.67596E-02
   76    0.66495E-02
   77    0.65420E-02
   78    0.64369E-02
   79    0.63343E-02
   80    0.62341E-02
   81    0.61361E-02
   82    0.60403E-02
   83    0.59467E-02
   84    0.58551E-02
   85    0.57655E-02
   86    0.56779E-02
   87    0.55922E-02
   88    0.55083E-02
   89    0.54262E-02
   90    0.53458E-02
   91    0.52671E-02
   92    0.51900E-02
   93    0.51145E-02
   94    0.50405E-02
   95    0.49680E-02
   96    0.48970E-02
   97    0.48274E-02
   98    0.47591E-02
   99    0.46922E-02
  100    0.46266E-02
  101    0.45623E-02
  102    0.44991E-02
  103    0.44372E-02
  104    0.43764E-02
  105    0.43168E-02
  106    0.42583E-02
  107    0.42008E-02
  108    0.41444E-02
  109    0.40890E-02
  110    0.40347E-02
  111    0.39813E-02
  112    0.39288E-02
  113    0.38773E-02
  114    0.38266E-02
  115    0.37769E-02
  116    0.37280E-02
  117    0.36799E-02
  118    0.36327E-02
  119    0.35862E-02
  120    0.35406E-02
  121    0.34957E-02
  122    0.34515E-02
  123    0.34081E-02
  124    0.33654E-02
  125    0.33234E-02
  126    0.32821E-02
  127    0.32414E-02
  128    0.32014E-02
  129    0.31620E-02
  130    0.31233E-02
  131    0.30851E-02
  132    0.30476E-02
  133    0.30106E-02
  134    0.29742E-02
  135    0.29384E-02
  136    0.29031E-02
  137    0.28684E-02
  138    0.28342E-02
  139    0.28005E-02
  140    0.27673E-02
  141    0.27346E-02
  142    0.27023E-02
  143    0.26706E-02
  144    0.26393E-02
  145    0.26085E-02
  146    0.25781E-02
  147    0.25482E-02
  148    0.25187E-02
  149    0.24896E-02
  150    0.24610E-02
  151    0.24327E-02
  152    0.24049E-02
  153    0.23774E-02
  154    0.23503E-02
  155    0.23236E-02
  156    0.22973E-02
  157    0.22713E-02
  158    0.22457E-02
  159    0.22204E-02
  160    0.21955E-02
  161    0.21709E-02
  162    0.21466E-02
  163    0.21227E-02
  164    0.20991E-02
  165    0.20758E-02
  166    0.20528E-02
  167    0.20301E-02
  168    0.20078E-02
  169    0.19857E-02
  170    0.19639E-02
  171    0.19423E-02
  172    0.19211E-02
  173    0.19001E-02
  174    0.18794E-02
  175    0.18590E-02
  176    0.18388E-02
  177    0.18189E-02
  178    0.17992E-02
  179    0.17798E-02
  180    0.17606E-02
  181    0.17416E-02
  182    0.17229E-02
  183    0.17044E-02
  184    0.16862E-02
  185    0.16682E-02
  186    0.16504E-02
  187    0.16328E-02
  188    0.16154E-02
  189    0.15982E-02
  190    0.15813E-02
  191    0.15645E-02
  192    0.15480E-02
  193    0.15316E-02
  194    0.15154E-02
  195    0.14995E-02
  196    0.14837E-02
  197    0.14681E-02
  198    0.14527E-02
  199    0.14374E-02
  200    0.14224E-02
  201    0.14075E-02
  202    0.13928E-02
  203    0.13782E-02
  204    0.13639E-02
  205    0.13497E-02
  206    0.13356E-02
  207    0.13217E-02
  208    0.13080E-02
  209    0.12944E-02
  210    0.12810E-02
  211    0.12678E-02
  212    0.12546E-02
  213    0.12417E-02
  214    0.12288E-02
  215    0.12162E-02
  216    0.12036E-02
  217    0.11912E-02
  218    0.11790E-02
  219    0.11668E-02
  220    0.11548E-02
  221    0.11430E-02
  222    0.11313E-02
  223    0.11196E-02
  224    0.11082E-02
  225    0.10968E-02
  226    0.10856E-02
  227    0.10745E-02
  228    0.10635E-02
  229    0.10526E-02
  230    0.10419E-02
  231    0.10313E-02
  232    0.10207E-02
  233    0.10103E-02
  234    0.10000E-02
  235    0.98986E-03
  236    0.97978E-03
  237    0.96982E-03
  238    0.95996E-03
  239    0.95020E-03
  240    0.94054E-03
  241    0.93099E-03
  242    0.92154E-03
  243    0.91219E-03
  244    0.90294E-03
  245    0.89379E-03
  246    0.88473E-03
  247    0.87576E-03
  248    0.86689E-03
  249    0.85812E-03
  250    0.84943E-03
  251    0.84084E-03
  252    0.83233E-03
  253    0.82392E-03
  254    0.81559E-03
  255    0.80734E-03
  256    0.79919E-03
  257    0.79111E-03
  258    0.78313E-03
  259    0.77522E-03
  260    0.76739E-03
  261    0.75965E-03
  262    0.75199E-03
  263    0.74440E-03
  264    0.73689E-03
  265    0.72946E-03
  266    0.72211E-03
  267    0.71483E-03
  268    0.70763E-03
  269    0.70050E-03
  270    0.69344E-03
  271    0.68645E-03
  272    0.67954E-03
  273    0.67270E-03
  274    0.66592E-03
  275    0.65922E-03
  276    0.65258E-03
  277    0.64601E-03
  278    0.63951E-03
  279    0.63308E-03
  280    0.62671E-03
  281    0.62040E-03
  282    0.61416E-03
  283    0.60798E-03
  284    0.60187E-03
  285    0.59581E-03
  286    0.58982E-03
  287    0.58389E-03
  288    0.57802E-03
  289    0.57220E-03
  290    0.56645E-03
  291    0.56075E-03
  292    0.55512E-03
  293    0.54953E-03
  294    0.54401E-03
  295    0.53854E-03
  296    0.53313E-03
  297    0.52777E-03
  298    0.52246E-03
  299    0.51721E-03
  300    0.51201E-03
  301    0.50686E-03
  302    0.50177E-03
  303    0.49672E-03
  304    0.49173E-03
  305    0.48679E-03
  306    0.48190E-03
  307    0.47705E-03
  308    0.47226E-03
  309    0.46751E-03
  310    0.46281E-03
  311    0.45816E-03
  312    0.45355E-03
  313    0.44899E-03
  314    0.44448E-03
  315    0.44001E-03
  316    0.43559E-03
  317    0.43121E-03
  318    0.42687E-03
  319    0.42258E-03
  320    0.41833E-03
  321    0.41412E-03
  322    0.40996E-03
  323    0.40584E-03
  324    0.40176E-03
  325    0.39772E-03
  326    0.39372E-03
  327    0.38976E-03
  328    0.38584E-03
  329    0.38196E-03
  330    0.37811E-03
  331    0.37431E-03
  332    0.37055E-03
  333    0.36682E-03
  334    0.36313E-03
  335    0.35947E-03
  336    0.35586E-03
  337    0.35228E-03
  338    0.34873E-03
  339    0.34522E-03
  340    0.34175E-03
  341    0.33831E-03
  342    0.33490E-03
  343    0.33153E-03
  344    0.32820E-03
  345    0.32489E-03
  346    0.32162E-03
  347    0.31838E-03
  348    0.31518E-03
  349    0.31201E-03
  350    0.30886E-03
  351    0.30575E-03
  352    0.30268E-03
  353    0.29963E-03
  354    0.29661E-03
  355    0.29362E-03
  356    0.29066E-03
  357    0.28774E-03
  358    0.28484E-03
  359    0.28197E-03
  360    0.27913E-03
  361    0.27632E-03
  362    0.27353E-03
  363    0.27077E-03
  364    0.26805E-03
  365    0.26534E-03
  366    0.26267E-03
  367    0.26002E-03
  368    0.25740E-03
  369    0.25481E-03
  370    0.25224E-03
  371    0.24970E-03
  372    0.24718E-03
  373    0.24469E-03
  374    0.24222E-03
  375    0.23978E-03
  376    0.23736E-03
  377    0.23496E-03
  378    0.23259E-03
  379    0.23025E-03
  380    0.22793E-03
  381    0.22563E-03
  382    0.22335E-03
  383    0.22110E-03
  384    0.21887E-03
  385    0.21666E-03
  386    0.21447E-03
  387    0.21231E-03
  388    0.21016E-03
  389    0.20804E-03
  390    0.20594E-03
  391    0.20386E-03
  392    0.20181E-03
  393    0.19977E-03
  394    0.19775E-03
  395    0.19576E-03
  396    0.19378E-03
  397    0.19182E-03
  398    0.18988E-03
  399    0.18797E-03
  400    0.18607E-03
  401    0.18419E-03
  402    0.18233E-03
  403    0.18049E-03
  404    0.17866E-03
  405    0.17686E-03
  406    0.17507E-03
  407    0.17330E-03
  408    0.17155E-03
  409    0.16982E-03
  410    0.16810E-03
  411    0.16640E-03
  412    0.16472E-03
  413    0.16306E-03
  414    0.16141E-03
  415    0.15978E-03
  416    0.15816E-03
  417    0.15656E-03
  418    0.15498E-03
  419    0.15342E-03
  420    0.15186E-03
  421    0.15033E-03
  422    0.14881E-03
  423    0.14730E-03
  424    0.14581E-03
  425    0.14434E-03
  426    0.14288E-03
  427    0.14143E-03
  428    0.14000E-03
  429    0.13859E-03
  430    0.13719E-03
  431    0.13580E-03
  432    0.13442E-03
  433    0.13306E-03
  434    0.13172E-03
  435    0.13039E-03
  436    0.12907E-03
  437    0.12776E-03
  438    0.12647E-03
  439    0.12519E-03
  440    0.12392E-03
  441    0.12267E-03
  442    0.12143E-03
  443    0.12020E-03
  444    0.11898E-03
  445    0.11778E-03
  446    0.11658E-03
  447    0.11540E-03
  448    0.11423E-03
  449    0.11308E-03
  450    0.11193E-03
  451    0.11080E-03
  452    0.10968E-03
  453    0.10857E-03
  454    0.10747E-03
  455    0.10638E-03
  456    0.10530E-03
  457    0.10424E-03
  458    0.10318E-03
  459    0.10214E-03
  460    0.10110E-03
  461    0.10008E-03
  462    0.99064E-04
  463    0.98060E-04
  464    0.97067E-04
  465    0.96084E-04
  466    0.95110E-04
  467    0.94147E-04
  468    0.93193E-04
  469    0.92249E-04
  470    0.91314E-04
  471    0.90389E-04
  472    0.89473E-04
  473    0.88566E-04
  474    0.87669E-04
  475    0.86780E-04
  476    0.85901E-04
  477    0.85030E-04
  478    0.84168E-04
  479    0.83315E-04
  480    0.82471E-04
  481    0.81635E-04
  482    0.80808E-04
  483    0.79988E-04
  484    0.79178E-04
  485    0.78375E-04
  486    0.77581E-04
  487    0.76794E-04
  488    0.76015E-04
  489    0.75245E-04
  490    0.74482E-04
  491    0.73727E-04
  492    0.72979E-04
  493    0.72239E-04
  494    0.71507E-04
  495    0.70782E-04
  496    0.70064E-04
  497    0.69353E-04
  498    0.68650E-04
  499    0.67954E-04
  500    0.67265E-04
  501    0.66583E-04
  502    0.65907E-04
  503    0.65239E-04
  504    0.64577E-04
  505    0.63922E-04
  506    0.63274E-04
  507    0.62632E-04
  508    0.61997E-04
  509    0.61368E-04
  510    0.60745E-04
  511    0.60129E-04
  512    0.59519E-04
  513    0.58915E-04
  514    0.58318E-04
  515    0.57726E-04
  516    0.57140E-04
  517    0.56561E-04
  518    0.55987E-04
  519    0.55419E-04
  520    0.54856E-04
  521    0.54300E-04
  522    0.53749E-04
  523    0.53203E-04
  524    0.52663E-04
  525    0.52129E-04
  526    0.51600E-04
  527    0.51076E-04
  528    0.50558E-04
  529    0.50045E-04
  530    0.49537E-04
  531    0.49034E-04
  532    0.48537E-04
  533    0.48044E-04
  534    0.47556E-04
  535    0.47074E-04
  536    0.46596E-04
  537    0.46123E-04
  538    0.45655E-04
  539    0.45191E-04
  540    0.44733E-04
  541    0.44279E-04
  542    0.43829E-04
  543    0.43384E-04
  544    0.42944E-04
  545    0.42508E-04
  546    0.42076E-04
  547    0.41649E-04
  548    0.41226E-04
  549    0.40808E-04
  550    0.40394E-04
  551    0.39983E-04
  552    0.39578E-04
  553    0.39176E-04
  554    0.38778E-04
  555    0.38384E-04
  556    0.37995E-04
  557    0.37609E-04
  558    0.37227E-04
  559    0.36849E-04
  560    0.36475E-04
  561    0.36104E-04
  562    0.35738E-04
  563    0.35375E-04
  564    0.35016E-04
  565    0.34660E-04
  566    0.34308E-04
  567    0.33960E-04
  568    0.33615E-04
  569    0.33273E-04
  570    0.32936E-04
  571    0.32601E-04
  572    0.32270E-04
  573    0.31942E-04
  574    0.31618E-04
  575    0.31297E-04
  576    0.30979E-04
  577    0.30664E-04
  578    0.30353E-04
  579    0.30044E-04
  580    0.29739E-04
  581    0.29437E-04
  582    0.29138E-04
  583    0.28842E-04
  584    0.28549E-04
  585    0.28259E-04
  586    0.27972E-04
  587    0.27688E-04
  588    0.27407E-04
  589    0.27129E-04
  590    0.26853E-04
  591    0.26580E-04
  592    0.26310E-04
  593    0.26043E-04
  594    0.25778E-04
  595    0.25516E-04
  596    0.25257E-04
  597    0.25001E-04
  598    0.24747E-04
  599    0.24495E-04
  600    0.24246E-04
  601    0.24000E-04
  602    0.23756E-04
  603    0.23515E-04
  604    0.23276E-04
  605    0.23040E-04
  606    0.22806E-04
  607    0.22574E-04
  608    0.22344E-04
  609    0.22117E-04
  610    0.21893E-04
  611    0.21670E-04
  612    0.21450E-04
  613    0.21232E-04
  614    0.21016E-04
  615    0.20803E-04
  616    0.20592E-04
  617    0.20382E-04
  618    0.20175E-04
  619    0.19970E-04
  620    0.19767E-04
  621    0.19566E-04
  622    0.19368E-04
  623    0.19171E-04
  624    0.18976E-04
  625    0.18783E-04
  626    0.18592E-04
  627    0.18403E-04
  628    0.18216E-04
  629    0.18031E-04
  630    0.17848E-04
  631    0.17667E-04
  632    0.17487E-04
  633    0.17309E-04
  634    0.17134E-04
  635    0.16959E-04
  636    0.16787E-04
  637    0.16617E-04
  638    0.16448E-04
  639    0.16281E-04
  640    0.16115E-04
  641    0.15951E-04
  642    0.15789E-04
  643    0.15629E-04
  644    0.15470E-04
  645    0.15313E-04
  646    0.15157E-04
  647    0.15003E-04
  648    0.14851E-04
  649    0.14700E-04
  650    0.14550E-04
  651    0.14402E-04
  652    0.14256E-04
  653    0.14111E-04
  654    0.13968E-04
  655    0.13826E-04
  656    0.13685E-04
  657    0.13546E-04
  658    0.13408E-04
  659    0.13272E-04
  660    0.13137E-04
  661    0.13004E-04
  662    0.12872E-04
  663    0.12741E-04
  664    0.12611E-04
  665    0.12483E-04
  666    0.12356E-04
  667    0.12231E-04
  668    0.12106E-04
  669    0.11983E-04
  670    0.11861E-04
  671    0.11741E-04
  672    0.11622E-04
  673    0.11503E-04
  674    0.11386E-04
  675    0.11271E-04
  676    0.11156E-04
  677    0.11043E-04
  678    0.10931E-04
  679    0.10819E-04
  680    0.10709E-04
  681    0.10601E-04
  682    0.10493E-04
  683    0.10386E-04
  684    0.10281E-04
  685    0.10176E-04
  686    0.10073E-04
  687    0.99703E-05
  688    0.98689E-05
  689    0.97686E-05
  690    0.96693E-05
  691    0.95710E-05
  692    0.94737E-05
  693    0.93774E-05
  694    0.92821E-05
  695    0.91878E-05
  696    0.90944E-05
  697    0.90019E-05
  698    0.89104E-05
  699    0.88198E-05
  700    0.87302E-05
  701    0.86414E-05
  702    0.85536E-05
  703    0.84666E-05
  704    0.83806E-05
  705    0.82954E-05
  706    0.82110E-05
  707    0.81276E-05
  708    0.80449E-05
  709    0.79632E-05
  710    0.78822E-05
  711    0.78021E-05
  712    0.77228E-05
  713    0.76443E-05
  714    0.75665E-05
  715    0.74896E-05
  716    0.74135E-05
  717    0.73381E-05
  718    0.72635E-05
  719    0.71897E-05
  720    0.71166E-05
  721    0.70442E-05
  722    0.69726E-05
  723    0.69017E-05
  724    0.68316E-05
  725    0.67621E-05
  726    0.66934E-05
  727    0.66253E-05
  728    0.65580E-05
  729    0.64913E-05
  730    0.64253E-05
  731    0.63600E-05
  732    0.62953E-05
  733    0.62313E-05
  734    0.61680E-05
  735    0.61053E-05
  736    0.60432E-05
  737    0.59818E-05
  738    0.59209E-05
  739    0.58608E-05
  740    0.58012E-05
  741    0.57422E-05
  742    0.56838E-05
  743    0.56260E-05
  744    0.55688E-05
  745    0.55122E-05
  746    0.54562E-05
  747    0.54007E-05
  748    0.53458E-05
  749    0.52914E-05
  750    0.52376E-05
  751    0.51844E-05
  752    0.51317E-05
  753    0.50795E-05
  754    0.50279E-05
  755    0.49767E-05
  756    0.49261E-05
  757    0.48761E-05
  758    0.48265E-05
  759    0.47774E-05
  760    0.47288E-05
  761    0.46808E-05
  762    0.46332E-05
  763    0.45861E-05
  764    0.45394E-05
  765    0.44933E-05
  766    0.44476E-05
  767    0.44024E-05
  768    0.43576E-05
  769    0.43133E-05
  770    0.42695E-05
  771    0.42261E-05
  772    0.41831E-05
  773    0.41406E-05
  774    0.40985E-05
  775    0.40568E-05
  776    0.40155E-05
  777    0.39747E-05
  778    0.39343E-05
  779    0.38943E-05
  780    0.38547E-05
  781    0.38155E-05
  782    0.37767E-05
  783    0.37383E-05
  784    0.37003E-05
  785    0.36627E-05
  786    0.36254E-05
  787    0.35886E-05
  788    0.35521E-05
  789    0.35160E-05
  790    0.34802E-05
  791    0.34448E-05
  792    0.34098E-05
  793    0.33751E-05
  794    0.33408E-05
  795    0.33069E-05
  796    0.32732E-05
  797    0.32400E-05
  798    0.32070E-05
  799    0.31744E-05
  800    0.31421E-05
  801    0.31102E-05
  802    0.30786E-05
  803    0.30473E-05
  804    0.30163E-05
  805    0.29856E-05
  806    0.29552E-05
  807    0.29252E-05
  808    0.28955E-05
  809    0.28660E-05
  810    0.28369E-05
  811    0.28080E-05
  812    0.27795E-05
  813    0.27512E-05
  814    0.27232E-05
  815    0.26955E-05
  816    0.26681E-05
  817    0.26410E-05
  818    0.26142E-05
  819    0.25876E-05
  820    0.25613E-05
  821    0.25352E-05
  822    0.25094E-05
  823    0.24839E-05
  824    0.24587E-05
  825    0.24337E-05
  826    0.24089E-05
  827    0.23844E-05
  828    0.23602E-05
  829    0.23362E-05
  830    0.23124E-05
  831    0.22889E-05
  832    0.22656E-05
  833    0.22426E-05
  834    0.22198E-05
  835    0.21972E-05
  836    0.21749E-05
  837    0.21528E-05
  838    0.21309E-05
  839    0.21092E-05
  840    0.20878E-05
  841    0.20665E-05
  842    0.20455E-05
  843    0.20247E-05
  844    0.20041E-05
  845    0.19838E-05
  846    0.19636E-05
  847    0.19436E-05
  848    0.19239E-05
  849    0.19043E-05
  850    0.18849E-05
  851    0.18658E-05
  852    0.18468E-05
  853    0.18280E-05
  854    0.18094E-05
  855    0.17910E-05
  856    0.17728E-05
  857    0.17548E-05
  858    0.17370E-05
  859    0.17193E-05
  860    0.17018E-05
  861    0.16845E-05
  862    0.16674E-05
  863    0.16504E-05
  864    0.16336E-05
  865    0.16170E-05
  866    0.16006E-05
  867    0.15843E-05
  868    0.15682E-05
  869    0.15523E-05
  870    0.15365E-05
  871    0.15209E-05
  872    0.15054E-05
  873    0.14901E-05
  874    0.14749E-05
  875    0.14599E-05
  876    0.14451E-05
  877    0.14304E-05
  878    0.14158E-05
  879    0.14014E-05
  880    0.13872E-05
  881    0.13731E-05
  882    0.13591E-05
  883    0.13453E-05
  884    0.13316E-05
  885    0.13181E-05
  886    0.13047E-05
  887    0.12914E-05
  888    0.12783E-05
  889    0.12653E-05
  890    0.12524E-05
  891    0.12397E-05
  892    0.12271E-05
  893    0.12146E-05
  894    0.12023E-05
  895    0.11900E-05
  896    0.11779E-05
  897    0.11660E-05
  898    0.11541E-05
  899    0.11424E-05
  900    0.11307E-05
  901    0.11192E-05
  902    0.11079E-05
  903    0.10966E-05
  904    0.10854E-05
  905    0.10744E-05
  906    0.10635E-05
  907    0.10527E-05
  908    0.10420E-05
  909    0.10314E-05
  910    0.10209E-05
  911    0.10105E-05
  912    0.10002E-05
  913    0.99006E-06
  914    0.97999E-06
  915    0.97002E-06
  916    0.96016E-06
  917    0.95040E-06
  918    0.94073E-06
  919    0.93117E-06
  920    0.92170E-06
  921    0.91233E-06
  922    0.90305E-06
  923    0.89387E-06
  924    0.88478E-06
  925    0.87578E-06
  926    0.86687E-06
  927    0.85806E-06
  928    0.84933E-06
  929    0.84070E-06
  930    0.83215E-06
  931    0.82369E-06
  932    0.81531E-06
  933    0.80702E-06
  934    0.79881E-06
  935    0.79069E-06
  936    0.78265E-06
  937    0.77469E-06
  938    0.76682E-06
  939    0.75902E-06
  940    0.75130E-06
  941    0.74366E-06
  942    0.73610E-06
  943    0.72861E-06
  944    0.72120E-06
  945    0.71387E-06
  946    0.70661E-06
  947    0.69943E-06
  948    0.69231E-06
  949    0.68527E-06
  950    0.67831E-06
  951    0.67141E-06
  952    0.66458E-06
  953    0.65782E-06
  954    0.65113E-06
  955    0.64451E-06
  956    0.63796E-06
  957    0.63147E-06
  958    0.62505E-06
  959    0.61869E-06
  960    0.61240E-06
  961    0.60618E-06
  962    0.60001E-06
  963    0.59391E-06
  964    0.58787E-06
  965    0.58189E-06
  966    0.57598E-06
  967    0.57012E-06
  968    0.56432E-06
  969    0.55858E-06
  970    0.55290E-06
  971    0.54728E-06
  972    0.54172E-06
  973    0.53621E-06
  974    0.53075E-06
  975    0.52536E-06
  976    0.52001E-06
  977    0.51473E-06
  978    0.50949E-06
  979    0.50431E-06
  980    0.49918E-06
  981    0.49411E-06
  982    0.48908E-06
  983    0.48411E-06
  984    0.47919E-06
  985    0.47431E-06
  986    0.46949E-06
  987    0.46472E-06
  988    0.45999E-06
  989    0.45531E-06
  990    0.45068E-06
  991    0.44610E-06
  992    0.44156E-06
  993    0.43707E-06
  994    0.43263E-06
  995    0.42823E-06
  996    0.42388E-06
  997    0.41957E-06
  998    0.41530E-06
  999    0.41108E-06
 1000    0.40690E-06
 1001    0.40276E-06
 1002    0.39866E-06
 1003    0.39461E-06
 1004    0.39060E-06
 1005    0.38662E-06
 1006    0.38269E-06
 1007    0.37880E-06
 1008    0.37495E-06
 1009    0.37114E-06
 1010    0.36736E-06
 1011    0.36363E-06
 1012    0.35993E-06
 1013    0.35627E-06
 1014    0.35265E-06
 1015    0.34906E-06
 1016    0.34551E-06
 1017    0.34200E-06
 1018    0.33852E-06
 1019    0.33508E-06
 1020    0.33167E-06
 1021    0.32830E-06
 1022    0.32496E-06
 1023    0.32165E-06
 1024    0.31838E-06
 1025    0.31515E-06
 1026    0.31194E-06
 1027    0.30877E-06
 1028    0.30563E-06
 1029    0.30252E-06
 1030    0.29945E-06
 1031    0.29640E-06
 1032    0.29339E-06
 1033    0.29040E-06
 1034    0.28745E-06
 1035    0.28453E-06
 1036    0.28163E-06
 1037    0.27877E-06
 1038    0.27593E-06
 1039    0.27313E-06
 1040    0.27035E-06
 1041    0.26760E-06
 1042    0.26488E-06
 1043    0.26219E-06
 1044    0.25952E-06
 1045    0.25688E-06
 1046    0.25427E-06
 1047    0.25168E-06
 1048    0.24913E-06
 1049    0.24659E-06
 1050    0.24408E-06
 1051    0.24160E-06
 1052    0.23915E-06
 1053    0.23671E-06
 1054    0.23431E-06
 1055    0.23192E-06
 1056    0.22957E-06
 1057    0.22723E-06
 1058    0.22492E-06
 1059    0.22263E-06
 1060    0.22037E-06
 1061    0.21813E-06
 1062    0.21591E-06
 1063    0.21371E-06
 1064    0.21154E-06
 1065    0.20939E-06
 1066    0.20726E-06
 1067    0.20515E-06
 1068    0.20307E-06
 1069    0.20100E-06
 1070    0.19896E-06
 1071    0.19694E-06
 1072    0.19493E-06
 1073    0.19295E-06
 1074    0.19099E-06
 1075    0.18905E-06
 1076    0.18712E-06
 1077    0.18522E-06
 1078    0.18334E-06
 1079    0.18147E-06
 1080    0.17963E-06
 1081    0.17780E-06
 1082    0.17599E-06
 1083    0.17420E-06
 1084    0.17243E-06
 1085    0.17068E-06
 1086    0.16894E-06
 1087    0.16722E-06
 1088    0.16552E-06
 1089    0.16384E-06
 1090    0.16218E-06
 1091    0.16053E-06
 1092    0.15889E-06
 1093    0.15728E-06
 1094    0.15568E-06
 1095    0.15410E-06
 1096    0.15253E-06
 1097    0.15098E-06
 1098    0.14944E-06
 1099    0.14792E-06
 1100    0.14642E-06
 1101    0.14493E-06
 1102    0.14346E-06
 1103    0.14200E-06
 1104    0.14055E-06
 1105    0.13912E-06
 1106    0.13771E-06
 1107    0.13631E-06
 1108    0.13492E-06
 1109    0.13355E-06
 1110    0.13219E-06
 1111    0.13085E-06
 1112    0.12952E-06
 1113    0.12820E-06
 1114    0.12690E-06
 1115    0.12561E-06
 1116    0.12433E-06
 1117    0.12306E-06
 1118    0.12181E-06
 1119    0.12057E-06
 1120    0.11935E-06
 1121    0.11813E-06
 1122    0.11693E-06
 1123    0.11574E-06
 1124    0.11457E-06
 1125    0.11340E-06
 1126    0.11225E-06
 1127    0.11111E-06
 1128    0.10998E-06
 1129    0.10886E-06
 1130    0.10775E-06
 1131    0.10666E-06
 1132    0.10557E-06
 1133    0.10450E-06
 1134    0.10344E-06
 1135    0.10238E-06
 1136    0.10134E-06
 1137    0.10031E-06
 1138    0.99293E-07
 1139    0.98283E-07
 1140    0.97284E-07
 1141    0.96294E-07
 1142    0.95315E-07
 1143    0.94346E-07
 1144    0.93386E-07
 1145    0.92437E-07
 1146    0.91497E-07
 1147    0.90566E-07
 1148    0.89645E-07
 1149    0.88734E-07
 1150    0.87831E-07
 1151    0.86938E-07
 1152    0.86054E-07
 1153    0.85179E-07
 1154    0.84313E-07
 1155    0.83456E-07
 1156    0.82607E-07
 1157    0.81767E-07
 1158    0.80935E-07
 1159    0.80112E-07
 1160    0.79298E-07
 1161    0.78491E-07
 1162    0.77693E-07
 1163    0.76903E-07
 1164    0.76121E-07
 1165    0.75347E-07
 1166    0.74581E-07
 1167    0.73823E-07
 1168    0.73072E-07
 1169    0.72329E-07
 1170    0.71593E-07
 1171    0.70865E-07
 1172    0.70145E-07
 1173    0.69431E-07
 1174    0.68725E-07
 1175    0.68026E-07
 1176    0.67335E-07
 1177    0.66650E-07
 1178    0.65972E-07
 1179    0.65301E-07
 1180    0.64637E-07
 1181    0.63980E-07
 1182    0.63329E-07
 1183    0.62685E-07
 1184    0.62048E-07
 1185    0.61417E-07
 1186    0.60792E-07
 1187    0.60174E-07
 1188    0.59562E-07
 1189    0.58957E-07
 1190    0.58357E-07
 1191    0.57764E-07
 1192    0.57176E-07
 1193    0.56595E-07
 1194    0.56019E-07
 1195    0.55450E-07
 1196    0.54886E-07
 1197    0.54328E-07
 1198    0.53775E-07
 1199    0.53228E-07
 1200    0.52687E-07
 1201    0.52151E-07
 1202    0.51621E-07
 1203    0.51096E-07
 1204    0.50577E-07
 1205    0.50062E-07
 1206    0.49553E-07
 1207    0.49049E-07
 1208    0.48550E-07
 1209    0.48057E-07
 1210    0.47568E-07
 1211    0.47084E-07
 1212    0.46606E-07
 1213    0.46132E-07
 1214    0.45663E-07
 1215    0.45198E-07
 1216    0.44739E-07
 1217    0.44284E-07
 1218    0.43833E-07
 1219    0.43388E-07
 1220    0.42946E-07
 1221    0.42510E-07
 1222    0.42077E-07
 1223    0.41650E-07
 1224    0.41226E-07
 1225    0.40807E-07
 1226    0.40392E-07
 1227    0.39981E-07
 1228    0.39574E-07
 1229    0.39172E-07
 1230    0.38774E-07
 1231    0.38379E-07
 1232    0.37989E-07
 1233    0.37603E-07
 1234    0.37220E-07
 1235    0.36842E-07
 1236    0.36467E-07
 1237    0.36096E-07
 1238    0.35729E-07
 1239    0.35366E-07
 1240    0.35006E-07
 1241    0.34650E-07
 1242    0.34298E-07
 1243    0.33949E-07
 1244    0.33604E-07
 1245    0.33262E-07
 1246    0.32924E-07
 1247    0.32589E-07
 1248    0.32258E-07
 1249    0.31930E-07
 1250    0.31605E-07
 1251    0.31284E-07
 1252    0.30966E-07
 1253    0.30651E-07
 1254    0.30339E-07
 1255    0.30031E-07
 1256    0.29725E-07
 1257    0.29423E-07
 1258    0.29124E-07
 1259    0.28828E-07
 1260    0.28534E-07
 1261    0.28244E-07
 1262    0.27957E-07
 1263    0.27673E-07
 1264    0.27391E-07
 1265    0.27113E-07
 1266    0.26837E-07
 1267    0.26564E-07
 1268    0.26294E-07
 1269    0.26027E-07
 1270    0.25762E-07
 1271    0.25500E-07
 1272    0.25241E-07
 1273    0.24984E-07
 1274    0.24730E-07
 1275    0.24479E-07
 1276    0.24230E-07
 1277    0.23983E-07
 1278    0.23739E-07
 1279    0.23498E-07
 1280    0.23259E-07
 1281    0.23023E-07
 1282    0.22788E-07
 1283    0.22557E-07
 1284    0.22327E-07
 1285    0.22100E-07
 1286    0.21876E-07
 1287    0.21653E-07
 1288    0.21433E-07
 1289    0.21215E-07
 1290    0.20999E-07
 1291    0.20786E-07
 1292    0.20574E-07
 1293    0.20365E-07
 1294    0.20158E-07
 1295    0.19953E-07
 1296    0.19750E-07
 1297    0.19549E-07
 1298    0.19350E-07
 1299    0.19154E-07
 1300    0.18959E-07
 1301    0.18766E-07
 1302    0.18575E-07
 1303    0.18386E-07
 1304    0.18199E-07
 1305    0.18014E-07
 1306    0.17831E-07
 1307    0.17650E-07
 1308    0.17470E-07
 1309    0.17293E-07
 1310    0.17117E-07
 1311    0.16943E-07
 1312    0.16771E-07
 1313    0.16600E-07
 1314    0.16431E-07
 1315    0.16264E-07
 1316    0.16099E-07
 1317    0.15935E-07
 1318    0.15773E-07
 1319    0.15613E-07
 1320    0.15454E-07
 1321    0.15297E-07
 1322    0.15141E-07
 1323    0.14987E-07
 1324    0.14835E-07
 1325    0.14684E-07
 1326    0.14535E-07
 1327    0.14387E-07
 1328    0.14240E-07
 1329    0.14096E-07
 1330    0.13952E-07
 1331    0.13810E-07
 1332    0.13670E-07
 1333    0.13531E-07
 1334    0.13393E-07
 1335    0.13257E-07
 1336    0.13122E-07
 1337    0.12989E-07
 1338    0.12857E-07
 1339    0.12726E-07
 1340    0.12597E-07
 1341    0.12469E-07
 1342    0.12342E-07
 1343    0.12216E-07
 1344    0.12092E-07
 1345    0.11969E-07
 1346    0.11847E-07
 1347    0.11727E-07
 1348    0.11608E-07
 1349    0.11490E-07
 1350    0.11373E-07
 1351    0.11257E-07
 1352    0.11143E-07
 1353    0.11029E-07
 1354    0.10917E-07
 1355    0.10806E-07
 1356    0.10696E-07
 1357    0.10588E-07
 1358    0.10480E-07
 1359    0.10373E-07
 1360    0.10268E-07
 1361    0.10163E-07
 1362    0.10060E-07
 1363    0.99578E-08

iteration:   1363

epsilon =     0.10000E-07
omega =     0.18000E+01
tick =     0.10000E-06

norm_x =     0.13050E+03, norm_analysis =     0.13048E+03
diff =     0.12178E+02

caltime =    3.8617, comtime =    0.1145, checktime =    1.1806
alltime =    5.1568

