==> jobname.o107001 <==
 2074    0.10276E-07
 2075    0.10206E-07
 2076    0.10135E-07
 2077    0.10065E-07
 2078    0.99958E-08

iteration:   2078
norm_x =     0.18704E+03
caltime =   23.9785, comtime =    0.1866, alltime =   24.1651


==> jobname.o107002 <==
 2135    0.10225E-07
 2136    0.10157E-07
 2137    0.10089E-07
 2138    0.10021E-07
 2139    0.99540E-08

iteration:   2139
norm_x =     0.18704E+03
caltime =   42.0671, comtime =    0.2052, alltime =   42.2724


==> jobname.o107003 <==
 2195    0.10261E-07
 2196    0.10194E-07
 2197    0.10128E-07
 2198    0.10062E-07
 2199    0.99969E-08

iteration:   2199
norm_x =     0.18704E+03
caltime =   13.2896, comtime =    0.2294, alltime =   13.5190

