  0.000  0.000    0.69533-309
  0.000  0.033    0.34836E-09
  0.000  0.067    0.69970E-08
  0.000  0.100    0.11254E-06
  0.000  0.133    0.14493E-05
  0.000  0.167    0.14945E-04
  0.000  0.200    0.12341E-03
  0.000  0.233    0.81599E-03
  0.000  0.267    0.43202E-02
  0.000  0.300    0.18316E-01
  0.000  0.333    0.62177E-01
  0.000  0.367    0.16901E+00
  0.000  0.400    0.36788E+00
  0.000  0.433    0.64118E+00
  0.000  0.467    0.89484E+00
  0.000  0.500    0.10000E+01
  0.000  0.533    0.89484E+00
  0.000  0.567    0.64118E+00
  0.000  0.600    0.36788E+00
  0.000  0.633    0.16901E+00
  0.000  0.667    0.62177E-01
  0.000  0.700    0.18316E-01
  0.000  0.733    0.43202E-02
  0.000  0.767    0.81599E-03
  0.000  0.800    0.12341E-03
  0.000  0.833    0.14945E-04
  0.000  0.867    0.14493E-05
  0.000  0.900    0.11254E-06
  0.000  0.933    0.69970E-08
  0.000  0.967    0.34836E-09
  0.000  1.000    0.13888E-10
 
  0.020  0.000   -0.38748E-09
  0.020  0.033   -0.76301E-08
  0.020  0.067   -0.11965E-06
  0.020  0.100   -0.14916E-05
  0.020  0.133   -0.14746E-04
  0.020  0.167   -0.11521E-03
  0.020  0.200   -0.70768E-03
  0.020  0.233   -0.33891E-02
  0.020  0.267   -0.12474E-01
  0.020  0.300   -0.34317E-01
  0.020  0.333   -0.66028E-01
  0.020  0.367   -0.69626E-01
  0.020  0.400    0.39918E-01
  0.020  0.433    0.33679E+00
  0.020  0.467    0.76865E+00
  0.020  0.500    0.11262E+01
  0.020  0.533    0.11992E+01
  0.020  0.567    0.96914E+00
  0.020  0.600    0.60652E+00
  0.020  0.633    0.29722E+00
  0.020  0.667    0.11481E+00
  0.020  0.700    0.35110E-01
  0.020  0.733    0.85253E-02
  0.020  0.767    0.16471E-02
  0.020  0.800    0.25357E-03
  0.020  0.833    0.31141E-04
  0.020  0.867    0.30534E-05
  0.020  0.900    0.23918E-06
  0.020  0.933    0.14975E-07
  0.020  0.967    0.74973E-09
  0.020  1.000   -0.38748E-09
 
  0.040  0.000    0.83036E-08
  0.040  0.033    0.12679E-06
  0.040  0.067    0.15266E-05
  0.040  0.100    0.14414E-04
  0.040  0.133    0.10581E-03
  0.040  0.167    0.59575E-03
  0.040  0.200    0.25100E-02
  0.040  0.233    0.75130E-02
  0.040  0.267    0.13738E-01
  0.040  0.300    0.37348E-02
  0.040  0.333   -0.61710E-01
  0.040  0.367   -0.20108E+00
  0.040  0.400   -0.31633E+00
  0.040  0.433   -0.18144E+00
  0.040  0.467    0.33959E+00
  0.040  0.500    0.10385E+01
  0.040  0.533    0.14753E+01
  0.040  0.567    0.14043E+01
  0.040  0.600    0.97768E+00
  0.040  0.633    0.51611E+00
  0.040  0.667    0.21045E+00
  0.040  0.700    0.67012E-01
  0.040  0.733    0.16779E-01
  0.040  0.767    0.33193E-02
  0.040  0.800    0.52048E-03
  0.040  0.833    0.64845E-04
  0.040  0.867    0.64304E-05
  0.040  0.900    0.50823E-06
  0.040  0.933    0.32046E-07
  0.040  0.967    0.21144E-08
  0.040  1.000    0.83036E-08
 
  0.060  0.000   -0.13388E-06
  0.060  0.033   -0.15530E-05
  0.060  0.067   -0.13938E-04
  0.060  0.100   -0.95266E-04
  0.060  0.133   -0.48212E-03
  0.060  0.167   -0.17014E-02
  0.060  0.200   -0.34936E-02
  0.060  0.233    0.43584E-04
  0.060  0.267    0.25741E-01
  0.060  0.300    0.82268E-01
  0.060  0.333    0.10553E+00
  0.060  0.367   -0.62782E-01
  0.060  0.400   -0.47819E+00
  0.060  0.433   -0.80667E+00
  0.060  0.467   -0.49916E+00
  0.060  0.500    0.51440E+00
  0.060  0.533    0.15606E+01
  0.060  0.567    0.19162E+01
  0.060  0.600    0.15316E+01
  0.060  0.633    0.88290E+00
  0.060  0.667    0.38257E+00
  0.060  0.700    0.12729E+00
  0.060  0.733    0.32931E-01
  0.060  0.767    0.66779E-02
  0.060  0.800    0.10672E-02
  0.060  0.833    0.13494E-03
  0.060  0.867    0.13537E-04
  0.060  0.900    0.10796E-05
  0.060  0.933    0.67965E-07
  0.060  0.967   -0.53127E-08
  0.060  1.000   -0.13388E-06
 
  0.080  0.000    0.15691E-05
  0.080  0.033    0.13309E-04
  0.080  0.067    0.83655E-04
  0.080  0.100    0.36895E-03
  0.080  0.133    0.98100E-03
  0.080  0.167    0.44925E-03
  0.080  0.200   -0.77382E-02
  0.080  0.233   -0.30793E-01
  0.080  0.267   -0.42092E-01
  0.080  0.300    0.54349E-01
  0.080  0.333    0.30751E+00
  0.080  0.367    0.43571E+00
  0.080  0.400   -0.84018E-01
  0.080  0.433   -0.11757E+01
  0.080  0.467   -0.17154E+01
  0.080  0.500   -0.74103E+00
  0.080  0.533    0.11338E+01
  0.080  0.567    0.23778E+01
  0.080  0.600    0.23100E+01
  0.080  0.633    0.14833E+01
  0.080  0.667    0.68891E+00
  0.080  0.700    0.24052E+00
  0.080  0.733    0.64435E-01
  0.080  0.767    0.13411E-01
  0.080  0.800    0.21860E-02
  0.080  0.833    0.28063E-03
  0.080  0.867    0.28486E-04
  0.080  0.900    0.22937E-05
  0.080  0.933    0.15590E-06
  0.080  0.967    0.14897E-06
  0.080  1.000    0.15691E-05
 
  0.100  0.000   -0.12519E-04
  0.100  0.033   -0.71107E-04
  0.100  0.067   -0.25870E-03
  0.100  0.100   -0.36550E-03
  0.100  0.133    0.16191E-02
  0.100  0.167    0.10274E-01
  0.100  0.200    0.19928E-01
  0.100  0.233   -0.17235E-01
  0.100  0.267   -0.15782E+00
  0.100  0.300   -0.24945E+00
  0.100  0.333    0.15367E+00
  0.100  0.367    0.10594E+01
  0.100  0.400    0.12260E+01
  0.100  0.433   -0.52801E+00
  0.100  0.467   -0.28847E+01
  0.100  0.500   -0.29909E+01
  0.100  0.533   -0.35891E+00
  0.100  0.567    0.24592E+01
  0.100  0.600    0.33020E+01
  0.100  0.633    0.24365E+01
  0.100  0.667    0.12270E+01
  0.100  0.700    0.45183E+00
  0.100  0.733    0.12566E+00
  0.100  0.767    0.26880E-01
  0.100  0.800    0.44724E-02
  0.100  0.833    0.58320E-03
  0.100  0.867    0.59916E-04
  0.100  0.900    0.48590E-05
  0.100  0.933    0.16421E-06
  0.100  0.967   -0.15552E-05
  0.100  1.000   -0.12519E-04
 
  0.120  0.000    0.57787E-04
  0.120  0.033    0.15401E-03
  0.120  0.067   -0.13055E-03
  0.120  0.100   -0.27470E-02
  0.120  0.133   -0.87670E-02
  0.120  0.167   -0.13103E-02
  0.120  0.200    0.64523E-01
  0.120  0.233    0.15147E+00
  0.120  0.267   -0.47867E-01
  0.120  0.300   -0.73319E+00
  0.120  0.333   -0.93319E+00
  0.120  0.367    0.85947E+00
  0.120  0.400    0.33308E+01
  0.120  0.433    0.23000E+01
  0.120  0.467   -0.27573E+01
  0.120  0.500   -0.61492E+01
  0.120  0.533   -0.37406E+01
  0.120  0.567    0.14478E+01
  0.120  0.600    0.43406E+01
  0.120  0.633    0.38880E+01
  0.120  0.667    0.21572E+01
  0.120  0.700    0.84322E+00
  0.120  0.733    0.24421E+00
  0.120  0.767    0.53770E-01
  0.120  0.800    0.91395E-02
  0.120  0.833    0.12111E-02
  0.120  0.867    0.12599E-03
  0.120  0.900    0.10493E-04
  0.120  0.933    0.22275E-05
  0.120  0.967    0.11601E-04
  0.120  1.000    0.57787E-04
 
  0.140  0.000   -0.57679E-04
  0.140  0.033    0.49548E-03
  0.140  0.067    0.30092E-02
  0.140  0.100    0.44769E-02
  0.140  0.133   -0.17715E-01
  0.140  0.167   -0.80311E-01
  0.140  0.200   -0.39810E-01
  0.140  0.233    0.39067E+00
  0.140  0.267    0.77452E+00
  0.140  0.300   -0.49320E+00
  0.140  0.333   -0.30844E+01
  0.140  0.367   -0.21061E+01
  0.140  0.400    0.45677E+01
  0.140  0.433    0.83689E+01
  0.140  0.467    0.13129E+01
  0.140  0.500   -0.90395E+01
  0.140  0.533   -0.99667E+01
  0.140  0.567   -0.20235E+01
  0.140  0.600    0.48837E+01
  0.140  0.633    0.59650E+01
  0.140  0.667    0.37339E+01
  0.140  0.700    0.15620E+01
  0.140  0.733    0.47273E+00
  0.140  0.767    0.10733E+00
  0.140  0.800    0.18654E-01
  0.140  0.833    0.25133E-02
  0.140  0.867    0.26458E-03
  0.140  0.900    0.20411E-04
  0.140  0.933   -0.90207E-05
  0.140  0.967   -0.43823E-04
  0.140  1.000   -0.57679E-04
 
  0.160  0.000   -0.72147E-03
  0.160  0.033   -0.25210E-02
  0.160  0.067    0.12480E-02
  0.160  0.100    0.31107E-01
  0.160  0.133    0.57400E-01
  0.160  0.167   -0.12891E+00
  0.160  0.200   -0.55638E+00
  0.160  0.233   -0.69960E-01
  0.160  0.267    0.22958E+01
  0.160  0.300    0.26162E+01
  0.160  0.333   -0.42583E+01
  0.160  0.367   -0.10115E+02
  0.160  0.400    0.62751E-02
  0.160  0.433    0.16836E+02
  0.160  0.467    0.13736E+02
  0.160  0.500   -0.79269E+01
  0.160  0.533   -0.19499E+02
  0.160  0.567   -0.10312E+02
  0.160  0.600    0.35861E+01
  0.160  0.633    0.86423E+01
  0.160  0.667    0.63401E+01
  0.160  0.700    0.28692E+01
  0.160  0.733    0.91121E+00
  0.160  0.767    0.21373E+00
  0.160  0.800    0.38022E-01
  0.160  0.833    0.52119E-02
  0.160  0.867    0.55758E-03
  0.160  0.900    0.55729E-04
  0.160  0.933    0.32742E-04
  0.160  0.967   -0.27196E-04
  0.160  1.000   -0.72147E-03
 
  0.180  0.000    0.14380E-02
  0.180  0.033   -0.70439E-02
  0.180  0.067   -0.34583E-01
  0.180  0.100   -0.44448E-03
  0.180  0.133    0.28097E+00
  0.180  0.167    0.38405E+00
  0.180  0.200   -0.11401E+01
  0.180  0.233   -0.29089E+01
  0.180  0.267    0.19113E+01
  0.180  0.300    0.10866E+02
  0.180  0.333    0.27694E+01
  0.180  0.367   -0.22260E+02
  0.180  0.400   -0.20189E+02
  0.180  0.433    0.20556E+02
  0.180  0.467    0.39731E+02
  0.180  0.500    0.59591E+01
  0.180  0.533   -0.30522E+02
  0.180  0.567   -0.26990E+02
  0.180  0.600   -0.24813E+01
  0.180  0.633    0.11405E+02
  0.180  0.667    0.10505E+02
  0.180  0.700    0.52188E+01
  0.180  0.733    0.17482E+01
  0.180  0.767    0.42459E+00
  0.180  0.800    0.77394E-01
  0.180  0.833    0.10797E-01
  0.180  0.867    0.11598E-02
  0.180  0.900    0.83314E-04
  0.180  0.933    0.10467E-03
  0.180  0.967    0.80593E-03
  0.180  1.000    0.14380E-02
 
  0.200  0.000    0.11616E-01
  0.200  0.033    0.26003E-01
  0.200  0.067   -0.75549E-01
  0.200  0.100   -0.33815E+00
  0.200  0.133    0.15728E+00
  0.200  0.167    0.22130E+01
  0.200  0.200    0.98244E+00
  0.200  0.233   -0.86930E+01
  0.200  0.267   -0.88340E+01
  0.200  0.300    0.20581E+02
  0.200  0.333    0.32804E+02
  0.200  0.367   -0.24744E+02
  0.200  0.400   -0.69084E+02
  0.200  0.433   -0.24542E+01
  0.200  0.467    0.80258E+02
  0.200  0.500    0.49737E+02
  0.200  0.533   -0.34761E+02
  0.200  0.567   -0.56400E+02
  0.200  0.600   -0.19145E+02
  0.200  0.633    0.12485E+02
  0.200  0.667    0.16849E+02
  0.200  0.700    0.93836E+01
  0.200  0.733    0.33365E+01
  0.200  0.767    0.84122E+00
  0.200  0.800    0.15731E+00
  0.200  0.833    0.22362E-01
  0.200  0.867    0.24516E-02
  0.200  0.900    0.57689E-04
  0.200  0.933   -0.73685E-03
  0.200  0.967    0.47453E-04
  0.200  1.000    0.11616E-01
 
  0.220  0.000   -0.56478E-02
  0.220  0.033    0.14787E+00
  0.220  0.067    0.23957E+00
  0.220  0.100   -0.93266E+00
  0.220  0.133   -0.23096E+01
  0.220  0.167    0.36897E+01
  0.220  0.200    0.12593E+02
  0.220  0.233   -0.85238E+01
  0.220  0.267   -0.44132E+02
  0.220  0.300    0.59133E+01
  0.220  0.333    0.10186E+03
  0.220  0.367    0.28463E+02
  0.220  0.400   -0.14904E+03
  0.220  0.433   -0.10171E+03
  0.220  0.467    0.11688E+03
  0.220  0.500    0.15113E+03
  0.220  0.533   -0.87944E+01
  0.220  0.567   -0.10111E+03
  0.220  0.600   -0.57100E+02
  0.220  0.633    0.72476E+01
  0.220  0.667    0.25807E+02
  0.220  0.700    0.16640E+02
  0.220  0.733    0.63309E+01
  0.220  0.767    0.16619E+01
  0.220  0.800    0.31925E+00
  0.220  0.833    0.46254E-01
  0.220  0.867    0.53242E-02
  0.220  0.900    0.10111E-02
  0.220  0.933   -0.16780E-02
  0.220  0.967   -0.13835E-01
  0.220  1.000   -0.56478E-02
 
  0.240  0.000   -0.18986E+00
  0.240  0.033    0.37820E-01
  0.240  0.067    0.16462E+01
  0.240  0.100    0.71968E+00
  0.240  0.133   -0.95088E+01
  0.240  0.167   -0.69942E+01
  0.240  0.200    0.37933E+02
  0.240  0.233    0.34206E+02
  0.240  0.267   -0.10419E+03
  0.240  0.300   -0.10923E+03
  0.240  0.333    0.18994E+03
  0.240  0.367    0.24147E+03
  0.240  0.400   -0.20584E+03
  0.240  0.433   -0.36402E+03
  0.240  0.467    0.75782E+02
  0.240  0.500    0.34305E+03
  0.240  0.533    0.10198E+03
  0.240  0.567   -0.15392E+03
  0.240  0.600   -0.13432E+03
  0.240  0.633   -0.15024E+02
  0.240  0.667    0.36807E+02
  0.240  0.700    0.29011E+02
  0.240  0.733    0.11934E+02
  0.240  0.767    0.32731E+01
  0.240  0.800    0.64684E+00
  0.240  0.833    0.95369E-01
  0.240  0.867    0.10500E-01
  0.240  0.900    0.42381E-02
  0.240  0.933    0.12910E-01
  0.240  0.967   -0.23660E-01
  0.240  1.000   -0.18986E+00
 
  0.260  0.000   -0.46308E+00
  0.260  0.033   -0.18923E+01
  0.260  0.067    0.27581E+01
  0.260  0.100    0.12994E+02
  0.260  0.133   -0.12526E+02
  0.260  0.167   -0.60907E+02
  0.260  0.200    0.42405E+02
  0.260  0.233    0.20028E+03
  0.260  0.267   -0.98140E+02
  0.260  0.300   -0.46823E+03
  0.260  0.333    0.12811E+03
  0.260  0.367    0.77823E+03
  0.260  0.400   -0.16018E+02
  0.260  0.433   -0.89178E+03
  0.260  0.467   -0.24494E+03
  0.260  0.500    0.63233E+03
  0.260  0.533    0.40906E+03
  0.260  0.567   -0.17743E+03
  0.260  0.600   -0.27747E+03
  0.260  0.633   -0.77221E+02
  0.260  0.667    0.46162E+02
  0.260  0.700    0.49504E+02
  0.260  0.733    0.22326E+02
  0.260  0.767    0.64246E+01
  0.260  0.800    0.13086E+01
  0.260  0.833    0.19721E+00
  0.260  0.867    0.18014E-01
  0.260  0.900   -0.61687E-02
  0.260  0.933    0.56795E-01
  0.260  0.967    0.17578E+00
  0.260  1.000   -0.46308E+00
 
  0.280  0.000    0.12520E+01
  0.280  0.033   -0.74728E+01
  0.280  0.067   -0.95247E+01
  0.280  0.100    0.43618E+02
  0.280  0.133    0.45530E+02
  0.280  0.167   -0.18488E+03
  0.280  0.200   -0.14704E+03
  0.280  0.233    0.55838E+03
  0.280  0.267    0.34597E+03
  0.280  0.300   -0.11838E+04
  0.280  0.333   -0.65203E+03
  0.280  0.367    0.17313E+04
  0.280  0.400    0.10349E+04
  0.280  0.433   -0.16680E+04
  0.280  0.467   -0.12977E+04
  0.280  0.500    0.90027E+03
  0.280  0.533    0.11128E+04
  0.280  0.567   -0.57388E+02
  0.280  0.600   -0.51777E+03
  0.280  0.633   -0.22528E+03
  0.280  0.667    0.42152E+02
  0.280  0.700    0.82118E+02
  0.280  0.733    0.41408E+02
  0.280  0.767    0.12564E+02
  0.280  0.800    0.26423E+01
  0.280  0.833    0.41225E+00
  0.280  0.867    0.47033E-01
  0.280  0.900   -0.81725E-01
  0.280  0.933   -0.85993E-01
  0.280  0.967    0.94243E+00
  0.280  1.000    0.12520E+01
 
  0.300  0.000    0.11722E+02
  0.300  0.033   -0.50104E+01
  0.300  0.067   -0.73296E+02
  0.300  0.100    0.41324E+02
  0.300  0.133    0.32202E+03
  0.300  0.167   -0.23029E+03
  0.300  0.200   -0.99355E+03
  0.300  0.233    0.81328E+03
  0.300  0.267    0.21817E+04
  0.300  0.300   -0.18220E+04
  0.300  0.333   -0.35121E+04
  0.300  0.367    0.25670E+04
  0.300  0.400    0.42784E+04
  0.300  0.433   -0.21124E+04
  0.300  0.467   -0.39352E+04
  0.300  0.500    0.64517E+03
  0.300  0.533    0.25171E+04
  0.300  0.567    0.49507E+03
  0.300  0.600   -0.86876E+03
  0.300  0.633   -0.54620E+03
  0.300  0.667   -0.58061E+01
  0.300  0.700    0.13097E+03
  0.300  0.733    0.76022E+02
  0.300  0.767    0.24470E+02
  0.300  0.800    0.53183E+01
  0.300  0.833    0.85051E+00
  0.300  0.867    0.20154E+00
  0.300  0.900   -0.76602E-01
  0.300  0.933   -0.13201E+01
  0.300  0.967    0.57098E+00
  0.300  1.000    0.11722E+02
 
  0.320  0.000    0.31800E+02
  0.320  0.033    0.76932E+02
  0.320  0.067   -0.21084E+03
  0.320  0.100   -0.29552E+03
  0.320  0.133    0.98480E+03
  0.320  0.167    0.68562E+03
  0.320  0.200   -0.31617E+04
  0.320  0.233   -0.82888E+03
  0.320  0.267    0.69863E+04
  0.320  0.300    0.20601E+03
  0.320  0.333   -0.10807E+05
  0.320  0.367    0.51346E+03
  0.320  0.400    0.11947E+05
  0.320  0.433    0.74993E+02
  0.320  0.467   -0.94316E+04
  0.320  0.500   -0.16012E+04
  0.320  0.533    0.49436E+04
  0.320  0.567    0.21317E+04
  0.320  0.600   -0.12558E+04
  0.320  0.633   -0.11947E+04
  0.320  0.667   -0.16994E+03
  0.320  0.700    0.19690E+03
  0.320  0.733    0.13789E+03
  0.320  0.767    0.47451E+02
  0.320  0.800    0.10680E+02
  0.320  0.833    0.16293E+01
  0.320  0.867    0.53532E+00
  0.320  0.900    0.14156E+01
  0.320  0.933   -0.35894E+01
  0.320  0.967   -0.12810E+02
  0.320  1.000    0.31800E+02
 
  0.340  0.000   -0.22358E+02
  0.340  0.033    0.42226E+03
  0.340  0.067   -0.10923E+03
  0.340  0.100   -0.18319E+04
  0.340  0.133    0.13438E+04
  0.340  0.167    0.53025E+04
  0.340  0.200   -0.59612E+04
  0.340  0.233   -0.10207E+05
  0.340  0.267    0.15123E+05
  0.340  0.300    0.13422E+05
  0.340  0.333   -0.24391E+05
  0.340  0.367   -0.13207E+05
  0.340  0.400    0.26194E+05
  0.340  0.433    0.11483E+05
  0.340  0.467   -0.18828E+05
  0.340  0.500   -0.94548E+04
  0.340  0.533    0.83179E+04
  0.340  0.567    0.61966E+04
  0.340  0.600   -0.13292E+04
  0.340  0.633   -0.24244E+04
  0.340  0.667   -0.61014E+03
  0.340  0.700    0.26773E+03
  0.340  0.733    0.24641E+03
  0.340  0.767    0.91577E+02
  0.340  0.800    0.21540E+02
  0.340  0.833    0.29420E+01
  0.340  0.867   -0.52101E+00
  0.340  0.900    0.74216E+01
  0.340  0.933    0.74752E+01
  0.340  0.967   -0.66342E+02
  0.340  1.000   -0.22358E+02
 
  0.360  0.000   -0.55590E+03
  0.360  0.033    0.10600E+04
  0.360  0.067    0.19580E+04
  0.360  0.100   -0.56428E+04
  0.360  0.133   -0.34066E+04
  0.360  0.167    0.18819E+05
  0.360  0.200   -0.86612E+03
  0.360  0.233   -0.40603E+05
  0.360  0.267    0.17164E+05
  0.360  0.300    0.58797E+05
  0.360  0.333   -0.37813E+05
  0.360  0.367   -0.60488E+05
  0.360  0.400    0.43847E+05
  0.360  0.433    0.47856E+05
  0.360  0.467   -0.30076E+05
  0.360  0.500   -0.30782E+05
  0.360  0.533    0.10863E+05
  0.360  0.567    0.15228E+05
  0.360  0.600   -0.15040E+02
  0.360  0.633   -0.46014E+04
  0.360  0.667   -0.16636E+04
  0.360  0.700    0.29331E+03
  0.360  0.733    0.43220E+03
  0.360  0.767    0.17562E+03
  0.360  0.800    0.43858E+02
  0.360  0.833    0.70977E+01
  0.360  0.867   -0.10052E+02
  0.360  0.900    0.73572E+01
  0.360  0.933    0.96056E+02
  0.360  0.967   -0.11912E+03
  0.360  1.000   -0.55590E+03
 
  0.380  0.000   -0.24950E+04
  0.380  0.033   -0.17484E+02
  0.380  0.067    0.11079E+05
  0.380  0.100   -0.83262E+04
  0.380  0.133   -0.30077E+05
  0.380  0.167    0.42441E+05
  0.380  0.200    0.46818E+05
  0.380  0.233   -0.10992E+06
  0.380  0.267   -0.32797E+05
  0.380  0.300    0.17473E+06
  0.380  0.333   -0.10602E+05
  0.380  0.367   -0.18569E+06
  0.380  0.400    0.39036E+05
  0.380  0.433    0.14138E+06
  0.380  0.467   -0.29229E+05
  0.380  0.500   -0.80757E+05
  0.380  0.533    0.56262E+04
  0.380  0.567    0.33519E+05
  0.380  0.600    0.54886E+04
  0.380  0.633   -0.81268E+04
  0.380  0.667   -0.40119E+04
  0.380  0.700    0.12665E+03
  0.380  0.733    0.74010E+03
  0.380  0.767    0.33374E+03
  0.380  0.800    0.87970E+02
  0.380  0.833    0.27677E+02
  0.380  0.867   -0.30943E+02
  0.380  0.900   -0.99081E+02
  0.380  0.933    0.35427E+03
  0.380  0.967    0.40501E+03
  0.380  1.000   -0.24950E+04
 
  0.400  0.000   -0.54681E+04
  0.400  0.033   -0.13333E+05
  0.400  0.067    0.34365E+05
  0.400  0.100    0.17775E+05
  0.400  0.133   -0.11710E+06
  0.400  0.167    0.37189E+05
  0.400  0.200    0.23491E+06
  0.400  0.233   -0.20247E+06
  0.400  0.267   -0.28183E+06
  0.400  0.300    0.39713E+06
  0.400  0.333    0.19950E+06
  0.400  0.367   -0.45536E+06
  0.400  0.400   -0.83770E+05
  0.400  0.433    0.34610E+06
  0.400  0.467    0.32604E+05
  0.400  0.500   -0.18442E+06
  0.400  0.533   -0.27845E+05
  0.400  0.567    0.67155E+05
  0.400  0.600    0.21827E+05
  0.400  0.633   -0.13065E+05
  0.400  0.667   -0.89781E+04
  0.400  0.700   -0.60949E+03
  0.400  0.733    0.12277E+04
  0.400  0.767    0.62866E+03
  0.400  0.800    0.16032E+03
  0.400  0.833    0.98022E+02
  0.400  0.867    0.50822E+02
  0.400  0.900   -0.64310E+03
  0.400  0.933    0.29338E+03
  0.400  0.967    0.38851E+04
  0.400  1.000   -0.54681E+04
 
  0.420  0.000    0.39699E+04
  0.420  0.033   -0.70571E+05
  0.420  0.067    0.54273E+05
  0.420  0.100    0.17962E+06
  0.420  0.133   -0.30224E+06
  0.420  0.167   -0.20007E+06
  0.420  0.200    0.75976E+06
  0.420  0.233   -0.10725E+06
  0.420  0.267   -0.10966E+07
  0.420  0.300    0.63427E+06
  0.420  0.333    0.98535E+06
  0.420  0.367   -0.90128E+06
  0.420  0.400   -0.59961E+06
  0.420  0.433    0.72230E+06
  0.420  0.467    0.29303E+06
  0.420  0.500   -0.37230E+06
  0.420  0.533   -0.14185E+06
  0.420  0.567    0.12155E+06
  0.420  0.600    0.63697E+05
  0.420  0.633   -0.17969E+05
  0.420  0.667   -0.19020E+05
  0.420  0.700   -0.28141E+04
  0.420  0.733    0.19466E+04
  0.420  0.767    0.11907E+04
  0.420  0.800    0.23508E+03
  0.420  0.833    0.15466E+03
  0.420  0.867    0.88353E+03
  0.420  0.900   -0.17669E+04
  0.420  0.933   -0.40166E+04
  0.420  0.967    0.15109E+05
  0.420  1.000    0.39699E+04
 
  0.440  0.000    0.93419E+05
  0.440  0.033   -0.22038E+06
  0.440  0.067   -0.96146E+05
  0.440  0.100    0.75786E+06
  0.440  0.133   -0.42485E+06
  0.440  0.167   -0.13519E+07
  0.440  0.200    0.18002E+07
  0.440  0.233    0.10799E+07
  0.440  0.267   -0.31736E+07
  0.440  0.300    0.21298E+06
  0.440  0.333    0.32493E+07
  0.440  0.367   -0.12633E+07
  0.440  0.400   -0.21859E+07
  0.440  0.433    0.12374E+07
  0.440  0.467    0.10914E+07
  0.440  0.500   -0.64885E+06
  0.440  0.533   -0.45792E+06
  0.440  0.567    0.19097E+06
  0.440  0.600    0.16170E+06
  0.440  0.633   -0.16706E+05
  0.440  0.667   -0.38468E+05
  0.440  0.700   -0.85270E+04
  0.440  0.733    0.28537E+04
  0.440  0.767    0.23374E+04
  0.440  0.800    0.33158E+03
  0.440  0.833   -0.71998E+03
  0.440  0.867    0.40640E+04
  0.440  0.900    0.93283E+03
  0.440  0.933   -0.26967E+05
  0.440  0.967    0.28476E+05
  0.440  1.000    0.93419E+05
 
  0.460  0.000    0.46998E+06
  0.460  0.033   -0.36947E+06
  0.460  0.067   -0.11210E+07
  0.460  0.100    0.21771E+07
  0.460  0.133    0.68757E+06
  0.460  0.167   -0.51343E+07
  0.460  0.200    0.26644E+07
  0.460  0.233    0.61842E+07
  0.460  0.267   -0.72375E+07
  0.460  0.300   -0.34306E+07
  0.460  0.333    0.86644E+07
  0.460  0.367   -0.15611E+06
  0.460  0.400   -0.62939E+07
  0.460  0.433    0.14126E+07
  0.460  0.467    0.31798E+07
  0.460  0.500   -0.87796E+06
  0.460  0.533   -0.12366E+07
  0.460  0.567    0.22610E+06
  0.460  0.600    0.37578E+06
  0.460  0.633    0.94080E+04
  0.460  0.667   -0.74397E+05
  0.460  0.700   -0.22184E+05
  0.460  0.733    0.34734E+04
  0.460  0.767    0.47443E+04
  0.460  0.800    0.15934E+04
  0.460  0.833   -0.64608E+04
  0.460  0.867    0.78214E+04
  0.460  0.900    0.34413E+05
  0.460  0.933   -0.93498E+05
  0.460  0.967   -0.49456E+05
  0.460  1.000    0.46998E+06
 
  0.480  0.000    0.14773E+07
  0.480  0.033    0.53232E+06
  0.480  0.067   -0.50786E+07
  0.480  0.100    0.39646E+07
  0.480  0.133    0.76738E+07
  0.480  0.167   -0.14493E+08
  0.480  0.200   -0.15593E+07
  0.480  0.233    0.22290E+08
  0.480  0.267   -0.11806E+08
  0.480  0.300   -0.17945E+08
  0.480  0.333    0.19249E+08
  0.480  0.367    0.72092E+07
  0.480  0.400   -0.15542E+08
  0.480  0.433   -0.70798E+06
  0.480  0.467    0.80490E+07
  0.480  0.500   -0.44762E+06
  0.480  0.533   -0.29918E+07
  0.480  0.567    0.46492E+05
  0.480  0.600    0.81542E+06
  0.480  0.633    0.10997E+06
  0.480  0.667   -0.13705E+06
  0.480  0.700   -0.52973E+05
  0.480  0.733    0.19483E+04
  0.480  0.767    0.85254E+04
  0.480  0.800    0.11259E+05
  0.480  0.833   -0.23599E+05
  0.480  0.867   -0.24088E+05
  0.480  0.900    0.18791E+06
  0.480  0.933   -0.14635E+06
  0.480  0.967   -0.67278E+06
  0.480  1.000    0.14773E+07
 
  0.500  0.000    0.26113E+07
  0.500  0.033    0.72655E+07
  0.500  0.067   -0.15930E+08
  0.500  0.100   -0.48657E+06
  0.500  0.133    0.34274E+08
  0.500  0.167   -0.30013E+08
  0.500  0.200   -0.30179E+08
  0.500  0.233    0.63205E+08
  0.500  0.267   -0.44392E+07
  0.500  0.300   -0.62577E+08
  0.500  0.333    0.33697E+08
  0.500  0.367    0.34510E+08
  0.500  0.400   -0.33342E+08
  0.500  0.433   -0.11216E+08
  0.500  0.467    0.18245E+08
  0.500  0.500    0.26054E+07
  0.500  0.533   -0.66378E+07
  0.500  0.567   -0.87622E+06
  0.500  0.600    0.16620E+07
  0.500  0.633    0.40641E+06
  0.500  0.667   -0.23795E+06
  0.500  0.700   -0.11888E+06
  0.500  0.733   -0.59441E+04
  0.500  0.767    0.52456E+04
  0.500  0.800    0.53088E+05
  0.500  0.833   -0.23013E+05
  0.500  0.867   -0.27848E+06
  0.500  0.900    0.58901E+06
  0.500  0.933    0.48537E+06
  0.500  0.967   -0.32529E+07
  0.500  1.000    0.26113E+07
 
  0.520  0.000   -0.29736E+07
  0.520  0.033    0.35101E+08
  0.520  0.067   -0.34463E+08
  0.520  0.100   -0.42199E+08
  0.520  0.133    0.11142E+09
  0.520  0.167   -0.29814E+08
  0.520  0.200   -0.14224E+09
  0.520  0.233    0.14438E+09
  0.520  0.267    0.65326E+08
  0.520  0.300   -0.17810E+09
  0.520  0.333    0.32720E+08
  0.520  0.367    0.11593E+09
  0.520  0.400   -0.59893E+08
  0.520  0.433   -0.46570E+08
  0.520  0.467    0.37012E+08
  0.520  0.500    0.13697E+08
  0.520  0.533   -0.13552E+08
  0.520  0.567   -0.39220E+07
  0.520  0.600    0.31686E+07
  0.520  0.633    0.11796E+07
  0.520  0.667   -0.38083E+06
  0.520  0.700   -0.25440E+06
  0.520  0.733   -0.19372E+05
  0.520  0.767   -0.52165E+05
  0.520  0.800    0.14441E+06
  0.520  0.833    0.28355E+06
  0.520  0.867   -0.13195E+07
  0.520  0.900    0.71339E+06
  0.520  0.933    0.49713E+07
  0.520  0.967   -0.10290E+08
  0.520  1.000   -0.29736E+07
 
  0.540  0.000   -0.48663E+08
  0.540  0.033    0.11858E+09
  0.540  0.067   -0.25180E+08
  0.540  0.100   -0.22654E+09
  0.540  0.133    0.28090E+09
  0.540  0.167    0.10510E+09
  0.540  0.200   -0.48618E+09
  0.540  0.233    0.23924E+09
  0.540  0.267    0.35744E+09
  0.540  0.300   -0.43110E+09
  0.540  0.333   -0.67135E+08
  0.540  0.367    0.32692E+09
  0.540  0.400   -0.75881E+08
  0.540  0.433   -0.14687E+09
  0.540  0.467    0.64991E+08
  0.540  0.500    0.46396E+08
  0.540  0.533   -0.25107E+08
  0.540  0.567   -0.12431E+08
  0.540  0.600    0.55554E+07
  0.540  0.633    0.30522E+07
  0.540  0.667   -0.53256E+06
  0.540  0.700   -0.53643E+06
  0.540  0.733    0.19980E+05
  0.540  0.767   -0.28805E+06
  0.540  0.800   -0.22560E+05
  0.540  0.833    0.22072E+07
  0.540  0.867   -0.37589E+07
  0.540  0.900   -0.43961E+07
  0.540  0.933    0.23285E+08
  0.540  0.967   -0.19070E+08
  0.540  1.000   -0.48663E+08
 
  0.560  0.000   -0.24935E+09
  0.560  0.033    0.29109E+09
  0.560  0.067    0.21645E+09
  0.560  0.100   -0.83546E+09
  0.560  0.133    0.49185E+09
  0.560  0.167    0.81463E+09
  0.560  0.200   -0.13567E+10
  0.560  0.233    0.97400E+08
  0.560  0.267    0.13037E+10
  0.560  0.300   -0.86785E+09
  0.560  0.333   -0.54001E+09
  0.560  0.367    0.81029E+09
  0.560  0.400    0.93051E+07
  0.560  0.433   -0.40110E+09
  0.560  0.467    0.87304E+08
  0.560  0.500    0.13220E+09
  0.560  0.533   -0.40319E+08
  0.560  0.567   -0.34014E+08
  0.560  0.600    0.85593E+07
  0.560  0.633    0.73539E+07
  0.560  0.667   -0.52790E+06
  0.560  0.700   -0.12041E+07
  0.560  0.733    0.38962E+06
  0.560  0.767   -0.60665E+06
  0.560  0.800   -0.26983E+07
  0.560  0.833    0.93665E+07
  0.560  0.867   -0.29943E+07
  0.560  0.900   -0.37613E+08
  0.560  0.933    0.74110E+08
  0.560  0.967    0.16442E+08
  0.560  1.000   -0.24935E+09
 
  0.580  0.000   -0.89787E+09
  0.580  0.033    0.38065E+09
  0.580  0.067    0.14787E+10
  0.580  0.100   -0.24282E+10
  0.580  0.133    0.10452E+09
  0.580  0.167    0.34202E+10
  0.580  0.200   -0.31016E+10
  0.580  0.233   -0.13501E+10
  0.580  0.267    0.39095E+10
  0.580  0.300   -0.12613E+10
  0.580  0.333   -0.21604E+10
  0.580  0.367    0.17715E+10
  0.580  0.400    0.50179E+09
  0.580  0.433   -0.98719E+09
  0.580  0.467    0.33429E+08
  0.580  0.500    0.33922E+09
  0.580  0.533   -0.47884E+08
  0.580  0.567   -0.85103E+08
  0.580  0.600    0.10006E+08
  0.580  0.633    0.16812E+08
  0.580  0.667    0.28357E+06
  0.580  0.700   -0.31166E+07
  0.580  0.733    0.15851E+07
  0.580  0.767    0.19033E+07
  0.580  0.800   -0.17176E+08
  0.580  0.833    0.24199E+08
  0.580  0.867    0.38548E+08
  0.580  0.900   -0.17168E+09
  0.580  0.933    0.14331E+09
  0.580  0.967    0.33539E+09
  0.580  1.000   -0.89787E+09
 
  0.600  0.000   -0.24321E+10
  0.600  0.033   -0.93707E+09
  0.600  0.067    0.61671E+10
  0.600  0.100   -0.54676E+10
  0.600  0.133   -0.38743E+10
  0.600  0.167    0.11246E+11
  0.600  0.200   -0.52033E+10
  0.600  0.233   -0.76618E+10
  0.600  0.267    0.10114E+11
  0.600  0.300   -0.18233E+09
  0.600  0.333   -0.68786E+10
  0.600  0.367    0.32951E+10
  0.600  0.400    0.22886E+10
  0.600  0.433   -0.22119E+10
  0.600  0.467   -0.33352E+09
  0.600  0.500    0.80375E+09
  0.600  0.533   -0.32221E+07
  0.600  0.567   -0.19923E+09
  0.600  0.600    0.18381E+07
  0.600  0.633    0.36646E+08
  0.600  0.667    0.43638E+07
  0.600  0.700   -0.87588E+07
  0.600  0.733    0.12034E+07
  0.600  0.767    0.24798E+08
  0.600  0.800   -0.66826E+08
  0.600  0.833    0.69806E+07
  0.600  0.867    0.29082E+09
  0.600  0.900   -0.54967E+09
  0.600  0.933   -0.87187E+08
  0.600  0.967    0.18153E+10
  0.600  1.000   -0.24321E+10
 
  0.620  0.000   -0.42261E+10
  0.620  0.033   -0.94621E+10
  0.620  0.067    0.20129E+11
  0.620  0.100   -0.73795E+10
  0.620  0.133   -0.22019E+11
  0.620  0.167    0.30986E+11
  0.620  0.200   -0.22532E+10
  0.620  0.233   -0.28993E+11
  0.620  0.267    0.22471E+11
  0.620  0.300    0.78532E+10
  0.620  0.333   -0.19087E+11
  0.620  0.367    0.45029E+10
  0.620  0.400    0.76891E+10
  0.620  0.433   -0.44660E+10
  0.620  0.467   -0.16983E+10
  0.620  0.500    0.17721E+10
  0.620  0.533    0.23199E+09
  0.620  0.567   -0.44052E+09
  0.620  0.600   -0.39932E+08
  0.620  0.633    0.75385E+08
  0.620  0.667    0.20111E+08
  0.620  0.700   -0.20713E+08
  0.620  0.733   -0.27111E+08
  0.620  0.767    0.13475E+09
  0.620  0.800   -0.15539E+09
  0.620  0.833   -0.33363E+09
  0.620  0.867    0.12994E+10
  0.620  0.900   -0.11047E+10
  0.620  0.933   -0.23702E+10
  0.620  0.967    0.69122E+10
  0.620  1.000   -0.42261E+10
 
  0.640  0.000    0.20570E+10
  0.640  0.033   -0.44971E+11
  0.640  0.067    0.53139E+11
  0.640  0.100    0.10188E+11
  0.640  0.133   -0.85625E+11
  0.640  0.167    0.70873E+11
  0.640  0.200    0.29835E+11
  0.640  0.233   -0.90750E+11
  0.640  0.267    0.40012E+11
  0.640  0.300    0.40181E+11
  0.640  0.333   -0.47395E+11
  0.640  0.367    0.67947E+09
  0.640  0.400    0.22275E+11
  0.640  0.433   -0.77873E+10
  0.640  0.467   -0.58627E+10
  0.640  0.500    0.36203E+10
  0.640  0.533    0.10390E+10
  0.640  0.567   -0.92122E+09
  0.640  0.600   -0.17831E+09
  0.640  0.633    0.14171E+09
  0.640  0.667    0.69100E+08
  0.640  0.700   -0.13037E+08
  0.640  0.733   -0.22134E+09
  0.640  0.767    0.48292E+09
  0.640  0.800    0.58489E+08
  0.640  0.833   -0.22933E+10
  0.640  0.867    0.41843E+10
  0.640  0.900    0.41399E+09
  0.640  0.933   -0.13509E+11
  0.640  0.967    0.20278E+11
  0.640  1.000    0.20570E+10
 
  0.660  0.000    0.58491E+11
  0.660  0.033   -0.16270E+12
  0.660  0.067    0.10468E+12
  0.660  0.100    0.12516E+12
  0.660  0.133   -0.27342E+12
  0.660  0.167    0.12012E+12
  0.660  0.200    0.17454E+12
  0.660  0.233   -0.24766E+12
  0.660  0.267    0.39808E+11
  0.660  0.300    0.14527E+12
  0.660  0.333   -0.10508E+12
  0.660  0.367   -0.25236E+11
  0.660  0.400    0.58350E+11
  0.660  0.433   -0.10097E+11
  0.660  0.467   -0.17242E+11
  0.660  0.500    0.67178E+10
  0.660  0.533    0.33913E+10
  0.660  0.567   -0.18127E+10
  0.660  0.600   -0.56234E+09
  0.660  0.633    0.22885E+09
  0.660  0.667    0.16766E+09
  0.660  0.700    0.23693E+09
  0.660  0.733   -0.10665E+10
  0.660  0.767    0.99224E+09
  0.660  0.800    0.28806E+10
  0.660  0.833   -0.10066E+11
  0.660  0.867    0.87087E+10
  0.660  0.900    0.17122E+11
  0.660  0.933   -0.54054E+11
  0.660  0.967    0.42144E+11
  0.660  1.000    0.58491E+11
 
  0.680  0.000    0.32392E+12
  0.680  0.033   -0.48356E+12
  0.680  0.067    0.80097E+11
  0.680  0.100    0.60347E+12
  0.680  0.133   -0.74568E+12
  0.680  0.167    0.54818E+11
  0.680  0.200    0.68118E+12
  0.680  0.233   -0.59263E+12
  0.680  0.267   -0.86750E+11
  0.680  0.300    0.44570E+12
  0.680  0.333   -0.20090E+12
  0.680  0.367   -0.12554E+12
  0.680  0.400    0.14049E+12
  0.680  0.433   -0.15224E+10
  0.680  0.467   -0.45994E+11
  0.680  0.500    0.10710E+11
  0.680  0.533    0.96360E+10
  0.680  0.567   -0.33132E+10
  0.680  0.600   -0.15118E+10
  0.680  0.633    0.30228E+09
  0.680  0.667    0.84547E+08
  0.680  0.700    0.18010E+10
  0.680  0.733   -0.35369E+10
  0.680  0.767   -0.12738E+10
  0.680  0.800    0.18417E+11
  0.680  0.833   -0.32597E+11
  0.680  0.867   -0.13869E+10
  0.680  0.900    0.10253E+12
  0.680  0.933   -0.16949E+12
  0.680  0.967    0.22527E+11
  0.680  1.000    0.32392E+12
 
  0.700  0.000    0.12929E+13
  0.700  0.033   -0.11599E+13
  0.700  0.067   -0.54795E+12
  0.700  0.100    0.22224E+13
  0.700  0.133   -0.17063E+13
  0.700  0.167   -0.69681E+12
  0.700  0.200    0.22097E+13
  0.700  0.233   -0.11997E+13
  0.700  0.267   -0.72569E+12
  0.700  0.300    0.12216E+13
  0.700  0.333   -0.29134E+12
  0.700  0.367   -0.44477E+12
  0.700  0.400    0.31090E+12
  0.700  0.433    0.51844E+11
  0.700  0.467   -0.11404E+12
  0.700  0.500    0.11998E+11
  0.700  0.533    0.25175E+11
  0.700  0.567   -0.54748E+10
  0.700  0.600   -0.36886E+10
  0.700  0.633    0.56355E+09
  0.700  0.667   -0.19752E+10
  0.700  0.700    0.82064E+10
  0.700  0.733   -0.62525E+10
  0.700  0.767   -0.24903E+11
  0.700  0.800    0.79633E+11
  0.700  0.833   -0.70048E+11
  0.700  0.867   -0.12609E+12
  0.700  0.900    0.42896E+12
  0.700  0.933   -0.39991E+12
  0.700  0.967   -0.33915E+12
  0.700  1.000    0.12929E+13
 
  0.720  0.000    0.42363E+13
  0.720  0.033   -0.18943E+13
  0.720  0.067   -0.38724E+13
  0.720  0.100    0.69369E+13
  0.720  0.133   -0.29176E+13
  0.720  0.167   -0.41847E+13
  0.720  0.200    0.63011E+13
  0.720  0.233   -0.17685E+13
  0.720  0.267   -0.30625E+13
  0.720  0.300    0.30372E+13
  0.720  0.333   -0.10722E+12
  0.720  0.367   -0.13516E+13
  0.720  0.400    0.62176E+12
  0.720  0.433    0.25090E+12
  0.720  0.467   -0.26528E+12
  0.720  0.500   -0.38147E+10
  0.720  0.533    0.61955E+11
  0.720  0.567   -0.76182E+10
  0.720  0.600   -0.87913E+10
  0.720  0.633    0.36100E+10
  0.720  0.667   -0.14193E+11
  0.720  0.700    0.25557E+11
  0.720  0.733    0.16128E+11
  0.720  0.767   -0.15035E+12
  0.720  0.800    0.25925E+12
  0.720  0.833   -0.27982E+10
  0.720  0.867   -0.79215E+12
  0.720  0.900    0.14236E+13
  0.720  0.933   -0.47283E+12
  0.720  0.967   -0.22976E+13
  0.720  1.000    0.42363E+13
 
  0.740  0.000    0.11593E+14
  0.740  0.033    0.47934E+12
  0.740  0.067   -0.16844E+14
  0.740  0.100    0.18762E+14
  0.740  0.133   -0.13971E+13
  0.740  0.167   -0.16768E+14
  0.740  0.200    0.15985E+14
  0.740  0.233   -0.21570E+12
  0.740  0.267   -0.10382E+14
  0.740  0.300    0.68105E+13
  0.740  0.333    0.13860E+13
  0.740  0.367   -0.37196E+13
  0.740  0.400    0.10668E+13
  0.740  0.433    0.87033E+12
  0.740  0.467   -0.57905E+12
  0.740  0.500   -0.82738E+11
  0.740  0.533    0.14544E+12
  0.740  0.567   -0.62105E+10
  0.740  0.600   -0.23673E+11
  0.740  0.633    0.24974E+11
  0.740  0.667   -0.61893E+11
  0.740  0.700    0.36872E+11
  0.740  0.733    0.21590E+12
  0.740  0.767   -0.64186E+12
  0.740  0.800    0.57371E+12
  0.740  0.833    0.94442E+12
  0.740  0.867   -0.34511E+13
  0.740  0.900    0.36993E+13
  0.740  0.933    0.17169E+13
  0.740  0.967   -0.10138E+14
  0.740  1.000    0.11593E+14
 
  0.760  0.000    0.24930E+14
  0.760  0.033    0.21267E+14
  0.760  0.067   -0.59571E+14
  0.760  0.100    0.42954E+14
  0.760  0.133    0.17047E+14
  0.760  0.167   -0.56070E+14
  0.760  0.200    0.35425E+14
  0.760  0.233    0.11984E+14
  0.760  0.267   -0.31013E+14
  0.760  0.300    0.13320E+14
  0.760  0.333    0.75127E+13
  0.760  0.367   -0.94632E+13
  0.760  0.400    0.13026E+13
  0.760  0.433    0.26096E+13
  0.760  0.467   -0.11746E+13
  0.760  0.500   -0.35656E+12
  0.760  0.533    0.32743E+12
  0.760  0.567    0.14744E+11
  0.760  0.600   -0.82049E+11
  0.760  0.633    0.12921E+12
  0.760  0.667   -0.18041E+12
  0.760  0.700   -0.17796E+12
  0.760  0.733    0.12452E+13
  0.760  0.767   -0.21006E+13
  0.760  0.800    0.12886E+12
  0.760  0.833    0.62190E+13
  0.760  0.867   -0.12032E+14
  0.760  0.900    0.60782E+13
  0.760  0.933    0.15943E+14
  0.760  0.967   -0.36216E+14
  0.760  1.000    0.24930E+14
 
  0.780  0.000    0.29325E+14
  0.780  0.033    0.11827E+15
  0.780  0.067   -0.18260E+15
  0.780  0.100    0.74041E+14
  0.780  0.133    0.10479E+15
  0.780  0.167   -0.16586E+15
  0.780  0.200    0.63554E+14
  0.780  0.233    0.63580E+14
  0.780  0.267   -0.84213E+14
  0.780  0.300    0.20288E+14
  0.780  0.333    0.27884E+14
  0.780  0.367   -0.22382E+14
  0.780  0.400   -0.26585E+12
  0.780  0.433    0.71506E+13
  0.780  0.467   -0.21563E+13
  0.780  0.500   -0.11773E+13
  0.780  0.533    0.70265E+12
  0.780  0.567    0.13090E+12
  0.780  0.600   -0.33556E+12
  0.780  0.633    0.50077E+12
  0.780  0.667   -0.18336E+12
  0.780  0.700   -0.18858E+13
  0.780  0.733    0.52601E+13
  0.780  0.767   -0.47758E+13
  0.780  0.800   -0.71793E+13
  0.780  0.833    0.28120E+14
  0.780  0.867   -0.33763E+14
  0.780  0.900   -0.57597E+13
  0.780  0.933    0.78534E+14
  0.780  0.967   -0.10959E+15
  0.780  1.000    0.29325E+14
 
  0.800  0.000   -0.77411E+14
  0.800  0.033    0.47932E+15
  0.800  0.067   -0.49057E+15
  0.800  0.100    0.37144E+14
  0.800  0.133    0.42957E+15
  0.800  0.167   -0.44117E+15
  0.800  0.200    0.63522E+14
  0.800  0.233    0.24093E+15
  0.800  0.267   -0.20961E+15
  0.800  0.300    0.11174E+14
  0.800  0.333    0.88203E+14
  0.800  0.367   -0.48922E+14
  0.800  0.400   -0.91656E+13
  0.800  0.433    0.18319E+14
  0.800  0.467   -0.33310E+13
  0.800  0.500   -0.34333E+13
  0.800  0.533    0.13887E+13
  0.800  0.567    0.69065E+12
  0.800  0.600   -0.13392E+13
  0.800  0.633    0.13217E+13
  0.800  0.667    0.18595E+13
  0.800  0.700   -0.10461E+14
  0.800  0.733    0.17303E+14
  0.800  0.767   -0.18917E+13
  0.800  0.800   -0.49538E+14
  0.800  0.833    0.10238E+15
  0.800  0.867   -0.67367E+14
  0.800  0.900   -0.10691E+15
  0.800  0.933    0.30428E+15
  0.800  0.967   -0.27629E+15
  0.800  1.000   -0.77411E+14
 
  0.820  0.000   -0.74549E+15
  0.820  0.033    0.16432E+16
  0.820  0.067   -0.11238E+16
  0.820  0.100   -0.43377E+15
  0.820  0.133    0.14745E+16
  0.820  0.167   -0.10468E+16
  0.820  0.200   -0.14937E+15
  0.820  0.233    0.78159E+15
  0.820  0.267   -0.47456E+15
  0.820  0.300   -0.81261E+14
  0.820  0.333    0.25275E+15
  0.820  0.367   -0.96629E+14
  0.820  0.400   -0.42147E+14
  0.820  0.433    0.44299E+14
  0.820  0.467   -0.32083E+13
  0.820  0.500   -0.92198E+13
  0.820  0.533    0.22265E+13
  0.820  0.567    0.31264E+13
  0.820  0.600   -0.45322E+13
  0.820  0.633    0.67635E+12
  0.820  0.667    0.16644E+14
  0.820  0.700   -0.43778E+14
  0.820  0.733    0.40337E+14
  0.820  0.767    0.55284E+14
  0.820  0.800   -0.23184E+15
  0.820  0.833    0.30607E+15
  0.820  0.867   -0.19913E+14
  0.820  0.900   -0.60035E+15
  0.820  0.933    0.10010E+16
  0.820  0.967   -0.51495E+15
  0.820  1.000   -0.74549E+15
 
  0.840  0.000   -0.36119E+16
  0.840  0.033    0.49636E+16
  0.840  0.067   -0.19519E+16
  0.840  0.100   -0.27236E+16
  0.840  0.133    0.44999E+16
  0.840  0.167   -0.21237E+16
  0.840  0.200   -0.12665E+16
  0.840  0.233    0.22890E+16
  0.840  0.267   -0.94651E+15
  0.840  0.300   -0.48208E+15
  0.840  0.333    0.67201E+15
  0.840  0.367   -0.16201E+15
  0.840  0.400   -0.14588E+15
  0.840  0.433    0.10131E+15
  0.840  0.467    0.40055E+13
  0.840  0.500   -0.22955E+14
  0.840  0.533    0.11465E+13
  0.840  0.567    0.12317E+14
  0.840  0.600   -0.10783E+14
  0.840  0.633   -0.18485E+14
  0.840  0.667    0.89150E+14
  0.840  0.700   -0.14472E+15
  0.840  0.733    0.22401E+14
  0.840  0.767    0.39983E+15
  0.840  0.800   -0.87733E+15
  0.840  0.833    0.69726E+15
  0.840  0.867    0.67661E+15
  0.840  0.900   -0.25219E+16
  0.840  0.933    0.28201E+16
  0.840  0.967   -0.23829E+15
  0.840  1.000   -0.36119E+16
 
  0.860  0.000   -0.13902E+17
  0.860  0.033    0.13262E+17
  0.860  0.067   -0.10258E+16
  0.860  0.100   -0.11392E+17
  0.860  0.133    0.12448E+17
  0.860  0.167   -0.31523E+16
  0.860  0.200   -0.55331E+16
  0.860  0.233    0.61715E+16
  0.860  0.267   -0.15038E+16
  0.860  0.300   -0.18670E+16
  0.860  0.333    0.16728E+16
  0.860  0.367   -0.18136E+15
  0.860  0.400   -0.44251E+15
  0.860  0.433    0.21807E+15
  0.860  0.467    0.36358E+14
  0.860  0.500   -0.51877E+14
  0.860  0.533   -0.12258E+14
  0.860  0.567    0.40036E+14
  0.860  0.600   -0.15398E+13
  0.860  0.633   -0.14765E+15
  0.860  0.667    0.36979E+15
  0.860  0.700   -0.34526E+15
  0.860  0.733   -0.43051E+15
  0.860  0.767    0.19324E+16
  0.860  0.800   -0.27668E+16
  0.860  0.833    0.72204E+15
  0.860  0.867    0.45149E+16
  0.860  0.900   -0.89324E+16
  0.860  0.933    0.64901E+16
  0.860  0.967    0.38100E+16
  0.860  1.000   -0.13902E+17
 
  0.880  0.000   -0.46500E+17
  0.880  0.033    0.30408E+17
  0.880  0.067    0.11414E+17
  0.880  0.100   -0.40000E+17
  0.880  0.133    0.31169E+17
  0.880  0.167   -0.29537E+15
  0.880  0.200   -0.19579E+17
  0.880  0.233    0.15382E+17
  0.880  0.267   -0.10681E+16
  0.880  0.300   -0.61148E+16
  0.880  0.333    0.38979E+16
  0.880  0.367    0.13202E+15
  0.880  0.400   -0.12352E+16
  0.880  0.433    0.43612E+15
  0.880  0.467    0.14224E+15
  0.880  0.500   -0.99421E+14
  0.880  0.533   -0.75010E+14
  0.880  0.567    0.89927E+14
  0.880  0.600    0.17379E+15
  0.880  0.633   -0.76857E+15
  0.880  0.667    0.12278E+16
  0.880  0.700   -0.24295E+15
  0.880  0.733   -0.32660E+16
  0.880  0.767    0.75716E+16
  0.880  0.800   -0.69535E+16
  0.880  0.833   -0.38294E+16
  0.880  0.867    0.20652E+17
  0.880  0.900   -0.27439E+17
  0.880  0.933    0.97063E+16
  0.880  0.967    0.25065E+17
  0.880  1.000   -0.46500E+17
 
  0.900  0.000   -0.13879E+18
  0.900  0.033    0.53201E+17
  0.900  0.067    0.73110E+17
  0.900  0.100   -0.12540E+18
  0.900  0.133    0.68926E+17
  0.900  0.167    0.22845E+17
  0.900  0.200   -0.61531E+17
  0.900  0.233    0.35122E+17
  0.900  0.267    0.49880E+16
  0.900  0.300   -0.18130E+17
  0.900  0.333    0.84169E+16
  0.900  0.367    0.17727E+16
  0.900  0.400   -0.32408E+16
  0.900  0.433    0.78878E+15
  0.900  0.467    0.43224E+15
  0.900  0.500   -0.12871E+15
  0.900  0.533   -0.27294E+15
  0.900  0.567   -0.10706E+14
  0.900  0.600    0.13046E+16
  0.900  0.633   -0.31643E+16
  0.900  0.667    0.29928E+16
  0.900  0.700    0.33848E+16
  0.900  0.733   -0.16271E+17
  0.900  0.767    0.25002E+17
  0.900  0.800   -0.10703E+17
  0.900  0.833   -0.33206E+17
  0.900  0.867    0.78361E+17
  0.900  0.900   -0.72014E+17
  0.900  0.933   -0.87243E+16
  0.900  0.967    0.11094E+18
  0.900  1.000   -0.13879E+18
 
  0.920  0.000   -0.36918E+18
  0.920  0.033    0.29310E+17
  0.920  0.067    0.31133E+18
  0.920  0.100   -0.35860E+18
  0.920  0.133    0.12422E+18
  0.920  0.167    0.12410E+18
  0.920  0.200   -0.17752E+18
  0.920  0.233    0.71283E+17
  0.920  0.267    0.32730E+17
  0.920  0.300   -0.49986E+17
  0.920  0.333    0.16390E+17
  0.920  0.367    0.77888E+16
  0.920  0.400   -0.80763E+16
  0.920  0.433    0.12166E+16
  0.920  0.467    0.11054E+16
  0.920  0.500    0.44352E+14
  0.920  0.533   -0.58761E+15
  0.920  0.567   -0.15891E+16
  0.920  0.600    0.66673E+16
  0.920  0.633   -0.10553E+17
  0.920  0.667    0.25224E+16
  0.920  0.700    0.26972E+17
  0.920  0.733   -0.65799E+17
  0.920  0.767    0.67847E+17
  0.920  0.800    0.16302E+17
  0.920  0.833   -0.16709E+18
  0.920  0.867    0.25881E+18
  0.920  0.900   -0.14796E+18
  0.920  0.933   -0.15233E+18
  0.920  0.967    0.41062E+18
  0.920  1.000   -0.36918E+18
 
  0.940  0.000   -0.84736E+18
  0.940  0.033   -0.30911E+18
  0.940  0.067    0.11152E+19
  0.940  0.100   -0.93799E+18
  0.940  0.133    0.12438E+18
  0.940  0.167    0.48603E+18
  0.940  0.200   -0.47607E+18
  0.940  0.233    0.11755E+18
  0.940  0.267    0.13199E+18
  0.940  0.300   -0.12964E+18
  0.940  0.333    0.26711E+17
  0.940  0.367    0.26827E+17
  0.940  0.400   -0.19228E+17
  0.940  0.433    0.13501E+16
  0.940  0.467    0.23786E+16
  0.940  0.500    0.80271E+15
  0.940  0.533    0.61417E+15
  0.940  0.567   -0.11497E+17
  0.940  0.600    0.27331E+17
  0.940  0.633   -0.26243E+17
  0.940  0.667   -0.26817E+17
  0.940  0.700    0.13830E+18
  0.940  0.733   -0.22617E+18
  0.940  0.767    0.12970E+18
  0.940  0.800    0.23637E+18
  0.940  0.833   -0.67816E+18
  0.940  0.867    0.74694E+18
  0.940  0.900   -0.14273E+18
  0.940  0.933   -0.82786E+18
  0.940  0.967    0.13464E+19
  0.940  1.000   -0.84736E+18
 
  0.960  0.000   -0.14933E+19
  0.960  0.033   -0.20183E+19
  0.960  0.067    0.35791E+19
  0.960  0.100   -0.22128E+19
  0.960  0.133   -0.30960E+18
  0.960  0.167    0.16406E+19
  0.960  0.200   -0.11884E+19
  0.960  0.233    0.10022E+18
  0.960  0.267    0.44594E+18
  0.960  0.300   -0.31726E+18
  0.960  0.333    0.26572E+17
  0.960  0.367    0.82093E+17
  0.960  0.400   -0.43921E+17
  0.960  0.433    0.11596E+15
  0.960  0.467    0.42697E+16
  0.960  0.500    0.10289E+16
  0.960  0.533    0.15147E+17
  0.960  0.567   -0.58090E+17
  0.960  0.600    0.91620E+17
  0.960  0.633   -0.25554E+17
  0.960  0.667   -0.22495E+18
  0.960  0.700    0.57566E+18
  0.960  0.733   -0.65322E+18
  0.960  0.767    0.16973E+16
  0.960  0.800    0.13338E+19
  0.960  0.833   -0.23883E+19
  0.960  0.867    0.18145E+19
  0.960  0.900    0.67944E+18
  0.960  0.933   -0.34370E+19
  0.960  0.967    0.39789E+19
  0.960  1.000   -0.14933E+19
 
  0.980  0.000   -0.86319E+18
  0.980  0.033   -0.87352E+19
  0.980  0.067    0.10529E+20
  0.980  0.100   -0.44967E+19
  0.980  0.133   -0.26498E+19
  0.980  0.167    0.50353E+19
  0.980  0.200   -0.27348E+19
  0.980  0.233   -0.31465E+18
  0.980  0.267    0.13618E+19
  0.980  0.300   -0.72985E+18
  0.980  0.333   -0.40052E+17
  0.980  0.367    0.23331E+18
  0.980  0.400   -0.96766E+17
  0.980  0.433   -0.48685E+16
  0.980  0.467    0.81586E+16
  0.980  0.500   -0.15913E+17
  0.980  0.533    0.10303E+18
  0.980  0.567   -0.23774E+18
  0.980  0.600    0.23223E+18
  0.980  0.633    0.21373E+18
  0.980  0.667   -0.11857E+19
  0.980  0.700    0.20503E+19
  0.980  0.733   -0.14391E+19
  0.980  0.767   -0.15968E+19
  0.980  0.800    0.58003E+19
  0.980  0.833   -0.74317E+19
  0.980  0.867    0.31766E+19
  0.980  0.900    0.56191E+19
  0.980  0.933   -0.12336E+20
  0.980  0.967    0.10545E+20
  0.980  1.000   -0.86319E+18
 
  1.000  0.000    0.85833E+19
  1.000  0.033   -0.31853E+20
  1.000  0.067    0.28561E+20
  1.000  0.100   -0.67130E+19
  1.000  0.133   -0.11872E+20
  1.000  0.167    0.14359E+20
  1.000  0.200   -0.56389E+19
  1.000  0.233   -0.23264E+19
  1.000  0.267    0.38717E+19
  1.000  0.300   -0.15576E+19
  1.000  0.333   -0.36809E+18
  1.000  0.367    0.62940E+18
  1.000  0.400   -0.20704E+18
  1.000  0.433   -0.20501E+17
  1.000  0.467    0.37044E+17
  1.000  0.500   -0.15865E+18
  1.000  0.533    0.51196E+18
  1.000  0.567   -0.80171E+18
  1.000  0.600    0.25443E+18
  1.000  0.633    0.18930E+19
  1.000  0.667   -0.50689E+19
  1.000  0.700    0.62376E+19
  1.000  0.733   -0.12499E+19
  1.000  0.767   -0.10473E+20
  1.000  0.800    0.21679E+20
  1.000  0.833   -0.20162E+20
  1.000  0.867    0.24569E+18
  1.000  0.900    0.27165E+20
  1.000  0.933   -0.39794E+20
  1.000  0.967    0.24236E+20
  1.000  1.000    0.85833E+19
 
  1.000  0.000    0.85833E+19
  1.000  0.033   -0.31853E+20
  1.000  0.067    0.28561E+20
  1.000  0.100   -0.67130E+19
  1.000  0.133   -0.11872E+20
  1.000  0.167    0.14359E+20
  1.000  0.200   -0.56389E+19
  1.000  0.233   -0.23264E+19
  1.000  0.267    0.38717E+19
  1.000  0.300   -0.15576E+19
  1.000  0.333   -0.36809E+18
  1.000  0.367    0.62940E+18
  1.000  0.400   -0.20704E+18
  1.000  0.433   -0.20501E+17
  1.000  0.467    0.37044E+17
  1.000  0.500   -0.15865E+18
  1.000  0.533    0.51196E+18
  1.000  0.567   -0.80171E+18
  1.000  0.600    0.25443E+18
  1.000  0.633    0.18930E+19
  1.000  0.667   -0.50689E+19
  1.000  0.700    0.62376E+19
  1.000  0.733   -0.12499E+19
  1.000  0.767   -0.10473E+20
  1.000  0.800    0.21679E+20
  1.000  0.833   -0.20162E+20
  1.000  0.867    0.24569E+18
  1.000  0.900    0.27165E+20
  1.000  0.933   -0.39794E+20
  1.000  0.967    0.24236E+20
  1.000  1.000    0.85833E+19
 
