  0.000  0.000    0.13888E-10
  0.000  0.033    0.34836E-09
  0.000  0.067    0.69970E-08
  0.000  0.100    0.11254E-06
  0.000  0.133    0.14493E-05
  0.000  0.167    0.14945E-04
  0.000  0.200    0.12341E-03
  0.000  0.233    0.81599E-03
  0.000  0.267    0.43202E-02
  0.000  0.300    0.18316E-01
  0.000  0.333    0.62177E-01
  0.000  0.367    0.16901E+00
  0.000  0.400    0.36788E+00
  0.000  0.433    0.64118E+00
  0.000  0.467    0.89484E+00
  0.000  0.500    0.10000E+01
  0.000  0.533    0.89484E+00
  0.000  0.567    0.64118E+00
  0.000  0.600    0.36788E+00
  0.000  0.633    0.16901E+00
  0.000  0.667    0.62177E-01
  0.000  0.700    0.18316E-01
  0.000  0.733    0.43202E-02
  0.000  0.767    0.81599E-03
  0.000  0.800    0.12341E-03
  0.000  0.833    0.14945E-04
  0.000  0.867    0.14493E-05
  0.000  0.900    0.11254E-06
  0.000  0.933    0.69970E-08
  0.000  0.967    0.34836E-09
  0.000  1.000    0.13888E-10

  0.010  0.000   -0.18680E-09
  0.010  0.033   -0.36408E-08
  0.010  0.067   -0.56326E-07
  0.010  0.100   -0.68951E-06
  0.010  0.133   -0.66484E-05
  0.010  0.167   -0.50133E-04
  0.010  0.200   -0.29214E-03
  0.010  0.233   -0.12866E-02
  0.010  0.267   -0.40770E-02
  0.010  0.300   -0.80009E-02
  0.010  0.333   -0.19256E-02
  0.010  0.367    0.49694E-01
  0.010  0.400    0.20390E+00
  0.010  0.433    0.48899E+00
  0.010  0.467    0.83174E+00
  0.010  0.500    0.10631E+01
  0.010  0.533    0.10470E+01
  0.010  0.567    0.80516E+00
  0.010  0.600    0.48720E+00
  0.010  0.633    0.23312E+00
  0.010  0.667    0.88493E-01
  0.010  0.700    0.26713E-01
  0.010  0.733    0.64228E-02
  0.010  0.767    0.12315E-02
  0.010  0.800    0.18849E-03
  0.010  0.833    0.23043E-04
  0.010  0.867    0.22513E-05
  0.010  0.900    0.17586E-06
  0.010  0.933    0.10986E-07
  0.010  0.967    0.54905E-09
  0.010  1.000   -0.18680E-09
 
  0.020  0.000    0.18856E-08
  0.020  0.033    0.27970E-07
  0.020  0.067    0.32359E-06
  0.020  0.100    0.28858E-05
  0.020  0.133    0.19443E-04
  0.020  0.167    0.95069E-04
  0.020  0.200    0.30452E-03
  0.020  0.233    0.38770E-03
  0.020  0.267   -0.17227E-02
  0.020  0.300   -0.11646E-01
  0.020  0.333   -0.32897E-01
  0.020  0.367   -0.42829E-01
  0.020  0.400    0.32847E-01
  0.020  0.433    0.28333E+00
  0.020  0.467    0.69293E+00
  0.020  0.500    0.10727E+01
  0.020  0.533    0.11922E+01
  0.020  0.567    0.99594E+00
  0.020  0.600    0.63965E+00
  0.020  0.633    0.31989E+00
  0.020  0.667    0.12556E+00
  0.020  0.700    0.38887E-01
  0.020  0.733    0.95375E-02
  0.020  0.767    0.18574E-02
  0.020  0.800    0.28776E-03
  0.020  0.833    0.35518E-04
  0.020  0.867    0.34966E-05
  0.020  0.900    0.27478E-06
  0.020  0.933    0.17249E-07
  0.020  0.967    0.99055E-09
  0.020  1.000    0.18856E-08
 
  0.030  0.000   -0.13765E-07
  0.030  0.033   -0.14940E-06
  0.030  0.067   -0.12137E-05
  0.030  0.100   -0.70483E-05
  0.030  0.133   -0.25933E-04
  0.030  0.167   -0.30601E-04
  0.030  0.200    0.25461E-03
  0.030  0.233    0.16539E-02
  0.030  0.267    0.42314E-02
  0.030  0.300    0.11045E-02
  0.030  0.333   -0.26938E-01
  0.030  0.367   -0.88236E-01
  0.030  0.400   -0.11744E+00
  0.030  0.433    0.37570E-01
  0.030  0.467    0.46505E+00
  0.030  0.500    0.10011E+01
  0.030  0.533    0.13099E+01
  0.030  0.567    0.12097E+01
  0.030  0.600    0.83151E+00
  0.030  0.633    0.43649E+00
  0.030  0.667    0.17757E+00
  0.030  0.700    0.56497E-01
  0.030  0.733    0.14146E-01
  0.030  0.767    0.27991E-02
  0.030  0.800    0.43910E-03
  0.030  0.833    0.54731E-04
  0.030  0.867    0.54297E-05
  0.030  0.900    0.42930E-06
  0.030  0.933    0.27003E-07
  0.030  0.967    0.45351E-09
  0.030  1.000   -0.13765E-07
 
  0.040  0.000    0.67615E-07
  0.040  0.033    0.48921E-06
  0.040  0.067    0.22870E-05
  0.040  0.100    0.42826E-05
  0.040  0.133   -0.23132E-04
  0.040  0.167   -0.20173E-03
  0.040  0.200   -0.58497E-03
  0.040  0.233    0.10743E-03
  0.040  0.267    0.61075E-02
  0.040  0.300    0.17930E-01
  0.040  0.333    0.98411E-02
  0.040  0.367   -0.70711E-01
  0.040  0.400   -0.21045E+00
  0.040  0.433   -0.21892E+00
  0.040  0.467    0.14343E+00
  0.040  0.500    0.81579E+00
  0.040  0.533    0.13700E+01
  0.040  0.567    0.14366E+01
  0.040  0.600    0.10685E+01
  0.040  0.633    0.59184E+00
  0.040  0.667    0.25021E+00
  0.040  0.700    0.81907E-01
  0.040  0.733    0.20954E-01
  0.040  0.767    0.42151E-02
  0.040  0.800    0.66972E-03
  0.040  0.833    0.84311E-04
  0.040  0.867    0.84299E-05
  0.040  0.900    0.67068E-06
  0.040  0.933    0.42933E-07
  0.040  0.967    0.89847E-08
  0.040  1.000    0.67615E-07
 
  0.050  0.000   -0.18534E-06
  0.050  0.033   -0.58947E-06
  0.050  0.067    0.10897E-05
  0.050  0.100    0.20732E-04
  0.050  0.133    0.84025E-04
  0.050  0.167    0.28220E-04
  0.050  0.200   -0.10004E-02
  0.050  0.233   -0.34926E-02
  0.050  0.267   -0.98578E-03
  0.050  0.300    0.22783E-01
  0.050  0.333    0.58173E-01
  0.050  0.367    0.13132E-01
  0.050  0.400   -0.20537E+00
  0.050  0.433   -0.43633E+00
  0.050  0.467   -0.25998E+00
  0.050  0.500    0.48326E+00
  0.050  0.533    0.13300E+01
  0.050  0.567    0.16575E+01
  0.050  0.600    0.13545E+01
  0.050  0.633    0.79682E+00
  0.050  0.667    0.35119E+00
  0.050  0.700    0.11848E+00
  0.050  0.733    0.30997E-01
  0.050  0.767    0.63424E-02
  0.050  0.800    0.10210E-02
  0.050  0.833    0.12984E-03
  0.050  0.867    0.13085E-04
  0.050  0.900    0.10473E-05
  0.050  0.933    0.63303E-07
  0.050  0.967   -0.26194E-07
  0.050  1.000   -0.18534E-06
 
  0.060  0.000    0.57138E-07
  0.060  0.033   -0.15969E-05
  0.060  0.067   -0.10695E-04
  0.060  0.100   -0.17245E-04
  0.060  0.133    0.11751E-03
  0.060  0.167    0.64540E-03
  0.060  0.200    0.49491E-03
  0.060  0.233   -0.49967E-02
  0.060  0.267   -0.15247E-01
  0.060  0.300    0.15491E-02
  0.060  0.333    0.85197E-01
  0.060  0.367    0.14423E+00
  0.060  0.400   -0.66796E-01
  0.060  0.433   -0.54213E+00
  0.060  0.467   -0.70593E+00
  0.060  0.500   -0.24788E-01
  0.060  0.533    0.11335E+01
  0.060  0.567    0.18393E+01
  0.060  0.600    0.16892E+01
  0.060  0.633    0.10642E+01
  0.060  0.667    0.49081E+00
  0.060  0.700    0.17097E+00
  0.060  0.733    0.45789E-01
  0.060  0.767    0.95353E-02
  0.060  0.800    0.15556E-02
  0.060  0.833    0.19989E-03
  0.060  0.867    0.20308E-04
  0.060  0.900    0.16377E-05
  0.060  0.933    0.11700E-06
  0.060  0.967    0.69294E-07
  0.060  1.000    0.57138E-07
 
  0.070  0.000    0.10496E-05
  0.070  0.033    0.38622E-05
  0.070  0.067   -0.67660E-05
  0.070  0.100   -0.98096E-04
  0.070  0.133   -0.19923E-03
  0.070  0.167    0.73569E-03
  0.070  0.200    0.37899E-02
  0.070  0.233    0.11534E-02
  0.070  0.267   -0.25325E-01
  0.070  0.300   -0.48639E-01
  0.070  0.333    0.49774E-01
  0.070  0.367    0.27085E+00
  0.070  0.400    0.21841E+00
  0.070  0.433   -0.44385E+00
  0.070  0.467   -0.11146E+01
  0.070  0.500   -0.71978E+00
  0.070  0.533    0.71007E+00
  0.070  0.567    0.19294E+01
  0.070  0.600    0.20641E+01
  0.070  0.633    0.14082E+01
  0.070  0.667    0.68272E+00
  0.070  0.700    0.24608E+00
  0.070  0.733    0.67542E-01
  0.070  0.767    0.14323E-01
  0.070  0.800    0.23691E-02
  0.070  0.833    0.30764E-03
  0.070  0.867    0.31511E-04
  0.070  0.900    0.25502E-05
  0.070  0.933    0.14562E-06
  0.070  0.967    0.76587E-07
  0.070  1.000    0.10496E-05
 
  0.080  0.000   -0.63798E-06
  0.080  0.033    0.10239E-04
  0.080  0.067    0.48032E-04
  0.080  0.100   -0.37417E-04
  0.080  0.133   -0.76018E-03
  0.080  0.167   -0.10968E-02
  0.080  0.200    0.53718E-02
  0.080  0.233    0.17040E-01
  0.080  0.267   -0.11336E-01
  0.080  0.300   -0.10769E+00
  0.080  0.333   -0.82872E-01
  0.080  0.367    0.30232E+00
  0.080  0.400    0.61576E+00
  0.080  0.433   -0.41396E-01
  0.080  0.467   -0.13515E+01
  0.080  0.500   -0.15777E+01
  0.080  0.533   -0.21517E-01
  0.080  0.567    0.18485E+01
  0.080  0.600    0.24577E+01
  0.080  0.633    0.18435E+01
  0.080  0.667    0.94470E+00
  0.080  0.700    0.35320E+00
  0.080  0.733    0.99473E-01
  0.080  0.767    0.21495E-01
  0.080  0.800    0.36059E-02
  0.080  0.833    0.47332E-03
  0.080  0.867    0.48887E-04
  0.080  0.900    0.39929E-05
  0.080  0.933    0.18705E-06
  0.080  0.967   -0.50721E-06
  0.080  1.000   -0.63798E-06
 
  0.090  0.000   -0.71642E-05
  0.090  0.033   -0.12437E-04
  0.090  0.067    0.99301E-04
  0.090  0.100    0.39624E-03
  0.090  0.133   -0.55819E-03
  0.090  0.167   -0.49780E-02
  0.090  0.200   -0.16292E-02
  0.090  0.233    0.34066E-01
  0.090  0.267    0.46475E-01
  0.090  0.300   -0.12258E+00
  0.090  0.333   -0.31399E+00
  0.090  0.367    0.11425E+00
  0.090  0.400    0.10101E+01
  0.090  0.433    0.74468E+00
  0.090  0.467   -0.12158E+01
  0.090  0.500   -0.25114E+01
  0.090  0.533   -0.11435E+01
  0.090  0.567    0.14830E+01
  0.090  0.600    0.28262E+01
  0.090  0.633    0.23828E+01
  0.090  0.667    0.12996E+01
  0.090  0.700    0.50543E+00
  0.090  0.733    0.14626E+00
  0.090  0.767    0.32229E-01
  0.090  0.800    0.54855E-02
  0.090  0.833    0.72799E-03
  0.090  0.867    0.75824E-04
  0.090  0.900    0.62764E-05
  0.090  0.933    0.60360E-06
  0.090  0.967   -0.42875E-06
  0.090  1.000   -0.71642E-05
 
  0.100  0.000   -0.40008E-05
  0.100  0.033   -0.79479E-04
  0.100  0.067   -0.78863E-04
  0.100  0.100    0.96890E-03
  0.100  0.133    0.20937E-02
  0.100  0.167   -0.69873E-02
  0.100  0.200   -0.23046E-01
  0.100  0.233    0.26620E-01
  0.100  0.267    0.14791E+00
  0.100  0.300   -0.77327E-02
  0.100  0.333   -0.57093E+00
  0.100  0.367   -0.42324E+00
  0.100  0.400    0.11693E+01
  0.100  0.433    0.19210E+01
  0.100  0.467   -0.43850E+00
  0.100  0.500   -0.33321E+01
  0.100  0.533   -0.27195E+01
  0.100  0.567    0.67715E+00
  0.100  0.600    0.30922E+01
  0.100  0.633    0.30327E+01
  0.100  0.667    0.17761E+01
  0.100  0.700    0.72094E+00
  0.100  0.733    0.21468E+00
  0.100  0.767    0.48275E-01
  0.100  0.800    0.83400E-02
  0.100  0.833    0.11193E-02
  0.100  0.867    0.11755E-03
  0.100  0.900    0.96802E-05
  0.100  0.933    0.12230E-05
  0.100  0.967    0.36125E-05
  0.100  1.000   -0.40008E-05
 
  0.110  0.000    0.41286E-04
  0.110  0.033   -0.79849E-04
  0.110  0.067   -0.70752E-03
  0.110  0.100    0.29401E-03
  0.110  0.133    0.75423E-02
  0.110  0.167    0.26480E-02
  0.110  0.200   -0.52846E-01
  0.110  0.233   -0.46152E-01
  0.110  0.267    0.24129E+00
  0.110  0.300    0.33018E+00
  0.110  0.333   -0.65954E+00
  0.110  0.367   -0.13787E+01
  0.110  0.400    0.71827E+00
  0.110  0.433    0.33367E+01
  0.110  0.467    0.12977E+01
  0.110  0.500   -0.36996E+01
  0.110  0.533   -0.47575E+01
  0.110  0.567   -0.77187E+00
  0.110  0.600    0.31278E+01
  0.110  0.633    0.37867E+01
  0.110  0.667    0.24092E+01
  0.110  0.700    0.10247E+01
  0.110  0.733    0.31452E+00
  0.110  0.767    0.72236E-01
  0.110  0.800    0.12673E-01
  0.110  0.833    0.17203E-02
  0.110  0.867    0.18228E-03
  0.110  0.900    0.14754E-04
  0.110  0.933   -0.21070E-06
  0.110  0.967    0.81805E-05
  0.110  1.000    0.41286E-04
 
  0.120  0.000    0.11397E-03
  0.120  0.033    0.29675E-03
  0.120  0.067   -0.13084E-02
  0.120  0.100   -0.40550E-02
  0.120  0.133    0.10479E-01
  0.120  0.167    0.35944E-01
  0.120  0.200   -0.56862E-01
  0.120  0.233   -0.21862E+00
  0.120  0.267    0.18796E+00
  0.120  0.300    0.92402E+00
  0.120  0.333   -0.22802E+00
  0.120  0.367   -0.26370E+01
  0.120  0.400   -0.85278E+00
  0.120  0.433    0.45601E+01
  0.120  0.467    0.42960E+01
  0.120  0.500   -0.30650E+01
  0.120  0.533   -0.71488E+01
  0.120  0.567   -0.31117E+01
  0.120  0.600    0.27325E+01
  0.120  0.633    0.46132E+01
  0.120  0.667    0.32399E+01
  0.120  0.700    0.14508E+01
  0.120  0.733    0.45989E+00
  0.120  0.767    0.10797E+00
  0.120  0.800    0.19244E-01
  0.120  0.833    0.26432E-02
  0.120  0.867    0.28279E-03
  0.120  0.900    0.23734E-04
  0.120  0.933   -0.52455E-05
  0.120  0.967   -0.11683E-04
  0.120  1.000    0.11397E-03
 
  0.130  0.000    0.42963E-05
  0.130  0.033    0.12599E-02
  0.130  0.067    0.33948E-03
  0.130  0.100   -0.12775E-01
  0.130  0.133   -0.48004E-02
  0.130  0.167    0.91628E-01
  0.130  0.200    0.40191E-01
  0.130  0.233   -0.46256E+00
  0.130  0.267   -0.25368E+00
  0.130  0.300    0.16152E+01
  0.130  0.333    0.12173E+01
  0.130  0.367   -0.37075E+01
  0.130  0.400   -0.41005E+01
  0.130  0.433    0.47185E+01
  0.130  0.467    0.87126E+01
  0.130  0.500   -0.61465E+00
  0.130  0.533   -0.95711E+01
  0.130  0.567   -0.66182E+01
  0.130  0.600    0.16041E+01
  0.130  0.633    0.54372E+01
  0.130  0.667    0.43134E+01
  0.130  0.700    0.20453E+01
  0.130  0.733    0.67103E+00
  0.130  0.767    0.16121E+00
  0.130  0.800    0.29204E-01
  0.130  0.833    0.40594E-02
  0.130  0.867    0.43822E-03
  0.130  0.900    0.41121E-04
  0.130  0.933   -0.13830E-05
  0.130  0.967   -0.87073E-04
  0.130  1.000    0.42963E-05
 
  0.140  0.000   -0.74905E-03
  0.140  0.033    0.18121E-02
  0.140  0.067    0.82084E-02
  0.140  0.100   -0.17560E-01
  0.140  0.133   -0.62658E-01
  0.140  0.167    0.12249E+00
  0.140  0.200    0.34184E+00
  0.140  0.233   -0.58789E+00
  0.140  0.267   -0.13750E+01
  0.140  0.300    0.18540E+01
  0.140  0.333    0.41722E+01
  0.140  0.367   -0.34716E+01
  0.140  0.400   -0.93919E+01
  0.140  0.433    0.23221E+01
  0.140  0.467    0.14309E+02
  0.140  0.500    0.47592E+01
  0.140  0.533   -0.11343E+02
  0.140  0.567   -0.11552E+02
  0.140  0.600   -0.69571E+00
  0.140  0.633    0.61114E+01
  0.140  0.667    0.56742E+01
  0.140  0.700    0.28699E+01
  0.140  0.733    0.97693E+00
  0.140  0.767    0.24042E+00
  0.140  0.800    0.44291E-01
  0.140  0.833    0.62321E-02
  0.140  0.867    0.67648E-03
  0.140  0.900    0.66623E-04
  0.140  0.933    0.50031E-04
  0.140  0.967   -0.14190E-03
  0.140  1.000   -0.74905E-03
 
  0.150  0.000   -0.22857E-02
  0.150  0.033   -0.20256E-02
  0.150  0.067    0.23670E-01
  0.150  0.100    0.94982E-02
  0.150  0.133   -0.17375E+00
  0.150  0.167   -0.91211E-02
  0.150  0.200    0.89968E+00
  0.150  0.233   -0.11560E+00
  0.150  0.267   -0.33124E+01
  0.150  0.300    0.46303E+00
  0.150  0.333    0.87585E+01
  0.150  0.367    0.80538E-01
  0.150  0.400   -0.16420E+02
  0.150  0.433   -0.48701E+01
  0.150  0.467    0.20039E+02
  0.150  0.500    0.14420E+02
  0.150  0.533   -0.11217E+02
  0.150  0.567   -0.18065E+02
  0.150  0.600   -0.47800E+01
  0.150  0.633    0.63738E+01
  0.150  0.667    0.73568E+01
  0.150  0.700    0.40057E+01
  0.150  0.733    0.14188E+01
  0.150  0.767    0.35809E+00
  0.150  0.800    0.67127E-01
  0.150  0.833    0.95654E-02
  0.150  0.867    0.10424E-02
  0.150  0.900    0.76578E-04
  0.150  0.933    0.16519E-03
  0.150  0.967    0.22240E-03
  0.150  1.000   -0.22857E-02
 
  0.160  0.000   -0.24418E-02
  0.160  0.033   -0.17443E-01
  0.160  0.067    0.32172E-01
  0.160  0.100    0.11945E+00
  0.160  0.133   -0.27252E+00
  0.160  0.167   -0.55440E+00
  0.160  0.200    0.15089E+01
  0.160  0.233    0.18025E+01
  0.160  0.267   -0.55777E+01
  0.160  0.300   -0.45143E+01
  0.160  0.333    0.13965E+02
  0.160  0.367    0.99811E+01
  0.160  0.400   -0.23350E+02
  0.160  0.433   -0.19815E+02
  0.160  0.467    0.23410E+02
  0.160  0.500    0.29803E+02
  0.160  0.533   -0.71087E+01
  0.160  0.567   -0.26036E+02
  0.160  0.600   -0.11472E+02
  0.160  0.633    0.57839E+01
  0.160  0.667    0.93675E+01
  0.160  0.700    0.55579E+01
  0.160  0.733    0.20553E+01
  0.160  0.767    0.53268E+00
  0.160  0.800    0.10166E+00
  0.160  0.833    0.14679E-01
  0.160  0.867    0.16219E-02
  0.160  0.900    0.23413E-04
  0.160  0.933    0.13086E-03
  0.160  0.967    0.17273E-02
  0.160  1.000   -0.24418E-02
 
  0.170  0.000    0.65588E-02
  0.170  0.033   -0.47212E-01
  0.170  0.067   -0.20192E-01
  0.170  0.100    0.35463E+00
  0.170  0.133   -0.10339E+00
  0.170  0.167   -0.17924E+01
  0.170  0.200    0.13327E+01
  0.170  0.233    0.62306E+01
  0.170  0.267   -0.62158E+01
  0.170  0.300   -0.15602E+02
  0.170  0.333    0.16356E+02
  0.170  0.367    0.29980E+02
  0.170  0.400   -0.25471E+02
  0.170  0.433   -0.45751E+02
  0.170  0.467    0.19574E+02
  0.170  0.500    0.51950E+02
  0.170  0.533    0.42478E+01
  0.170  0.567   -0.34775E+02
  0.170  0.600   -0.21826E+02
  0.170  0.633    0.36338E+01
  0.170  0.667    0.11653E+02
  0.170  0.700    0.76594E+01
  0.170  0.733    0.29688E+01
  0.170  0.767    0.79128E+00
  0.170  0.800    0.15385E+00
  0.170  0.833    0.22514E-01
  0.170  0.867    0.25810E-02
  0.170  0.900   -0.41056E-04
  0.170  0.933   -0.82699E-03
  0.170  0.967    0.42287E-02
  0.170  1.000    0.65588E-02
 
  0.180  0.000    0.38821E-01
  0.180  0.033   -0.63424E-01
  0.180  0.067   -0.24508E+00
  0.180  0.100    0.62944E+00
  0.180  0.133    0.90999E+00
  0.180  0.167   -0.36674E+01
  0.180  0.200   -0.16061E+01
  0.180  0.233    0.13699E+02
  0.180  0.267   -0.58403E+00
  0.180  0.300   -0.34777E+02
  0.180  0.333    0.81815E+01
  0.180  0.367    0.63251E+02
  0.180  0.400   -0.13304E+02
  0.180  0.433   -0.84946E+02
  0.180  0.467    0.14832E+00
  0.180  0.500    0.80572E+02
  0.180  0.533    0.27661E+02
  0.180  0.567   -0.42544E+02
  0.180  0.600   -0.37102E+02
  0.180  0.633   -0.11778E+01
  0.180  0.667    0.14049E+02
  0.180  0.700    0.10474E+02
  0.180  0.733    0.42754E+01
  0.180  0.767    0.11737E+01
  0.180  0.800    0.23266E+00
  0.180  0.833    0.34473E-01
  0.180  0.867    0.41542E-02
  0.180  0.900    0.43050E-03
  0.180  0.933   -0.38604E-02
  0.180  0.967    0.28307E-02
  0.180  1.000    0.38821E-01
 
  0.190  0.000    0.10017E+00
  0.190  0.033    0.45571E-01
  0.190  0.067   -0.76979E+00
  0.190  0.100    0.46111E+00
  0.190  0.133    0.36564E+01
  0.190  0.167   -0.49041E+01
  0.190  0.200   -0.10789E+02
  0.190  0.233    0.22268E+02
  0.190  0.267    0.19932E+02
  0.190  0.300   -0.60552E+02
  0.190  0.333   -0.24860E+02
  0.190  0.367    0.10918E+03
  0.190  0.400    0.29681E+02
  0.190  0.433   -0.13600E+03
  0.190  0.467   -0.48106E+02
  0.190  0.500    0.11232E+03
  0.190  0.533    0.69785E+02
  0.190  0.567   -0.45810E+02
  0.190  0.600   -0.58656E+02
  0.190  0.633   -0.10314E+02
  0.190  0.667    0.16195E+02
  0.190  0.700    0.14193E+02
  0.190  0.733    0.61363E+01
  0.190  0.767    0.17384E+01
  0.190  0.800    0.35157E+00
  0.190  0.833    0.52665E-01
  0.190  0.867    0.63884E-02
  0.190  0.900    0.30051E-02
  0.190  0.933   -0.78751E-02
  0.190  0.967   -0.18764E-01
  0.190  1.000    0.10017E+00
 
  0.200  0.000    0.13293E+00
  0.200  0.033    0.53479E+00
  0.200  0.067   -0.15083E+01
  0.200  0.100   -0.14561E+01
  0.200  0.133    0.87927E+01
  0.200  0.167   -0.13733E+01
  0.200  0.200   -0.30623E+02
  0.200  0.233    0.23670E+02
  0.200  0.267    0.68222E+02
  0.200  0.300   -0.81967E+02
  0.200  0.333   -0.10529E+03
  0.200  0.367    0.15689E+03
  0.200  0.400    0.12909E+03
  0.200  0.433   -0.18874E+03
  0.200  0.467   -0.14436E+03
  0.200  0.500    0.13784E+03
  0.200  0.533    0.13914E+03
  0.200  0.567   -0.38102E+02
  0.200  0.600   -0.87662E+02
  0.200  0.633   -0.26220E+02
  0.200  0.667    0.17396E+02
  0.200  0.700    0.19027E+02
  0.200  0.733    0.87751E+01
  0.200  0.767    0.25705E+01
  0.200  0.800    0.53091E+00
  0.200  0.833    0.80430E-01
  0.200  0.867    0.84184E-02
  0.200  0.900    0.95331E-02
  0.200  0.933   -0.13420E-02
  0.200  0.967   -0.90122E-01
  0.200  1.000    0.13293E+00
 
  0.210  0.000   -0.10819E+00
  0.210  0.033    0.17607E+01
  0.210  0.067   -0.15397E+01
  0.210  0.100   -0.76054E+01
  0.210  0.133    0.14892E+02
  0.210  0.167    0.16177E+02
  0.210  0.200   -0.63199E+02
  0.210  0.233   -0.30613E+01
  0.210  0.267    0.15834E+03
  0.210  0.300   -0.67975E+02
  0.210  0.333   -0.26259E+03
  0.210  0.367    0.17356E+03
  0.210  0.400    0.31979E+03
  0.210  0.433   -0.21537E+03
  0.210  0.467   -0.31368E+03
  0.210  0.500    0.13706E+03
  0.210  0.533    0.24549E+03
  0.210  0.567   -0.83655E+01
  0.210  0.600   -0.12453E+03
  0.210  0.633   -0.52389E+02
  0.210  0.667    0.16418E+02
  0.210  0.700    0.25178E+02
  0.210  0.733    0.12498E+02
  0.210  0.767    0.37942E+01
  0.210  0.800    0.80120E+00
  0.210  0.833    0.12364E+00
  0.210  0.867    0.77495E-02
  0.210  0.900    0.16058E-01
  0.210  0.933    0.51926E-01
  0.210  0.967   -0.22395E+00
  0.210  1.000   -0.10819E+00
 
  0.220  0.000   -0.12295E+01
  0.220  0.033    0.37409E+01
  0.220  0.067    0.20997E+01
  0.220  0.100   -0.21104E+02
  0.220  0.133    0.14122E+02
  0.220  0.167    0.63802E+02
  0.220  0.200   -0.99281E+02
  0.220  0.233   -0.99899E+02
  0.220  0.267    0.29412E+03
  0.220  0.300    0.48793E+02
  0.220  0.333   -0.52428E+03
  0.220  0.367    0.85825E+02
  0.220  0.400    0.64088E+03
  0.220  0.433   -0.15638E+03
  0.220  0.467   -0.58412E+03
  0.220  0.500    0.71995E+02
  0.220  0.533    0.39780E+03
  0.220  0.567    0.61331E+02
  0.220  0.600   -0.16781E+03
  0.220  0.633   -0.93673E+02
  0.220  0.667    0.11162E+02
  0.220  0.700    0.32786E+02
  0.220  0.733    0.17720E+02
  0.220  0.767    0.55900E+01
  0.220  0.800    0.12077E+01
  0.220  0.833    0.19317E+00
  0.220  0.867    0.27643E-02
  0.220  0.900   -0.54626E-02
  0.220  0.933    0.21745E+00
  0.220  0.967   -0.29341E+00
  0.220  1.000   -0.12295E+01
 
  0.230  0.000   -0.42117E+01
  0.230  0.033    0.47256E+01
  0.230  0.067    0.16022E+02
  0.230  0.100   -0.42239E+02
  0.230  0.133   -0.15686E+02
  0.230  0.167    0.16165E+03
  0.230  0.200   -0.98910E+02
  0.230  0.233   -0.33631E+03
  0.230  0.267    0.44132E+03
  0.230  0.300    0.39264E+03
  0.230  0.333   -0.89034E+03
  0.230  0.367   -0.24721E+03
  0.230  0.400    0.11192E+04
  0.230  0.433    0.10026E+03
  0.230  0.467   -0.97779E+03
  0.230  0.500   -0.12349E+03
  0.230  0.533    0.59968E+03
  0.230  0.567    0.19882E+03
  0.230  0.600   -0.21229E+03
  0.230  0.633   -0.15657E+03
  0.230  0.667   -0.18127E+01
  0.230  0.700    0.41825E+02
  0.230  0.733    0.24998E+02
  0.230  0.767    0.82194E+01
  0.230  0.800    0.18165E+01
  0.230  0.833    0.30741E+00
  0.230  0.867    0.77004E-02
  0.230  0.900   -0.13921E+00
  0.230  0.933    0.52397E+00
  0.230  0.967    0.26825E+00
  0.230  1.000   -0.42117E+01
 
  0.240  0.000   -0.95741E+01
  0.240  0.033   -0.20522E+01
  0.240  0.067    0.50979E+02
  0.240  0.100   -0.58171E+02
  0.240  0.133   -0.12209E+03
  0.240  0.167    0.31799E+03
  0.240  0.200    0.43530E+02
  0.240  0.233   -0.80289E+03
  0.240  0.267    0.47053E+03
  0.240  0.300    0.11624E+04
  0.240  0.333   -0.12762E+04
  0.240  0.367   -0.10671E+04
  0.240  0.400    0.17306E+04
  0.240  0.433    0.74709E+03
  0.240  0.467   -0.14904E+04
  0.240  0.500   -0.55739E+03
  0.240  0.533    0.84020E+03
  0.240  0.567    0.44548E+03
  0.240  0.600   -0.24572E+03
  0.240  0.633   -0.24943E+03
  0.240  0.667   -0.27995E+02
  0.240  0.700    0.51921E+02
  0.240  0.733    0.35065E+02
  0.240  0.767    0.12061E+02
  0.240  0.800    0.27219E+01
  0.240  0.833    0.48724E+00
  0.240  0.867    0.95848E-01
  0.240  0.900   -0.53712E+00
  0.240  0.933    0.67740E+00
  0.240  0.967    0.29562E+01
  0.240  1.000   -0.95741E+01
 
  0.250  0.000   -0.14087E+02
  0.250  0.033   -0.33871E+02
  0.250  0.067    0.11647E+03
  0.250  0.100   -0.19821E+02
  0.250  0.133   -0.38614E+03
  0.250  0.167    0.48266E+03
  0.250  0.200    0.55138E+03
  0.250  0.233   -0.15669E+04
  0.250  0.267    0.55391E+02
  0.250  0.300    0.26256E+04
  0.250  0.333   -0.14017E+04
  0.250  0.367   -0.27457E+04
  0.250  0.400    0.23208E+04
  0.250  0.433    0.20896E+04
  0.250  0.467   -0.20502E+04
  0.250  0.500   -0.13959E+04
  0.250  0.533    0.10770E+04
  0.250  0.567    0.86020E+03
  0.250  0.600   -0.24350E+03
  0.250  0.633   -0.38229E+03
  0.250  0.667   -0.75945E+02
  0.250  0.700    0.62035E+02
  0.250  0.733    0.48868E+02
  0.250  0.767    0.17665E+02
  0.250  0.800    0.40627E+01
  0.250  0.833    0.72208E+00
  0.250  0.867    0.47563E+00
  0.250  0.900   -0.12658E+01
  0.250  0.933   -0.68990E+00
  0.250  0.967    0.10474E+02
  0.250  1.000   -0.14087E+02
 
  0.260  0.000   -0.22171E+01
  0.260  0.033   -0.12407E+03
  0.260  0.067    0.19824E+03
  0.260  0.100    0.19997E+03
  0.260  0.133   -0.90742E+03
  0.260  0.167    0.44143E+03
  0.260  0.200    0.18224E+04
  0.260  0.233   -0.25403E+04
  0.260  0.267   -0.14867E+04
  0.260  0.300    0.50420E+04
  0.260  0.333   -0.59531E+03
  0.260  0.367   -0.57856E+04
  0.260  0.400    0.24595E+04
  0.260  0.433    0.45734E+04
  0.260  0.467   -0.24427E+04
  0.260  0.500   -0.28797E+04
  0.260  0.533    0.12071E+04
  0.260  0.567    0.15224E+04
  0.260  0.600   -0.16022E+03
  0.260  0.633   -0.56610E+03
  0.260  0.667   -0.15873E+03
  0.260  0.700    0.69935E+02
  0.260  0.733    0.67590E+02
  0.260  0.767    0.25826E+02
  0.260  0.800    0.60671E+01
  0.260  0.833    0.86995E+00
  0.260  0.867    0.15205E+01
  0.260  0.900   -0.16114E+01
  0.260  0.933   -0.73885E+01
  0.260  0.967    0.25211E+02
  0.260  1.000   -0.22171E+01
 
  0.270  0.000    0.70898E+02
  0.270  0.033   -0.31747E+03
  0.270  0.067    0.19721E+03
  0.270  0.100    0.86440E+03
  0.270  0.133   -0.17167E+04
  0.270  0.167   -0.38713E+03
  0.270  0.200    0.44400E+04
  0.270  0.233   -0.31725E+04
  0.270  0.267   -0.54040E+04
  0.270  0.300    0.84244E+04
  0.270  0.333    0.25189E+04
  0.270  0.367   -0.10733E+05
  0.270  0.400    0.11911E+04
  0.270  0.433    0.87830E+04
  0.270  0.467   -0.21805E+04
  0.270  0.500   -0.53318E+04
  0.270  0.533    0.10179E+04
  0.270  0.567    0.25320E+04
  0.270  0.600    0.83311E+02
  0.270  0.633   -0.81052E+03
  0.270  0.667   -0.29593E+03
  0.270  0.700    0.71343E+02
  0.270  0.733    0.92648E+02
  0.270  0.767    0.37681E+02
  0.270  0.800    0.91854E+01
  0.270  0.833    0.47961E+00
  0.270  0.867    0.33996E+01
  0.270  0.900    0.18549E+01
  0.270  0.933   -0.26948E+02
  0.270  0.967    0.41669E+02
  0.270  1.000    0.70898E+02
 
  0.280  0.000    0.30392E+03
  0.280  0.033   -0.62627E+03
  0.280  0.067   -0.20311E+03
  0.280  0.100    0.24131E+04
  0.280  0.133   -0.25145E+04
  0.280  0.167   -0.32834E+04
  0.280  0.200    0.90075E+04
  0.280  0.233   -0.18336E+04
  0.280  0.267   -0.13701E+05
  0.280  0.300    0.11968E+05
  0.280  0.333    0.10470E+05
  0.280  0.367   -0.17887E+05
  0.280  0.400   -0.33640E+04
  0.280  0.433    0.15361E+05
  0.280  0.467   -0.28964E+03
  0.280  0.500   -0.91417E+04
  0.280  0.533    0.10952E+03
  0.280  0.567    0.40012E+04
  0.280  0.600    0.61961E+03
  0.280  0.633   -0.11193E+04
  0.280  0.667   -0.51630E+03
  0.280  0.700    0.58560E+02
  0.280  0.733    0.12563E+03
  0.280  0.767    0.54779E+02
  0.280  0.800    0.14409E+02
  0.280  0.833   -0.12724E+01
  0.280  0.867    0.43265E+01
  0.280  0.900    0.19137E+02
  0.280  0.933   -0.68119E+02
  0.280  0.967    0.24131E+02
  0.280  1.000    0.30392E+03
 
  0.290  0.000    0.86203E+03
  0.290  0.033   -0.88017E+03
  0.290  0.067   -0.17728E+04
  0.290  0.100    0.53696E+04
  0.290  0.133   -0.20531E+04
  0.290  0.167   -0.10658E+05
  0.290  0.200    0.15512E+05
  0.290  0.233    0.52868E+04
  0.290  0.267   -0.29102E+05
  0.290  0.300    0.12866E+05
  0.290  0.333    0.27484E+05
  0.290  0.367   -0.26601E+05
  0.290  0.400   -0.14599E+05
  0.290  0.433    0.24752E+05
  0.290  0.467    0.50216E+04
  0.290  0.500   -0.14692E+05
  0.290  0.533   -0.22255E+04
  0.290  0.567    0.60302E+04
  0.290  0.600    0.16629E+04
  0.290  0.633   -0.14811E+04
  0.290  0.667   -0.86122E+03
  0.290  0.700    0.18320E+02
  0.290  0.733    0.16814E+03
  0.290  0.767    0.79001E+02
  0.290  0.800    0.23818E+02
  0.290  0.833   -0.46318E+01
  0.290  0.867   -0.45597E+01
  0.290  0.900    0.71490E+02
  0.290  0.933   -0.12347E+03
  0.290  0.967   -0.14374E+03
  0.290  1.000    0.86203E+03
 
  0.300  0.000    0.19073E+04
  0.300  0.033   -0.34458E+03
  0.300  0.067   -0.60583E+04
  0.300  0.100    0.98232E+04
  0.300  0.133    0.31098E+04
  0.300  0.167   -0.26360E+05
  0.300  0.200    0.21647E+05
  0.300  0.233    0.25920E+05
  0.300  0.267   -0.54283E+05
  0.300  0.300    0.40962E+04
  0.300  0.333    0.59934E+05
  0.300  0.367   -0.33801E+05
  0.300  0.400   -0.38210E+05
  0.300  0.433    0.36590E+05
  0.300  0.467    0.16850E+05
  0.300  0.500   -0.22173E+05
  0.300  0.533   -0.71789E+04
  0.300  0.567    0.86505E+04
  0.300  0.600    0.35493E+04
  0.300  0.633   -0.18530E+04
  0.300  0.667   -0.13889E+04
  0.300  0.700   -0.71571E+02
  0.300  0.733    0.22162E+03
  0.300  0.767    0.11211E+03
  0.300  0.800    0.40887E+02
  0.300  0.833   -0.46750E+01
  0.300  0.867   -0.50190E+02
  0.300  0.900    0.18847E+03
  0.300  0.933   -0.11131E+03
  0.300  0.967   -0.74720E+03
  0.300  1.000    0.19073E+04
 
  0.310  0.000    0.32585E+04
  0.310  0.033    0.30836E+04
  0.310  0.067   -0.15587E+05
  0.310  0.100    0.13851E+05
  0.310  0.133    0.20792E+05
  0.310  0.167   -0.55165E+05
  0.310  0.200    0.19084E+05
  0.310  0.233    0.74043E+05
  0.310  0.267   -0.89311E+05
  0.310  0.300   -0.29407E+05
  0.310  0.333    0.11618E+06
  0.310  0.367   -0.31157E+05
  0.310  0.400   -0.83089E+05
  0.310  0.433    0.48433E+05
  0.310  0.467    0.40264E+05
  0.310  0.500   -0.31169E+05
  0.310  0.533   -0.16677E+05
  0.310  0.567    0.11711E+05
  0.310  0.600    0.67907E+04
  0.310  0.633   -0.21314E+04
  0.310  0.667   -0.21794E+04
  0.310  0.700   -0.24748E+03
  0.310  0.733    0.28732E+03
  0.310  0.767    0.15485E+03
  0.310  0.800    0.68224E+02
  0.310  0.833    0.22634E+02
  0.310  0.867   -0.19338E+03
  0.310  0.900    0.36833E+03
  0.310  0.933    0.27023E+03
  0.310  0.967   -0.23399E+04
  0.310  1.000    0.32585E+04
 
  0.320  0.000    0.33634E+04
  0.320  0.033    0.14286E+05
  0.320  0.067   -0.33250E+05
  0.320  0.100    0.96870E+04
  0.320  0.133    0.66365E+05
  0.320  0.167   -0.99713E+05
  0.320  0.200   -0.13892E+05
  0.320  0.233    0.17205E+06
  0.320  0.267   -0.12525E+06
  0.320  0.300   -0.11676E+06
  0.320  0.333    0.20457E+06
  0.320  0.367    0.29956E+01
  0.320  0.400   -0.16200E+06
  0.320  0.433    0.53335E+05
  0.320  0.467    0.83123E+05
  0.320  0.500   -0.39864E+05
  0.320  0.533   -0.33709E+05
  0.320  0.567    0.14664E+05
  0.320  0.600    0.12144E+05
  0.320  0.633   -0.21026E+04
  0.320  0.667   -0.33385E+04
  0.320  0.700   -0.56837E+03
  0.320  0.733    0.36681E+03
  0.320  0.767    0.20682E+03
  0.320  0.800    0.95579E+02
  0.320  0.833    0.15224E+03
  0.320  0.867   -0.53041E+03
  0.320  0.900    0.42719E+03
  0.320  0.933    0.18363E+04
  0.320  0.967   -0.56990E+04
  0.320  1.000    0.33634E+04
 
  0.330  0.000   -0.31902E+04
  0.330  0.033    0.42808E+05
  0.330  0.067   -0.59013E+05
  0.330  0.100   -0.24320E+05
  0.330  0.133    0.16601E+06
  0.330  0.167   -0.15121E+06
  0.330  0.200   -0.12546E+06
  0.330  0.233    0.35044E+06
  0.330  0.267   -0.13035E+06
  0.330  0.300   -0.30955E+06
  0.330  0.333    0.32732E+06
  0.330  0.367    0.97206E+05
  0.330  0.400   -0.29121E+06
  0.330  0.433    0.35463E+05
  0.330  0.467    0.15692E+06
  0.330  0.500   -0.43557E+05
  0.330  0.533   -0.62733E+05
  0.330  0.567    0.16175E+05
  0.330  0.600    0.20692E+05
  0.330  0.633   -0.13610E+04
  0.330  0.667   -0.50006E+04
  0.330  0.700   -0.11295E+04
  0.330  0.733    0.46280E+03
  0.330  0.767    0.27356E+03
  0.330  0.800    0.61580E+02
  0.330  0.833    0.56184E+03
  0.330  0.867   -0.11050E+04
  0.330  0.900   -0.41829E+03
  0.330  0.933    0.63575E+04
  0.330  0.967   -0.11136E+05
  0.330  1.000   -0.31902E+04
 
  0.340  0.000   -0.30789E+05
  0.340  0.033    0.10390E+06
  0.340  0.067   -0.79828E+05
  0.340  0.100   -0.13852E+06
  0.340  0.133    0.35634E+06
  0.340  0.167   -0.16665E+06
  0.340  0.200   -0.41100E+06
  0.340  0.233    0.63892E+06
  0.340  0.267   -0.22832E+05
  0.340  0.300   -0.69168E+06
  0.340  0.333    0.46539E+06
  0.340  0.367    0.33025E+06
  0.340  0.400   -0.48721E+06
  0.340  0.433   -0.37409E+05
  0.340  0.467    0.27720E+06
  0.340  0.500   -0.32051E+05
  0.340  0.533   -0.11008E+06
  0.340  0.567    0.13465E+05
  0.340  0.600    0.33924E+05
  0.340  0.633    0.82271E+03
  0.340  0.667   -0.73232E+04
  0.340  0.700   -0.20848E+04
  0.340  0.733    0.57635E+03
  0.340  0.767    0.40075E+03
  0.340  0.800   -0.23857E+03
  0.340  0.833    0.15619E+04
  0.340  0.867   -0.15170E+04
  0.340  0.900   -0.44838E+04
  0.340  0.933    0.16854E+05
  0.340  0.967   -0.15904E+05
  0.340  1.000   -0.30789E+05
 
  0.350  0.000   -0.11160E+06
  0.350  0.033    0.21414E+06
  0.350  0.067   -0.44613E+05
  0.350  0.100   -0.43544E+06
  0.350  0.133    0.67014E+06
  0.350  0.167   -0.20048E+05
  0.350  0.200   -0.10409E+07
  0.350  0.233    0.10360E+07
  0.350  0.267    0.37848E+06
  0.350  0.300   -0.13859E+07
  0.350  0.333    0.54646E+06
  0.350  0.367    0.82073E+06
  0.350  0.400   -0.75708E+06
  0.350  0.433   -0.22617E+06
  0.350  0.467    0.46275E+06
  0.350  0.500    0.14765E+05
  0.350  0.533   -0.18420E+06
  0.350  0.567    0.11906E+04
  0.350  0.600    0.53784E+05
  0.350  0.633    0.57103E+04
  0.350  0.667   -0.10466E+05
  0.350  0.700   -0.36815E+04
  0.350  0.733    0.68170E+03
  0.350  0.767    0.78434E+03
  0.350  0.800   -0.13189E+04
  0.350  0.833    0.34093E+04
  0.350  0.867    0.26309E+03
  0.350  0.900   -0.17286E+05
  0.350  0.933    0.36509E+05
  0.350  0.967   -0.69732E+04
  0.350  1.000   -0.11160E+06
 
  0.360  0.000   -0.30705E+06
  0.360  0.033    0.36939E+06
  0.360  0.067    0.18988E+06
  0.360  0.100   -0.10988E+07
  0.360  0.133    0.10843E+07
  0.360  0.167    0.59249E+06
  0.360  0.200   -0.22871E+07
  0.360  0.233    0.14305E+07
  0.360  0.267    0.14371E+07
  0.360  0.300   -0.25453E+07
  0.360  0.333    0.38191E+06
  0.360  0.367    0.17674E+07
  0.360  0.400   -0.10756E+07
  0.360  0.433   -0.63953E+06
  0.360  0.467    0.73154E+06
  0.360  0.500    0.13415E+06
  0.360  0.533   -0.29544E+06
  0.360  0.567   -0.30366E+05
  0.360  0.600    0.82628E+05
  0.360  0.633    0.15416E+05
  0.360  0.667   -0.14537E+05
  0.360  0.700   -0.62995E+04
  0.360  0.733    0.62012E+03
  0.360  0.767    0.20463E+04
  0.360  0.800   -0.41557E+04
  0.360  0.833    0.52970E+04
  0.360  0.867    0.10793E+05
  0.360  0.900   -0.49563E+05
  0.360  0.933    0.62598E+05
  0.360  0.967    0.55804E+05
  0.360  1.000   -0.30705E+06
 
  0.370  0.000   -0.71291E+06
  0.370  0.033    0.47709E+06
  0.370  0.067    0.96308E+06
  0.370  0.100   -0.24086E+07
  0.370  0.133    0.13793E+07
  0.370  0.167    0.23202E+07
  0.370  0.200   -0.45176E+07
  0.370  0.233    0.14265E+07
  0.370  0.267    0.38266E+07
  0.370  0.300   -0.43017E+07
  0.370  0.333   -0.44940E+06
  0.370  0.367    0.34732E+07
  0.370  0.400   -0.13373E+07
  0.370  0.433   -0.14622E+07
  0.370  0.467    0.10900E+07
  0.370  0.500    0.39190E+06
  0.370  0.533   -0.45449E+06
  0.370  0.567   -0.98162E+05
  0.370  0.600    0.12296E+06
  0.370  0.633    0.33388E+05
  0.370  0.667   -0.19480E+05
  0.370  0.700   -0.10451E+05
  0.370  0.733   -0.23557E+03
  0.370  0.767    0.57675E+04
  0.370  0.800   -0.98274E+04
  0.370  0.833    0.19995E+04
  0.370  0.867    0.47006E+05
  0.370  0.900   -0.11686E+06
  0.370  0.933    0.66674E+05
  0.370  0.967    0.27351E+06
  0.370  1.000   -0.71291E+06
 
  0.380  0.000   -0.14269E+07
  0.380  0.033    0.18549E+06
  0.380  0.067    0.29861E+07
  0.380  0.100   -0.46814E+07
  0.380  0.133    0.81476E+06
  0.380  0.167    0.64230E+07
  0.380  0.200   -0.80841E+07
  0.380  0.233   -0.13603E+05
  0.380  0.267    0.87036E+07
  0.380  0.300   -0.66131E+07
  0.380  0.333   -0.28030E+07
  0.380  0.367    0.63596E+07
  0.380  0.400   -0.12624E+07
  0.380  0.433   -0.29934E+07
  0.380  0.467    0.15088E+07
  0.380  0.500    0.89973E+06
  0.380  0.533   -0.66828E+06
  0.380  0.567   -0.23083E+06
  0.380  0.600    0.17670E+06
  0.380  0.633    0.65109E+05
  0.380  0.667   -0.24897E+05
  0.380  0.700   -0.16581E+05
  0.380  0.733   -0.38374E+04
  0.380  0.767    0.15124E+05
  0.380  0.800   -0.16923E+05
  0.380  0.833   -0.25005E+05
  0.380  0.867    0.14533E+06
  0.380  0.900   -0.22698E+06
  0.380  0.933   -0.57431E+05
  0.380  0.967    0.86537E+06
  0.380  1.000   -0.14269E+07
 
  0.390  0.000   -0.23943E+07
  0.390  0.033   -0.14949E+07
  0.390  0.067    0.75866E+07
  0.390  0.100   -0.79791E+07
  0.390  0.133   -0.25502E+07
  0.390  0.167    0.15127E+08
  0.390  0.200   -0.12926E+08
  0.390  0.233   -0.52439E+07
  0.390  0.267    0.17894E+08
  0.390  0.300   -0.88991E+07
  0.390  0.333   -0.83005E+07
  0.390  0.367    0.10933E+08
  0.390  0.400   -0.22372E+06
  0.390  0.433   -0.56948E+07
  0.390  0.467    0.18743E+07
  0.390  0.500    0.18405E+07
  0.390  0.533   -0.93075E+06
  0.390  0.567   -0.47535E+06
  0.390  0.600    0.24365E+06
  0.390  0.633    0.11911E+06
  0.390  0.667   -0.29886E+05
  0.390  0.700   -0.24227E+05
  0.390  0.733   -0.15214E+05
  0.390  0.767    0.34353E+05
  0.390  0.800   -0.12075E+05
  0.390  0.833   -0.12720E+06
  0.390  0.867    0.36871E+06
  0.390  0.900   -0.32871E+06
  0.390  0.933   -0.61111E+06
  0.390  0.967    0.22407E+07
  0.390  1.000   -0.23943E+07
 
  0.400  0.000   -0.29340E+07
  0.400  0.033   -0.69437E+07
  0.400  0.067    0.16926E+08
  0.400  0.100   -0.11236E+08
  0.400  0.133   -0.13157E+08
  0.400  0.167    0.31959E+08
  0.400  0.200   -0.17536E+08
  0.400  0.233   -0.19126E+08
  0.400  0.267    0.33969E+08
  0.400  0.300   -0.92583E+07
  0.400  0.333   -0.19840E+08
  0.400  0.367    0.17627E+08
  0.400  0.400    0.30589E+07
  0.400  0.433   -0.10236E+08
  0.400  0.467    0.18945E+07
  0.400  0.500    0.35033E+07
  0.400  0.533   -0.12040E+07
  0.400  0.567   -0.90675E+06
  0.400  0.600    0.31837E+06
  0.400  0.633    0.20851E+06
  0.400  0.667   -0.33282E+05
  0.400  0.700   -0.29634E+05
  0.400  0.733   -0.44955E+05
  0.400  0.767    0.62210E+05
  0.400  0.800    0.57002E+05
  0.400  0.833   -0.42475E+06
  0.400  0.867    0.78716E+06
  0.400  0.900   -0.15927E+06
  0.400  0.933   -0.23222E+07
  0.400  0.967    0.50218E+07
  0.400  1.000   -0.29340E+07
 
  0.410  0.000   -0.52820E+06
  0.410  0.033   -0.21266E+08
  0.410  0.067    0.33823E+08
  0.410  0.100   -0.10084E+08
  0.410  0.133   -0.40226E+08
  0.410  0.167    0.61657E+08
  0.410  0.200   -0.16582E+08
  0.410  0.233   -0.50984E+08
  0.410  0.267    0.59906E+08
  0.410  0.300   -0.29090E+07
  0.410  0.333   -0.42321E+08
  0.410  0.367    0.26367E+08
  0.410  0.400    0.11036E+08
  0.410  0.433   -0.17515E+08
  0.410  0.467    0.92922E+06
  0.410  0.500    0.63277E+07
  0.410  0.533   -0.13823E+07
  0.410  0.567   -0.16418E+07
  0.410  0.600    0.38429E+06
  0.410  0.633    0.35359E+06
  0.410  0.667   -0.35471E+05
  0.410  0.700   -0.20441E+05
  0.410  0.733   -0.10925E+06
  0.410  0.767    0.65335E+05
  0.410  0.800    0.34605E+06
  0.410  0.833   -0.11519E+07
  0.410  0.867    0.13550E+07
  0.410  0.900    0.11385E+07
  0.410  0.933   -0.67286E+07
  0.410  0.967    0.97953E+07
  0.410  1.000   -0.52820E+06
 
  0.420  0.000    0.11914E+08
  0.420  0.033   -0.54319E+08
  0.420  0.067    0.60168E+08
  0.420  0.100    0.80009E+07
  0.420  0.133   -0.10136E+09
  0.420  0.167    0.10860E+09
  0.420  0.200    0.40596E+07
  0.420  0.233   -0.11752E+09
  0.420  0.267    0.97594E+08
  0.420  0.300    0.20738E+08
  0.420  0.333   -0.83533E+08
  0.420  0.367    0.35566E+08
  0.420  0.400    0.28166E+08
  0.420  0.433   -0.28581E+08
  0.420  0.467   -0.23099E+07
  0.420  0.500    0.10954E+08
  0.420  0.533   -0.12266E+07
  0.420  0.567   -0.28575E+07
  0.420  0.600    0.40271E+06
  0.420  0.633    0.58702E+06
  0.420  0.667   -0.44488E+05
  0.420  0.700    0.32846E+05
  0.420  0.733   -0.21401E+06
  0.420  0.767   -0.10310E+06
  0.420  0.800    0.12448E+07
  0.420  0.833   -0.26560E+07
  0.420  0.867    0.14849E+07
  0.420  0.900    0.58588E+07
  0.420  0.933   -0.16643E+08
  0.420  0.967    0.15989E+08
  0.420  1.000    0.11914E+08
 
  0.430  0.000    0.51654E+08
  0.430  0.033   -0.12301E+09
  0.430  0.067    0.91468E+08
  0.430  0.100    0.73615E+08
  0.430  0.133   -0.22733E+09
  0.430  0.167    0.17132E+09
  0.430  0.200    0.77006E+08
  0.430  0.233   -0.24658E+09
  0.430  0.267    0.14371E+09
  0.430  0.300    0.83301E+08
  0.430  0.333   -0.15499E+09
  0.430  0.367    0.40006E+08
  0.430  0.400    0.62215E+08
  0.430  0.433   -0.44344E+08
  0.430  0.467   -0.10268E+08
  0.430  0.500    0.18262E+08
  0.430  0.533   -0.24813E+06
  0.430  0.567   -0.48136E+07
  0.430  0.600    0.29212E+06
  0.430  0.633    0.96593E+06
  0.430  0.667   -0.90889E+05
  0.430  0.700    0.18096E+06
  0.430  0.733   -0.28055E+06
  0.430  0.767   -0.91185E+06
  0.430  0.800    0.35853E+07
  0.430  0.833   -0.51406E+07
  0.430  0.867   -0.11394E+07
  0.430  0.900    0.19360E+08
  0.430  0.933   -0.36222E+08
  0.430  0.967    0.18434E+08
  0.430  1.000    0.51654E+08
 
  0.440  0.000    0.15645E+09
  0.440  0.033   -0.25170E+09
  0.440  0.067    0.10218E+09
  0.440  0.100    0.25418E+09
  0.440  0.133   -0.46652E+09
  0.440  0.167    0.22791E+09
  0.440  0.200    0.27116E+09
  0.440  0.233   -0.48076E+09
  0.440  0.267    0.17995E+09
  0.440  0.300    0.22628E+09
  0.440  0.333   -0.27199E+09
  0.440  0.367    0.26680E+08
  0.440  0.400    0.12615E+09
  0.440  0.433   -0.64789E+08
  0.440  0.467   -0.27386E+08
  0.440  0.500    0.29368E+08
  0.440  0.533    0.24912E+07
  0.440  0.567   -0.78770E+07
  0.440  0.600   -0.11216E+06
  0.440  0.633    0.16000E+07
  0.440  0.667   -0.25400E+06
  0.440  0.700    0.45787E+06
  0.440  0.733    0.98223E+05
  0.440  0.767   -0.36102E+07
  0.440  0.800    0.88209E+07
  0.440  0.833   -0.75414E+07
  0.440  0.867   -0.13439E+08
  0.440  0.900    0.52709E+08
  0.440  0.933   -0.69016E+08
  0.440  0.967   -0.14975E+07
  0.440  1.000    0.15645E+09
 
  0.450  0.000    0.40134E+09
  0.450  0.033   -0.46403E+09
  0.450  0.067    0.10980E+08
  0.450  0.100    0.68660E+09
  0.450  0.133   -0.88318E+09
  0.450  0.167    0.20197E+09
  0.450  0.200    0.72231E+09
  0.450  0.233   -0.87719E+09
  0.450  0.267    0.15216E+09
  0.450  0.300    0.52524E+09
  0.450  0.333   -0.45120E+09
  0.450  0.367   -0.33002E+08
  0.450  0.400    0.24071E+09
  0.450  0.433   -0.87231E+08
  0.450  0.467   -0.61438E+08
  0.450  0.500    0.45494E+08
  0.450  0.533    0.87121E+07
  0.450  0.567   -0.12536E+08
  0.450  0.600   -0.11395E+07
  0.450  0.633    0.27124E+07
  0.450  0.667   -0.68112E+06
  0.450  0.700    0.67365E+06
  0.450  0.733    0.23233E+07
  0.450  0.767   -0.11069E+08
  0.450  0.800    0.18638E+08
  0.450  0.833   -0.40029E+07
  0.450  0.867   -0.53128E+08
  0.450  0.900    0.12574E+09
  0.450  0.933   -0.10953E+09
  0.450  0.967   -0.96268E+08
  0.450  1.000    0.40134E+09
 
  0.460  0.000    0.92057E+09
  0.460  0.033   -0.74903E+09
  0.460  0.067   -0.39439E+09
  0.460  0.100    0.16285E+10
  0.460  0.133   -0.15343E+10
  0.460  0.167   -0.11024E+09
  0.460  0.200    0.16820E+10
  0.460  0.233   -0.14948E+10
  0.460  0.267   -0.71692E+08
  0.460  0.300    0.11111E+10
  0.460  0.333   -0.70211E+09
  0.460  0.367   -0.19723E+09
  0.460  0.400    0.43748E+09
  0.460  0.433   -0.10271E+09
  0.460  0.467   -0.12560E+09
  0.460  0.500    0.67563E+08
  0.460  0.533    0.21461E+08
  0.460  0.567   -0.19374E+08
  0.460  0.600   -0.34506E+07
  0.460  0.633    0.47485E+07
  0.460  0.667   -0.14940E+07
  0.460  0.700   -0.31611E+06
  0.460  0.733    0.10358E+08
  0.460  0.767   -0.28893E+08
  0.460  0.800    0.32223E+08
  0.460  0.833    0.25472E+08
  0.460  0.867   -0.16045E+09
  0.460  0.900    0.26691E+09
  0.460  0.933   -0.11748E+09
  0.460  0.967   -0.39484E+09
  0.460  1.000    0.92057E+09
 
  0.470  0.000    0.19223E+10
  0.470  0.033   -0.96181E+09
  0.470  0.067   -0.16081E+10
  0.470  0.100    0.35261E+10
  0.470  0.133   -0.23887E+10
  0.470  0.167   -0.11856E+10
  0.470  0.200    0.35881E+10
  0.470  0.233   -0.23487E+10
  0.470  0.267   -0.78137E+09
  0.470  0.300    0.21990E+10
  0.470  0.333   -0.10050E+10
  0.470  0.367   -0.57806E+09
  0.470  0.400    0.76159E+09
  0.470  0.433   -0.88973E+08
  0.470  0.467   -0.24149E+09
  0.470  0.500    0.95224E+08
  0.470  0.533    0.45962E+08
  0.470  0.567   -0.28928E+08
  0.470  0.600   -0.83701E+07
  0.470  0.633    0.84941E+07
  0.470  0.667   -0.22007E+07
  0.470  0.700   -0.67209E+07
  0.470  0.733    0.33909E+08
  0.470  0.767   -0.65563E+08
  0.470  0.800    0.36274E+08
  0.470  0.833    0.13703E+09
  0.470  0.867   -0.41687E+09
  0.470  0.900    0.49754E+09
  0.470  0.933    0.48928E+08
  0.470  0.967   -0.11841E+10
  0.470  1.000    0.19223E+10
 
  0.480  0.000    0.36528E+10
  0.480  0.033   -0.57403E+09
  0.480  0.067   -0.46887E+10
  0.480  0.100    0.70750E+10
  0.480  0.133   -0.31105E+10
  0.480  0.167   -0.40498E+10
  0.480  0.200    0.71501E+10
  0.480  0.233   -0.32890E+10
  0.480  0.267   -0.25696E+10
  0.480  0.300    0.41215E+10
  0.480  0.333   -0.12612E+10
  0.480  0.367   -0.13819E+10
  0.480  0.400    0.12719E+10
  0.480  0.433    0.25401E+07
  0.480  0.467   -0.44353E+09
  0.480  0.500    0.12478E+09
  0.480  0.533    0.90896E+08
  0.480  0.567   -0.41262E+08
  0.480  0.600   -0.18489E+08
  0.480  0.633    0.14911E+08
  0.480  0.667    0.51141E+06
  0.480  0.700   -0.31099E+08
  0.480  0.733    0.93593E+08
  0.480  0.767   -0.12666E+09
  0.480  0.800   -0.24178E+08
  0.480  0.833    0.46936E+09
  0.480  0.867   -0.96551E+09
  0.480  0.900    0.76671E+09
  0.480  0.933    0.78873E+09
  0.480  0.967   -0.30479E+10
  0.480  1.000    0.36528E+10
 
  0.490  0.000    0.61889E+10
  0.490  0.033    0.18947E+10
  0.490  0.067   -0.11747E+11
  0.490  0.100    0.13186E+11
  0.490  0.133   -0.25470E+10
  0.490  0.167   -0.10770E+11
  0.490  0.200    0.13414E+11
  0.490  0.233   -0.37207E+10
  0.490  0.267   -0.65842E+10
  0.490  0.300    0.73511E+10
  0.490  0.333   -0.11889E+10
  0.490  0.367   -0.29741E+10
  0.490  0.400    0.20336E+10
  0.490  0.433    0.27018E+09
  0.490  0.467   -0.78451E+09
  0.490  0.500    0.14511E+09
  0.490  0.533    0.17019E+09
  0.490  0.567   -0.54927E+08
  0.490  0.600   -0.38528E+08
  0.490  0.633    0.23551E+08
  0.490  0.667    0.19478E+08
  0.490  0.700   -0.10591E+09
  0.490  0.733    0.22575E+09
  0.490  0.767   -0.18816E+09
  0.490  0.800   -0.32030E+09
  0.490  0.833    0.13303E+10
  0.490  0.867   -0.20048E+10
  0.490  0.900    0.75350E+09
  0.490  0.933    0.30907E+10
  0.490  0.967   -0.70684E+10
  0.490  1.000    0.61889E+10
 
  0.500  0.000    0.87654E+10
  0.500  0.033    0.10080E+11
  0.500  0.067   -0.26707E+11
  0.500  0.100    0.22626E+11
  0.500  0.133    0.23867E+10
  0.500  0.167   -0.25280E+11
  0.500  0.200    0.23694E+11
  0.500  0.233   -0.20025E+10
  0.500  0.267   -0.14945E+11
  0.500  0.300    0.12475E+11
  0.500  0.333   -0.11769E+09
  0.500  0.367   -0.59787E+10
  0.500  0.400    0.30916E+10
  0.500  0.433    0.90299E+09
  0.500  0.467   -0.13423E+10
  0.500  0.500    0.13007E+09
  0.500  0.533    0.30526E+09
  0.500  0.567   -0.64766E+08
  0.500  0.600   -0.75776E+08
  0.500  0.633    0.25994E+08
  0.500  0.667    0.94713E+08
  0.500  0.700   -0.30491E+09
  0.500  0.733    0.47409E+09
  0.500  0.767   -0.10887E+09
  0.500  0.800   -0.13106E+10
  0.500  0.833    0.33314E+10
  0.500  0.867   -0.36598E+10
  0.500  0.900   -0.64883E+09
  0.500  0.933    0.91862E+10
  0.500  0.967   -0.15023E+11
  0.500  1.000    0.87654E+10
 
  0.510  0.000    0.79768E+10
  0.510  0.033    0.32152E+11
  0.510  0.067   -0.56307E+11
  0.510  0.100    0.34770E+11
  0.510  0.133    0.18987E+11
  0.510  0.167   -0.54664E+11
  0.510  0.200    0.39112E+11
  0.510  0.233    0.57632E+10
  0.510  0.267   -0.31398E+11
  0.510  0.300    0.20031E+11
  0.510  0.333    0.33989E+10
  0.510  0.367   -0.11421E+11
  0.510  0.400    0.44048E+10
  0.510  0.433    0.22502E+10
  0.510  0.467   -0.22257E+10
  0.510  0.500    0.24953E+08
  0.510  0.533    0.52728E+09
  0.510  0.567   -0.58160E+08
  0.510  0.600   -0.13684E+09
  0.510  0.633   -0.15237E+08
  0.510  0.667    0.33449E+09
  0.510  0.700   -0.77231E+09
  0.510  0.733    0.82387E+09
  0.510  0.767    0.61220E+09
  0.510  0.800   -0.40959E+10
  0.510  0.833    0.75261E+10
  0.510  0.867   -0.54665E+10
  0.510  0.900   -0.65498E+10
  0.510  0.933    0.23711E+11
  0.510  0.967   -0.29296E+11
  0.510  1.000    0.79768E+10
 
  0.520  0.000   -0.65280E+10
  0.520  0.033    0.85226E+11
  0.520  0.067   -0.11095E+12
  0.520  0.100    0.44240E+11
  0.520  0.133    0.63177E+11
  0.520  0.167   -0.11093E+12
  0.520  0.200    0.59122E+11
  0.520  0.233    0.28060E+11
  0.520  0.267   -0.62255E+11
  0.520  0.300    0.30010E+11
  0.520  0.333    0.12291E+11
  0.520  0.367   -0.20916E+11
  0.520  0.400    0.56975E+10
  0.520  0.433    0.49357E+10
  0.520  0.467   -0.35761E+10
  0.520  0.500   -0.27644E+09
  0.520  0.533    0.87854E+09
  0.520  0.567   -0.10953E+08
  0.520  0.600   -0.20980E+09
  0.520  0.633   -0.22507E+09
  0.520  0.667    0.99857E+09
  0.520  0.700   -0.17300E+10
  0.520  0.733    0.95087E+09
  0.520  0.767    0.34370E+10
  0.520  0.800   -0.11069E+11
  0.520  0.833    0.15322E+11
  0.520  0.867   -0.48164E+10
  0.520  0.900   -0.24707E+11
  0.520  0.933    0.55516E+11
  0.520  0.967   -0.51659E+11
  0.520  1.000   -0.65280E+10
 
  0.530  0.000   -0.61581E+11
  0.530  0.033    0.20293E+12
  0.530  0.067   -0.20407E+12
  0.530  0.100    0.32878E+11
  0.530  0.133    0.16764E+12
  0.530  0.167   -0.21296E+12
  0.530  0.200    0.77759E+11
  0.530  0.233    0.82248E+11
  0.530  0.267   -0.11761E+12
  0.530  0.300    0.40641E+11
  0.530  0.333    0.32215E+11
  0.530  0.367   -0.36885E+11
  0.530  0.400    0.61547E+10
  0.530  0.433    0.10043E+11
  0.530  0.467   -0.55559E+10
  0.530  0.500   -0.96943E+09
  0.530  0.533    0.14122E+10
  0.530  0.567    0.10835E+09
  0.530  0.600   -0.20063E+09
  0.530  0.633   -0.95925E+09
  0.530  0.667    0.26357E+10
  0.530  0.700   -0.33385E+10
  0.530  0.733   -0.54083E+09
  0.530  0.767    0.12141E+11
  0.530  0.800   -0.26903E+11
  0.530  0.833    0.27404E+11
  0.530  0.867    0.71177E+10
  0.530  0.900   -0.72840E+11
  0.530  0.933    0.11982E+12
  0.530  0.967   -0.78738E+11
  0.530  1.000   -0.61581E+11
 
  0.540  0.000   -0.22029E+12
  0.540  0.033    0.44714E+12
  0.540  0.067   -0.34624E+12
  0.540  0.100   -0.47980E+11
  0.540  0.133    0.39600E+12
  0.540  0.167   -0.38739E+12
  0.540  0.200    0.75065E+11
  0.540  0.233    0.20217E+12
  0.540  0.267   -0.21257E+12
  0.540  0.300    0.45697E+11
  0.540  0.333    0.73675E+11
  0.540  0.367   -0.62708E+11
  0.540  0.400    0.38218E+10
  0.540  0.433    0.19402E+11
  0.540  0.467   -0.83077E+10
  0.540  0.500   -0.23984E+10
  0.540  0.533    0.21946E+10
  0.540  0.567    0.29375E+09
  0.540  0.600    0.25454E+09
  0.540  0.633   -0.31162E+10
  0.540  0.667    0.62203E+10
  0.540  0.700   -0.50172E+10
  0.540  0.733   -0.81497E+10
  0.540  0.767    0.35567E+11
  0.540  0.800   -0.59488E+11
  0.540  0.833    0.39576E+11
  0.540  0.867    0.55092E+11
  0.540  0.900   -0.18844E+12
  0.540  0.933    0.23896E+12
  0.540  0.967   -0.89032E+11
  0.540  1.000   -0.22029E+12
 
  0.550  0.000   -0.62074E+12
  0.550  0.033    0.92316E+12
  0.550  0.067   -0.52519E+12
  0.550  0.100   -0.31437E+12
  0.550  0.133    0.86604E+12
  0.550  0.167   -0.66487E+12
  0.550  0.200   -0.11952E+10
  0.550  0.233    0.45100E+12
  0.550  0.267   -0.36752E+12
  0.550  0.300    0.28909E+11
  0.550  0.333    0.15551E+12
  0.550  0.367   -0.10263E+12
  0.550  0.400   -0.55262E+10
  0.550  0.433    0.36028E+11
  0.550  0.467   -0.11853E+11
  0.550  0.500   -0.51542E+10
  0.550  0.533    0.33350E+10
  0.550  0.567    0.31727E+09
  0.550  0.600    0.22770E+10
  0.550  0.633   -0.87181E+10
  0.550  0.667    0.12963E+11
  0.550  0.700   -0.31377E+10
  0.550  0.733   -0.34380E+11
  0.550  0.767    0.92600E+11
  0.550  0.800   -0.11893E+12
  0.550  0.833    0.30267E+11
  0.550  0.867    0.20121E+12
  0.550  0.900   -0.44487E+12
  0.550  0.933    0.43575E+12
  0.550  0.967   -0.10277E+11
  0.550  1.000   -0.62074E+12
 
  0.560  0.000   -0.15471E+13
  0.560  0.033    0.17922E+13
  0.560  0.067   -0.65168E+12
  0.560  0.100   -0.10226E+13
  0.560  0.133    0.17846E+13
  0.560  0.167   -0.10631E+13
  0.560  0.200   -0.27252E+12
  0.560  0.233    0.94212E+12
  0.560  0.267   -0.60538E+12
  0.560  0.300   -0.47048E+11
  0.560  0.333    0.31038E+12
  0.560  0.367   -0.16089E+12
  0.560  0.400   -0.30459E+11
  0.560  0.433    0.64756E+11
  0.560  0.467   -0.15873E+11
  0.560  0.500   -0.10248E+11
  0.560  0.533    0.51457E+10
  0.560  0.567   -0.85856E+09
  0.560  0.600    0.88741E+10
  0.560  0.633   -0.21727E+11
  0.560  0.667    0.22623E+11
  0.560  0.700    0.15608E+11
  0.560  0.733   -0.11057E+12
  0.560  0.767    0.21952E+12
  0.560  0.800   -0.20844E+12
  0.560  0.833   -0.72299E+11
  0.560  0.867    0.58886E+12
  0.560  0.900   -0.97324E+12
  0.560  0.933    0.70336E+12
  0.560  0.967    0.35600E+12
  0.560  1.000   -0.15471E+13
 
  0.570  0.000   -0.35506E+13
  0.570  0.033    0.32585E+13
  0.570  0.067   -0.42912E+12
  0.570  0.100   -0.27069E+13
  0.570  0.133    0.34932E+13
  0.570  0.167   -0.15374E+13
  0.570  0.200   -0.10013E+13
  0.570  0.233    0.18706E+13
  0.570  0.267   -0.94038E+12
  0.570  0.300   -0.26151E+12
  0.570  0.333    0.59315E+12
  0.570  0.367   -0.23914E+12
  0.570  0.400   -0.87587E+11
  0.570  0.433    0.11313E+12
  0.570  0.467   -0.19248E+11
  0.570  0.500   -0.19484E+11
  0.570  0.533    0.87483E+10
  0.570  0.567   -0.66981E+10
  0.570  0.600    0.27235E+11
  0.570  0.633   -0.48336E+11
  0.570  0.667    0.26832E+11
  0.570  0.700    0.91313E+11
  0.570  0.733   -0.30862E+12
  0.570  0.767    0.47629E+12
  0.570  0.800   -0.29013E+12
  0.570  0.833   -0.46899E+12
  0.570  0.867    0.15261E+13
  0.570  0.900   -0.19792E+13
  0.570  0.933    0.91178E+12
  0.570  0.967    0.14979E+13
  0.570  1.000   -0.35506E+13
 
  0.580  0.000   -0.76361E+13
  0.580  0.033    0.54710E+13
  0.580  0.067    0.93756E+12
  0.580  0.100   -0.64270E+13
  0.580  0.133    0.65115E+13
  0.580  0.167   -0.18591E+13
  0.580  0.200   -0.27245E+13
  0.580  0.233    0.35572E+13
  0.580  0.267   -0.13477E+13
  0.580  0.300   -0.77430E+12
  0.580  0.333    0.10925E+13
  0.580  0.367   -0.33008E+12
  0.580  0.400   -0.20802E+12
  0.580  0.433    0.19256E+12
  0.580  0.467   -0.19106E+11
  0.580  0.500   -0.36423E+11
  0.580  0.533    0.18016E+11
  0.580  0.567   -0.27058E+11
  0.580  0.600    0.72577E+11
  0.580  0.633   -0.93438E+11
  0.580  0.667   -0.11856E+11
  0.580  0.700    0.33127E+12
  0.580  0.733   -0.77956E+12
  0.580  0.767    0.93614E+12
  0.580  0.800   -0.18281E+12
  0.580  0.833   -0.16661E+13
  0.580  0.867    0.36293E+13
  0.580  0.900   -0.37138E+13
  0.580  0.933    0.56013E+12
  0.580  0.967    0.45270E+13
  0.580  1.000   -0.76361E+13
 
  0.590  0.000   -0.15500E+14
  0.590  0.033    0.81911E+13
  0.590  0.067    0.53563E+13
  0.590  0.100   -0.14190E+14
  0.590  0.133    0.11534E+14
  0.590  0.167   -0.13398E+13
  0.590  0.200   -0.64935E+13
  0.590  0.233    0.65002E+13
  0.590  0.267   -0.16918E+13
  0.590  0.300   -0.18944E+13
  0.590  0.333    0.19461E+13
  0.590  0.367   -0.40331E+12
  0.590  0.400   -0.44837E+12
  0.590  0.433    0.31956E+12
  0.590  0.467   -0.87159E+10
  0.590  0.500   -0.69087E+11
  0.590  0.533    0.45060E+11
  0.590  0.567   -0.86839E+11
  0.590  0.600    0.17219E+12
  0.590  0.633   -0.14239E+12
  0.590  0.667   -0.21773E+12
  0.590  0.700    0.99777E+12
  0.590  0.733   -0.18090E+13
  0.590  0.767    0.16075E+13
  0.590  0.800    0.70714E+12
  0.590  0.833   -0.48433E+13
  0.590  0.867    0.80352E+13
  0.590  0.900   -0.62782E+13
  0.590  0.933   -0.18200E+13
  0.590  0.967    0.11825E+14
  0.590  1.000   -0.15500E+14
 
  0.600  0.000   -0.29715E+14
  0.600  0.033    0.98920E+13
  0.600  0.067    0.17084E+14
  0.600  0.100   -0.29625E+14
  0.600  0.133    0.19258E+14
  0.600  0.167    0.17523E+13
  0.600  0.200   -0.14290E+14
  0.600  0.233    0.11415E+14
  0.600  0.267   -0.15702E+13
  0.600  0.300   -0.41987E+13
  0.600  0.333    0.33557E+13
  0.600  0.367   -0.37628E+12
  0.600  0.400   -0.90913E+12
  0.600  0.433    0.51653E+12
  0.600  0.467    0.27507E+11
  0.600  0.500   -0.13758E+12
  0.600  0.533    0.12420E+12
  0.600  0.567   -0.24225E+12
  0.600  0.600    0.36093E+12
  0.600  0.633   -0.97179E+11
  0.600  0.667   -0.94704E+12
  0.600  0.700    0.26818E+13
  0.600  0.733   -0.38589E+13
  0.600  0.767    0.21477E+13
  0.600  0.800    0.40374E+13
  0.600  0.833   -0.12570E+14
  0.600  0.867    0.16623E+14
  0.600  0.900   -0.89531E+13
  0.600  0.933   -0.10007E+14
  0.600  0.967    0.28220E+14
  0.600  1.000   -0.29715E+14
 
  0.610  0.000   -0.53480E+14
  0.610  0.033    0.55767E+13
  0.610  0.067    0.45109E+14
  0.610  0.100   -0.58954E+14
  0.610  0.133    0.29762E+14
  0.610  0.167    0.11378E+14
  0.610  0.200   -0.29713E+14
  0.610  0.233    0.19207E+14
  0.610  0.267    0.69251E+10
  0.610  0.300   -0.87313E+13
  0.610  0.333    0.55949E+13
  0.610  0.367   -0.56566E+11
  0.610  0.400   -0.17645E+13
  0.610  0.433    0.80995E+12
  0.610  0.467    0.12656E+12
  0.610  0.500   -0.29464E+12
  0.610  0.533    0.34407E+12
  0.610  0.567   -0.60416E+12
  0.610  0.600    0.63579E+12
  0.610  0.633    0.41274E+12
  0.610  0.667   -0.31244E+13
  0.610  0.700    0.66063E+13
  0.610  0.733   -0.74629E+13
  0.610  0.767    0.10140E+13
  0.610  0.800    0.14002E+14
  0.610  0.833   -0.30086E+14
  0.610  0.867    0.31969E+14
  0.610  0.900   -0.83208E+13
  0.610  0.933   -0.32943E+14
  0.610  0.967    0.62981E+14
  0.610  1.000   -0.53480E+14
 
  0.620  0.000   -0.88914E+14
  0.620  0.033   -0.18143E+14
  0.620  0.067    0.10755E+15
  0.620  0.100   -0.11218E+15
  0.620  0.133    0.40792E+14
  0.620  0.167    0.36032E+14
  0.620  0.200   -0.59064E+14
  0.620  0.233    0.30727E+14
  0.620  0.267    0.52499E+13
  0.620  0.300   -0.17327E+14
  0.620  0.333    0.89858E+13
  0.620  0.367    0.96821E+12
  0.620  0.400   -0.33092E+13
  0.620  0.433    0.12200E+13
  0.620  0.467    0.37927E+12
  0.620  0.500   -0.67787E+12
  0.620  0.533    0.91301E+12
  0.620  0.567   -0.13481E+13
  0.620  0.600    0.76963E+12
  0.620  0.633    0.25350E+13
  0.620  0.667   -0.89627E+13
  0.620  0.700    0.15048E+14
  0.620  0.733   -0.12549E+14
  0.620  0.767   -0.67789E+13
  0.620  0.800    0.40455E+14
  0.620  0.833   -0.67320E+14
  0.620  0.867    0.56143E+14
  0.620  0.900    0.64524E+13
  0.620  0.933   -0.90497E+14
  0.620  0.967    0.13286E+15
  0.620  1.000   -0.88914E+14
 
  0.630  0.000   -0.13138E+15
  0.630  0.033   -0.93557E+14
  0.630  0.067    0.23939E+15
  0.630  0.100   -0.20397E+15
  0.630  0.133    0.43648E+14
  0.630  0.167    0.93089E+14
  0.630  0.200   -0.11294E+15
  0.630  0.233    0.46013E+14
  0.630  0.267    0.18796E+14
  0.630  0.300   -0.33115E+14
  0.630  0.333    0.13796E+14
  0.630  0.367    0.35347E+13
  0.630  0.400   -0.60267E+13
  0.630  0.433    0.17244E+13
  0.630  0.467    0.10136E+13
  0.630  0.500   -0.16324E+13
  0.630  0.533    0.22697E+13
  0.630  0.567   -0.26188E+13
  0.630  0.600   -0.28958E+12
  0.630  0.633    0.94336E+13
  0.630  0.667   -0.23369E+14
  0.630  0.700    0.31606E+14
  0.630  0.733   -0.16011E+14
  0.630  0.767   -0.35119E+14
  0.630  0.800    0.10512E+15
  0.630  0.833   -0.14140E+15
  0.630  0.867    0.85957E+14
  0.630  0.900    0.64622E+14
  0.630  0.933   -0.22451E+15
  0.630  0.967    0.26592E+15
  0.630  1.000   -0.13138E+15
 
  0.640  0.000   -0.15407E+15
  0.640  0.033   -0.29332E+15
  0.640  0.067    0.50540E+15
  0.640  0.100   -0.35254E+15
  0.640  0.133    0.13984E+14
  0.640  0.167    0.21671E+15
  0.640  0.200   -0.20831E+15
  0.640  0.233    0.62342E+14
  0.640  0.267    0.49942E+14
  0.640  0.300   -0.61261E+14
  0.640  0.333    0.19953E+14
  0.640  0.367    0.92715E+13
  0.640  0.400   -0.10677E+14
  0.640  0.433    0.21509E+13
  0.640  0.467    0.26011E+13
  0.640  0.500   -0.39737E+13
  0.640  0.533    0.52028E+13
  0.640  0.567   -0.40163E+13
  0.640  0.600   -0.61235E+13
  0.640  0.633    0.29115E+14
  0.640  0.667   -0.56354E+14
  0.640  0.700    0.60176E+14
  0.640  0.733   -0.45461E+13
  0.640  0.767   -0.11926E+15
  0.640  0.800    0.25303E+15
  0.640  0.833   -0.27781E+15
  0.640  0.867    0.98758E+14
  0.640  0.900    0.23810E+15
  0.640  0.933   -0.51877E+15
  0.640  0.967    0.50430E+15
  0.640  1.000   -0.15407E+15
 
  0.650  0.000   -0.70514E+14
  0.650  0.033   -0.77256E+15
  0.650  0.067    0.10202E+16
  0.650  0.100   -0.57245E+15
  0.650  0.133   -0.10765E+15
  0.650  0.167    0.47172E+15
  0.650  0.200   -0.37070E+15
  0.650  0.233    0.69783E+14
  0.650  0.267    0.11666E+15
  0.650  0.300   -0.10999E+15
  0.650  0.333    0.26362E+14
  0.650  0.367    0.21241E+14
  0.650  0.400   -0.18374E+14
  0.650  0.433    0.18808E+13
  0.650  0.467    0.65460E+13
  0.650  0.500   -0.94795E+13
  0.650  0.533    0.10734E+14
  0.650  0.567   -0.27520E+13
  0.650  0.600   -0.27267E+14
  0.650  0.633    0.80397E+14
  0.650  0.667   -0.12627E+15
  0.650  0.700    0.99009E+14
  0.650  0.733    0.64284E+14
  0.650  0.767   -0.34264E+15
  0.650  0.800    0.57153E+15
  0.650  0.833   -0.50375E+15
  0.650  0.867    0.15152E+14
  0.650  0.900    0.69222E+15
  0.650  0.933   -0.11326E+16
  0.650  0.967    0.89932E+15
  0.650  1.000   -0.70514E+14
 
  0.660  0.000    0.35071E+15
  0.660  0.033   -0.18482E+16
  0.660  0.067    0.19757E+16
  0.660  0.100   -0.85134E+15
  0.660  0.133   -0.45527E+15
  0.660  0.167    0.97716E+15
  0.660  0.200   -0.63499E+15
  0.660  0.233    0.41653E+14
  0.660  0.267    0.25266E+15
  0.660  0.300   -0.19180E+15
  0.660  0.333    0.29435E+14
  0.660  0.367    0.45010E+14
  0.660  0.400   -0.30527E+14
  0.660  0.433   -0.91835E+12
  0.660  0.467    0.16161E+14
  0.660  0.500   -0.21608E+14
  0.660  0.533    0.18826E+14
  0.660  0.567    0.11957E+14
  0.660  0.600   -0.91865E+14
  0.660  0.633    0.20440E+15
  0.660  0.667   -0.26144E+15
  0.660  0.700    0.11984E+15
  0.660  0.733    0.30844E+15
  0.660  0.767   -0.89114E+15
  0.660  0.800    0.12167E+16
  0.660  0.833   -0.81509E+15
  0.660  0.867   -0.39109E+15
  0.660  0.900    0.17871E+16
  0.660  0.933   -0.23518E+16
  0.660  0.967    0.14812E+16
  0.660  1.000    0.35071E+15
 
  0.670  0.000    0.16701E+16
  0.670  0.033   -0.41425E+16
  0.670  0.067    0.36720E+16
  0.670  0.100   -0.10890E+16
  0.670  0.133   -0.13147E+16
  0.670  0.167    0.19445E+16
  0.670  0.200   -0.10410E+16
  0.670  0.233   -0.84950E+14
  0.670  0.267    0.51933E+15
  0.670  0.300   -0.32454E+15
  0.670  0.333    0.20091E+14
  0.670  0.367    0.90332E+14
  0.670  0.400   -0.48293E+14
  0.670  0.433   -0.11166E+14
  0.670  0.467    0.38823E+14
  0.670  0.500   -0.45868E+14
  0.670  0.533    0.22948E+14
  0.670  0.567    0.74250E+14
  0.670  0.600   -0.26962E+15
  0.670  0.633    0.48390E+15
  0.670  0.667   -0.49021E+15
  0.670  0.700    0.66878E+13
  0.670  0.733    0.10282E+16
  0.670  0.767   -0.21559E+16
  0.670  0.800    0.24358E+16
  0.670  0.833   -0.10695E+16
  0.670  0.867   -0.16980E+16
  0.670  0.900    0.42704E+16
  0.670  0.933   -0.46515E+16
  0.670  0.967    0.21595E+16
  0.670  1.000    0.16701E+16
 
  0.680  0.000    0.51576E+16
  0.680  0.033   -0.88312E+16
  0.680  0.067    0.65285E+16
  0.680  0.100   -0.95352E+15
  0.680  0.133   -0.32702E+16
  0.680  0.167    0.37357E+16
  0.680  0.200   -0.16146E+16
  0.680  0.233   -0.44752E+15
  0.680  0.267    0.10257E+16
  0.680  0.300   -0.53133E+15
  0.680  0.333   -0.22054E+14
  0.680  0.367    0.17351E+15
  0.680  0.400   -0.70569E+14
  0.680  0.433   -0.41160E+14
  0.680  0.467    0.89637E+14
  0.680  0.500   -0.87158E+14
  0.680  0.533   -0.78336E+13
  0.680  0.567    0.28057E+15
  0.680  0.600   -0.72174E+15
  0.680  0.633    0.10684E+16
  0.680  0.667   -0.78835E+15
  0.680  0.700   -0.60621E+15
  0.680  0.733    0.29386E+16
  0.680  0.767   -0.49108E+16
  0.680  0.800    0.45390E+16
  0.680  0.833   -0.69238E+15
  0.680  0.867   -0.52791E+16
  0.680  0.900    0.96236E+16
  0.680  0.933   -0.87382E+16
  0.680  0.967    0.24532E+16
  0.680  1.000    0.51576E+16
 
  0.690  0.000    0.13551E+17
  0.690  0.033   -0.18047E+17
  0.690  0.067    0.11018E+17
  0.690  0.100    0.43650E+15
  0.690  0.133   -0.74738E+16
  0.690  0.167    0.69459E+16
  0.690  0.200   -0.23148E+16
  0.690  0.233   -0.13314E+16
  0.690  0.267    0.19599E+16
  0.690  0.300   -0.83689E+15
  0.690  0.333   -0.13939E+15
  0.690  0.367    0.31995E+15
  0.690  0.400   -0.88215E+14
  0.690  0.433   -0.11964E+15
  0.690  0.467    0.19571E+15
  0.690  0.500   -0.13475E+15
  0.690  0.533   -0.18088E+15
  0.690  0.567    0.88196E+15
  0.690  0.600   -0.17958E+16
  0.690  0.633    0.21824E+16
  0.690  0.667   -0.89763E+15
  0.690  0.700   -0.27331E+16
  0.690  0.733    0.76483E+16
  0.690  0.767   -0.10581E+17
  0.690  0.800    0.76778E+16
  0.690  0.833    0.20596E+16
  0.690  0.867   -0.14221E+17
  0.690  0.900    0.20641E+17
  0.690  0.933   -0.15453E+17
  0.690  0.967    0.83055E+15
  0.690  1.000    0.13551E+17
 
  0.700  0.000    0.32510E+17
  0.700  0.033   -0.35486E+17
  0.700  0.067    0.17367E+17
  0.700  0.100    0.51827E+16
  0.700  0.133   -0.16126E+17
  0.700  0.167    0.12502E+17
  0.700  0.200   -0.29049E+16
  0.700  0.233   -0.33062E+16
  0.700  0.267    0.36379E+16
  0.700  0.300   -0.12554E+16
  0.700  0.333   -0.41500E+15
  0.700  0.367    0.56485E+15
  0.700  0.400   -0.69361E+14
  0.700  0.433   -0.30885E+15
  0.700  0.467    0.39399E+15
  0.700  0.500   -0.10708E+15
  0.700  0.533   -0.81858E+15
  0.700  0.567    0.24886E+16
  0.700  0.600   -0.41827E+16
  0.700  0.633    0.40304E+16
  0.700  0.667    0.20365E+15
  0.700  0.700   -0.89619E+16
  0.700  0.733    0.18586E+17
  0.700  0.767   -0.21536E+17
  0.700  0.800    0.11049E+17
  0.700  0.833    0.11828E+17
  0.700  0.867   -0.35138E+17
  0.700  0.900    0.42297E+17
  0.700  0.933   -0.25223E+17
  0.700  0.967   -0.68017E+16
  0.700  1.000    0.32510E+17
 
  0.710  0.000    0.73307E+17
  0.710  0.033   -0.67198E+17
  0.710  0.067    0.24677E+17
  0.710  0.100    0.17968E+17
  0.710  0.133   -0.33302E+17
  0.710  0.167    0.21747E+17
  0.710  0.200   -0.26641E+16
  0.710  0.233   -0.74727E+16
  0.710  0.267    0.65739E+16
  0.710  0.300   -0.17596E+16
  0.710  0.333   -0.10029E+16
  0.710  0.367    0.94538E+15
  0.710  0.400    0.74332E+14
  0.710  0.433   -0.73056E+15
  0.710  0.467    0.69464E+15
  0.710  0.500    0.31982E+15
  0.710  0.533   -0.28029E+16
  0.710  0.567    0.64914E+16
  0.710  0.600   -0.91106E+16
  0.710  0.633    0.63265E+16
  0.710  0.667    0.57030E+16
  0.710  0.700   -0.25490E+17
  0.710  0.733    0.42659E+17
  0.710  0.767   -0.41086E+17
  0.710  0.800    0.10581E+17
  0.710  0.833    0.40007E+17
  0.710  0.867   -0.81598E+17
  0.710  0.900    0.82809E+17
  0.710  0.933   -0.36276E+17
  0.710  0.967   -0.30388E+17
  0.710  1.000    0.73307E+17
 
  0.720  0.000    0.15761E+18
  0.720  0.033   -0.12232E+18
  0.720  0.067    0.28702E+17
  0.720  0.100    0.48730E+17
  0.720  0.133   -0.66332E+17
  0.720  0.167    0.36393E+17
  0.720  0.200    0.22103E+15
  0.720  0.233   -0.15901E+17
  0.720  0.267    0.11574E+17
  0.720  0.300   -0.22136E+16
  0.720  0.333   -0.21719E+16
  0.720  0.367    0.14680E+16
  0.720  0.400    0.55726E+15
  0.720  0.433   -0.15857E+16
  0.720  0.467    0.91952E+15
  0.720  0.500    0.21935E+16
  0.720  0.533   -0.83795E+16
  0.720  0.567    0.15853E+17
  0.720  0.600   -0.18373E+17
  0.720  0.633    0.67006E+16
  0.720  0.667    0.24419E+17
  0.720  0.700   -0.66380E+17
  0.720  0.733    0.92906E+17
  0.720  0.767   -0.72087E+17
  0.720  0.800   -0.70746E+16
  0.720  0.833    0.11297E+18
  0.720  0.867   -0.18024E+18
  0.720  0.900    0.15426E+18
  0.720  0.933   -0.39809E+17
  0.720  0.967   -0.92606E+17
  0.720  1.000    0.15761E+18
 
  0.730  0.000    0.32557E+18
  0.730  0.033   -0.21294E+18
  0.730  0.067    0.16686E+17
  0.730  0.100    0.11777E+18
  0.730  0.133   -0.12797E+18
  0.730  0.167    0.58096E+17
  0.730  0.200    0.98940E+16
  0.730  0.233   -0.32385E+17
  0.730  0.267    0.19847E+17
  0.730  0.300   -0.22387E+16
  0.730  0.333   -0.43558E+16
  0.730  0.367    0.20145E+16
  0.730  0.400    0.18430E+16
  0.730  0.433   -0.30888E+16
  0.730  0.467    0.15517E+15
  0.730  0.500    0.85372E+16
  0.730  0.533   -0.22919E+17
  0.730  0.567    0.36388E+17
  0.730  0.600   -0.33417E+17
  0.730  0.633   -0.39306E+16
  0.730  0.667    0.78899E+17
  0.730  0.700   -0.16195E+18
  0.730  0.733    0.19190E+18
  0.730  0.767   -0.11109E+18
  0.730  0.800   -0.79102E+17
  0.730  0.833    0.28890E+18
  0.730  0.867   -0.38094E+18
  0.730  0.900    0.27070E+18
  0.730  0.933   -0.81301E+16
  0.730  0.967   -0.24274E+18
  0.730  1.000    0.32557E+18
 
  0.740  0.000    0.64867E+18
  0.740  0.033   -0.35071E+18
  0.740  0.067   -0.43963E+17
  0.740  0.100    0.26521E+18
  0.740  0.133   -0.23961E+18
  0.740  0.167    0.87018E+17
  0.740  0.200    0.35262E+17
  0.740  0.233   -0.63724E+17
  0.740  0.267    0.33098E+17
  0.740  0.300   -0.96843E+15
  0.740  0.333   -0.81780E+16
  0.740  0.367    0.21173E+16
  0.740  0.400    0.48021E+16
  0.740  0.433   -0.50352E+16
  0.740  0.467   -0.48741E+16
  0.740  0.500    0.27411E+17
  0.740  0.533   -0.58503E+17
  0.740  0.567    0.78271E+17
  0.740  0.600   -0.51109E+17
  0.740  0.633   -0.53628E+17
  0.740  0.667    0.22341E+18
  0.740  0.700   -0.37426E+18
  0.740  0.733    0.37370E+18
  0.740  0.767   -0.13029E+18
  0.740  0.800   -0.29990E+18
  0.740  0.833    0.69080E+18
  0.740  0.867   -0.77193E+18
  0.740  0.900    0.43800E+18
  0.740  0.933    0.13263E+18
  0.740  0.967   -0.58372E+18
  0.740  1.000    0.64867E+18
 
  0.750  0.000    0.12483E+19
  0.750  0.033   -0.53476E+18
  0.750  0.067   -0.22946E+18
  0.750  0.100    0.56809E+18
  0.750  0.133   -0.43558E+18
  0.750  0.167    0.11807E+18
  0.750  0.200    0.94653E+17
  0.750  0.233   -0.12182E+18
  0.750  0.267    0.53537E+17
  0.750  0.300    0.33573E+16
  0.750  0.333   -0.14355E+17
  0.750  0.367    0.50646E+15
  0.750  0.400    0.10704E+17
  0.750  0.433   -0.51318E+16
  0.750  0.467   -0.24245E+17
  0.750  0.500    0.78959E+17
  0.750  0.533   -0.14057E+18
  0.750  0.567    0.15590E+18
  0.750  0.600   -0.49597E+17
  0.750  0.633   -0.21985E+18
  0.750  0.667    0.58201E+18
  0.750  0.700   -0.82304E+18
  0.750  0.733    0.67609E+18
  0.750  0.767   -0.28523E+17
  0.750  0.800   -0.89433E+18
  0.750  0.833    0.15684E+19
  0.750  0.867   -0.14979E+19
  0.750  0.900    0.62122E+18
  0.750  0.933    0.56244E+18
  0.750  0.967   -0.13232E+19
  0.750  1.000    0.12483E+19
 
  0.760  0.000    0.23181E+19
  0.760  0.033   -0.71794E+18
  0.760  0.067   -0.70800E+18
  0.760  0.100    0.11703E+19
  0.760  0.133   -0.76777E+18
  0.760  0.167    0.13212E+18
  0.760  0.200    0.22454E+18
  0.760  0.233   -0.22703E+18
  0.760  0.267    0.83645E+17
  0.760  0.300    0.13985E+17
  0.760  0.333   -0.23272E+17
  0.760  0.367   -0.56124E+16
  0.760  0.400    0.20206E+17
  0.760  0.433    0.63361E+16
  0.760  0.467   -0.86167E+17
  0.760  0.500    0.21067E+18
  0.760  0.533   -0.31845E+18
  0.760  0.567    0.27920E+18
  0.760  0.600    0.52555E+17
  0.760  0.633   -0.70097E+18
  0.760  0.667    0.14250E+19
  0.760  0.700   -0.17225E+19
  0.760  0.733    0.10989E+19
  0.760  0.767    0.49096E+18
  0.760  0.800   -0.23720E+19
  0.760  0.833    0.34082E+19
  0.760  0.867   -0.27694E+19
  0.760  0.900    0.65649E+18
  0.760  0.933    0.16938E+19
  0.760  0.967   -0.28660E+19
  0.760  1.000    0.23181E+19
 
  0.770  0.000    0.41398E+19
  0.770  0.033   -0.72390E+18
  0.770  0.067   -0.18350E+19
  0.770  0.100    0.23331E+19
  0.770  0.133   -0.13077E+19
  0.770  0.167    0.76676E+17
  0.770  0.200    0.49548E+18
  0.770  0.233   -0.41344E+18
  0.770  0.267    0.12544E+18
  0.770  0.300    0.36339E+17
  0.770  0.333   -0.33868E+17
  0.770  0.367   -0.21104E+17
  0.770  0.400    0.28528E+17
  0.770  0.433    0.61838E+17
  0.770  0.467   -0.26427E+18
  0.770  0.500    0.52815E+18
  0.770  0.533   -0.67703E+18
  0.770  0.567    0.41518E+18
  0.770  0.600    0.50467E+18
  0.770  0.633   -0.19766E+19
  0.770  0.667    0.33136E+19
  0.770  0.700   -0.34153E+19
  0.770  0.733    0.14636E+19
  0.770  0.767    0.22087E+19
  0.770  0.800   -0.58401E+19
  0.770  0.833    0.71148E+19
  0.770  0.867   -0.48249E+19
  0.770  0.900    0.34097E+17
  0.770  0.933    0.44297E+19
  0.770  0.967   -0.59765E+19
  0.770  1.000    0.41398E+19
 
  0.780  0.000    0.70580E+19
  0.780  0.033   -0.57249E+17
  0.780  0.067   -0.43359E+19
  0.780  0.100    0.45176E+19
  0.780  0.133   -0.21383E+19
  0.780  0.167   -0.17460E+18
  0.780  0.200    0.10408E+19
  0.780  0.233   -0.73676E+18
  0.780  0.267    0.17890E+18
  0.780  0.300    0.78463E+17
  0.780  0.333   -0.41527E+17
  0.780  0.367   -0.50883E+17
  0.780  0.400    0.85425E+16
  0.780  0.433    0.25750E+18
  0.780  0.467   -0.73972E+18
  0.780  0.500    0.12513E+19
  0.780  0.533   -0.13324E+19
  0.780  0.567    0.36149E+18
  0.780  0.600    0.19934E+19
  0.780  0.633   -0.51507E+19
  0.780  0.667    0.73509E+19
  0.780  0.700   -0.63427E+19
  0.780  0.733    0.10165E+19
  0.780  0.767    0.70380E+19
  0.780  0.800   -0.13613E+20
  0.780  0.833    0.14279E+20
  0.780  0.867   -0.77402E+19
  0.780  0.900   -0.26033E+19
  0.780  0.933    0.10673E+20
  0.780  0.967   -0.12046E+20
  0.780  1.000    0.70580E+19
 
  0.790  0.000    0.11327E+20
  0.790  0.033    0.25099E+19
  0.790  0.067   -0.96479E+19
  0.790  0.100    0.85112E+19
  0.790  0.133   -0.33166E+19
  0.790  0.167   -0.90386E+18
  0.790  0.200    0.21074E+19
  0.790  0.233   -0.12862E+19
  0.790  0.267    0.23917E+18
  0.790  0.300    0.15046E+18
  0.790  0.333   -0.35913E+17
  0.790  0.367   -0.86538E+17
  0.790  0.400   -0.14083E+18
  0.790  0.433    0.85584E+18
  0.790  0.467   -0.19343E+19
  0.790  0.500    0.28014E+19
  0.790  0.533   -0.23487E+19
  0.790  0.567   -0.61766E+18
  0.790  0.600    0.62798E+19
  0.790  0.633   -0.12652E+20
  0.790  0.667    0.15567E+20
  0.790  0.700   -0.10758E+20
  0.790  0.733   -0.25964E+19
  0.790  0.767    0.19429E+20
  0.790  0.800   -0.30348E+20
  0.790  0.833    0.27490E+20
  0.790  0.867   -0.10822E+20
  0.790  0.900   -0.10569E+20
  0.790  0.933    0.24305E+20
  0.790  0.967   -0.23509E+20
  0.790  1.000    0.11327E+20
 
  0.800  0.000    0.16617E+20
  0.800  0.033    0.98046E+19
  0.800  0.067   -0.20543E+20
  0.800  0.100    0.15608E+20
  0.800  0.133   -0.47642E+19
  0.800  0.167   -0.27106E+19
  0.800  0.200    0.41435E+19
  0.800  0.233   -0.22014E+19
  0.800  0.267    0.29239E+18
  0.800  0.300    0.26228E+18
  0.800  0.333   -0.55387E+16
  0.800  0.367   -0.53960E+17
  0.800  0.400   -0.73884E+18
  0.800  0.433    0.25299E+19
  0.800  0.467   -0.47757E+19
  0.800  0.500    0.58915E+19
  0.800  0.533   -0.33873E+19
  0.800  0.567   -0.47562E+19
  0.800  0.600    0.17639E+20
  0.800  0.633   -0.29583E+20
  0.800  0.667    0.31362E+20
  0.800  0.700   -0.15655E+20
  0.800  0.733   -0.15811E+20
  0.800  0.767    0.49295E+20
  0.800  0.800   -0.65051E+20
  0.800  0.833    0.50477E+20
  0.800  0.867   -0.10974E+20
  0.800  0.900   -0.31494E+20
  0.800  0.933    0.52994E+20
  0.800  0.967   -0.44411E+20
  0.800  1.000    0.16617E+20
 
  0.810  0.000    0.20705E+20
  0.810  0.033    0.28013E+20
  0.810  0.067   -0.42234E+20
  0.810  0.100    0.27831E+20
  0.810  0.133   -0.59964E+19
  0.810  0.167   -0.68231E+19
  0.810  0.200    0.79504E+19
  0.810  0.233   -0.36976E+19
  0.810  0.267    0.31046E+18
  0.810  0.300    0.42297E+18
  0.810  0.333    0.23514E+17
  0.810  0.367    0.35697E+18
  0.810  0.400   -0.27001E+19
  0.810  0.433    0.69133E+19
  0.810  0.467   -0.11176E+20
  0.810  0.500    0.11459E+20
  0.810  0.533   -0.25659E+19
  0.810  0.567   -0.18193E+20
  0.810  0.600    0.45972E+20
  0.810  0.633   -0.66150E+20
  0.810  0.667    0.59573E+20
  0.810  0.700   -0.15562E+20
  0.810  0.733   -0.54875E+20
  0.810  0.767    0.11790E+21
  0.810  0.800   -0.13437E+21
  0.810  0.833    0.87348E+20
  0.810  0.867    0.13375E+19
  0.810  0.900   -0.82187E+20
  0.810  0.933    0.11144E+21
  0.810  0.967   -0.81027E+20
  0.810  1.000    0.20705E+20
 
  0.820  0.000    0.16320E+20
  0.820  0.033    0.70162E+20
  0.820  0.067   -0.84274E+20
  0.820  0.100    0.48128E+20
  0.820  0.133   -0.55003E+19
  0.820  0.167   -0.15687E+20
  0.820  0.200    0.14939E+20
  0.820  0.233   -0.61025E+19
  0.820  0.267    0.24295E+18
  0.820  0.300    0.66265E+18
  0.820  0.333   -0.17656E+18
  0.820  0.367    0.21912E+19
  0.820  0.400   -0.84682E+19
  0.820  0.433    0.17767E+20
  0.820  0.467   -0.24757E+20
  0.820  0.500    0.19873E+20
  0.820  0.533    0.68104E+19
  0.820  0.567   -0.56692E+20
  0.820  0.600    0.11324E+21
  0.820  0.633   -0.14158E+21
  0.820  0.667    0.10465E+21
  0.820  0.700    0.80265E+19
  0.820  0.733   -0.15854E+21
  0.820  0.767    0.26926E+21
  0.820  0.800   -0.26740E+21
  0.820  0.833    0.13895E+21
  0.820  0.867    0.51452E+20
  0.820  0.900   -0.19836E+21
  0.820  0.933    0.22691E+21
  0.820  0.967   -0.14207E+21
  0.820  1.000    0.16320E+20
 
  0.830  0.000   -0.15985E+20
  0.830  0.033    0.16282E+21
  0.830  0.067   -0.16371E+21
  0.830  0.100    0.80305E+20
  0.830  0.133    0.61174E+18
  0.830  0.167   -0.34063E+20
  0.830  0.200    0.27564E+20
  0.830  0.233   -0.99097E+19
  0.830  0.267   -0.88609E+16
  0.830  0.300    0.11662E+19
  0.830  0.333   -0.15972E+19
  0.830  0.367    0.85868E+19
  0.830  0.400   -0.24209E+20
  0.830  0.433    0.43281E+20
  0.830  0.467   -0.51535E+20
  0.830  0.500    0.27711E+20
  0.830  0.533    0.44912E+20
  0.830  0.567   -0.15865E+21
  0.830  0.600    0.26614E+21
  0.830  0.633   -0.28933E+21
  0.830  0.667    0.16263E+21
  0.830  0.700    0.10797E+21
  0.830  0.733   -0.41523E+21
  0.830  0.767    0.59126E+21
  0.830  0.800   -0.51121E+21
  0.830  0.833    0.19146E+21
  0.830  0.867    0.20134E+21
  0.830  0.900   -0.45353E+21
  0.830  0.933    0.44830E+21
  0.830  0.967   -0.23710E+21
  0.830  1.000   -0.15985E+20
 
  0.840  0.000   -0.12327E+21
  0.840  0.033    0.35875E+21
  0.840  0.067   -0.31013E+21
  0.840  0.100    0.12812E+21
  0.840  0.133    0.21417E+20
  0.840  0.167   -0.71039E+20
  0.840  0.200    0.50049E+20
  0.840  0.233   -0.15850E+20
  0.840  0.267   -0.71388E+18
  0.840  0.300    0.28242E+19
  0.840  0.333   -0.77077E+19
  0.840  0.367    0.28264E+20
  0.840  0.400   -0.64704E+20
  0.840  0.433    0.10017E+21
  0.840  0.467   -0.99083E+20
  0.840  0.500    0.17391E+20
  0.840  0.533    0.16705E+21
  0.840  0.567   -0.41353E+21
  0.840  0.600    0.59942E+21
  0.840  0.633   -0.56050E+21
  0.840  0.667    0.19543E+21
  0.840  0.700    0.42188E+21
  0.840  0.733   -0.10191E+22
  0.840  0.767    0.12527E+22
  0.840  0.800   -0.93281E+21
  0.840  0.833    0.18553E+21
  0.840  0.867    0.59426E+21
  0.840  0.900   -0.99462E+21
  0.840  0.933    0.85955E+21
  0.840  0.967   -0.36977E+21
  0.840  1.000   -0.12327E+21
 
  0.850  0.000   -0.41248E+21
  0.850  0.033    0.76007E+21
  0.850  0.067   -0.57307E+21
  0.850  0.100    0.19214E+21
  0.850  0.133    0.76890E+20
  0.850  0.167   -0.14369E+21
  0.850  0.200    0.89588E+20
  0.850  0.233   -0.24932E+20
  0.850  0.267   -0.28367E+19
  0.850  0.300    0.91433E+19
  0.850  0.333   -0.29291E+20
  0.850  0.367    0.84045E+20
  0.850  0.400   -0.16363E+21
  0.850  0.433    0.21972E+21
  0.850  0.467   -0.16897E+21
  0.850  0.500   -0.72405E+20
  0.850  0.533    0.51540E+21
  0.850  0.567   -0.10213E+22
  0.850  0.600    0.12954E+22
  0.850  0.633   -0.10141E+22
  0.850  0.667    0.59554E+20
  0.850  0.700    0.12865E+22
  0.850  0.733   -0.23822E+22
  0.850  0.767    0.25641E+22
  0.850  0.800   -0.16038E+22
  0.850  0.833   -0.59713E+20
  0.850  0.867    0.15476E+22
  0.850  0.900   -0.21071E+22
  0.850  0.933    0.15971E+22
  0.850  0.967   -0.51767E+21
  0.850  1.000   -0.41248E+21
 
  0.860  0.000   -0.11160E+22
  0.860  0.033    0.15600E+22
  0.860  0.067   -0.10322E+22
  0.860  0.100    0.26129E+21
  0.860  0.133    0.20924E+21
  0.860  0.167   -0.28366E+21
  0.860  0.200    0.15830E+21
  0.860  0.233   -0.38189E+20
  0.860  0.267   -0.10025E+20
  0.860  0.300    0.32204E+20
  0.860  0.333   -0.97293E+20
  0.860  0.367    0.23265E+21
  0.860  0.400   -0.39364E+21
  0.860  0.433    0.45294E+21
  0.860  0.467   -0.22691E+21
  0.860  0.500   -0.42509E+21
  0.860  0.533    0.14374E+22
  0.860  0.567   -0.24113E+22
  0.860  0.600    0.26810E+22
  0.860  0.633   -0.16582E+22
  0.860  0.667   -0.67660E+21
  0.860  0.700    0.34877E+22
  0.860  0.733   -0.53500E+22
  0.860  0.767    0.50648E+22
  0.860  0.800   -0.25303E+22
  0.860  0.833   -0.10241E+22
  0.860  0.867    0.37404E+22
  0.860  0.900   -0.43297E+22
  0.860  0.933    0.28660E+22
  0.860  0.967   -0.58078E+21
  0.860  1.000   -0.11160E+22
 
  0.870  0.000   -0.27216E+22
  0.870  0.033    0.31152E+22
  0.870  0.067   -0.18083E+22
  0.870  0.100    0.29253E+21
  0.870  0.133    0.50498E+21
  0.870  0.167   -0.54884E+21
  0.870  0.200    0.27619E+21
  0.870  0.233   -0.55088E+20
  0.870  0.267   -0.35362E+20
  0.870  0.300    0.10990E+21
  0.870  0.333   -0.29526E+21
  0.870  0.367    0.60842E+21
  0.870  0.400   -0.90159E+21
  0.870  0.433    0.86085E+21
  0.870  0.467   -0.10800E+21
  0.870  0.500   -0.15426E+22
  0.870  0.533    0.37467E+22
  0.870  0.567   -0.54667E+22
  0.870  0.600    0.52846E+22
  0.870  0.633   -0.22472E+22
  0.870  0.667   -0.31752E+22
  0.870  0.700    0.87904E+22
  0.870  0.733   -0.11599E+23
  0.870  0.767    0.96219E+22
  0.870  0.800   -0.34340E+22
  0.870  0.833   -0.38828E+22
  0.870  0.867    0.85825E+22
  0.870  0.900   -0.86471E+22
  0.870  0.933    0.49341E+22
  0.870  0.967   -0.25964E+21
  0.870  1.000   -0.27216E+22
 
  0.880  0.000   -0.62237E+22
  0.880  0.033    0.60694E+22
  0.880  0.067   -0.30688E+22
  0.880  0.100    0.16506E+21
  0.880  0.133    0.11373E+22
  0.880  0.167   -0.10439E+22
  0.880  0.200    0.47496E+21
  0.880  0.233   -0.66923E+20
  0.880  0.267   -0.12252E+21
  0.880  0.300    0.35300E+21
  0.880  0.333   -0.83747E+21
  0.880  0.367    0.15144E+22
  0.880  0.400   -0.19590E+22
  0.880  0.433    0.14421E+22
  0.880  0.467    0.75276E+21
  0.880  0.500   -0.47161E+22
  0.880  0.533    0.92747E+22
  0.880  0.567   -0.11917E+23
  0.880  0.600    0.98037E+22
  0.880  0.633   -0.16904E+22
  0.880  0.667   -0.10355E+23
  0.880  0.700    0.21024E+23
  0.880  0.733   -0.24331E+23
  0.880  0.767    0.17455E+23
  0.880  0.800   -0.31647E+22
  0.880  0.833   -0.11362E+23
  0.880  0.867    0.18920E+23
  0.880  0.900   -0.16796E+23
  0.880  0.933    0.80503E+22
  0.880  0.967    0.12175E+22
  0.880  1.000   -0.62237E+22
 
  0.890  0.000   -0.13600E+23
  0.890  0.033    0.11552E+23
  0.890  0.067   -0.50091E+22
  0.890  0.100   -0.41827E+21
  0.890  0.133    0.24459E+22
  0.890  0.167   -0.19551E+22
  0.890  0.200    0.80009E+21
  0.890  0.233   -0.33565E+20
  0.890  0.267   -0.40783E+21
  0.890  0.300    0.10673E+22
  0.890  0.333   -0.22486E+22
  0.890  0.367    0.35985E+22
  0.890  0.400   -0.39998E+22
  0.890  0.433    0.18558E+22
  0.890  0.467    0.40341E+22
  0.890  0.500   -0.13111E+23
  0.890  0.533    0.21990E+23
  0.890  0.567   -0.24950E+23
  0.890  0.600    0.16700E+23
  0.890  0.633    0.35081E+22
  0.890  0.667   -0.29182E+23
  0.890  0.700    0.48237E+23
  0.890  0.733   -0.49403E+23
  0.890  0.767    0.29827E+23
  0.890  0.800    0.17537E+22
  0.890  0.833   -0.29531E+23
  0.890  0.867    0.40350E+23
  0.890  0.900   -0.31703E+23
  0.890  0.933    0.12150E+23
  0.890  0.967    0.56823E+22
  0.890  1.000   -0.13600E+23
 
  0.900  0.000   -0.28691E+23
  0.900  0.033    0.21489E+23
  0.900  0.067   -0.77636E+22
  0.900  0.100   -0.21368E+22
  0.900  0.133    0.50866E+22
  0.900  0.167   -0.36083E+22
  0.900  0.200    0.13003E+22
  0.900  0.233    0.19099E+21
  0.900  0.267   -0.12929E+22
  0.900  0.300    0.30568E+22
  0.900  0.333   -0.57569E+22
  0.900  0.367    0.81575E+22
  0.900  0.400   -0.75131E+22
  0.900  0.433    0.54878E+21
  0.900  0.467    0.14321E+23
  0.900  0.500   -0.34171E+23
  0.900  0.533    0.50154E+23
  0.900  0.567   -0.49940E+23
  0.900  0.600    0.24615E+23
  0.900  0.633    0.23122E+23
  0.900  0.667   -0.75633E+23
  0.900  0.700    0.10682E+24
  0.900  0.733   -0.96942E+23
  0.900  0.767    0.46672E+23
  0.900  0.800    0.20525E+23
  0.900  0.833   -0.71460E+23
  0.900  0.867    0.83582E+23
  0.900  0.900   -0.58016E+23
  0.900  0.933    0.16031E+23
  0.900  0.967    0.17251E+23
  0.900  1.000   -0.28691E+23
 
  0.910  0.000   -0.58798E+23
  0.910  0.033    0.39041E+23
  0.910  0.067   -0.11140E+23
  0.910  0.100   -0.64708E+22
  0.910  0.133    0.10304E+23
  0.910  0.167   -0.65534E+22
  0.910  0.200    0.19659E+22
  0.910  0.233    0.10813E+22
  0.910  0.267   -0.39027E+22
  0.910  0.300    0.83450E+22
  0.910  0.333   -0.14105E+23
  0.910  0.367    0.17560E+23
  0.910  0.400   -0.12350E+23
  0.910  0.433   -0.77145E+22
  0.910  0.467    0.43416E+23
  0.910  0.500   -0.84766E+23
  0.910  0.533    0.11021E+24
  0.910  0.567   -0.94674E+23
  0.910  0.600    0.25511E+23
  0.910  0.633    0.82375E+23
  0.910  0.667   -0.18511E+24
  0.910  0.700    0.22908E+24
  0.910  0.733   -0.18311E+24
  0.910  0.767    0.62360E+23
  0.910  0.800    0.75715E+23
  0.910  0.833   -0.16449E+24
  0.910  0.867    0.16854E+24
  0.910  0.900   -0.10244E+24
  0.910  0.933    0.15298E+23
  0.910  0.967    0.44817E+23
  0.910  1.000   -0.58798E+23
 
  0.920  0.000   -0.11750E+24
  0.920  0.033    0.69149E+23
  0.920  0.067   -0.13941E+23
  0.920  0.100   -0.16535E+23
  0.920  0.133    0.20418E+23
  0.920  0.167   -0.11665E+23
  0.920  0.200    0.24966E+22
  0.920  0.233    0.40718E+22
  0.920  0.267   -0.11251E+23
  0.920  0.300    0.21815E+23
  0.920  0.333   -0.33105E+23
  0.920  0.367    0.35506E+23
  0.920  0.400   -0.15132E+23
  0.920  0.433   -0.38393E+23
  0.920  0.467    0.12033E+24
  0.920  0.500   -0.20175E+24
  0.920  0.533    0.23314E+24
  0.920  0.567   -0.16678E+24
  0.920  0.600   -0.86068E+22
  0.920  0.633    0.24286E+24
  0.920  0.667   -0.43362E+24
  0.920  0.700    0.47639E+24
  0.920  0.733   -0.33039E+24
  0.920  0.767    0.54346E+23
  0.920  0.800    0.21984E+24
  0.920  0.833   -0.36430E+24
  0.920  0.867    0.33113E+24
  0.920  0.900   -0.17309E+24
  0.920  0.933   -0.24127E+22
  0.920  0.967    0.10699E+24
  0.920  1.000   -0.11750E+24
 
  0.930  0.000   -0.22949E+24
  0.930  0.033    0.11900E+24
  0.930  0.067   -0.12384E+23
  0.930  0.100   -0.38707E+23
  0.930  0.133    0.39667E+23
  0.930  0.167   -0.20162E+23
  0.930  0.200    0.15515E+22
  0.930  0.233    0.13266E+23
  0.930  0.267   -0.31091E+23
  0.930  0.300    0.54767E+23
  0.930  0.333   -0.74271E+23
  0.930  0.367    0.65888E+23
  0.930  0.400   -0.11748E+22
  0.930  0.433   -0.13362E+24
  0.930  0.467    0.31357E+24
  0.930  0.500   -0.46269E+24
  0.930  0.533    0.47310E+24
  0.930  0.567   -0.26169E+24
  0.930  0.600   -0.15949E+24
  0.930  0.633    0.64875E+24
  0.930  0.667   -0.97962E+24
  0.930  0.700    0.96046E+24
  0.930  0.733   -0.56123E+24
  0.930  0.767   -0.44947E+23
  0.930  0.800    0.57032E+24
  0.930  0.833   -0.78156E+24
  0.930  0.867    0.63366E+24
  0.930  0.900   -0.27549E+24
  0.930  0.933   -0.68052E+23
  0.930  0.967    0.24168E+24
  0.930  1.000   -0.22949E+24
 
  0.940  0.000   -0.43859E+24
  0.940  0.033    0.19784E+24
  0.940  0.067    0.34093E+22
  0.940  0.100   -0.85732E+23
  0.940  0.133    0.75565E+23
  0.940  0.167   -0.33190E+23
  0.940  0.200   -0.54770E+22
  0.940  0.233    0.39880E+23
  0.940  0.267   -0.82607E+23
  0.940  0.300    0.13219E+24
  0.940  0.333   -0.15837E+24
  0.940  0.367    0.10613E+24
  0.940  0.400    0.78295E+23
  0.940  0.433   -0.40194E+24
  0.940  0.467    0.77933E+24
  0.940  0.500   -0.10242E+25
  0.940  0.533    0.91397E+24
  0.940  0.567   -0.32301E+24
  0.940  0.600   -0.64443E+24
  0.940  0.633    0.16258E+25
  0.940  0.667   -0.21437E+25
  0.940  0.700    0.18735E+25
  0.940  0.733   -0.87101E+24
  0.940  0.767   -0.41411E+24
  0.940  0.800    0.13814E+25
  0.940  0.833   -0.16307E+25
  0.940  0.867    0.11792E+25
  0.940  0.900   -0.39996E+24
  0.940  0.933   -0.25389E+24
  0.940  0.967    0.52438E+24
  0.940  1.000   -0.43859E+24
 
  0.950  0.000   -0.82045E+24
  0.950  0.033    0.31449E+24
  0.950  0.067    0.56894E+23
  0.950  0.100   -0.18251E+24
  0.950  0.133    0.14082E+24
  0.950  0.167   -0.49818E+23
  0.950  0.200   -0.32691E+23
  0.950  0.233    0.11337E+24
  0.950  0.267   -0.21148E+24
  0.950  0.300    0.30652E+24
  0.950  0.333   -0.31706E+24
  0.950  0.367    0.12283E+24
  0.950  0.400    0.36644E+24
  0.950  0.433   -0.11107E+25
  0.950  0.467    0.18614E+25
  0.950  0.500   -0.21870E+25
  0.950  0.533    0.16562E+25
  0.950  0.567   -0.13016E+24
  0.950  0.600   -0.20066E+25
  0.950  0.633    0.38874E+25
  0.950  0.667   -0.45540E+25
  0.950  0.700    0.35202E+25
  0.950  0.733   -0.11451E+25
  0.950  0.767   -0.14914E+25
  0.950  0.800    0.31887E+25
  0.950  0.833   -0.33166E+25
  0.950  0.867    0.21266E+25
  0.950  0.900   -0.48760E+24
  0.950  0.933   -0.72085E+24
  0.950  0.967    0.11022E+25
  0.950  1.000   -0.82045E+24
 
  0.960  0.000   -0.15014E+25
  0.960  0.033    0.46905E+24
  0.960  0.067    0.20054E+24
  0.960  0.100   -0.37651E+24
  0.960  0.133    0.25520E+24
  0.960  0.167   -0.60094E+23
  0.960  0.200   -0.12033E+24
  0.960  0.233    0.30829E+24
  0.960  0.267   -0.52229E+24
  0.960  0.300    0.68068E+24
  0.960  0.333   -0.58099E+24
  0.960  0.367   -0.23342E+23
  0.960  0.400    0.12527E+25
  0.960  0.433   -0.28940E+25
  0.960  0.467    0.42905E+25
  0.960  0.500   -0.44930E+25
  0.960  0.533    0.27280E+25
  0.960  0.567    0.99568E+24
  0.960  0.600   -0.55430E+25
  0.960  0.633    0.89523E+25
  0.960  0.667   -0.93985E+25
  0.960  0.700    0.63194E+25
  0.960  0.733   -0.93738E+24
  0.960  0.767   -0.42995E+25
  0.960  0.800    0.70919E+25
  0.960  0.833   -0.65825E+25
  0.960  0.867    0.36952E+25
  0.960  0.900   -0.34765E+24
  0.960  0.933   -0.18147E+25
  0.960  0.967    0.22557E+25
  0.960  1.000   -0.15014E+25
 
  0.970  0.000   -0.26837E+25
  0.970  0.033    0.63016E+24
  0.970  0.067    0.54676E+24
  0.970  0.100   -0.75553E+24
  0.970  0.133    0.44437E+24
  0.970  0.167   -0.23953E+23
  0.970  0.200   -0.37750E+24
  0.970  0.233    0.80663E+24
  0.970  0.267   -0.12441E+25
  0.970  0.300    0.14377E+25
  0.970  0.333   -0.91559E+24
  0.970  0.367   -0.78898E+24
  0.970  0.400    0.37407E+25
  0.970  0.433   -0.72047E+25
  0.970  0.467    0.95606E+25
  0.970  0.500   -0.88255E+25
  0.970  0.533    0.37673E+25
  0.970  0.567    0.49189E+25
  0.970  0.600   -0.14240E+26
  0.970  0.633    0.19963E+26
  0.970  0.667   -0.18829E+26
  0.970  0.700    0.10673E+26
  0.970  0.733    0.10799E+25
  0.970  0.767   -0.11134E+26
  0.970  0.800    0.15297E+26
  0.970  0.833   -0.12749E+26
  0.970  0.867    0.61208E+25
  0.970  0.900    0.53256E+24
  0.970  0.933   -0.42569E+25
  0.970  0.967    0.45100E+25
  0.970  1.000   -0.26837E+25
 
  0.980  0.000   -0.46720E+25
  0.980  0.033    0.68019E+24
  0.980  0.067    0.13281E+25
  0.980  0.100   -0.14755E+25
  0.980  0.133    0.72537E+24
  0.980  0.167    0.18817E+24
  0.980  0.200   -0.10880E+25
  0.980  0.233    0.20371E+25
  0.980  0.267   -0.28531E+25
  0.980  0.300    0.28496E+25
  0.980  0.333   -0.99155E+24
  0.980  0.367   -0.35068E+25
  0.980  0.400    0.10308E+26
  0.980  0.433   -0.17264E+26
  0.980  0.467    0.20592E+26
  0.980  0.500   -0.16381E+26
  0.980  0.533    0.30764E+25
  0.980  0.567    0.16414E+26
  0.980  0.600   -0.34762E+26
  0.980  0.633    0.43238E+26
  0.980  0.667   -0.36531E+26
  0.980  0.700    0.16430E+26
  0.980  0.733    0.84085E+25
  0.980  0.767   -0.26993E+26
  0.980  0.800    0.32124E+26
  0.980  0.833   -0.24071E+26
  0.980  0.867    0.94738E+25
  0.980  0.900    0.34062E+25
  0.980  0.933   -0.95170E+25
  0.980  0.967    0.88262E+25
  0.980  1.000   -0.46720E+25
 
  0.990  0.000   -0.78833E+25
  0.990  0.033    0.29143E+24
  0.990  0.067    0.30103E+25
  0.990  0.100   -0.27960E+25
  0.990  0.133    0.10477E+25
  0.990  0.167    0.95386E+24
  0.990  0.200   -0.29630E+25
  0.990  0.233    0.49712E+25
  0.990  0.267   -0.62748E+25
  0.990  0.300    0.51544E+25
  0.990  0.333    0.51761E+24
  0.990  0.367   -0.11796E+26
  0.990  0.400    0.26851E+26
  0.990  0.433   -0.39977E+26
  0.990  0.467    0.42776E+26
  0.990  0.500   -0.28056E+26
  0.990  0.533   -0.49263E+25
  0.990  0.567    0.47120E+26
  0.990  0.600   -0.81562E+26
  0.990  0.633    0.91099E+26
  0.990  0.667   -0.68307E+26
  0.990  0.700    0.21242E+26
  0.990  0.733    0.29649E+26
  0.990  0.767   -0.62463E+26
  0.990  0.800    0.65841E+26
  0.990  0.833   -0.44198E+26
  0.990  0.867    0.13114E+26
  0.990  0.900    0.11160E+26
  0.990  0.933   -0.20523E+26
  0.990  0.967    0.16925E+26
  0.990  1.000   -0.78833E+25
 
  1.000  0.000   -0.12788E+26
  1.000  0.033   -0.13399E+25
  1.000  0.067    0.64941E+25
  1.000  0.100   -0.51022E+25
  1.000  0.133    0.11040E+25
  1.000  0.167    0.33040E+25
  1.000  0.200   -0.77235E+25
  1.000  0.233    0.11719E+26
  1.000  0.267   -0.13132E+26
  1.000  0.300    0.79364E+25
  1.000  0.333    0.79056E+25
  1.000  0.367   -0.34984E+26
  1.000  0.400    0.66948E+26
  1.000  0.433   -0.89630E+26
  1.000  0.467    0.85275E+26
  1.000  0.500   -0.41933E+26
  1.000  0.533   -0.36154E+26
  1.000  0.567    0.12433E+27
  1.000  0.600   -0.18516E+27
  1.000  0.633    0.18674E+27
  1.000  0.667   -0.12204E+27
  1.000  0.700    0.16198E+26
  1.000  0.733    0.84917E+26
  1.000  0.767   -0.13945E+27
  1.000  0.800    0.13186E+27
  1.000  0.833   -0.78586E+26
  1.000  0.867    0.14287E+26
  1.000  0.900    0.30170E+26
  1.000  0.933   -0.42992E+26
  1.000  0.967    0.31810E+26
  1.000  1.000   -0.12788E+26
 
  1.000  0.000   -0.12788E+26
  1.000  0.033   -0.13399E+25
  1.000  0.067    0.64941E+25
  1.000  0.100   -0.51022E+25
  1.000  0.133    0.11040E+25
  1.000  0.167    0.33040E+25
  1.000  0.200   -0.77235E+25
  1.000  0.233    0.11719E+26
  1.000  0.267   -0.13132E+26
  1.000  0.300    0.79364E+25
  1.000  0.333    0.79056E+25
  1.000  0.367   -0.34984E+26
  1.000  0.400    0.66948E+26
  1.000  0.433   -0.89630E+26
  1.000  0.467    0.85275E+26
  1.000  0.500   -0.41933E+26
  1.000  0.533   -0.36154E+26
  1.000  0.567    0.12433E+27
  1.000  0.600   -0.18516E+27
  1.000  0.633    0.18674E+27
  1.000  0.667   -0.12204E+27
  1.000  0.700    0.16198E+26
  1.000  0.733    0.84917E+26
  1.000  0.767   -0.13945E+27
  1.000  0.800    0.13186E+27
  1.000  0.833   -0.78586E+26
  1.000  0.867    0.14287E+26
  1.000  0.900    0.30170E+26
  1.000  0.933   -0.42992E+26
  1.000  0.967    0.31810E+26
  1.000  1.000   -0.12788E+26
