  0.000  0.000    0.13888E-10
  0.000  0.033    0.34836E-09
  0.000  0.067    0.69970E-08
  0.000  0.100    0.11254E-06
  0.000  0.133    0.14493E-05
  0.000  0.167    0.14945E-04
  0.000  0.200    0.12341E-03
  0.000  0.233    0.81599E-03
  0.000  0.267    0.43202E-02
  0.000  0.300    0.18316E-01
  0.000  0.333    0.62177E-01
  0.000  0.367    0.16901E+00
  0.000  0.400    0.36788E+00
  0.000  0.433    0.64118E+00
  0.000  0.467    0.89484E+00
  0.000  0.500    0.10000E+01
  0.000  0.533    0.89484E+00
  0.000  0.567    0.64118E+00
  0.000  0.600    0.36788E+00
  0.000  0.633    0.16901E+00
  0.000  0.667    0.62177E-01
  0.000  0.700    0.18316E-01
  0.000  0.733    0.43202E-02
  0.000  0.767    0.81599E-03
  0.000  0.800    0.12341E-03
  0.000  0.833    0.14945E-04
  0.000  0.867    0.14493E-05
  0.000  0.900    0.11254E-06
  0.000  0.933    0.69970E-08
  0.000  0.967    0.34836E-09
  0.000  1.000    0.13888E-10

  0.010  0.000   -0.18680E-09
  0.010  0.033   -0.36408E-08
  0.010  0.067   -0.56326E-07
  0.010  0.100   -0.68951E-06
  0.010  0.133   -0.66484E-05
  0.010  0.167   -0.50133E-04
  0.010  0.200   -0.29214E-03
  0.010  0.233   -0.12866E-02
  0.010  0.267   -0.40770E-02
  0.010  0.300   -0.80009E-02
  0.010  0.333   -0.19256E-02
  0.010  0.367    0.49694E-01
  0.010  0.400    0.20390E+00
  0.010  0.433    0.48899E+00
  0.010  0.467    0.83174E+00
  0.010  0.500    0.10631E+01
  0.010  0.533    0.10470E+01
  0.010  0.567    0.80516E+00
  0.010  0.600    0.48720E+00
  0.010  0.633    0.23312E+00
  0.010  0.667    0.88493E-01
  0.010  0.700    0.26713E-01
  0.010  0.733    0.64228E-02
  0.010  0.767    0.12315E-02
  0.010  0.800    0.18849E-03
  0.010  0.833    0.23043E-04
  0.010  0.867    0.22513E-05
  0.010  0.900    0.17586E-06
  0.010  0.933    0.10986E-07
  0.010  0.967    0.54905E-09
  0.010  1.000    0.13888E-10
 
  0.020  0.000    0.18856E-08
  0.020  0.033    0.27970E-07
  0.020  0.067    0.32359E-06
  0.020  0.100    0.28858E-05
  0.020  0.133    0.19443E-04
  0.020  0.167    0.95069E-04
  0.020  0.200    0.30452E-03
  0.020  0.233    0.38770E-03
  0.020  0.267   -0.17227E-02
  0.020  0.300   -0.11646E-01
  0.020  0.333   -0.32897E-01
  0.020  0.367   -0.42829E-01
  0.020  0.400    0.32847E-01
  0.020  0.433    0.28333E+00
  0.020  0.467    0.69293E+00
  0.020  0.500    0.10727E+01
  0.020  0.533    0.11922E+01
  0.020  0.567    0.99594E+00
  0.020  0.600    0.63965E+00
  0.020  0.633    0.31989E+00
  0.020  0.667    0.12556E+00
  0.020  0.700    0.38887E-01
  0.020  0.733    0.95375E-02
  0.020  0.767    0.18574E-02
  0.020  0.800    0.28776E-03
  0.020  0.833    0.35518E-04
  0.020  0.867    0.34966E-05
  0.020  0.900    0.27478E-06
  0.020  0.933    0.17249E-07
  0.020  0.967    0.87014E-09
  0.020  1.000    0.13430E-09
 
  0.030  0.000   -0.13765E-07
  0.030  0.033   -0.14940E-06
  0.030  0.067   -0.12137E-05
  0.030  0.100   -0.70483E-05
  0.030  0.133   -0.25933E-04
  0.030  0.167   -0.30601E-04
  0.030  0.200    0.25461E-03
  0.030  0.233    0.16539E-02
  0.030  0.267    0.42314E-02
  0.030  0.300    0.11045E-02
  0.030  0.333   -0.26938E-01
  0.030  0.367   -0.88236E-01
  0.030  0.400   -0.11744E+00
  0.030  0.433    0.37570E-01
  0.030  0.467    0.46505E+00
  0.030  0.500    0.10011E+01
  0.030  0.533    0.13099E+01
  0.030  0.567    0.12097E+01
  0.030  0.600    0.83151E+00
  0.030  0.633    0.43649E+00
  0.030  0.667    0.17757E+00
  0.030  0.700    0.56497E-01
  0.030  0.733    0.14146E-01
  0.030  0.767    0.27991E-02
  0.030  0.800    0.43910E-03
  0.030  0.833    0.54731E-04
  0.030  0.867    0.54297E-05
  0.030  0.900    0.42930E-06
  0.030  0.933    0.27076E-07
  0.030  0.967    0.13116E-08
  0.030  1.000   -0.91650E-09
 
  0.040  0.000    0.67615E-07
  0.040  0.033    0.48921E-06
  0.040  0.067    0.22870E-05
  0.040  0.100    0.42826E-05
  0.040  0.133   -0.23132E-04
  0.040  0.167   -0.20173E-03
  0.040  0.200   -0.58497E-03
  0.040  0.233    0.10743E-03
  0.040  0.267    0.61075E-02
  0.040  0.300    0.17930E-01
  0.040  0.333    0.98411E-02
  0.040  0.367   -0.70711E-01
  0.040  0.400   -0.21045E+00
  0.040  0.433   -0.21892E+00
  0.040  0.467    0.14343E+00
  0.040  0.500    0.81579E+00
  0.040  0.533    0.13700E+01
  0.040  0.567    0.14366E+01
  0.040  0.600    0.10685E+01
  0.040  0.633    0.59184E+00
  0.040  0.667    0.25021E+00
  0.040  0.700    0.81907E-01
  0.040  0.733    0.20954E-01
  0.040  0.767    0.42151E-02
  0.040  0.800    0.66972E-03
  0.040  0.833    0.84311E-04
  0.040  0.867    0.84299E-05
  0.040  0.900    0.67064E-06
  0.040  0.933    0.42534E-07
  0.040  0.967    0.26485E-08
  0.040  1.000    0.67926E-08
 
  0.050  0.000   -0.18534E-06
  0.050  0.033   -0.58947E-06
  0.050  0.067    0.10897E-05
  0.050  0.100    0.20732E-04
  0.050  0.133    0.84025E-04
  0.050  0.167    0.28220E-04
  0.050  0.200   -0.10004E-02
  0.050  0.233   -0.34926E-02
  0.050  0.267   -0.98578E-03
  0.050  0.300    0.22783E-01
  0.050  0.333    0.58173E-01
  0.050  0.367    0.13132E-01
  0.050  0.400   -0.20537E+00
  0.050  0.433   -0.43633E+00
  0.050  0.467   -0.25998E+00
  0.050  0.500    0.48326E+00
  0.050  0.533    0.13300E+01
  0.050  0.567    0.16575E+01
  0.050  0.600    0.13545E+01
  0.050  0.633    0.79682E+00
  0.050  0.667    0.35119E+00
  0.050  0.700    0.11848E+00
  0.050  0.733    0.30997E-01
  0.050  0.767    0.63424E-02
  0.050  0.800    0.10210E-02
  0.050  0.833    0.12984E-03
  0.050  0.867    0.13086E-04
  0.050  0.900    0.10475E-05
  0.050  0.933    0.66465E-07
  0.050  0.967    0.16208E-09
  0.050  1.000   -0.29701E-07
 
  0.060  0.000    0.57138E-07
  0.060  0.033   -0.15969E-05
  0.060  0.067   -0.10695E-04
  0.060  0.100   -0.17245E-04
  0.060  0.133    0.11751E-03
  0.060  0.167    0.64540E-03
  0.060  0.200    0.49491E-03
  0.060  0.233   -0.49967E-02
  0.060  0.267   -0.15247E-01
  0.060  0.300    0.15491E-02
  0.060  0.333    0.85197E-01
  0.060  0.367    0.14423E+00
  0.060  0.400   -0.66796E-01
  0.060  0.433   -0.54213E+00
  0.060  0.467   -0.70593E+00
  0.060  0.500   -0.24788E-01
  0.060  0.533    0.11335E+01
  0.060  0.567    0.18393E+01
  0.060  0.600    0.16892E+01
  0.060  0.633    0.10642E+01
  0.060  0.667    0.49081E+00
  0.060  0.700    0.17097E+00
  0.060  0.733    0.45789E-01
  0.060  0.767    0.95353E-02
  0.060  0.800    0.15556E-02
  0.060  0.833    0.19989E-03
  0.060  0.867    0.20308E-04
  0.060  0.900    0.16361E-05
  0.060  0.933    0.10625E-06
  0.060  0.967    0.18080E-07
  0.060  1.000    0.63682E-07
 
  0.070  0.000    0.10496E-05
  0.070  0.033    0.38622E-05
  0.070  0.067   -0.67660E-05
  0.070  0.100   -0.98096E-04
  0.070  0.133   -0.19923E-03
  0.070  0.167    0.73569E-03
  0.070  0.200    0.37899E-02
  0.070  0.233    0.11534E-02
  0.070  0.267   -0.25325E-01
  0.070  0.300   -0.48639E-01
  0.070  0.333    0.49774E-01
  0.070  0.367    0.27085E+00
  0.070  0.400    0.21841E+00
  0.070  0.433   -0.44385E+00
  0.070  0.467   -0.11146E+01
  0.070  0.500   -0.71978E+00
  0.070  0.533    0.71007E+00
  0.070  0.567    0.19294E+01
  0.070  0.600    0.20641E+01
  0.070  0.633    0.14082E+01
  0.070  0.667    0.68272E+00
  0.070  0.700    0.24608E+00
  0.070  0.733    0.67542E-01
  0.070  0.767    0.14323E-01
  0.070  0.800    0.23691E-02
  0.070  0.833    0.30764E-03
  0.070  0.867    0.31512E-04
  0.070  0.900    0.25540E-05
  0.070  0.933    0.15915E-06
  0.070  0.967   -0.92815E-08
  0.070  1.000    0.67609E-07
 
  0.080  0.000   -0.63798E-06
  0.080  0.033    0.10239E-04
  0.080  0.067    0.48032E-04
  0.080  0.100   -0.37417E-04
  0.080  0.133   -0.76018E-03
  0.080  0.167   -0.10968E-02
  0.080  0.200    0.53718E-02
  0.080  0.233    0.17040E-01
  0.080  0.267   -0.11336E-01
  0.080  0.300   -0.10769E+00
  0.080  0.333   -0.82872E-01
  0.080  0.367    0.30232E+00
  0.080  0.400    0.61576E+00
  0.080  0.433   -0.41396E-01
  0.080  0.467   -0.13515E+01
  0.080  0.500   -0.15777E+01
  0.080  0.533   -0.21517E-01
  0.080  0.567    0.18485E+01
  0.080  0.600    0.24577E+01
  0.080  0.633    0.18435E+01
  0.080  0.667    0.94470E+00
  0.080  0.700    0.35320E+00
  0.080  0.733    0.99473E-01
  0.080  0.767    0.21495E-01
  0.080  0.800    0.36059E-02
  0.080  0.833    0.47332E-03
  0.080  0.867    0.48886E-04
  0.080  0.900    0.39910E-05
  0.080  0.933    0.26021E-06
  0.080  0.967   -0.55416E-07
  0.080  1.000   -0.52158E-06
 
  0.090  0.000   -0.71642E-05
  0.090  0.033   -0.12437E-04
  0.090  0.067    0.99301E-04
  0.090  0.100    0.39624E-03
  0.090  0.133   -0.55819E-03
  0.090  0.167   -0.49780E-02
  0.090  0.200   -0.16292E-02
  0.090  0.233    0.34066E-01
  0.090  0.267    0.46475E-01
  0.090  0.300   -0.12258E+00
  0.090  0.333   -0.31399E+00
  0.090  0.367    0.11425E+00
  0.090  0.400    0.10101E+01
  0.090  0.433    0.74468E+00
  0.090  0.467   -0.12158E+01
  0.090  0.500   -0.25114E+01
  0.090  0.533   -0.11435E+01
  0.090  0.567    0.14830E+01
  0.090  0.600    0.28262E+01
  0.090  0.633    0.23828E+01
  0.090  0.667    0.12996E+01
  0.090  0.700    0.50543E+00
  0.090  0.733    0.14626E+00
  0.090  0.767    0.32229E-01
  0.090  0.800    0.54855E-02
  0.090  0.833    0.72799E-03
  0.090  0.867    0.75823E-04
  0.090  0.900    0.62294E-05
  0.090  0.933    0.44958E-06
  0.090  0.967    0.22428E-06
  0.090  1.000   -0.45174E-06
 
  0.100  0.000   -0.40008E-05
  0.100  0.033   -0.79479E-04
  0.100  0.067   -0.78863E-04
  0.100  0.100    0.96890E-03
  0.100  0.133    0.20937E-02
  0.100  0.167   -0.69873E-02
  0.100  0.200   -0.23046E-01
  0.100  0.233    0.26620E-01
  0.100  0.267    0.14791E+00
  0.100  0.300   -0.77327E-02
  0.100  0.333   -0.57093E+00
  0.100  0.367   -0.42324E+00
  0.100  0.400    0.11693E+01
  0.100  0.433    0.19210E+01
  0.100  0.467   -0.43850E+00
  0.100  0.500   -0.33321E+01
  0.100  0.533   -0.27195E+01
  0.100  0.567    0.67715E+00
  0.100  0.600    0.30922E+01
  0.100  0.633    0.30327E+01
  0.100  0.667    0.17761E+01
  0.100  0.700    0.72094E+00
  0.100  0.733    0.21468E+00
  0.100  0.767    0.48275E-01
  0.100  0.800    0.83400E-02
  0.100  0.833    0.11193E-02
  0.100  0.867    0.11758E-03
  0.100  0.900    0.96973E-05
  0.100  0.933    0.58476E-06
  0.100  0.967    0.62989E-06
  0.100  1.000    0.35758E-05
 
  0.110  0.000    0.41286E-04
  0.110  0.033   -0.79849E-04
  0.110  0.067   -0.70752E-03
  0.110  0.100    0.29401E-03
  0.110  0.133    0.75423E-02
  0.110  0.167    0.26480E-02
  0.110  0.200   -0.52846E-01
  0.110  0.233   -0.46152E-01
  0.110  0.267    0.24129E+00
  0.110  0.300    0.33018E+00
  0.110  0.333   -0.65954E+00
  0.110  0.367   -0.13787E+01
  0.110  0.400    0.71827E+00
  0.110  0.433    0.33367E+01
  0.110  0.467    0.12977E+01
  0.110  0.500   -0.36996E+01
  0.110  0.533   -0.47575E+01
  0.110  0.567   -0.77187E+00
  0.110  0.600    0.31278E+01
  0.110  0.633    0.37867E+01
  0.110  0.667    0.24092E+01
  0.110  0.700    0.10247E+01
  0.110  0.733    0.31452E+00
  0.110  0.767    0.72236E-01
  0.110  0.800    0.12673E-01
  0.110  0.833    0.17203E-02
  0.110  0.867    0.18231E-03
  0.110  0.900    0.15165E-04
  0.110  0.933    0.55768E-06
  0.110  0.967   -0.11376E-05
  0.110  1.000    0.81217E-05
 
  0.120  0.000    0.11397E-03
  0.120  0.033    0.29675E-03
  0.120  0.067   -0.13084E-02
  0.120  0.100   -0.40550E-02
  0.120  0.133    0.10479E-01
  0.120  0.167    0.35944E-01
  0.120  0.200   -0.56862E-01
  0.120  0.233   -0.21862E+00
  0.120  0.267    0.18796E+00
  0.120  0.300    0.92402E+00
  0.120  0.333   -0.22802E+00
  0.120  0.367   -0.26370E+01
  0.120  0.400   -0.85278E+00
  0.120  0.433    0.45601E+01
  0.120  0.467    0.42960E+01
  0.120  0.500   -0.30650E+01
  0.120  0.533   -0.71488E+01
  0.120  0.567   -0.31117E+01
  0.120  0.600    0.27325E+01
  0.120  0.633    0.46132E+01
  0.120  0.667    0.32399E+01
  0.120  0.700    0.14508E+01
  0.120  0.733    0.45989E+00
  0.120  0.767    0.10797E+00
  0.120  0.800    0.19244E-01
  0.120  0.833    0.26431E-02
  0.120  0.867    0.28260E-03
  0.120  0.900    0.23929E-04
  0.120  0.933    0.15749E-05
  0.120  0.967   -0.66932E-05
  0.120  1.000   -0.11777E-04
 
  0.130  0.000    0.42963E-05
  0.130  0.033    0.12599E-02
  0.130  0.067    0.33948E-03
  0.130  0.100   -0.12775E-01
  0.130  0.133   -0.48004E-02
  0.130  0.167    0.91628E-01
  0.130  0.200    0.40191E-01
  0.130  0.233   -0.46256E+00
  0.130  0.267   -0.25368E+00
  0.130  0.300    0.16152E+01
  0.130  0.333    0.12173E+01
  0.130  0.367   -0.37075E+01
  0.130  0.400   -0.41005E+01
  0.130  0.433    0.47185E+01
  0.130  0.467    0.87126E+01
  0.130  0.500   -0.61465E+00
  0.130  0.533   -0.95711E+01
  0.130  0.567   -0.66182E+01
  0.130  0.600    0.16041E+01
  0.130  0.633    0.54372E+01
  0.130  0.667    0.43134E+01
  0.130  0.700    0.20453E+01
  0.130  0.733    0.67103E+00
  0.130  0.767    0.16121E+00
  0.130  0.800    0.29204E-01
  0.130  0.833    0.40594E-02
  0.130  0.867    0.43780E-03
  0.130  0.900    0.37342E-04
  0.130  0.933    0.65357E-05
  0.130  0.967   -0.36429E-05
  0.130  1.000   -0.87224E-04
 
  0.140  0.000   -0.74905E-03
  0.140  0.033    0.18121E-02
  0.140  0.067    0.82084E-02
  0.140  0.100   -0.17560E-01
  0.140  0.133   -0.62658E-01
  0.140  0.167    0.12249E+00
  0.140  0.200    0.34184E+00
  0.140  0.233   -0.58789E+00
  0.140  0.267   -0.13750E+01
  0.140  0.300    0.18540E+01
  0.140  0.333    0.41722E+01
  0.140  0.367   -0.34716E+01
  0.140  0.400   -0.93919E+01
  0.140  0.433    0.23221E+01
  0.140  0.467    0.14309E+02
  0.140  0.500    0.47592E+01
  0.140  0.533   -0.11343E+02
  0.140  0.567   -0.11552E+02
  0.140  0.600   -0.69571E+00
  0.140  0.633    0.61114E+01
  0.140  0.667    0.56742E+01
  0.140  0.700    0.28699E+01
  0.140  0.733    0.97693E+00
  0.140  0.767    0.24042E+00
  0.140  0.800    0.44291E-01
  0.140  0.833    0.62324E-02
  0.140  0.867    0.67807E-03
  0.140  0.900    0.55825E-04
  0.140  0.933    0.12643E-04
  0.140  0.967    0.46506E-04
  0.140  1.000   -0.14214E-03
 
  0.150  0.000   -0.22857E-02
  0.150  0.033   -0.20256E-02
  0.150  0.067    0.23670E-01
  0.150  0.100    0.94982E-02
  0.150  0.133   -0.17375E+00
  0.150  0.167   -0.91211E-02
  0.150  0.200    0.89968E+00
  0.150  0.233   -0.11560E+00
  0.150  0.267   -0.33124E+01
  0.150  0.300    0.46303E+00
  0.150  0.333    0.87585E+01
  0.150  0.367    0.80538E-01
  0.150  0.400   -0.16420E+02
  0.150  0.433   -0.48701E+01
  0.150  0.467    0.20039E+02
  0.150  0.500    0.14420E+02
  0.150  0.533   -0.11217E+02
  0.150  0.567   -0.18065E+02
  0.150  0.600   -0.47800E+01
  0.150  0.633    0.63738E+01
  0.150  0.667    0.73568E+01
  0.150  0.700    0.40057E+01
  0.150  0.733    0.14188E+01
  0.150  0.767    0.35809E+00
  0.150  0.800    0.67126E-01
  0.150  0.833    0.95650E-02
  0.150  0.867    0.10514E-02
  0.150  0.900    0.81735E-04
  0.150  0.933   -0.76748E-05
  0.150  0.967    0.15969E-03
  0.150  1.000    0.22201E-03
 
  0.160  0.000   -0.24418E-02
  0.160  0.033   -0.17443E-01
  0.160  0.067    0.32172E-01
  0.160  0.100    0.11945E+00
  0.160  0.133   -0.27252E+00
  0.160  0.167   -0.55440E+00
  0.160  0.200    0.15089E+01
  0.160  0.233    0.18025E+01
  0.160  0.267   -0.55777E+01
  0.160  0.300   -0.45143E+01
  0.160  0.333    0.13965E+02
  0.160  0.367    0.99811E+01
  0.160  0.400   -0.23350E+02
  0.160  0.433   -0.19815E+02
  0.160  0.467    0.23410E+02
  0.160  0.500    0.29803E+02
  0.160  0.533   -0.71087E+01
  0.160  0.567   -0.26036E+02
  0.160  0.600   -0.11472E+02
  0.160  0.633    0.57839E+01
  0.160  0.667    0.93675E+01
  0.160  0.700    0.55579E+01
  0.160  0.733    0.20553E+01
  0.160  0.767    0.53268E+00
  0.160  0.800    0.10166E+00
  0.160  0.833    0.14673E-01
  0.160  0.867    0.16332E-02
  0.160  0.900    0.13538E-03
  0.160  0.933   -0.10809E-03
  0.160  0.967    0.12230E-03
  0.160  1.000    0.17267E-02
 
  0.170  0.000    0.65588E-02
  0.170  0.033   -0.47212E-01
  0.170  0.067   -0.20192E-01
  0.170  0.100    0.35463E+00
  0.170  0.133   -0.10339E+00
  0.170  0.167   -0.17924E+01
  0.170  0.200    0.13327E+01
  0.170  0.233    0.62306E+01
  0.170  0.267   -0.62158E+01
  0.170  0.300   -0.15602E+02
  0.170  0.333    0.16356E+02
  0.170  0.367    0.29980E+02
  0.170  0.400   -0.25471E+02
  0.170  0.433   -0.45751E+02
  0.170  0.467    0.19574E+02
  0.170  0.500    0.51950E+02
  0.170  0.533    0.42478E+01
  0.170  0.567   -0.34775E+02
  0.170  0.600   -0.21826E+02
  0.170  0.633    0.36338E+01
  0.170  0.667    0.11653E+02
  0.170  0.700    0.76594E+01
  0.170  0.733    0.29688E+01
  0.170  0.767    0.79128E+00
  0.170  0.800    0.15386E+00
  0.170  0.833    0.22497E-01
  0.170  0.867    0.25319E-02
  0.170  0.900    0.28147E-03
  0.170  0.933   -0.24633E-03
  0.170  0.967   -0.84032E-03
  0.170  1.000    0.42277E-02
 
  0.180  0.000    0.38821E-01
  0.180  0.033   -0.63424E-01
  0.180  0.067   -0.24508E+00
  0.180  0.100    0.62944E+00
  0.180  0.133    0.90999E+00
  0.180  0.167   -0.36674E+01
  0.180  0.200   -0.16061E+01
  0.180  0.233    0.13699E+02
  0.180  0.267   -0.58403E+00
  0.180  0.300   -0.34777E+02
  0.180  0.333    0.81815E+01
  0.180  0.367    0.63251E+02
  0.180  0.400   -0.13304E+02
  0.180  0.433   -0.84946E+02
  0.180  0.467    0.14832E+00
  0.180  0.500    0.80572E+02
  0.180  0.533    0.27661E+02
  0.180  0.567   -0.42544E+02
  0.180  0.600   -0.37102E+02
  0.180  0.633   -0.11778E+01
  0.180  0.667    0.14049E+02
  0.180  0.700    0.10474E+02
  0.180  0.733    0.42754E+01
  0.180  0.767    0.11737E+01
  0.180  0.800    0.23267E+00
  0.180  0.833    0.34476E-01
  0.180  0.867    0.38822E-02
  0.180  0.900    0.59814E-03
  0.180  0.933    0.11006E-03
  0.180  0.967   -0.38812E-02
  0.180  1.000    0.28291E-02
 
  0.190  0.000    0.10017E+00
  0.190  0.033    0.45571E-01
  0.190  0.067   -0.76979E+00
  0.190  0.100    0.46111E+00
  0.190  0.133    0.36564E+01
  0.190  0.167   -0.49041E+01
  0.190  0.200   -0.10789E+02
  0.190  0.233    0.22268E+02
  0.190  0.267    0.19932E+02
  0.190  0.300   -0.60552E+02
  0.190  0.333   -0.24860E+02
  0.190  0.367    0.10918E+03
  0.190  0.400    0.29681E+02
  0.190  0.433   -0.13600E+03
  0.190  0.467   -0.48106E+02
  0.190  0.500    0.11232E+03
  0.190  0.533    0.69785E+02
  0.190  0.567   -0.45810E+02
  0.190  0.600   -0.58656E+02
  0.190  0.633   -0.10314E+02
  0.190  0.667    0.16195E+02
  0.190  0.700    0.14193E+02
  0.190  0.733    0.61363E+01
  0.190  0.767    0.17384E+01
  0.190  0.800    0.35159E+00
  0.190  0.833    0.52832E-01
  0.190  0.867    0.58526E-02
  0.190  0.900    0.89099E-03
  0.190  0.933    0.25048E-02
  0.190  0.967   -0.79073E-02
  0.190  1.000   -0.18766E-01
 
  0.200  0.000    0.13293E+00
  0.200  0.033    0.53479E+00
  0.200  0.067   -0.15083E+01
  0.200  0.100   -0.14561E+01
  0.200  0.133    0.87927E+01
  0.200  0.167   -0.13733E+01
  0.200  0.200   -0.30623E+02
  0.200  0.233    0.23670E+02
  0.200  0.267    0.68222E+02
  0.200  0.300   -0.81967E+02
  0.200  0.333   -0.10529E+03
  0.200  0.367    0.15689E+03
  0.200  0.400    0.12909E+03
  0.200  0.433   -0.18874E+03
  0.200  0.467   -0.14436E+03
  0.200  0.500    0.13784E+03
  0.200  0.533    0.13914E+03
  0.200  0.567   -0.38102E+02
  0.200  0.600   -0.87662E+02
  0.200  0.633   -0.26220E+02
  0.200  0.667    0.17396E+02
  0.200  0.700    0.19027E+02
  0.200  0.733    0.87751E+01
  0.200  0.767    0.25704E+01
  0.200  0.800    0.53085E+00
  0.200  0.833    0.81020E-01
  0.200  0.867    0.88296E-02
  0.200  0.900   -0.77289E-04
  0.200  0.933    0.87521E-02
  0.200  0.967   -0.13921E-02
  0.200  1.000   -0.90127E-01
 
  0.210  0.000   -0.10819E+00
  0.210  0.033    0.17607E+01
  0.210  0.067   -0.15397E+01
  0.210  0.100   -0.76054E+01
  0.210  0.133    0.14892E+02
  0.210  0.167    0.16177E+02
  0.210  0.200   -0.63199E+02
  0.210  0.233   -0.30613E+01
  0.210  0.267    0.15834E+03
  0.210  0.300   -0.67975E+02
  0.210  0.333   -0.26259E+03
  0.210  0.367    0.17356E+03
  0.210  0.400    0.31979E+03
  0.210  0.433   -0.21537E+03
  0.210  0.467   -0.31368E+03
  0.210  0.500    0.13706E+03
  0.210  0.533    0.24549E+03
  0.210  0.567   -0.83655E+01
  0.210  0.600   -0.12453E+03
  0.210  0.633   -0.52389E+02
  0.210  0.667    0.16418E+02
  0.210  0.700    0.25178E+02
  0.210  0.733    0.12498E+02
  0.210  0.767    0.37942E+01
  0.210  0.800    0.80075E+00
  0.210  0.833    0.12433E+00
  0.210  0.867    0.14174E-01
  0.210  0.900   -0.53749E-02
  0.210  0.933    0.14839E-01
  0.210  0.967    0.51849E-01
  0.210  1.000   -0.22396E+00
 
  0.220  0.000   -0.12295E+01
  0.220  0.033    0.37409E+01
  0.220  0.067    0.20997E+01
  0.220  0.100   -0.21104E+02
  0.220  0.133    0.14122E+02
  0.220  0.167    0.63802E+02
  0.220  0.200   -0.99281E+02
  0.220  0.233   -0.99899E+02
  0.220  0.267    0.29412E+03
  0.220  0.300    0.48793E+02
  0.220  0.333   -0.52428E+03
  0.220  0.367    0.85825E+02
  0.220  0.400    0.64088E+03
  0.220  0.433   -0.15638E+03
  0.220  0.467   -0.58412E+03
  0.220  0.500    0.71995E+02
  0.220  0.533    0.39780E+03
  0.220  0.567    0.61331E+02
  0.220  0.600   -0.16781E+03
  0.220  0.633   -0.93673E+02
  0.220  0.667    0.11162E+02
  0.220  0.700    0.32786E+02
  0.220  0.733    0.17720E+02
  0.220  0.767    0.55903E+01
  0.220  0.800    0.12066E+01
  0.220  0.833    0.19043E+00
  0.220  0.867    0.25903E-01
  0.220  0.900   -0.17503E-01
  0.220  0.933   -0.73675E-02
  0.220  0.967    0.21733E+00
  0.220  1.000   -0.29342E+00
 
  0.230  0.000   -0.42117E+01
  0.230  0.033    0.47256E+01
  0.230  0.067    0.16022E+02
  0.230  0.100   -0.42239E+02
  0.230  0.133   -0.15686E+02
  0.230  0.167    0.16165E+03
  0.230  0.200   -0.98910E+02
  0.230  0.233   -0.33631E+03
  0.230  0.267    0.44132E+03
  0.230  0.300    0.39264E+03
  0.230  0.333   -0.89034E+03
  0.230  0.367   -0.24721E+03
  0.230  0.400    0.11192E+04
  0.230  0.433    0.10026E+03
  0.230  0.467   -0.97779E+03
  0.230  0.500   -0.12349E+03
  0.230  0.533    0.59968E+03
  0.230  0.567    0.19882E+03
  0.230  0.600   -0.21229E+03
  0.230  0.633   -0.15657E+03
  0.230  0.667   -0.18126E+01
  0.230  0.700    0.41825E+02
  0.230  0.733    0.24998E+02
  0.230  0.767    0.82205E+01
  0.230  0.800    0.18163E+01
  0.230  0.833    0.28915E+00
  0.230  0.867    0.51947E-01
  0.230  0.900   -0.23584E-01
  0.230  0.933   -0.14219E+00
  0.230  0.967    0.52378E+00
  0.230  1.000    0.26823E+00
 
  0.240  0.000   -0.95741E+01
  0.240  0.033   -0.20522E+01
  0.240  0.067    0.50979E+02
  0.240  0.100   -0.58171E+02
  0.240  0.133   -0.12209E+03
  0.240  0.167    0.31799E+03
  0.240  0.200    0.43530E+02
  0.240  0.233   -0.80289E+03
  0.240  0.267    0.47053E+03
  0.240  0.300    0.11624E+04
  0.240  0.333   -0.12762E+04
  0.240  0.367   -0.10671E+04
  0.240  0.400    0.17306E+04
  0.240  0.433    0.74709E+03
  0.240  0.467   -0.14904E+04
  0.240  0.500   -0.55739E+03
  0.240  0.533    0.84020E+03
  0.240  0.567    0.44548E+03
  0.240  0.600   -0.24572E+03
  0.240  0.633   -0.24943E+03
  0.240  0.667   -0.27995E+02
  0.240  0.700    0.51921E+02
  0.240  0.733    0.35065E+02
  0.240  0.767    0.12063E+02
  0.240  0.800    0.27326E+01
  0.240  0.833    0.43147E+00
  0.240  0.867    0.97265E-01
  0.240  0.900    0.47578E-01
  0.240  0.933   -0.54177E+00
  0.240  0.967    0.67711E+00
  0.240  1.000    0.29562E+01
 
  0.250  0.000   -0.14087E+02
  0.250  0.033   -0.33871E+02
  0.250  0.067    0.11647E+03
  0.250  0.100   -0.19821E+02
  0.250  0.133   -0.38614E+03
  0.250  0.167    0.48266E+03
  0.250  0.200    0.55138E+03
  0.250  0.233   -0.15669E+04
  0.250  0.267    0.55391E+02
  0.250  0.300    0.26256E+04
  0.250  0.333   -0.14017E+04
  0.250  0.367   -0.27457E+04
  0.250  0.400    0.23208E+04
  0.250  0.433    0.20896E+04
  0.250  0.467   -0.20502E+04
  0.250  0.500   -0.13959E+04
  0.250  0.533    0.10770E+04
  0.250  0.567    0.86020E+03
  0.250  0.600   -0.24350E+03
  0.250  0.633   -0.38229E+03
  0.250  0.667   -0.75945E+02
  0.250  0.700    0.62035E+02
  0.250  0.733    0.48866E+02
  0.250  0.767    0.17661E+02
  0.250  0.800    0.41132E+01
  0.250  0.833    0.63199E+00
  0.250  0.867    0.12708E+00
  0.250  0.900    0.40119E+00
  0.250  0.933   -0.12731E+01
  0.250  0.967   -0.69035E+00
  0.250  1.000    0.10474E+02
 
  0.260  0.000   -0.22171E+01
  0.260  0.033   -0.12407E+03
  0.260  0.067    0.19824E+03
  0.260  0.100    0.19997E+03
  0.260  0.133   -0.90742E+03
  0.260  0.167    0.44143E+03
  0.260  0.200    0.18224E+04
  0.260  0.233   -0.25403E+04
  0.260  0.267   -0.14867E+04
  0.260  0.300    0.50420E+04
  0.260  0.333   -0.59531E+03
  0.260  0.367   -0.57856E+04
  0.260  0.400    0.24595E+04
  0.260  0.433    0.45734E+04
  0.260  0.467   -0.24427E+04
  0.260  0.500   -0.28797E+04
  0.260  0.533    0.12071E+04
  0.260  0.567    0.15224E+04
  0.260  0.600   -0.16022E+03
  0.260  0.633   -0.56610E+03
  0.260  0.667   -0.15873E+03
  0.260  0.700    0.69937E+02
  0.260  0.733    0.67588E+02
  0.260  0.767    0.25790E+02
  0.260  0.800    0.62020E+01
  0.260  0.833    0.93494E+00
  0.260  0.867   -0.37388E-01
  0.260  0.900    0.14058E+01
  0.260  0.933   -0.16228E+01
  0.260  0.967   -0.73892E+01
  0.260  1.000    0.25211E+02
 
  0.270  0.000    0.70898E+02
  0.270  0.033   -0.31747E+03
  0.270  0.067    0.19721E+03
  0.270  0.100    0.86440E+03
  0.270  0.133   -0.17167E+04
  0.270  0.167   -0.38713E+03
  0.270  0.200    0.44400E+04
  0.270  0.233   -0.31725E+04
  0.270  0.267   -0.54040E+04
  0.270  0.300    0.84244E+04
  0.270  0.333    0.25189E+04
  0.270  0.367   -0.10733E+05
  0.270  0.400    0.11911E+04
  0.270  0.433    0.87830E+04
  0.270  0.467   -0.21805E+04
  0.270  0.500   -0.53318E+04
  0.270  0.533    0.10179E+04
  0.270  0.567    0.25320E+04
  0.270  0.600    0.83311E+02
  0.270  0.633   -0.81052E+03
  0.270  0.667   -0.29593E+03
  0.270  0.700    0.71346E+02
  0.270  0.733    0.92667E+02
  0.270  0.767    0.37543E+02
  0.270  0.800    0.93622E+01
  0.270  0.833    0.15183E+01
  0.270  0.867   -0.90328E+00
  0.270  0.900    0.32229E+01
  0.270  0.933    0.18371E+01
  0.270  0.967   -0.26950E+02
  0.270  1.000    0.41668E+02
 
  0.280  0.000    0.30392E+03
  0.280  0.033   -0.62627E+03
  0.280  0.067   -0.20311E+03
  0.280  0.100    0.24131E+04
  0.280  0.133   -0.25145E+04
  0.280  0.167   -0.32834E+04
  0.280  0.200    0.90075E+04
  0.280  0.233   -0.18336E+04
  0.280  0.267   -0.13701E+05
  0.280  0.300    0.11968E+05
  0.280  0.333    0.10470E+05
  0.280  0.367   -0.17887E+05
  0.280  0.400   -0.33640E+04
  0.280  0.433    0.15361E+05
  0.280  0.467   -0.28964E+03
  0.280  0.500   -0.91417E+04
  0.280  0.533    0.10952E+03
  0.280  0.567    0.40012E+04
  0.280  0.600    0.61961E+03
  0.280  0.633   -0.11193E+04
  0.280  0.667   -0.51630E+03
  0.280  0.700    0.58553E+02
  0.280  0.733    0.12574E+03
  0.280  0.767    0.54451E+02
  0.280  0.800    0.14069E+02
  0.280  0.833    0.29713E+01
  0.280  0.867   -0.33790E+01
  0.280  0.900    0.40543E+01
  0.280  0.933    0.19109E+02
  0.280  0.967   -0.68120E+02
  0.280  1.000    0.24131E+02
 
  0.290  0.000    0.86203E+03
  0.290  0.033   -0.88017E+03
  0.290  0.067   -0.17728E+04
  0.290  0.100    0.53696E+04
  0.290  0.133   -0.20531E+04
  0.290  0.167   -0.10658E+05
  0.290  0.200    0.15512E+05
  0.290  0.233    0.52868E+04
  0.290  0.267   -0.29102E+05
  0.290  0.300    0.12866E+05
  0.290  0.333    0.27484E+05
  0.290  0.367   -0.26601E+05
  0.290  0.400   -0.14599E+05
  0.290  0.433    0.24752E+05
  0.290  0.467    0.50216E+04
  0.290  0.500   -0.14692E+05
  0.290  0.533   -0.22255E+04
  0.290  0.567    0.60302E+04
  0.290  0.600    0.16629E+04
  0.290  0.633   -0.14811E+04
  0.290  0.667   -0.86122E+03
  0.290  0.700    0.18241E+02
  0.290  0.733    0.16852E+03
  0.290  0.767    0.78681E+02
  0.290  0.800    0.20727E+02
  0.290  0.833    0.67815E+01
  0.290  0.867   -0.78389E+01
  0.290  0.900   -0.49786E+01
  0.290  0.933    0.71447E+02
  0.290  0.967   -0.12347E+03
  0.290  1.000   -0.14374E+03
 
  0.300  0.000    0.19073E+04
  0.300  0.033   -0.34458E+03
  0.300  0.067   -0.60583E+04
  0.300  0.100    0.98232E+04
  0.300  0.133    0.31098E+04
  0.300  0.167   -0.26360E+05
  0.300  0.200    0.21647E+05
  0.300  0.233    0.25920E+05
  0.300  0.267   -0.54283E+05
  0.300  0.300    0.40962E+04
  0.300  0.333    0.59934E+05
  0.300  0.367   -0.33801E+05
  0.300  0.400   -0.38210E+05
  0.300  0.433    0.36590E+05
  0.300  0.467    0.16850E+05
  0.300  0.500   -0.22173E+05
  0.300  0.533   -0.71789E+04
  0.300  0.567    0.86505E+04
  0.300  0.600    0.35493E+04
  0.300  0.633   -0.18530E+04
  0.300  0.667   -0.13889E+04
  0.300  0.700   -0.71924E+02
  0.300  0.733    0.22242E+03
  0.300  0.767    0.11345E+03
  0.300  0.800    0.29094E+02
  0.300  0.833    0.15554E+02
  0.300  0.867   -0.95551E+01
  0.300  0.900   -0.50834E+02
  0.300  0.933    0.18840E+03
  0.300  0.967   -0.11131E+03
  0.300  1.000   -0.74720E+03
 
  0.310  0.000    0.32585E+04
  0.310  0.033    0.30836E+04
  0.310  0.067   -0.15587E+05
  0.310  0.100    0.13851E+05
  0.310  0.133    0.20792E+05
  0.310  0.167   -0.55165E+05
  0.310  0.200    0.19084E+05
  0.310  0.233    0.74043E+05
  0.310  0.267   -0.89311E+05
  0.310  0.300   -0.29407E+05
  0.310  0.333    0.11618E+06
  0.310  0.367   -0.31157E+05
  0.310  0.400   -0.83089E+05
  0.310  0.433    0.48433E+05
  0.310  0.467    0.40264E+05
  0.310  0.500   -0.31169E+05
  0.310  0.533   -0.16677E+05
  0.310  0.567    0.11711E+05
  0.310  0.600    0.67907E+04
  0.310  0.633   -0.21314E+04
  0.310  0.667   -0.21791E+04
  0.310  0.700   -0.24853E+03
  0.310  0.733    0.28779E+03
  0.310  0.767    0.16407E+03
  0.310  0.800    0.37218E+02
  0.310  0.833    0.30619E+02
  0.310  0.867    0.15212E+02
  0.310  0.900   -0.19437E+03
  0.310  0.933    0.36822E+03
  0.310  0.967    0.27022E+03
  0.310  1.000   -0.23399E+04
 
  0.320  0.000    0.33634E+04
  0.320  0.033    0.14286E+05
  0.320  0.067   -0.33250E+05
  0.320  0.100    0.96870E+04
  0.320  0.133    0.66365E+05
  0.320  0.167   -0.99713E+05
  0.320  0.200   -0.13892E+05
  0.320  0.233    0.17205E+06
  0.320  0.267   -0.12525E+06
  0.320  0.300   -0.11676E+06
  0.320  0.333    0.20457E+06
  0.320  0.367    0.29955E+01
  0.320  0.400   -0.16200E+06
  0.320  0.433    0.53335E+05
  0.320  0.467    0.83123E+05
  0.320  0.500   -0.39864E+05
  0.320  0.533   -0.33709E+05
  0.320  0.567    0.14664E+05
  0.320  0.600    0.12144E+05
  0.320  0.633   -0.21028E+04
  0.320  0.667   -0.33374E+04
  0.320  0.700   -0.57032E+03
  0.320  0.733    0.36203E+03
  0.320  0.767    0.24018E+03
  0.320  0.800    0.41178E+02
  0.320  0.833    0.39863E+02
  0.320  0.867    0.14096E+03
  0.320  0.900   -0.53193E+03
  0.320  0.933    0.42702E+03
  0.320  0.967    0.18363E+04
  0.320  1.000   -0.56990E+04
 
  0.330  0.000   -0.31902E+04
  0.330  0.033    0.42808E+05
  0.330  0.067   -0.59013E+05
  0.330  0.100   -0.24320E+05
  0.330  0.133    0.16601E+06
  0.330  0.167   -0.15121E+06
  0.330  0.200   -0.12546E+06
  0.330  0.233    0.35044E+06
  0.330  0.267   -0.13035E+06
  0.330  0.300   -0.30955E+06
  0.330  0.333    0.32732E+06
  0.330  0.367    0.97206E+05
  0.330  0.400   -0.29121E+06
  0.330  0.433    0.35463E+05
  0.330  0.467    0.15692E+06
  0.330  0.500   -0.43557E+05
  0.330  0.533   -0.62733E+05
  0.330  0.567    0.16175E+05
  0.330  0.600    0.20692E+05
  0.330  0.633   -0.13620E+04
  0.330  0.667   -0.49976E+04
  0.330  0.700   -0.11297E+04
  0.330  0.733    0.43514E+03
  0.330  0.767    0.35958E+03
  0.330  0.800    0.41967E+02
  0.330  0.833   -0.20797E+02
  0.330  0.867    0.54470E+03
  0.330  0.900   -0.11073E+04
  0.330  0.933   -0.41855E+03
  0.330  0.967    0.63575E+04
  0.330  1.000   -0.11136E+05
 
  0.340  0.000   -0.30789E+05
  0.340  0.033    0.10390E+06
  0.340  0.067   -0.79828E+05
  0.340  0.100   -0.13852E+06
  0.340  0.133    0.35634E+06
  0.340  0.167   -0.16665E+06
  0.340  0.200   -0.41100E+06
  0.340  0.233    0.63892E+06
  0.340  0.267   -0.22832E+05
  0.340  0.300   -0.69168E+06
  0.340  0.333    0.46539E+06
  0.340  0.367    0.33025E+06
  0.340  0.400   -0.48721E+06
  0.340  0.433   -0.37409E+05
  0.340  0.467    0.27720E+06
  0.340  0.500   -0.32051E+05
  0.340  0.533   -0.11008E+06
  0.340  0.567    0.13465E+05
  0.340  0.600    0.33925E+05
  0.340  0.633    0.81933E+03
  0.340  0.667   -0.73184E+04
  0.340  0.700   -0.20687E+04
  0.340  0.733    0.48047E+03
  0.340  0.767    0.55015E+03
  0.340  0.800    0.79625E+02
  0.340  0.833   -0.36009E+03
  0.340  0.867    0.15359E+04
  0.340  0.900   -0.15206E+04
  0.340  0.933   -0.44842E+04
  0.340  0.967    0.16854E+05
  0.340  1.000   -0.15904E+05
 
  0.350  0.000   -0.11160E+06
  0.350  0.033    0.21414E+06
  0.350  0.067   -0.44613E+05
  0.350  0.100   -0.43544E+06
  0.350  0.133    0.67014E+06
  0.350  0.167   -0.20048E+05
  0.350  0.200   -0.10409E+07
  0.350  0.233    0.10360E+07
  0.350  0.267    0.37848E+06
  0.350  0.300   -0.13859E+07
  0.350  0.333    0.54646E+06
  0.350  0.367    0.82073E+06
  0.350  0.400   -0.75708E+06
  0.350  0.433   -0.22617E+06
  0.350  0.467    0.46275E+06
  0.350  0.500    0.14765E+05
  0.350  0.533   -0.18420E+06
  0.350  0.567    0.11896E+04
  0.350  0.600    0.53788E+05
  0.350  0.633    0.57020E+04
  0.350  0.667   -0.10468E+05
  0.350  0.700   -0.35981E+04
  0.350  0.733    0.43866E+03
  0.350  0.767    0.83247E+03
  0.350  0.800    0.34346E+03
  0.350  0.833   -0.14977E+04
  0.350  0.867    0.33698E+04
  0.350  0.900    0.25762E+03
  0.350  0.933   -0.17287E+05
  0.350  0.967    0.36509E+05
  0.350  1.000   -0.69732E+04
 
  0.360  0.000   -0.30705E+06
  0.360  0.033    0.36939E+06
  0.360  0.067    0.18988E+06
  0.360  0.100   -0.10988E+07
  0.360  0.133    0.10843E+07
  0.360  0.167    0.59249E+06
  0.360  0.200   -0.22871E+07
  0.360  0.233    0.14305E+07
  0.360  0.267    0.14371E+07
  0.360  0.300   -0.25453E+07
  0.360  0.333    0.38191E+06
  0.360  0.367    0.17674E+07
  0.360  0.400   -0.10756E+07
  0.360  0.433   -0.63953E+06
  0.360  0.467    0.73154E+06
  0.360  0.500    0.13415E+06
  0.360  0.533   -0.29544E+06
  0.360  0.567   -0.30369E+05
  0.360  0.600    0.82639E+05
  0.360  0.633    0.15404E+05
  0.360  0.667   -0.14590E+05
  0.360  0.700   -0.60202E+04
  0.360  0.733    0.20238E+03
  0.360  0.767    0.11259E+04
  0.360  0.800    0.14481E+04
  0.360  0.833   -0.44182E+04
  0.360  0.867    0.52371E+04
  0.360  0.900    0.10784E+05
  0.360  0.933   -0.49564E+05
  0.360  0.967    0.62598E+05
  0.360  1.000    0.55804E+05
 
  0.370  0.000   -0.71291E+06
  0.370  0.033    0.47709E+06
  0.370  0.067    0.96308E+06
  0.370  0.100   -0.24086E+07
  0.370  0.133    0.13793E+07
  0.370  0.167    0.23202E+07
  0.370  0.200   -0.45176E+07
  0.370  0.233    0.14265E+07
  0.370  0.267    0.38266E+07
  0.370  0.300   -0.43017E+07
  0.370  0.333   -0.44940E+06
  0.370  0.367    0.34732E+07
  0.370  0.400   -0.13373E+07
  0.370  0.433   -0.14622E+07
  0.370  0.467    0.10900E+07
  0.370  0.500    0.39190E+06
  0.370  0.533   -0.45448E+06
  0.370  0.567   -0.98174E+05
  0.370  0.600    0.12298E+06
  0.370  0.633    0.33401E+05
  0.370  0.667   -0.19732E+05
  0.370  0.700   -0.97538E+04
  0.370  0.733   -0.35172E+03
  0.370  0.767    0.93251E+03
  0.370  0.800    0.49679E+04
  0.370  0.833   -0.10211E+05
  0.370  0.867    0.19087E+04
  0.370  0.900    0.46994E+05
  0.370  0.933   -0.11686E+06
  0.370  0.967    0.66673E+05
  0.370  1.000    0.27351E+06
 
  0.380  0.000   -0.14269E+07
  0.380  0.033    0.18549E+06
  0.380  0.067    0.29861E+07
  0.380  0.100   -0.46814E+07
  0.380  0.133    0.81476E+06
  0.380  0.167    0.64230E+07
  0.380  0.200   -0.80841E+07
  0.380  0.233   -0.13603E+05
  0.380  0.267    0.87036E+07
  0.380  0.300   -0.66131E+07
  0.380  0.333   -0.28030E+07
  0.380  0.367    0.63596E+07
  0.380  0.400   -0.12624E+07
  0.380  0.433   -0.29934E+07
  0.380  0.467    0.15088E+07
  0.380  0.500    0.89973E+06
  0.380  0.533   -0.66827E+06
  0.380  0.567   -0.23087E+06
  0.380  0.600    0.17673E+06
  0.380  0.633    0.65281E+05
  0.380  0.667   -0.25720E+05
  0.380  0.700   -0.15395E+05
  0.380  0.733   -0.11223E+04
  0.380  0.767   -0.14887E+04
  0.380  0.800    0.14075E+05
  0.380  0.833   -0.17483E+05
  0.380  0.867   -0.25142E+05
  0.380  0.900    0.14531E+06
  0.380  0.933   -0.22698E+06
  0.380  0.967   -0.57431E+05
  0.380  1.000    0.86537E+06
 
  0.390  0.000   -0.23943E+07
  0.390  0.033   -0.14949E+07
  0.390  0.067    0.75866E+07
  0.390  0.100   -0.79791E+07
  0.390  0.133   -0.25502E+07
  0.390  0.167    0.15127E+08
  0.390  0.200   -0.12926E+08
  0.390  0.233   -0.52439E+07
  0.390  0.267    0.17894E+08
  0.390  0.300   -0.88991E+07
  0.390  0.333   -0.83005E+07
  0.390  0.367    0.10933E+08
  0.390  0.400   -0.22372E+06
  0.390  0.433   -0.56948E+07
  0.390  0.467    0.18743E+07
  0.390  0.500    0.18405E+07
  0.390  0.533   -0.93071E+06
  0.390  0.567   -0.47542E+06
  0.390  0.600    0.24360E+06
  0.390  0.633    0.11988E+06
  0.390  0.667   -0.31914E+05
  0.390  0.700   -0.23959E+05
  0.390  0.733   -0.90236E+03
  0.390  0.767   -0.10827E+05
  0.390  0.800    0.33011E+05
  0.390  0.833   -0.12888E+05
  0.390  0.867   -0.12741E+06
  0.390  0.900    0.36868E+06
  0.390  0.933   -0.32871E+06
  0.390  0.967   -0.61111E+06
  0.390  1.000    0.22407E+07
 
  0.400  0.000   -0.29340E+07
  0.400  0.033   -0.69437E+07
  0.400  0.067    0.16926E+08
  0.400  0.100   -0.11236E+08
  0.400  0.133   -0.13157E+08
  0.400  0.167    0.31959E+08
  0.400  0.200   -0.17536E+08
  0.400  0.233   -0.19126E+08
  0.400  0.267    0.33969E+08
  0.400  0.300   -0.92583E+07
  0.400  0.333   -0.19840E+08
  0.400  0.367    0.17627E+08
  0.400  0.400    0.30589E+07
  0.400  0.433   -0.10236E+08
  0.400  0.467    0.18945E+07
  0.400  0.500    0.35033E+07
  0.400  0.533   -0.12039E+07
  0.400  0.567   -0.90684E+06
  0.400  0.600    0.31783E+06
  0.400  0.633    0.21096E+06
  0.400  0.667   -0.36688E+05
  0.400  0.700   -0.37792E+05
  0.400  0.733    0.50526E+04
  0.400  0.767   -0.37130E+05
  0.400  0.800    0.60550E+05
  0.400  0.833    0.55826E+05
  0.400  0.867   -0.42507E+06
  0.400  0.900    0.78712E+06
  0.400  0.933   -0.15927E+06
  0.400  0.967   -0.23222E+07
  0.400  1.000    0.50218E+07
 
  0.410  0.000   -0.52820E+06
  0.410  0.033   -0.21266E+08
  0.410  0.067    0.33823E+08
  0.410  0.100   -0.10084E+08
  0.410  0.133   -0.40226E+08
  0.410  0.167    0.61657E+08
  0.410  0.200   -0.16582E+08
  0.410  0.233   -0.50984E+08
  0.410  0.267    0.59906E+08
  0.410  0.300   -0.29090E+07
  0.410  0.333   -0.42321E+08
  0.410  0.367    0.26367E+08
  0.410  0.400    0.11036E+08
  0.410  0.433   -0.17515E+08
  0.410  0.467    0.92929E+06
  0.410  0.500    0.63275E+07
  0.410  0.533   -0.13821E+07
  0.410  0.567   -0.16416E+07
  0.410  0.600    0.38195E+06
  0.410  0.633    0.35954E+06
  0.410  0.667   -0.36025E+05
  0.410  0.700   -0.63499E+05
  0.410  0.733    0.30362E+05
  0.410  0.767   -0.95738E+05
  0.410  0.800    0.63384E+05
  0.410  0.833    0.34436E+06
  0.410  0.867   -0.11524E+07
  0.410  0.900    0.13549E+07
  0.410  0.933    0.11385E+07
  0.410  0.967   -0.67286E+07
  0.410  1.000    0.97953E+07
 
  0.420  0.000    0.11914E+08
  0.420  0.033   -0.54319E+08
  0.420  0.067    0.60168E+08
  0.420  0.100    0.80009E+07
  0.420  0.133   -0.10136E+09
  0.420  0.167    0.10860E+09
  0.420  0.200    0.40596E+07
  0.420  0.233   -0.11752E+09
  0.420  0.267    0.97594E+08
  0.420  0.300    0.20738E+08
  0.420  0.333   -0.83533E+08
  0.420  0.367    0.35566E+08
  0.420  0.400    0.28166E+08
  0.420  0.433   -0.28581E+08
  0.420  0.467   -0.23097E+07
  0.420  0.500    0.10953E+08
  0.420  0.533   -0.12264E+07
  0.420  0.567   -0.28558E+07
  0.420  0.600    0.39539E+06
  0.420  0.633    0.59689E+06
  0.420  0.667   -0.19540E+05
  0.420  0.700   -0.11982E+06
  0.420  0.733    0.10602E+06
  0.420  0.767   -0.19121E+06
  0.420  0.800   -0.10520E+06
  0.420  0.833    0.12424E+07
  0.420  0.867   -0.26568E+07
  0.420  0.900    0.14848E+07
  0.420  0.933    0.58588E+07
  0.420  0.967   -0.16643E+08
  0.420  1.000    0.15989E+08
 
  0.430  0.000    0.51654E+08
  0.430  0.033   -0.12301E+09
  0.430  0.067    0.91468E+08
  0.430  0.100    0.73615E+08
  0.430  0.133   -0.22733E+09
  0.430  0.167    0.17132E+09
  0.430  0.200    0.77006E+08
  0.430  0.233   -0.24658E+09
  0.430  0.267    0.14371E+09
  0.430  0.300    0.83301E+08
  0.430  0.333   -0.15499E+09
  0.430  0.367    0.40006E+08
  0.430  0.400    0.62215E+08
  0.430  0.433   -0.44344E+08
  0.430  0.467   -0.10267E+08
  0.430  0.500    0.18261E+08
  0.430  0.533   -0.24875E+06
  0.430  0.567   -0.48065E+07
  0.430  0.600    0.27449E+06
  0.430  0.633    0.96674E+06
  0.430  0.667    0.40625E+05
  0.430  0.700   -0.25532E+06
  0.430  0.733    0.28436E+06
  0.430  0.767   -0.24282E+06
  0.430  0.800   -0.91377E+06
  0.430  0.833    0.35819E+07
  0.430  0.867   -0.51417E+07
  0.430  0.900   -0.11395E+07
  0.430  0.933    0.19360E+08
  0.430  0.967   -0.36222E+08
  0.430  1.000    0.18434E+08
 
  0.440  0.000    0.15645E+09
  0.440  0.033   -0.25170E+09
  0.440  0.067    0.10218E+09
  0.440  0.100    0.25418E+09
  0.440  0.133   -0.46652E+09
  0.440  0.167    0.22791E+09
  0.440  0.200    0.27116E+09
  0.440  0.233   -0.48076E+09
  0.440  0.267    0.17995E+09
  0.440  0.300    0.22628E+09
  0.440  0.333   -0.27199E+09
  0.440  0.367    0.26680E+08
  0.440  0.400    0.12615E+09
  0.440  0.433   -0.64790E+08
  0.440  0.467   -0.27385E+08
  0.440  0.500    0.29367E+08
  0.440  0.533    0.24859E+07
  0.440  0.567   -0.78551E+07
  0.440  0.600   -0.14087E+06
  0.440  0.633    0.15224E+07
  0.440  0.667    0.21819E+06
  0.440  0.700   -0.57913E+06
  0.440  0.733    0.60067E+06
  0.440  0.767    0.15975E+06
  0.440  0.800   -0.36112E+07
  0.440  0.833    0.88161E+07
  0.440  0.867   -0.75430E+07
  0.440  0.900   -0.13439E+08
  0.440  0.933    0.52709E+08
  0.440  0.967   -0.69016E+08
  0.440  1.000   -0.14975E+07
 
  0.450  0.000    0.40134E+09
  0.450  0.033   -0.46403E+09
  0.450  0.067    0.10980E+08
  0.450  0.100    0.68660E+09
  0.450  0.133   -0.88318E+09
  0.450  0.167    0.20197E+09
  0.450  0.200    0.72231E+09
  0.450  0.233   -0.87719E+09
  0.450  0.267    0.15216E+09
  0.450  0.300    0.52524E+09
  0.450  0.333   -0.45120E+09
  0.450  0.367   -0.33003E+08
  0.450  0.400    0.24071E+09
  0.450  0.433   -0.87233E+08
  0.450  0.467   -0.61436E+08
  0.450  0.500    0.45496E+08
  0.450  0.533    0.86904E+07
  0.450  0.567   -0.12484E+08
  0.450  0.600   -0.11388E+07
  0.450  0.633    0.23049E+07
  0.450  0.667    0.69658E+06
  0.450  0.700   -0.12870E+07
  0.450  0.733    0.86522E+06
  0.450  0.767    0.24223E+07
  0.450  0.800   -0.11068E+08
  0.450  0.833    0.18632E+08
  0.450  0.867   -0.40054E+07
  0.450  0.900   -0.53128E+08
  0.450  0.933    0.12574E+09
  0.450  0.967   -0.10953E+09
  0.450  1.000   -0.96268E+08
 
  0.460  0.000    0.92057E+09
  0.460  0.033   -0.74903E+09
  0.460  0.067   -0.39439E+09
  0.460  0.100    0.16285E+10
  0.460  0.133   -0.15343E+10
  0.460  0.167   -0.11024E+09
  0.460  0.200    0.16820E+10
  0.460  0.233   -0.14948E+10
  0.460  0.267   -0.71692E+08
  0.460  0.300    0.11111E+10
  0.460  0.333   -0.70211E+09
  0.460  0.367   -0.19723E+09
  0.460  0.400    0.43748E+09
  0.460  0.433   -0.10271E+09
  0.460  0.467   -0.12559E+09
  0.460  0.500    0.67579E+08
  0.460  0.533    0.21395E+08
  0.460  0.567   -0.19290E+08
  0.460  0.600   -0.32051E+07
  0.460  0.633    0.32700E+07
  0.460  0.667    0.18867E+07
  0.460  0.700   -0.25783E+07
  0.460  0.733   -0.69037E+05
  0.460  0.767    0.10516E+08
  0.460  0.800   -0.28887E+08
  0.460  0.833    0.32214E+08
  0.460  0.867    0.25468E+08
  0.460  0.900   -0.16045E+09
  0.460  0.933    0.26691E+09
  0.460  0.967   -0.11748E+09
  0.460  1.000   -0.39484E+09
 
  0.470  0.000    0.19223E+10
  0.470  0.033   -0.96181E+09
  0.470  0.067   -0.16081E+10
  0.470  0.100    0.35261E+10
  0.470  0.133   -0.23887E+10
  0.470  0.167   -0.11856E+10
  0.470  0.200    0.35881E+10
  0.470  0.233   -0.23487E+10
  0.470  0.267   -0.78137E+09
  0.470  0.300    0.21990E+10
  0.470  0.333   -0.10050E+10
  0.470  0.367   -0.57806E+09
  0.470  0.400    0.76160E+09
  0.470  0.433   -0.88982E+08
  0.470  0.467   -0.24150E+09
  0.470  0.500    0.95290E+08
  0.470  0.533    0.45806E+08
  0.470  0.567   -0.28942E+08
  0.470  0.600   -0.70902E+07
  0.470  0.633    0.40999E+07
  0.470  0.667    0.45658E+07
  0.470  0.700   -0.40839E+07
  0.470  0.733   -0.64202E+07
  0.470  0.767    0.34158E+08
  0.470  0.800   -0.65547E+08
  0.470  0.833    0.36261E+08
  0.470  0.867    0.13702E+09
  0.470  0.900   -0.41687E+09
  0.470  0.933    0.49754E+09
  0.470  0.967    0.48928E+08
  0.470  1.000   -0.11841E+10
 
  0.480  0.000    0.36528E+10
  0.480  0.033   -0.57403E+09
  0.480  0.067   -0.46887E+10
  0.480  0.100    0.70750E+10
  0.480  0.133   -0.31105E+10
  0.480  0.167   -0.40498E+10
  0.480  0.200    0.71501E+10
  0.480  0.233   -0.32890E+10
  0.480  0.267   -0.25696E+10
  0.480  0.300    0.41215E+10
  0.480  0.333   -0.12612E+10
  0.480  0.367   -0.13819E+10
  0.480  0.400    0.12719E+10
  0.480  0.433    0.25284E+07
  0.480  0.467   -0.44357E+09
  0.480  0.500    0.12498E+09
  0.480  0.533    0.90655E+08
  0.480  0.567   -0.42052E+08
  0.480  0.600   -0.13804E+08
  0.480  0.633    0.38204E+07
  0.480  0.667    0.97556E+07
  0.480  0.700   -0.26822E+07
  0.480  0.733   -0.30767E+08
  0.480  0.767    0.93981E+08
  0.480  0.800   -0.12663E+09
  0.480  0.833   -0.24194E+08
  0.480  0.867    0.46935E+09
  0.480  0.900   -0.96551E+09
  0.480  0.933    0.76671E+09
  0.480  0.967    0.78873E+09
  0.480  1.000   -0.30479E+10
 
  0.490  0.000    0.61889E+10
  0.490  0.033    0.18947E+10
  0.490  0.067   -0.11747E+11
  0.490  0.100    0.13186E+11
  0.490  0.133   -0.25470E+10
  0.490  0.167   -0.10770E+11
  0.490  0.200    0.13414E+11
  0.490  0.233   -0.37207E+10
  0.490  0.267   -0.65842E+10
  0.490  0.300    0.73511E+10
  0.490  0.333   -0.11888E+10
  0.490  0.367   -0.29741E+10
  0.490  0.400    0.20336E+10
  0.490  0.433    0.27019E+09
  0.490  0.467   -0.78470E+09
  0.490  0.500    0.14557E+09
  0.490  0.533    0.17028E+09
  0.490  0.567   -0.59001E+08
  0.490  0.600   -0.24379E+08
  0.490  0.633    0.25923E+06
  0.490  0.667    0.17218E+08
  0.490  0.700    0.14169E+08
  0.490  0.733   -0.10562E+09
  0.490  0.767    0.22635E+09
  0.490  0.800   -0.18810E+09
  0.490  0.833   -0.32032E+09
  0.490  0.867    0.13303E+10
  0.490  0.900   -0.20048E+10
  0.490  0.933    0.75350E+09
  0.490  0.967    0.30907E+10
  0.490  1.000   -0.70684E+10
 
  0.500  0.000    0.87654E+10
  0.500  0.033    0.10080E+11
  0.500  0.067   -0.26707E+11
  0.500  0.100    0.22626E+11
  0.500  0.133    0.23867E+10
  0.500  0.167   -0.25280E+11
  0.500  0.200    0.23694E+11
  0.500  0.233   -0.20025E+10
  0.500  0.267   -0.14945E+11
  0.500  0.300    0.12475E+11
  0.500  0.333   -0.11765E+09
  0.500  0.367   -0.59788E+10
  0.500  0.400    0.30917E+10
  0.500  0.433    0.90312E+09
  0.500  0.467   -0.13429E+10
  0.500  0.500    0.13075E+09
  0.500  0.533    0.30785E+09
  0.500  0.567   -0.79775E+08
  0.500  0.600   -0.39162E+08
  0.500  0.633   -0.99162E+07
  0.500  0.667    0.19048E+08
  0.500  0.700    0.86040E+08
  0.500  0.733   -0.30480E+09
  0.500  0.767    0.47502E+09
  0.500  0.800   -0.10876E+09
  0.500  0.833   -0.13107E+10
  0.500  0.867    0.33313E+10
  0.500  0.900   -0.36598E+10
  0.500  0.933   -0.64884E+09
  0.500  0.967    0.91862E+10
  0.500  1.000   -0.15023E+11
 
  0.510  0.000    0.79768E+10
  0.510  0.033    0.32152E+11
  0.510  0.067   -0.56307E+11
  0.510  0.100    0.34770E+11
  0.510  0.133    0.18987E+11
  0.510  0.167   -0.54664E+11
  0.510  0.200    0.39112E+11
  0.510  0.233    0.57632E+10
  0.510  0.267   -0.31398E+11
  0.510  0.300    0.20031E+11
  0.510  0.333    0.33990E+10
  0.510  0.367   -0.11421E+11
  0.510  0.400    0.44048E+10
  0.510  0.433    0.22507E+10
  0.510  0.467   -0.22270E+10
  0.510  0.500    0.24496E+08
  0.510  0.533    0.54042E+09
  0.510  0.567   -0.10414E+09
  0.510  0.600   -0.56709E+08
  0.510  0.633   -0.27295E+08
  0.510  0.667   -0.21147E+08
  0.510  0.700    0.32054E+09
  0.510  0.733   -0.77268E+09
  0.510  0.767    0.82528E+09
  0.510  0.800    0.61239E+09
  0.510  0.833   -0.40959E+10
  0.510  0.867    0.75260E+10
  0.510  0.900   -0.54665E+10
  0.510  0.933   -0.65498E+10
  0.510  0.967    0.23711E+11
  0.510  1.000   -0.29296E+11
 
  0.520  0.000   -0.65280E+10
  0.520  0.033    0.85226E+11
  0.520  0.067   -0.11095E+12
  0.520  0.100    0.44240E+11
  0.520  0.133    0.63177E+11
  0.520  0.167   -0.11093E+12
  0.520  0.200    0.59122E+11
  0.520  0.233    0.28060E+11
  0.520  0.267   -0.62255E+11
  0.520  0.300    0.30010E+11
  0.520  0.333    0.12291E+11
  0.520  0.367   -0.20917E+11
  0.520  0.400    0.56972E+10
  0.520  0.433    0.49374E+10
  0.520  0.467   -0.35780E+10
  0.520  0.500   -0.28506E+09
  0.520  0.533    0.92716E+09
  0.520  0.567   -0.13260E+09
  0.520  0.600   -0.74358E+08
  0.520  0.633   -0.30983E+08
  0.520  0.667   -0.22616E+09
  0.520  0.700    0.97648E+09
  0.520  0.733   -0.17315E+10
  0.520  0.767    0.95302E+09
  0.520  0.800    0.34374E+10
  0.520  0.833   -0.11069E+11
  0.520  0.867    0.15322E+11
  0.520  0.900   -0.48164E+10
  0.520  0.933   -0.24707E+11
  0.520  0.967    0.55516E+11
  0.520  1.000   -0.51659E+11
 
  0.530  0.000   -0.61581E+11
  0.530  0.033    0.20293E+12
  0.530  0.067   -0.20407E+12
  0.530  0.100    0.32878E+11
  0.530  0.133    0.16764E+12
  0.530  0.167   -0.21296E+12
  0.530  0.200    0.77759E+11
  0.530  0.233    0.82248E+11
  0.530  0.267   -0.11761E+12
  0.530  0.300    0.40641E+11
  0.530  0.333    0.32216E+11
  0.530  0.367   -0.36885E+11
  0.530  0.400    0.61531E+10
  0.530  0.433    0.10047E+11
  0.530  0.467   -0.55537E+10
  0.530  0.500   -0.10124E+10
  0.530  0.533    0.15630E+10
  0.530  0.567   -0.16755E+09
  0.530  0.600   -0.10038E+09
  0.530  0.633    0.86123E+08
  0.530  0.667   -0.94774E+09
  0.530  0.700    0.26012E+10
  0.530  0.733   -0.33422E+10
  0.530  0.767   -0.53758E+09
  0.530  0.800    0.12141E+11
  0.530  0.833   -0.26903E+11
  0.530  0.867    0.27404E+11
  0.530  0.900    0.71177E+10
  0.530  0.933   -0.72840E+11
  0.530  0.967    0.11982E+12
  0.530  1.000   -0.78738E+11
 
  0.540  0.000   -0.22029E+12
  0.540  0.033    0.44714E+12
  0.540  0.067   -0.34624E+12
  0.540  0.100   -0.47980E+11
  0.540  0.133    0.39600E+12
  0.540  0.167   -0.38739E+12
  0.540  0.200    0.75065E+11
  0.540  0.233    0.20217E+12
  0.540  0.267   -0.21257E+12
  0.540  0.300    0.45696E+11
  0.540  0.333    0.73676E+11
  0.540  0.367   -0.62708E+11
  0.540  0.400    0.38170E+10
  0.540  0.433    0.19407E+11
  0.540  0.467   -0.82785E+10
  0.540  0.500   -0.25576E+10
  0.540  0.533    0.26014E+10
  0.540  0.567   -0.20785E+09
  0.540  0.600   -0.21229E+09
  0.540  0.633    0.70644E+09
  0.540  0.667   -0.30771E+10
  0.540  0.700    0.61673E+10
  0.540  0.733   -0.50249E+10
  0.540  0.767   -0.81448E+10
  0.540  0.800    0.35568E+11
  0.540  0.833   -0.59488E+11
  0.540  0.867    0.39576E+11
  0.540  0.900    0.55092E+11
  0.540  0.933   -0.18844E+12
  0.540  0.967    0.23896E+12
  0.540  1.000   -0.89032E+11
 
  0.550  0.000   -0.62074E+12
  0.550  0.033    0.92316E+12
  0.550  0.067   -0.52519E+12
  0.550  0.100   -0.31437E+12
  0.550  0.133    0.86604E+12
  0.550  0.167   -0.66487E+12
  0.550  0.200   -0.11949E+10
  0.550  0.233    0.45100E+12
  0.550  0.267   -0.36752E+12
  0.550  0.300    0.28907E+11
  0.550  0.333    0.15551E+12
  0.550  0.367   -0.10262E+12
  0.550  0.400   -0.55369E+10
  0.550  0.433    0.36018E+11
  0.550  0.467   -0.11711E+11
  0.550  0.500   -0.56530E+10
  0.550  0.533    0.42869E+10
  0.550  0.567   -0.20519E+09
  0.550  0.600   -0.76352E+09
  0.550  0.633    0.29766E+10
  0.550  0.667   -0.86238E+10
  0.550  0.700    0.12883E+11
  0.550  0.733   -0.31529E+10
  0.550  0.767   -0.34373E+11
  0.550  0.800    0.92602E+11
  0.550  0.833   -0.11893E+12
  0.550  0.867    0.30267E+11
  0.550  0.900    0.20121E+12
  0.550  0.933   -0.44487E+12
  0.550  0.967    0.43575E+12
  0.550  1.000   -0.10277E+11
 
  0.560  0.000   -0.15471E+13
  0.560  0.033    0.17922E+13
  0.560  0.067   -0.65168E+12
  0.560  0.100   -0.10226E+13
  0.560  0.133    0.17846E+13
  0.560  0.167   -0.10631E+13
  0.560  0.200   -0.27251E+12
  0.560  0.233    0.94212E+12
  0.560  0.267   -0.60538E+12
  0.560  0.300   -0.47052E+11
  0.560  0.333    0.31038E+12
  0.560  0.367   -0.16087E+12
  0.560  0.400   -0.30470E+11
  0.560  0.433    0.64655E+11
  0.560  0.467   -0.15346E+11
  0.560  0.500   -0.11617E+11
  0.560  0.533    0.69821E+10
  0.560  0.567    0.12981E+09
  0.560  0.600   -0.30076E+10
  0.560  0.633    0.99368E+10
  0.560  0.667   -0.21528E+11
  0.560  0.700    0.22504E+11
  0.560  0.733    0.15579E+11
  0.560  0.767   -0.11056E+12
  0.560  0.800    0.21952E+12
  0.560  0.833   -0.20844E+12
  0.560  0.867   -0.72299E+11
  0.560  0.900    0.58886E+12
  0.560  0.933   -0.97324E+12
  0.560  0.967    0.70336E+12
  0.560  1.000    0.35600E+12
 
  0.570  0.000   -0.35506E+13
  0.570  0.033    0.32585E+13
  0.570  0.067   -0.42912E+12
  0.570  0.100   -0.27069E+13
  0.570  0.133    0.34932E+13
  0.570  0.167   -0.15374E+13
  0.570  0.200   -0.10013E+13
  0.570  0.233    0.18706E+13
  0.570  0.267   -0.94038E+12
  0.570  0.300   -0.26151E+12
  0.570  0.333    0.59314E+12
  0.570  0.367   -0.23912E+12
  0.570  0.400   -0.87545E+11
  0.570  0.433    0.11266E+12
  0.570  0.467   -0.17583E+11
  0.570  0.500   -0.22776E+11
  0.570  0.533    0.11093E+11
  0.570  0.567    0.20123E+10
  0.570  0.600   -0.10774E+11
  0.570  0.633    0.28815E+11
  0.570  0.667   -0.47946E+11
  0.570  0.700    0.26659E+11
  0.570  0.733    0.91260E+11
  0.570  0.767   -0.30860E+12
  0.570  0.800    0.47630E+12
  0.570  0.833   -0.29013E+12
  0.570  0.867   -0.46899E+12
  0.570  0.900    0.15261E+13
  0.570  0.933   -0.19792E+13
  0.570  0.967    0.91178E+12
  0.570  1.000    0.14979E+13
 
  0.580  0.000   -0.76361E+13
  0.580  0.033    0.54710E+13
  0.580  0.067    0.93756E+12
  0.580  0.100   -0.64270E+13
  0.580  0.133    0.65115E+13
  0.580  0.167   -0.18591E+13
  0.580  0.200   -0.27244E+13
  0.580  0.233    0.35572E+13
  0.580  0.267   -0.13477E+13
  0.580  0.300   -0.77430E+12
  0.580  0.333    0.10925E+13
  0.580  0.367   -0.33006E+12
  0.580  0.400   -0.20767E+12
  0.580  0.433    0.19080E+12
  0.580  0.467   -0.14467E+11
  0.580  0.500   -0.43098E+11
  0.580  0.533    0.16542E+11
  0.580  0.567    0.96842E+10
  0.580  0.600   -0.34528E+11
  0.580  0.633    0.74873E+11
  0.580  0.667   -0.92710E+11
  0.580  0.700   -0.12102E+11
  0.580  0.733    0.33118E+12
  0.580  0.767   -0.77954E+12
  0.580  0.800    0.93615E+12
  0.580  0.833   -0.18281E+12
  0.580  0.867   -0.16661E+13
  0.580  0.900    0.36293E+13
  0.580  0.933   -0.37138E+13
  0.580  0.967    0.56013E+12
  0.580  1.000    0.45270E+13
 
  0.590  0.000   -0.15500E+14
  0.590  0.033    0.81911E+13
  0.590  0.067    0.53563E+13
  0.590  0.100   -0.14190E+14
  0.590  0.133    0.11534E+14
  0.590  0.167   -0.13399E+13
  0.590  0.200   -0.64934E+13
  0.590  0.233    0.65002E+13
  0.590  0.267   -0.16917E+13
  0.590  0.300   -0.18944E+13
  0.590  0.333    0.19460E+13
  0.590  0.367   -0.40349E+12
  0.590  0.400   -0.44674E+12
  0.590  0.433    0.31396E+12
  0.590  0.467    0.27114E+10
  0.590  0.500   -0.78883E+11
  0.590  0.533    0.20657E+11
  0.590  0.567    0.36211E+11
  0.590  0.600   -0.10017E+12
  0.590  0.633    0.17542E+12
  0.590  0.667   -0.14107E+12
  0.590  0.700   -0.21807E+12
  0.590  0.733    0.99761E+12
  0.590  0.767   -0.18090E+13
  0.590  0.800    0.16075E+13
  0.590  0.833    0.70714E+12
  0.590  0.867   -0.48433E+13
  0.590  0.900    0.80352E+13
  0.590  0.933   -0.62782E+13
  0.590  0.967   -0.18200E+13
  0.590  1.000    0.11825E+14
 
  0.600  0.000   -0.29715E+14
  0.600  0.033    0.98920E+13
  0.600  0.067    0.17084E+14
  0.600  0.100   -0.29625E+14
  0.600  0.133    0.19258E+14
  0.600  0.167    0.17523E+13
  0.600  0.200   -0.14290E+14
  0.600  0.233    0.11415E+14
  0.600  0.267   -0.15701E+13
  0.600  0.300   -0.41986E+13
  0.600  0.333    0.33557E+13
  0.600  0.367   -0.37755E+12
  0.600  0.400   -0.90317E+12
  0.600  0.433    0.50071E+12
  0.600  0.467    0.51668E+11
  0.600  0.500   -0.13861E+12
  0.600  0.533    0.11324E+11
  0.600  0.567    0.11804E+12
  0.600  0.600   -0.26552E+12
  0.600  0.633    0.36532E+12
  0.600  0.667   -0.94877E+11
  0.600  0.700   -0.94748E+12
  0.600  0.733    0.26815E+13
  0.600  0.767   -0.38588E+13
  0.600  0.800    0.21478E+13
  0.600  0.833    0.40374E+13
  0.600  0.867   -0.12570E+14
  0.600  0.900    0.16623E+14
  0.600  0.933   -0.89531E+13
  0.600  0.967   -0.10007E+14
  0.600  1.000    0.28220E+14
 
  0.610  0.000   -0.53480E+14
  0.610  0.033    0.55767E+13
  0.610  0.067    0.45109E+14
  0.610  0.100   -0.58954E+14
  0.610  0.133    0.29762E+14
  0.610  0.167    0.11377E+14
  0.610  0.200   -0.29713E+14
  0.610  0.233    0.19207E+14
  0.610  0.267    0.69362E+10
  0.610  0.300   -0.87312E+13
  0.610  0.333    0.55957E+13
  0.610  0.367   -0.62173E+11
  0.610  0.400   -0.17455E+13
  0.610  0.433    0.77013E+12
  0.610  0.467    0.16583E+12
  0.610  0.500   -0.22856E+12
  0.610  0.533   -0.52705E+11
  0.610  0.567    0.34818E+12
  0.610  0.600   -0.64403E+12
  0.610  0.633    0.64144E+12
  0.610  0.667    0.41668E+12
  0.610  0.700   -0.31249E+13
  0.610  0.733    0.66058E+13
  0.610  0.767   -0.74628E+13
  0.610  0.800    0.10140E+13
  0.610  0.833    0.14002E+14
  0.610  0.867   -0.30086E+14
  0.610  0.900    0.31969E+14
  0.610  0.933   -0.83208E+13
  0.610  0.967   -0.32943E+14
  0.610  1.000    0.62981E+14
 
  0.620  0.000   -0.88914E+14
  0.620  0.033   -0.18143E+14
  0.620  0.067    0.10755E+15
  0.620  0.100   -0.11218E+15
  0.620  0.133    0.40792E+14
  0.620  0.167    0.36031E+14
  0.620  0.200   -0.59064E+14
  0.620  0.233    0.30726E+14
  0.620  0.267    0.52498E+13
  0.620  0.300   -0.17327E+14
  0.620  0.333    0.89904E+13
  0.620  0.367    0.94782E+12
  0.620  0.400   -0.32549E+13
  0.620  0.433    0.11327E+13
  0.620  0.467    0.40247E+12
  0.620  0.500   -0.33408E+12
  0.620  0.533   -0.29323E+12
  0.620  0.567    0.94350E+12
  0.620  0.600   -0.14153E+13
  0.620  0.633    0.77629E+12
  0.620  0.667    0.25416E+13
  0.620  0.700   -0.89633E+13
  0.620  0.733    0.15047E+14
  0.620  0.767   -0.12549E+14
  0.620  0.800   -0.67789E+13
  0.620  0.833    0.40455E+14
  0.620  0.867   -0.67320E+14
  0.620  0.900    0.56143E+14
  0.620  0.933    0.64524E+13
  0.620  0.967   -0.90497E+14
  0.620  1.000    0.13286E+15
 
  0.630  0.000   -0.13138E+15
  0.630  0.033   -0.93557E+14
  0.630  0.067    0.23939E+15
  0.630  0.100   -0.20397E+15
  0.630  0.133    0.43649E+14
  0.630  0.167    0.93089E+14
  0.630  0.200   -0.11294E+15
  0.630  0.233    0.46012E+14
  0.630  0.267    0.18796E+14
  0.630  0.300   -0.33118E+14
  0.630  0.333    0.13816E+14
  0.630  0.367    0.34694E+13
  0.630  0.400   -0.58874E+13
  0.630  0.433    0.15709E+13
  0.630  0.467    0.84440E+12
  0.630  0.500   -0.35859E+12
  0.630  0.533   -0.10353E+13
  0.630  0.567    0.23588E+13
  0.630  0.600   -0.27303E+13
  0.630  0.633   -0.28291E+12
  0.630  0.667    0.94446E+13
  0.630  0.700   -0.23369E+14
  0.630  0.733    0.31604E+14
  0.630  0.767   -0.16011E+14
  0.630  0.800   -0.35119E+14
  0.630  0.833    0.10512E+15
  0.630  0.867   -0.14140E+15
  0.630  0.900    0.85957E+14
  0.630  0.933    0.64622E+14
  0.630  0.967   -0.22451E+15
  0.630  1.000    0.26592E+15
 
  0.640  0.000   -0.15407E+15
  0.640  0.033   -0.29332E+15
  0.640  0.067    0.50540E+15
  0.640  0.100   -0.35254E+15
  0.640  0.133    0.13985E+14
  0.640  0.167    0.21670E+15
  0.640  0.200   -0.20831E+15
  0.640  0.233    0.62342E+14
  0.640  0.267    0.49945E+14
  0.640  0.300   -0.61278E+14
  0.640  0.333    0.20024E+14
  0.640  0.367    0.90835E+13
  0.640  0.400   -0.10362E+14
  0.640  0.433    0.20067E+13
  0.640  0.467    0.15662E+13
  0.640  0.500    0.47420E+11
  0.640  0.533   -0.30717E+13
  0.640  0.567    0.54122E+13
  0.640  0.600   -0.41987E+13
  0.640  0.633   -0.61194E+13
  0.640  0.667    0.29133E+14
  0.640  0.700   -0.56354E+14
  0.640  0.733    0.60174E+14
  0.640  0.767   -0.45458E+13
  0.640  0.800   -0.11926E+15
  0.640  0.833    0.25303E+15
  0.640  0.867   -0.27781E+15
  0.640  0.900    0.98758E+14
  0.640  0.933    0.23810E+15
  0.640  0.967   -0.51877E+15
  0.640  1.000    0.50430E+15
 
  0.650  0.000   -0.70514E+14
  0.650  0.033   -0.77256E+15
  0.650  0.067    0.10202E+16
  0.650  0.100   -0.57245E+15
  0.650  0.133   -0.10765E+15
  0.650  0.167    0.47171E+15
  0.650  0.200   -0.37070E+15
  0.650  0.233    0.69780E+14
  0.650  0.267    0.11668E+15
  0.650  0.300   -0.11006E+15
  0.650  0.333    0.26588E+14
  0.650  0.367    0.20751E+14
  0.650  0.400   -0.17784E+14
  0.650  0.433    0.22710E+13
  0.650  0.467    0.24775E+13
  0.650  0.500    0.19189E+13
  0.650  0.533   -0.81621E+13
  0.650  0.567    0.11179E+14
  0.650  0.600   -0.30463E+13
  0.650  0.633   -0.27271E+14
  0.650  0.667    0.80425E+14
  0.650  0.700   -0.12627E+15
  0.650  0.733    0.99005E+14
  0.650  0.767    0.64284E+14
  0.650  0.800   -0.34264E+15
  0.650  0.833    0.57153E+15
  0.650  0.867   -0.50375E+15
  0.650  0.900    0.15152E+14
  0.650  0.933    0.69222E+15
  0.650  0.967   -0.11326E+16
  0.650  1.000    0.89932E+15
 
  0.660  0.000    0.35071E+15
  0.660  0.033   -0.18482E+16
  0.660  0.067    0.19757E+16
  0.660  0.100   -0.85134E+15
  0.660  0.133   -0.45526E+15
  0.660  0.167    0.97716E+15
  0.660  0.200   -0.63499E+15
  0.660  0.233    0.41641E+14
  0.660  0.267    0.25272E+15
  0.660  0.300   -0.19205E+15
  0.660  0.333    0.30090E+14
  0.660  0.367    0.43872E+14
  0.660  0.400   -0.29817E+14
  0.660  0.433    0.21472E+13
  0.660  0.467    0.28126E+13
  0.660  0.500    0.79675E+13
  0.660  0.533   -0.19767E+14
  0.660  0.567    0.19714E+14
  0.660  0.600    0.11489E+14
  0.660  0.633   -0.91888E+14
  0.660  0.667    0.20444E+15
  0.660  0.700   -0.26144E+15
  0.660  0.733    0.11984E+15
  0.660  0.767    0.30844E+15
  0.660  0.800   -0.89114E+15
  0.660  0.833    0.12167E+16
  0.660  0.867   -0.81509E+15
  0.660  0.900   -0.39109E+15
  0.660  0.933    0.17871E+16
  0.660  0.967   -0.23518E+16
  0.660  1.000    0.14812E+16
 
  0.670  0.000    0.16701E+16
  0.670  0.033   -0.41425E+16
  0.670  0.067    0.36720E+16
  0.670  0.100   -0.10890E+16
  0.670  0.133   -0.13147E+16
  0.670  0.167    0.19444E+16
  0.670  0.200   -0.10410E+16
  0.670  0.233   -0.85007E+14
  0.670  0.267    0.51958E+15
  0.670  0.300   -0.32533E+15
  0.670  0.333    0.21821E+14
  0.670  0.367    0.88085E+14
  0.670  0.400   -0.48995E+14
  0.670  0.433    0.17480E+13
  0.670  0.467   -0.28031E+12
  0.670  0.500    0.24608E+14
  0.670  0.533   -0.43455E+14
  0.670  0.567    0.24649E+14
  0.670  0.600    0.73515E+14
  0.670  0.633   -0.26969E+15
  0.670  0.667    0.48397E+15
  0.670  0.700   -0.49020E+15
  0.670  0.733    0.66772E+13
  0.670  0.767    0.10282E+16
  0.670  0.800   -0.21559E+16
  0.670  0.833    0.24358E+16
  0.670  0.867   -0.10695E+16
  0.670  0.900   -0.16980E+16
  0.670  0.933    0.42704E+16
  0.670  0.967   -0.46515E+16
  0.670  1.000    0.21595E+16
 
  0.680  0.000    0.51576E+16
  0.680  0.033   -0.88312E+16
  0.680  0.067    0.65285E+16
  0.680  0.100   -0.95354E+15
  0.680  0.133   -0.32702E+16
  0.680  0.167    0.37357E+16
  0.680  0.200   -0.16145E+16
  0.680  0.233   -0.44776E+15
  0.680  0.267    0.10265E+16
  0.680  0.300   -0.53362E+15
  0.680  0.333   -0.17937E+14
  0.680  0.367    0.17033E+15
  0.680  0.400   -0.79441E+14
  0.680  0.433    0.29649E+13
  0.680  0.467   -0.15213E+14
  0.680  0.500    0.65445E+14
  0.680  0.533   -0.84317E+14
  0.680  0.567   -0.46705E+13
  0.680  0.600    0.27944E+15
  0.680  0.633   -0.72188E+15
  0.680  0.667    0.10685E+16
  0.680  0.700   -0.78833E+15
  0.680  0.733   -0.60623E+15
  0.680  0.767    0.29386E+16
  0.680  0.800   -0.49108E+16
  0.680  0.833    0.45390E+16
  0.680  0.867   -0.69238E+15
  0.680  0.900   -0.52791E+16
  0.680  0.933    0.96236E+16
  0.680  0.967   -0.87382E+16
  0.680  1.000    0.24532E+16
 
  0.690  0.000    0.13551E+17
  0.690  0.033   -0.18047E+17
  0.690  0.067    0.11018E+17
  0.690  0.100    0.43647E+15
  0.690  0.133   -0.74738E+16
  0.690  0.167    0.69458E+16
  0.690  0.200   -0.23146E+16
  0.690  0.233   -0.13323E+16
  0.690  0.267    0.19626E+16
  0.690  0.300   -0.84304E+15
  0.690  0.333   -0.13090E+15
  0.690  0.367    0.32020E+15
  0.690  0.400   -0.12888E+15
  0.690  0.433    0.13872E+14
  0.690  0.467   -0.63608E+14
  0.690  0.500    0.15530E+15
  0.690  0.533   -0.13210E+15
  0.690  0.567   -0.17513E+15
  0.690  0.600    0.88022E+15
  0.690  0.633   -0.17961E+16
  0.690  0.667    0.21825E+16
  0.690  0.700   -0.89758E+15
  0.690  0.733   -0.27331E+16
  0.690  0.767    0.76483E+16
  0.690  0.800   -0.10581E+17
  0.690  0.833    0.76778E+16
  0.690  0.867    0.20596E+16
  0.690  0.900   -0.14221E+17
  0.690  0.933    0.20641E+17
  0.690  0.967   -0.15453E+17
  0.690  1.000    0.83055E+15
 
  0.700  0.000    0.32510E+17
  0.700  0.033   -0.35486E+17
  0.700  0.067    0.17367E+17
  0.700  0.100    0.51826E+16
  0.700  0.133   -0.16126E+17
  0.700  0.167    0.12502E+17
  0.700  0.200   -0.29040E+16
  0.700  0.233   -0.33093E+16
  0.700  0.267    0.36460E+16
  0.700  0.300   -0.12703E+16
  0.700  0.333   -0.40156E+15
  0.700  0.367    0.58965E+15
  0.700  0.400   -0.21454E+15
  0.700  0.433    0.60360E+14
  0.700  0.467   -0.19496E+15
  0.700  0.500    0.32775E+15
  0.700  0.533   -0.10629E+15
  0.700  0.567   -0.80835E+15
  0.700  0.600    0.24860E+16
  0.700  0.633   -0.41833E+16
  0.700  0.667    0.40306E+16
  0.700  0.700    0.20375E+15
  0.700  0.733   -0.89620E+16
  0.700  0.767    0.18586E+17
  0.700  0.800   -0.21536E+17
  0.700  0.833    0.11049E+17
  0.700  0.867    0.11828E+17
  0.700  0.900   -0.35138E+17
  0.700  0.933    0.42297E+17
  0.700  0.967   -0.25223E+17
  0.700  1.000   -0.68017E+16
 
  0.710  0.000    0.73307E+17
  0.710  0.033   -0.67198E+17
  0.710  0.067    0.24677E+17
  0.710  0.100    0.17967E+17
  0.710  0.133   -0.33302E+17
  0.710  0.167    0.21746E+17
  0.710  0.200   -0.26608E+16
  0.710  0.233   -0.74825E+16
  0.710  0.267    0.65958E+16
  0.710  0.300   -0.17916E+16
  0.710  0.333   -0.99628E+15
  0.710  0.367    0.10722E+16
  0.710  0.400   -0.37948E+15
  0.710  0.433    0.21355E+15
  0.710  0.467   -0.50858E+15
  0.710  0.500    0.58817E+15
  0.710  0.533    0.31495E+15
  0.710  0.567   -0.27850E+16
  0.710  0.600    0.64876E+16
  0.710  0.633   -0.91116E+16
  0.710  0.667    0.63267E+16
  0.710  0.700    0.57032E+16
  0.710  0.733   -0.25491E+17
  0.710  0.767    0.42659E+17
  0.710  0.800   -0.41086E+17
  0.710  0.833    0.10581E+17
  0.710  0.867    0.40007E+17
  0.710  0.900   -0.81598E+17
  0.710  0.933    0.82809E+17
  0.710  0.967   -0.36276E+17
  0.710  1.000   -0.30389E+17
 
  0.720  0.000    0.15761E+18
  0.720  0.033   -0.12232E+18
  0.720  0.067    0.28703E+17
  0.720  0.100    0.48729E+17
  0.720  0.133   -0.66331E+17
  0.720  0.167    0.36390E+17
  0.720  0.200    0.23230E+15
  0.720  0.233   -0.15930E+17
  0.720  0.267    0.11628E+17
  0.720  0.300   -0.22687E+16
  0.720  0.333   -0.22373E+16
  0.720  0.367    0.19431E+16
  0.720  0.400   -0.73529E+15
  0.720  0.433    0.64682E+15
  0.720  0.467   -0.11666E+16
  0.720  0.500    0.75210E+15
  0.720  0.533    0.21749E+16
  0.720  0.567   -0.83485E+16
  0.720  0.600    0.15847E+17
  0.720  0.633   -0.18375E+17
  0.720  0.667    0.67009E+16
  0.720  0.700    0.24419E+17
  0.720  0.733   -0.66380E+17
  0.720  0.767    0.92906E+17
  0.720  0.800   -0.72087E+17
  0.720  0.833   -0.70746E+16
  0.720  0.867    0.11297E+18
  0.720  0.900   -0.18024E+18
  0.720  0.933    0.15426E+18
  0.720  0.967   -0.39809E+17
  0.720  1.000   -0.92606E+17
 
  0.730  0.000    0.32557E+18
  0.730  0.033   -0.21294E+18
  0.730  0.067    0.16687E+17
  0.730  0.100    0.11777E+18
  0.730  0.133   -0.12796E+18
  0.730  0.167    0.58084E+17
  0.730  0.200    0.99294E+16
  0.730  0.233   -0.32464E+17
  0.730  0.267    0.19966E+17
  0.730  0.300   -0.22876E+16
  0.730  0.333   -0.47456E+16
  0.730  0.367    0.35502E+16
  0.730  0.400   -0.15646E+16
  0.730  0.433    0.17349E+16
  0.730  0.467   -0.23179E+16
  0.730  0.500   -0.10158E+15
  0.730  0.533    0.84889E+16
  0.730  0.567   -0.22866E+17
  0.730  0.600    0.36380E+17
  0.730  0.633   -0.33420E+17
  0.730  0.667   -0.39302E+16
  0.730  0.700    0.78899E+17
  0.730  0.733   -0.16195E+18
  0.730  0.767    0.19190E+18
  0.730  0.800   -0.11109E+18
  0.730  0.833   -0.79102E+17
  0.730  0.867    0.28890E+18
  0.730  0.900   -0.38094E+18
  0.730  0.933    0.27070E+18
  0.730  0.967   -0.81300E+16
  0.730  1.000   -0.24274E+18
 
  0.740  0.000    0.64867E+18
  0.740  0.033   -0.35071E+18
  0.740  0.067   -0.43960E+17
  0.740  0.100    0.26520E+18
  0.740  0.133   -0.23959E+18
  0.740  0.167    0.86977E+17
  0.740  0.200    0.35366E+17
  0.740  0.233   -0.63923E+17
  0.740  0.267    0.33319E+17
  0.740  0.300   -0.81276E+15
  0.740  0.333   -0.97231E+16
  0.740  0.367    0.66191E+16
  0.740  0.400   -0.35442E+16
  0.740  0.433    0.41665E+16
  0.740  0.467   -0.36476E+16
  0.740  0.500   -0.52559E+16
  0.740  0.533    0.27302E+17
  0.740  0.567   -0.58413E+17
  0.740  0.600    0.78260E+17
  0.740  0.633   -0.51114E+17
  0.740  0.667   -0.53628E+17
  0.740  0.700    0.22341E+18
  0.740  0.733   -0.37426E+18
  0.740  0.767    0.37370E+18
  0.740  0.800   -0.13029E+18
  0.740  0.833   -0.29990E+18
  0.740  0.867    0.69080E+18
  0.740  0.900   -0.77193E+18
  0.740  0.933    0.43800E+18
  0.740  0.967    0.13263E+18
  0.740  1.000   -0.58372E+18
 
  0.750  0.000    0.12483E+19
  0.750  0.033   -0.53476E+18
  0.750  0.067   -0.22946E+18
  0.750  0.100    0.56808E+18
  0.750  0.133   -0.43553E+18
  0.750  0.167    0.11794E+18
  0.750  0.200    0.94938E+17
  0.750  0.233   -0.12227E+18
  0.750  0.267    0.53798E+17
  0.750  0.300    0.45335E+16
  0.750  0.333   -0.19528E+17
  0.750  0.367    0.12717E+17
  0.750  0.400   -0.81707E+16
  0.750  0.433    0.88550E+16
  0.750  0.467   -0.26827E+16
  0.750  0.500   -0.24791E+17
  0.750  0.533    0.78731E+17
  0.750  0.567   -0.14042E+18
  0.750  0.600    0.15588E+18
  0.750  0.633   -0.49605E+17
  0.750  0.667   -0.21985E+18
  0.750  0.700    0.58201E+18
  0.750  0.733   -0.82304E+18
  0.750  0.767    0.67609E+18
  0.750  0.800   -0.28523E+17
  0.750  0.833   -0.89433E+18
  0.750  0.867    0.15684E+19
  0.750  0.900   -0.14979E+19
  0.750  0.933    0.62122E+18
  0.750  0.967    0.56244E+18
  0.750  1.000   -0.13232E+19
 
  0.760  0.000    0.23181E+19
  0.760  0.033   -0.71795E+18
  0.760  0.067   -0.70798E+18
  0.760  0.100    0.11702E+19
  0.760  0.133   -0.76762E+18
  0.760  0.167    0.13175E+18
  0.760  0.200    0.22526E+18
  0.760  0.233   -0.22791E+18
  0.760  0.267    0.83357E+17
  0.760  0.300    0.18971E+17
  0.760  0.333   -0.38876E+17
  0.760  0.367    0.25250E+17
  0.760  0.400   -0.18386E+17
  0.760  0.433    0.15778E+17
  0.760  0.467    0.10582E+17
  0.760  0.500   -0.86903E+17
  0.760  0.533    0.21022E+18
  0.760  0.567   -0.31820E+18
  0.760  0.600    0.27918E+18
  0.760  0.633    0.52542E+17
  0.760  0.667   -0.70097E+18
  0.760  0.700    0.14250E+19
  0.760  0.733   -0.17225E+19
  0.760  0.767    0.10989E+19
  0.760  0.800    0.49096E+18
  0.760  0.833   -0.23720E+19
  0.760  0.867    0.34082E+19
  0.760  0.900   -0.27694E+19
  0.760  0.933    0.65649E+18
  0.760  0.967    0.16938E+19
  0.760  1.000   -0.28660E+19
 
  0.770  0.000    0.41398E+19
  0.770  0.033   -0.72393E+18
  0.770  0.067   -0.18349E+19
  0.770  0.100    0.23330E+19
  0.770  0.133   -0.13072E+19
  0.770  0.167    0.75637E+17
  0.770  0.200    0.49716E+18
  0.770  0.233   -0.41466E+18
  0.770  0.267    0.12199E+18
  0.770  0.300    0.53678E+17
  0.770  0.333   -0.77351E+17
  0.770  0.367    0.51431E+17
  0.770  0.400   -0.38884E+17
  0.770  0.433    0.18895E+17
  0.770  0.467    0.69073E+17
  0.770  0.500   -0.26518E+18
  0.770  0.533    0.52727E+18
  0.770  0.567   -0.67663E+18
  0.770  0.600    0.41516E+18
  0.770  0.633    0.50465E+18
  0.770  0.667   -0.19766E+19
  0.770  0.700    0.33136E+19
  0.770  0.733   -0.34153E+19
  0.770  0.767    0.14636E+19
  0.770  0.800    0.22087E+19
  0.770  0.833   -0.58401E+19
  0.770  0.867    0.71148E+19
  0.770  0.900   -0.48249E+19
  0.770  0.933    0.34093E+17
  0.770  0.967    0.44297E+19
  0.770  1.000   -0.59765E+19
 
  0.780  0.000    0.70580E+19
  0.780  0.033   -0.57336E+17
  0.780  0.067   -0.43356E+19
  0.780  0.100    0.45171E+19
  0.780  0.133   -0.21370E+19
  0.780  0.167   -0.17728E+18
  0.780  0.200    0.10443E+19
  0.780  0.233   -0.73666E+18
  0.780  0.267    0.16297E+18
  0.780  0.300    0.13230E+18
  0.780  0.333   -0.15462E+18
  0.780  0.367    0.10562E+18
  0.780  0.400   -0.73552E+17
  0.780  0.433   -0.11212E+17
  0.780  0.467    0.26962E+18
  0.780  0.500   -0.74065E+18
  0.780  0.533    0.12496E+19
  0.780  0.567   -0.13317E+19
  0.780  0.600    0.36147E+18
  0.780  0.633    0.19934E+19
  0.780  0.667   -0.51507E+19
  0.780  0.700    0.73509E+19
  0.780  0.733   -0.63427E+19
  0.780  0.767    0.10165E+19
  0.780  0.800    0.70380E+19
  0.780  0.833   -0.13613E+20
  0.780  0.867    0.14279E+20
  0.780  0.900   -0.77402E+19
  0.780  0.933   -0.26033E+19
  0.780  0.967    0.10673E+20
  0.780  1.000   -0.12046E+20
 
  0.790  0.000    0.11327E+20
  0.790  0.033    0.25096E+19
  0.790  0.067   -0.96473E+19
  0.790  0.100    0.85095E+19
  0.790  0.133   -0.33128E+19
  0.790  0.167   -0.91020E+18
  0.790  0.200    0.21128E+19
  0.790  0.233   -0.12764E+19
  0.790  0.267    0.18138E+18
  0.790  0.300    0.30445E+18
  0.790  0.333   -0.31076E+18
  0.790  0.367    0.21312E+18
  0.790  0.400   -0.11096E+18
  0.790  0.433   -0.17971E+18
  0.790  0.467    0.87579E+18
  0.790  0.500   -0.19348E+19
  0.790  0.533    0.27984E+19
  0.790  0.567   -0.23476E+19
  0.790  0.600   -0.61768E+18
  0.790  0.633    0.62798E+19
  0.790  0.667   -0.12652E+20
  0.790  0.700    0.15567E+20
  0.790  0.733   -0.10758E+20
  0.790  0.767   -0.25964E+19
  0.790  0.800    0.19429E+20
  0.790  0.833   -0.30348E+20
  0.790  0.867    0.27490E+20
  0.790  0.900   -0.10822E+20
  0.790  0.933   -0.10569E+20
  0.790  0.967    0.24305E+20
  0.790  1.000   -0.23509E+20
 
  0.800  0.000    0.16618E+20
  0.800  0.033    0.98038E+19
  0.800  0.067   -0.20541E+20
  0.800  0.100    0.15603E+20
  0.800  0.133   -0.47543E+19
  0.800  0.167   -0.27240E+19
  0.800  0.200    0.41464E+19
  0.800  0.233   -0.21511E+19
  0.800  0.267    0.10754E+18
  0.800  0.300    0.67357E+18
  0.800  0.333   -0.62510E+18
  0.800  0.367    0.40757E+18
  0.800  0.400   -0.69702E+17
  0.800  0.433   -0.81301E+18
  0.800  0.467    0.25621E+19
  0.800  0.500   -0.47747E+19
  0.800  0.533    0.58860E+19
  0.800  0.567   -0.33855E+19
  0.800  0.600   -0.47562E+19
  0.800  0.633    0.17639E+20
  0.800  0.667   -0.29583E+20
  0.800  0.700    0.31362E+20
  0.800  0.733   -0.15655E+20
  0.800  0.767   -0.15811E+20
  0.800  0.800    0.49295E+20
  0.800  0.833   -0.65051E+20
  0.800  0.867    0.50477E+20
  0.800  0.900   -0.10974E+20
  0.800  0.933   -0.31494E+20
  0.800  0.967    0.52994E+20
  0.800  1.000   -0.44411E+20
 
  0.810  0.000    0.20706E+20
  0.810  0.033    0.28011E+20
  0.810  0.067   -0.42228E+20
  0.810  0.100    0.27817E+20
  0.810  0.133   -0.59725E+19
  0.810  0.167   -0.68462E+19
  0.810  0.200    0.79248E+19
  0.810  0.233   -0.35063E+19
  0.810  0.267   -0.23208E+18
  0.810  0.300    0.14528E+19
  0.810  0.333   -0.12447E+19
  0.810  0.367    0.69394E+18
  0.810  0.400    0.37628E+18
  0.810  0.433   -0.28381E+19
  0.810  0.467    0.69643E+19
  0.810  0.500   -0.11171E+20
  0.810  0.533    0.11449E+20
  0.810  0.567   -0.25632E+19
  0.810  0.600   -0.18193E+20
  0.810  0.633    0.45972E+20
  0.810  0.667   -0.66150E+20
  0.810  0.700    0.59573E+20
  0.810  0.733   -0.15562E+20
  0.810  0.767   -0.54875E+20
  0.810  0.800    0.11790E+21
  0.810  0.833   -0.13437E+21
  0.810  0.867    0.87348E+20
  0.810  0.900    0.13376E+19
  0.810  0.933   -0.82187E+20
  0.810  0.967    0.11144E+21
  0.810  1.000   -0.81028E+20
 
  0.820  0.000    0.16324E+20
  0.820  0.033    0.70154E+20
  0.820  0.067   -0.84255E+20
  0.820  0.100    0.48091E+20
  0.820  0.133   -0.54482E+19
  0.820  0.167   -0.15709E+20
  0.820  0.200    0.14784E+20
  0.820  0.233   -0.54709E+19
  0.820  0.267   -0.12430E+19
  0.820  0.300    0.30713E+19
  0.820  0.333   -0.24079E+19
  0.820  0.367    0.88453E+18
  0.820  0.400    0.23049E+19
  0.820  0.433   -0.87195E+19
  0.820  0.467    0.17845E+20
  0.820  0.500   -0.24743E+20
  0.820  0.533    0.19856E+20
  0.820  0.567    0.68148E+19
  0.820  0.600   -0.56692E+20
  0.820  0.633    0.11324E+21
  0.820  0.667   -0.14158E+21
  0.820  0.700    0.10465E+21
  0.820  0.733    0.80264E+19
  0.820  0.767   -0.15854E+21
  0.820  0.800    0.26926E+21
  0.820  0.833   -0.26740E+21
  0.820  0.867    0.13895E+21
  0.820  0.900    0.51452E+20
  0.820  0.933   -0.19836E+21
  0.820  0.967    0.22692E+21
  0.820  1.000   -0.14207E+21
 
  0.830  0.000   -0.15975E+20
  0.830  0.033    0.16280E+21
  0.830  0.067   -0.16366E+21
  0.830  0.100    0.80215E+20
  0.830  0.133    0.70813E+18
  0.830  0.167   -0.34004E+20
  0.830  0.200    0.26936E+20
  0.830  0.233   -0.80076E+19
  0.830  0.267   -0.38315E+19
  0.830  0.300    0.63587E+19
  0.830  0.333   -0.43833E+19
  0.830  0.367    0.32297E+17
  0.830  0.400    0.89196E+19
  0.830  0.433   -0.24659E+20
  0.830  0.467    0.43399E+20
  0.830  0.500   -0.51503E+20
  0.830  0.533    0.27681E+20
  0.830  0.567    0.44919E+20
  0.830  0.600   -0.15865E+21
  0.830  0.633    0.26614E+21
  0.830  0.667   -0.28933E+21
  0.830  0.700    0.16263E+21
  0.830  0.733    0.10797E+21
  0.830  0.767   -0.41523E+21
  0.830  0.800    0.59126E+21
  0.830  0.833   -0.51121E+21
  0.830  0.867    0.19146E+21
  0.830  0.900    0.20134E+21
  0.830  0.933   -0.45353E+21
  0.830  0.967    0.44831E+21
  0.830  1.000   -0.23710E+21
 
  0.840  0.000   -0.12324E+21
  0.840  0.033    0.35868E+21
  0.840  0.067   -0.30999E+21
  0.840  0.100    0.12792E+21
  0.840  0.133    0.21536E+20
  0.840  0.167   -0.70569E+20
  0.840  0.200    0.47902E+20
  0.840  0.233   -0.10513E+20
  0.840  0.267   -0.99457E+19
  0.840  0.300    0.12804E+20
  0.840  0.333   -0.70327E+19
  0.840  0.367   -0.53001E+19
  0.840  0.400    0.29066E+20
  0.840  0.433   -0.65493E+20
  0.840  0.467    0.10034E+21
  0.840  0.500   -0.99013E+20
  0.840  0.533    0.17338E+20
  0.840  0.567    0.16706E+21
  0.840  0.600   -0.41353E+21
  0.840  0.633    0.59942E+21
  0.840  0.667   -0.56050E+21
  0.840  0.700    0.19543E+21
  0.840  0.733    0.42188E+21
  0.840  0.767   -0.10191E+22
  0.840  0.800    0.12527E+22
  0.840  0.833   -0.93281E+21
  0.840  0.867    0.18553E+21
  0.840  0.900    0.59426E+21
  0.840  0.933   -0.99463E+21
  0.840  0.967    0.85955E+21
  0.840  1.000   -0.36978E+21
 
  0.850  0.000   -0.41239E+21
  0.850  0.033    0.75988E+21
  0.850  0.067   -0.57273E+21
  0.850  0.100    0.19175E+21
  0.850  0.133    0.76798E+20
  0.850  0.167   -0.14165E+21
  0.850  0.200    0.82952E+20
  0.850  0.233   -0.10854E+20
  0.850  0.267   -0.23596E+20
  0.850  0.300    0.24706E+20
  0.850  0.333   -0.80723E+19
  0.850  0.367   -0.25920E+20
  0.850  0.400    0.85802E+20
  0.850  0.433   -0.16499E+21
  0.850  0.467    0.21995E+21
  0.850  0.500   -0.16882E+21
  0.850  0.533   -0.72496E+20
  0.850  0.567    0.51542E+21
  0.850  0.600   -0.10213E+22
  0.850  0.633    0.12954E+22
  0.850  0.667   -0.10141E+22
  0.850  0.700    0.59555E+20
  0.850  0.733    0.12865E+22
  0.850  0.767   -0.23822E+22
  0.850  0.800    0.25641E+22
  0.850  0.833   -0.16038E+22
  0.850  0.867   -0.59715E+20
  0.850  0.900    0.15476E+22
  0.850  0.933   -0.21071E+22
  0.850  0.967    0.15972E+22
  0.850  1.000   -0.51771E+21
 
  0.860  0.000   -0.11157E+22
  0.860  0.033    0.15594E+22
  0.860  0.067   -0.10314E+22
  0.860  0.100    0.26072E+21
  0.860  0.133    0.20787E+21
  0.860  0.167   -0.27641E+21
  0.860  0.200    0.13924E+21
  0.860  0.233   -0.32087E+19
  0.860  0.267   -0.52576E+20
  0.860  0.300    0.44373E+20
  0.860  0.333    0.26363E+19
  0.860  0.367   -0.92953E+20
  0.860  0.400    0.23628E+21
  0.860  0.433   -0.39596E+21
  0.860  0.467    0.45322E+21
  0.860  0.500   -0.22662E+21
  0.860  0.533   -0.42525E+21
  0.860  0.567    0.14375E+22
  0.860  0.600   -0.24113E+22
  0.860  0.633    0.26810E+22
  0.860  0.667   -0.16582E+22
  0.860  0.700   -0.67660E+21
  0.860  0.733    0.34877E+22
  0.860  0.767   -0.53500E+22
  0.860  0.800    0.50648E+22
  0.860  0.833   -0.25303E+22
  0.860  0.867   -0.10241E+22
  0.860  0.900    0.37404E+22
  0.860  0.933   -0.43297E+22
  0.860  0.967    0.28661E+22
  0.860  1.000   -0.58090E+21
 
  0.870  0.000   -0.27209E+22
  0.870  0.033    0.31140E+22
  0.870  0.067   -0.18067E+22
  0.870  0.100    0.29243E+21
  0.870  0.133    0.49844E+21
  0.870  0.167   -0.52580E+21
  0.870  0.200    0.22470E+21
  0.870  0.233    0.26412E+20
  0.870  0.267   -0.11075E+21
  0.870  0.300    0.69415E+20
  0.870  0.333    0.59990E+20
  0.870  0.367   -0.29049E+21
  0.870  0.400    0.61562E+21
  0.870  0.433   -0.90546E+21
  0.870  0.467    0.86112E+21
  0.870  0.500   -0.10745E+21
  0.870  0.533   -0.15429E+22
  0.870  0.567    0.37467E+22
  0.870  0.600   -0.54667E+22
  0.870  0.633    0.52846E+22
  0.870  0.667   -0.22472E+22
  0.870  0.700   -0.31752E+22
  0.870  0.733    0.87904E+22
  0.870  0.767   -0.11599E+23
  0.870  0.800    0.96219E+22
  0.870  0.833   -0.34340E+22
  0.870  0.867   -0.38828E+22
  0.870  0.900    0.85825E+22
  0.870  0.933   -0.86472E+22
  0.870  0.967    0.49342E+22
  0.870  1.000   -0.25998E+21
 
  0.880  0.000   -0.62218E+22
  0.880  0.033    0.60664E+22
  0.880  0.067   -0.30662E+22
  0.880  0.100    0.16882E+21
  0.880  0.133    0.11130E+22
  0.880  0.167   -0.97611E+21
  0.880  0.200    0.34368E+21
  0.880  0.233    0.10871E+21
  0.880  0.267   -0.21884E+21
  0.880  0.300    0.75070E+20
  0.880  0.333    0.27028E+21
  0.880  0.367   -0.83416E+21
  0.880  0.400    0.15283E+22
  0.880  0.433   -0.19654E+22
  0.880  0.467    0.14423E+22
  0.880  0.500    0.75381E+21
  0.880  0.533   -0.47166E+22
  0.880  0.567    0.92748E+22
  0.880  0.600   -0.11918E+23
  0.880  0.633    0.98037E+22
  0.880  0.667   -0.16904E+22
  0.880  0.700   -0.10355E+23
  0.880  0.733    0.21024E+23
  0.880  0.767   -0.24331E+23
  0.880  0.800    0.17455E+23
  0.880  0.833   -0.31647E+22
  0.880  0.867   -0.11362E+23
  0.880  0.900    0.18920E+23
  0.880  0.933   -0.16796E+23
  0.880  0.967    0.80508E+22
  0.880  1.000    0.12165E+22
 
  0.890  0.000   -0.13595E+23
  0.890  0.033    0.11546E+23
  0.890  0.067   -0.50072E+22
  0.890  0.100   -0.39767E+21
  0.890  0.133    0.23664E+22
  0.890  0.167   -0.17680E+22
  0.890  0.200    0.48466E+21
  0.890  0.233    0.30524E+21
  0.890  0.267   -0.39519E+21
  0.890  0.300   -0.42056E+20
  0.890  0.333    0.93294E+21
  0.890  0.367   -0.22516E+22
  0.890  0.400    0.36245E+22
  0.890  0.433   -0.40100E+22
  0.890  0.467    0.18553E+22
  0.890  0.500    0.40361E+22
  0.890  0.533   -0.13111E+23
  0.890  0.567    0.21990E+23
  0.890  0.600   -0.24950E+23
  0.890  0.633    0.16700E+23
  0.890  0.667    0.35081E+22
  0.890  0.700   -0.29182E+23
  0.890  0.733    0.48237E+23
  0.890  0.767   -0.49403E+23
  0.890  0.800    0.29827E+23
  0.890  0.833    0.17538E+22
  0.890  0.867   -0.29531E+23
  0.890  0.900    0.40350E+23
  0.890  0.933   -0.31704E+23
  0.890  0.967    0.12151E+23
  0.890  1.000    0.56795E+22
 
  0.900  0.000   -0.28679E+23
  0.900  0.033    0.21478E+23
  0.900  0.067   -0.77729E+22
  0.900  0.100   -0.20561E+22
  0.900  0.133    0.48471E+22
  0.900  0.167   -0.31196E+22
  0.900  0.200    0.59231E+21
  0.900  0.233    0.72549E+21
  0.900  0.267   -0.60707E+21
  0.900  0.300   -0.62705E+21
  0.900  0.333    0.28437E+22
  0.900  0.367   -0.57773E+22
  0.900  0.400    0.82052E+22
  0.900  0.433   -0.75292E+22
  0.900  0.467    0.54689E+21
  0.900  0.500    0.14325E+23
  0.900  0.533   -0.34172E+23
  0.900  0.567    0.50154E+23
  0.900  0.600   -0.49940E+23
  0.900  0.633    0.24615E+23
  0.900  0.667    0.23122E+23
  0.900  0.700   -0.75633E+23
  0.900  0.733    0.10682E+24
  0.900  0.767   -0.96942E+23
  0.900  0.800    0.46671E+23
  0.900  0.833    0.20525E+23
  0.900  0.867   -0.71460E+23
  0.900  0.900    0.83583E+23
  0.900  0.933   -0.58017E+23
  0.900  0.967    0.16034E+23
  0.900  1.000    0.17244E+23
 
  0.910  0.000   -0.58773E+23
  0.910  0.033    0.39028E+23
  0.910  0.067   -0.11203E+23
  0.910  0.100   -0.61981E+22
  0.910  0.133    0.96271E+22
  0.910  0.167   -0.53467E+22
  0.910  0.200    0.51240E+21
  0.910  0.233    0.15250E+22
  0.910  0.267   -0.59508E+21
  0.910  0.300   -0.27095E+22
  0.910  0.333    0.80163E+22
  0.910  0.367   -0.14167E+23
  0.910  0.400    0.17646E+23
  0.910  0.433   -0.12375E+23
  0.910  0.467   -0.77197E+22
  0.910  0.500    0.43423E+23
  0.910  0.533   -0.84768E+23
  0.910  0.567    0.11021E+24
  0.910  0.600   -0.94674E+23
  0.910  0.633    0.25511E+23
  0.910  0.667    0.82375E+23
  0.910  0.700   -0.18511E+24
  0.910  0.733    0.22908E+24
  0.910  0.767   -0.18311E+24
  0.910  0.800    0.62359E+23
  0.910  0.833    0.75716E+23
  0.910  0.867   -0.16449E+24
  0.910  0.900    0.16854E+24
  0.910  0.933   -0.10245E+24
  0.910  0.967    0.15309E+23
  0.910  1.000    0.44798E+23
 
  0.920  0.000   -0.11745E+24
  0.920  0.033    0.69167E+23
  0.920  0.067   -0.14206E+23
  0.920  0.100   -0.15693E+23
  0.920  0.133    0.18611E+23
  0.920  0.167   -0.88621E+22
  0.920  0.200   -0.95180E+20
  0.920  0.233    0.27971E+22
  0.920  0.267    0.67357E+21
  0.920  0.300   -0.91449E+22
  0.920  0.333    0.21326E+23
  0.920  0.367   -0.33254E+23
  0.920  0.400    0.35658E+23
  0.920  0.433   -0.15168E+23
  0.920  0.467   -0.38405E+23
  0.920  0.500    0.12034E+24
  0.920  0.533   -0.20176E+24
  0.920  0.567    0.23314E+24
  0.920  0.600   -0.16678E+24
  0.920  0.633   -0.86066E+22
  0.920  0.667    0.24286E+24
  0.920  0.700   -0.43362E+24
  0.920  0.733    0.47639E+24
  0.920  0.767   -0.33039E+24
  0.920  0.800    0.54345E+23
  0.920  0.833    0.21984E+24
  0.920  0.867   -0.36430E+24
  0.920  0.900    0.33114E+24
  0.920  0.933   -0.17310E+24
  0.920  0.967   -0.23848E+22
  0.920  1.000    0.10694E+24
 
  0.930  0.000   -0.22943E+24
  0.930  0.033    0.11919E+24
  0.930  0.067   -0.13314E+23
  0.930  0.100   -0.36276E+23
  0.930  0.133    0.35095E+23
  0.930  0.167   -0.14122E+23
  0.930  0.200   -0.18305E+22
  0.930  0.233    0.40712E+22
  0.930  0.267    0.65647E+22
  0.930  0.300   -0.27428E+23
  0.930  0.333    0.54074E+23
  0.930  0.367   -0.74602E+23
  0.930  0.400    0.66154E+23
  0.930  0.433   -0.12256E+22
  0.930  0.467   -0.13365E+24
  0.930  0.500    0.31359E+24
  0.930  0.533   -0.46270E+24
  0.930  0.567    0.47310E+24
  0.930  0.600   -0.26169E+24
  0.930  0.633   -0.15949E+24
  0.930  0.667    0.64875E+24
  0.930  0.700   -0.97962E+24
  0.930  0.733    0.96046E+24
  0.930  0.767   -0.56123E+24
  0.930  0.800   -0.44950E+23
  0.930  0.833    0.57032E+24
  0.930  0.867   -0.78157E+24
  0.930  0.900    0.63368E+24
  0.930  0.933   -0.27553E+24
  0.930  0.967   -0.67980E+23
  0.930  1.000    0.24158E+24
 
  0.940  0.000   -0.43860E+24
  0.940  0.033    0.19869E+24
  0.940  0.067    0.46377E+21
  0.940  0.100   -0.79098E+23
  0.940  0.133    0.64626E+23
  0.940  0.167   -0.21497E+23
  0.940  0.200   -0.53716E+22
  0.940  0.233    0.25751E+22
  0.940  0.267    0.26960E+23
  0.940  0.300   -0.76329E+23
  0.940  0.333    0.13128E+24
  0.940  0.367   -0.15906E+24
  0.940  0.400    0.10658E+24
  0.940  0.433    0.78229E+23
  0.940  0.467   -0.40200E+24
  0.940  0.500    0.77937E+24
  0.940  0.533   -0.10242E+25
  0.940  0.567    0.91397E+24
  0.940  0.600   -0.32301E+24
  0.940  0.633   -0.64443E+24
  0.940  0.667    0.16258E+25
  0.940  0.700   -0.21437E+25
  0.940  0.733    0.18735E+25
  0.940  0.767   -0.87100E+24
  0.940  0.800   -0.41411E+24
  0.940  0.833    0.13815E+25
  0.940  0.867   -0.16307E+25
  0.940  0.900    0.11792E+25
  0.940  0.933   -0.40007E+24
  0.940  0.967   -0.25371E+24
  0.940  1.000    0.52418E+24
 
  0.950  0.000   -0.82097E+24
  0.950  0.033    0.31763E+24
  0.950  0.067    0.48201E+23
  0.950  0.100   -0.16533E+24
  0.950  0.133    0.11630E+24
  0.950  0.167   -0.31173E+23
  0.950  0.200   -0.10140E+23
  0.950  0.233   -0.12056E+23
  0.950  0.267    0.88933E+23
  0.950  0.300   -0.20089E+24
  0.950  0.333    0.30548E+24
  0.950  0.367   -0.31844E+24
  0.950  0.400    0.12359E+24
  0.950  0.433    0.36637E+24
  0.950  0.467   -0.11108E+25
  0.950  0.500    0.18615E+25
  0.950  0.533   -0.21871E+25
  0.950  0.567    0.16562E+25
  0.950  0.600   -0.13016E+24
  0.950  0.633   -0.20066E+25
  0.950  0.667    0.38874E+25
  0.950  0.700   -0.45540E+25
  0.950  0.733    0.35202E+25
  0.950  0.767   -0.11451E+25
  0.950  0.800   -0.14915E+25
  0.950  0.833    0.31888E+25
  0.950  0.867   -0.33167E+25
  0.950  0.900    0.21268E+25
  0.950  0.933   -0.48788E+24
  0.950  0.967   -0.72045E+24
  0.950  1.000    0.11018E+25
 
  0.960  0.000   -0.15041E+25
  0.960  0.033    0.47929E+24
  0.960  0.067    0.17632E+24
  0.960  0.100   -0.33431E+24
  0.960  0.133    0.20478E+24
  0.960  0.167   -0.43793E+23
  0.960  0.200   -0.89900E+22
  0.960  0.233   -0.72649E+23
  0.960  0.267    0.26283E+24
  0.960  0.300   -0.50472E+24
  0.960  0.333    0.67983E+24
  0.960  0.367   -0.58366E+24
  0.960  0.400   -0.22070E+23
  0.960  0.433    0.12527E+25
  0.960  0.467   -0.28942E+25
  0.960  0.500    0.42906E+25
  0.960  0.533   -0.44930E+25
  0.960  0.567    0.27280E+25
  0.960  0.600    0.99567E+24
  0.960  0.633   -0.55430E+25
  0.960  0.667    0.89523E+25
  0.960  0.700   -0.93985E+25
  0.960  0.733    0.63194E+25
  0.960  0.767   -0.93735E+24
  0.960  0.800   -0.42996E+25
  0.960  0.833    0.70920E+25
  0.960  0.867   -0.65827E+25
  0.960  0.900    0.36956E+25
  0.960  0.933   -0.34833E+24
  0.960  0.967   -0.18138E+25
  0.960  1.000    0.22555E+25
 
  0.970  0.000   -0.26942E+25
  0.970  0.033    0.66107E+24
  0.970  0.067    0.48270E+24
  0.970  0.100   -0.65777E+24
  0.970  0.133    0.35393E+24
  0.970  0.167   -0.64674E+23
  0.970  0.200    0.29205E+23
  0.970  0.233   -0.27394E+24
  0.970  0.267    0.72336E+24
  0.970  0.300   -0.12154E+25
  0.970  0.333    0.14379E+25
  0.970  0.367   -0.92061E+24
  0.970  0.400   -0.78692E+24
  0.970  0.433    0.37408E+25
  0.970  0.467   -0.72051E+25
  0.970  0.500    0.95608E+25
  0.970  0.533   -0.88256E+25
  0.970  0.567    0.37673E+25
  0.970  0.600    0.49188E+25
  0.970  0.633   -0.14240E+26
  0.970  0.667    0.19963E+26
  0.970  0.700   -0.18829E+26
  0.970  0.733    0.10673E+26
  0.970  0.767    0.10800E+25
  0.970  0.800   -0.11135E+26
  0.970  0.833    0.15297E+26
  0.970  0.867   -0.12750E+26
  0.970  0.900    0.61219E+25
  0.970  0.933    0.53096E+24
  0.970  0.967   -0.42554E+25
  0.970  1.000    0.45113E+25
 
  0.980  0.000   -0.47073E+25
  0.980  0.033    0.76809E+24
  0.980  0.067    0.11670E+25
  0.980  0.100   -0.12648E+25
  0.980  0.133    0.60509E+24
  0.980  0.167   -0.12100E+24
  0.980  0.200    0.21109E+24
  0.980  0.233   -0.87231E+24
  0.980  0.267    0.18866E+25
  0.980  0.300   -0.28075E+25
  0.980  0.333    0.28530E+25
  0.980  0.367   -0.10008E+25
  0.980  0.400   -0.35035E+25
  0.980  0.433    0.10308E+26
  0.980  0.467   -0.17265E+26
  0.980  0.500    0.20593E+26
  0.980  0.533   -0.16381E+26
  0.980  0.567    0.30764E+25
  0.980  0.600    0.16414E+26
  0.980  0.633   -0.34762E+26
  0.980  0.667    0.43238E+26
  0.980  0.700   -0.36531E+26
  0.980  0.733    0.16429E+26
  0.980  0.767    0.84087E+25
  0.980  0.800   -0.26993E+26
  0.980  0.833    0.32125E+26
  0.980  0.867   -0.24073E+26
  0.980  0.900    0.94765E+25
  0.980  0.933    0.34028E+25
  0.980  0.967   -0.95155E+25
  0.980  1.000    0.88346E+25
 
  0.990  0.000   -0.79926E+25
  0.990  0.033    0.52875E+24
  0.990  0.067    0.26261E+25
  0.990  0.100   -0.23867E+25
  0.990  0.133    0.10407E+25
  0.990  0.167   -0.32026E+24
  0.990  0.200    0.86113E+24
  0.990  0.233   -0.25277E+25
  0.990  0.267    0.47031E+25
  0.990  0.300   -0.62038E+25
  0.990  0.333    0.51654E+25
  0.990  0.367    0.50081E+24
  0.990  0.400   -0.11791E+26
  0.990  0.433    0.26852E+26
  0.990  0.467   -0.39979E+26
  0.990  0.500    0.42777E+26
  0.990  0.533   -0.28056E+26
  0.990  0.567   -0.49262E+25
  0.990  0.600    0.47120E+26
  0.990  0.633   -0.81562E+26
  0.990  0.667    0.91099E+26
  0.990  0.700   -0.68307E+26
  0.990  0.733    0.21242E+26
  0.990  0.767    0.29650E+26
  0.990  0.800   -0.62464E+26
  0.990  0.833    0.65843E+26
  0.990  0.867   -0.44202E+26
  0.990  0.900    0.13121E+26
  0.990  0.933    0.11154E+26
  0.990  0.967   -0.20526E+26
  0.990  1.000    0.16960E+26
 
  1.000  0.000   -0.13105E+26
  1.000  0.033   -0.72964E+24
  1.000  0.067    0.56337E+25
  1.000  0.100   -0.44432E+25
  1.000  0.133    0.18573E+25
  1.000  0.167   -0.10291E+25
  1.000  0.200    0.28944E+25
  1.000  0.233   -0.68662E+25
  1.000  0.267    0.11247E+26
  1.000  0.300   -0.13025E+26
  1.000  0.333    0.79641E+25
  1.000  0.367    0.78757E+25
  1.000  0.400   -0.34976E+26
  1.000  0.433    0.66951E+26
  1.000  0.467   -0.89632E+26
  1.000  0.500    0.85277E+26
  1.000  0.533   -0.41934E+26
  1.000  0.567   -0.36154E+26
  1.000  0.600    0.12433E+27
  1.000  0.633   -0.18516E+27
  1.000  0.667    0.18674E+27
  1.000  0.700   -0.12204E+27
  1.000  0.733    0.16197E+26
  1.000  0.767    0.84919E+26
  1.000  0.800   -0.13945E+27
  1.000  0.833    0.13187E+27
  1.000  0.867   -0.78596E+26
  1.000  0.900    0.14301E+26
  1.000  0.933    0.30161E+26
  1.000  0.967   -0.43017E+26
  1.000  1.000    0.31931E+26
 
  1.000  0.000   -0.13105E+26
  1.000  0.033   -0.72964E+24
  1.000  0.067    0.56337E+25
  1.000  0.100   -0.44432E+25
  1.000  0.133    0.18573E+25
  1.000  0.167   -0.10291E+25
  1.000  0.200    0.28944E+25
  1.000  0.233   -0.68662E+25
  1.000  0.267    0.11247E+26
  1.000  0.300   -0.13025E+26
  1.000  0.333    0.79641E+25
  1.000  0.367    0.78757E+25
  1.000  0.400   -0.34976E+26
  1.000  0.433    0.66951E+26
  1.000  0.467   -0.89632E+26
  1.000  0.500    0.85277E+26
  1.000  0.533   -0.41934E+26
  1.000  0.567   -0.36154E+26
  1.000  0.600    0.12433E+27
  1.000  0.633   -0.18516E+27
  1.000  0.667    0.18674E+27
  1.000  0.700   -0.12204E+27
  1.000  0.733    0.16197E+26
  1.000  0.767    0.84919E+26
  1.000  0.800   -0.13945E+27
  1.000  0.833    0.13187E+27
  1.000  0.867   -0.78596E+26
  1.000  0.900    0.14301E+26
  1.000  0.933    0.30161E+26
  1.000  0.967   -0.43017E+26
  1.000  1.000    0.31931E+26
