  0.000  0.000    0.13888E-10
  0.000  0.033    0.34836E-09
  0.000  0.067    0.69970E-08
  0.000  0.100    0.11254E-06
  0.000  0.133    0.14493E-05
  0.000  0.167    0.14945E-04
  0.000  0.200    0.12341E-03
  0.000  0.233    0.81599E-03
  0.000  0.267    0.43202E-02
  0.000  0.300    0.18316E-01
  0.000  0.333    0.62177E-01
  0.000  0.367    0.16901E+00
  0.000  0.400    0.36788E+00
  0.000  0.433    0.64118E+00
  0.000  0.467    0.89484E+00
  0.000  0.500    0.10000E+01
  0.000  0.533    0.89484E+00
  0.000  0.567    0.64118E+00
  0.000  0.600    0.36788E+00
  0.000  0.633    0.16901E+00
  0.000  0.667    0.62177E-01
  0.000  0.700    0.18316E-01
  0.000  0.733    0.43202E-02
  0.000  0.767    0.81599E-03
  0.000  0.800    0.12341E-03
  0.000  0.833    0.14945E-04
  0.000  0.867    0.14493E-05
  0.000  0.900    0.11254E-06
  0.000  0.933    0.69970E-08
  0.000  0.967    0.34836E-09
  0.000  1.000    0.13888E-10

  0.010  0.000    0.21457E-09
  0.010  0.033    0.43376E-08
  0.010  0.067    0.70320E-07
  0.010  0.100    0.91458E-06
  0.010  0.133    0.95469E-05
  0.010  0.167    0.80024E-04
  0.010  0.200    0.53896E-03
  0.010  0.233    0.29185E-02
  0.010  0.267    0.12717E-01
  0.010  0.300    0.44632E-01
  0.010  0.333    0.12628E+00
  0.010  0.367    0.28833E+00
  0.010  0.400    0.53186E+00
  0.010  0.433    0.79338E+00
  0.010  0.467    0.95794E+00
  0.010  0.500    0.93690E+00
  0.010  0.533    0.74264E+00
  0.010  0.567    0.47720E+00
  0.010  0.600    0.24856E+00
  0.010  0.633    0.10491E+00
  0.010  0.667    0.35860E-01
  0.010  0.700    0.99184E-02
  0.010  0.733    0.22177E-02
  0.010  0.767    0.40044E-03
  0.010  0.800    0.58331E-04
  0.010  0.833    0.68477E-05
  0.010  0.867    0.64723E-06
  0.010  0.900    0.49212E-07
  0.010  0.933    0.30078E-08
  0.010  0.967    0.14768E-09
  0.010  1.000    0.21457E-09
 
  0.020  0.000    0.26884E-08
  0.020  0.033    0.43927E-07
  0.020  0.067    0.57688E-06
  0.020  0.100    0.60940E-05
  0.020  0.133    0.51833E-04
  0.020  0.167    0.35538E-03
  0.020  0.200    0.19667E-02
  0.020  0.233    0.87979E-02
  0.020  0.267    0.31866E-01
  0.020  0.300    0.93620E-01
  0.020  0.333    0.22351E+00
  0.020  0.367    0.43445E+00
  0.020  0.400    0.68877E+00
  0.020  0.433    0.89211E+00
  0.020  0.467    0.94532E+00
  0.020  0.500    0.82035E+00
  0.020  0.533    0.58338E+00
  0.020  0.567    0.34002E+00
  0.020  0.600    0.16237E+00
  0.020  0.633    0.63480E-01
  0.020  0.667    0.20295E-01
  0.020  0.700    0.52980E-02
  0.020  0.733    0.11273E-02
  0.020  0.767    0.19518E-03
  0.020  0.800    0.27441E-04
  0.020  0.833    0.31274E-05
  0.020  0.867    0.28842E-06
  0.020  0.900    0.21490E-07
  0.020  0.933    0.12917E-08
  0.020  0.967    0.18781E-09
  0.020  1.000    0.26884E-08
 
  0.030  0.000    0.27432E-07
  0.030  0.033    0.36370E-06
  0.030  0.067    0.38871E-05
  0.030  0.100    0.33537E-04
  0.030  0.133    0.23396E-03
  0.030  0.167    0.13222E-02
  0.030  0.200    0.60654E-02
  0.030  0.233    0.22639E-01
  0.030  0.267    0.68919E-01
  0.030  0.300    0.17155E+00
  0.030  0.333    0.35007E+00
  0.030  0.367    0.58704E+00
  0.030  0.400    0.81077E+00
  0.030  0.433    0.92403E+00
  0.030  0.467    0.87034E+00
  0.030  0.500    0.67817E+00
  0.030  0.533    0.43736E+00
  0.030  0.567    0.23343E+00
  0.030  0.600    0.10304E+00
  0.030  0.633    0.37569E-01
  0.030  0.667    0.11297E-01
  0.030  0.700    0.27956E-02
  0.030  0.733    0.56804E-03
  0.030  0.767    0.94535E-04
  0.030  0.800    0.12853E-04
  0.030  0.833    0.14240E-05
  0.030  0.867    0.12826E-06
  0.030  0.900    0.93709E-08
  0.030  0.933    0.62939E-09
  0.030  0.967    0.16881E-08
  0.030  1.000    0.27432E-07
 
  0.040  0.000    0.22919E-06
  0.040  0.033    0.24778E-05
  0.040  0.067    0.21677E-04
  0.040  0.100    0.15379E-03
  0.040  0.133    0.88689E-03
  0.040  0.167    0.41681E-02
  0.040  0.200    0.16010E-01
  0.040  0.233    0.50407E-01
  0.040  0.267    0.13050E+00
  0.040  0.300    0.27867E+00
  0.040  0.333    0.49225E+00
  0.040  0.367    0.72128E+00
  0.040  0.400    0.87873E+00
  0.040  0.433    0.89181E+00
  0.040  0.467    0.75503E+00
  0.040  0.500    0.53368E+00
  0.040  0.533    0.31500E+00
  0.040  0.567    0.15519E+00
  0.040  0.600    0.63756E-01
  0.040  0.633    0.21806E-01
  0.040  0.667    0.61961E-02
  0.040  0.700    0.14591E-02
  0.040  0.733    0.28394E-03
  0.040  0.767    0.45526E-04
  0.040  0.800    0.59956E-05
  0.040  0.833    0.64657E-06
  0.040  0.867    0.56927E-07
  0.040  0.900    0.41260E-08
  0.040  0.933    0.12646E-08
  0.040  0.967    0.17134E-07
  0.040  1.000    0.22919E-06
 
  0.050  0.000    0.15783E-05
  0.050  0.033    0.13998E-04
  0.050  0.067    0.10095E-03
  0.050  0.100    0.59365E-03
  0.050  0.133    0.28556E-02
  0.050  0.167    0.11273E-01
  0.050  0.200    0.36648E-01
  0.050  0.233    0.98463E-01
  0.050  0.267    0.21940E+00
  0.050  0.300    0.40682E+00
  0.050  0.333    0.62967E+00
  0.050  0.367    0.81575E+00
  0.050  0.400    0.88658E+00
  0.050  0.433    0.80975E+00
  0.050  0.467    0.62222E+00
  0.050  0.500    0.40247E+00
  0.050  0.533    0.21912E+00
  0.050  0.567    0.10033E+00
  0.050  0.600    0.38586E-01
  0.050  0.633    0.12440E-01
  0.050  0.667    0.33539E-02
  0.050  0.700    0.75399E-03
  0.050  0.733    0.14089E-03
  0.050  0.767    0.21808E-04
  0.050  0.800    0.27862E-05
  0.050  0.833    0.29278E-06
  0.050  0.867    0.25247E-07
  0.050  0.900    0.24092E-08
  0.050  0.933    0.10786E-07
  0.050  0.967    0.14437E-06
  0.050  1.000    0.15783E-05
 
  0.060  0.000    0.90298E-05
  0.060  0.033    0.66167E-04
  0.060  0.067    0.39657E-03
  0.060  0.100    0.19508E-02
  0.060  0.133    0.79060E-02
  0.060  0.167    0.26498E-01
  0.060  0.200    0.73737E-01
  0.060  0.233    0.17103E+00
  0.060  0.267    0.33185E+00
  0.060  0.300    0.54053E+00
  0.060  0.333    0.74132E+00
  0.060  0.367    0.85825E+00
  0.060  0.400    0.84048E+00
  0.060  0.433    0.69723E+00
  0.060  0.467    0.49037E+00
  0.060  0.500    0.29246E+00
  0.060  0.533    0.14785E+00
  0.060  0.567    0.63284E-01
  0.060  0.600    0.22898E-01
  0.060  0.633    0.69883E-02
  0.060  0.667    0.17939E-02
  0.060  0.700    0.38613E-03
  0.060  0.733    0.69441E-04
  0.060  0.767    0.10395E-04
  0.060  0.800    0.12901E-05
  0.060  0.833    0.13226E-06
  0.060  0.867    0.11544E-07
  0.060  0.900    0.74355E-08
  0.060  0.933    0.90935E-07
  0.060  0.967    0.10047E-05
  0.060  1.000    0.90298E-05
 
  0.070  0.000    0.43312E-04
  0.070  0.033    0.26441E-03
  0.070  0.067    0.13291E-02
  0.070  0.100    0.55240E-02
  0.070  0.133    0.19061E-01
  0.070  0.167    0.54841E-01
  0.070  0.200    0.13211E+00
  0.070  0.233    0.26752E+00
  0.070  0.267    0.45706E+00
  0.070  0.300    0.66100E+00
  0.070  0.333    0.81148E+00
  0.070  0.367    0.84759E+00
  0.070  0.400    0.75453E+00
  0.070  0.433    0.57312E+00
  0.070  0.467    0.37163E+00
  0.070  0.500    0.20569E+00
  0.070  0.533    0.97108E-01
  0.070  0.567    0.39053E-01
  0.070  0.600    0.13352E-01
  0.070  0.633    0.38717E-02
  0.070  0.667    0.94925E-03
  0.070  0.700    0.19612E-03
  0.070  0.733    0.34013E-04
  0.070  0.767    0.49320E-05
  0.070  0.800    0.59541E-06
  0.070  0.833    0.59831E-07
  0.070  0.867    0.90789E-08
  0.070  0.900    0.57535E-07
  0.070  0.933    0.63922E-06
  0.070  0.967    0.58198E-05
  0.070  1.000    0.43312E-04
 
  0.080  0.000    0.17597E-03
  0.080  0.033    0.90324E-03
  0.080  0.067    0.38460E-02
  0.080  0.100    0.13646E-01
  0.080  0.133    0.40529E-01
  0.080  0.167    0.10120E+00
  0.080  0.200    0.21336E+00
  0.080  0.233    0.38124E+00
  0.080  0.267    0.57943E+00
  0.080  0.300    0.75129E+00
  0.080  0.333    0.83314E+00
  0.080  0.367    0.79175E+00
  0.080  0.400    0.64568E+00
  0.080  0.433    0.45222E+00
  0.080  0.467    0.27206E+00
  0.080  0.500    0.14054E+00
  0.080  0.533    0.62275E-01
  0.080  0.567    0.23632E-01
  0.080  0.600    0.76639E-02
  0.080  0.633    0.21182E-02
  0.080  0.667    0.49737E-03
  0.080  0.700    0.98854E-04
  0.080  0.733    0.16564E-04
  0.080  0.767    0.23300E-05
  0.080  0.800    0.27406E-06
  0.080  0.833    0.29380E-07
  0.080  0.867    0.38153E-07
  0.080  0.900    0.40655E-06
  0.080  0.933    0.37476E-05
  0.080  0.967    0.28315E-04
  0.080  1.000    0.17597E-03
 
  0.090  0.000    0.61233E-03
  0.090  0.033    0.26689E-02
  0.090  0.067    0.97262E-02
  0.090  0.100    0.29776E-01
  0.090  0.133    0.76933E-01
  0.090  0.167    0.16849E+00
  0.090  0.200    0.31409E+00
  0.090  0.233    0.50015E+00
  0.090  0.267    0.68254E+00
  0.090  0.300    0.80040E+00
  0.090  0.333    0.80831E+00
  0.090  0.367    0.70411E+00
  0.090  0.400    0.52961E+00
  0.090  0.433    0.34413E+00
  0.090  0.467    0.19315E+00
  0.090  0.500    0.93582E-01
  0.090  0.533    0.39089E-01
  0.090  0.567    0.14051E-01
  0.090  0.600    0.43365E-02
  0.090  0.633    0.11457E-02
  0.090  0.667    0.25826E-03
  0.090  0.700    0.49480E-04
  0.090  0.733    0.80238E-05
  0.090  0.767    0.10965E-05
  0.090  0.800    0.12725E-06
  0.090  0.833    0.34644E-07
  0.090  0.867    0.25919E-06
  0.090  0.900    0.24112E-05
  0.090  0.933    0.18488E-04
  0.090  0.967    0.11691E-03
  0.090  1.000    0.61233E-03
 
  0.100  0.000    0.18463E-02
  0.100  0.033    0.69033E-02
  0.100  0.067    0.21756E-01
  0.100  0.100    0.58070E-01
  0.100  0.133    0.13187E+00
  0.100  0.167    0.25585E+00
  0.100  0.200    0.42573E+00
  0.100  0.233    0.60959E+00
  0.100  0.267    0.75326E+00
  0.100  0.300    0.80515E+00
  0.100  0.333    0.74579E+00
  0.100  0.367    0.59941E+00
  0.100  0.400    0.41832E+00
  0.100  0.433    0.25354E+00
  0.100  0.467    0.13341E+00
  0.100  0.500    0.60886E-01
  0.100  0.533    0.24067E-01
  0.100  0.567    0.82224E-02
  0.100  0.600    0.24220E-02
  0.100  0.633    0.61324E-03
  0.100  0.667    0.13299E-03
  0.100  0.700    0.24606E-04
  0.100  0.733    0.38674E-05
  0.100  0.767    0.51493E-06
  0.100  0.800    0.71687E-07
  0.100  0.833    0.16937E-06
  0.100  0.867    0.15504E-05
  0.100  0.900    0.12057E-04
  0.100  0.933    0.77540E-04
  0.100  0.967    0.41416E-03
  0.100  1.000    0.18463E-02
 
  0.110  0.000    0.48805E-02
  0.110  0.033    0.15815E-01
  0.110  0.067    0.43545E-01
  0.110  0.100    0.10235E+00
  0.110  0.133    0.20626E+00
  0.110  0.167    0.35778E+00
  0.110  0.200    0.53604E+00
  0.110  0.233    0.69579E+00
  0.110  0.267    0.78439E+00
  0.110  0.300    0.76953E+00
  0.110  0.333    0.65796E+00
  0.110  0.367    0.49075E+00
  0.110  0.400    0.31945E+00
  0.110  0.433    0.18146E+00
  0.110  0.467    0.89895E-01
  0.110  0.500    0.38794E-01
  0.110  0.533    0.14560E-01
  0.110  0.567    0.47422E-02
  0.110  0.600    0.13368E-02
  0.110  0.633    0.32509E-03
  0.110  0.667    0.67961E-04
  0.110  0.700    0.12163E-04
  0.110  0.733    0.18559E-05
  0.110  0.767    0.24899E-06
  0.110  0.800    0.13030E-06
  0.110  0.833    0.99797E-06
  0.110  0.867    0.78546E-05
  0.110  0.900    0.51347E-04
  0.110  0.933    0.27951E-03
  0.110  0.967    0.12734E-02
  0.110  1.000    0.48805E-02
 
  0.120  0.000    0.11441E-01
  0.120  0.033    0.32453E-01
  0.120  0.067    0.78828E-01
  0.120  0.100    0.16470E+00
  0.120  0.133    0.29717E+00
  0.120  0.167    0.46474E+00
  0.120  0.200    0.63189E+00
  0.120  0.233    0.74895E+00
  0.120  0.267    0.77548E+00
  0.120  0.300    0.70259E+00
  0.120  0.333    0.55764E+00
  0.120  0.367    0.38797E+00
  0.120  0.400    0.23666E+00
  0.120  0.433    0.12652E+00
  0.120  0.467    0.59235E-01
  0.120  0.500    0.24254E-01
  0.120  0.533    0.86694E-02
  0.120  0.567    0.26989E-02
  0.120  0.600    0.72976E-03
  0.120  0.633    0.17081E-03
  0.120  0.667    0.34482E-04
  0.120  0.700    0.59787E-05
  0.120  0.733    0.89176E-06
  0.120  0.767    0.17777E-06
  0.120  0.800    0.65090E-06
  0.120  0.833    0.51119E-05
  0.120  0.867    0.33950E-04
  0.120  0.900    0.18825E-03
  0.120  0.933    0.87587E-03
  0.120  0.967    0.34377E-02
  0.120  1.000    0.11441E-01
 
  0.130  0.000    0.24048E-01
  0.130  0.033    0.60278E-01
  0.130  0.067    0.13035E+00
  0.130  0.100    0.24418E+00
  0.130  0.133    0.39771E+00
  0.130  0.167    0.56503E+00
  0.130  0.200    0.70213E+00
  0.130  0.233    0.76487E+00
  0.130  0.267    0.73174E+00
  0.130  0.300    0.61562E+00
  0.130  0.333    0.45584E+00
  0.130  0.367    0.29718E+00
  0.130  0.400    0.17058E+00
  0.130  0.433    0.86150E-01
  0.130  0.467    0.38246E-01
  0.130  0.500    0.14903E-01
  0.130  0.533    0.50871E-02
  0.130  0.567    0.15174E-02
  0.130  0.600    0.39439E-03
  0.130  0.633    0.89015E-04
  0.130  0.667    0.17380E-04
  0.130  0.700    0.29266E-05
  0.130  0.733    0.46337E-06
  0.130  0.767    0.46165E-06
  0.130  0.800    0.33275E-05
  0.130  0.833    0.22415E-04
  0.130  0.867    0.12653E-03
  0.130  0.900    0.60082E-03
  0.130  0.933    0.24129E-02
  0.130  0.967    0.82398E-02
  0.130  1.000    0.24048E-01
 
  0.140  0.000    0.45786E-01
  0.140  0.033    0.10232E+00
  0.140  0.067    0.19865E+00
  0.140  0.100    0.33630E+00
  0.140  0.133    0.49810E+00
  0.140  0.167    0.64729E+00
  0.140  0.200    0.73977E+00
  0.140  0.233    0.74499E+00
  0.140  0.267    0.66207E+00
  0.140  0.300    0.51975E+00
  0.140  0.333    0.36065E+00
  0.140  0.367    0.22122E+00
  0.140  0.400    0.11992E+00
  0.140  0.433    0.57408E-01
  0.140  0.467    0.24240E-01
  0.140  0.500    0.90135E-02
  0.140  0.533    0.29453E-02
  0.140  0.567    0.84361E-03
  0.140  0.600    0.21117E-03
  0.140  0.633    0.46034E-04
  0.140  0.667    0.87080E-05
  0.140  0.700    0.14486E-05
  0.140  0.733    0.46234E-06
  0.140  0.767    0.21812E-05
  0.140  0.800    0.14780E-04
  0.140  0.833    0.84883E-04
  0.140  0.867    0.41110E-03
  0.140  0.900    0.16881E-02
  0.140  0.933    0.59090E-02
  0.140  0.967    0.17725E-01
  0.140  1.000    0.45786E-01
 
  0.150  0.000    0.79706E-01
  0.150  0.033    0.16012E+00
  0.150  0.067    0.28124E+00
  0.150  0.100    0.43338E+00
  0.150  0.133    0.58761E+00
  0.150  0.167    0.70278E+00
  0.150  0.200    0.74290E+00
  0.150  0.233    0.69524E+00
  0.150  0.267    0.57668E+00
  0.150  0.300    0.42429E+00
  0.150  0.333    0.27699E+00
  0.150  0.367    0.16044E+00
  0.150  0.400    0.82413E-01
  0.150  0.433    0.37507E-01
  0.150  0.467    0.15104E-01
  0.150  0.500    0.53726E-02
  0.150  0.533    0.16843E-02
  0.150  0.567    0.46414E-03
  0.150  0.600    0.11209E-03
  0.150  0.633    0.23638E-04
  0.150  0.667    0.43524E-05
  0.150  0.700    0.85686E-06
  0.150  0.733    0.14936E-05
  0.150  0.767    0.97404E-05
  0.150  0.800    0.56842E-04
  0.150  0.833    0.28061E-03
  0.150  0.867    0.11773E-02
  0.150  0.900    0.42207E-02
  0.150  0.933    0.12998E-01
  0.150  0.967    0.34561E-01
  0.150  1.000    0.79706E-01
 
  0.160  0.000    0.12795E+00
  0.160  0.033    0.23279E+00
  0.160  0.067    0.37252E+00
  0.160  0.100    0.52592E+00
  0.160  0.133    0.65671E+00
  0.160  0.167    0.72685E+00
  0.160  0.200    0.71430E+00
  0.160  0.233    0.62410E+00
  0.160  0.267    0.48524E+00
  0.160  0.300    0.33591E+00
  0.160  0.333    0.20706E+00
  0.160  0.367    0.11362E+00
  0.160  0.400    0.55469E-01
  0.160  0.433    0.24065E-01
  0.160  0.467    0.92653E-02
  0.160  0.500    0.31596E-02
  0.160  0.533    0.95220E-03
  0.160  0.567    0.25291E-03
  0.160  0.600    0.59018E-04
  0.160  0.633    0.12067E-04
  0.160  0.667    0.22551E-05
  0.160  0.700    0.12389E-05
  0.160  0.733    0.64417E-05
  0.160  0.767    0.38001E-04
  0.160  0.800    0.19111E-03
  0.160  0.833    0.81862E-03
  0.160  0.867    0.30033E-02
  0.160  0.900    0.94873E-02
  0.160  0.933    0.25936E-01
  0.160  0.967    0.61648E-01
  0.160  1.000    0.12795E+00
 
  0.170  0.000    0.19085E+00
  0.170  0.033    0.31663E+00
  0.170  0.067    0.46456E+00
  0.170  0.100    0.60439E+00
  0.170  0.133    0.69880E+00
  0.170  0.167    0.71932E+00
  0.170  0.200    0.66018E+00
  0.170  0.233    0.54079E+00
  0.170  0.267    0.39564E+00
  0.170  0.300    0.25860E+00
  0.170  0.333    0.15100E+00
  0.170  0.367    0.78731E-01
  0.170  0.400    0.36627E-01
  0.170  0.433    0.15185E-01
  0.170  0.467    0.56019E-02
  0.170  0.500    0.18352E-02
  0.170  0.533    0.53262E-03
  0.170  0.567    0.13657E-03
  0.170  0.600    0.30847E-04
  0.170  0.633    0.61797E-05
  0.170  0.667    0.16454E-05
  0.170  0.700    0.43606E-05
  0.170  0.733    0.25377E-04
  0.170  0.767    0.12986E-03
  0.170  0.800    0.56762E-03
  0.170  0.833    0.21294E-02
  0.170  0.867    0.68937E-02
  0.170  0.900    0.19357E-01
  0.170  0.933    0.47364E-01
  0.170  0.967    0.10143E+00
  0.170  1.000    0.19085E+00
 
  0.180  0.000    0.26632E+00
  0.180  0.033    0.40539E+00
  0.180  0.067    0.54846E+00
  0.180  0.100    0.66104E+00
  0.180  0.133    0.71111E+00
  0.180  0.167    0.68384E+00
  0.180  0.200    0.58855E+00
  0.180  0.233    0.45370E+00
  0.180  0.267    0.31342E+00
  0.180  0.300    0.19404E+00
  0.180  0.333    0.10764E+00
  0.180  0.367    0.53469E-01
  0.180  0.400    0.23762E-01
  0.180  0.433    0.94353E-02
  0.180  0.467    0.33418E-02
  0.180  0.500    0.10536E-02
  0.180  0.533    0.29499E-03
  0.180  0.567    0.73138E-04
  0.180  0.600    0.16047E-04
  0.180  0.633    0.34591E-05
  0.180  0.667    0.32745E-05
  0.180  0.700    0.16971E-04
  0.180  0.733    0.88069E-04
  0.180  0.767    0.39252E-03
  0.180  0.800    0.15047E-02
  0.180  0.833    0.49880E-02
  0.180  0.867    0.14372E-01
  0.180  0.900    0.36161E-01
  0.180  0.933    0.79804E-01
  0.180  0.967    0.15509E+00
  0.180  1.000    0.26632E+00
 
  0.190  0.000    0.34976E+00
  0.190  0.033    0.49123E+00
  0.190  0.067    0.61601E+00
  0.190  0.100    0.69108E+00
  0.190  0.133    0.69475E+00
  0.190  0.167    0.62666E+00
  0.190  0.200    0.50764E+00
  0.190  0.233    0.36953E+00
  0.190  0.267    0.24179E+00
  0.190  0.300    0.14220E+00
  0.190  0.333    0.75136E-01
  0.190  0.367    0.35645E-01
  0.190  0.400    0.15166E-01
  0.190  0.433    0.57792E-02
  0.190  0.467    0.19689E-02
  0.190  0.500    0.59845E-03
  0.190  0.533    0.16188E-03
  0.190  0.567    0.38883E-04
  0.190  0.600    0.84942E-05
  0.190  0.633    0.33484E-05
  0.190  0.667    0.11492E-04
  0.190  0.700    0.59630E-04
  0.190  0.733    0.27074E-03
  0.190  0.767    0.10598E-02
  0.190  0.800    0.35947E-02
  0.190  0.833    0.10618E-01
  0.190  0.867    0.27445E-01
  0.190  0.900    0.62347E-01
  0.190  0.933    0.12497E+00
  0.190  0.967    0.22183E+00
  0.190  1.000    0.34976E+00
 
  0.200  0.000    0.43464E+00
  0.200  0.033    0.56610E+00
  0.200  0.067    0.66105E+00
  0.200  0.100    0.69328E+00
  0.200  0.133    0.65390E+00
  0.200  0.167    0.55525E+00
  0.200  0.200    0.42477E+00
  0.200  0.233    0.29289E+00
  0.200  0.267    0.18204E+00
  0.200  0.300    0.10196E+00
  0.200  0.333    0.51441E-01
  0.200  0.367    0.23357E-01
  0.200  0.400    0.95339E-02
  0.200  0.433    0.34930E-02
  0.200  0.467    0.11466E-02
  0.200  0.500    0.33651E-03
  0.200  0.533    0.88082E-04
  0.200  0.567    0.20650E-04
  0.200  0.600    0.54067E-05
  0.200  0.633    0.82347E-05
  0.200  0.667    0.40375E-04
  0.200  0.700    0.18629E-03
  0.200  0.733    0.74419E-03
  0.200  0.767    0.25807E-02
  0.200  0.800    0.78087E-02
  0.200  0.833    0.20714E-01
  0.200  0.867    0.48386E-01
  0.200  0.900    0.99922E-01
  0.200  0.933    0.18308E+00
  0.200  0.967    0.29859E+00
  0.200  1.000    0.43464E+00
 
  0.210  0.000    0.51352E+00
  0.210  0.033    0.62307E+00
  0.210  0.067    0.68039E+00
  0.210  0.100    0.66965E+00
  0.210  0.133    0.59471E+00
  0.210  0.167    0.47696E+00
  0.210  0.200    0.34564E+00
  0.210  0.233    0.22638E+00
  0.210  0.267    0.13399E+00
  0.210  0.300    0.71649E-01
  0.210  0.333    0.34591E-01
  0.210  0.367    0.15063E-01
  0.210  0.400    0.59094E-02
  0.210  0.433    0.20852E-02
  0.210  0.467    0.66056E-03
  0.210  0.500    0.18745E-03
  0.210  0.533    0.47623E-04
  0.210  0.567    0.11504E-04
  0.210  0.600    0.71035E-05
  0.210  0.633    0.27519E-04
  0.210  0.667    0.12793E-03
  0.210  0.700    0.52103E-03
  0.210  0.733    0.18461E-02
  0.210  0.767    0.57175E-02
  0.210  0.800    0.15552E-01
  0.210  0.833    0.37317E-01
  0.210  0.867    0.79308E-01
  0.210  0.900    0.14982E+00
  0.210  0.933    0.25239E+00
  0.210  0.967    0.38022E+00
  0.210  1.000    0.51352E+00
 
  0.220  0.000    0.57925E+00
  0.220  0.033    0.65746E+00
  0.220  0.067    0.67395E+00
  0.220  0.100    0.62469E+00
  0.220  0.133    0.52406E+00
  0.220  0.167    0.39817E+00
  0.220  0.200    0.27408E+00
  0.220  0.233    0.17094E+00
  0.220  0.267    0.96586E-01
  0.220  0.300    0.49414E-01
  0.220  0.333    0.22874E-01
  0.220  0.367    0.95710E-02
  0.220  0.400    0.36149E-02
  0.220  0.433    0.12304E-02
  0.220  0.467    0.37670E-03
  0.220  0.500    0.10355E-03
  0.220  0.533    0.25951E-04
  0.220  0.567    0.88636E-05
  0.220  0.600    0.19353E-04
  0.220  0.633    0.87763E-04
  0.220  0.667    0.36379E-03
  0.220  0.700    0.13161E-02
  0.220  0.733    0.41690E-02
  0.220  0.767    0.11618E-01
  0.220  0.800    0.28611E-01
  0.220  0.833    0.62512E-01
  0.220  0.867    0.12161E+00
  0.220  0.900    0.21136E+00
  0.220  0.933    0.32909E+00
  0.220  0.967    0.46020E+00
  0.220  1.000    0.57925E+00
 
  0.230  0.000    0.62618E+00
  0.230  0.033    0.66735E+00
  0.230  0.067    0.64439E+00
  0.230  0.100    0.56431E+00
  0.230  0.133    0.44853E+00
  0.230  0.167    0.32372E+00
  0.230  0.200    0.21220E+00
  0.230  0.233    0.12633E+00
  0.230  0.267    0.68283E-01
  0.230  0.300    0.33490E-01
  0.230  0.333    0.14892E-01
  0.230  0.367    0.59973E-02
  0.230  0.400    0.21842E-02
  0.230  0.433    0.71818E-03
  0.230  0.467    0.21281E-03
  0.230  0.500    0.56993E-04
  0.230  0.533    0.15699E-04
  0.230  0.567    0.15157E-04
  0.230  0.600    0.60399E-04
  0.230  0.633    0.25338E-03
  0.230  0.667    0.93517E-03
  0.230  0.700    0.30278E-02
  0.230  0.733    0.86386E-02
  0.230  0.767    0.21814E-01
  0.230  0.800    0.48951E-01
  0.230  0.833    0.97974E-01
  0.230  0.867    0.17546E+00
  0.230  0.900    0.28200E+00
  0.230  0.933    0.40775E+00
  0.230  0.967    0.53163E+00
  0.230  1.000    0.62618E+00
 
  0.240  0.000    0.65088E+00
  0.240  0.033    0.65358E+00
  0.240  0.067    0.59634E+00
  0.240  0.100    0.49484E+00
  0.240  0.133    0.37364E+00
  0.240  0.167    0.25681E+00
  0.240  0.200    0.16068E+00
  0.240  0.233    0.91502E-01
  0.240  0.267    0.47407E-01
  0.240  0.300    0.22332E-01
  0.240  0.333    0.95553E-02
  0.240  0.367    0.37094E-02
  0.240  0.400    0.13046E-02
  0.240  0.433    0.41496E-03
  0.240  0.467    0.11932E-03
  0.240  0.500    0.32216E-04
  0.240  0.533    0.15374E-04
  0.240  0.567    0.42302E-04
  0.240  0.600    0.17619E-03
  0.240  0.633    0.66245E-03
  0.240  0.667    0.21908E-02
  0.240  0.700    0.63943E-02
  0.240  0.733    0.16544E-01
  0.240  0.767    0.38097E-01
  0.240  0.800    0.78365E-01
  0.240  0.833    0.14447E+00
  0.240  0.867    0.23938E+00
  0.240  0.900    0.35745E+00
  0.240  0.933    0.48208E+00
  0.240  0.967    0.58836E+00
  0.240  1.000    0.65088E+00
 
  0.250  0.000    0.65250E+00
  0.250  0.033    0.61924E+00
  0.250  0.067    0.53544E+00
  0.250  0.100    0.42212E+00
  0.250  0.133    0.30354E+00
  0.250  0.167    0.19913E+00
  0.250  0.200    0.11917E+00
  0.250  0.233    0.65045E-01
  0.250  0.267    0.32362E-01
  0.250  0.300    0.14666E-01
  0.250  0.333    0.60478E-02
  0.250  0.367    0.22665E-02
  0.250  0.400    0.77081E-03
  0.250  0.433    0.23758E-03
  0.250  0.467    0.67058E-04
  0.250  0.500    0.22111E-04
  0.250  0.533    0.31531E-04
  0.250  0.567    0.12263E-03
  0.250  0.600    0.46795E-03
  0.250  0.633    0.15794E-02
  0.250  0.667    0.47129E-02
  0.250  0.700    0.12484E-01
  0.250  0.733    0.29475E-01
  0.250  0.767    0.62257E-01
  0.250  0.800    0.11803E+00
  0.250  0.833    0.20142E+00
  0.250  0.867    0.31022E+00
  0.250  0.900    0.43223E+00
  0.250  0.933    0.54585E+00
  0.250  0.967    0.62587E+00
  0.250  1.000    0.65250E+00
 
  0.260  0.000    0.63254E+00
  0.260  0.033    0.56896E+00
  0.260  0.067    0.46745E+00
  0.260  0.100    0.35097E+00
  0.260  0.133    0.24089E+00
  0.260  0.167    0.15115E+00
  0.260  0.200    0.86696E-01
  0.260  0.233    0.45435E-01
  0.260  0.267    0.21744E-01
  0.260  0.300    0.94950E-02
  0.260  0.333    0.37790E-02
  0.260  0.367    0.13691E-02
  0.260  0.400    0.45087E-03
  0.260  0.433    0.13527E-03
  0.260  0.467    0.40090E-04
  0.260  0.500    0.27763E-04
  0.260  0.533    0.86192E-04
  0.260  0.567    0.32982E-03
  0.260  0.600    0.11348E-02
  0.260  0.633    0.34595E-02
  0.260  0.667    0.93756E-02
  0.260  0.700    0.22679E-01
  0.260  0.733    0.49145E-01
  0.260  0.767    0.95718E-01
  0.260  0.800    0.16806E+00
  0.260  0.833    0.26670E+00
  0.260  0.867    0.38343E+00
  0.260  0.900    0.50040E+00
  0.260  0.933    0.59386E+00
  0.260  0.967    0.64185E+00
  0.260  1.000    0.63254E+00
 
  0.270  0.000    0.59439E+00
  0.270  0.033    0.50805E+00
  0.270  0.067    0.39756E+00
  0.270  0.100    0.28493E+00
  0.270  0.133    0.18705E+00
  0.270  0.167    0.11248E+00
  0.270  0.200    0.61939E-01
  0.270  0.233    0.31221E-01
  0.270  0.267    0.14395E-01
  0.270  0.300    0.60654E-02
  0.270  0.333    0.23331E-02
  0.270  0.367    0.81816E-03
  0.270  0.400    0.26151E-03
  0.270  0.433    0.78160E-04
  0.270  0.467    0.32694E-04
  0.270  0.500    0.62821E-04
  0.270  0.533    0.23237E-03
  0.270  0.567    0.81283E-03
  0.270  0.600    0.25296E-02
  0.270  0.633    0.70091E-02
  0.270  0.667    0.17358E-01
  0.270  0.700    0.38558E-01
  0.270  0.733    0.77089E-01
  0.270  0.767    0.13912E+00
  0.270  0.800    0.22724E+00
  0.270  0.833    0.33674E+00
  0.270  0.867    0.45361E+00
  0.270  0.900    0.55648E+00
  0.270  0.933    0.62265E+00
  0.270  0.967    0.63626E+00
  0.270  1.000    0.59439E+00
 
  0.280  0.000    0.54259E+00
  0.280  0.033    0.44176E+00
  0.280  0.067    0.32998E+00
  0.280  0.100    0.22620E+00
  0.280  0.133    0.14231E+00
  0.280  0.167    0.82155E-01
  0.280  0.200    0.43508E-01
  0.280  0.233    0.21125E-01
  0.280  0.267    0.93971E-02
  0.280  0.300    0.38260E-02
  0.280  0.333    0.14241E-02
  0.280  0.367    0.48417E-03
  0.280  0.400    0.15150E-03
  0.280  0.433    0.50880E-04
  0.280  0.467    0.50770E-04
  0.280  0.500    0.16455E-03
  0.280  0.533    0.58065E-03
  0.280  0.567    0.18429E-02
  0.280  0.600    0.52173E-02
  0.280  0.633    0.13218E-01
  0.280  0.667    0.30078E-01
  0.280  0.700    0.61677E-01
  0.280  0.733    0.11431E+00
  0.280  0.767    0.19200E+00
  0.280  0.800    0.29294E+00
  0.280  0.833    0.40686E+00
  0.280  0.867    0.51533E+00
  0.280  0.900    0.59618E+00
  0.280  0.933    0.63082E+00
  0.280  0.967    0.61114E+00
  0.280  1.000    0.54259E+00
 
  0.290  0.000    0.48209E+00
  0.290  0.033    0.37469E+00
  0.290  0.067    0.26771E+00
  0.290  0.100    0.17586E+00
  0.290  0.133    0.10622E+00
  0.290  0.167    0.58967E-01
  0.290  0.200    0.30078E-01
  0.290  0.233    0.14088E-01
  0.290  0.267    0.60545E-02
  0.290  0.300    0.23849E-02
  0.290  0.333    0.86015E-03
  0.290  0.367    0.28457E-03
  0.290  0.400    0.91128E-04
  0.290  0.433    0.50814E-04
  0.290  0.467    0.11904E-03
  0.290  0.500    0.41421E-03
  0.290  0.533    0.13380E-02
  0.290  0.567    0.38676E-02
  0.290  0.600    0.10018E-01
  0.290  0.633    0.23334E-01
  0.290  0.667    0.49037E-01
  0.290  0.700    0.93256E-01
  0.290  0.733    0.16092E+00
  0.290  0.767    0.25256E+00
  0.290  0.800    0.36129E+00
  0.290  0.833    0.47194E+00
  0.290  0.867    0.56384E+00
  0.290  0.900    0.61696E+00
  0.290  0.933    0.61901E+00
  0.290  0.967    0.57001E+00
  0.290  1.000    0.48209E+00
 
  0.300  0.000    0.41765E+00
  0.300  0.033    0.31050E+00
  0.300  0.067    0.21260E+00
  0.300  0.100    0.13408E+00
  0.300  0.133    0.77867E-01
  0.300  0.167    0.41634E-01
  0.300  0.200    0.20484E-01
  0.300  0.233    0.92680E-02
  0.300  0.267    0.38527E-02
  0.300  0.300    0.14700E-02
  0.300  0.333    0.51480E-03
  0.300  0.367    0.16850E-03
  0.300  0.400    0.66939E-04
  0.300  0.433    0.91748E-04
  0.300  0.467    0.29614E-03
  0.300  0.500    0.96849E-03
  0.300  0.533    0.28557E-02
  0.300  0.567    0.75577E-02
  0.300  0.600    0.18008E-01
  0.300  0.633    0.38756E-01
  0.300  0.667    0.75569E-01
  0.300  0.700    0.13386E+00
  0.300  0.733    0.21591E+00
  0.300  0.767    0.31780E+00
  0.300  0.800    0.42768E+00
  0.300  0.833    0.52708E+00
  0.300  0.867    0.59571E+00
  0.300  0.900    0.61819E+00
  0.300  0.933    0.58961E+00
  0.300  0.967    0.51726E+00
  0.300  1.000    0.41765E+00
 
  0.310  0.000    0.35336E+00
  0.310  0.033    0.25176E+00
  0.310  0.067    0.16549E+00
  0.310  0.100    0.10035E+00
  0.310  0.133    0.56127E-01
  0.310  0.167    0.28944E-01
  0.310  0.200    0.13755E-01
  0.310  0.233    0.60188E-02
  0.310  0.267    0.24231E-02
  0.310  0.300    0.89690E-03
  0.310  0.333    0.30702E-03
  0.310  0.367    0.10756E-03
  0.310  0.400    0.81825E-04
  0.310  0.433    0.21438E-03
  0.310  0.467    0.69955E-03
  0.310  0.500    0.21008E-02
  0.310  0.533    0.56769E-02
  0.310  0.567    0.13828E-01
  0.310  0.600    0.30457E-01
  0.310  0.633    0.60844E-01
  0.310  0.667    0.11054E+00
  0.310  0.700    0.18309E+00
  0.310  0.733    0.27704E+00
  0.310  0.767    0.38373E+00
  0.310  0.800    0.48732E+00
  0.310  0.833    0.56826E+00
  0.310  0.867    0.60920E+00
  0.310  0.900    0.60104E+00
  0.310  0.933    0.54620E+00
  0.310  0.967    0.45749E+00
  0.310  1.000    0.35336E+00
 
  0.320  0.000    0.29240E+00
  0.320  0.033    0.20000E+00
  0.320  0.067    0.12641E+00
  0.320  0.100    0.73816E-01
  0.320  0.133    0.39817E-01
  0.320  0.167    0.19830E-01
  0.320  0.200    0.91131E-02
  0.320  0.233    0.38614E-02
  0.320  0.267    0.15074E-02
  0.320  0.300    0.54297E-03
  0.320  0.333    0.18735E-03
  0.320  0.367    0.92121E-04
  0.320  0.400    0.16136E-03
  0.320  0.433    0.50548E-03
  0.320  0.467    0.15403E-02
  0.320  0.500    0.42465E-02
  0.320  0.533    0.10567E-01
  0.320  0.567    0.23805E-01
  0.320  0.600    0.48689E-01
  0.320  0.633    0.90662E-01
  0.320  0.667    0.15407E+00
  0.320  0.700    0.23946E+00
  0.320  0.733    0.34105E+00
  0.320  0.767    0.44588E+00
  0.320  0.800    0.53589E+00
  0.320  0.833    0.59283E+00
  0.320  0.867    0.60431E+00
  0.320  0.900    0.56814E+00
  0.320  0.933    0.49298E+00
  0.320  0.967    0.39502E+00
  0.320  1.000    0.29240E+00
 
  0.330  0.000    0.23696E+00
  0.330  0.033    0.15584E+00
  0.330  0.067    0.94852E-01
  0.330  0.100    0.53417E-01
  0.330  0.133    0.27825E-01
  0.330  0.167    0.13400E-01
  0.330  0.200    0.59621E-02
  0.330  0.233    0.24490E-02
  0.330  0.267    0.92874E-03
  0.330  0.300    0.32960E-03
  0.330  0.333    0.13021E-03
  0.330  0.367    0.13366E-03
  0.330  0.400    0.36783E-03
  0.330  0.433    0.11264E-02
  0.330  0.467    0.31640E-02
  0.330  0.500    0.80390E-02
  0.330  0.533    0.18510E-01
  0.330  0.567    0.38735E-01
  0.330  0.600    0.73873E-01
  0.330  0.633    0.12871E+00
  0.330  0.667    0.20530E+00
  0.330  0.700    0.30042E+00
  0.330  0.733    0.40395E+00
  0.330  0.767    0.49988E+00
  0.330  0.800    0.57005E+00
  0.330  0.833    0.59971E+00
  0.330  0.867    0.58260E+00
  0.330  0.900    0.52304E+00
  0.330  0.933    0.43420E+00
  0.330  0.967    0.33345E+00
  0.330  1.000    0.23696E+00
 
  0.340  0.000    0.18829E+00
  0.340  0.033    0.11925E+00
  0.340  0.067    0.69991E-01
  0.340  0.100    0.38062E-01
  0.340  0.133    0.19170E-01
  0.340  0.167    0.89373E-02
  0.340  0.200    0.38542E-02
  0.340  0.233    0.15368E-02
  0.340  0.267    0.56925E-03
  0.340  0.300    0.20997E-03
  0.340  0.333    0.13228E-03
  0.340  0.367    0.27417E-03
  0.340  0.400    0.82297E-03
  0.340  0.433    0.23490E-02
  0.340  0.467    0.60890E-02
  0.340  0.500    0.14322E-01
  0.340  0.533    0.30645E-01
  0.340  0.567    0.59818E-01
  0.340  0.600    0.10677E+00
  0.340  0.633    0.17466E+00
  0.340  0.667    0.26237E+00
  0.340  0.700    0.36254E+00
  0.340  0.733    0.46151E+00
  0.340  0.767    0.54198E+00
  0.340  0.800    0.58785E+00
  0.340  0.833    0.58945E+00
  0.340  0.867    0.54687E+00
  0.340  0.900    0.46974E+00
  0.340  0.933    0.37375E+00
  0.340  0.967    0.27556E+00
  0.340  1.000    0.18829E+00
 
  0.350  0.000    0.14686E+00
  0.350  0.033    0.89694E-01
  0.350  0.067    0.50833E-01
  0.350  0.100    0.26727E-01
  0.350  0.133    0.13030E-01
  0.350  0.167    0.58874E-02
  0.350  0.200    0.24638E-02
  0.350  0.233    0.95629E-03
  0.350  0.267    0.35368E-03
  0.350  0.300    0.16336E-03
  0.350  0.333    0.21741E-03
  0.350  0.367    0.60345E-03
  0.350  0.400    0.17386E-02
  0.350  0.433    0.45930E-02
  0.350  0.467    0.11029E-01
  0.350  0.500    0.24116E-01
  0.350  0.533    0.48149E-01
  0.350  0.567    0.87990E-01
  0.350  0.600    0.14751E+00
  0.350  0.633    0.22729E+00
  0.350  0.667    0.32247E+00
  0.350  0.700    0.42192E+00
  0.350  0.733    0.50979E+00
  0.350  0.767    0.56950E+00
  0.350  0.800    0.58881E+00
  0.350  0.833    0.56390E+00
  0.350  0.867    0.50059E+00
  0.350  0.900    0.41214E+00
  0.350  0.933    0.31483E+00
  0.350  0.967    0.22320E+00
  0.350  1.000    0.14686E+00
 
  0.360  0.000    0.11256E+00
  0.360  0.033    0.66378E-01
  0.360  0.067    0.36369E-01
  0.360  0.100    0.18509E-01
  0.360  0.133    0.87446E-02
  0.360  0.167    0.38333E-02
  0.360  0.200    0.15593E-02
  0.360  0.233    0.59472E-03
  0.360  0.267    0.23949E-03
  0.360  0.300    0.19579E-03
  0.360  0.333    0.44903E-03
  0.360  0.367    0.12845E-02
  0.360  0.400    0.34512E-02
  0.360  0.433    0.84543E-02
  0.360  0.467    0.18881E-01
  0.360  0.500    0.38535E-01
  0.360  0.533    0.72054E-01
  0.360  0.567    0.12370E+00
  0.360  0.600    0.19538E+00
  0.360  0.633    0.28440E+00
  0.360  0.667    0.38214E+00
  0.360  0.700    0.47465E+00
  0.360  0.733    0.54562E+00
  0.360  0.767    0.58109E+00
  0.360  0.800    0.57386E+00
  0.360  0.833    0.52591E+00
  0.360  0.867    0.44752E+00
  0.360  0.900    0.35376E+00
  0.360  0.933    0.25985E+00
  0.360  0.967    0.17740E+00
  0.360  1.000    0.11256E+00
 
  0.370  0.000    0.84851E-01
  0.370  0.033    0.48373E-01
  0.370  0.067    0.25653E-01
  0.370  0.100    0.12650E-01
  0.370  0.133    0.57978E-02
  0.370  0.167    0.24689E-02
  0.370  0.200    0.98055E-03
  0.370  0.233    0.38158E-03
  0.370  0.267    0.21327E-03
  0.370  0.300    0.34774E-03
  0.370  0.333    0.95033E-03
  0.370  0.367    0.25845E-02
  0.370  0.400    0.64531E-02
  0.370  0.433    0.14710E-01
  0.370  0.467    0.30674E-01
  0.370  0.500    0.58646E-01
  0.370  0.533    0.10304E+00
  0.370  0.567    0.16671E+00
  0.370  0.600    0.24879E+00
  0.370  0.633    0.34304E+00
  0.370  0.667    0.43764E+00
  0.370  0.700    0.51723E+00
  0.370  0.733    0.56690E+00
  0.370  0.767    0.57675E+00
  0.370  0.800    0.54509E+00
  0.370  0.833    0.47888E+00
  0.370  0.867    0.39126E+00
  0.370  0.900    0.29741E+00
  0.370  0.933    0.21038E+00
  0.370  0.967    0.13850E+00
  0.370  1.000    0.84851E-01
 
  0.380  0.000    0.62964E-01
  0.380  0.033    0.34741E-01
  0.380  0.067    0.17851E-01
  0.380  0.100    0.85388E-02
  0.380  0.133    0.38004E-02
  0.380  0.167    0.15759E-02
  0.380  0.200    0.62117E-03
  0.380  0.233    0.28059E-03
  0.380  0.267    0.29395E-03
  0.380  0.300    0.70929E-03
  0.380  0.333    0.19309E-02
  0.380  0.367    0.49057E-02
  0.380  0.400    0.11407E-01
  0.380  0.433    0.24288E-01
  0.380  0.467    0.47457E-01
  0.380  0.500    0.85284E-01
  0.380  0.533    0.14124E+00
  0.380  0.567    0.21596E+00
  0.380  0.600    0.30534E+00
  0.380  0.633    0.39980E+00
  0.380  0.667    0.48540E+00
  0.380  0.700    0.54703E+00
  0.380  0.733    0.57281E+00
  0.380  0.767    0.55776E+00
  0.380  0.800    0.50536E+00
  0.380  0.833    0.42631E+00
  0.380  0.867    0.33495E+00
  0.380  0.900    0.24519E+00
  0.380  0.933    0.16725E+00
  0.380  0.967    0.10631E+00
  0.380  1.000    0.62964E-01
 
  0.390  0.000    0.46030E-01
  0.390  0.033    0.24607E-01
  0.390  0.067    0.12264E-01
  0.390  0.100    0.56958E-02
  0.390  0.133    0.24657E-02
  0.390  0.167    0.10031E-02
  0.390  0.200    0.41682E-03
  0.390  0.233    0.28861E-03
  0.390  0.267    0.54315E-03
  0.390  0.300    0.14422E-02
  0.390  0.333    0.37157E-02
  0.390  0.367    0.88067E-02
  0.390  0.400    0.19136E-01
  0.390  0.433    0.38190E-01
  0.390  0.467    0.70153E-01
  0.390  0.500    0.11886E+00
  0.390  0.533    0.18607E+00
  0.390  0.567    0.26959E+00
  0.390  0.600    0.36202E+00
  0.390  0.633    0.45116E+00
  0.390  0.667    0.52238E+00
  0.390  0.700    0.56250E+00
  0.390  0.733    0.56378E+00
  0.390  0.767    0.52632E+00
  0.390  0.800    0.45793E+00
  0.390  0.833    0.37150E+00
  0.390  0.867    0.28110E+00
  0.390  0.900    0.19843E+00
  0.390  0.933    0.13069E+00
  0.390  0.967    0.80302E-01
  0.390  1.000    0.46030E-01
 
  0.400  0.000    0.33176E-01
  0.400  0.033    0.17201E-01
  0.400  0.067    0.83230E-02
  0.400  0.100    0.37577E-02
  0.400  0.133    0.15881E-02
  0.400  0.167    0.65132E-03
  0.400  0.200    0.33989E-03
  0.400  0.233    0.44133E-03
  0.400  0.267    0.10826E-02
  0.400  0.300    0.28063E-02
  0.400  0.333    0.67703E-02
  0.400  0.367    0.15004E-01
  0.400  0.400    0.30568E-01
  0.400  0.433    0.57368E-01
  0.400  0.467    0.99376E-01
  0.400  0.500    0.15918E+00
  0.400  0.533    0.23618E+00
  0.400  0.567    0.32505E+00
  0.400  0.600    0.41550E+00
  0.400  0.633    0.49389E+00
  0.400  0.667    0.54645E+00
  0.400  0.700    0.56327E+00
  0.400  0.733    0.54130E+00
  0.400  0.767    0.48529E+00
  0.400  0.800    0.40607E+00
  0.400  0.833    0.31726E+00
  0.400  0.867    0.23149E+00
  0.400  0.900    0.15778E+00
  0.400  0.933    0.10046E+00
  0.400  0.967    0.59739E-01
  0.400  1.000    0.33176E-01
 
  0.410  0.000    0.23591E-01
  0.410  0.033    0.11874E-01
  0.410  0.067    0.55839E-02
  0.410  0.100    0.24560E-02
  0.410  0.133    0.10260E-02
  0.410  0.167    0.46446E-03
  0.410  0.200    0.40076E-03
  0.410  0.233    0.82609E-03
  0.410  0.267    0.21168E-02
  0.410  0.300    0.51847E-02
  0.410  0.333    0.11711E-01
  0.410  0.367    0.24343E-01
  0.410  0.400    0.46648E-01
  0.410  0.433    0.82572E-01
  0.410  0.467    0.13526E+00
  0.410  0.500    0.20538E+00
  0.410  0.533    0.28950E+00
  0.410  0.567    0.37932E+00
  0.410  0.600    0.46254E+00
  0.410  0.633    0.52543E+00
  0.410  0.667    0.55654E+00
  0.410  0.700    0.55009E+00
  0.410  0.733    0.50769E+00
  0.410  0.767    0.43776E+00
  0.410  0.800    0.35278E+00
  0.410  0.833    0.26580E+00
  0.410  0.867    0.18727E+00
  0.410  0.900    0.12339E+00
  0.410  0.933    0.76026E-01
  0.410  0.967    0.43801E-01
  0.410  1.000    0.23591E-01
 
  0.420  0.000    0.16561E-01
  0.420  0.033    0.81000E-02
  0.420  0.067    0.37071E-02
  0.420  0.100    0.15980E-02
  0.420  0.133    0.68909E-03
  0.420  0.167    0.42624E-03
  0.420  0.200    0.65596E-03
  0.420  0.233    0.16005E-02
  0.420  0.267    0.39576E-02
  0.420  0.300    0.91003E-02
  0.420  0.333    0.19290E-01
  0.420  0.367    0.37726E-01
  0.420  0.400    0.68203E-01
  0.420  0.433    0.11419E+00
  0.420  0.467    0.17733E+00
  0.420  0.500    0.25585E+00
  0.420  0.533    0.34339E+00
  0.420  0.567    0.42925E+00
  0.420  0.600    0.50027E+00
  0.420  0.633    0.54409E+00
  0.420  0.667    0.55267E+00
  0.420  0.700    0.52465E+00
  0.420  0.733    0.46573E+00
  0.420  0.767    0.38677E+00
  0.420  0.800    0.30059E+00
  0.420  0.833    0.21868E+00
  0.420  0.867    0.14894E+00
  0.420  0.900    0.94970E-01
  0.420  0.933    0.56691E-01
  0.420  0.967    0.31675E-01
  0.420  1.000    0.16561E-01
 
  0.430  0.000    0.11484E-01
  0.430  0.033    0.54643E-02
  0.430  0.067    0.24417E-02
  0.430  0.100    0.10527E-02
  0.430  0.133    0.53138E-03
  0.430  0.167    0.56407E-03
  0.430  0.200    0.12227E-02
  0.430  0.233    0.30148E-02
  0.430  0.267    0.70432E-02
  0.430  0.300    0.15214E-01
  0.430  0.333    0.30351E-01
  0.430  0.367    0.56012E-01
  0.430  0.400    0.95792E-01
  0.430  0.433    0.15207E+00
  0.430  0.467    0.22444E+00
  0.430  0.500    0.30838E+00
  0.430  0.533    0.39491E+00
  0.430  0.567    0.47186E+00
  0.430  0.600    0.52656E+00
  0.430  0.633    0.54924E+00
  0.430  0.667    0.53586E+00
  0.430  0.700    0.48930E+00
  0.430  0.733    0.41836E+00
  0.430  0.767    0.33506E+00
  0.430  0.800    0.25144E+00
  0.430  0.833    0.17683E+00
  0.430  0.867    0.11656E+00
  0.430  0.900    0.72003E-01
  0.430  0.933    0.41682E-01
  0.430  0.967    0.22607E-01
  0.430  1.000    0.11484E-01
 
  0.440  0.000    0.78724E-02
  0.440  0.033    0.36507E-02
  0.440  0.067    0.16083E-02
  0.440  0.100    0.73989E-03
  0.440  0.133    0.55100E-03
  0.440  0.167    0.95925E-03
  0.440  0.200    0.22979E-02
  0.440  0.233    0.54318E-02
  0.440  0.267    0.11946E-01
  0.440  0.300    0.24296E-01
  0.440  0.333    0.45748E-01
  0.440  0.367    0.79880E-01
  0.440  0.400    0.12956E+00
  0.440  0.433    0.19550E+00
  0.440  0.467    0.27480E+00
  0.440  0.500    0.36029E+00
  0.440  0.533    0.44108E+00
  0.440  0.567    0.50468E+00
  0.440  0.600    0.54017E+00
  0.440  0.633    0.54121E+00
  0.440  0.667    0.50792E+00
  0.440  0.700    0.44673E+00
  0.440  0.733    0.36838E+00
  0.440  0.767    0.28489E+00
  0.440  0.800    0.20668E+00
  0.440  0.833    0.14067E+00
  0.440  0.867    0.89824E-01
  0.440  0.900    0.53810E-01
  0.440  0.933    0.30237E-01
  0.440  0.967    0.15933E-01
  0.440  1.000    0.78724E-02
 
  0.450  0.000    0.53394E-02
  0.450  0.033    0.24252E-02
  0.450  0.067    0.10872E-02
  0.450  0.100    0.62655E-03
  0.450  0.133    0.79595E-03
  0.450  0.167    0.17625E-02
  0.450  0.200    0.41783E-02
  0.450  0.233    0.93401E-02
  0.450  0.267    0.19356E-01
  0.450  0.300    0.37167E-01
  0.450  0.333    0.66227E-01
  0.450  0.367    0.10969E+00
  0.450  0.400    0.16912E+00
  0.450  0.433    0.24308E+00
  0.450  0.467    0.32610E+00
  0.450  0.500    0.40877E+00
  0.450  0.533    0.47924E+00
  0.450  0.567    0.52598E+00
  0.450  0.600    0.54079E+00
  0.450  0.633    0.52124E+00
  0.450  0.667    0.47121E+00
  0.450  0.700    0.39972E+00
  0.450  0.733    0.31829E+00
  0.450  0.767    0.23796E+00
  0.450  0.800    0.16707E+00
  0.450  0.833    0.11016E+00
  0.450  0.867    0.68216E-01
  0.450  0.900    0.39666E-01
  0.450  0.933    0.21655E-01
  0.450  0.967    0.11097E-01
  0.450  1.000    0.53394E-02
 
  0.460  0.000    0.35909E-02
  0.460  0.033    0.16224E-02
  0.460  0.067    0.81083E-03
  0.460  0.100    0.72819E-03
  0.460  0.133    0.13759E-02
  0.460  0.167    0.32120E-02
  0.460  0.200    0.72754E-02
  0.460  0.233    0.15350E-01
  0.460  0.267    0.30043E-01
  0.460  0.300    0.54603E-01
  0.460  0.333    0.92304E-01
  0.460  0.367    0.14535E+00
  0.460  0.400    0.21350E+00
  0.460  0.433    0.29289E+00
  0.460  0.467    0.37570E+00
  0.460  0.500    0.45105E+00
  0.460  0.533    0.50728E+00
  0.460  0.567    0.53487E+00
  0.460  0.600    0.52906E+00
  0.460  0.633    0.49122E+00
  0.460  0.667    0.42832E+00
  0.460  0.700    0.35086E+00
  0.460  0.733    0.27009E+00
  0.460  0.767    0.19543E+00
  0.460  0.800    0.13293E+00
  0.460  0.833    0.84994E-01
  0.460  0.867    0.51086E-01
  0.460  0.900    0.28859E-01
  0.460  0.933    0.15320E-01
  0.460  0.967    0.76423E-02
  0.460  1.000    0.35909E-02
 
  0.470  0.000    0.24098E-02
  0.470  0.033    0.11355E-02
  0.470  0.067    0.76125E-03
  0.470  0.100    0.11168E-02
  0.470  0.133    0.24775E-02
  0.470  0.167    0.56500E-02
  0.470  0.200    0.12120E-01
  0.470  0.233    0.24166E-01
  0.470  0.267    0.44779E-01
  0.470  0.300    0.77224E-01
  0.470  0.333    0.12413E+00
  0.470  0.367    0.18624E+00
  0.470  0.400    0.26113E+00
  0.470  0.433    0.34258E+00
  0.470  0.467    0.42091E+00
  0.470  0.500    0.48479E+00
  0.470  0.533    0.52383E+00
  0.470  0.567    0.53138E+00
  0.470  0.600    0.50636E+00
  0.470  0.633    0.45348E+00
  0.470  0.667    0.38184E+00
  0.470  0.700    0.30240E+00
  0.470  0.733    0.22529E+00
  0.470  0.767    0.15793E+00
  0.470  0.800    0.10417E+00
  0.470  0.833    0.64649E-01
  0.470  0.867    0.37750E-01
  0.470  0.900    0.20736E-01
  0.470  0.933    0.10713E-01
  0.470  0.967    0.52115E-02
  0.470  1.000    0.24098E-02
 
  0.480  0.000    0.16452E-02
  0.480  0.033    0.91094E-03
  0.480  0.067    0.97457E-03
  0.480  0.100    0.19332E-02
  0.480  0.133    0.43810E-02
  0.480  0.167    0.95320E-02
  0.480  0.200    0.19347E-01
  0.480  0.233    0.36534E-01
  0.480  0.267    0.64246E-01
  0.480  0.300    0.10537E+00
  0.480  0.333    0.16140E+00
  0.480  0.367    0.23118E+00
  0.480  0.400    0.31000E+00
  0.480  0.433    0.38958E+00
  0.480  0.467    0.45924E+00
  0.480  0.500    0.50822E+00
  0.480  0.533    0.52836E+00
  0.480  0.567    0.51637E+00
  0.480  0.600    0.47463E+00
  0.480  0.633    0.41050E+00
  0.480  0.667    0.33418E+00
  0.480  0.700    0.25614E+00
  0.480  0.733    0.18487E+00
  0.480  0.767    0.12567E+00
  0.480  0.800    0.80456E-01
  0.480  0.833    0.48510E-01
  0.480  0.867    0.27541E-01
  0.480  0.900    0.14722E-01
  0.480  0.933    0.74122E-02
  0.480  0.967    0.35305E-02
  0.480  1.000    0.16452E-02
 
  0.490  0.000    0.12046E-02
  0.490  0.033    0.94912E-03
  0.490  0.067    0.15498E-02
  0.490  0.100    0.34019E-02
  0.490  0.133    0.74716E-02
  0.490  0.167    0.15421E-01
  0.490  0.200    0.29659E-01
  0.490  0.233    0.53161E-01
  0.490  0.267    0.88919E-01
  0.490  0.300    0.13898E+00
  0.490  0.333    0.20326E+00
  0.490  0.367    0.27847E+00
  0.490  0.400    0.35775E+00
  0.490  0.433    0.43137E+00
  0.490  0.467    0.48862E+00
  0.490  0.500    0.52030E+00
  0.490  0.533    0.52117E+00
  0.490  0.567    0.49132E+00
  0.490  0.600    0.43615E+00
  0.490  0.633    0.36471E+00
  0.490  0.667    0.28735E+00
  0.490  0.700    0.21338E+00
  0.490  0.733    0.14935E+00
  0.490  0.767    0.98542E-01
  0.490  0.800    0.61288E-01
  0.490  0.833    0.35929E-01
  0.490  0.867    0.19850E-01
  0.490  0.900    0.10336E-01
  0.490  0.933    0.50832E-02
  0.490  0.967    0.23993E-02
  0.490  1.000    0.12046E-02
 
  0.500  0.000    0.10513E-02
  0.500  0.033    0.13095E-02
  0.500  0.067    0.26610E-02
  0.500  0.100    0.58437E-02
  0.500  0.133    0.12241E-01
  0.500  0.167    0.23964E-01
  0.500  0.200    0.43760E-01
  0.500  0.233    0.74616E-01
  0.500  0.267    0.11896E+00
  0.500  0.300    0.17755E+00
  0.500  0.333    0.24839E+00
  0.500  0.367    0.32604E+00
  0.500  0.400    0.40192E+00
  0.500  0.433    0.46572E+00
  0.500  0.467    0.50763E+00
  0.500  0.500    0.52082E+00
  0.500  0.533    0.50326E+00
  0.500  0.567    0.45822E+00
  0.500  0.600    0.39328E+00
  0.500  0.633    0.31829E+00
  0.500  0.667    0.24297E+00
  0.500  0.700    0.17496E+00
  0.500  0.733    0.11887E+00
  0.500  0.767    0.76190E-01
  0.500  0.800    0.46073E-01
  0.500  0.833    0.26281E-01
  0.500  0.867    0.14142E-01
  0.500  0.900    0.71844E-02
  0.500  0.933    0.34729E-02
  0.500  0.967    0.16825E-02
  0.500  1.000    0.10513E-02
 
  0.510  0.000    0.12062E-02
  0.510  0.033    0.21204E-02
  0.510  0.067    0.45707E-02
  0.510  0.100    0.96823E-02
  0.510  0.133    0.19275E-01
  0.510  0.167    0.35842E-01
  0.510  0.200    0.62274E-01
  0.510  0.233    0.10122E+00
  0.510  0.267    0.15411E+00
  0.510  0.300    0.22005E+00
  0.510  0.333    0.29498E+00
  0.510  0.367    0.37157E+00
  0.510  0.400    0.44020E+00
  0.510  0.433    0.49087E+00
  0.510  0.467    0.51555E+00
  0.510  0.500    0.51029E+00
  0.510  0.533    0.47624E+00
  0.510  0.567    0.41926E+00
  0.510  0.600    0.34829E+00
  0.510  0.633    0.27310E+00
  0.510  0.667    0.20217E+00
  0.510  0.700    0.14131E+00
  0.510  0.733    0.93260E-01
  0.510  0.767    0.58119E-01
  0.510  0.800    0.34198E-01
  0.510  0.833    0.18998E-01
  0.510  0.867    0.99673E-02
  0.510  0.900    0.49575E-02
  0.510  0.933    0.23987E-02
  0.510  0.967    0.13038E-02
  0.510  1.000    0.12062E-02
 
  0.520  0.000    0.17548E-02
  0.520  0.033    0.35906E-02
  0.520  0.067    0.76377E-02
  0.520  0.100    0.15438E-01
  0.520  0.133    0.29215E-01
  0.520  0.167    0.51701E-01
  0.520  0.200    0.85642E-01
  0.520  0.233    0.13296E+00
  0.520  0.267    0.19368E+00
  0.520  0.300    0.26501E+00
  0.520  0.333    0.34093E+00
  0.520  0.367    0.41275E+00
  0.520  0.400    0.47060E+00
  0.520  0.433    0.50567E+00
  0.520  0.467    0.51239E+00
  0.520  0.500    0.48986E+00
  0.520  0.533    0.44205E+00
  0.520  0.567    0.37668E+00
  0.520  0.600    0.30318E+00
  0.520  0.633    0.23054E+00
  0.520  0.667    0.16565E+00
  0.520  0.700    0.11248E+00
  0.520  0.733    0.72176E-01
  0.520  0.767    0.43767E-01
  0.520  0.800    0.25078E-01
  0.520  0.833    0.13579E-01
  0.520  0.867    0.69614E-02
  0.520  0.900    0.34222E-02
  0.520  0.933    0.17417E-02
  0.520  0.967    0.12453E-02
  0.520  1.000    0.17548E-02
 
  0.530  0.000    0.28562E-02
  0.530  0.033    0.60188E-02
  0.530  0.067    0.12318E-01
  0.530  0.100    0.23704E-01
  0.530  0.133    0.42707E-01
  0.530  0.167    0.72066E-01
  0.530  0.200    0.11403E+00
  0.530  0.233    0.16939E+00
  0.530  0.267    0.23648E+00
  0.530  0.300    0.31056E+00
  0.530  0.333    0.38402E+00
  0.530  0.367    0.44746E+00
  0.530  0.400    0.49165E+00
  0.530  0.433    0.50970E+00
  0.530  0.467    0.49887E+00
  0.530  0.500    0.46117E+00
  0.530  0.533    0.40283E+00
  0.530  0.567    0.33258E+00
  0.530  0.600    0.25959E+00
  0.530  0.633    0.19161E+00
  0.530  0.667    0.13375E+00
  0.530  0.700    0.88297E-01
  0.530  0.733    0.55130E-01
  0.530  0.767    0.32553E-01
  0.530  0.800    0.18179E-01
  0.530  0.833    0.96086E-02
  0.530  0.867    0.48379E-02
  0.530  0.900    0.24139E-02
  0.530  0.933    0.14439E-02
  0.530  0.967    0.15510E-02
  0.530  1.000    0.28562E-02
 
  0.540  0.000    0.47538E-02
  0.540  0.033    0.97982E-02
  0.540  0.067    0.19150E-01
  0.540  0.100    0.35106E-01
  0.540  0.133    0.60322E-01
  0.540  0.167    0.97245E-01
  0.540  0.200    0.14725E+00
  0.540  0.233    0.20964E+00
  0.540  0.267    0.28093E+00
  0.540  0.300    0.35464E+00
  0.540  0.333    0.42209E+00
  0.540  0.367    0.47397E+00
  0.540  0.400    0.50248E+00
  0.540  0.433    0.50320E+00
  0.540  0.467    0.47625E+00
  0.540  0.500    0.42616E+00
  0.540  0.533    0.36068E+00
  0.540  0.567    0.28879E+00
  0.540  0.600    0.21880E+00
  0.540  0.633    0.15689E+00
  0.540  0.667    0.10648E+00
  0.540  0.700    0.68397E-01
  0.540  0.733    0.41584E-01
  0.540  0.767    0.23929E-01
  0.540  0.800    0.13037E-01
  0.540  0.833    0.67462E-02
  0.540  0.867    0.33835E-02
  0.540  0.900    0.18319E-02
  0.540  0.933    0.15081E-02
  0.540  0.967    0.23341E-02
  0.540  1.000    0.47538E-02
 
  0.550  0.000    0.77804E-02
  0.550  0.033    0.15409E-01
  0.550  0.067    0.28723E-01
  0.550  0.100    0.50235E-01
  0.550  0.133    0.82476E-01
  0.550  0.167    0.12725E+00
  0.550  0.200    0.18468E+00
  0.550  0.233    0.25241E+00
  0.550  0.267    0.32515E+00
  0.550  0.300    0.39511E+00
  0.550  0.333    0.45322E+00
  0.550  0.367    0.49108E+00
  0.550  0.400    0.50291E+00
  0.550  0.433    0.48703E+00
  0.550  0.467    0.44620E+00
  0.550  0.500    0.38687E+00
  0.550  0.533    0.31754E+00
  0.550  0.567    0.24679E+00
  0.550  0.600    0.18165E+00
  0.550  0.633    0.12664E+00
  0.550  0.667    0.83629E-01
  0.550  0.700    0.52309E-01
  0.550  0.733    0.30991E-01
  0.550  0.767    0.17393E-01
  0.550  0.800    0.92624E-02
  0.550  0.833    0.47286E-02
  0.550  0.867    0.24525E-02
  0.550  0.900    0.16376E-02
  0.550  0.933    0.20037E-02
  0.550  0.967    0.37859E-02
  0.550  1.000    0.77804E-02
 
  0.560  0.000    0.12358E-01
  0.560  0.033    0.23398E-01
  0.560  0.067    0.41631E-01
  0.560  0.100    0.69580E-01
  0.560  0.133    0.10934E+00
  0.560  0.167    0.16171E+00
  0.560  0.200    0.22532E+00
  0.560  0.233    0.29606E+00
  0.560  0.267    0.36712E+00
  0.560  0.300    0.42997E+00
  0.560  0.333    0.47593E+00
  0.560  0.367    0.49818E+00
  0.560  0.400    0.49338E+00
  0.560  0.433    0.46253E+00
  0.560  0.467    0.41060E+00
  0.560  0.500    0.34527E+00
  0.560  0.533    0.27509E+00
  0.560  0.567    0.20771E+00
  0.560  0.600    0.14865E+00
  0.560  0.633    0.10083E+00
  0.560  0.667    0.64837E-01
  0.560  0.700    0.39518E-01
  0.560  0.733    0.22832E-01
  0.560  0.767    0.12515E-01
  0.560  0.800    0.65421E-02
  0.560  0.833    0.33629E-02
  0.560  0.867    0.19636E-02
  0.560  0.900    0.18573E-02
  0.560  0.933    0.30730E-02
  0.560  0.967    0.61826E-02
  0.560  1.000    0.12358E-01
 
  0.570  0.000    0.18982E-01
  0.570  0.033    0.34337E-01
  0.570  0.067    0.58400E-01
  0.570  0.100    0.93435E-01
  0.570  0.133    0.14076E+00
  0.570  0.167    0.19988E+00
  0.570  0.200    0.26776E+00
  0.570  0.233    0.33870E+00
  0.570  0.267    0.40483E+00
  0.570  0.300    0.45755E+00
  0.570  0.333    0.48928E+00
  0.570  0.367    0.49530E+00
  0.570  0.400    0.47487E+00
  0.570  0.433    0.43137E+00
  0.570  0.467    0.37141E+00
  0.570  0.500    0.30317E+00
  0.570  0.533    0.23466E+00
  0.570  0.567    0.17227E+00
  0.570  0.600    0.11996E+00
  0.570  0.633    0.79236E-01
  0.570  0.667    0.49646E-01
  0.570  0.700    0.29507E-01
  0.570  0.733    0.16642E-01
  0.570  0.767    0.89312E-02
  0.570  0.800    0.46346E-02
  0.570  0.833    0.25233E-02
  0.570  0.867    0.18998E-02
  0.570  0.900    0.25867E-02
  0.570  0.933    0.49388E-02
  0.570  0.967    0.98876E-02
  0.570  1.000    0.18982E-01
 
  0.580  0.000    0.28195E-01
  0.580  0.033    0.48775E-01
  0.580  0.067    0.79421E-01
  0.580  0.100    0.12183E+00
  0.580  0.133    0.17623E+00
  0.580  0.167    0.24061E+00
  0.580  0.200    0.31032E+00
  0.580  0.233    0.37838E+00
  0.580  0.267    0.43646E+00
  0.580  0.300    0.47659E+00
  0.580  0.333    0.49289E+00
  0.580  0.367    0.48304E+00
  0.580  0.400    0.44877E+00
  0.580  0.433    0.39539E+00
  0.580  0.467    0.33046E+00
  0.580  0.500    0.26206E+00
  0.580  0.533    0.19723E+00
  0.580  0.567    0.14088E+00
  0.580  0.600    0.95525E-01
  0.580  0.633    0.61482E-01
  0.580  0.667    0.37562E-01
  0.580  0.700    0.21788E-01
  0.580  0.733    0.12015E-01
  0.580  0.767    0.63532E-02
  0.580  0.800    0.33678E-02
  0.580  0.833    0.21492E-02
  0.580  0.867    0.23120E-02
  0.580  0.900    0.39980E-02
  0.580  0.933    0.79081E-02
  0.580  0.967    0.15344E-01
  0.580  1.000    0.28195E-01
 
  0.590  0.000    0.40543E-01
  0.590  0.033    0.67162E-01
  0.590  0.067    0.10487E+00
  0.590  0.100    0.15447E+00
  0.590  0.133    0.21486E+00
  0.590  0.167    0.28244E+00
  0.590  0.200    0.35116E+00
  0.590  0.233    0.41323E+00
  0.590  0.267    0.46054E+00
  0.590  0.300    0.48637E+00
  0.590  0.333    0.48698E+00
  0.590  0.367    0.46248E+00
  0.590  0.400    0.41675E+00
  0.590  0.433    0.35643E+00
  0.590  0.467    0.28942E+00
  0.590  0.500    0.22316E+00
  0.590  0.533    0.16342E+00
  0.590  0.567    0.11367E+00
  0.590  0.600    0.75099E-01
  0.590  0.633    0.47130E-01
  0.590  0.667    0.28098E-01
  0.590  0.700    0.15924E-01
  0.590  0.733    0.86181E-02
  0.590  0.767    0.45620E-02
  0.590  0.800    0.26367E-02
  0.590  0.833    0.22469E-02
  0.590  0.867    0.33236E-02
  0.590  0.900    0.63440E-02
  0.590  0.933    0.12370E-01
  0.590  0.967    0.23055E-01
  0.590  1.000    0.40543E-01
 
  0.600  0.000    0.56515E-01
  0.600  0.033    0.89785E-01
  0.600  0.067    0.13463E+00
  0.600  0.100    0.19070E+00
  0.600  0.133    0.25540E+00
  0.600  0.167    0.32367E+00
  0.600  0.200    0.38840E+00
  0.600  0.233    0.44161E+00
  0.600  0.267    0.47604E+00
  0.600  0.300    0.48674E+00
  0.600  0.333    0.47228E+00
  0.600  0.367    0.43504E+00
  0.600  0.400    0.38056E+00
  0.600  0.433    0.31623E+00
  0.600  0.467    0.24967E+00
  0.600  0.500    0.18732E+00
  0.600  0.533    0.13357E+00
  0.600  0.567    0.90527E-01
  0.600  0.600    0.58318E-01
  0.600  0.633    0.35711E-01
  0.600  0.667    0.20794E-01
  0.600  0.700    0.11541E-01
  0.600  0.733    0.61844E-02
  0.600  0.767    0.34068E-02
  0.600  0.800    0.24028E-02
  0.600  0.833    0.28929E-02
  0.600  0.867    0.51359E-02
  0.600  0.900    0.99594E-02
  0.600  0.933    0.18781E-01
  0.600  0.967    0.33548E-01
  0.600  1.000    0.56515E-01
 
  0.610  0.000    0.76477E-01
  0.610  0.033    0.11669E+00
  0.610  0.067    0.16827E+00
  0.610  0.100    0.22952E+00
  0.610  0.133    0.29636E+00
  0.610  0.167    0.36251E+00
  0.610  0.200    0.42033E+00
  0.610  0.233    0.46227E+00
  0.610  0.267    0.48246E+00
  0.610  0.300    0.47807E+00
  0.610  0.333    0.44994E+00
  0.610  0.367    0.40235E+00
  0.610  0.400    0.34196E+00
  0.610  0.433    0.27629E+00
  0.610  0.467    0.21226E+00
  0.610  0.500    0.15507E+00
  0.610  0.533    0.10774E+00
  0.610  0.567    0.71201E-01
  0.610  0.600    0.44753E-01
  0.610  0.633    0.26760E-01
  0.610  0.667    0.15242E-01
  0.610  0.700    0.83269E-02
  0.610  0.733    0.45179E-02
  0.610  0.767    0.28044E-02
  0.610  0.800    0.26968E-02
  0.610  0.833    0.42387E-02
  0.610  0.867    0.80300E-02
  0.610  0.900    0.15252E-01
  0.610  0.933    0.27641E-01
  0.610  0.967    0.47328E-01
  0.610  1.000    0.76477E-01
 
  0.620  0.000    0.10061E+00
  0.620  0.033    0.14764E+00
  0.620  0.067    0.20502E+00
  0.620  0.100    0.26963E+00
  0.620  0.133    0.33605E+00
  0.620  0.167    0.39720E+00
  0.620  0.200    0.44549E+00
  0.620  0.233    0.47438E+00
  0.620  0.267    0.47982E+00
  0.620  0.300    0.46119E+00
  0.620  0.333    0.42139E+00
  0.620  0.367    0.36612E+00
  0.620  0.400    0.30256E+00
  0.620  0.433    0.23787E+00
  0.620  0.467    0.17795E+00
  0.620  0.500    0.12667E+00
  0.620  0.533    0.85819E-01
  0.620  0.567    0.55333E-01
  0.620  0.600    0.33958E-01
  0.620  0.633    0.19849E-01
  0.620  0.667    0.11093E-01
  0.620  0.700    0.60415E-02
  0.620  0.733    0.34898E-02
  0.620  0.767    0.27399E-02
  0.620  0.800    0.36219E-02
  0.620  0.833    0.65135E-02
  0.620  0.867    0.12363E-01
  0.620  0.900    0.22685E-01
  0.620  0.933    0.39453E-01
  0.620  0.967    0.64817E-01
  0.620  1.000    0.10061E+00
 
  0.630  0.000    0.12883E+00
  0.630  0.033    0.18207E+00
  0.630  0.067    0.24379E+00
  0.630  0.100    0.30948E+00
  0.630  0.133    0.37274E+00
  0.630  0.167    0.42618E+00
  0.630  0.200    0.46283E+00
  0.630  0.233    0.47765E+00
  0.630  0.267    0.46864E+00
  0.630  0.300    0.43731E+00
  0.630  0.333    0.38822E+00
  0.630  0.367    0.32798E+00
  0.630  0.400    0.26375E+00
  0.630  0.433    0.20192E+00
  0.630  0.467    0.14718E+00
  0.630  0.500    0.10216E+00
  0.630  0.533    0.67527E-01
  0.630  0.567    0.42508E-01
  0.630  0.600    0.25493E-01
  0.630  0.633    0.14595E-01
  0.630  0.667    0.80620E-02
  0.630  0.700    0.45105E-02
  0.630  0.733    0.30398E-02
  0.630  0.767    0.32691E-02
  0.630  0.800    0.53568E-02
  0.630  0.833    0.10023E-01
  0.630  0.867    0.18557E-01
  0.630  0.900    0.32746E-01
  0.630  0.933    0.54672E-01
  0.630  0.967    0.86290E-01
  0.630  1.000    0.12883E+00
 
  0.640  0.000    0.16077E+00
  0.640  0.033    0.21910E+00
  0.640  0.067    0.28320E+00
  0.640  0.100    0.34744E+00
  0.640  0.133    0.40480E+00
  0.640  0.167    0.44817E+00
  0.640  0.200    0.47172E+00
  0.640  0.233    0.47224E+00
  0.640  0.267    0.44984E+00
  0.640  0.300    0.40786E+00
  0.640  0.333    0.35208E+00
  0.640  0.367    0.28944E+00
  0.640  0.400    0.22665E+00
  0.640  0.433    0.16908E+00
  0.640  0.467    0.12017E+00
  0.640  0.500    0.81381E-01
  0.640  0.533    0.52515E-01
  0.640  0.567    0.32299E-01
  0.640  0.600    0.18954E-01
  0.640  0.633    0.10675E-01
  0.640  0.667    0.59311E-02
  0.640  0.700    0.36281E-02
  0.640  0.733    0.31774E-02
  0.640  0.767    0.45218E-02
  0.640  0.800    0.81567E-02
  0.640  0.833    0.15143E-01
  0.640  0.867    0.27070E-01
  0.640  0.900    0.45901E-01
  0.640  0.933    0.73643E-01
  0.640  0.967    0.11181E+00
  0.640  1.000    0.16077E+00
 
  0.650  0.000    0.19577E+00
  0.650  0.033    0.25756E+00
  0.650  0.067    0.32174E+00
  0.650  0.100    0.38186E+00
  0.650  0.133    0.43082E+00
  0.650  0.167    0.46230E+00
  0.650  0.200    0.47203E+00
  0.650  0.233    0.45880E+00
  0.650  0.267    0.42465E+00
  0.650  0.300    0.37439E+00
  0.650  0.333    0.31450E+00
  0.650  0.367    0.25177E+00
  0.650  0.400    0.19210E+00
  0.650  0.433    0.13973E+00
  0.650  0.467    0.96896E-01
  0.650  0.500    0.64061E-01
  0.650  0.533    0.40385E-01
  0.650  0.567    0.24292E-01
  0.650  0.600    0.13987E-01
  0.650  0.633    0.78288E-02
  0.650  0.667    0.45493E-02
  0.650  0.700    0.33577E-02
  0.650  0.733    0.39840E-02
  0.650  0.767    0.67027E-02
  0.650  0.800    0.12349E-01
  0.650  0.833    0.22299E-01
  0.650  0.867    0.38369E-01
  0.650  0.900    0.62546E-01
  0.650  0.933    0.96544E-01
  0.650  0.967    0.14119E+00
  0.650  1.000    0.19577E+00
 
  0.660  0.000    0.23284E+00
  0.660  0.033    0.29607E+00
  0.660  0.067    0.35781E+00
  0.660  0.100    0.41123E+00
  0.660  0.133    0.44971E+00
  0.660  0.167    0.46814E+00
  0.660  0.200    0.46409E+00
  0.660  0.233    0.43831E+00
  0.660  0.267    0.39449E+00
  0.660  0.300    0.33845E+00
  0.660  0.333    0.27686E+00
  0.660  0.367    0.21597E+00
  0.660  0.400    0.16068E+00
  0.660  0.433    0.11403E+00
  0.660  0.467    0.77195E-01
  0.660  0.500    0.49856E-01
  0.660  0.533    0.30729E-01
  0.660  0.567    0.18109E-01
  0.660  0.600    0.10292E-01
  0.660  0.633    0.58611E-02
  0.660  0.667    0.38343E-02
  0.660  0.700    0.37335E-02
  0.660  0.733    0.56153E-02
  0.660  0.767    0.10090E-01
  0.660  0.800    0.18319E-01
  0.660  0.833    0.31941E-01
  0.660  0.867    0.52875E-01
  0.660  0.900    0.82945E-01
  0.660  0.933    0.12333E+00
  0.660  0.967    0.17394E+00
  0.660  1.000    0.23284E+00
 
  0.670  0.000    0.27078E+00
  0.670  0.033    0.33311E+00
  0.670  0.067    0.38986E+00
  0.670  0.100    0.43432E+00
  0.670  0.133    0.46077E+00
  0.670  0.167    0.46571E+00
  0.670  0.200    0.44862E+00
  0.670  0.233    0.41202E+00
  0.670  0.267    0.36087E+00
  0.670  0.300    0.30150E+00
  0.670  0.333    0.24032E+00
  0.670  0.367    0.18280E+00
  0.670  0.400    0.13269E+00
  0.670  0.433    0.91929E-01
  0.670  0.467    0.60792E-01
  0.670  0.500    0.38380E-01
  0.670  0.533    0.23157E-01
  0.670  0.567    0.13419E-01
  0.670  0.600    0.76335E-02
  0.670  0.633    0.46450E-02
  0.670  0.667    0.37738E-02
  0.670  0.700    0.48625E-02
  0.670  0.733    0.83003E-02
  0.670  0.767    0.15028E-01
  0.670  0.800    0.26492E-01
  0.670  0.833    0.44502E-01
  0.670  0.867    0.70917E-01
  0.670  0.900    0.10718E+00
  0.670  0.933    0.15369E+00
  0.670  0.967    0.20928E+00
  0.670  1.000    0.27078E+00
 
  0.680  0.000    0.30818E+00
  0.680  0.033    0.36716E+00
  0.680  0.067    0.41654E+00
  0.680  0.100    0.45019E+00
  0.680  0.133    0.46373E+00
  0.680  0.167    0.45546E+00
  0.680  0.200    0.42666E+00
  0.680  0.233    0.38133E+00
  0.680  0.267    0.32525E+00
  0.680  0.300    0.26479E+00
  0.680  0.333    0.20581E+00
  0.680  0.367    0.15273E+00
  0.680  0.400    0.10823E+00
  0.680  0.433    0.73247E-01
  0.680  0.467    0.47345E-01
  0.680  0.500    0.29246E-01
  0.680  0.533    0.17314E-01
  0.680  0.567    0.99476E-02
  0.680  0.600    0.58404E-02
  0.680  0.633    0.41223E-02
  0.680  0.667    0.44270E-02
  0.680  0.700    0.69252E-02
  0.680  0.733    0.12337E-01
  0.680  0.767    0.21906E-01
  0.680  0.800    0.37298E-01
  0.680  0.833    0.60351E-01
  0.680  0.867    0.92672E-01
  0.680  0.900    0.13509E+00
  0.680  0.933    0.18705E+00
  0.680  0.967    0.24618E+00
  0.680  1.000    0.30818E+00
 
  0.690  0.000    0.34357E+00
  0.690  0.033    0.39679E+00
  0.690  0.067    0.43673E+00
  0.690  0.100    0.45832E+00
  0.690  0.133    0.45877E+00
  0.690  0.167    0.43818E+00
  0.690  0.200    0.39946E+00
  0.690  0.233    0.34768E+00
  0.690  0.267    0.28897E+00
  0.690  0.300    0.22940E+00
  0.690  0.333    0.17396E+00
  0.690  0.367    0.12603E+00
  0.690  0.400    0.87242E-01
  0.690  0.433    0.57705E-01
  0.690  0.467    0.36486E-01
  0.690  0.500    0.22087E-01
  0.690  0.533    0.12894E-01
  0.690  0.567    0.74833E-02
  0.690  0.600    0.48095E-02
  0.690  0.633    0.43051E-02
  0.690  0.667    0.59259E-02
  0.690  0.700    0.10172E-01
  0.690  0.733    0.18079E-01
  0.690  0.767    0.31141E-01
  0.690  0.800    0.51130E-01
  0.690  0.833    0.79744E-01
  0.690  0.867    0.11812E+00
  0.690  0.900    0.16626E+00
  0.690  0.933    0.22253E+00
  0.690  0.967    0.28338E+00
  0.690  1.000    0.34357E+00
 
  0.700  0.000    0.37550E+00
  0.700  0.033    0.42075E+00
  0.700  0.067    0.44968E+00
  0.700  0.100    0.45859E+00
  0.700  0.133    0.44642E+00
  0.700  0.167    0.41495E+00
  0.700  0.200    0.36839E+00
  0.700  0.233    0.31246E+00
  0.700  0.267    0.25323E+00
  0.700  0.300    0.19614E+00
  0.700  0.333    0.14521E+00
  0.700  0.367    0.10276E+00
  0.700  0.400    0.69520E-01
  0.700  0.433    0.44974E-01
  0.700  0.467    0.27846E-01
  0.700  0.500    0.16571E-01
  0.700  0.533    0.96477E-02
  0.700  0.567    0.58790E-02
  0.700  0.600    0.45069E-02
  0.700  0.633    0.52776E-02
  0.700  0.667    0.84736E-02
  0.700  0.700    0.14916E-01
  0.700  0.733    0.25916E-01
  0.700  0.767    0.43134E-01
  0.700  0.800    0.68298E-01
  0.700  0.833    0.10277E+00
  0.700  0.867    0.14701E+00
  0.700  0.900    0.20002E+00
  0.700  0.933    0.25904E+00
  0.700  0.967    0.31949E+00
  0.700  1.000    0.37550E+00
 
  0.710  0.000    0.40265E+00
  0.710  0.033    0.43811E+00
  0.710  0.067    0.45502E+00
  0.710  0.100    0.45129E+00
  0.710  0.133    0.42754E+00
  0.710  0.167    0.38702E+00
  0.710  0.200    0.33483E+00
  0.710  0.233    0.27692E+00
  0.710  0.267    0.21898E+00
  0.710  0.300    0.16558E+00
  0.710  0.333    0.11974E+00
  0.710  0.367    0.82815E-01
  0.710  0.400    0.54792E-01
  0.710  0.433    0.34697E-01
  0.710  0.467    0.21081E-01
  0.710  0.500    0.12417E-01
  0.710  0.533    0.73865E-02
  0.710  0.567    0.50558E-02
  0.710  0.600    0.49693E-02
  0.710  0.633    0.71952E-02
  0.710  0.667    0.12339E-01
  0.710  0.700    0.21516E-01
  0.710  0.733    0.36247E-01
  0.710  0.767    0.58233E-01
  0.710  0.800    0.88981E-01
  0.710  0.833    0.12931E+00
  0.710  0.867    0.17881E+00
  0.710  0.900    0.23543E+00
  0.710  0.933    0.29531E+00
  0.710  0.967    0.35310E+00
  0.710  1.000    0.40265E+00
 
  0.720  0.000    0.42393E+00
  0.720  0.033    0.44826E+00
  0.720  0.067    0.45278E+00
  0.720  0.100    0.43704E+00
  0.720  0.133    0.40322E+00
  0.720  0.167    0.35570E+00
  0.720  0.200    0.30008E+00
  0.720  0.233    0.24215E+00
  0.720  0.267    0.18694E+00
  0.720  0.300    0.13807E+00
  0.720  0.333    0.97584E-01
  0.720  0.367    0.66001E-01
  0.720  0.400    0.42735E-01
  0.720  0.433    0.26528E-01
  0.720  0.467    0.15883E-01
  0.720  0.500    0.93988E-02
  0.720  0.533    0.59881E-02
  0.720  0.567    0.50039E-02
  0.720  0.600    0.63049E-02
  0.720  0.633    0.10281E-01
  0.720  0.667    0.17845E-01
  0.720  0.700    0.30355E-01
  0.720  0.733    0.49438E-01
  0.720  0.767    0.76682E-01
  0.720  0.800    0.11318E+00
  0.720  0.833    0.15901E+00
  0.720  0.867    0.21279E+00
  0.720  0.900    0.27136E+00
  0.720  0.933    0.32998E+00
  0.720  0.967    0.38283E+00
  0.720  1.000    0.42393E+00
 
  0.730  0.000    0.43853E+00
  0.730  0.033    0.45097E+00
  0.730  0.067    0.44333E+00
  0.730  0.100    0.41675E+00
  0.730  0.133    0.37471E+00
  0.730  0.167    0.32233E+00
  0.730  0.200    0.26533E+00
  0.730  0.233    0.20902E+00
  0.730  0.267    0.15762E+00
  0.730  0.300    0.11378E+00
  0.730  0.333    0.78634E-01
  0.730  0.367    0.52042E-01
  0.730  0.400    0.33011E-01
  0.730  0.433    0.20141E-01
  0.730  0.467    0.11992E-01
  0.730  0.500    0.73523E-02
  0.730  0.533    0.53976E-02
  0.730  0.567    0.57845E-02
  0.730  0.600    0.86908E-02
  0.730  0.633    0.14820E-01
  0.730  0.667    0.25351E-01
  0.730  0.700    0.41805E-01
  0.730  0.733    0.65784E-01
  0.730  0.767    0.98580E-01
  0.730  0.800    0.14068E+00
  0.730  0.833    0.19128E+00
  0.730  0.867    0.24793E+00
  0.730  0.900    0.30653E+00
  0.730  0.933    0.36169E+00
  0.730  0.967    0.40749E+00
  0.730  1.000    0.43853E+00
 
  0.740  0.000    0.44599E+00
  0.740  0.033    0.44639E+00
  0.740  0.067    0.42738E+00
  0.740  0.100    0.39153E+00
  0.740  0.133    0.34328E+00
  0.740  0.167    0.28813E+00
  0.740  0.200    0.23154E+00
  0.740  0.233    0.17818E+00
  0.740  0.267    0.13132E+00
  0.740  0.300    0.92693E-01
  0.740  0.333    0.62679E-01
  0.740  0.367    0.40623E-01
  0.740  0.400    0.25289E-01
  0.740  0.433    0.15252E-01
  0.740  0.467    0.92084E-02
  0.740  0.500    0.61795E-02
  0.740  0.533    0.56297E-02
  0.740  0.567    0.75283E-02
  0.740  0.600    0.12368E-01
  0.740  0.633    0.21138E-01
  0.740  0.667    0.35223E-01
  0.740  0.700    0.56193E-01
  0.740  0.733    0.85462E-01
  0.740  0.767    0.12384E+00
  0.740  0.800    0.17104E+00
  0.740  0.833    0.22527E+00
  0.740  0.867    0.28309E+00
  0.740  0.900    0.33963E+00
  0.740  0.933    0.38917E+00
  0.740  0.967    0.42611E+00
  0.740  1.000    0.44599E+00
 
  0.750  0.000    0.44623E+00
  0.750  0.033    0.43499E+00
  0.750  0.067    0.40587E+00
  0.750  0.100    0.36258E+00
  0.750  0.133    0.31019E+00
  0.750  0.167    0.25418E+00
  0.750  0.200    0.19953E+00
  0.750  0.233    0.15006E+00
  0.750  0.267    0.10814E+00
  0.750  0.300    0.74684E-01
  0.750  0.333    0.49445E-01
  0.750  0.367    0.31423E-01
  0.750  0.400    0.19267E-01
  0.750  0.433    0.11626E-01
  0.750  0.467    0.73910E-02
  0.750  0.500    0.58496E-02
  0.750  0.533    0.67689E-02
  0.750  0.567    0.10432E-01
  0.750  0.600    0.17630E-01
  0.750  0.633    0.29589E-01
  0.750  0.667    0.47805E-01
  0.750  0.700    0.73754E-01
  0.750  0.733    0.10849E+00
  0.750  0.767    0.15216E+00
  0.750  0.800    0.20358E+00
  0.750  0.833    0.25996E+00
  0.750  0.867    0.31701E+00
  0.750  0.900    0.36935E+00
  0.750  0.933    0.41133E+00
  0.750  0.967    0.43804E+00
  0.750  1.000    0.44623E+00
 
  0.760  0.000    0.43948E+00
  0.760  0.033    0.41752E+00
  0.760  0.067    0.37990E+00
  0.760  0.100    0.33115E+00
  0.760  0.133    0.27658E+00
  0.760  0.167    0.22139E+00
  0.760  0.200    0.16985E+00
  0.760  0.233    0.12491E+00
  0.760  0.267    0.88067E-01
  0.760  0.300    0.59541E-01
  0.760  0.333    0.38632E-01
  0.760  0.367    0.24129E-01
  0.760  0.400    0.14682E-01
  0.760  0.433    0.90849E-02
  0.760  0.467    0.64662E-02
  0.760  0.500    0.64012E-02
  0.760  0.533    0.89669E-02
  0.760  0.567    0.14751E-01
  0.760  0.600    0.24806E-01
  0.760  0.633    0.40519E-01
  0.760  0.667    0.63375E-01
  0.760  0.700    0.94595E-01
  0.760  0.733    0.13469E+00
  0.760  0.767    0.18301E+00
  0.760  0.800    0.23741E+00
  0.760  0.833    0.29419E+00
  0.760  0.867    0.34842E+00
  0.760  0.900    0.39454E+00
  0.760  0.933    0.42736E+00
  0.760  0.967    0.44295E+00
  0.760  1.000    0.43948E+00
 
  0.770  0.000    0.42630E+00
  0.770  0.033    0.39494E+00
  0.770  0.067    0.35065E+00
  0.770  0.100    0.29841E+00
  0.770  0.133    0.24347E+00
  0.770  0.167    0.19046E+00
  0.770  0.200    0.14288E+00
  0.770  0.233    0.10280E+00
  0.770  0.267    0.70952E-01
  0.770  0.300    0.46995E-01
  0.770  0.333    0.29930E-01
  0.770  0.367    0.18461E-01
  0.770  0.400    0.11324E-01
  0.770  0.433    0.75137E-02
  0.770  0.467    0.64272E-02
  0.770  0.500    0.79406E-02
  0.770  0.533    0.12437E-01
  0.770  0.567    0.20784E-01
  0.770  0.600    0.34233E-01
  0.770  0.633    0.54232E-01
  0.770  0.667    0.82107E-01
  0.770  0.700    0.11865E+00
  0.770  0.733    0.16368E+00
  0.770  0.767    0.21565E+00
  0.770  0.800    0.27148E+00
  0.770  0.833    0.32673E+00
  0.770  0.867    0.37609E+00
  0.770  0.900    0.41423E+00
  0.770  0.933    0.43672E+00
  0.770  0.967    0.44087E+00
  0.770  1.000    0.42630E+00
 
  0.780  0.000    0.40749E+00
  0.780  0.033    0.36837E+00
  0.780  0.067    0.31930E+00
  0.780  0.100    0.26544E+00
  0.780  0.133    0.21166E+00
  0.780  0.167    0.16192E+00
  0.780  0.200    0.11884E+00
  0.780  0.233    0.83693E-01
  0.780  0.267    0.56578E-01
  0.780  0.300    0.36756E-01
  0.780  0.333    0.23048E-01
  0.780  0.367    0.14179E-01
  0.780  0.400    0.90377E-02
  0.780  0.433    0.68618E-02
  0.780  0.467    0.73352E-02
  0.780  0.500    0.10639E-01
  0.780  0.533    0.17445E-01
  0.780  0.567    0.28854E-01
  0.780  0.600    0.46233E-01
  0.780  0.633    0.70957E-01
  0.780  0.667    0.10403E+00
  0.780  0.700    0.14567E+00
  0.780  0.733    0.19486E+00
  0.780  0.767    0.24915E+00
  0.780  0.800    0.30463E+00
  0.780  0.833    0.35635E+00
  0.780  0.867    0.39898E+00
  0.780  0.900    0.42772E+00
  0.780  0.933    0.43921E+00
  0.780  0.967    0.43213E+00
  0.780  1.000    0.40749E+00
 
  0.790  0.000    0.38401E+00
  0.790  0.033    0.33893E+00
  0.790  0.067    0.28699E+00
  0.790  0.100    0.23318E+00
  0.790  0.133    0.18182E+00
  0.790  0.167    0.13607E+00
  0.790  0.200    0.97750E-01
  0.790  0.233    0.67424E-01
  0.790  0.267    0.44685E-01
  0.790  0.300    0.28532E-01
  0.790  0.333    0.17727E-01
  0.790  0.367    0.11094E-01
  0.790  0.400    0.77321E-02
  0.790  0.433    0.71458E-02
  0.790  0.467    0.93173E-02
  0.790  0.500    0.14723E-01
  0.790  0.533    0.24290E-01
  0.790  0.567    0.39281E-01
  0.790  0.600    0.61067E-01
  0.790  0.633    0.90803E-01
  0.790  0.667    0.12902E+00
  0.790  0.700    0.17519E+00
  0.790  0.733    0.22743E+00
  0.790  0.767    0.28244E+00
  0.790  0.800    0.33566E+00
  0.790  0.833    0.38192E+00
  0.790  0.867    0.41622E+00
  0.790  0.900    0.43461E+00
  0.790  0.933    0.43496E+00
  0.790  0.967    0.41735E+00
  0.790  1.000    0.38401E+00
 
  0.800  0.000    0.35696E+00
  0.800  0.033    0.30776E+00
  0.800  0.067    0.25470E+00
  0.800  0.100    0.20236E+00
  0.800  0.133    0.15437E+00
  0.800  0.167    0.11308E+00
  0.800  0.200    0.79554E-01
  0.800  0.233    0.53780E-01
  0.800  0.267    0.34993E-01
  0.800  0.300    0.22049E-01
  0.800  0.333    0.13747E-01
  0.800  0.367    0.90769E-02
  0.800  0.400    0.73804E-02
  0.800  0.433    0.84487E-02
  0.800  0.467    0.12561E-01
  0.800  0.500    0.20463E-01
  0.800  0.533    0.33285E-01
  0.800  0.567    0.52353E-01
  0.800  0.600    0.78909E-01
  0.800  0.633    0.11373E+00
  0.800  0.667    0.15672E+00
  0.800  0.700    0.20653E+00
  0.800  0.733    0.26044E+00
  0.800  0.767    0.31437E+00
  0.800  0.800    0.36342E+00
  0.800  0.833    0.40250E+00
  0.800  0.867    0.42726E+00
  0.800  0.900    0.43482E+00
  0.800  0.933    0.42439E+00
  0.800  0.967    0.39735E+00
  0.800  1.000    0.35696E+00
 
  0.810  0.000    0.32744E+00
  0.810  0.033    0.27593E+00
  0.810  0.067    0.22330E+00
  0.810  0.100    0.17356E+00
  0.810  0.133    0.12959E+00
  0.810  0.167    0.92964E-01
  0.810  0.200    0.64090E-01
  0.810  0.233    0.42508E-01
  0.810  0.267    0.27226E-01
  0.810  0.300    0.17068E-01
  0.810  0.333    0.10945E-01
  0.810  0.367    0.80590E-02
  0.810  0.400    0.80214E-02
  0.810  0.433    0.10916E-01
  0.810  0.467    0.17302E-01
  0.810  0.500    0.28156E-01
  0.810  0.533    0.44726E-01
  0.810  0.567    0.68286E-01
  0.810  0.600    0.99802E-01
  0.810  0.633    0.13952E+00
  0.810  0.667    0.18661E+00
  0.810  0.700    0.23887E+00
  0.810  0.733    0.29280E+00
  0.810  0.767    0.34380E+00
  0.810  0.800    0.38687E+00
  0.810  0.833    0.41736E+00
  0.810  0.867    0.43180E+00
  0.810  0.900    0.42856E+00
  0.810  0.933    0.40817E+00
  0.810  0.967    0.37312E+00
  0.810  1.000    0.32744E+00
 
  0.820  0.000    0.29653E+00
  0.820  0.033    0.24435E+00
  0.820  0.067    0.19346E+00
  0.820  0.100    0.14718E+00
  0.820  0.133    0.10762E+00
  0.820  0.167    0.75639E-01
  0.820  0.200    0.51141E-01
  0.820  0.233    0.33339E-01
  0.820  0.267    0.21131E-01
  0.820  0.300    0.13394E-01
  0.820  0.333    0.92134E-02
  0.820  0.367    0.80364E-02
  0.820  0.400    0.97580E-02
  0.820  0.433    0.14748E-01
  0.820  0.467    0.23815E-01
  0.820  0.500    0.38098E-01
  0.820  0.533    0.58862E-01
  0.820  0.567    0.87196E-01
  0.820  0.600    0.12363E+00
  0.820  0.633    0.16777E+00
  0.820  0.667    0.21797E+00
  0.820  0.700    0.27123E+00
  0.820  0.733    0.32340E+00
  0.820  0.767    0.36964E+00
  0.820  0.800    0.40516E+00
  0.820  0.833    0.42602E+00
  0.820  0.867    0.42986E+00
  0.820  0.900    0.41632E+00
  0.820  0.933    0.38714E+00
  0.820  0.967    0.34571E+00
  0.820  1.000    0.29653E+00
 
  0.830  0.000    0.26522E+00
  0.830  0.033    0.21381E+00
  0.830  0.067    0.16569E+00
  0.830  0.100    0.12344E+00
  0.830  0.133    0.88430E-01
  0.830  0.167    0.60940E-01
  0.830  0.200    0.40460E-01
  0.830  0.233    0.26014E-01
  0.830  0.267    0.16489E-01
  0.830  0.300    0.10886E-01
  0.830  0.333    0.85072E-02
  0.830  0.367    0.90694E-02
  0.830  0.400    0.12752E-01
  0.830  0.433    0.20188E-01
  0.830  0.467    0.32385E-01
  0.830  0.500    0.50556E-01
  0.830  0.533    0.75862E-01
  0.830  0.567    0.10906E+00
  0.830  0.600    0.15012E+00
  0.830  0.633    0.19789E+00
  0.830  0.667    0.24992E+00
  0.830  0.700    0.30253E+00
  0.830  0.733    0.35114E+00
  0.830  0.767    0.39095E+00
  0.830  0.800    0.41768E+00
  0.830  0.833    0.42832E+00
  0.830  0.867    0.42174E+00
  0.830  0.900    0.39881E+00
  0.830  0.933    0.36228E+00
  0.830  0.967    0.31621E+00
  0.830  1.000    0.26522E+00
 
  0.840  0.000    0.23438E+00
  0.840  0.033    0.18494E+00
  0.840  0.067    0.14034E+00
  0.840  0.100    0.10243E+00
  0.840  0.133    0.71936E-01
  0.840  0.167    0.48652E-01
  0.840  0.200    0.31792E-01
  0.840  0.233    0.20299E-01
  0.840  0.267    0.13127E-01
  0.840  0.300    0.94586E-02
  0.840  0.333    0.88445E-02
  0.840  0.367    0.11279E-01
  0.840  0.400    0.17213E-01
  0.840  0.433    0.27506E-01
  0.840  0.467    0.43288E-01
  0.840  0.500    0.65740E-01
  0.840  0.533    0.95780E-01
  0.840  0.567    0.13369E+00
  0.840  0.600    0.17878E+00
  0.840  0.633    0.22911E+00
  0.840  0.667    0.28149E+00
  0.840  0.700    0.33170E+00
  0.840  0.733    0.37503E+00
  0.840  0.767    0.40699E+00
  0.840  0.800    0.42406E+00
  0.840  0.833    0.42437E+00
  0.840  0.867    0.40798E+00
  0.840  0.900    0.37689E+00
  0.840  0.933    0.33464E+00
  0.840  0.967    0.28562E+00
  0.840  1.000    0.23438E+00
 
  0.850  0.000    0.20471E+00
  0.850  0.033    0.15818E+00
  0.850  0.067    0.11760E+00
  0.850  0.100    0.84136E-01
  0.850  0.133    0.57966E-01
  0.850  0.167    0.38536E-01
  0.850  0.200    0.24896E-01
  0.850  0.233    0.15996E-01
  0.850  0.267    0.10926E-01
  0.850  0.300    0.90901E-02
  0.850  0.333    0.10305E-01
  0.850  0.367    0.14840E-01
  0.850  0.400    0.23389E-01
  0.850  0.433    0.36975E-01
  0.850  0.467    0.56759E-01
  0.850  0.500    0.83764E-01
  0.850  0.533    0.11853E+00
  0.850  0.567    0.16075E+00
  0.850  0.600    0.20898E+00
  0.850  0.633    0.26054E+00
  0.850  0.667    0.31161E+00
  0.850  0.700    0.35770E+00
  0.850  0.733    0.39420E+00
  0.850  0.767    0.41723E+00
  0.850  0.800    0.42425E+00
  0.850  0.833    0.41454E+00
  0.850  0.867    0.38933E+00
  0.850  0.900    0.35154E+00
  0.850  0.933    0.30522E+00
  0.850  0.967    0.25487E+00
  0.850  1.000    0.20471E+00
 
  0.860  0.000    0.17679E+00
  0.860  0.033    0.13383E+00
  0.860  0.067    0.97520E-01
  0.860  0.100    0.68434E-01
  0.860  0.133    0.46308E-01
  0.860  0.167    0.30352E-01
  0.860  0.200    0.19556E-01
  0.860  0.233    0.12954E-01
  0.860  0.267    0.98244E-02
  0.860  0.300    0.98191E-02
  0.860  0.333    0.13026E-01
  0.860  0.367    0.19969E-01
  0.860  0.400    0.31540E-01
  0.860  0.433    0.48845E-01
  0.860  0.467    0.72962E-01
  0.860  0.500    0.10462E+00
  0.860  0.533    0.14386E+00
  0.860  0.567    0.18969E+00
  0.860  0.600    0.23991E+00
  0.860  0.633    0.29118E+00
  0.860  0.667    0.33926E+00
  0.860  0.700    0.37960E+00
  0.860  0.733    0.40802E+00
  0.860  0.767    0.42144E+00
  0.860  0.800    0.41842E+00
  0.860  0.833    0.39941E+00
  0.860  0.867    0.36666E+00
  0.860  0.900    0.32375E+00
  0.860  0.933    0.27501E+00
  0.860  0.967    0.22478E+00
  0.860  1.000    0.17679E+00
 
  0.870  0.000    0.15102E+00
  0.870  0.033    0.11204E+00
  0.870  0.067    0.80068E-01
  0.870  0.100    0.55158E-01
  0.870  0.133    0.36735E-01
  0.870  0.167    0.23875E-01
  0.870  0.200    0.15595E-01
  0.870  0.233    0.11076E-01
  0.870  0.267    0.98212E-02
  0.870  0.300    0.11743E-01
  0.870  0.333    0.17192E-01
  0.870  0.367    0.26912E-01
  0.870  0.400    0.41923E-01
  0.870  0.433    0.63315E-01
  0.870  0.467    0.91959E-01
  0.870  0.500    0.12816E+00
  0.870  0.533    0.17136E+00
  0.870  0.567    0.21982E+00
  0.870  0.600    0.27068E+00
  0.870  0.633    0.32003E+00
  0.870  0.667    0.36347E+00
  0.870  0.700    0.39665E+00
  0.870  0.733    0.41607E+00
  0.870  0.767    0.41963E+00
  0.870  0.800    0.40702E+00
  0.870  0.833    0.37976E+00
  0.870  0.867    0.34091E+00
  0.870  0.900    0.29451E+00
  0.870  0.933    0.24487E+00
  0.870  0.967    0.19599E+00
  0.870  1.000    0.15102E+00
 
  0.880  0.000    0.12763E+00
  0.880  0.033    0.92859E-01
  0.880  0.067    0.65122E-01
  0.880  0.100    0.44104E-01
  0.880  0.133    0.29019E-01
  0.880  0.167    0.18907E-01
  0.880  0.200    0.12884E-01
  0.880  0.233    0.10323E-01
  0.880  0.267    0.10974E-01
  0.880  0.300    0.15012E-01
  0.880  0.333    0.23024E-01
  0.880  0.367    0.35919E-01
  0.880  0.400    0.54759E-01
  0.880  0.433    0.80501E-01
  0.880  0.467    0.11368E+00
  0.880  0.500    0.15408E+00
  0.880  0.533    0.20044E+00
  0.880  0.567    0.25033E+00
  0.880  0.600    0.30029E+00
  0.880  0.633    0.34609E+00
  0.880  0.667    0.38338E+00
  0.880  0.700    0.40831E+00
  0.880  0.733    0.41821E+00
  0.880  0.767    0.41206E+00
  0.880  0.800    0.39066E+00
  0.880  0.833    0.35645E+00
  0.880  0.867    0.31307E+00
  0.880  0.900    0.26473E+00
  0.880  0.933    0.21554E+00
  0.880  0.967    0.16901E+00
  0.880  1.000    0.12763E+00
 
  0.890  0.000    0.10677E+00
  0.890  0.033    0.76217E-01
  0.890  0.067    0.52511E-01
  0.890  0.100    0.35053E-01
  0.890  0.133    0.22951E-01
  0.890  0.167    0.15293E-01
  0.890  0.200    0.11347E-01
  0.890  0.233    0.10714E-01
  0.890  0.267    0.13397E-01
  0.890  0.300    0.19819E-01
  0.890  0.333    0.30761E-01
  0.890  0.367    0.47223E-01
  0.890  0.400    0.70204E-01
  0.890  0.433    0.10041E+00
  0.890  0.467    0.13792E+00
  0.890  0.500    0.18189E+00
  0.890  0.533    0.23037E+00
  0.890  0.567    0.28031E+00
  0.890  0.600    0.32777E+00
  0.890  0.633    0.36846E+00
  0.890  0.667    0.39834E+00
  0.890  0.700    0.41425E+00
  0.890  0.733    0.41452E+00
  0.890  0.767    0.39922E+00
  0.890  0.800    0.37013E+00
  0.890  0.833    0.33042E+00
  0.890  0.867    0.28406E+00
  0.890  0.900    0.23522E+00
  0.890  0.933    0.18762E+00
  0.890  0.967    0.14418E+00
  0.890  1.000    0.10677E+00
 
  0.900  0.000    0.88438E-01
  0.900  0.033    0.61994E-01
  0.900  0.067    0.42036E-01
  0.900  0.100    0.27792E-01
  0.900  0.133    0.18356E-01
  0.900  0.167    0.12926E-01
  0.900  0.200    0.10967E-01
  0.900  0.233    0.12324E-01
  0.900  0.267    0.17250E-01
  0.900  0.300    0.26384E-01
  0.900  0.333    0.40638E-01
  0.900  0.367    0.61012E-01
  0.900  0.400    0.88328E-01
  0.900  0.433    0.12292E+00
  0.900  0.467    0.16430E+00
  0.900  0.500    0.21098E+00
  0.900  0.533    0.26033E+00
  0.900  0.567    0.30879E+00
  0.900  0.600    0.35219E+00
  0.900  0.633    0.38639E+00
  0.900  0.667    0.40788E+00
  0.900  0.700    0.41441E+00
  0.900  0.733    0.40534E+00
  0.900  0.767    0.38177E+00
  0.900  0.800    0.34631E+00
  0.900  0.833    0.30261E+00
  0.900  0.867    0.25475E+00
  0.900  0.900    0.20666E+00
  0.900  0.933    0.16156E+00
  0.900  0.967    0.12173E+00
  0.900  1.000    0.88438E-01
 
  0.910  0.000    0.72571E-01
  0.910  0.033    0.50019E-01
  0.910  0.067    0.33490E-01
  0.910  0.100    0.22131E-01
  0.910  0.133    0.15098E-01
  0.910  0.167    0.11751E-01
  0.910  0.200    0.11781E-01
  0.910  0.233    0.15280E-01
  0.910  0.267    0.22731E-01
  0.910  0.300    0.34936E-01
  0.910  0.333    0.52862E-01
  0.910  0.367    0.77401E-01
  0.910  0.400    0.10908E+00
  0.910  0.433    0.14775E+00
  0.910  0.467    0.19231E+00
  0.910  0.500    0.24059E+00
  0.910  0.533    0.28940E+00
  0.910  0.567    0.33483E+00
  0.910  0.600    0.37271E+00
  0.910  0.633    0.39928E+00
  0.910  0.667    0.41180E+00
  0.910  0.700    0.40897E+00
  0.910  0.733    0.39120E+00
  0.910  0.767    0.36049E+00
  0.910  0.800    0.32009E+00
  0.910  0.833    0.27390E+00
  0.910  0.867    0.22590E+00
  0.910  0.900    0.17960E+00
  0.910  0.933    0.13766E+00
  0.910  0.967    0.10176E+00
  0.910  1.000    0.72571E-01
 
  0.920  0.000    0.59040E-01
  0.920  0.033    0.40101E-01
  0.920  0.067    0.26674E-01
  0.920  0.100    0.17911E-01
  0.920  0.133    0.13089E-01
  0.920  0.167    0.11769E-01
  0.920  0.200    0.13880E-01
  0.920  0.233    0.19750E-01
  0.920  0.267    0.30054E-01
  0.920  0.300    0.45692E-01
  0.920  0.333    0.67586E-01
  0.920  0.367    0.96409E-01
  0.920  0.400    0.13228E+00
  0.920  0.433    0.17449E+00
  0.920  0.467    0.22128E+00
  0.920  0.500    0.26988E+00
  0.920  0.533    0.31666E+00
  0.920  0.567    0.35755E+00
  0.920  0.600    0.38865E+00
  0.920  0.633    0.40679E+00
  0.920  0.667    0.41010E+00
  0.920  0.700    0.39831E+00
  0.920  0.733    0.37277E+00
  0.920  0.767    0.33625E+00
  0.920  0.800    0.29237E+00
  0.920  0.833    0.24510E+00
  0.920  0.867    0.19812E+00
  0.920  0.900    0.15444E+00
  0.920  0.933    0.11612E+00
  0.920  0.967    0.84245E-01
  0.920  1.000    0.59040E-01
 
  0.930  0.000    0.47677E-01
  0.930  0.033    0.32045E-01
  0.930  0.067    0.21416E-01
  0.930  0.100    0.15018E-01
  0.930  0.133    0.12297E-01
  0.930  0.167    0.13036E-01
  0.930  0.200    0.17402E-01
  0.930  0.233    0.25933E-01
  0.930  0.267    0.39437E-01
  0.930  0.300    0.58828E-01
  0.930  0.333    0.84880E-01
  0.930  0.367    0.11793E+00
  0.930  0.400    0.15760E+00
  0.930  0.433    0.20256E+00
  0.930  0.467    0.25044E+00
  0.930  0.500    0.29795E+00
  0.930  0.533    0.34120E+00
  0.930  0.567    0.37621E+00
  0.930  0.600    0.39954E+00
  0.930  0.633    0.40878E+00
  0.930  0.667    0.40302E+00
  0.930  0.700    0.38299E+00
  0.930  0.733    0.35086E+00
  0.930  0.767    0.30992E+00
  0.930  0.800    0.26401E+00
  0.930  0.833    0.21691E+00
  0.930  0.867    0.17191E+00
  0.930  0.900    0.13145E+00
  0.930  0.933    0.96995E-01
  0.930  0.967    0.69122E-01
  0.930  1.000    0.47677E-01
 
  0.940  0.000    0.38298E-01
  0.940  0.033    0.25668E-01
  0.940  0.067    0.17577E-01
  0.940  0.100    0.13386E-01
  0.940  0.133    0.12740E-01
  0.940  0.167    0.15656E-01
  0.940  0.200    0.22521E-01
  0.940  0.233    0.34035E-01
  0.940  0.267    0.51072E-01
  0.940  0.300    0.74459E-01
  0.940  0.333    0.10471E+00
  0.940  0.367    0.14174E+00
  0.940  0.400    0.18458E+00
  0.940  0.433    0.23129E+00
  0.940  0.467    0.27894E+00
  0.940  0.500    0.32390E+00
  0.940  0.533    0.36221E+00
  0.940  0.567    0.39021E+00
  0.940  0.600    0.40508E+00
  0.940  0.633    0.40533E+00
  0.940  0.667    0.39100E+00
  0.940  0.700    0.36371E+00
  0.940  0.733    0.32630E+00
  0.940  0.767    0.28237E+00
  0.940  0.800    0.23575E+00
  0.940  0.833    0.18991E+00
  0.940  0.867    0.14763E+00
  0.940  0.900    0.11078E+00
  0.940  0.933    0.80271E-01
  0.940  0.967    0.56255E-01
  0.940  1.000    0.38298E-01
 
  0.950  0.000    0.30720E-01
  0.950  0.033    0.20813E-01
  0.950  0.067    0.15062E-01
  0.950  0.100    0.12998E-01
  0.950  0.133    0.14490E-01
  0.950  0.167    0.19775E-01
  0.950  0.200    0.29429E-01
  0.950  0.233    0.44257E-01
  0.950  0.267    0.65104E-01
  0.950  0.300    0.92610E-01
  0.950  0.333    0.12693E+00
  0.950  0.367    0.16744E+00
  0.950  0.400    0.21261E+00
  0.950  0.433    0.25988E+00
  0.950  0.467    0.30592E+00
  0.950  0.500    0.34688E+00
  0.950  0.533    0.37901E+00
  0.950  0.567    0.39913E+00
  0.950  0.600    0.40523E+00
  0.950  0.633    0.39673E+00
  0.950  0.667    0.37463E+00
  0.950  0.700    0.34126E+00
  0.950  0.733    0.29994E+00
  0.950  0.767    0.25440E+00
  0.950  0.800    0.20824E+00
  0.950  0.833    0.16454E+00
  0.950  0.867    0.12552E+00
  0.950  0.900    0.92473E-01
  0.950  0.933    0.65861E-01
  0.950  0.967    0.45481E-01
  0.950  1.000    0.30720E-01
 
  0.960  0.000    0.24776E-01
  0.960  0.033    0.17363E-01
  0.960  0.067    0.13824E-01
  0.960  0.100    0.13893E-01
  0.960  0.133    0.17661E-01
  0.960  0.167    0.25567E-01
  0.960  0.200    0.38326E-01
  0.960  0.233    0.56765E-01
  0.960  0.267    0.81608E-01
  0.960  0.300    0.11320E+00
  0.960  0.333    0.15124E+00
  0.960  0.367    0.19454E+00
  0.960  0.400    0.24097E+00
  0.960  0.433    0.28750E+00
  0.960  0.467    0.33050E+00
  0.960  0.500    0.36616E+00
  0.960  0.533    0.39108E+00
  0.960  0.567    0.40279E+00
  0.960  0.600    0.40013E+00
  0.960  0.633    0.38347E+00
  0.960  0.667    0.35461E+00
  0.960  0.700    0.31647E+00
  0.960  0.733    0.27262E+00
  0.960  0.767    0.22671E+00
  0.960  0.800    0.18202E+00
  0.960  0.833    0.14113E+00
  0.960  0.867    0.10569E+00
  0.960  0.900    0.76506E-01
  0.960  0.933    0.53633E-01
  0.960  0.967    0.36624E-01
  0.960  1.000    0.24776E-01
 
  0.970  0.000    0.20328E-01
  0.970  0.033    0.15239E-01
  0.970  0.067    0.13865E-01
  0.970  0.100    0.16154E-01
  0.970  0.133    0.22405E-01
  0.970  0.167    0.33223E-01
  0.970  0.200    0.49390E-01
  0.970  0.233    0.71671E-01
  0.970  0.267    0.10056E+00
  0.970  0.300    0.13602E+00
  0.970  0.333    0.17722E+00
  0.970  0.367    0.22240E+00
  0.970  0.400    0.26889E+00
  0.970  0.433    0.31330E+00
  0.970  0.467    0.35189E+00
  0.970  0.500    0.38111E+00
  0.970  0.533    0.39811E+00
  0.970  0.567    0.40119E+00
  0.970  0.600    0.39013E+00
  0.970  0.633    0.36615E+00
  0.970  0.667    0.33173E+00
  0.970  0.700    0.29016E+00
  0.970  0.733    0.24507E+00
  0.970  0.767    0.19990E+00
  0.970  0.800    0.15749E+00
  0.970  0.833    0.11987E+00
  0.970  0.867    0.88180E-01
  0.970  0.900    0.62782E-01
  0.970  0.933    0.43428E-01
  0.970  0.967    0.29515E-01
  0.970  1.000    0.20328E-01
 
  0.980  0.000    0.17275E-01
  0.980  0.033    0.14415E-01
  0.980  0.067    0.15238E-01
  0.980  0.100    0.19904E-01
  0.980  0.133    0.28895E-01
  0.980  0.167    0.42923E-01
  0.980  0.200    0.62758E-01
  0.980  0.233    0.89006E-01
  0.980  0.267    0.12184E+00
  0.980  0.300    0.16074E+00
  0.980  0.333    0.20433E+00
  0.980  0.367    0.25029E+00
  0.980  0.400    0.29553E+00
  0.980  0.433    0.33645E+00
  0.980  0.467    0.36942E+00
  0.980  0.500    0.39131E+00
  0.980  0.533    0.39996E+00
  0.980  0.567    0.39456E+00
  0.980  0.600    0.37575E+00
  0.980  0.633    0.34550E+00
  0.980  0.667    0.30679E+00
  0.980  0.700    0.26311E+00
  0.980  0.733    0.21797E+00
  0.980  0.767    0.17445E+00
  0.980  0.800    0.13491E+00
  0.980  0.833    0.10085E+00
  0.980  0.867    0.72941E-01
  0.980  0.900    0.51169E-01
  0.980  0.933    0.35080E-01
  0.980  0.967    0.24003E-01
  0.980  1.000    0.17275E-01
 
  0.990  0.000    0.15559E-01
  0.990  0.033    0.14909E-01
  0.990  0.067    0.18038E-01
  0.990  0.100    0.25299E-01
  0.990  0.133    0.37312E-01
  0.990  0.167    0.54824E-01
  0.990  0.200    0.78507E-01
  0.990  0.233    0.10871E+00
  0.990  0.267    0.14518E+00
  0.990  0.300    0.18689E+00
  0.990  0.333    0.23191E+00
  0.990  0.367    0.27744E+00
  0.990  0.400    0.32009E+00
  0.990  0.433    0.35624E+00
  0.990  0.467    0.38256E+00
  0.990  0.500    0.39650E+00
  0.990  0.533    0.39672E+00
  0.990  0.567    0.38327E+00
  0.990  0.600    0.35760E+00
  0.990  0.633    0.32227E+00
  0.990  0.667    0.28058E+00
  0.990  0.700    0.23602E+00
  0.990  0.733    0.19186E+00
  0.990  0.767    0.15073E+00
  0.990  0.800    0.11448E+00
  0.990  0.833    0.84106E-01
  0.990  0.867    0.59878E-01
  0.990  0.900    0.41516E-01
  0.990  0.933    0.28434E-01
  0.990  0.967    0.19966E-01
  0.990  1.000    0.15559E-01
 
  1.000  0.000    0.15169E-01
  1.000  0.033    0.16786E-01
  1.000  0.067    0.22395E-01
  1.000  0.100    0.32507E-01
  1.000  0.133    0.47819E-01
  1.000  0.167    0.69034E-01
  1.000  0.200    0.96626E-01
  1.000  0.233    0.13059E+00
  1.000  0.267    0.17021E+00
  1.000  0.300    0.21390E+00
  1.000  0.333    0.25923E+00
  1.000  0.367    0.30303E+00
  1.000  0.400    0.34178E+00
  1.000  0.433    0.37203E+00
  1.000  0.467    0.39092E+00
  1.000  0.500    0.39663E+00
  1.000  0.533    0.38865E+00
  1.000  0.567    0.36787E+00
  1.000  0.600    0.33640E+00
  1.000  0.633    0.29725E+00
  1.000  0.667    0.25384E+00
  1.000  0.700    0.20952E+00
  1.000  0.733    0.16718E+00
  1.000  0.767    0.12898E+00
  1.000  0.800    0.96255E-01
  1.000  0.833    0.69569E-01
  1.000  0.867    0.48861E-01
  1.000  0.900    0.33667E-01
  1.000  0.933    0.23353E-01
  1.000  0.967    0.17322E-01
  1.000  1.000    0.15169E-01
 
  1.000  0.000    0.15169E-01
  1.000  0.033    0.16786E-01
  1.000  0.067    0.22395E-01
  1.000  0.100    0.32507E-01
  1.000  0.133    0.47819E-01
  1.000  0.167    0.69034E-01
  1.000  0.200    0.96626E-01
  1.000  0.233    0.13059E+00
  1.000  0.267    0.17021E+00
  1.000  0.300    0.21390E+00
  1.000  0.333    0.25923E+00
  1.000  0.367    0.30303E+00
  1.000  0.400    0.34178E+00
  1.000  0.433    0.37203E+00
  1.000  0.467    0.39092E+00
  1.000  0.500    0.39663E+00
  1.000  0.533    0.38865E+00
  1.000  0.567    0.36787E+00
  1.000  0.600    0.33640E+00
  1.000  0.633    0.29725E+00
  1.000  0.667    0.25384E+00
  1.000  0.700    0.20952E+00
  1.000  0.733    0.16718E+00
  1.000  0.767    0.12898E+00
  1.000  0.800    0.96255E-01
  1.000  0.833    0.69569E-01
  1.000  0.867    0.48861E-01
  1.000  0.900    0.33667E-01
  1.000  0.933    0.23353E-01
  1.000  0.967    0.17322E-01
  1.000  1.000    0.15169E-01
