==> jobname.o106997 <==
 2074    0.10276E-07
 2075    0.10206E-07
 2076    0.10135E-07
 2077    0.10065E-07
 2078    0.99958E-08

iteration:   2078
norm_x =     0.18704E+03
caltime =   28.9805, comtime =    0.1425, alltime =   29.1229


==> jobname.o106998 <==
 2135    0.10256E-07
 2136    0.10188E-07
 2137    0.10119E-07
 2138    0.10052E-07
 2139    0.99844E-08

iteration:   2139
norm_x =     0.18704E+03
caltime =   20.3167, comtime =    0.1738, alltime =   20.4904


==> jobname.o106999 <==
 2195    0.10261E-07
 2196    0.10194E-07
 2197    0.10128E-07
 2198    0.10062E-07
 2199    0.99969E-08

iteration:   2199
norm_x =     0.18704E+03
caltime =   15.3584, comtime =    0.1655, alltime =   15.5238

