2 processes:
    1    0.10067E+01
    2    0.79096E+00
    3    0.62169E+00
    4    0.48893E+00
    5    0.38479E+00
    6    0.30314E+00
    7    0.23911E+00
    8    0.18892E+00
    9    0.14960E+00
   10    0.11880E+00
   11    0.94703E-01
   12    0.75871E-01
   13    0.61178E-01
   14    0.49738E-01
   15    0.40856E-01
   16    0.33978E-01
   17    0.28669E-01
   18    0.24577E-01
   19    0.21425E-01
   20    0.18989E-01
   21    0.17093E-01
   22    0.15603E-01
   23    0.14414E-01
   24    0.13447E-01
   25    0.12646E-01
   26    0.11969E-01
   27    0.11387E-01
   28    0.10877E-01
   29    0.10423E-01
   30    0.10016E-01
   31    0.96454E-02
   32    0.93059E-02
   33    0.89926E-02
   34    0.87017E-02
   35    0.84305E-02
   36    0.81765E-02
   37    0.79379E-02
   38    0.77130E-02
   39    0.75006E-02
   40    0.72995E-02
   41    0.71087E-02
   42    0.69274E-02
   43    0.67548E-02
   44    0.65902E-02
   45    0.64331E-02
   46    0.62829E-02
   47    0.61391E-02
   48    0.60013E-02
   49    0.58692E-02
   50    0.57423E-02
   51    0.56204E-02
   52    0.55031E-02
   53    0.53902E-02
   54    0.52813E-02
   55    0.51764E-02
   56    0.50752E-02
   57    0.49774E-02
   58    0.48829E-02
   59    0.47915E-02
   60    0.47031E-02
   61    0.46175E-02
   62    0.45346E-02
   63    0.44543E-02
   64    0.43764E-02
   65    0.43008E-02
   66    0.42274E-02
   67    0.41561E-02
   68    0.40869E-02
   69    0.40196E-02
   70    0.39541E-02
   71    0.38904E-02
   72    0.38284E-02
   73    0.37681E-02
   74    0.37093E-02
   75    0.36520E-02
   76    0.35962E-02
   77    0.35418E-02
   78    0.34888E-02
   79    0.34370E-02
   80    0.33865E-02
   81    0.33372E-02
   82    0.32891E-02
   83    0.32422E-02
   84    0.31963E-02
   85    0.31515E-02
   86    0.31077E-02
   87    0.30649E-02
   88    0.30231E-02
   89    0.29823E-02
   90    0.29423E-02
   91    0.29033E-02
   92    0.28651E-02
   93    0.28278E-02
   94    0.27912E-02
   95    0.27555E-02
   96    0.27205E-02
   97    0.26863E-02
   98    0.26528E-02
   99    0.26200E-02
  100    0.25879E-02
  101    0.25564E-02
  102    0.25257E-02
  103    0.24955E-02
  104    0.24660E-02
  105    0.24370E-02
  106    0.24087E-02
  107    0.23809E-02
  108    0.23537E-02
  109    0.23270E-02
  110    0.23008E-02
  111    0.22751E-02
  112    0.22500E-02
  113    0.22253E-02
  114    0.22011E-02
  115    0.21773E-02
  116    0.21540E-02
  117    0.21311E-02
  118    0.21086E-02
  119    0.20866E-02
  120    0.20649E-02
  121    0.20436E-02
  122    0.20227E-02
  123    0.20022E-02
  124    0.19820E-02
  125    0.19622E-02
  126    0.19427E-02
  127    0.19235E-02
  128    0.19046E-02
  129    0.18861E-02
  130    0.18679E-02
  131    0.18499E-02
  132    0.18323E-02
  133    0.18149E-02
  134    0.17978E-02
  135    0.17810E-02
  136    0.17644E-02
  137    0.17481E-02
  138    0.17320E-02
  139    0.17162E-02
  140    0.17006E-02
  141    0.16853E-02
  142    0.16701E-02
  143    0.16552E-02
  144    0.16405E-02
  145    0.16260E-02
  146    0.16117E-02
  147    0.15975E-02
  148    0.15836E-02
  149    0.15699E-02
  150    0.15563E-02
  151    0.15430E-02
  152    0.15298E-02
  153    0.15168E-02
  154    0.15039E-02
  155    0.14912E-02
  156    0.14787E-02
  157    0.14663E-02
  158    0.14541E-02
  159    0.14420E-02
  160    0.14301E-02
  161    0.14183E-02
  162    0.14067E-02
  163    0.13952E-02
  164    0.13838E-02
  165    0.13726E-02
  166    0.13615E-02
  167    0.13505E-02
  168    0.13396E-02
  169    0.13289E-02
  170    0.13183E-02
  171    0.13078E-02
  172    0.12974E-02
  173    0.12871E-02
  174    0.12770E-02
  175    0.12669E-02
  176    0.12570E-02
  177    0.12472E-02
  178    0.12374E-02
  179    0.12278E-02
  180    0.12183E-02
  181    0.12088E-02
  182    0.11995E-02
  183    0.11902E-02
  184    0.11811E-02
  185    0.11720E-02
  186    0.11631E-02
  187    0.11542E-02
  188    0.11454E-02
  189    0.11367E-02
  190    0.11280E-02
  191    0.11195E-02
  192    0.11110E-02
  193    0.11027E-02
  194    0.10944E-02
  195    0.10861E-02
  196    0.10780E-02
  197    0.10699E-02
  198    0.10619E-02
  199    0.10540E-02
  200    0.10462E-02
  201    0.10384E-02
  202    0.10307E-02
  203    0.10230E-02
  204    0.10155E-02
  205    0.10080E-02
  206    0.10005E-02
  207    0.99317E-03
  208    0.98587E-03
  209    0.97863E-03
  210    0.97146E-03
  211    0.96435E-03
  212    0.95730E-03
  213    0.95031E-03
  214    0.94338E-03
  215    0.93652E-03
  216    0.92971E-03
  217    0.92296E-03
  218    0.91626E-03
  219    0.90963E-03
  220    0.90305E-03
  221    0.89652E-03
  222    0.89005E-03
  223    0.88364E-03
  224    0.87727E-03
  225    0.87097E-03
  226    0.86471E-03
  227    0.85850E-03
  228    0.85235E-03
  229    0.84625E-03
  230    0.84019E-03
  231    0.83419E-03
  232    0.82823E-03
  233    0.82233E-03
  234    0.81647E-03
  235    0.81065E-03
  236    0.80489E-03
  237    0.79917E-03
  238    0.79350E-03
  239    0.78787E-03
  240    0.78229E-03
  241    0.77675E-03
  242    0.77126E-03
  243    0.76580E-03
  244    0.76040E-03
  245    0.75503E-03
  246    0.74971E-03
  247    0.74443E-03
  248    0.73919E-03
  249    0.73399E-03
  250    0.72883E-03
  251    0.72371E-03
  252    0.71863E-03
  253    0.71359E-03
  254    0.70859E-03
  255    0.70363E-03
  256    0.69870E-03
  257    0.69382E-03
  258    0.68897E-03
  259    0.68416E-03
  260    0.67938E-03
  261    0.67464E-03
  262    0.66994E-03
  263    0.66527E-03
  264    0.66064E-03
  265    0.65604E-03
  266    0.65148E-03
  267    0.64695E-03
  268    0.64246E-03
  269    0.63800E-03
  270    0.63357E-03
  271    0.62918E-03
  272    0.62482E-03
  273    0.62049E-03
  274    0.61619E-03
  275    0.61193E-03
  276    0.60769E-03
  277    0.60349E-03
  278    0.59932E-03
  279    0.59518E-03
  280    0.59107E-03
  281    0.58699E-03
  282    0.58294E-03
  283    0.57892E-03
  284    0.57493E-03
  285    0.57097E-03
  286    0.56704E-03
  287    0.56313E-03
  288    0.55926E-03
  289    0.55541E-03
  290    0.55159E-03
  291    0.54780E-03
  292    0.54404E-03
  293    0.54030E-03
  294    0.53659E-03
  295    0.53291E-03
  296    0.52925E-03
  297    0.52562E-03
  298    0.52202E-03
  299    0.51844E-03
  300    0.51488E-03
  301    0.51136E-03
  302    0.50785E-03
  303    0.50438E-03
  304    0.50092E-03
  305    0.49750E-03
  306    0.49409E-03
  307    0.49071E-03
  308    0.48736E-03
  309    0.48403E-03
  310    0.48072E-03
  311    0.47743E-03
  312    0.47417E-03
  313    0.47093E-03
  314    0.46772E-03
  315    0.46453E-03
  316    0.46136E-03
  317    0.45821E-03
  318    0.45508E-03
  319    0.45198E-03
  320    0.44890E-03
  321    0.44584E-03
  322    0.44280E-03
  323    0.43978E-03
  324    0.43678E-03
  325    0.43381E-03
  326    0.43085E-03
  327    0.42792E-03
  328    0.42500E-03
  329    0.42211E-03
  330    0.41923E-03
  331    0.41638E-03
  332    0.41355E-03
  333    0.41073E-03
  334    0.40794E-03
  335    0.40516E-03
  336    0.40241E-03
  337    0.39967E-03
  338    0.39695E-03
  339    0.39425E-03
  340    0.39157E-03
  341    0.38891E-03
  342    0.38627E-03
  343    0.38364E-03
  344    0.38103E-03
  345    0.37844E-03
  346    0.37587E-03
  347    0.37332E-03
  348    0.37078E-03
  349    0.36826E-03
  350    0.36576E-03
  351    0.36327E-03
  352    0.36081E-03
  353    0.35836E-03
  354    0.35592E-03
  355    0.35351E-03
  356    0.35110E-03
  357    0.34872E-03
  358    0.34635E-03
  359    0.34400E-03
  360    0.34167E-03
  361    0.33935E-03
  362    0.33704E-03
  363    0.33475E-03
  364    0.33248E-03
  365    0.33022E-03
  366    0.32798E-03
  367    0.32576E-03
  368    0.32354E-03
  369    0.32135E-03
  370    0.31917E-03
  371    0.31700E-03
  372    0.31485E-03
  373    0.31271E-03
  374    0.31059E-03
  375    0.30848E-03
  376    0.30639E-03
  377    0.30431E-03
  378    0.30224E-03
  379    0.30019E-03
  380    0.29815E-03
  381    0.29613E-03
  382    0.29412E-03
  383    0.29212E-03
  384    0.29014E-03
  385    0.28817E-03
  386    0.28622E-03
  387    0.28427E-03
  388    0.28234E-03
  389    0.28043E-03
  390    0.27852E-03
  391    0.27663E-03
  392    0.27476E-03
  393    0.27289E-03
  394    0.27104E-03
  395    0.26920E-03
  396    0.26737E-03
  397    0.26556E-03
  398    0.26375E-03
  399    0.26196E-03
  400    0.26018E-03
  401    0.25842E-03
  402    0.25666E-03
  403    0.25492E-03
  404    0.25319E-03
  405    0.25147E-03
  406    0.24976E-03
  407    0.24807E-03
  408    0.24638E-03
  409    0.24471E-03
  410    0.24305E-03
  411    0.24139E-03
  412    0.23975E-03
  413    0.23813E-03
  414    0.23651E-03
  415    0.23490E-03
  416    0.23331E-03
  417    0.23172E-03
  418    0.23015E-03
  419    0.22858E-03
  420    0.22703E-03
  421    0.22549E-03
  422    0.22395E-03
  423    0.22243E-03
  424    0.22092E-03
  425    0.21942E-03
  426    0.21793E-03
  427    0.21645E-03
  428    0.21498E-03
  429    0.21351E-03
  430    0.21206E-03
  431    0.21062E-03
  432    0.20919E-03
  433    0.20777E-03
  434    0.20635E-03
  435    0.20495E-03
  436    0.20356E-03
  437    0.20217E-03
  438    0.20080E-03
  439    0.19943E-03
  440    0.19807E-03
  441    0.19673E-03
  442    0.19539E-03
  443    0.19406E-03
  444    0.19274E-03
  445    0.19143E-03
  446    0.19012E-03
  447    0.18883E-03
  448    0.18755E-03
  449    0.18627E-03
  450    0.18500E-03
  451    0.18374E-03
  452    0.18249E-03
  453    0.18125E-03
  454    0.18001E-03
  455    0.17879E-03
  456    0.17757E-03
  457    0.17636E-03
  458    0.17516E-03
  459    0.17397E-03
  460    0.17278E-03
  461    0.17161E-03
  462    0.17044E-03
  463    0.16928E-03
  464    0.16812E-03
  465    0.16698E-03
  466    0.16584E-03
  467    0.16471E-03
  468    0.16359E-03
  469    0.16247E-03
  470    0.16137E-03
  471    0.16027E-03
  472    0.15917E-03
  473    0.15809E-03
  474    0.15701E-03
  475    0.15594E-03
  476    0.15488E-03
  477    0.15382E-03
  478    0.15277E-03
  479    0.15173E-03
  480    0.15070E-03
  481    0.14967E-03
  482    0.14865E-03
  483    0.14763E-03
  484    0.14663E-03
  485    0.14563E-03
  486    0.14463E-03
  487    0.14365E-03
  488    0.14267E-03
  489    0.14169E-03
  490    0.14073E-03
  491    0.13977E-03
  492    0.13881E-03
  493    0.13787E-03
  494    0.13692E-03
  495    0.13599E-03
  496    0.13506E-03
  497    0.13414E-03
  498    0.13322E-03
  499    0.13231E-03
  500    0.13141E-03
  501    0.13051E-03
  502    0.12962E-03
  503    0.12874E-03
  504    0.12786E-03
  505    0.12698E-03
  506    0.12612E-03
  507    0.12526E-03
  508    0.12440E-03
  509    0.12355E-03
  510    0.12271E-03
  511    0.12187E-03
  512    0.12104E-03
  513    0.12021E-03
  514    0.11939E-03
  515    0.11857E-03
  516    0.11776E-03
  517    0.11696E-03
  518    0.11616E-03
  519    0.11536E-03
  520    0.11457E-03
  521    0.11379E-03
  522    0.11301E-03
  523    0.11224E-03
  524    0.11147E-03
  525    0.11071E-03
  526    0.10995E-03
  527    0.10920E-03
  528    0.10845E-03
  529    0.10771E-03
  530    0.10698E-03
  531    0.10624E-03
  532    0.10552E-03
  533    0.10480E-03
  534    0.10408E-03
  535    0.10337E-03
  536    0.10266E-03
  537    0.10196E-03
  538    0.10126E-03
  539    0.10057E-03
  540    0.99879E-04
  541    0.99195E-04
  542    0.98516E-04
  543    0.97842E-04
  544    0.97172E-04
  545    0.96507E-04
  546    0.95847E-04
  547    0.95191E-04
  548    0.94539E-04
  549    0.93892E-04
  550    0.93249E-04
  551    0.92610E-04
  552    0.91976E-04
  553    0.91346E-04
  554    0.90721E-04
  555    0.90100E-04
  556    0.89483E-04
  557    0.88870E-04
  558    0.88261E-04
  559    0.87657E-04
  560    0.87056E-04
  561    0.86460E-04
  562    0.85867E-04
  563    0.85279E-04
  564    0.84695E-04
  565    0.84115E-04
  566    0.83538E-04
  567    0.82966E-04
  568    0.82397E-04
  569    0.81833E-04
  570    0.81272E-04
  571    0.80715E-04
  572    0.80162E-04
  573    0.79612E-04
  574    0.79067E-04
  575    0.78525E-04
  576    0.77986E-04
  577    0.77452E-04
  578    0.76921E-04
  579    0.76394E-04
  580    0.75870E-04
  581    0.75350E-04
  582    0.74833E-04
  583    0.74320E-04
  584    0.73810E-04
  585    0.73304E-04
  586    0.72801E-04
  587    0.72302E-04
  588    0.71806E-04
  589    0.71314E-04
  590    0.70825E-04
  591    0.70339E-04
  592    0.69856E-04
  593    0.69377E-04
  594    0.68901E-04
  595    0.68429E-04
  596    0.67959E-04
  597    0.67493E-04
  598    0.67030E-04
  599    0.66570E-04
  600    0.66113E-04
  601    0.65660E-04
  602    0.65209E-04
  603    0.64762E-04
  604    0.64317E-04
  605    0.63876E-04
  606    0.63437E-04
  607    0.63002E-04
  608    0.62570E-04
  609    0.62140E-04
  610    0.61714E-04
  611    0.61290E-04
  612    0.60869E-04
  613    0.60451E-04
  614    0.60036E-04
  615    0.59624E-04
  616    0.59215E-04
  617    0.58808E-04
  618    0.58405E-04
  619    0.58004E-04
  620    0.57605E-04
  621    0.57210E-04
  622    0.56817E-04
  623    0.56427E-04
  624    0.56039E-04
  625    0.55655E-04
  626    0.55272E-04
  627    0.54893E-04
  628    0.54516E-04
  629    0.54141E-04
  630    0.53769E-04
  631    0.53400E-04
  632    0.53033E-04
  633    0.52669E-04
  634    0.52307E-04
  635    0.51948E-04
  636    0.51591E-04
  637    0.51237E-04
  638    0.50885E-04
  639    0.50535E-04
  640    0.50188E-04
  641    0.49843E-04
  642    0.49501E-04
  643    0.49160E-04
  644    0.48823E-04
  645    0.48487E-04
  646    0.48154E-04
  647    0.47823E-04
  648    0.47495E-04
  649    0.47168E-04
  650    0.46844E-04
  651    0.46522E-04
  652    0.46202E-04
  653    0.45885E-04
  654    0.45569E-04
  655    0.45256E-04
  656    0.44945E-04
  657    0.44636E-04
  658    0.44329E-04
  659    0.44025E-04
  660    0.43722E-04
  661    0.43421E-04
  662    0.43123E-04
  663    0.42827E-04
  664    0.42532E-04
  665    0.42240E-04
  666    0.41949E-04
  667    0.41661E-04
  668    0.41374E-04
  669    0.41090E-04
  670    0.40807E-04
  671    0.40527E-04
  672    0.40248E-04
  673    0.39971E-04
  674    0.39697E-04
  675    0.39424E-04
  676    0.39153E-04
  677    0.38883E-04
  678    0.38616E-04
  679    0.38350E-04
  680    0.38087E-04
  681    0.37825E-04
  682    0.37564E-04
  683    0.37306E-04
  684    0.37050E-04
  685    0.36795E-04
  686    0.36542E-04
  687    0.36290E-04
  688    0.36041E-04
  689    0.35793E-04
  690    0.35547E-04
  691    0.35302E-04
  692    0.35059E-04
  693    0.34818E-04
  694    0.34578E-04
  695    0.34341E-04
  696    0.34104E-04
  697    0.33870E-04
  698    0.33637E-04
  699    0.33405E-04
  700    0.33175E-04
  701    0.32947E-04
  702    0.32721E-04
  703    0.32495E-04
  704    0.32272E-04
  705    0.32050E-04
  706    0.31829E-04
  707    0.31610E-04
  708    0.31393E-04
  709    0.31177E-04
  710    0.30962E-04
  711    0.30749E-04
  712    0.30537E-04
  713    0.30327E-04
  714    0.30119E-04
  715    0.29911E-04
  716    0.29706E-04
  717    0.29501E-04
  718    0.29298E-04
  719    0.29096E-04
  720    0.28896E-04
  721    0.28697E-04
  722    0.28500E-04
  723    0.28304E-04
  724    0.28109E-04
  725    0.27915E-04
  726    0.27723E-04
  727    0.27532E-04
  728    0.27343E-04
  729    0.27155E-04
  730    0.26968E-04
  731    0.26782E-04
  732    0.26598E-04
  733    0.26415E-04
  734    0.26233E-04
  735    0.26052E-04
  736    0.25873E-04
  737    0.25695E-04
  738    0.25518E-04
  739    0.25342E-04
  740    0.25168E-04
  741    0.24994E-04
  742    0.24822E-04
  743    0.24651E-04
  744    0.24482E-04
  745    0.24313E-04
  746    0.24146E-04
  747    0.23980E-04
  748    0.23814E-04
  749    0.23650E-04
  750    0.23488E-04
  751    0.23326E-04
  752    0.23165E-04
  753    0.23006E-04
  754    0.22847E-04
  755    0.22690E-04
  756    0.22534E-04
  757    0.22379E-04
  758    0.22224E-04
  759    0.22071E-04
  760    0.21919E-04
  761    0.21768E-04
  762    0.21619E-04
  763    0.21470E-04
  764    0.21322E-04
  765    0.21175E-04
  766    0.21029E-04
  767    0.20884E-04
  768    0.20741E-04
  769    0.20598E-04
  770    0.20456E-04
  771    0.20315E-04
  772    0.20175E-04
  773    0.20036E-04
  774    0.19898E-04
  775    0.19761E-04
  776    0.19625E-04
  777    0.19490E-04
  778    0.19356E-04
  779    0.19222E-04
  780    0.19090E-04
  781    0.18958E-04
  782    0.18828E-04
  783    0.18698E-04
  784    0.18569E-04
  785    0.18441E-04
  786    0.18314E-04
  787    0.18188E-04
  788    0.18063E-04
  789    0.17938E-04
  790    0.17815E-04
  791    0.17692E-04
  792    0.17570E-04
  793    0.17449E-04
  794    0.17329E-04
  795    0.17210E-04
  796    0.17091E-04
  797    0.16973E-04
  798    0.16856E-04
  799    0.16740E-04
  800    0.16625E-04
  801    0.16510E-04
  802    0.16397E-04
  803    0.16284E-04
  804    0.16172E-04
  805    0.16060E-04
  806    0.15949E-04
  807    0.15840E-04
  808    0.15730E-04
  809    0.15622E-04
  810    0.15514E-04
  811    0.15408E-04
  812    0.15301E-04
  813    0.15196E-04
  814    0.15091E-04
  815    0.14987E-04
  816    0.14884E-04
  817    0.14781E-04
  818    0.14680E-04
  819    0.14578E-04
  820    0.14478E-04
  821    0.14378E-04
  822    0.14279E-04
  823    0.14181E-04
  824    0.14083E-04
  825    0.13986E-04
  826    0.13890E-04
  827    0.13794E-04
  828    0.13699E-04
  829    0.13605E-04
  830    0.13511E-04
  831    0.13418E-04
  832    0.13325E-04
  833    0.13233E-04
  834    0.13142E-04
  835    0.13052E-04
  836    0.12962E-04
  837    0.12872E-04
  838    0.12784E-04
  839    0.12696E-04
  840    0.12608E-04
  841    0.12521E-04
  842    0.12435E-04
  843    0.12349E-04
  844    0.12264E-04
  845    0.12180E-04
  846    0.12096E-04
  847    0.12012E-04
  848    0.11930E-04
  849    0.11847E-04
  850    0.11766E-04
  851    0.11685E-04
  852    0.11604E-04
  853    0.11524E-04
  854    0.11445E-04
  855    0.11366E-04
  856    0.11287E-04
  857    0.11210E-04
  858    0.11132E-04
  859    0.11056E-04
  860    0.10979E-04
  861    0.10904E-04
  862    0.10829E-04
  863    0.10754E-04
  864    0.10680E-04
  865    0.10606E-04
  866    0.10533E-04
  867    0.10461E-04
  868    0.10388E-04
  869    0.10317E-04
  870    0.10246E-04
  871    0.10175E-04
  872    0.10105E-04
  873    0.10035E-04
  874    0.99662E-05
  875    0.98975E-05
  876    0.98293E-05
  877    0.97615E-05
  878    0.96943E-05
  879    0.96274E-05
  880    0.95611E-05
  881    0.94952E-05
  882    0.94297E-05
  883    0.93647E-05
  884    0.93002E-05
  885    0.92361E-05
  886    0.91724E-05
  887    0.91092E-05
  888    0.90464E-05
  889    0.89840E-05
  890    0.89221E-05
  891    0.88606E-05
  892    0.87995E-05
  893    0.87389E-05
  894    0.86786E-05
  895    0.86188E-05
  896    0.85594E-05
  897    0.85004E-05
  898    0.84418E-05
  899    0.83836E-05
  900    0.83258E-05
  901    0.82684E-05
  902    0.82114E-05
  903    0.81548E-05
  904    0.80986E-05
  905    0.80428E-05
  906    0.79873E-05
  907    0.79323E-05
  908    0.78776E-05
  909    0.78233E-05
  910    0.77693E-05
  911    0.77158E-05
  912    0.76626E-05
  913    0.76098E-05
  914    0.75573E-05
  915    0.75052E-05
  916    0.74535E-05
  917    0.74021E-05
  918    0.73510E-05
  919    0.73004E-05
  920    0.72500E-05
  921    0.72001E-05
  922    0.71504E-05
  923    0.71011E-05
  924    0.70522E-05
  925    0.70036E-05
  926    0.69553E-05
  927    0.69073E-05
  928    0.68597E-05
  929    0.68124E-05
  930    0.67654E-05
  931    0.67188E-05
  932    0.66725E-05
  933    0.66265E-05
  934    0.65808E-05
  935    0.65354E-05
  936    0.64904E-05
  937    0.64456E-05
  938    0.64012E-05
  939    0.63570E-05
  940    0.63132E-05
  941    0.62697E-05
  942    0.62265E-05
  943    0.61835E-05
  944    0.61409E-05
  945    0.60986E-05
  946    0.60565E-05
  947    0.60148E-05
  948    0.59733E-05
  949    0.59321E-05
  950    0.58912E-05
  951    0.58506E-05
  952    0.58103E-05
  953    0.57702E-05
  954    0.57304E-05
  955    0.56909E-05
  956    0.56517E-05
  957    0.56127E-05
  958    0.55740E-05
  959    0.55356E-05
  960    0.54974E-05
  961    0.54595E-05
  962    0.54219E-05
  963    0.53845E-05
  964    0.53473E-05
  965    0.53105E-05
  966    0.52739E-05
  967    0.52375E-05
  968    0.52014E-05
  969    0.51655E-05
  970    0.51299E-05
  971    0.50945E-05
  972    0.50594E-05
  973    0.50245E-05
  974    0.49899E-05
  975    0.49555E-05
  976    0.49213E-05
  977    0.48874E-05
  978    0.48537E-05
  979    0.48202E-05
  980    0.47870E-05
  981    0.47540E-05
  982    0.47212E-05
  983    0.46886E-05
  984    0.46563E-05
  985    0.46242E-05
  986    0.45923E-05
  987    0.45606E-05
  988    0.45292E-05
  989    0.44980E-05
  990    0.44670E-05
  991    0.44362E-05
  992    0.44056E-05
  993    0.43752E-05
  994    0.43450E-05
  995    0.43151E-05
  996    0.42853E-05
  997    0.42558E-05
  998    0.42264E-05
  999    0.41973E-05
 1000    0.41683E-05
 1001    0.41396E-05
 1002    0.41110E-05
 1003    0.40827E-05
 1004    0.40545E-05
 1005    0.40266E-05
 1006    0.39988E-05
 1007    0.39712E-05
 1008    0.39439E-05
 1009    0.39167E-05
 1010    0.38897E-05
 1011    0.38628E-05
 1012    0.38362E-05
 1013    0.38097E-05
 1014    0.37835E-05
 1015    0.37574E-05
 1016    0.37315E-05
 1017    0.37057E-05
 1018    0.36802E-05
 1019    0.36548E-05
 1020    0.36296E-05
 1021    0.36046E-05
 1022    0.35797E-05
 1023    0.35550E-05
 1024    0.35305E-05
 1025    0.35062E-05
 1026    0.34820E-05
 1027    0.34580E-05
 1028    0.34342E-05
 1029    0.34105E-05
 1030    0.33870E-05
 1031    0.33636E-05
 1032    0.33404E-05
 1033    0.33174E-05
 1034    0.32945E-05
 1035    0.32718E-05
 1036    0.32492E-05
 1037    0.32268E-05
 1038    0.32046E-05
 1039    0.31825E-05
 1040    0.31605E-05
 1041    0.31387E-05
 1042    0.31171E-05
 1043    0.30956E-05
 1044    0.30742E-05
 1045    0.30530E-05
 1046    0.30320E-05
 1047    0.30111E-05
 1048    0.29903E-05
 1049    0.29697E-05
 1050    0.29492E-05
 1051    0.29289E-05
 1052    0.29087E-05
 1053    0.28886E-05
 1054    0.28687E-05
 1055    0.28489E-05
 1056    0.28293E-05
 1057    0.28098E-05
 1058    0.27904E-05
 1059    0.27711E-05
 1060    0.27520E-05
 1061    0.27330E-05
 1062    0.27142E-05
 1063    0.26955E-05
 1064    0.26769E-05
 1065    0.26584E-05
 1066    0.26401E-05
 1067    0.26219E-05
 1068    0.26038E-05
 1069    0.25859E-05
 1070    0.25680E-05
 1071    0.25503E-05
 1072    0.25327E-05
 1073    0.25153E-05
 1074    0.24979E-05
 1075    0.24807E-05
 1076    0.24636E-05
 1077    0.24466E-05
 1078    0.24297E-05
 1079    0.24130E-05
 1080    0.23963E-05
 1081    0.23798E-05
 1082    0.23634E-05
 1083    0.23471E-05
 1084    0.23309E-05
 1085    0.23148E-05
 1086    0.22989E-05
 1087    0.22830E-05
 1088    0.22673E-05
 1089    0.22516E-05
 1090    0.22361E-05
 1091    0.22207E-05
 1092    0.22054E-05
 1093    0.21902E-05
 1094    0.21751E-05
 1095    0.21601E-05
 1096    0.21452E-05
 1097    0.21304E-05
 1098    0.21157E-05
 1099    0.21011E-05
 1100    0.20866E-05
 1101    0.20722E-05
 1102    0.20579E-05
 1103    0.20437E-05
 1104    0.20296E-05
 1105    0.20156E-05
 1106    0.20017E-05
 1107    0.19879E-05
 1108    0.19742E-05
 1109    0.19606E-05
 1110    0.19471E-05
 1111    0.19337E-05
 1112    0.19203E-05
 1113    0.19071E-05
 1114    0.18939E-05
 1115    0.18809E-05
 1116    0.18679E-05
 1117    0.18550E-05
 1118    0.18422E-05
 1119    0.18295E-05
 1120    0.18169E-05
 1121    0.18044E-05
 1122    0.17919E-05
 1123    0.17796E-05
 1124    0.17673E-05
 1125    0.17551E-05
 1126    0.17430E-05
 1127    0.17310E-05
 1128    0.17190E-05
 1129    0.17072E-05
 1130    0.16954E-05
 1131    0.16837E-05
 1132    0.16721E-05
 1133    0.16606E-05
 1134    0.16491E-05
 1135    0.16378E-05
 1136    0.16265E-05
 1137    0.16152E-05
 1138    0.16041E-05
 1139    0.15930E-05
 1140    0.15821E-05
 1141    0.15711E-05
 1142    0.15603E-05
 1143    0.15495E-05
 1144    0.15389E-05
 1145    0.15282E-05
 1146    0.15177E-05
 1147    0.15072E-05
 1148    0.14968E-05
 1149    0.14865E-05
 1150    0.14763E-05
 1151    0.14661E-05
 1152    0.14560E-05
 1153    0.14459E-05
 1154    0.14360E-05
 1155    0.14261E-05
 1156    0.14162E-05
 1157    0.14065E-05
 1158    0.13968E-05
 1159    0.13871E-05
 1160    0.13776E-05
 1161    0.13681E-05
 1162    0.13586E-05
 1163    0.13493E-05
 1164    0.13400E-05
 1165    0.13307E-05
 1166    0.13215E-05
 1167    0.13124E-05
 1168    0.13034E-05
 1169    0.12944E-05
 1170    0.12855E-05
 1171    0.12766E-05
 1172    0.12678E-05
 1173    0.12590E-05
 1174    0.12504E-05
 1175    0.12417E-05
 1176    0.12332E-05
 1177    0.12247E-05
 1178    0.12162E-05
 1179    0.12078E-05
 1180    0.11995E-05
 1181    0.11912E-05
 1182    0.11830E-05
 1183    0.11749E-05
 1184    0.11668E-05
 1185    0.11587E-05
 1186    0.11507E-05
 1187    0.11428E-05
 1188    0.11349E-05
 1189    0.11271E-05
 1190    0.11193E-05
 1191    0.11116E-05
 1192    0.11039E-05
 1193    0.10963E-05
 1194    0.10887E-05
 1195    0.10812E-05
 1196    0.10738E-05
 1197    0.10664E-05
 1198    0.10590E-05
 1199    0.10517E-05
 1200    0.10445E-05
 1201    0.10372E-05
 1202    0.10301E-05
 1203    0.10230E-05
 1204    0.10159E-05
 1205    0.10089E-05
 1206    0.10020E-05
 1207    0.99506E-06
 1208    0.98820E-06
 1209    0.98138E-06
 1210    0.97461E-06
 1211    0.96789E-06
 1212    0.96122E-06
 1213    0.95459E-06
 1214    0.94800E-06
 1215    0.94147E-06
 1216    0.93497E-06
 1217    0.92853E-06
 1218    0.92212E-06
 1219    0.91576E-06
 1220    0.90945E-06
 1221    0.90317E-06
 1222    0.89695E-06
 1223    0.89076E-06
 1224    0.88462E-06
 1225    0.87851E-06
 1226    0.87246E-06
 1227    0.86644E-06
 1228    0.86046E-06
 1229    0.85453E-06
 1230    0.84864E-06
 1231    0.84278E-06
 1232    0.83697E-06
 1233    0.83120E-06
 1234    0.82546E-06
 1235    0.81977E-06
 1236    0.81412E-06
 1237    0.80850E-06
 1238    0.80293E-06
 1239    0.79739E-06
 1240    0.79189E-06
 1241    0.78643E-06
 1242    0.78100E-06
 1243    0.77562E-06
 1244    0.77027E-06
 1245    0.76496E-06
 1246    0.75968E-06
 1247    0.75444E-06
 1248    0.74924E-06
 1249    0.74407E-06
 1250    0.73894E-06
 1251    0.73384E-06
 1252    0.72878E-06
 1253    0.72376E-06
 1254    0.71876E-06
 1255    0.71381E-06
 1256    0.70888E-06
 1257    0.70399E-06
 1258    0.69914E-06
 1259    0.69432E-06
 1260    0.68953E-06
 1261    0.68477E-06
 1262    0.68005E-06
 1263    0.67536E-06
 1264    0.67070E-06
 1265    0.66608E-06
 1266    0.66148E-06
 1267    0.65692E-06
 1268    0.65239E-06
 1269    0.64789E-06
 1270    0.64342E-06
 1271    0.63898E-06
 1272    0.63458E-06
 1273    0.63020E-06
 1274    0.62585E-06
 1275    0.62154E-06
 1276    0.61725E-06
 1277    0.61299E-06
 1278    0.60877E-06
 1279    0.60457E-06
 1280    0.60040E-06
 1281    0.59626E-06
 1282    0.59215E-06
 1283    0.58806E-06
 1284    0.58401E-06
 1285    0.57998E-06
 1286    0.57598E-06
 1287    0.57201E-06
 1288    0.56806E-06
 1289    0.56414E-06
 1290    0.56025E-06
 1291    0.55639E-06
 1292    0.55255E-06
 1293    0.54874E-06
 1294    0.54495E-06
 1295    0.54120E-06
 1296    0.53746E-06
 1297    0.53376E-06
 1298    0.53008E-06
 1299    0.52642E-06
 1300    0.52279E-06
 1301    0.51918E-06
 1302    0.51560E-06
 1303    0.51205E-06
 1304    0.50852E-06
 1305    0.50501E-06
 1306    0.50153E-06
 1307    0.49807E-06
 1308    0.49463E-06
 1309    0.49122E-06
 1310    0.48783E-06
 1311    0.48447E-06
 1312    0.48113E-06
 1313    0.47781E-06
 1314    0.47451E-06
 1315    0.47124E-06
 1316    0.46799E-06
 1317    0.46476E-06
 1318    0.46156E-06
 1319    0.45837E-06
 1320    0.45521E-06
 1321    0.45207E-06
 1322    0.44895E-06
 1323    0.44586E-06
 1324    0.44278E-06
 1325    0.43973E-06
 1326    0.43670E-06
 1327    0.43368E-06
 1328    0.43069E-06
 1329    0.42772E-06
 1330    0.42477E-06
 1331    0.42184E-06
 1332    0.41893E-06
 1333    0.41604E-06
 1334    0.41317E-06
 1335    0.41033E-06
 1336    0.40750E-06
 1337    0.40468E-06
 1338    0.40189E-06
 1339    0.39912E-06
 1340    0.39637E-06
 1341    0.39364E-06
 1342    0.39092E-06
 1343    0.38822E-06
 1344    0.38555E-06
 1345    0.38289E-06
 1346    0.38025E-06
 1347    0.37762E-06
 1348    0.37502E-06
 1349    0.37243E-06
 1350    0.36986E-06
 1351    0.36731E-06
 1352    0.36478E-06
 1353    0.36226E-06
 1354    0.35977E-06
 1355    0.35729E-06
 1356    0.35482E-06
 1357    0.35237E-06
 1358    0.34994E-06
 1359    0.34753E-06
 1360    0.34513E-06
 1361    0.34275E-06
 1362    0.34039E-06
 1363    0.33804E-06
 1364    0.33571E-06
 1365    0.33339E-06
 1366    0.33109E-06
 1367    0.32881E-06
 1368    0.32654E-06
 1369    0.32429E-06
 1370    0.32205E-06
 1371    0.31983E-06
 1372    0.31763E-06
 1373    0.31544E-06
 1374    0.31326E-06
 1375    0.31110E-06
 1376    0.30896E-06
 1377    0.30682E-06
 1378    0.30471E-06
 1379    0.30261E-06
 1380    0.30052E-06
 1381    0.29845E-06
 1382    0.29639E-06
 1383    0.29434E-06
 1384    0.29231E-06
 1385    0.29030E-06
 1386    0.28830E-06
 1387    0.28631E-06
 1388    0.28433E-06
 1389    0.28237E-06
 1390    0.28042E-06
 1391    0.27849E-06
 1392    0.27657E-06
 1393    0.27466E-06
 1394    0.27277E-06
 1395    0.27089E-06
 1396    0.26902E-06
 1397    0.26716E-06
 1398    0.26532E-06
 1399    0.26349E-06
 1400    0.26167E-06
 1401    0.25987E-06
 1402    0.25808E-06
 1403    0.25630E-06
 1404    0.25453E-06
 1405    0.25277E-06
 1406    0.25103E-06
 1407    0.24930E-06
 1408    0.24758E-06
 1409    0.24587E-06
 1410    0.24418E-06
 1411    0.24249E-06
 1412    0.24082E-06
 1413    0.23916E-06
 1414    0.23751E-06
 1415    0.23587E-06
 1416    0.23424E-06
 1417    0.23263E-06
 1418    0.23102E-06
 1419    0.22943E-06
 1420    0.22785E-06
 1421    0.22628E-06
 1422    0.22472E-06
 1423    0.22317E-06
 1424    0.22163E-06
 1425    0.22010E-06
 1426    0.21858E-06
 1427    0.21707E-06
 1428    0.21558E-06
 1429    0.21409E-06
 1430    0.21261E-06
 1431    0.21115E-06
 1432    0.20969E-06
 1433    0.20824E-06
 1434    0.20681E-06
 1435    0.20538E-06
 1436    0.20396E-06
 1437    0.20256E-06
 1438    0.20116E-06
 1439    0.19977E-06
 1440    0.19840E-06
 1441    0.19703E-06
 1442    0.19567E-06
 1443    0.19432E-06
 1444    0.19298E-06
 1445    0.19165E-06
 1446    0.19033E-06
 1447    0.18901E-06
 1448    0.18771E-06
 1449    0.18641E-06
 1450    0.18513E-06
 1451    0.18385E-06
 1452    0.18258E-06
 1453    0.18132E-06
 1454    0.18007E-06
 1455    0.17883E-06
 1456    0.17760E-06
 1457    0.17637E-06
 1458    0.17516E-06
 1459    0.17395E-06
 1460    0.17275E-06
 1461    0.17156E-06
 1462    0.17037E-06
 1463    0.16920E-06
 1464    0.16803E-06
 1465    0.16687E-06
 1466    0.16572E-06
 1467    0.16458E-06
 1468    0.16344E-06
 1469    0.16232E-06
 1470    0.16120E-06
 1471    0.16009E-06
 1472    0.15898E-06
 1473    0.15789E-06
 1474    0.15680E-06
 1475    0.15572E-06
 1476    0.15464E-06
 1477    0.15357E-06
 1478    0.15252E-06
 1479    0.15146E-06
 1480    0.15042E-06
 1481    0.14938E-06
 1482    0.14835E-06
 1483    0.14733E-06
 1484    0.14631E-06
 1485    0.14530E-06
 1486    0.14430E-06
 1487    0.14331E-06
 1488    0.14232E-06
 1489    0.14134E-06
 1490    0.14036E-06
 1491    0.13939E-06
 1492    0.13843E-06
 1493    0.13748E-06
 1494    0.13653E-06
 1495    0.13559E-06
 1496    0.13465E-06
 1497    0.13372E-06
 1498    0.13280E-06
 1499    0.13188E-06
 1500    0.13098E-06
 1501    0.13007E-06
 1502    0.12917E-06
 1503    0.12828E-06
 1504    0.12740E-06
 1505    0.12652E-06
 1506    0.12565E-06
 1507    0.12478E-06
 1508    0.12392E-06
 1509    0.12307E-06
 1510    0.12222E-06
 1511    0.12137E-06
 1512    0.12054E-06
 1513    0.11971E-06
 1514    0.11888E-06
 1515    0.11806E-06
 1516    0.11725E-06
 1517    0.11644E-06
 1518    0.11563E-06
 1519    0.11484E-06
 1520    0.11404E-06
 1521    0.11326E-06
 1522    0.11248E-06
 1523    0.11170E-06
 1524    0.11093E-06
 1525    0.11017E-06
 1526    0.10941E-06
 1527    0.10865E-06
 1528    0.10790E-06
 1529    0.10716E-06
 1530    0.10642E-06
 1531    0.10568E-06
 1532    0.10496E-06
 1533    0.10423E-06
 1534    0.10351E-06
 1535    0.10280E-06
 1536    0.10209E-06
 1537    0.10139E-06
 1538    0.10069E-06
 1539    0.99992E-07
 1540    0.99303E-07
 1541    0.98618E-07
 1542    0.97937E-07
 1543    0.97262E-07
 1544    0.96591E-07
 1545    0.95925E-07
 1546    0.95263E-07
 1547    0.94606E-07
 1548    0.93954E-07
 1549    0.93306E-07
 1550    0.92662E-07
 1551    0.92023E-07
 1552    0.91389E-07
 1553    0.90758E-07
 1554    0.90132E-07
 1555    0.89511E-07
 1556    0.88893E-07
 1557    0.88280E-07
 1558    0.87671E-07
 1559    0.87067E-07
 1560    0.86466E-07
 1561    0.85870E-07
 1562    0.85278E-07
 1563    0.84689E-07
 1564    0.84105E-07
 1565    0.83525E-07
 1566    0.82949E-07
 1567    0.82377E-07
 1568    0.81809E-07
 1569    0.81245E-07
 1570    0.80684E-07
 1571    0.80128E-07
 1572    0.79575E-07
 1573    0.79026E-07
 1574    0.78481E-07
 1575    0.77940E-07
 1576    0.77402E-07
 1577    0.76869E-07
 1578    0.76338E-07
 1579    0.75812E-07
 1580    0.75289E-07
 1581    0.74770E-07
 1582    0.74254E-07
 1583    0.73742E-07
 1584    0.73233E-07
 1585    0.72728E-07
 1586    0.72227E-07
 1587    0.71728E-07
 1588    0.71234E-07
 1589    0.70742E-07
 1590    0.70255E-07
 1591    0.69770E-07
 1592    0.69289E-07
 1593    0.68811E-07
 1594    0.68336E-07
 1595    0.67865E-07
 1596    0.67397E-07
 1597    0.66932E-07
 1598    0.66470E-07
 1599    0.66012E-07
 1600    0.65557E-07
 1601    0.65105E-07
 1602    0.64656E-07
 1603    0.64210E-07
 1604    0.63767E-07
 1605    0.63327E-07
 1606    0.62890E-07
 1607    0.62456E-07
 1608    0.62026E-07
 1609    0.61598E-07
 1610    0.61173E-07
 1611    0.60751E-07
 1612    0.60332E-07
 1613    0.59916E-07
 1614    0.59503E-07
 1615    0.59092E-07
 1616    0.58685E-07
 1617    0.58280E-07
 1618    0.57878E-07
 1619    0.57479E-07
 1620    0.57082E-07
 1621    0.56689E-07
 1622    0.56298E-07
 1623    0.55910E-07
 1624    0.55524E-07
 1625    0.55141E-07
 1626    0.54761E-07
 1627    0.54383E-07
 1628    0.54008E-07
 1629    0.53635E-07
 1630    0.53265E-07
 1631    0.52898E-07
 1632    0.52533E-07
 1633    0.52171E-07
 1634    0.51811E-07
 1635    0.51454E-07
 1636    0.51099E-07
 1637    0.50746E-07
 1638    0.50396E-07
 1639    0.50049E-07
 1640    0.49704E-07
 1641    0.49361E-07
 1642    0.49020E-07
 1643    0.48682E-07
 1644    0.48347E-07
 1645    0.48013E-07
 1646    0.47682E-07
 1647    0.47353E-07
 1648    0.47027E-07
 1649    0.46702E-07
 1650    0.46380E-07
 1651    0.46060E-07
 1652    0.45743E-07
 1653    0.45427E-07
 1654    0.45114E-07
 1655    0.44803E-07
 1656    0.44494E-07
 1657    0.44187E-07
 1658    0.43882E-07
 1659    0.43579E-07
 1660    0.43279E-07
 1661    0.42980E-07
 1662    0.42684E-07
 1663    0.42389E-07
 1664    0.42097E-07
 1665    0.41807E-07
 1666    0.41518E-07
 1667    0.41232E-07
 1668    0.40948E-07
 1669    0.40665E-07
 1670    0.40385E-07
 1671    0.40106E-07
 1672    0.39830E-07
 1673    0.39555E-07
 1674    0.39282E-07
 1675    0.39011E-07
 1676    0.38742E-07
 1677    0.38475E-07
 1678    0.38209E-07
 1679    0.37946E-07
 1680    0.37684E-07
 1681    0.37424E-07
 1682    0.37166E-07
 1683    0.36910E-07
 1684    0.36655E-07
 1685    0.36402E-07
 1686    0.36151E-07
 1687    0.35902E-07
 1688    0.35654E-07
 1689    0.35409E-07
 1690    0.35164E-07
 1691    0.34922E-07
 1692    0.34681E-07
 1693    0.34442E-07
 1694    0.34204E-07
 1695    0.33968E-07
 1696    0.33734E-07
 1697    0.33501E-07
 1698    0.33270E-07
 1699    0.33041E-07
 1700    0.32813E-07
 1701    0.32587E-07
 1702    0.32362E-07
 1703    0.32139E-07
 1704    0.31917E-07
 1705    0.31697E-07
 1706    0.31478E-07
 1707    0.31261E-07
 1708    0.31046E-07
 1709    0.30831E-07
 1710    0.30619E-07
 1711    0.30408E-07
 1712    0.30198E-07
 1713    0.29990E-07
 1714    0.29783E-07
 1715    0.29577E-07
 1716    0.29373E-07
 1717    0.29171E-07
 1718    0.28970E-07
 1719    0.28770E-07
 1720    0.28571E-07
 1721    0.28374E-07
 1722    0.28179E-07
 1723    0.27984E-07
 1724    0.27791E-07
 1725    0.27600E-07
 1726    0.27409E-07
 1727    0.27220E-07
 1728    0.27032E-07
 1729    0.26846E-07
 1730    0.26661E-07
 1731    0.26477E-07
 1732    0.26294E-07
 1733    0.26113E-07
 1734    0.25933E-07
 1735    0.25754E-07
 1736    0.25576E-07
 1737    0.25400E-07
 1738    0.25225E-07
 1739    0.25051E-07
 1740    0.24878E-07
 1741    0.24706E-07
 1742    0.24536E-07
 1743    0.24367E-07
 1744    0.24199E-07
 1745    0.24032E-07
 1746    0.23866E-07
 1747    0.23702E-07
 1748    0.23538E-07
 1749    0.23376E-07
 1750    0.23214E-07
 1751    0.23054E-07
 1752    0.22895E-07
 1753    0.22737E-07
 1754    0.22581E-07
 1755    0.22425E-07
 1756    0.22270E-07
 1757    0.22117E-07
 1758    0.21964E-07
 1759    0.21813E-07
 1760    0.21662E-07
 1761    0.21513E-07
 1762    0.21364E-07
 1763    0.21217E-07
 1764    0.21071E-07
 1765    0.20925E-07
 1766    0.20781E-07
 1767    0.20638E-07
 1768    0.20495E-07
 1769    0.20354E-07
 1770    0.20214E-07
 1771    0.20074E-07
 1772    0.19936E-07
 1773    0.19798E-07
 1774    0.19662E-07
 1775    0.19526E-07
 1776    0.19391E-07
 1777    0.19258E-07
 1778    0.19125E-07
 1779    0.18993E-07
 1780    0.18862E-07
 1781    0.18732E-07
 1782    0.18603E-07
 1783    0.18474E-07
 1784    0.18347E-07
 1785    0.18220E-07
 1786    0.18095E-07
 1787    0.17970E-07
 1788    0.17846E-07
 1789    0.17723E-07
 1790    0.17601E-07
 1791    0.17479E-07
 1792    0.17359E-07
 1793    0.17239E-07
 1794    0.17120E-07
 1795    0.17002E-07
 1796    0.16885E-07
 1797    0.16768E-07
 1798    0.16653E-07
 1799    0.16538E-07
 1800    0.16424E-07
 1801    0.16311E-07
 1802    0.16198E-07
 1803    0.16086E-07
 1804    0.15975E-07
 1805    0.15865E-07
 1806    0.15756E-07
 1807    0.15647E-07
 1808    0.15539E-07
 1809    0.15432E-07
 1810    0.15326E-07
 1811    0.15220E-07
 1812    0.15115E-07
 1813    0.15011E-07
 1814    0.14907E-07
 1815    0.14804E-07
 1816    0.14702E-07
 1817    0.14601E-07
 1818    0.14500E-07
 1819    0.14400E-07
 1820    0.14301E-07
 1821    0.14202E-07
 1822    0.14104E-07
 1823    0.14007E-07
 1824    0.13910E-07
 1825    0.13814E-07
 1826    0.13719E-07
 1827    0.13624E-07
 1828    0.13530E-07
 1829    0.13437E-07
 1830    0.13344E-07
 1831    0.13252E-07
 1832    0.13161E-07
 1833    0.13070E-07
 1834    0.12980E-07
 1835    0.12891E-07
 1836    0.12802E-07
 1837    0.12713E-07
 1838    0.12626E-07
 1839    0.12539E-07
 1840    0.12452E-07
 1841    0.12366E-07
 1842    0.12281E-07
 1843    0.12196E-07
 1844    0.12112E-07
 1845    0.12029E-07
 1846    0.11946E-07
 1847    0.11863E-07
 1848    0.11781E-07
 1849    0.11700E-07
 1850    0.11619E-07
 1851    0.11539E-07
 1852    0.11460E-07
 1853    0.11381E-07
 1854    0.11302E-07
 1855    0.11224E-07
 1856    0.11147E-07
 1857    0.11070E-07
 1858    0.10994E-07
 1859    0.10918E-07
 1860    0.10843E-07
 1861    0.10768E-07
 1862    0.10693E-07
 1863    0.10620E-07
 1864    0.10546E-07
 1865    0.10474E-07
 1866    0.10401E-07
 1867    0.10330E-07
 1868    0.10259E-07
 1869    0.10188E-07
 1870    0.10117E-07
 1871    0.10048E-07
 1872    0.99784E-08

iteration:   1872

epsilon =     0.10000E-07
omega =     0.18000E+01
tick =     0.10000E-06

norm_x =     0.18704E+03, norm_analysis =     0.18703E+03
diff =     0.91145E+01

caltime =   21.8763, comtime =    0.1134, checktime =    8.9820
alltime =   30.9717

