8 processes:
    1    0.17091E+01
    2    0.13867E+01
    3    0.11300E+01
    4    0.92285E+00
    5    0.75583E+00
    6    0.62144E+00
    7    0.51355E+00
    8    0.42713E+00
    9    0.35806E+00
   10    0.30298E+00
   11    0.25856E+00
   12    0.21432E+00
   13    0.16171E+00
   14    0.14731E+00
   15    0.12575E+00
   16    0.12375E+00
   17    0.11166E+00
   18    0.10297E+00
   19    0.97545E-01
   20    0.92458E-01
   21    0.86888E-01
   22    0.82969E-01
   23    0.79798E-01
   24    0.76261E-01
   25    0.73418E-01
   26    0.70834E-01
   27    0.68446E-01
   28    0.66406E-01
   29    0.64576E-01
   30    0.62658E-01
   31    0.60961E-01
   32    0.59418E-01
   33    0.57870E-01
   34    0.56430E-01
   35    0.55064E-01
   36    0.53770E-01
   37    0.52519E-01
   38    0.51318E-01
   39    0.50174E-01
   40    0.49051E-01
   41    0.47985E-01
   42    0.46991E-01
   43    0.46020E-01
   44    0.45069E-01
   45    0.44167E-01
   46    0.43305E-01
   47    0.42465E-01
   48    0.41649E-01
   49    0.40871E-01
   50    0.40119E-01
   51    0.39382E-01
   52    0.38676E-01
   53    0.37995E-01
   54    0.37328E-01
   55    0.36686E-01
   56    0.36066E-01
   57    0.35459E-01
   58    0.34872E-01
   59    0.34305E-01
   60    0.33749E-01
   61    0.33212E-01
   62    0.32690E-01
   63    0.32180E-01
   64    0.31685E-01
   65    0.31203E-01
   66    0.30734E-01
   67    0.30276E-01
   68    0.29831E-01
   69    0.29396E-01
   70    0.28972E-01
   71    0.28558E-01
   72    0.28155E-01
   73    0.27761E-01
   74    0.27376E-01
   75    0.27000E-01
   76    0.26633E-01
   77    0.26274E-01
   78    0.25923E-01
   79    0.25580E-01
   80    0.25244E-01
   81    0.24915E-01
   82    0.24594E-01
   83    0.24279E-01
   84    0.23971E-01
   85    0.23669E-01
   86    0.23374E-01
   87    0.23084E-01
   88    0.22800E-01
   89    0.22522E-01
   90    0.22250E-01
   91    0.21982E-01
   92    0.21720E-01
   93    0.21462E-01
   94    0.21210E-01
   95    0.20962E-01
   96    0.20719E-01
   97    0.20480E-01
   98    0.20246E-01
   99    0.20016E-01
  100    0.19790E-01
  101    0.19568E-01
  102    0.19349E-01
  103    0.19135E-01
  104    0.18924E-01
  105    0.18717E-01
  106    0.18514E-01
  107    0.18313E-01
  108    0.18116E-01
  109    0.17923E-01
  110    0.17732E-01
  111    0.17545E-01
  112    0.17361E-01
  113    0.17179E-01
  114    0.17001E-01
  115    0.16825E-01
  116    0.16652E-01
  117    0.16482E-01
  118    0.16314E-01
  119    0.16149E-01
  120    0.15986E-01
  121    0.15826E-01
  122    0.15669E-01
  123    0.15513E-01
  124    0.15360E-01
  125    0.15209E-01
  126    0.15061E-01
  127    0.14914E-01
  128    0.14770E-01
  129    0.14627E-01
  130    0.14487E-01
  131    0.14349E-01
  132    0.14212E-01
  133    0.14078E-01
  134    0.13945E-01
  135    0.13814E-01
  136    0.13685E-01
  137    0.13558E-01
  138    0.13432E-01
  139    0.13308E-01
  140    0.13186E-01
  141    0.13065E-01
  142    0.12946E-01
  143    0.12829E-01
  144    0.12713E-01
  145    0.12598E-01
  146    0.12485E-01
  147    0.12373E-01
  148    0.12263E-01
  149    0.12154E-01
  150    0.12047E-01
  151    0.11941E-01
  152    0.11836E-01
  153    0.11733E-01
  154    0.11631E-01
  155    0.11530E-01
  156    0.11430E-01
  157    0.11332E-01
  158    0.11234E-01
  159    0.11138E-01
  160    0.11043E-01
  161    0.10949E-01
  162    0.10857E-01
  163    0.10765E-01
  164    0.10674E-01
  165    0.10585E-01
  166    0.10496E-01
  167    0.10409E-01
  168    0.10322E-01
  169    0.10237E-01
  170    0.10152E-01
  171    0.10069E-01
  172    0.99861E-02
  173    0.99044E-02
  174    0.98237E-02
  175    0.97438E-02
  176    0.96648E-02
  177    0.95867E-02
  178    0.95094E-02
  179    0.94330E-02
  180    0.93574E-02
  181    0.92826E-02
  182    0.92086E-02
  183    0.91354E-02
  184    0.90631E-02
  185    0.89914E-02
  186    0.89206E-02
  187    0.88504E-02
  188    0.87811E-02
  189    0.87124E-02
  190    0.86445E-02
  191    0.85772E-02
  192    0.85107E-02
  193    0.84448E-02
  194    0.83797E-02
  195    0.83152E-02
  196    0.82513E-02
  197    0.81881E-02
  198    0.81255E-02
  199    0.80636E-02
  200    0.80023E-02
  201    0.79416E-02
  202    0.78815E-02
  203    0.78220E-02
  204    0.77631E-02
  205    0.77047E-02
  206    0.76470E-02
  207    0.75898E-02
  208    0.75331E-02
  209    0.74770E-02
  210    0.74215E-02
  211    0.73665E-02
  212    0.73120E-02
  213    0.72580E-02
  214    0.72046E-02
  215    0.71516E-02
  216    0.70992E-02
  217    0.70472E-02
  218    0.69958E-02
  219    0.69448E-02
  220    0.68943E-02
  221    0.68442E-02
  222    0.67947E-02
  223    0.67456E-02
  224    0.66969E-02
  225    0.66487E-02
  226    0.66009E-02
  227    0.65536E-02
  228    0.65067E-02
  229    0.64602E-02
  230    0.64142E-02
  231    0.63685E-02
  232    0.63233E-02
  233    0.62785E-02
  234    0.62340E-02
  235    0.61900E-02
  236    0.61464E-02
  237    0.61031E-02
  238    0.60602E-02
  239    0.60177E-02
  240    0.59756E-02
  241    0.59339E-02
  242    0.58925E-02
  243    0.58514E-02
  244    0.58108E-02
  245    0.57704E-02
  246    0.57304E-02
  247    0.56908E-02
  248    0.56515E-02
  249    0.56126E-02
  250    0.55739E-02
  251    0.55356E-02
  252    0.54976E-02
  253    0.54600E-02
  254    0.54226E-02
  255    0.53856E-02
  256    0.53489E-02
  257    0.53125E-02
  258    0.52764E-02
  259    0.52405E-02
  260    0.52050E-02
  261    0.51698E-02
  262    0.51349E-02
  263    0.51002E-02
  264    0.50659E-02
  265    0.50318E-02
  266    0.49980E-02
  267    0.49645E-02
  268    0.49312E-02
  269    0.48982E-02
  270    0.48655E-02
  271    0.48330E-02
  272    0.48008E-02
  273    0.47689E-02
  274    0.47372E-02
  275    0.47057E-02
  276    0.46746E-02
  277    0.46436E-02
  278    0.46129E-02
  279    0.45825E-02
  280    0.45522E-02
  281    0.45223E-02
  282    0.44925E-02
  283    0.44630E-02
  284    0.44337E-02
  285    0.44047E-02
  286    0.43758E-02
  287    0.43472E-02
  288    0.43188E-02
  289    0.42907E-02
  290    0.42627E-02
  291    0.42350E-02
  292    0.42074E-02
  293    0.41801E-02
  294    0.41530E-02
  295    0.41261E-02
  296    0.40994E-02
  297    0.40729E-02
  298    0.40466E-02
  299    0.40205E-02
  300    0.39946E-02
  301    0.39689E-02
  302    0.39434E-02
  303    0.39180E-02
  304    0.38929E-02
  305    0.38679E-02
  306    0.38432E-02
  307    0.38186E-02
  308    0.37942E-02
  309    0.37699E-02
  310    0.37459E-02
  311    0.37220E-02
  312    0.36983E-02
  313    0.36748E-02
  314    0.36514E-02
  315    0.36282E-02
  316    0.36052E-02
  317    0.35824E-02
  318    0.35597E-02
  319    0.35371E-02
  320    0.35148E-02
  321    0.34926E-02
  322    0.34705E-02
  323    0.34487E-02
  324    0.34269E-02
  325    0.34054E-02
  326    0.33839E-02
  327    0.33627E-02
  328    0.33416E-02
  329    0.33206E-02
  330    0.32998E-02
  331    0.32791E-02
  332    0.32586E-02
  333    0.32382E-02
  334    0.32180E-02
  335    0.31979E-02
  336    0.31779E-02
  337    0.31581E-02
  338    0.31384E-02
  339    0.31189E-02
  340    0.30995E-02
  341    0.30802E-02
  342    0.30610E-02
  343    0.30420E-02
  344    0.30232E-02
  345    0.30044E-02
  346    0.29858E-02
  347    0.29673E-02
  348    0.29489E-02
  349    0.29307E-02
  350    0.29126E-02
  351    0.28946E-02
  352    0.28767E-02
  353    0.28590E-02
  354    0.28414E-02
  355    0.28239E-02
  356    0.28065E-02
  357    0.27892E-02
  358    0.27721E-02
  359    0.27550E-02
  360    0.27381E-02
  361    0.27213E-02
  362    0.27046E-02
  363    0.26880E-02
  364    0.26715E-02
  365    0.26552E-02
  366    0.26389E-02
  367    0.26228E-02
  368    0.26067E-02
  369    0.25908E-02
  370    0.25750E-02
  371    0.25593E-02
  372    0.25436E-02
  373    0.25281E-02
  374    0.25127E-02
  375    0.24974E-02
  376    0.24822E-02
  377    0.24671E-02
  378    0.24521E-02
  379    0.24372E-02
  380    0.24224E-02
  381    0.24076E-02
  382    0.23930E-02
  383    0.23785E-02
  384    0.23641E-02
  385    0.23497E-02
  386    0.23355E-02
  387    0.23214E-02
  388    0.23073E-02
  389    0.22933E-02
  390    0.22795E-02
  391    0.22657E-02
  392    0.22520E-02
  393    0.22384E-02
  394    0.22248E-02
  395    0.22114E-02
  396    0.21981E-02
  397    0.21848E-02
  398    0.21716E-02
  399    0.21585E-02
  400    0.21455E-02
  401    0.21326E-02
  402    0.21198E-02
  403    0.21070E-02
  404    0.20943E-02
  405    0.20817E-02
  406    0.20692E-02
  407    0.20568E-02
  408    0.20444E-02
  409    0.20321E-02
  410    0.20199E-02
  411    0.20078E-02
  412    0.19958E-02
  413    0.19838E-02
  414    0.19719E-02
  415    0.19601E-02
  416    0.19483E-02
  417    0.19367E-02
  418    0.19251E-02
  419    0.19135E-02
  420    0.19021E-02
  421    0.18907E-02
  422    0.18794E-02
  423    0.18682E-02
  424    0.18570E-02
  425    0.18459E-02
  426    0.18349E-02
  427    0.18239E-02
  428    0.18130E-02
  429    0.18022E-02
  430    0.17914E-02
  431    0.17808E-02
  432    0.17701E-02
  433    0.17596E-02
  434    0.17491E-02
  435    0.17387E-02
  436    0.17283E-02
  437    0.17180E-02
  438    0.17078E-02
  439    0.16976E-02
  440    0.16875E-02
  441    0.16775E-02
  442    0.16675E-02
  443    0.16576E-02
  444    0.16477E-02
  445    0.16379E-02
  446    0.16282E-02
  447    0.16185E-02
  448    0.16089E-02
  449    0.15994E-02
  450    0.15899E-02
  451    0.15804E-02
  452    0.15710E-02
  453    0.15617E-02
  454    0.15525E-02
  455    0.15432E-02
  456    0.15341E-02
  457    0.15250E-02
  458    0.15160E-02
  459    0.15070E-02
  460    0.14980E-02
  461    0.14892E-02
  462    0.14804E-02
  463    0.14716E-02
  464    0.14629E-02
  465    0.14542E-02
  466    0.14456E-02
  467    0.14371E-02
  468    0.14286E-02
  469    0.14201E-02
  470    0.14117E-02
  471    0.14034E-02
  472    0.13951E-02
  473    0.13868E-02
  474    0.13786E-02
  475    0.13705E-02
  476    0.13624E-02
  477    0.13543E-02
  478    0.13463E-02
  479    0.13384E-02
  480    0.13305E-02
  481    0.13226E-02
  482    0.13148E-02
  483    0.13070E-02
  484    0.12993E-02
  485    0.12917E-02
  486    0.12841E-02
  487    0.12765E-02
  488    0.12689E-02
  489    0.12615E-02
  490    0.12540E-02
  491    0.12466E-02
  492    0.12393E-02
  493    0.12320E-02
  494    0.12247E-02
  495    0.12175E-02
  496    0.12103E-02
  497    0.12032E-02
  498    0.11961E-02
  499    0.11891E-02
  500    0.11821E-02
  501    0.11751E-02
  502    0.11682E-02
  503    0.11613E-02
  504    0.11545E-02
  505    0.11477E-02
  506    0.11409E-02
  507    0.11342E-02
  508    0.11276E-02
  509    0.11209E-02
  510    0.11143E-02
  511    0.11078E-02
  512    0.11013E-02
  513    0.10948E-02
  514    0.10884E-02
  515    0.10820E-02
  516    0.10756E-02
  517    0.10693E-02
  518    0.10630E-02
  519    0.10568E-02
  520    0.10505E-02
  521    0.10444E-02
  522    0.10382E-02
  523    0.10321E-02
  524    0.10261E-02
  525    0.10201E-02
  526    0.10141E-02
  527    0.10081E-02
  528    0.10022E-02
  529    0.99632E-03
  530    0.99047E-03
  531    0.98466E-03
  532    0.97888E-03
  533    0.97313E-03
  534    0.96742E-03
  535    0.96175E-03
  536    0.95611E-03
  537    0.95050E-03
  538    0.94492E-03
  539    0.93938E-03
  540    0.93387E-03
  541    0.92840E-03
  542    0.92295E-03
  543    0.91754E-03
  544    0.91216E-03
  545    0.90681E-03
  546    0.90150E-03
  547    0.89621E-03
  548    0.89096E-03
  549    0.88574E-03
  550    0.88055E-03
  551    0.87539E-03
  552    0.87026E-03
  553    0.86516E-03
  554    0.86009E-03
  555    0.85506E-03
  556    0.85005E-03
  557    0.84507E-03
  558    0.84012E-03
  559    0.83520E-03
  560    0.83031E-03
  561    0.82544E-03
  562    0.82061E-03
  563    0.81581E-03
  564    0.81103E-03
  565    0.80628E-03
  566    0.80156E-03
  567    0.79687E-03
  568    0.79221E-03
  569    0.78757E-03
  570    0.78296E-03
  571    0.77838E-03
  572    0.77382E-03
  573    0.76929E-03
  574    0.76479E-03
  575    0.76032E-03
  576    0.75587E-03
  577    0.75145E-03
  578    0.74705E-03
  579    0.74268E-03
  580    0.73833E-03
  581    0.73402E-03
  582    0.72972E-03
  583    0.72545E-03
  584    0.72121E-03
  585    0.71699E-03
  586    0.71280E-03
  587    0.70863E-03
  588    0.70449E-03
  589    0.70037E-03
  590    0.69627E-03
  591    0.69220E-03
  592    0.68816E-03
  593    0.68413E-03
  594    0.68013E-03
  595    0.67616E-03
  596    0.67221E-03
  597    0.66828E-03
  598    0.66437E-03
  599    0.66049E-03
  600    0.65663E-03
  601    0.65279E-03
  602    0.64897E-03
  603    0.64518E-03
  604    0.64141E-03
  605    0.63766E-03
  606    0.63394E-03
  607    0.63023E-03
  608    0.62655E-03
  609    0.62289E-03
  610    0.61925E-03
  611    0.61563E-03
  612    0.61204E-03
  613    0.60846E-03
  614    0.60491E-03
  615    0.60137E-03
  616    0.59786E-03
  617    0.59437E-03
  618    0.59090E-03
  619    0.58744E-03
  620    0.58401E-03
  621    0.58060E-03
  622    0.57721E-03
  623    0.57384E-03
  624    0.57049E-03
  625    0.56716E-03
  626    0.56385E-03
  627    0.56055E-03
  628    0.55728E-03
  629    0.55403E-03
  630    0.55079E-03
  631    0.54758E-03
  632    0.54438E-03
  633    0.54120E-03
  634    0.53804E-03
  635    0.53490E-03
  636    0.53178E-03
  637    0.52867E-03
  638    0.52559E-03
  639    0.52252E-03
  640    0.51947E-03
  641    0.51644E-03
  642    0.51342E-03
  643    0.51042E-03
  644    0.50744E-03
  645    0.50448E-03
  646    0.50154E-03
  647    0.49861E-03
  648    0.49570E-03
  649    0.49281E-03
  650    0.48993E-03
  651    0.48707E-03
  652    0.48423E-03
  653    0.48140E-03
  654    0.47860E-03
  655    0.47580E-03
  656    0.47303E-03
  657    0.47027E-03
  658    0.46752E-03
  659    0.46479E-03
  660    0.46208E-03
  661    0.45939E-03
  662    0.45671E-03
  663    0.45404E-03
  664    0.45139E-03
  665    0.44876E-03
  666    0.44614E-03
  667    0.44354E-03
  668    0.44095E-03
  669    0.43838E-03
  670    0.43582E-03
  671    0.43328E-03
  672    0.43075E-03
  673    0.42824E-03
  674    0.42574E-03
  675    0.42326E-03
  676    0.42079E-03
  677    0.41833E-03
  678    0.41589E-03
  679    0.41347E-03
  680    0.41105E-03
  681    0.40866E-03
  682    0.40627E-03
  683    0.40390E-03
  684    0.40155E-03
  685    0.39921E-03
  686    0.39688E-03
  687    0.39456E-03
  688    0.39226E-03
  689    0.38997E-03
  690    0.38770E-03
  691    0.38544E-03
  692    0.38319E-03
  693    0.38096E-03
  694    0.37873E-03
  695    0.37653E-03
  696    0.37433E-03
  697    0.37215E-03
  698    0.36998E-03
  699    0.36782E-03
  700    0.36567E-03
  701    0.36354E-03
  702    0.36142E-03
  703    0.35931E-03
  704    0.35722E-03
  705    0.35514E-03
  706    0.35307E-03
  707    0.35101E-03
  708    0.34896E-03
  709    0.34693E-03
  710    0.34490E-03
  711    0.34289E-03
  712    0.34089E-03
  713    0.33890E-03
  714    0.33693E-03
  715    0.33496E-03
  716    0.33301E-03
  717    0.33107E-03
  718    0.32914E-03
  719    0.32722E-03
  720    0.32531E-03
  721    0.32342E-03
  722    0.32153E-03
  723    0.31966E-03
  724    0.31779E-03
  725    0.31594E-03
  726    0.31410E-03
  727    0.31227E-03
  728    0.31045E-03
  729    0.30864E-03
  730    0.30684E-03
  731    0.30505E-03
  732    0.30327E-03
  733    0.30150E-03
  734    0.29975E-03
  735    0.29800E-03
  736    0.29626E-03
  737    0.29453E-03
  738    0.29282E-03
  739    0.29111E-03
  740    0.28941E-03
  741    0.28773E-03
  742    0.28605E-03
  743    0.28438E-03
  744    0.28272E-03
  745    0.28108E-03
  746    0.27944E-03
  747    0.27781E-03
  748    0.27619E-03
  749    0.27458E-03
  750    0.27298E-03
  751    0.27139E-03
  752    0.26981E-03
  753    0.26823E-03
  754    0.26667E-03
  755    0.26512E-03
  756    0.26357E-03
  757    0.26203E-03
  758    0.26051E-03
  759    0.25899E-03
  760    0.25748E-03
  761    0.25598E-03
  762    0.25449E-03
  763    0.25300E-03
  764    0.25153E-03
  765    0.25006E-03
  766    0.24861E-03
  767    0.24716E-03
  768    0.24572E-03
  769    0.24428E-03
  770    0.24286E-03
  771    0.24145E-03
  772    0.24004E-03
  773    0.23864E-03
  774    0.23725E-03
  775    0.23587E-03
  776    0.23449E-03
  777    0.23312E-03
  778    0.23177E-03
  779    0.23042E-03
  780    0.22907E-03
  781    0.22774E-03
  782    0.22641E-03
  783    0.22509E-03
  784    0.22378E-03
  785    0.22247E-03
  786    0.22118E-03
  787    0.21989E-03
  788    0.21861E-03
  789    0.21733E-03
  790    0.21607E-03
  791    0.21481E-03
  792    0.21356E-03
  793    0.21231E-03
  794    0.21108E-03
  795    0.20984E-03
  796    0.20862E-03
  797    0.20741E-03
  798    0.20620E-03
  799    0.20500E-03
  800    0.20380E-03
  801    0.20261E-03
  802    0.20143E-03
  803    0.20026E-03
  804    0.19909E-03
  805    0.19793E-03
  806    0.19678E-03
  807    0.19563E-03
  808    0.19449E-03
  809    0.19336E-03
  810    0.19223E-03
  811    0.19111E-03
  812    0.19000E-03
  813    0.18889E-03
  814    0.18779E-03
  815    0.18670E-03
  816    0.18561E-03
  817    0.18453E-03
  818    0.18345E-03
  819    0.18238E-03
  820    0.18132E-03
  821    0.18026E-03
  822    0.17921E-03
  823    0.17817E-03
  824    0.17713E-03
  825    0.17610E-03
  826    0.17507E-03
  827    0.17405E-03
  828    0.17304E-03
  829    0.17203E-03
  830    0.17103E-03
  831    0.17003E-03
  832    0.16904E-03
  833    0.16806E-03
  834    0.16708E-03
  835    0.16610E-03
  836    0.16514E-03
  837    0.16417E-03
  838    0.16322E-03
  839    0.16227E-03
  840    0.16132E-03
  841    0.16038E-03
  842    0.15945E-03
  843    0.15852E-03
  844    0.15759E-03
  845    0.15667E-03
  846    0.15576E-03
  847    0.15485E-03
  848    0.15395E-03
  849    0.15305E-03
  850    0.15216E-03
  851    0.15128E-03
  852    0.15040E-03
  853    0.14952E-03
  854    0.14865E-03
  855    0.14778E-03
  856    0.14692E-03
  857    0.14606E-03
  858    0.14521E-03
  859    0.14437E-03
  860    0.14353E-03
  861    0.14269E-03
  862    0.14186E-03
  863    0.14103E-03
  864    0.14021E-03
  865    0.13939E-03
  866    0.13858E-03
  867    0.13777E-03
  868    0.13697E-03
  869    0.13617E-03
  870    0.13538E-03
  871    0.13459E-03
  872    0.13381E-03
  873    0.13303E-03
  874    0.13225E-03
  875    0.13148E-03
  876    0.13072E-03
  877    0.12995E-03
  878    0.12920E-03
  879    0.12844E-03
  880    0.12770E-03
  881    0.12695E-03
  882    0.12621E-03
  883    0.12548E-03
  884    0.12475E-03
  885    0.12402E-03
  886    0.12330E-03
  887    0.12258E-03
  888    0.12186E-03
  889    0.12115E-03
  890    0.12045E-03
  891    0.11975E-03
  892    0.11905E-03
  893    0.11836E-03
  894    0.11767E-03
  895    0.11698E-03
  896    0.11630E-03
  897    0.11562E-03
  898    0.11495E-03
  899    0.11428E-03
  900    0.11361E-03
  901    0.11295E-03
  902    0.11229E-03
  903    0.11164E-03
  904    0.11099E-03
  905    0.11034E-03
  906    0.10970E-03
  907    0.10906E-03
  908    0.10842E-03
  909    0.10779E-03
  910    0.10716E-03
  911    0.10654E-03
  912    0.10592E-03
  913    0.10530E-03
  914    0.10469E-03
  915    0.10408E-03
  916    0.10347E-03
  917    0.10287E-03
  918    0.10227E-03
  919    0.10167E-03
  920    0.10108E-03
  921    0.10049E-03
  922    0.99907E-04
  923    0.99325E-04
  924    0.98747E-04
  925    0.98171E-04
  926    0.97599E-04
  927    0.97031E-04
  928    0.96466E-04
  929    0.95904E-04
  930    0.95345E-04
  931    0.94789E-04
  932    0.94237E-04
  933    0.93688E-04
  934    0.93142E-04
  935    0.92600E-04
  936    0.92060E-04
  937    0.91524E-04
  938    0.90991E-04
  939    0.90461E-04
  940    0.89934E-04
  941    0.89410E-04
  942    0.88889E-04
  943    0.88371E-04
  944    0.87856E-04
  945    0.87344E-04
  946    0.86835E-04
  947    0.86330E-04
  948    0.85827E-04
  949    0.85327E-04
  950    0.84829E-04
  951    0.84335E-04
  952    0.83844E-04
  953    0.83356E-04
  954    0.82870E-04
  955    0.82387E-04
  956    0.81907E-04
  957    0.81430E-04
  958    0.80956E-04
  959    0.80484E-04
  960    0.80015E-04
  961    0.79549E-04
  962    0.79086E-04
  963    0.78625E-04
  964    0.78167E-04
  965    0.77711E-04
  966    0.77259E-04
  967    0.76809E-04
  968    0.76361E-04
  969    0.75916E-04
  970    0.75474E-04
  971    0.75034E-04
  972    0.74597E-04
  973    0.74163E-04
  974    0.73730E-04
  975    0.73301E-04
  976    0.72874E-04
  977    0.72449E-04
  978    0.72027E-04
  979    0.71608E-04
  980    0.71191E-04
  981    0.70776E-04
  982    0.70363E-04
  983    0.69954E-04
  984    0.69546E-04
  985    0.69141E-04
  986    0.68738E-04
  987    0.68338E-04
  988    0.67940E-04
  989    0.67544E-04
  990    0.67150E-04
  991    0.66759E-04
  992    0.66370E-04
  993    0.65983E-04
  994    0.65599E-04
  995    0.65217E-04
  996    0.64837E-04
  997    0.64459E-04
  998    0.64084E-04
  999    0.63710E-04
 1000    0.63339E-04
 1001    0.62970E-04
 1002    0.62603E-04
 1003    0.62239E-04
 1004    0.61876E-04
 1005    0.61516E-04
 1006    0.61157E-04
 1007    0.60801E-04
 1008    0.60447E-04
 1009    0.60095E-04
 1010    0.59745E-04
 1011    0.59397E-04
 1012    0.59051E-04
 1013    0.58707E-04
 1014    0.58365E-04
 1015    0.58024E-04
 1016    0.57686E-04
 1017    0.57350E-04
 1018    0.57016E-04
 1019    0.56684E-04
 1020    0.56354E-04
 1021    0.56026E-04
 1022    0.55699E-04
 1023    0.55375E-04
 1024    0.55052E-04
 1025    0.54731E-04
 1026    0.54413E-04
 1027    0.54096E-04
 1028    0.53780E-04
 1029    0.53467E-04
 1030    0.53156E-04
 1031    0.52846E-04
 1032    0.52538E-04
 1033    0.52232E-04
 1034    0.51928E-04
 1035    0.51625E-04
 1036    0.51325E-04
 1037    0.51026E-04
 1038    0.50728E-04
 1039    0.50433E-04
 1040    0.50139E-04
 1041    0.49847E-04
 1042    0.49557E-04
 1043    0.49268E-04
 1044    0.48981E-04
 1045    0.48695E-04
 1046    0.48412E-04
 1047    0.48130E-04
 1048    0.47849E-04
 1049    0.47571E-04
 1050    0.47293E-04
 1051    0.47018E-04
 1052    0.46744E-04
 1053    0.46472E-04
 1054    0.46201E-04
 1055    0.45932E-04
 1056    0.45664E-04
 1057    0.45398E-04
 1058    0.45134E-04
 1059    0.44871E-04
 1060    0.44609E-04
 1061    0.44350E-04
 1062    0.44091E-04
 1063    0.43834E-04
 1064    0.43579E-04
 1065    0.43325E-04
 1066    0.43073E-04
 1067    0.42822E-04
 1068    0.42572E-04
 1069    0.42324E-04
 1070    0.42078E-04
 1071    0.41833E-04
 1072    0.41589E-04
 1073    0.41347E-04
 1074    0.41106E-04
 1075    0.40866E-04
 1076    0.40628E-04
 1077    0.40392E-04
 1078    0.40156E-04
 1079    0.39922E-04
 1080    0.39690E-04
 1081    0.39459E-04
 1082    0.39229E-04
 1083    0.39000E-04
 1084    0.38773E-04
 1085    0.38547E-04
 1086    0.38323E-04
 1087    0.38099E-04
 1088    0.37877E-04
 1089    0.37657E-04
 1090    0.37437E-04
 1091    0.37219E-04
 1092    0.37002E-04
 1093    0.36787E-04
 1094    0.36573E-04
 1095    0.36360E-04
 1096    0.36148E-04
 1097    0.35937E-04
 1098    0.35728E-04
 1099    0.35520E-04
 1100    0.35313E-04
 1101    0.35107E-04
 1102    0.34902E-04
 1103    0.34699E-04
 1104    0.34497E-04
 1105    0.34296E-04
 1106    0.34096E-04
 1107    0.33898E-04
 1108    0.33700E-04
 1109    0.33504E-04
 1110    0.33309E-04
 1111    0.33115E-04
 1112    0.32922E-04
 1113    0.32730E-04
 1114    0.32539E-04
 1115    0.32350E-04
 1116    0.32161E-04
 1117    0.31974E-04
 1118    0.31788E-04
 1119    0.31602E-04
 1120    0.31418E-04
 1121    0.31235E-04
 1122    0.31053E-04
 1123    0.30872E-04
 1124    0.30693E-04
 1125    0.30514E-04
 1126    0.30336E-04
 1127    0.30159E-04
 1128    0.29984E-04
 1129    0.29809E-04
 1130    0.29635E-04
 1131    0.29463E-04
 1132    0.29291E-04
 1133    0.29120E-04
 1134    0.28951E-04
 1135    0.28782E-04
 1136    0.28614E-04
 1137    0.28448E-04
 1138    0.28282E-04
 1139    0.28117E-04
 1140    0.27953E-04
 1141    0.27791E-04
 1142    0.27629E-04
 1143    0.27468E-04
 1144    0.27308E-04
 1145    0.27149E-04
 1146    0.26990E-04
 1147    0.26833E-04
 1148    0.26677E-04
 1149    0.26522E-04
 1150    0.26367E-04
 1151    0.26213E-04
 1152    0.26061E-04
 1153    0.25909E-04
 1154    0.25758E-04
 1155    0.25608E-04
 1156    0.25459E-04
 1157    0.25310E-04
 1158    0.25163E-04
 1159    0.25016E-04
 1160    0.24871E-04
 1161    0.24726E-04
 1162    0.24582E-04
 1163    0.24439E-04
 1164    0.24296E-04
 1165    0.24155E-04
 1166    0.24014E-04
 1167    0.23874E-04
 1168    0.23735E-04
 1169    0.23597E-04
 1170    0.23459E-04
 1171    0.23323E-04
 1172    0.23187E-04
 1173    0.23052E-04
 1174    0.22917E-04
 1175    0.22784E-04
 1176    0.22651E-04
 1177    0.22519E-04
 1178    0.22388E-04
 1179    0.22258E-04
 1180    0.22128E-04
 1181    0.21999E-04
 1182    0.21871E-04
 1183    0.21743E-04
 1184    0.21617E-04
 1185    0.21491E-04
 1186    0.21366E-04
 1187    0.21241E-04
 1188    0.21117E-04
 1189    0.20994E-04
 1190    0.20872E-04
 1191    0.20750E-04
 1192    0.20630E-04
 1193    0.20509E-04
 1194    0.20390E-04
 1195    0.20271E-04
 1196    0.20153E-04
 1197    0.20036E-04
 1198    0.19919E-04
 1199    0.19803E-04
 1200    0.19688E-04
 1201    0.19573E-04
 1202    0.19459E-04
 1203    0.19345E-04
 1204    0.19233E-04
 1205    0.19121E-04
 1206    0.19009E-04
 1207    0.18899E-04
 1208    0.18789E-04
 1209    0.18679E-04
 1210    0.18570E-04
 1211    0.18462E-04
 1212    0.18355E-04
 1213    0.18248E-04
 1214    0.18141E-04
 1215    0.18036E-04
 1216    0.17931E-04
 1217    0.17826E-04
 1218    0.17722E-04
 1219    0.17619E-04
 1220    0.17516E-04
 1221    0.17414E-04
 1222    0.17313E-04
 1223    0.17212E-04
 1224    0.17112E-04
 1225    0.17012E-04
 1226    0.16913E-04
 1227    0.16814E-04
 1228    0.16716E-04
 1229    0.16619E-04
 1230    0.16522E-04
 1231    0.16426E-04
 1232    0.16330E-04
 1233    0.16235E-04
 1234    0.16141E-04
 1235    0.16047E-04
 1236    0.15953E-04
 1237    0.15860E-04
 1238    0.15768E-04
 1239    0.15676E-04
 1240    0.15585E-04
 1241    0.15494E-04
 1242    0.15404E-04
 1243    0.15314E-04
 1244    0.15225E-04
 1245    0.15136E-04
 1246    0.15048E-04
 1247    0.14960E-04
 1248    0.14873E-04
 1249    0.14786E-04
 1250    0.14700E-04
 1251    0.14615E-04
 1252    0.14529E-04
 1253    0.14445E-04
 1254    0.14361E-04
 1255    0.14277E-04
 1256    0.14194E-04
 1257    0.14111E-04
 1258    0.14029E-04
 1259    0.13947E-04
 1260    0.13866E-04
 1261    0.13785E-04
 1262    0.13705E-04
 1263    0.13625E-04
 1264    0.13546E-04
 1265    0.13467E-04
 1266    0.13388E-04
 1267    0.13310E-04
 1268    0.13233E-04
 1269    0.13156E-04
 1270    0.13079E-04
 1271    0.13003E-04
 1272    0.12927E-04
 1273    0.12852E-04
 1274    0.12777E-04
 1275    0.12702E-04
 1276    0.12628E-04
 1277    0.12555E-04
 1278    0.12482E-04
 1279    0.12409E-04
 1280    0.12337E-04
 1281    0.12265E-04
 1282    0.12193E-04
 1283    0.12122E-04
 1284    0.12052E-04
 1285    0.11982E-04
 1286    0.11912E-04
 1287    0.11842E-04
 1288    0.11773E-04
 1289    0.11705E-04
 1290    0.11637E-04
 1291    0.11569E-04
 1292    0.11501E-04
 1293    0.11434E-04
 1294    0.11368E-04
 1295    0.11302E-04
 1296    0.11236E-04
 1297    0.11170E-04
 1298    0.11105E-04
 1299    0.11041E-04
 1300    0.10976E-04
 1301    0.10912E-04
 1302    0.10849E-04
 1303    0.10786E-04
 1304    0.10723E-04
 1305    0.10660E-04
 1306    0.10598E-04
 1307    0.10536E-04
 1308    0.10475E-04
 1309    0.10414E-04
 1310    0.10353E-04
 1311    0.10293E-04
 1312    0.10233E-04
 1313    0.10173E-04
 1314    0.10114E-04
 1315    0.10055E-04
 1316    0.99967E-05
 1317    0.99384E-05
 1318    0.98805E-05
 1319    0.98230E-05
 1320    0.97658E-05
 1321    0.97089E-05
 1322    0.96523E-05
 1323    0.95961E-05
 1324    0.95402E-05
 1325    0.94846E-05
 1326    0.94293E-05
 1327    0.93744E-05
 1328    0.93198E-05
 1329    0.92655E-05
 1330    0.92115E-05
 1331    0.91579E-05
 1332    0.91045E-05
 1333    0.90515E-05
 1334    0.89988E-05
 1335    0.89463E-05
 1336    0.88942E-05
 1337    0.88424E-05
 1338    0.87909E-05
 1339    0.87397E-05
 1340    0.86888E-05
 1341    0.86382E-05
 1342    0.85878E-05
 1343    0.85378E-05
 1344    0.84881E-05
 1345    0.84386E-05
 1346    0.83895E-05
 1347    0.83406E-05
 1348    0.82920E-05
 1349    0.82437E-05
 1350    0.81957E-05
 1351    0.81479E-05
 1352    0.81005E-05
 1353    0.80533E-05
 1354    0.80064E-05
 1355    0.79597E-05
 1356    0.79133E-05
 1357    0.78672E-05
 1358    0.78214E-05
 1359    0.77759E-05
 1360    0.77306E-05
 1361    0.76855E-05
 1362    0.76407E-05
 1363    0.75962E-05
 1364    0.75520E-05
 1365    0.75080E-05
 1366    0.74643E-05
 1367    0.74208E-05
 1368    0.73775E-05
 1369    0.73346E-05
 1370    0.72918E-05
 1371    0.72494E-05
 1372    0.72071E-05
 1373    0.71651E-05
 1374    0.71234E-05
 1375    0.70819E-05
 1376    0.70406E-05
 1377    0.69996E-05
 1378    0.69589E-05
 1379    0.69183E-05
 1380    0.68780E-05
 1381    0.68379E-05
 1382    0.67981E-05
 1383    0.67585E-05
 1384    0.67191E-05
 1385    0.66800E-05
 1386    0.66411E-05
 1387    0.66024E-05
 1388    0.65639E-05
 1389    0.65257E-05
 1390    0.64877E-05
 1391    0.64499E-05
 1392    0.64123E-05
 1393    0.63750E-05
 1394    0.63378E-05
 1395    0.63009E-05
 1396    0.62642E-05
 1397    0.62277E-05
 1398    0.61914E-05
 1399    0.61554E-05
 1400    0.61195E-05
 1401    0.60838E-05
 1402    0.60484E-05
 1403    0.60132E-05
 1404    0.59781E-05
 1405    0.59433E-05
 1406    0.59087E-05
 1407    0.58743E-05
 1408    0.58400E-05
 1409    0.58060E-05
 1410    0.57722E-05
 1411    0.57386E-05
 1412    0.57051E-05
 1413    0.56719E-05
 1414    0.56389E-05
 1415    0.56060E-05
 1416    0.55734E-05
 1417    0.55409E-05
 1418    0.55086E-05
 1419    0.54765E-05
 1420    0.54446E-05
 1421    0.54129E-05
 1422    0.53814E-05
 1423    0.53500E-05
 1424    0.53189E-05
 1425    0.52879E-05
 1426    0.52571E-05
 1427    0.52264E-05
 1428    0.51960E-05
 1429    0.51657E-05
 1430    0.51356E-05
 1431    0.51057E-05
 1432    0.50760E-05
 1433    0.50464E-05
 1434    0.50170E-05
 1435    0.49878E-05
 1436    0.49587E-05
 1437    0.49298E-05
 1438    0.49011E-05
 1439    0.48726E-05
 1440    0.48442E-05
 1441    0.48160E-05
 1442    0.47879E-05
 1443    0.47600E-05
 1444    0.47323E-05
 1445    0.47047E-05
 1446    0.46773E-05
 1447    0.46501E-05
 1448    0.46230E-05
 1449    0.45960E-05
 1450    0.45693E-05
 1451    0.45426E-05
 1452    0.45162E-05
 1453    0.44899E-05
 1454    0.44637E-05
 1455    0.44377E-05
 1456    0.44119E-05
 1457    0.43862E-05
 1458    0.43606E-05
 1459    0.43352E-05
 1460    0.43100E-05
 1461    0.42848E-05
 1462    0.42599E-05
 1463    0.42351E-05
 1464    0.42104E-05
 1465    0.41859E-05
 1466    0.41615E-05
 1467    0.41372E-05
 1468    0.41131E-05
 1469    0.40892E-05
 1470    0.40654E-05
 1471    0.40417E-05
 1472    0.40181E-05
 1473    0.39947E-05
 1474    0.39715E-05
 1475    0.39483E-05
 1476    0.39253E-05
 1477    0.39024E-05
 1478    0.38797E-05
 1479    0.38571E-05
 1480    0.38346E-05
 1481    0.38123E-05
 1482    0.37901E-05
 1483    0.37680E-05
 1484    0.37461E-05
 1485    0.37242E-05
 1486    0.37025E-05
 1487    0.36810E-05
 1488    0.36595E-05
 1489    0.36382E-05
 1490    0.36170E-05
 1491    0.35960E-05
 1492    0.35750E-05
 1493    0.35542E-05
 1494    0.35335E-05
 1495    0.35129E-05
 1496    0.34924E-05
 1497    0.34721E-05
 1498    0.34519E-05
 1499    0.34317E-05
 1500    0.34118E-05
 1501    0.33919E-05
 1502    0.33721E-05
 1503    0.33525E-05
 1504    0.33329E-05
 1505    0.33135E-05
 1506    0.32942E-05
 1507    0.32750E-05
 1508    0.32560E-05
 1509    0.32370E-05
 1510    0.32181E-05
 1511    0.31994E-05
 1512    0.31807E-05
 1513    0.31622E-05
 1514    0.31438E-05
 1515    0.31255E-05
 1516    0.31073E-05
 1517    0.30892E-05
 1518    0.30712E-05
 1519    0.30533E-05
 1520    0.30355E-05
 1521    0.30178E-05
 1522    0.30002E-05
 1523    0.29828E-05
 1524    0.29654E-05
 1525    0.29481E-05
 1526    0.29309E-05
 1527    0.29139E-05
 1528    0.28969E-05
 1529    0.28800E-05
 1530    0.28632E-05
 1531    0.28465E-05
 1532    0.28300E-05
 1533    0.28135E-05
 1534    0.27971E-05
 1535    0.27808E-05
 1536    0.27646E-05
 1537    0.27485E-05
 1538    0.27325E-05
 1539    0.27166E-05
 1540    0.27007E-05
 1541    0.26850E-05
 1542    0.26694E-05
 1543    0.26538E-05
 1544    0.26384E-05
 1545    0.26230E-05
 1546    0.26077E-05
 1547    0.25925E-05
 1548    0.25774E-05
 1549    0.25624E-05
 1550    0.25475E-05
 1551    0.25326E-05
 1552    0.25179E-05
 1553    0.25032E-05
 1554    0.24886E-05
 1555    0.24741E-05
 1556    0.24597E-05
 1557    0.24454E-05
 1558    0.24311E-05
 1559    0.24170E-05
 1560    0.24029E-05
 1561    0.23889E-05
 1562    0.23750E-05
 1563    0.23611E-05
 1564    0.23474E-05
 1565    0.23337E-05
 1566    0.23201E-05
 1567    0.23066E-05
 1568    0.22932E-05
 1569    0.22798E-05
 1570    0.22665E-05
 1571    0.22533E-05
 1572    0.22402E-05
 1573    0.22271E-05
 1574    0.22142E-05
 1575    0.22013E-05
 1576    0.21885E-05
 1577    0.21757E-05
 1578    0.21630E-05
 1579    0.21504E-05
 1580    0.21379E-05
 1581    0.21254E-05
 1582    0.21131E-05
 1583    0.21008E-05
 1584    0.20885E-05
 1585    0.20763E-05
 1586    0.20643E-05
 1587    0.20522E-05
 1588    0.20403E-05
 1589    0.20284E-05
 1590    0.20166E-05
 1591    0.20048E-05
 1592    0.19931E-05
 1593    0.19815E-05
 1594    0.19700E-05
 1595    0.19585E-05
 1596    0.19471E-05
 1597    0.19358E-05
 1598    0.19245E-05
 1599    0.19133E-05
 1600    0.19021E-05
 1601    0.18910E-05
 1602    0.18800E-05
 1603    0.18691E-05
 1604    0.18582E-05
 1605    0.18474E-05
 1606    0.18366E-05
 1607    0.18259E-05
 1608    0.18153E-05
 1609    0.18047E-05
 1610    0.17942E-05
 1611    0.17837E-05
 1612    0.17733E-05
 1613    0.17630E-05
 1614    0.17527E-05
 1615    0.17425E-05
 1616    0.17324E-05
 1617    0.17223E-05
 1618    0.17122E-05
 1619    0.17023E-05
 1620    0.16924E-05
 1621    0.16825E-05
 1622    0.16727E-05
 1623    0.16630E-05
 1624    0.16533E-05
 1625    0.16436E-05
 1626    0.16341E-05
 1627    0.16245E-05
 1628    0.16151E-05
 1629    0.16057E-05
 1630    0.15963E-05
 1631    0.15870E-05
 1632    0.15778E-05
 1633    0.15686E-05
 1634    0.15594E-05
 1635    0.15504E-05
 1636    0.15413E-05
 1637    0.15323E-05
 1638    0.15234E-05
 1639    0.15145E-05
 1640    0.15057E-05
 1641    0.14969E-05
 1642    0.14882E-05
 1643    0.14796E-05
 1644    0.14709E-05
 1645    0.14624E-05
 1646    0.14539E-05
 1647    0.14454E-05
 1648    0.14370E-05
 1649    0.14286E-05
 1650    0.14203E-05
 1651    0.14120E-05
 1652    0.14038E-05
 1653    0.13956E-05
 1654    0.13875E-05
 1655    0.13794E-05
 1656    0.13713E-05
 1657    0.13634E-05
 1658    0.13554E-05
 1659    0.13475E-05
 1660    0.13397E-05
 1661    0.13319E-05
 1662    0.13241E-05
 1663    0.13164E-05
 1664    0.13087E-05
 1665    0.13011E-05
 1666    0.12935E-05
 1667    0.12860E-05
 1668    0.12785E-05
 1669    0.12710E-05
 1670    0.12636E-05
 1671    0.12563E-05
 1672    0.12490E-05
 1673    0.12417E-05
 1674    0.12345E-05
 1675    0.12273E-05
 1676    0.12201E-05
 1677    0.12130E-05
 1678    0.12059E-05
 1679    0.11989E-05
 1680    0.11919E-05
 1681    0.11850E-05
 1682    0.11781E-05
 1683    0.11712E-05
 1684    0.11644E-05
 1685    0.11576E-05
 1686    0.11509E-05
 1687    0.11442E-05
 1688    0.11375E-05
 1689    0.11309E-05
 1690    0.11243E-05
 1691    0.11177E-05
 1692    0.11112E-05
 1693    0.11047E-05
 1694    0.10983E-05
 1695    0.10919E-05
 1696    0.10856E-05
 1697    0.10792E-05
 1698    0.10729E-05
 1699    0.10667E-05
 1700    0.10605E-05
 1701    0.10543E-05
 1702    0.10482E-05
 1703    0.10421E-05
 1704    0.10360E-05
 1705    0.10299E-05
 1706    0.10239E-05
 1707    0.10180E-05
 1708    0.10121E-05
 1709    0.10062E-05
 1710    0.10003E-05
 1711    0.99447E-06
 1712    0.98867E-06
 1713    0.98291E-06
 1714    0.97719E-06
 1715    0.97150E-06
 1716    0.96584E-06
 1717    0.96021E-06
 1718    0.95462E-06
 1719    0.94906E-06
 1720    0.94353E-06
 1721    0.93803E-06
 1722    0.93257E-06
 1723    0.92713E-06
 1724    0.92173E-06
 1725    0.91636E-06
 1726    0.91102E-06
 1727    0.90572E-06
 1728    0.90044E-06
 1729    0.89520E-06
 1730    0.88998E-06
 1731    0.88480E-06
 1732    0.87964E-06
 1733    0.87452E-06
 1734    0.86942E-06
 1735    0.86436E-06
 1736    0.85932E-06
 1737    0.85432E-06
 1738    0.84934E-06
 1739    0.84439E-06
 1740    0.83947E-06
 1741    0.83458E-06
 1742    0.82972E-06
 1743    0.82489E-06
 1744    0.82008E-06
 1745    0.81530E-06
 1746    0.81055E-06
 1747    0.80583E-06
 1748    0.80114E-06
 1749    0.79647E-06
 1750    0.79183E-06
 1751    0.78722E-06
 1752    0.78263E-06
 1753    0.77807E-06
 1754    0.77354E-06
 1755    0.76903E-06
 1756    0.76455E-06
 1757    0.76010E-06
 1758    0.75567E-06
 1759    0.75127E-06
 1760    0.74689E-06
 1761    0.74254E-06
 1762    0.73822E-06
 1763    0.73392E-06
 1764    0.72964E-06
 1765    0.72539E-06
 1766    0.72116E-06
 1767    0.71696E-06
 1768    0.71279E-06
 1769    0.70863E-06
 1770    0.70451E-06
 1771    0.70040E-06
 1772    0.69632E-06
 1773    0.69227E-06
 1774    0.68823E-06
 1775    0.68422E-06
 1776    0.68024E-06
 1777    0.67628E-06
 1778    0.67234E-06
 1779    0.66842E-06
 1780    0.66453E-06
 1781    0.66065E-06
 1782    0.65681E-06
 1783    0.65298E-06
 1784    0.64918E-06
 1785    0.64539E-06
 1786    0.64163E-06
 1787    0.63790E-06
 1788    0.63418E-06
 1789    0.63049E-06
 1790    0.62681E-06
 1791    0.62316E-06
 1792    0.61953E-06
 1793    0.61592E-06
 1794    0.61233E-06
 1795    0.60877E-06
 1796    0.60522E-06
 1797    0.60169E-06
 1798    0.59819E-06
 1799    0.59470E-06
 1800    0.59124E-06
 1801    0.58780E-06
 1802    0.58437E-06
 1803    0.58097E-06
 1804    0.57758E-06
 1805    0.57422E-06
 1806    0.57087E-06
 1807    0.56755E-06
 1808    0.56424E-06
 1809    0.56095E-06
 1810    0.55769E-06
 1811    0.55444E-06
 1812    0.55121E-06
 1813    0.54800E-06
 1814    0.54480E-06
 1815    0.54163E-06
 1816    0.53848E-06
 1817    0.53534E-06
 1818    0.53222E-06
 1819    0.52912E-06
 1820    0.52604E-06
 1821    0.52297E-06
 1822    0.51993E-06
 1823    0.51690E-06
 1824    0.51389E-06
 1825    0.51089E-06
 1826    0.50792E-06
 1827    0.50496E-06
 1828    0.50202E-06
 1829    0.49909E-06
 1830    0.49618E-06
 1831    0.49329E-06
 1832    0.49042E-06
 1833    0.48756E-06
 1834    0.48472E-06
 1835    0.48190E-06
 1836    0.47909E-06
 1837    0.47630E-06
 1838    0.47353E-06
 1839    0.47077E-06
 1840    0.46802E-06
 1841    0.46530E-06
 1842    0.46259E-06
 1843    0.45989E-06
 1844    0.45721E-06
 1845    0.45455E-06
 1846    0.45190E-06
 1847    0.44927E-06
 1848    0.44665E-06
 1849    0.44405E-06
 1850    0.44146E-06
 1851    0.43889E-06
 1852    0.43633E-06
 1853    0.43379E-06
 1854    0.43127E-06
 1855    0.42875E-06
 1856    0.42626E-06
 1857    0.42377E-06
 1858    0.42130E-06
 1859    0.41885E-06
 1860    0.41641E-06
 1861    0.41398E-06
 1862    0.41157E-06
 1863    0.40917E-06
 1864    0.40679E-06
 1865    0.40442E-06
 1866    0.40207E-06
 1867    0.39972E-06
 1868    0.39739E-06
 1869    0.39508E-06
 1870    0.39278E-06
 1871    0.39049E-06
 1872    0.38822E-06
 1873    0.38595E-06
 1874    0.38371E-06
 1875    0.38147E-06
 1876    0.37925E-06
 1877    0.37704E-06
 1878    0.37484E-06
 1879    0.37266E-06
 1880    0.37049E-06
 1881    0.36833E-06
 1882    0.36618E-06
 1883    0.36405E-06
 1884    0.36193E-06
 1885    0.35982E-06
 1886    0.35772E-06
 1887    0.35564E-06
 1888    0.35357E-06
 1889    0.35151E-06
 1890    0.34946E-06
 1891    0.34743E-06
 1892    0.34540E-06
 1893    0.34339E-06
 1894    0.34139E-06
 1895    0.33940E-06
 1896    0.33742E-06
 1897    0.33546E-06
 1898    0.33350E-06
 1899    0.33156E-06
 1900    0.32963E-06
 1901    0.32771E-06
 1902    0.32580E-06
 1903    0.32390E-06
 1904    0.32202E-06
 1905    0.32014E-06
 1906    0.31827E-06
 1907    0.31642E-06
 1908    0.31458E-06
 1909    0.31274E-06
 1910    0.31092E-06
 1911    0.30911E-06
 1912    0.30731E-06
 1913    0.30552E-06
 1914    0.30374E-06
 1915    0.30197E-06
 1916    0.30021E-06
 1917    0.29846E-06
 1918    0.29672E-06
 1919    0.29500E-06
 1920    0.29328E-06
 1921    0.29157E-06
 1922    0.28987E-06
 1923    0.28818E-06
 1924    0.28650E-06
 1925    0.28483E-06
 1926    0.28317E-06
 1927    0.28152E-06
 1928    0.27988E-06
 1929    0.27825E-06
 1930    0.27663E-06
 1931    0.27502E-06
 1932    0.27342E-06
 1933    0.27183E-06
 1934    0.27024E-06
 1935    0.26867E-06
 1936    0.26710E-06
 1937    0.26555E-06
 1938    0.26400E-06
 1939    0.26246E-06
 1940    0.26093E-06
 1941    0.25941E-06
 1942    0.25790E-06
 1943    0.25640E-06
 1944    0.25491E-06
 1945    0.25342E-06
 1946    0.25195E-06
 1947    0.25048E-06
 1948    0.24902E-06
 1949    0.24757E-06
 1950    0.24613E-06
 1951    0.24469E-06
 1952    0.24327E-06
 1953    0.24185E-06
 1954    0.24044E-06
 1955    0.23904E-06
 1956    0.23765E-06
 1957    0.23626E-06
 1958    0.23489E-06
 1959    0.23352E-06
 1960    0.23216E-06
 1961    0.23081E-06
 1962    0.22946E-06
 1963    0.22812E-06
 1964    0.22680E-06
 1965    0.22547E-06
 1966    0.22416E-06
 1967    0.22285E-06
 1968    0.22156E-06
 1969    0.22027E-06
 1970    0.21898E-06
 1971    0.21771E-06
 1972    0.21644E-06
 1973    0.21518E-06
 1974    0.21392E-06
 1975    0.21268E-06
 1976    0.21144E-06
 1977    0.21021E-06
 1978    0.20898E-06
 1979    0.20777E-06
 1980    0.20655E-06
 1981    0.20535E-06
 1982    0.20416E-06
 1983    0.20297E-06
 1984    0.20178E-06
 1985    0.20061E-06
 1986    0.19944E-06
 1987    0.19828E-06
 1988    0.19712E-06
 1989    0.19597E-06
 1990    0.19483E-06
 1991    0.19370E-06
 1992    0.19257E-06
 1993    0.19145E-06
 1994    0.19033E-06
 1995    0.18922E-06
 1996    0.18812E-06
 1997    0.18703E-06
 1998    0.18594E-06
 1999    0.18485E-06
 2000    0.18378E-06
 2001    0.18271E-06
 2002    0.18164E-06
 2003    0.18058E-06
 2004    0.17953E-06
 2005    0.17848E-06
 2006    0.17744E-06
 2007    0.17641E-06
 2008    0.17538E-06
 2009    0.17436E-06
 2010    0.17335E-06
 2011    0.17234E-06
 2012    0.17133E-06
 2013    0.17033E-06
 2014    0.16934E-06
 2015    0.16836E-06
 2016    0.16737E-06
 2017    0.16640E-06
 2018    0.16543E-06
 2019    0.16447E-06
 2020    0.16351E-06
 2021    0.16256E-06
 2022    0.16161E-06
 2023    0.16067E-06
 2024    0.15973E-06
 2025    0.15880E-06
 2026    0.15788E-06
 2027    0.15696E-06
 2028    0.15604E-06
 2029    0.15513E-06
 2030    0.15423E-06
 2031    0.15333E-06
 2032    0.15244E-06
 2033    0.15155E-06
 2034    0.15067E-06
 2035    0.14979E-06
 2036    0.14892E-06
 2037    0.14805E-06
 2038    0.14719E-06
 2039    0.14633E-06
 2040    0.14548E-06
 2041    0.14463E-06
 2042    0.14379E-06
 2043    0.14295E-06
 2044    0.14212E-06
 2045    0.14129E-06
 2046    0.14047E-06
 2047    0.13965E-06
 2048    0.13883E-06
 2049    0.13802E-06
 2050    0.13722E-06
 2051    0.13642E-06
 2052    0.13563E-06
 2053    0.13484E-06
 2054    0.13405E-06
 2055    0.13327E-06
 2056    0.13249E-06
 2057    0.13172E-06
 2058    0.13095E-06
 2059    0.13019E-06
 2060    0.12943E-06
 2061    0.12868E-06
 2062    0.12793E-06
 2063    0.12718E-06
 2064    0.12644E-06
 2065    0.12571E-06
 2066    0.12497E-06
 2067    0.12425E-06
 2068    0.12352E-06
 2069    0.12280E-06
 2070    0.12209E-06
 2071    0.12138E-06
 2072    0.12067E-06
 2073    0.11997E-06
 2074    0.11927E-06
 2075    0.11857E-06
 2076    0.11788E-06
 2077    0.11720E-06
 2078    0.11651E-06
 2079    0.11583E-06
 2080    0.11516E-06
 2081    0.11449E-06
 2082    0.11382E-06
 2083    0.11316E-06
 2084    0.11250E-06
 2085    0.11184E-06
 2086    0.11119E-06
 2087    0.11054E-06
 2088    0.10990E-06
 2089    0.10926E-06
 2090    0.10862E-06
 2091    0.10799E-06
 2092    0.10736E-06
 2093    0.10674E-06
 2094    0.10611E-06
 2095    0.10550E-06
 2096    0.10488E-06
 2097    0.10427E-06
 2098    0.10366E-06
 2099    0.10306E-06
 2100    0.10246E-06
 2101    0.10186E-06
 2102    0.10127E-06
 2103    0.10068E-06
 2104    0.10009E-06
 2105    0.99509E-07
 2106    0.98929E-07
 2107    0.98353E-07
 2108    0.97780E-07
 2109    0.97211E-07
 2110    0.96644E-07
 2111    0.96081E-07
 2112    0.95522E-07
 2113    0.94965E-07
 2114    0.94412E-07
 2115    0.93862E-07
 2116    0.93315E-07
 2117    0.92772E-07
 2118    0.92231E-07
 2119    0.91694E-07
 2120    0.91160E-07
 2121    0.90629E-07
 2122    0.90101E-07
 2123    0.89576E-07
 2124    0.89054E-07
 2125    0.88535E-07
 2126    0.88019E-07
 2127    0.87507E-07
 2128    0.86997E-07
 2129    0.86490E-07
 2130    0.85986E-07
 2131    0.85485E-07
 2132    0.84987E-07
 2133    0.84492E-07
 2134    0.84000E-07
 2135    0.83511E-07
 2136    0.83024E-07
 2137    0.82540E-07
 2138    0.82060E-07
 2139    0.81582E-07
 2140    0.81106E-07
 2141    0.80634E-07
 2142    0.80164E-07
 2143    0.79697E-07
 2144    0.79233E-07
 2145    0.78771E-07
 2146    0.78312E-07
 2147    0.77856E-07
 2148    0.77403E-07
 2149    0.76952E-07
 2150    0.76503E-07
 2151    0.76058E-07
 2152    0.75615E-07
 2153    0.75174E-07
 2154    0.74736E-07
 2155    0.74301E-07
 2156    0.73868E-07
 2157    0.73438E-07
 2158    0.73010E-07
 2159    0.72585E-07
 2160    0.72162E-07
 2161    0.71741E-07
 2162    0.71323E-07
 2163    0.70908E-07
 2164    0.70495E-07
 2165    0.70084E-07
 2166    0.69676E-07
 2167    0.69270E-07
 2168    0.68867E-07
 2169    0.68465E-07
 2170    0.68067E-07
 2171    0.67670E-07
 2172    0.67276E-07
 2173    0.66884E-07
 2174    0.66494E-07
 2175    0.66107E-07
 2176    0.65722E-07
 2177    0.65339E-07
 2178    0.64958E-07
 2179    0.64580E-07
 2180    0.64204E-07
 2181    0.63830E-07
 2182    0.63458E-07
 2183    0.63088E-07
 2184    0.62721E-07
 2185    0.62355E-07
 2186    0.61992E-07
 2187    0.61631E-07
 2188    0.61272E-07
 2189    0.60915E-07
 2190    0.60560E-07
 2191    0.60207E-07
 2192    0.59856E-07
 2193    0.59508E-07
 2194    0.59161E-07
 2195    0.58816E-07
 2196    0.58474E-07
 2197    0.58133E-07
 2198    0.57795E-07
 2199    0.57458E-07
 2200    0.57123E-07
 2201    0.56790E-07
 2202    0.56460E-07
 2203    0.56131E-07
 2204    0.55804E-07
 2205    0.55479E-07
 2206    0.55155E-07
 2207    0.54834E-07
 2208    0.54515E-07
 2209    0.54197E-07
 2210    0.53881E-07
 2211    0.53567E-07
 2212    0.53255E-07
 2213    0.52945E-07
 2214    0.52637E-07
 2215    0.52330E-07
 2216    0.52025E-07
 2217    0.51722E-07
 2218    0.51421E-07
 2219    0.51121E-07
 2220    0.50823E-07
 2221    0.50527E-07
 2222    0.50233E-07
 2223    0.49940E-07
 2224    0.49650E-07
 2225    0.49360E-07
 2226    0.49073E-07
 2227    0.48787E-07
 2228    0.48503E-07
 2229    0.48220E-07
 2230    0.47939E-07
 2231    0.47660E-07
 2232    0.47382E-07
 2233    0.47106E-07
 2234    0.46832E-07
 2235    0.46559E-07
 2236    0.46288E-07
 2237    0.46018E-07
 2238    0.45750E-07
 2239    0.45484E-07
 2240    0.45219E-07
 2241    0.44955E-07
 2242    0.44693E-07
 2243    0.44433E-07
 2244    0.44174E-07
 2245    0.43917E-07
 2246    0.43661E-07
 2247    0.43407E-07
 2248    0.43154E-07
 2249    0.42902E-07
 2250    0.42652E-07
 2251    0.42404E-07
 2252    0.42157E-07
 2253    0.41911E-07
 2254    0.41667E-07
 2255    0.41424E-07
 2256    0.41183E-07
 2257    0.40943E-07
 2258    0.40705E-07
 2259    0.40468E-07
 2260    0.40232E-07
 2261    0.39997E-07
 2262    0.39764E-07
 2263    0.39533E-07
 2264    0.39302E-07
 2265    0.39074E-07
 2266    0.38846E-07
 2267    0.38620E-07
 2268    0.38395E-07
 2269    0.38171E-07
 2270    0.37949E-07
 2271    0.37728E-07
 2272    0.37508E-07
 2273    0.37289E-07
 2274    0.37072E-07
 2275    0.36856E-07
 2276    0.36641E-07
 2277    0.36428E-07
 2278    0.36216E-07
 2279    0.36005E-07
 2280    0.35795E-07
 2281    0.35586E-07
 2282    0.35379E-07
 2283    0.35173E-07
 2284    0.34968E-07
 2285    0.34764E-07
 2286    0.34562E-07
 2287    0.34361E-07
 2288    0.34160E-07
 2289    0.33961E-07
 2290    0.33764E-07
 2291    0.33567E-07
 2292    0.33371E-07
 2293    0.33177E-07
 2294    0.32984E-07
 2295    0.32791E-07
 2296    0.32600E-07
 2297    0.32411E-07
 2298    0.32222E-07
 2299    0.32034E-07
 2300    0.31847E-07
 2301    0.31662E-07
 2302    0.31477E-07
 2303    0.31294E-07
 2304    0.31112E-07
 2305    0.30931E-07
 2306    0.30750E-07
 2307    0.30571E-07
 2308    0.30393E-07
 2309    0.30216E-07
 2310    0.30040E-07
 2311    0.29865E-07
 2312    0.29691E-07
 2313    0.29518E-07
 2314    0.29346E-07
 2315    0.29175E-07
 2316    0.29005E-07
 2317    0.28836E-07
 2318    0.28668E-07
 2319    0.28501E-07
 2320    0.28335E-07
 2321    0.28170E-07
 2322    0.28006E-07
 2323    0.27843E-07
 2324    0.27681E-07
 2325    0.27519E-07
 2326    0.27359E-07
 2327    0.27200E-07
 2328    0.27041E-07
 2329    0.26884E-07
 2330    0.26727E-07
 2331    0.26571E-07
 2332    0.26417E-07
 2333    0.26263E-07
 2334    0.26110E-07
 2335    0.25958E-07
 2336    0.25806E-07
 2337    0.25656E-07
 2338    0.25507E-07
 2339    0.25358E-07
 2340    0.25210E-07
 2341    0.25063E-07
 2342    0.24917E-07
 2343    0.24772E-07
 2344    0.24628E-07
 2345    0.24485E-07
 2346    0.24342E-07
 2347    0.24200E-07
 2348    0.24059E-07
 2349    0.23919E-07
 2350    0.23780E-07
 2351    0.23641E-07
 2352    0.23503E-07
 2353    0.23366E-07
 2354    0.23230E-07
 2355    0.23095E-07
 2356    0.22960E-07
 2357    0.22827E-07
 2358    0.22694E-07
 2359    0.22562E-07
 2360    0.22430E-07
 2361    0.22299E-07
 2362    0.22170E-07
 2363    0.22040E-07
 2364    0.21912E-07
 2365    0.21784E-07
 2366    0.21657E-07
 2367    0.21531E-07
 2368    0.21406E-07
 2369    0.21281E-07
 2370    0.21157E-07
 2371    0.21034E-07
 2372    0.20911E-07
 2373    0.20790E-07
 2374    0.20668E-07
 2375    0.20548E-07
 2376    0.20428E-07
 2377    0.20309E-07
 2378    0.20191E-07
 2379    0.20073E-07
 2380    0.19956E-07
 2381    0.19840E-07
 2382    0.19725E-07
 2383    0.19610E-07
 2384    0.19495E-07
 2385    0.19382E-07
 2386    0.19269E-07
 2387    0.19157E-07
 2388    0.19045E-07
 2389    0.18934E-07
 2390    0.18824E-07
 2391    0.18714E-07
 2392    0.18605E-07
 2393    0.18497E-07
 2394    0.18389E-07
 2395    0.18282E-07
 2396    0.18175E-07
 2397    0.18070E-07
 2398    0.17964E-07
 2399    0.17860E-07
 2400    0.17756E-07
 2401    0.17652E-07
 2402    0.17549E-07
 2403    0.17447E-07
 2404    0.17345E-07
 2405    0.17244E-07
 2406    0.17144E-07
 2407    0.17044E-07
 2408    0.16945E-07
 2409    0.16846E-07
 2410    0.16748E-07
 2411    0.16650E-07
 2412    0.16553E-07
 2413    0.16457E-07
 2414    0.16361E-07
 2415    0.16266E-07
 2416    0.16171E-07
 2417    0.16077E-07
 2418    0.15983E-07
 2419    0.15890E-07
 2420    0.15798E-07
 2421    0.15705E-07
 2422    0.15614E-07
 2423    0.15523E-07
 2424    0.15433E-07
 2425    0.15343E-07
 2426    0.15253E-07
 2427    0.15164E-07
 2428    0.15076E-07
 2429    0.14988E-07
 2430    0.14901E-07
 2431    0.14814E-07
 2432    0.14728E-07
 2433    0.14642E-07
 2434    0.14557E-07
 2435    0.14472E-07
 2436    0.14388E-07
 2437    0.14304E-07
 2438    0.14221E-07
 2439    0.14138E-07
 2440    0.14055E-07
 2441    0.13973E-07
 2442    0.13892E-07
 2443    0.13811E-07
 2444    0.13731E-07
 2445    0.13651E-07
 2446    0.13571E-07
 2447    0.13492E-07
 2448    0.13413E-07
 2449    0.13335E-07
 2450    0.13258E-07
 2451    0.13180E-07
 2452    0.13104E-07
 2453    0.13027E-07
 2454    0.12951E-07
 2455    0.12876E-07
 2456    0.12801E-07
 2457    0.12726E-07
 2458    0.12652E-07
 2459    0.12579E-07
 2460    0.12505E-07
 2461    0.12432E-07
 2462    0.12360E-07
 2463    0.12288E-07
 2464    0.12216E-07
 2465    0.12145E-07
 2466    0.12075E-07
 2467    0.12004E-07
 2468    0.11934E-07
 2469    0.11865E-07
 2470    0.11796E-07
 2471    0.11727E-07
 2472    0.11659E-07
 2473    0.11591E-07
 2474    0.11523E-07
 2475    0.11456E-07
 2476    0.11389E-07
 2477    0.11323E-07
 2478    0.11257E-07
 2479    0.11191E-07
 2480    0.11126E-07
 2481    0.11061E-07
 2482    0.10997E-07
 2483    0.10933E-07
 2484    0.10869E-07
 2485    0.10806E-07
 2486    0.10743E-07
 2487    0.10680E-07
 2488    0.10618E-07
 2489    0.10556E-07
 2490    0.10495E-07
 2491    0.10434E-07
 2492    0.10373E-07
 2493    0.10312E-07
 2494    0.10252E-07
 2495    0.10193E-07
 2496    0.10133E-07
 2497    0.10074E-07
 2498    0.10016E-07
 2499    0.99572E-08

iteration:   2499

epsilon =     0.10000E-07
omega =     0.18000E+01
tick =     0.10000E-06

norm_x =     0.18704E+03, norm_analysis =     0.18703E+03
diff =     0.92916E+01

caltime =    4.3151, comtime =    0.2287, checktime =    2.0886
alltime =    6.6324

