4 processes:
    1    0.15251E+01
    2    0.13741E+01
    3    0.10174E+01
    4    0.90431E+00
    5    0.88535E+00
    6    0.75864E+00
    7    0.60144E+00
    8    0.53324E+00
    9    0.50338E+00
   10    0.43588E+00
   11    0.35733E+00
   12    0.31572E+00
   13    0.29324E+00
   14    0.25711E+00
   15    0.21644E+00
   16    0.19177E+00
   17    0.17692E+00
   18    0.15743E+00
   19    0.13619E+00
   20    0.12197E+00
   21    0.11270E+00
   22    0.10215E+00
   23    0.91091E-01
   24    0.83093E-01
   25    0.77489E-01
   26    0.71738E-01
   27    0.65949E-01
   28    0.61470E-01
   29    0.58095E-01
   30    0.54850E-01
   31    0.51696E-01
   32    0.49092E-01
   33    0.46979E-01
   34    0.45006E-01
   35    0.43127E-01
   36    0.41484E-01
   37    0.40059E-01
   38    0.38718E-01
   39    0.37360E-01
   40    0.35852E-01
   41    0.34175E-01
   42    0.32678E-01
   43    0.31763E-01
   44    0.31122E-01
   45    0.30197E-01
   46    0.29294E-01
   47    0.28654E-01
   48    0.27918E-01
   49    0.27169E-01
   50    0.26598E-01
   51    0.25970E-01
   52    0.25351E-01
   53    0.24848E-01
   54    0.24298E-01
   55    0.23790E-01
   56    0.23336E-01
   57    0.22847E-01
   58    0.22428E-01
   59    0.22011E-01
   60    0.21585E-01
   61    0.21219E-01
   62    0.20836E-01
   63    0.20474E-01
   64    0.20137E-01
   65    0.19790E-01
   66    0.19476E-01
   67    0.19163E-01
   68    0.18855E-01
   69    0.18570E-01
   70    0.18282E-01
   71    0.18007E-01
   72    0.17743E-01
   73    0.17480E-01
   74    0.17231E-01
   75    0.16985E-01
   76    0.16746E-01
   77    0.16516E-01
   78    0.16288E-01
   79    0.16068E-01
   80    0.15854E-01
   81    0.15643E-01
   82    0.15438E-01
   83    0.15237E-01
   84    0.15041E-01
   85    0.14850E-01
   86    0.14662E-01
   87    0.14478E-01
   88    0.14299E-01
   89    0.14122E-01
   90    0.13950E-01
   91    0.13780E-01
   92    0.13614E-01
   93    0.13451E-01
   94    0.13291E-01
   95    0.13134E-01
   96    0.12980E-01
   97    0.12829E-01
   98    0.12680E-01
   99    0.12534E-01
  100    0.12391E-01
  101    0.12250E-01
  102    0.12111E-01
  103    0.11975E-01
  104    0.11841E-01
  105    0.11709E-01
  106    0.11579E-01
  107    0.11452E-01
  108    0.11326E-01
  109    0.11203E-01
  110    0.11081E-01
  111    0.10961E-01
  112    0.10843E-01
  113    0.10728E-01
  114    0.10613E-01
  115    0.10501E-01
  116    0.10390E-01
  117    0.10281E-01
  118    0.10174E-01
  119    0.10068E-01
  120    0.99636E-02
  121    0.98608E-02
  122    0.97596E-02
  123    0.96599E-02
  124    0.95616E-02
  125    0.94647E-02
  126    0.93692E-02
  127    0.92751E-02
  128    0.91823E-02
  129    0.90909E-02
  130    0.90007E-02
  131    0.89118E-02
  132    0.88241E-02
  133    0.87376E-02
  134    0.86523E-02
  135    0.85682E-02
  136    0.84853E-02
  137    0.84034E-02
  138    0.83227E-02
  139    0.82431E-02
  140    0.81645E-02
  141    0.80870E-02
  142    0.80105E-02
  143    0.79350E-02
  144    0.78605E-02
  145    0.77870E-02
  146    0.77144E-02
  147    0.76428E-02
  148    0.75721E-02
  149    0.75023E-02
  150    0.74334E-02
  151    0.73654E-02
  152    0.72982E-02
  153    0.72319E-02
  154    0.71664E-02
  155    0.71018E-02
  156    0.70379E-02
  157    0.69748E-02
  158    0.69125E-02
  159    0.68510E-02
  160    0.67902E-02
  161    0.67302E-02
  162    0.66708E-02
  163    0.66122E-02
  164    0.65543E-02
  165    0.64971E-02
  166    0.64406E-02
  167    0.63847E-02
  168    0.63295E-02
  169    0.62749E-02
  170    0.62210E-02
  171    0.61677E-02
  172    0.61150E-02
  173    0.60629E-02
  174    0.60115E-02
  175    0.59606E-02
  176    0.59102E-02
  177    0.58605E-02
  178    0.58113E-02
  179    0.57627E-02
  180    0.57146E-02
  181    0.56670E-02
  182    0.56200E-02
  183    0.55735E-02
  184    0.55275E-02
  185    0.54820E-02
  186    0.54370E-02
  187    0.53925E-02
  188    0.53484E-02
  189    0.53049E-02
  190    0.52618E-02
  191    0.52191E-02
  192    0.51770E-02
  193    0.51352E-02
  194    0.50939E-02
  195    0.50531E-02
  196    0.50127E-02
  197    0.49727E-02
  198    0.49331E-02
  199    0.48939E-02
  200    0.48551E-02
  201    0.48167E-02
  202    0.47787E-02
  203    0.47411E-02
  204    0.47039E-02
  205    0.46671E-02
  206    0.46306E-02
  207    0.45945E-02
  208    0.45588E-02
  209    0.45234E-02
  210    0.44884E-02
  211    0.44537E-02
  212    0.44193E-02
  213    0.43853E-02
  214    0.43517E-02
  215    0.43183E-02
  216    0.42853E-02
  217    0.42526E-02
  218    0.42202E-02
  219    0.41882E-02
  220    0.41564E-02
  221    0.41250E-02
  222    0.40938E-02
  223    0.40630E-02
  224    0.40324E-02
  225    0.40021E-02
  226    0.39721E-02
  227    0.39424E-02
  228    0.39130E-02
  229    0.38838E-02
  230    0.38550E-02
  231    0.38263E-02
  232    0.37980E-02
  233    0.37699E-02
  234    0.37421E-02
  235    0.37145E-02
  236    0.36872E-02
  237    0.36601E-02
  238    0.36333E-02
  239    0.36067E-02
  240    0.35803E-02
  241    0.35542E-02
  242    0.35283E-02
  243    0.35027E-02
  244    0.34773E-02
  245    0.34521E-02
  246    0.34271E-02
  247    0.34024E-02
  248    0.33778E-02
  249    0.33535E-02
  250    0.33294E-02
  251    0.33055E-02
  252    0.32819E-02
  253    0.32584E-02
  254    0.32351E-02
  255    0.32120E-02
  256    0.31892E-02
  257    0.31665E-02
  258    0.31440E-02
  259    0.31217E-02
  260    0.30996E-02
  261    0.30777E-02
  262    0.30559E-02
  263    0.30344E-02
  264    0.30130E-02
  265    0.29918E-02
  266    0.29708E-02
  267    0.29500E-02
  268    0.29293E-02
  269    0.29088E-02
  270    0.28885E-02
  271    0.28684E-02
  272    0.28484E-02
  273    0.28285E-02
  274    0.28089E-02
  275    0.27894E-02
  276    0.27700E-02
  277    0.27509E-02
  278    0.27318E-02
  279    0.27129E-02
  280    0.26942E-02
  281    0.26756E-02
  282    0.26572E-02
  283    0.26389E-02
  284    0.26208E-02
  285    0.26028E-02
  286    0.25850E-02
  287    0.25673E-02
  288    0.25497E-02
  289    0.25323E-02
  290    0.25150E-02
  291    0.24978E-02
  292    0.24808E-02
  293    0.24639E-02
  294    0.24472E-02
  295    0.24305E-02
  296    0.24140E-02
  297    0.23977E-02
  298    0.23814E-02
  299    0.23653E-02
  300    0.23493E-02
  301    0.23334E-02
  302    0.23177E-02
  303    0.23021E-02
  304    0.22865E-02
  305    0.22712E-02
  306    0.22559E-02
  307    0.22407E-02
  308    0.22257E-02
  309    0.22107E-02
  310    0.21959E-02
  311    0.21812E-02
  312    0.21666E-02
  313    0.21521E-02
  314    0.21377E-02
  315    0.21234E-02
  316    0.21093E-02
  317    0.20952E-02
  318    0.20812E-02
  319    0.20674E-02
  320    0.20536E-02
  321    0.20399E-02
  322    0.20264E-02
  323    0.20129E-02
  324    0.19996E-02
  325    0.19863E-02
  326    0.19731E-02
  327    0.19601E-02
  328    0.19471E-02
  329    0.19342E-02
  330    0.19214E-02
  331    0.19087E-02
  332    0.18961E-02
  333    0.18836E-02
  334    0.18712E-02
  335    0.18588E-02
  336    0.18466E-02
  337    0.18344E-02
  338    0.18223E-02
  339    0.18103E-02
  340    0.17984E-02
  341    0.17866E-02
  342    0.17749E-02
  343    0.17632E-02
  344    0.17516E-02
  345    0.17401E-02
  346    0.17287E-02
  347    0.17174E-02
  348    0.17062E-02
  349    0.16950E-02
  350    0.16839E-02
  351    0.16729E-02
  352    0.16619E-02
  353    0.16511E-02
  354    0.16403E-02
  355    0.16296E-02
  356    0.16189E-02
  357    0.16084E-02
  358    0.15979E-02
  359    0.15874E-02
  360    0.15771E-02
  361    0.15668E-02
  362    0.15566E-02
  363    0.15465E-02
  364    0.15364E-02
  365    0.15264E-02
  366    0.15165E-02
  367    0.15066E-02
  368    0.14968E-02
  369    0.14871E-02
  370    0.14774E-02
  371    0.14678E-02
  372    0.14583E-02
  373    0.14488E-02
  374    0.14394E-02
  375    0.14301E-02
  376    0.14208E-02
  377    0.14116E-02
  378    0.14025E-02
  379    0.13934E-02
  380    0.13843E-02
  381    0.13754E-02
  382    0.13665E-02
  383    0.13576E-02
  384    0.13488E-02
  385    0.13401E-02
  386    0.13314E-02
  387    0.13228E-02
  388    0.13143E-02
  389    0.13058E-02
  390    0.12973E-02
  391    0.12889E-02
  392    0.12806E-02
  393    0.12723E-02
  394    0.12641E-02
  395    0.12560E-02
  396    0.12478E-02
  397    0.12398E-02
  398    0.12318E-02
  399    0.12238E-02
  400    0.12159E-02
  401    0.12081E-02
  402    0.12003E-02
  403    0.11926E-02
  404    0.11849E-02
  405    0.11772E-02
  406    0.11696E-02
  407    0.11621E-02
  408    0.11546E-02
  409    0.11472E-02
  410    0.11398E-02
  411    0.11324E-02
  412    0.11251E-02
  413    0.11179E-02
  414    0.11107E-02
  415    0.11035E-02
  416    0.10964E-02
  417    0.10894E-02
  418    0.10824E-02
  419    0.10754E-02
  420    0.10685E-02
  421    0.10616E-02
  422    0.10548E-02
  423    0.10480E-02
  424    0.10412E-02
  425    0.10346E-02
  426    0.10279E-02
  427    0.10213E-02
  428    0.10147E-02
  429    0.10082E-02
  430    0.10017E-02
  431    0.99527E-03
  432    0.98887E-03
  433    0.98251E-03
  434    0.97620E-03
  435    0.96992E-03
  436    0.96369E-03
  437    0.95749E-03
  438    0.95134E-03
  439    0.94522E-03
  440    0.93915E-03
  441    0.93312E-03
  442    0.92712E-03
  443    0.92116E-03
  444    0.91524E-03
  445    0.90936E-03
  446    0.90352E-03
  447    0.89772E-03
  448    0.89195E-03
  449    0.88622E-03
  450    0.88053E-03
  451    0.87487E-03
  452    0.86925E-03
  453    0.86367E-03
  454    0.85812E-03
  455    0.85261E-03
  456    0.84713E-03
  457    0.84169E-03
  458    0.83629E-03
  459    0.83092E-03
  460    0.82558E-03
  461    0.82028E-03
  462    0.81501E-03
  463    0.80978E-03
  464    0.80458E-03
  465    0.79941E-03
  466    0.79428E-03
  467    0.78918E-03
  468    0.78411E-03
  469    0.77907E-03
  470    0.77407E-03
  471    0.76910E-03
  472    0.76416E-03
  473    0.75926E-03
  474    0.75438E-03
  475    0.74954E-03
  476    0.74472E-03
  477    0.73994E-03
  478    0.73519E-03
  479    0.73047E-03
  480    0.72578E-03
  481    0.72112E-03
  482    0.71649E-03
  483    0.71188E-03
  484    0.70731E-03
  485    0.70277E-03
  486    0.69826E-03
  487    0.69377E-03
  488    0.68932E-03
  489    0.68489E-03
  490    0.68049E-03
  491    0.67612E-03
  492    0.67178E-03
  493    0.66747E-03
  494    0.66318E-03
  495    0.65892E-03
  496    0.65469E-03
  497    0.65048E-03
  498    0.64630E-03
  499    0.64215E-03
  500    0.63803E-03
  501    0.63393E-03
  502    0.62986E-03
  503    0.62581E-03
  504    0.62179E-03
  505    0.61780E-03
  506    0.61383E-03
  507    0.60988E-03
  508    0.60596E-03
  509    0.60207E-03
  510    0.59820E-03
  511    0.59436E-03
  512    0.59054E-03
  513    0.58675E-03
  514    0.58298E-03
  515    0.57923E-03
  516    0.57551E-03
  517    0.57181E-03
  518    0.56813E-03
  519    0.56448E-03
  520    0.56085E-03
  521    0.55725E-03
  522    0.55367E-03
  523    0.55011E-03
  524    0.54657E-03
  525    0.54306E-03
  526    0.53957E-03
  527    0.53610E-03
  528    0.53265E-03
  529    0.52923E-03
  530    0.52583E-03
  531    0.52245E-03
  532    0.51909E-03
  533    0.51575E-03
  534    0.51243E-03
  535    0.50914E-03
  536    0.50586E-03
  537    0.50261E-03
  538    0.49938E-03
  539    0.49617E-03
  540    0.49298E-03
  541    0.48980E-03
  542    0.48665E-03
  543    0.48352E-03
  544    0.48041E-03
  545    0.47732E-03
  546    0.47425E-03
  547    0.47120E-03
  548    0.46817E-03
  549    0.46516E-03
  550    0.46216E-03
  551    0.45919E-03
  552    0.45624E-03
  553    0.45330E-03
  554    0.45038E-03
  555    0.44748E-03
  556    0.44461E-03
  557    0.44174E-03
  558    0.43890E-03
  559    0.43608E-03
  560    0.43327E-03
  561    0.43048E-03
  562    0.42771E-03
  563    0.42496E-03
  564    0.42222E-03
  565    0.41950E-03
  566    0.41680E-03
  567    0.41412E-03
  568    0.41145E-03
  569    0.40880E-03
  570    0.40617E-03
  571    0.40355E-03
  572    0.40095E-03
  573    0.39837E-03
  574    0.39581E-03
  575    0.39326E-03
  576    0.39072E-03
  577    0.38821E-03
  578    0.38571E-03
  579    0.38322E-03
  580    0.38075E-03
  581    0.37830E-03
  582    0.37586E-03
  583    0.37344E-03
  584    0.37104E-03
  585    0.36865E-03
  586    0.36627E-03
  587    0.36391E-03
  588    0.36156E-03
  589    0.35923E-03
  590    0.35692E-03
  591    0.35462E-03
  592    0.35233E-03
  593    0.35006E-03
  594    0.34781E-03
  595    0.34556E-03
  596    0.34334E-03
  597    0.34112E-03
  598    0.33892E-03
  599    0.33674E-03
  600    0.33457E-03
  601    0.33241E-03
  602    0.33027E-03
  603    0.32814E-03
  604    0.32602E-03
  605    0.32392E-03
  606    0.32183E-03
  607    0.31976E-03
  608    0.31769E-03
  609    0.31564E-03
  610    0.31361E-03
  611    0.31159E-03
  612    0.30958E-03
  613    0.30758E-03
  614    0.30560E-03
  615    0.30362E-03
  616    0.30167E-03
  617    0.29972E-03
  618    0.29779E-03
  619    0.29586E-03
  620    0.29396E-03
  621    0.29206E-03
  622    0.29017E-03
  623    0.28830E-03
  624    0.28644E-03
  625    0.28459E-03
  626    0.28276E-03
  627    0.28093E-03
  628    0.27912E-03
  629    0.27732E-03
  630    0.27553E-03
  631    0.27375E-03
  632    0.27198E-03
  633    0.27022E-03
  634    0.26848E-03
  635    0.26675E-03
  636    0.26502E-03
  637    0.26331E-03
  638    0.26161E-03
  639    0.25992E-03
  640    0.25825E-03
  641    0.25658E-03
  642    0.25492E-03
  643    0.25328E-03
  644    0.25164E-03
  645    0.25001E-03
  646    0.24840E-03
  647    0.24680E-03
  648    0.24520E-03
  649    0.24362E-03
  650    0.24204E-03
  651    0.24048E-03
  652    0.23893E-03
  653    0.23738E-03
  654    0.23585E-03
  655    0.23433E-03
  656    0.23281E-03
  657    0.23131E-03
  658    0.22981E-03
  659    0.22833E-03
  660    0.22685E-03
  661    0.22539E-03
  662    0.22393E-03
  663    0.22248E-03
  664    0.22105E-03
  665    0.21962E-03
  666    0.21820E-03
  667    0.21679E-03
  668    0.21539E-03
  669    0.21400E-03
  670    0.21261E-03
  671    0.21124E-03
  672    0.20987E-03
  673    0.20852E-03
  674    0.20717E-03
  675    0.20583E-03
  676    0.20450E-03
  677    0.20318E-03
  678    0.20186E-03
  679    0.20056E-03
  680    0.19926E-03
  681    0.19797E-03
  682    0.19669E-03
  683    0.19542E-03
  684    0.19416E-03
  685    0.19290E-03
  686    0.19165E-03
  687    0.19041E-03
  688    0.18918E-03
  689    0.18796E-03
  690    0.18674E-03
  691    0.18554E-03
  692    0.18434E-03
  693    0.18314E-03
  694    0.18196E-03
  695    0.18078E-03
  696    0.17961E-03
  697    0.17845E-03
  698    0.17730E-03
  699    0.17615E-03
  700    0.17501E-03
  701    0.17388E-03
  702    0.17275E-03
  703    0.17163E-03
  704    0.17052E-03
  705    0.16942E-03
  706    0.16832E-03
  707    0.16724E-03
  708    0.16615E-03
  709    0.16508E-03
  710    0.16401E-03
  711    0.16295E-03
  712    0.16189E-03
  713    0.16085E-03
  714    0.15981E-03
  715    0.15877E-03
  716    0.15774E-03
  717    0.15672E-03
  718    0.15571E-03
  719    0.15470E-03
  720    0.15370E-03
  721    0.15270E-03
  722    0.15172E-03
  723    0.15073E-03
  724    0.14976E-03
  725    0.14879E-03
  726    0.14783E-03
  727    0.14687E-03
  728    0.14592E-03
  729    0.14497E-03
  730    0.14403E-03
  731    0.14310E-03
  732    0.14217E-03
  733    0.14125E-03
  734    0.14034E-03
  735    0.13943E-03
  736    0.13853E-03
  737    0.13763E-03
  738    0.13674E-03
  739    0.13585E-03
  740    0.13497E-03
  741    0.13410E-03
  742    0.13323E-03
  743    0.13237E-03
  744    0.13151E-03
  745    0.13066E-03
  746    0.12981E-03
  747    0.12897E-03
  748    0.12814E-03
  749    0.12731E-03
  750    0.12648E-03
  751    0.12566E-03
  752    0.12485E-03
  753    0.12404E-03
  754    0.12324E-03
  755    0.12244E-03
  756    0.12165E-03
  757    0.12086E-03
  758    0.12008E-03
  759    0.11930E-03
  760    0.11852E-03
  761    0.11776E-03
  762    0.11699E-03
  763    0.11624E-03
  764    0.11548E-03
  765    0.11473E-03
  766    0.11399E-03
  767    0.11325E-03
  768    0.11252E-03
  769    0.11179E-03
  770    0.11106E-03
  771    0.11035E-03
  772    0.10963E-03
  773    0.10892E-03
  774    0.10821E-03
  775    0.10751E-03
  776    0.10682E-03
  777    0.10612E-03
  778    0.10544E-03
  779    0.10475E-03
  780    0.10407E-03
  781    0.10340E-03
  782    0.10273E-03
  783    0.10206E-03
  784    0.10140E-03
  785    0.10074E-03
  786    0.10009E-03
  787    0.99442E-04
  788    0.98798E-04
  789    0.98157E-04
  790    0.97521E-04
  791    0.96889E-04
  792    0.96261E-04
  793    0.95637E-04
  794    0.95017E-04
  795    0.94401E-04
  796    0.93789E-04
  797    0.93181E-04
  798    0.92577E-04
  799    0.91976E-04
  800    0.91380E-04
  801    0.90788E-04
  802    0.90199E-04
  803    0.89614E-04
  804    0.89033E-04
  805    0.88456E-04
  806    0.87882E-04
  807    0.87313E-04
  808    0.86746E-04
  809    0.86184E-04
  810    0.85625E-04
  811    0.85070E-04
  812    0.84518E-04
  813    0.83970E-04
  814    0.83426E-04
  815    0.82885E-04
  816    0.82347E-04
  817    0.81813E-04
  818    0.81282E-04
  819    0.80755E-04
  820    0.80232E-04
  821    0.79711E-04
  822    0.79194E-04
  823    0.78681E-04
  824    0.78170E-04
  825    0.77663E-04
  826    0.77160E-04
  827    0.76659E-04
  828    0.76162E-04
  829    0.75668E-04
  830    0.75177E-04
  831    0.74690E-04
  832    0.74205E-04
  833    0.73724E-04
  834    0.73246E-04
  835    0.72770E-04
  836    0.72298E-04
  837    0.71829E-04
  838    0.71363E-04
  839    0.70901E-04
  840    0.70441E-04
  841    0.69984E-04
  842    0.69530E-04
  843    0.69079E-04
  844    0.68630E-04
  845    0.68185E-04
  846    0.67743E-04
  847    0.67303E-04
  848    0.66867E-04
  849    0.66433E-04
  850    0.66002E-04
  851    0.65574E-04
  852    0.65148E-04
  853    0.64726E-04
  854    0.64306E-04
  855    0.63888E-04
  856    0.63474E-04
  857    0.63062E-04
  858    0.62653E-04
  859    0.62246E-04
  860    0.61842E-04
  861    0.61441E-04
  862    0.61042E-04
  863    0.60646E-04
  864    0.60253E-04
  865    0.59862E-04
  866    0.59473E-04
  867    0.59087E-04
  868    0.58704E-04
  869    0.58323E-04
  870    0.57945E-04
  871    0.57569E-04
  872    0.57195E-04
  873    0.56824E-04
  874    0.56455E-04
  875    0.56089E-04
  876    0.55725E-04
  877    0.55363E-04
  878    0.55004E-04
  879    0.54647E-04
  880    0.54292E-04
  881    0.53940E-04
  882    0.53590E-04
  883    0.53242E-04
  884    0.52896E-04
  885    0.52553E-04
  886    0.52212E-04
  887    0.51873E-04
  888    0.51536E-04
  889    0.51202E-04
  890    0.50870E-04
  891    0.50539E-04
  892    0.50211E-04
  893    0.49885E-04
  894    0.49562E-04
  895    0.49240E-04
  896    0.48920E-04
  897    0.48603E-04
  898    0.48287E-04
  899    0.47974E-04
  900    0.47662E-04
  901    0.47353E-04
  902    0.47046E-04
  903    0.46740E-04
  904    0.46437E-04
  905    0.46135E-04
  906    0.45836E-04
  907    0.45538E-04
  908    0.45243E-04
  909    0.44949E-04
  910    0.44657E-04
  911    0.44367E-04
  912    0.44079E-04
  913    0.43793E-04
  914    0.43509E-04
  915    0.43226E-04
  916    0.42946E-04
  917    0.42667E-04
  918    0.42390E-04
  919    0.42115E-04
  920    0.41841E-04
  921    0.41570E-04
  922    0.41300E-04
  923    0.41032E-04
  924    0.40765E-04
  925    0.40501E-04
  926    0.40238E-04
  927    0.39976E-04
  928    0.39717E-04
  929    0.39459E-04
  930    0.39203E-04
  931    0.38948E-04
  932    0.38695E-04
  933    0.38444E-04
  934    0.38195E-04
  935    0.37947E-04
  936    0.37700E-04
  937    0.37455E-04
  938    0.37212E-04
  939    0.36971E-04
  940    0.36731E-04
  941    0.36492E-04
  942    0.36255E-04
  943    0.36020E-04
  944    0.35786E-04
  945    0.35553E-04
  946    0.35323E-04
  947    0.35093E-04
  948    0.34865E-04
  949    0.34639E-04
  950    0.34414E-04
  951    0.34190E-04
  952    0.33968E-04
  953    0.33748E-04
  954    0.33529E-04
  955    0.33311E-04
  956    0.33095E-04
  957    0.32880E-04
  958    0.32666E-04
  959    0.32454E-04
  960    0.32243E-04
  961    0.32034E-04
  962    0.31826E-04
  963    0.31619E-04
  964    0.31414E-04
  965    0.31210E-04
  966    0.31007E-04
  967    0.30806E-04
  968    0.30606E-04
  969    0.30407E-04
  970    0.30210E-04
  971    0.30013E-04
  972    0.29818E-04
  973    0.29625E-04
  974    0.29432E-04
  975    0.29241E-04
  976    0.29051E-04
  977    0.28863E-04
  978    0.28675E-04
  979    0.28489E-04
  980    0.28304E-04
  981    0.28120E-04
  982    0.27937E-04
  983    0.27756E-04
  984    0.27576E-04
  985    0.27397E-04
  986    0.27219E-04
  987    0.27042E-04
  988    0.26866E-04
  989    0.26692E-04
  990    0.26518E-04
  991    0.26346E-04
  992    0.26175E-04
  993    0.26005E-04
  994    0.25836E-04
  995    0.25668E-04
  996    0.25502E-04
  997    0.25336E-04
  998    0.25171E-04
  999    0.25008E-04
 1000    0.24845E-04
 1001    0.24684E-04
 1002    0.24524E-04
 1003    0.24364E-04
 1004    0.24206E-04
 1005    0.24049E-04
 1006    0.23893E-04
 1007    0.23738E-04
 1008    0.23583E-04
 1009    0.23430E-04
 1010    0.23278E-04
 1011    0.23127E-04
 1012    0.22977E-04
 1013    0.22827E-04
 1014    0.22679E-04
 1015    0.22532E-04
 1016    0.22385E-04
 1017    0.22240E-04
 1018    0.22095E-04
 1019    0.21952E-04
 1020    0.21809E-04
 1021    0.21668E-04
 1022    0.21527E-04
 1023    0.21387E-04
 1024    0.21248E-04
 1025    0.21110E-04
 1026    0.20973E-04
 1027    0.20837E-04
 1028    0.20701E-04
 1029    0.20567E-04
 1030    0.20433E-04
 1031    0.20301E-04
 1032    0.20169E-04
 1033    0.20038E-04
 1034    0.19907E-04
 1035    0.19778E-04
 1036    0.19650E-04
 1037    0.19522E-04
 1038    0.19395E-04
 1039    0.19269E-04
 1040    0.19144E-04
 1041    0.19020E-04
 1042    0.18896E-04
 1043    0.18773E-04
 1044    0.18651E-04
 1045    0.18530E-04
 1046    0.18410E-04
 1047    0.18290E-04
 1048    0.18171E-04
 1049    0.18053E-04
 1050    0.17936E-04
 1051    0.17820E-04
 1052    0.17704E-04
 1053    0.17589E-04
 1054    0.17474E-04
 1055    0.17361E-04
 1056    0.17248E-04
 1057    0.17136E-04
 1058    0.17025E-04
 1059    0.16914E-04
 1060    0.16804E-04
 1061    0.16695E-04
 1062    0.16587E-04
 1063    0.16479E-04
 1064    0.16372E-04
 1065    0.16265E-04
 1066    0.16160E-04
 1067    0.16055E-04
 1068    0.15950E-04
 1069    0.15847E-04
 1070    0.15744E-04
 1071    0.15642E-04
 1072    0.15540E-04
 1073    0.15439E-04
 1074    0.15339E-04
 1075    0.15239E-04
 1076    0.15140E-04
 1077    0.15042E-04
 1078    0.14944E-04
 1079    0.14847E-04
 1080    0.14750E-04
 1081    0.14655E-04
 1082    0.14559E-04
 1083    0.14465E-04
 1084    0.14371E-04
 1085    0.14277E-04
 1086    0.14185E-04
 1087    0.14092E-04
 1088    0.14001E-04
 1089    0.13910E-04
 1090    0.13820E-04
 1091    0.13730E-04
 1092    0.13641E-04
 1093    0.13552E-04
 1094    0.13464E-04
 1095    0.13376E-04
 1096    0.13289E-04
 1097    0.13203E-04
 1098    0.13117E-04
 1099    0.13032E-04
 1100    0.12947E-04
 1101    0.12863E-04
 1102    0.12780E-04
 1103    0.12697E-04
 1104    0.12614E-04
 1105    0.12532E-04
 1106    0.12451E-04
 1107    0.12370E-04
 1108    0.12289E-04
 1109    0.12210E-04
 1110    0.12130E-04
 1111    0.12051E-04
 1112    0.11973E-04
 1113    0.11895E-04
 1114    0.11818E-04
 1115    0.11741E-04
 1116    0.11665E-04
 1117    0.11589E-04
 1118    0.11514E-04
 1119    0.11439E-04
 1120    0.11365E-04
 1121    0.11291E-04
 1122    0.11218E-04
 1123    0.11145E-04
 1124    0.11072E-04
 1125    0.11000E-04
 1126    0.10929E-04
 1127    0.10858E-04
 1128    0.10787E-04
 1129    0.10717E-04
 1130    0.10647E-04
 1131    0.10578E-04
 1132    0.10510E-04
 1133    0.10441E-04
 1134    0.10373E-04
 1135    0.10306E-04
 1136    0.10239E-04
 1137    0.10173E-04
 1138    0.10106E-04
 1139    0.10041E-04
 1140    0.99755E-05
 1141    0.99107E-05
 1142    0.98463E-05
 1143    0.97823E-05
 1144    0.97187E-05
 1145    0.96556E-05
 1146    0.95928E-05
 1147    0.95305E-05
 1148    0.94686E-05
 1149    0.94070E-05
 1150    0.93459E-05
 1151    0.92852E-05
 1152    0.92248E-05
 1153    0.91649E-05
 1154    0.91053E-05
 1155    0.90462E-05
 1156    0.89874E-05
 1157    0.89290E-05
 1158    0.88710E-05
 1159    0.88133E-05
 1160    0.87560E-05
 1161    0.86991E-05
 1162    0.86426E-05
 1163    0.85864E-05
 1164    0.85306E-05
 1165    0.84752E-05
 1166    0.84201E-05
 1167    0.83654E-05
 1168    0.83111E-05
 1169    0.82570E-05
 1170    0.82034E-05
 1171    0.81501E-05
 1172    0.80971E-05
 1173    0.80445E-05
 1174    0.79922E-05
 1175    0.79403E-05
 1176    0.78887E-05
 1177    0.78374E-05
 1178    0.77865E-05
 1179    0.77359E-05
 1180    0.76856E-05
 1181    0.76357E-05
 1182    0.75860E-05
 1183    0.75367E-05
 1184    0.74878E-05
 1185    0.74391E-05
 1186    0.73908E-05
 1187    0.73427E-05
 1188    0.72950E-05
 1189    0.72476E-05
 1190    0.72005E-05
 1191    0.71537E-05
 1192    0.71072E-05
 1193    0.70610E-05
 1194    0.70152E-05
 1195    0.69696E-05
 1196    0.69243E-05
 1197    0.68793E-05
 1198    0.68346E-05
 1199    0.67902E-05
 1200    0.67460E-05
 1201    0.67022E-05
 1202    0.66586E-05
 1203    0.66154E-05
 1204    0.65724E-05
 1205    0.65297E-05
 1206    0.64872E-05
 1207    0.64451E-05
 1208    0.64032E-05
 1209    0.63616E-05
 1210    0.63202E-05
 1211    0.62791E-05
 1212    0.62383E-05
 1213    0.61978E-05
 1214    0.61575E-05
 1215    0.61175E-05
 1216    0.60777E-05
 1217    0.60382E-05
 1218    0.59990E-05
 1219    0.59600E-05
 1220    0.59213E-05
 1221    0.58828E-05
 1222    0.58446E-05
 1223    0.58066E-05
 1224    0.57689E-05
 1225    0.57314E-05
 1226    0.56941E-05
 1227    0.56571E-05
 1228    0.56203E-05
 1229    0.55838E-05
 1230    0.55475E-05
 1231    0.55115E-05
 1232    0.54757E-05
 1233    0.54401E-05
 1234    0.54047E-05
 1235    0.53696E-05
 1236    0.53347E-05
 1237    0.53000E-05
 1238    0.52656E-05
 1239    0.52314E-05
 1240    0.51974E-05
 1241    0.51636E-05
 1242    0.51300E-05
 1243    0.50967E-05
 1244    0.50636E-05
 1245    0.50307E-05
 1246    0.49980E-05
 1247    0.49655E-05
 1248    0.49332E-05
 1249    0.49011E-05
 1250    0.48693E-05
 1251    0.48376E-05
 1252    0.48062E-05
 1253    0.47750E-05
 1254    0.47439E-05
 1255    0.47131E-05
 1256    0.46825E-05
 1257    0.46520E-05
 1258    0.46218E-05
 1259    0.45918E-05
 1260    0.45619E-05
 1261    0.45323E-05
 1262    0.45028E-05
 1263    0.44736E-05
 1264    0.44445E-05
 1265    0.44156E-05
 1266    0.43869E-05
 1267    0.43584E-05
 1268    0.43301E-05
 1269    0.43019E-05
 1270    0.42740E-05
 1271    0.42462E-05
 1272    0.42186E-05
 1273    0.41912E-05
 1274    0.41639E-05
 1275    0.41369E-05
 1276    0.41100E-05
 1277    0.40833E-05
 1278    0.40567E-05
 1279    0.40304E-05
 1280    0.40042E-05
 1281    0.39782E-05
 1282    0.39523E-05
 1283    0.39266E-05
 1284    0.39011E-05
 1285    0.38757E-05
 1286    0.38505E-05
 1287    0.38255E-05
 1288    0.38007E-05
 1289    0.37760E-05
 1290    0.37514E-05
 1291    0.37270E-05
 1292    0.37028E-05
 1293    0.36787E-05
 1294    0.36548E-05
 1295    0.36311E-05
 1296    0.36075E-05
 1297    0.35840E-05
 1298    0.35607E-05
 1299    0.35376E-05
 1300    0.35146E-05
 1301    0.34918E-05
 1302    0.34691E-05
 1303    0.34465E-05
 1304    0.34241E-05
 1305    0.34019E-05
 1306    0.33798E-05
 1307    0.33578E-05
 1308    0.33360E-05
 1309    0.33143E-05
 1310    0.32927E-05
 1311    0.32713E-05
 1312    0.32501E-05
 1313    0.32290E-05
 1314    0.32080E-05
 1315    0.31871E-05
 1316    0.31664E-05
 1317    0.31458E-05
 1318    0.31254E-05
 1319    0.31051E-05
 1320    0.30849E-05
 1321    0.30648E-05
 1322    0.30449E-05
 1323    0.30251E-05
 1324    0.30055E-05
 1325    0.29859E-05
 1326    0.29665E-05
 1327    0.29473E-05
 1328    0.29281E-05
 1329    0.29091E-05
 1330    0.28902E-05
 1331    0.28714E-05
 1332    0.28527E-05
 1333    0.28342E-05
 1334    0.28158E-05
 1335    0.27974E-05
 1336    0.27793E-05
 1337    0.27612E-05
 1338    0.27433E-05
 1339    0.27254E-05
 1340    0.27077E-05
 1341    0.26901E-05
 1342    0.26726E-05
 1343    0.26553E-05
 1344    0.26380E-05
 1345    0.26209E-05
 1346    0.26038E-05
 1347    0.25869E-05
 1348    0.25701E-05
 1349    0.25534E-05
 1350    0.25368E-05
 1351    0.25203E-05
 1352    0.25039E-05
 1353    0.24876E-05
 1354    0.24715E-05
 1355    0.24554E-05
 1356    0.24395E-05
 1357    0.24236E-05
 1358    0.24078E-05
 1359    0.23922E-05
 1360    0.23766E-05
 1361    0.23612E-05
 1362    0.23459E-05
 1363    0.23306E-05
 1364    0.23155E-05
 1365    0.23004E-05
 1366    0.22855E-05
 1367    0.22706E-05
 1368    0.22558E-05
 1369    0.22412E-05
 1370    0.22266E-05
 1371    0.22121E-05
 1372    0.21978E-05
 1373    0.21835E-05
 1374    0.21693E-05
 1375    0.21552E-05
 1376    0.21412E-05
 1377    0.21273E-05
 1378    0.21134E-05
 1379    0.20997E-05
 1380    0.20861E-05
 1381    0.20725E-05
 1382    0.20590E-05
 1383    0.20456E-05
 1384    0.20324E-05
 1385    0.20191E-05
 1386    0.20060E-05
 1387    0.19930E-05
 1388    0.19800E-05
 1389    0.19672E-05
 1390    0.19544E-05
 1391    0.19417E-05
 1392    0.19290E-05
 1393    0.19165E-05
 1394    0.19041E-05
 1395    0.18917E-05
 1396    0.18794E-05
 1397    0.18672E-05
 1398    0.18550E-05
 1399    0.18430E-05
 1400    0.18310E-05
 1401    0.18191E-05
 1402    0.18073E-05
 1403    0.17955E-05
 1404    0.17839E-05
 1405    0.17723E-05
 1406    0.17607E-05
 1407    0.17493E-05
 1408    0.17379E-05
 1409    0.17266E-05
 1410    0.17154E-05
 1411    0.17043E-05
 1412    0.16932E-05
 1413    0.16822E-05
 1414    0.16712E-05
 1415    0.16604E-05
 1416    0.16496E-05
 1417    0.16389E-05
 1418    0.16282E-05
 1419    0.16176E-05
 1420    0.16071E-05
 1421    0.15967E-05
 1422    0.15863E-05
 1423    0.15760E-05
 1424    0.15657E-05
 1425    0.15556E-05
 1426    0.15455E-05
 1427    0.15354E-05
 1428    0.15254E-05
 1429    0.15155E-05
 1430    0.15057E-05
 1431    0.14959E-05
 1432    0.14862E-05
 1433    0.14765E-05
 1434    0.14669E-05
 1435    0.14574E-05
 1436    0.14479E-05
 1437    0.14385E-05
 1438    0.14291E-05
 1439    0.14198E-05
 1440    0.14106E-05
 1441    0.14014E-05
 1442    0.13923E-05
 1443    0.13833E-05
 1444    0.13743E-05
 1445    0.13654E-05
 1446    0.13565E-05
 1447    0.13477E-05
 1448    0.13389E-05
 1449    0.13302E-05
 1450    0.13216E-05
 1451    0.13130E-05
 1452    0.13044E-05
 1453    0.12960E-05
 1454    0.12875E-05
 1455    0.12792E-05
 1456    0.12709E-05
 1457    0.12626E-05
 1458    0.12544E-05
 1459    0.12462E-05
 1460    0.12381E-05
 1461    0.12301E-05
 1462    0.12221E-05
 1463    0.12142E-05
 1464    0.12063E-05
 1465    0.11984E-05
 1466    0.11906E-05
 1467    0.11829E-05
 1468    0.11752E-05
 1469    0.11676E-05
 1470    0.11600E-05
 1471    0.11524E-05
 1472    0.11449E-05
 1473    0.11375E-05
 1474    0.11301E-05
 1475    0.11228E-05
 1476    0.11155E-05
 1477    0.11082E-05
 1478    0.11010E-05
 1479    0.10939E-05
 1480    0.10867E-05
 1481    0.10797E-05
 1482    0.10727E-05
 1483    0.10657E-05
 1484    0.10588E-05
 1485    0.10519E-05
 1486    0.10450E-05
 1487    0.10383E-05
 1488    0.10315E-05
 1489    0.10248E-05
 1490    0.10181E-05
 1491    0.10115E-05
 1492    0.10049E-05
 1493    0.99842E-06
 1494    0.99193E-06
 1495    0.98548E-06
 1496    0.97908E-06
 1497    0.97271E-06
 1498    0.96639E-06
 1499    0.96011E-06
 1500    0.95387E-06
 1501    0.94767E-06
 1502    0.94151E-06
 1503    0.93539E-06
 1504    0.92931E-06
 1505    0.92327E-06
 1506    0.91727E-06
 1507    0.91131E-06
 1508    0.90538E-06
 1509    0.89950E-06
 1510    0.89365E-06
 1511    0.88784E-06
 1512    0.88207E-06
 1513    0.87634E-06
 1514    0.87064E-06
 1515    0.86498E-06
 1516    0.85936E-06
 1517    0.85378E-06
 1518    0.84823E-06
 1519    0.84271E-06
 1520    0.83724E-06
 1521    0.83179E-06
 1522    0.82639E-06
 1523    0.82102E-06
 1524    0.81568E-06
 1525    0.81038E-06
 1526    0.80511E-06
 1527    0.79988E-06
 1528    0.79468E-06
 1529    0.78951E-06
 1530    0.78438E-06
 1531    0.77928E-06
 1532    0.77422E-06
 1533    0.76919E-06
 1534    0.76419E-06
 1535    0.75922E-06
 1536    0.75428E-06
 1537    0.74938E-06
 1538    0.74451E-06
 1539    0.73967E-06
 1540    0.73486E-06
 1541    0.73009E-06
 1542    0.72534E-06
 1543    0.72063E-06
 1544    0.71594E-06
 1545    0.71129E-06
 1546    0.70667E-06
 1547    0.70207E-06
 1548    0.69751E-06
 1549    0.69298E-06
 1550    0.68847E-06
 1551    0.68400E-06
 1552    0.67955E-06
 1553    0.67513E-06
 1554    0.67075E-06
 1555    0.66639E-06
 1556    0.66206E-06
 1557    0.65775E-06
 1558    0.65348E-06
 1559    0.64923E-06
 1560    0.64501E-06
 1561    0.64082E-06
 1562    0.63665E-06
 1563    0.63251E-06
 1564    0.62840E-06
 1565    0.62432E-06
 1566    0.62026E-06
 1567    0.61623E-06
 1568    0.61222E-06
 1569    0.60824E-06
 1570    0.60429E-06
 1571    0.60036E-06
 1572    0.59646E-06
 1573    0.59258E-06
 1574    0.58873E-06
 1575    0.58490E-06
 1576    0.58110E-06
 1577    0.57733E-06
 1578    0.57357E-06
 1579    0.56985E-06
 1580    0.56614E-06
 1581    0.56246E-06
 1582    0.55881E-06
 1583    0.55517E-06
 1584    0.55157E-06
 1585    0.54798E-06
 1586    0.54442E-06
 1587    0.54088E-06
 1588    0.53736E-06
 1589    0.53387E-06
 1590    0.53040E-06
 1591    0.52695E-06
 1592    0.52353E-06
 1593    0.52013E-06
 1594    0.51675E-06
 1595    0.51339E-06
 1596    0.51005E-06
 1597    0.50673E-06
 1598    0.50344E-06
 1599    0.50017E-06
 1600    0.49692E-06
 1601    0.49369E-06
 1602    0.49048E-06
 1603    0.48729E-06
 1604    0.48412E-06
 1605    0.48098E-06
 1606    0.47785E-06
 1607    0.47474E-06
 1608    0.47166E-06
 1609    0.46859E-06
 1610    0.46555E-06
 1611    0.46252E-06
 1612    0.45951E-06
 1613    0.45653E-06
 1614    0.45356E-06
 1615    0.45061E-06
 1616    0.44768E-06
 1617    0.44477E-06
 1618    0.44188E-06
 1619    0.43901E-06
 1620    0.43616E-06
 1621    0.43332E-06
 1622    0.43051E-06
 1623    0.42771E-06
 1624    0.42493E-06
 1625    0.42217E-06
 1626    0.41942E-06
 1627    0.41670E-06
 1628    0.41399E-06
 1629    0.41130E-06
 1630    0.40862E-06
 1631    0.40597E-06
 1632    0.40333E-06
 1633    0.40071E-06
 1634    0.39810E-06
 1635    0.39551E-06
 1636    0.39294E-06
 1637    0.39039E-06
 1638    0.38785E-06
 1639    0.38533E-06
 1640    0.38283E-06
 1641    0.38034E-06
 1642    0.37787E-06
 1643    0.37541E-06
 1644    0.37297E-06
 1645    0.37055E-06
 1646    0.36814E-06
 1647    0.36574E-06
 1648    0.36337E-06
 1649    0.36100E-06
 1650    0.35866E-06
 1651    0.35633E-06
 1652    0.35401E-06
 1653    0.35171E-06
 1654    0.34942E-06
 1655    0.34715E-06
 1656    0.34490E-06
 1657    0.34265E-06
 1658    0.34043E-06
 1659    0.33821E-06
 1660    0.33602E-06
 1661    0.33383E-06
 1662    0.33166E-06
 1663    0.32951E-06
 1664    0.32736E-06
 1665    0.32524E-06
 1666    0.32312E-06
 1667    0.32102E-06
 1668    0.31894E-06
 1669    0.31686E-06
 1670    0.31480E-06
 1671    0.31276E-06
 1672    0.31072E-06
 1673    0.30870E-06
 1674    0.30670E-06
 1675    0.30470E-06
 1676    0.30272E-06
 1677    0.30076E-06
 1678    0.29880E-06
 1679    0.29686E-06
 1680    0.29493E-06
 1681    0.29301E-06
 1682    0.29111E-06
 1683    0.28922E-06
 1684    0.28734E-06
 1685    0.28547E-06
 1686    0.28361E-06
 1687    0.28177E-06
 1688    0.27994E-06
 1689    0.27812E-06
 1690    0.27631E-06
 1691    0.27451E-06
 1692    0.27273E-06
 1693    0.27096E-06
 1694    0.26920E-06
 1695    0.26745E-06
 1696    0.26571E-06
 1697    0.26398E-06
 1698    0.26227E-06
 1699    0.26056E-06
 1700    0.25887E-06
 1701    0.25718E-06
 1702    0.25551E-06
 1703    0.25385E-06
 1704    0.25220E-06
 1705    0.25056E-06
 1706    0.24893E-06
 1707    0.24732E-06
 1708    0.24571E-06
 1709    0.24411E-06
 1710    0.24252E-06
 1711    0.24095E-06
 1712    0.23938E-06
 1713    0.23783E-06
 1714    0.23628E-06
 1715    0.23474E-06
 1716    0.23322E-06
 1717    0.23170E-06
 1718    0.23020E-06
 1719    0.22870E-06
 1720    0.22721E-06
 1721    0.22574E-06
 1722    0.22427E-06
 1723    0.22281E-06
 1724    0.22136E-06
 1725    0.21993E-06
 1726    0.21850E-06
 1727    0.21708E-06
 1728    0.21566E-06
 1729    0.21426E-06
 1730    0.21287E-06
 1731    0.21149E-06
 1732    0.21011E-06
 1733    0.20875E-06
 1734    0.20739E-06
 1735    0.20604E-06
 1736    0.20470E-06
 1737    0.20337E-06
 1738    0.20205E-06
 1739    0.20074E-06
 1740    0.19943E-06
 1741    0.19814E-06
 1742    0.19685E-06
 1743    0.19557E-06
 1744    0.19430E-06
 1745    0.19303E-06
 1746    0.19178E-06
 1747    0.19053E-06
 1748    0.18929E-06
 1749    0.18806E-06
 1750    0.18684E-06
 1751    0.18563E-06
 1752    0.18442E-06
 1753    0.18322E-06
 1754    0.18203E-06
 1755    0.18085E-06
 1756    0.17967E-06
 1757    0.17850E-06
 1758    0.17734E-06
 1759    0.17619E-06
 1760    0.17505E-06
 1761    0.17391E-06
 1762    0.17278E-06
 1763    0.17165E-06
 1764    0.17054E-06
 1765    0.16943E-06
 1766    0.16833E-06
 1767    0.16724E-06
 1768    0.16615E-06
 1769    0.16507E-06
 1770    0.16400E-06
 1771    0.16293E-06
 1772    0.16187E-06
 1773    0.16082E-06
 1774    0.15977E-06
 1775    0.15873E-06
 1776    0.15770E-06
 1777    0.15668E-06
 1778    0.15566E-06
 1779    0.15465E-06
 1780    0.15364E-06
 1781    0.15264E-06
 1782    0.15165E-06
 1783    0.15067E-06
 1784    0.14969E-06
 1785    0.14871E-06
 1786    0.14775E-06
 1787    0.14679E-06
 1788    0.14583E-06
 1789    0.14488E-06
 1790    0.14394E-06
 1791    0.14301E-06
 1792    0.14208E-06
 1793    0.14115E-06
 1794    0.14024E-06
 1795    0.13933E-06
 1796    0.13842E-06
 1797    0.13752E-06
 1798    0.13663E-06
 1799    0.13574E-06
 1800    0.13486E-06
 1801    0.13398E-06
 1802    0.13311E-06
 1803    0.13224E-06
 1804    0.13138E-06
 1805    0.13053E-06
 1806    0.12968E-06
 1807    0.12884E-06
 1808    0.12800E-06
 1809    0.12717E-06
 1810    0.12634E-06
 1811    0.12552E-06
 1812    0.12471E-06
 1813    0.12389E-06
 1814    0.12309E-06
 1815    0.12229E-06
 1816    0.12149E-06
 1817    0.12070E-06
 1818    0.11992E-06
 1819    0.11914E-06
 1820    0.11837E-06
 1821    0.11760E-06
 1822    0.11683E-06
 1823    0.11607E-06
 1824    0.11532E-06
 1825    0.11457E-06
 1826    0.11382E-06
 1827    0.11308E-06
 1828    0.11235E-06
 1829    0.11162E-06
 1830    0.11089E-06
 1831    0.11017E-06
 1832    0.10946E-06
 1833    0.10875E-06
 1834    0.10804E-06
 1835    0.10734E-06
 1836    0.10664E-06
 1837    0.10595E-06
 1838    0.10526E-06
 1839    0.10457E-06
 1840    0.10389E-06
 1841    0.10322E-06
 1842    0.10255E-06
 1843    0.10188E-06
 1844    0.10122E-06
 1845    0.10056E-06
 1846    0.99906E-07
 1847    0.99257E-07
 1848    0.98612E-07
 1849    0.97971E-07
 1850    0.97334E-07
 1851    0.96701E-07
 1852    0.96073E-07
 1853    0.95448E-07
 1854    0.94828E-07
 1855    0.94212E-07
 1856    0.93599E-07
 1857    0.92991E-07
 1858    0.92386E-07
 1859    0.91786E-07
 1860    0.91189E-07
 1861    0.90597E-07
 1862    0.90008E-07
 1863    0.89423E-07
 1864    0.88841E-07
 1865    0.88264E-07
 1866    0.87690E-07
 1867    0.87120E-07
 1868    0.86554E-07
 1869    0.85991E-07
 1870    0.85432E-07
 1871    0.84877E-07
 1872    0.84325E-07
 1873    0.83777E-07
 1874    0.83233E-07
 1875    0.82692E-07
 1876    0.82154E-07
 1877    0.81620E-07
 1878    0.81090E-07
 1879    0.80563E-07
 1880    0.80039E-07
 1881    0.79519E-07
 1882    0.79002E-07
 1883    0.78488E-07
 1884    0.77978E-07
 1885    0.77471E-07
 1886    0.76968E-07
 1887    0.76468E-07
 1888    0.75971E-07
 1889    0.75477E-07
 1890    0.74986E-07
 1891    0.74499E-07
 1892    0.74015E-07
 1893    0.73533E-07
 1894    0.73056E-07
 1895    0.72581E-07
 1896    0.72109E-07
 1897    0.71640E-07
 1898    0.71175E-07
 1899    0.70712E-07
 1900    0.70252E-07
 1901    0.69796E-07
 1902    0.69342E-07
 1903    0.68891E-07
 1904    0.68443E-07
 1905    0.67999E-07
 1906    0.67557E-07
 1907    0.67118E-07
 1908    0.66681E-07
 1909    0.66248E-07
 1910    0.65817E-07
 1911    0.65389E-07
 1912    0.64964E-07
 1913    0.64542E-07
 1914    0.64123E-07
 1915    0.63706E-07
 1916    0.63292E-07
 1917    0.62880E-07
 1918    0.62472E-07
 1919    0.62066E-07
 1920    0.61662E-07
 1921    0.61261E-07
 1922    0.60863E-07
 1923    0.60468E-07
 1924    0.60075E-07
 1925    0.59684E-07
 1926    0.59296E-07
 1927    0.58911E-07
 1928    0.58528E-07
 1929    0.58147E-07
 1930    0.57769E-07
 1931    0.57394E-07
 1932    0.57021E-07
 1933    0.56650E-07
 1934    0.56282E-07
 1935    0.55916E-07
 1936    0.55553E-07
 1937    0.55192E-07
 1938    0.54833E-07
 1939    0.54476E-07
 1940    0.54122E-07
 1941    0.53771E-07
 1942    0.53421E-07
 1943    0.53074E-07
 1944    0.52729E-07
 1945    0.52386E-07
 1946    0.52046E-07
 1947    0.51707E-07
 1948    0.51371E-07
 1949    0.51037E-07
 1950    0.50706E-07
 1951    0.50376E-07
 1952    0.50049E-07
 1953    0.49723E-07
 1954    0.49400E-07
 1955    0.49079E-07
 1956    0.48760E-07
 1957    0.48443E-07
 1958    0.48128E-07
 1959    0.47815E-07
 1960    0.47505E-07
 1961    0.47196E-07
 1962    0.46889E-07
 1963    0.46584E-07
 1964    0.46281E-07
 1965    0.45981E-07
 1966    0.45682E-07
 1967    0.45385E-07
 1968    0.45090E-07
 1969    0.44797E-07
 1970    0.44506E-07
 1971    0.44216E-07
 1972    0.43929E-07
 1973    0.43643E-07
 1974    0.43360E-07
 1975    0.43078E-07
 1976    0.42798E-07
 1977    0.42520E-07
 1978    0.42243E-07
 1979    0.41969E-07
 1980    0.41696E-07
 1981    0.41425E-07
 1982    0.41156E-07
 1983    0.40888E-07
 1984    0.40622E-07
 1985    0.40358E-07
 1986    0.40096E-07
 1987    0.39835E-07
 1988    0.39576E-07
 1989    0.39319E-07
 1990    0.39064E-07
 1991    0.38810E-07
 1992    0.38557E-07
 1993    0.38307E-07
 1994    0.38058E-07
 1995    0.37810E-07
 1996    0.37565E-07
 1997    0.37321E-07
 1998    0.37078E-07
 1999    0.36837E-07
 2000    0.36597E-07
 2001    0.36360E-07
 2002    0.36123E-07
 2003    0.35888E-07
 2004    0.35655E-07
 2005    0.35423E-07
 2006    0.35193E-07
 2007    0.34964E-07
 2008    0.34737E-07
 2009    0.34511E-07
 2010    0.34287E-07
 2011    0.34064E-07
 2012    0.33843E-07
 2013    0.33623E-07
 2014    0.33404E-07
 2015    0.33187E-07
 2016    0.32971E-07
 2017    0.32757E-07
 2018    0.32544E-07
 2019    0.32333E-07
 2020    0.32123E-07
 2021    0.31914E-07
 2022    0.31706E-07
 2023    0.31500E-07
 2024    0.31295E-07
 2025    0.31092E-07
 2026    0.30890E-07
 2027    0.30689E-07
 2028    0.30490E-07
 2029    0.30291E-07
 2030    0.30095E-07
 2031    0.29899E-07
 2032    0.29705E-07
 2033    0.29512E-07
 2034    0.29320E-07
 2035    0.29129E-07
 2036    0.28940E-07
 2037    0.28752E-07
 2038    0.28565E-07
 2039    0.28379E-07
 2040    0.28195E-07
 2041    0.28011E-07
 2042    0.27829E-07
 2043    0.27648E-07
 2044    0.27469E-07
 2045    0.27290E-07
 2046    0.27113E-07
 2047    0.26937E-07
 2048    0.26762E-07
 2049    0.26588E-07
 2050    0.26415E-07
 2051    0.26243E-07
 2052    0.26072E-07
 2053    0.25903E-07
 2054    0.25735E-07
 2055    0.25567E-07
 2056    0.25401E-07
 2057    0.25236E-07
 2058    0.25072E-07
 2059    0.24909E-07
 2060    0.24747E-07
 2061    0.24586E-07
 2062    0.24427E-07
 2063    0.24268E-07
 2064    0.24110E-07
 2065    0.23953E-07
 2066    0.23798E-07
 2067    0.23643E-07
 2068    0.23489E-07
 2069    0.23337E-07
 2070    0.23185E-07
 2071    0.23034E-07
 2072    0.22884E-07
 2073    0.22736E-07
 2074    0.22588E-07
 2075    0.22441E-07
 2076    0.22295E-07
 2077    0.22150E-07
 2078    0.22006E-07
 2079    0.21863E-07
 2080    0.21721E-07
 2081    0.21580E-07
 2082    0.21440E-07
 2083    0.21300E-07
 2084    0.21162E-07
 2085    0.21024E-07
 2086    0.20888E-07
 2087    0.20752E-07
 2088    0.20617E-07
 2089    0.20483E-07
 2090    0.20350E-07
 2091    0.20218E-07
 2092    0.20086E-07
 2093    0.19956E-07
 2094    0.19826E-07
 2095    0.19697E-07
 2096    0.19569E-07
 2097    0.19442E-07
 2098    0.19316E-07
 2099    0.19190E-07
 2100    0.19065E-07
 2101    0.18941E-07
 2102    0.18818E-07
 2103    0.18696E-07
 2104    0.18574E-07
 2105    0.18454E-07
 2106    0.18334E-07
 2107    0.18215E-07
 2108    0.18096E-07
 2109    0.17978E-07
 2110    0.17862E-07
 2111    0.17746E-07
 2112    0.17630E-07
 2113    0.17516E-07
 2114    0.17402E-07
 2115    0.17289E-07
 2116    0.17176E-07
 2117    0.17065E-07
 2118    0.16954E-07
 2119    0.16844E-07
 2120    0.16734E-07
 2121    0.16625E-07
 2122    0.16517E-07
 2123    0.16410E-07
 2124    0.16303E-07
 2125    0.16197E-07
 2126    0.16092E-07
 2127    0.15987E-07
 2128    0.15883E-07
 2129    0.15780E-07
 2130    0.15678E-07
 2131    0.15576E-07
 2132    0.15474E-07
 2133    0.15374E-07
 2134    0.15274E-07
 2135    0.15175E-07
 2136    0.15076E-07
 2137    0.14978E-07
 2138    0.14881E-07
 2139    0.14784E-07
 2140    0.14688E-07
 2141    0.14592E-07
 2142    0.14498E-07
 2143    0.14403E-07
 2144    0.14310E-07
 2145    0.14217E-07
 2146    0.14124E-07
 2147    0.14032E-07
 2148    0.13941E-07
 2149    0.13851E-07
 2150    0.13761E-07
 2151    0.13671E-07
 2152    0.13582E-07
 2153    0.13494E-07
 2154    0.13406E-07
 2155    0.13319E-07
 2156    0.13233E-07
 2157    0.13147E-07
 2158    0.13061E-07
 2159    0.12976E-07
 2160    0.12892E-07
 2161    0.12808E-07
 2162    0.12725E-07
 2163    0.12642E-07
 2164    0.12560E-07
 2165    0.12478E-07
 2166    0.12397E-07
 2167    0.12317E-07
 2168    0.12237E-07
 2169    0.12157E-07
 2170    0.12078E-07
 2171    0.12000E-07
 2172    0.11922E-07
 2173    0.11844E-07
 2174    0.11767E-07
 2175    0.11691E-07
 2176    0.11615E-07
 2177    0.11539E-07
 2178    0.11464E-07
 2179    0.11390E-07
 2180    0.11316E-07
 2181    0.11242E-07
 2182    0.11169E-07
 2183    0.11096E-07
 2184    0.11024E-07
 2185    0.10953E-07
 2186    0.10881E-07
 2187    0.10811E-07
 2188    0.10740E-07
 2189    0.10671E-07
 2190    0.10601E-07
 2191    0.10532E-07
 2192    0.10464E-07
 2193    0.10396E-07
 2194    0.10328E-07
 2195    0.10261E-07
 2196    0.10194E-07
 2197    0.10128E-07
 2198    0.10062E-07
 2199    0.99969E-08

iteration:   2199

epsilon =     0.10000E-07
omega =     0.18000E+01
tick =     0.10000E-06

norm_x =     0.18704E+03, norm_analysis =     0.18703E+03
diff =     0.92653E+01

caltime =    7.9892, comtime =    0.1650, checktime =    5.0963
alltime =   13.2506

