2 processes:
    1    0.24991E+01
    2    0.18882E+01
    3    0.18094E+01
    4    0.16263E+01
    5    0.10708E+01
    6    0.10551E+01
    7    0.85199E+00
    8    0.66230E+00
    9    0.61803E+00
   10    0.48473E+00
   11    0.43153E+00
   12    0.38405E+00
   13    0.31866E+00
   14    0.29665E+00
   15    0.26618E+00
   16    0.23751E+00
   17    0.22185E+00
   18    0.20451E+00
   19    0.19140E+00
   20    0.17962E+00
   21    0.16903E+00
   22    0.16121E+00
   23    0.15308E+00
   24    0.14580E+00
   25    0.13985E+00
   26    0.13412E+00
   27    0.12875E+00
   28    0.12389E+00
   29    0.11945E+00
   30    0.11528E+00
   31    0.11130E+00
   32    0.10764E+00
   33    0.10422E+00
   34    0.10095E+00
   35    0.97856E-01
   36    0.94958E-01
   37    0.92203E-01
   38    0.89572E-01
   39    0.87075E-01
   40    0.84704E-01
   41    0.82437E-01
   42    0.80267E-01
   43    0.78197E-01
   44    0.76217E-01
   45    0.74317E-01
   46    0.72494E-01
   47    0.70745E-01
   48    0.69065E-01
   49    0.67448E-01
   50    0.65892E-01
   51    0.64394E-01
   52    0.62950E-01
   53    0.61556E-01
   54    0.60212E-01
   55    0.58913E-01
   56    0.57658E-01
   57    0.56444E-01
   58    0.55270E-01
   59    0.54133E-01
   60    0.53032E-01
   61    0.51966E-01
   62    0.50931E-01
   63    0.49928E-01
   64    0.48955E-01
   65    0.48010E-01
   66    0.47092E-01
   67    0.46201E-01
   68    0.45334E-01
   69    0.44491E-01
   70    0.43672E-01
   71    0.42874E-01
   72    0.42098E-01
   73    0.41342E-01
   74    0.40606E-01
   75    0.39889E-01
   76    0.39189E-01
   77    0.38508E-01
   78    0.37843E-01
   79    0.37195E-01
   80    0.36563E-01
   81    0.35945E-01
   82    0.35343E-01
   83    0.34754E-01
   84    0.34180E-01
   85    0.33618E-01
   86    0.33070E-01
   87    0.32534E-01
   88    0.32010E-01
   89    0.31497E-01
   90    0.30996E-01
   91    0.30506E-01
   92    0.30026E-01
   93    0.29557E-01
   94    0.29097E-01
   95    0.28648E-01
   96    0.28208E-01
   97    0.27776E-01
   98    0.27354E-01
   99    0.26941E-01
  100    0.26535E-01
  101    0.26138E-01
  102    0.25749E-01
  103    0.25367E-01
  104    0.24993E-01
  105    0.24627E-01
  106    0.24267E-01
  107    0.23914E-01
  108    0.23568E-01
  109    0.23229E-01
  110    0.22895E-01
  111    0.22569E-01
  112    0.22248E-01
  113    0.21933E-01
  114    0.21624E-01
  115    0.21320E-01
  116    0.21022E-01
  117    0.20729E-01
  118    0.20442E-01
  119    0.20159E-01
  120    0.19882E-01
  121    0.19609E-01
  122    0.19341E-01
  123    0.19078E-01
  124    0.18819E-01
  125    0.18565E-01
  126    0.18315E-01
  127    0.18069E-01
  128    0.17827E-01
  129    0.17590E-01
  130    0.17356E-01
  131    0.17126E-01
  132    0.16900E-01
  133    0.16677E-01
  134    0.16459E-01
  135    0.16243E-01
  136    0.16031E-01
  137    0.15823E-01
  138    0.15618E-01
  139    0.15416E-01
  140    0.15217E-01
  141    0.15021E-01
  142    0.14829E-01
  143    0.14639E-01
  144    0.14452E-01
  145    0.14268E-01
  146    0.14087E-01
  147    0.13909E-01
  148    0.13733E-01
  149    0.13560E-01
  150    0.13389E-01
  151    0.13221E-01
  152    0.13056E-01
  153    0.12893E-01
  154    0.12732E-01
  155    0.12574E-01
  156    0.12418E-01
  157    0.12264E-01
  158    0.12113E-01
  159    0.11963E-01
  160    0.11816E-01
  161    0.11671E-01
  162    0.11528E-01
  163    0.11387E-01
  164    0.11247E-01
  165    0.11110E-01
  166    0.10975E-01
  167    0.10842E-01
  168    0.10710E-01
  169    0.10580E-01
  170    0.10452E-01
  171    0.10326E-01
  172    0.10202E-01
  173    0.10079E-01
  174    0.99579E-02
  175    0.98384E-02
  176    0.97205E-02
  177    0.96041E-02
  178    0.94894E-02
  179    0.93761E-02
  180    0.92644E-02
  181    0.91541E-02
  182    0.90453E-02
  183    0.89379E-02
  184    0.88319E-02
  185    0.87273E-02
  186    0.86241E-02
  187    0.85222E-02
  188    0.84216E-02
  189    0.83223E-02
  190    0.82243E-02
  191    0.81275E-02
  192    0.80320E-02
  193    0.79377E-02
  194    0.78446E-02
  195    0.77527E-02
  196    0.76620E-02
  197    0.75724E-02
  198    0.74839E-02
  199    0.73965E-02
  200    0.73103E-02
  201    0.72251E-02
  202    0.71410E-02
  203    0.70579E-02
  204    0.69758E-02
  205    0.68948E-02
  206    0.68148E-02
  207    0.67358E-02
  208    0.66577E-02
  209    0.65806E-02
  210    0.65044E-02
  211    0.64292E-02
  212    0.63549E-02
  213    0.62815E-02
  214    0.62090E-02
  215    0.61374E-02
  216    0.60667E-02
  217    0.59968E-02
  218    0.59278E-02
  219    0.58595E-02
  220    0.57922E-02
  221    0.57256E-02
  222    0.56598E-02
  223    0.55948E-02
  224    0.55306E-02
  225    0.54672E-02
  226    0.54045E-02
  227    0.53426E-02
  228    0.52814E-02
  229    0.52210E-02
  230    0.51612E-02
  231    0.51022E-02
  232    0.50439E-02
  233    0.49862E-02
  234    0.49293E-02
  235    0.48730E-02
  236    0.48174E-02
  237    0.47624E-02
  238    0.47081E-02
  239    0.46545E-02
  240    0.46014E-02
  241    0.45490E-02
  242    0.44972E-02
  243    0.44460E-02
  244    0.43954E-02
  245    0.43454E-02
  246    0.42960E-02
  247    0.42471E-02
  248    0.41989E-02
  249    0.41511E-02
  250    0.41040E-02
  251    0.40574E-02
  252    0.40113E-02
  253    0.39658E-02
  254    0.39208E-02
  255    0.38763E-02
  256    0.38324E-02
  257    0.37889E-02
  258    0.37459E-02
  259    0.37035E-02
  260    0.36615E-02
  261    0.36201E-02
  262    0.35791E-02
  263    0.35385E-02
  264    0.34985E-02
  265    0.34589E-02
  266    0.34197E-02
  267    0.33810E-02
  268    0.33428E-02
  269    0.33050E-02
  270    0.32676E-02
  271    0.32307E-02
  272    0.31942E-02
  273    0.31581E-02
  274    0.31224E-02
  275    0.30871E-02
  276    0.30522E-02
  277    0.30177E-02
  278    0.29837E-02
  279    0.29500E-02
  280    0.29167E-02
  281    0.28838E-02
  282    0.28512E-02
  283    0.28190E-02
  284    0.27872E-02
  285    0.27558E-02
  286    0.27247E-02
  287    0.26940E-02
  288    0.26636E-02
  289    0.26335E-02
  290    0.26038E-02
  291    0.25745E-02
  292    0.25455E-02
  293    0.25168E-02
  294    0.24884E-02
  295    0.24604E-02
  296    0.24326E-02
  297    0.24052E-02
  298    0.23781E-02
  299    0.23513E-02
  300    0.23249E-02
  301    0.22987E-02
  302    0.22728E-02
  303    0.22472E-02
  304    0.22219E-02
  305    0.21969E-02
  306    0.21721E-02
  307    0.21477E-02
  308    0.21235E-02
  309    0.20996E-02
  310    0.20760E-02
  311    0.20526E-02
  312    0.20295E-02
  313    0.20067E-02
  314    0.19841E-02
  315    0.19618E-02
  316    0.19397E-02
  317    0.19179E-02
  318    0.18963E-02
  319    0.18750E-02
  320    0.18539E-02
  321    0.18330E-02
  322    0.18124E-02
  323    0.17920E-02
  324    0.17719E-02
  325    0.17520E-02
  326    0.17323E-02
  327    0.17128E-02
  328    0.16935E-02
  329    0.16745E-02
  330    0.16557E-02
  331    0.16370E-02
  332    0.16186E-02
  333    0.16004E-02
  334    0.15825E-02
  335    0.15647E-02
  336    0.15471E-02
  337    0.15297E-02
  338    0.15125E-02
  339    0.14955E-02
  340    0.14787E-02
  341    0.14621E-02
  342    0.14456E-02
  343    0.14294E-02
  344    0.14133E-02
  345    0.13975E-02
  346    0.13818E-02
  347    0.13662E-02
  348    0.13509E-02
  349    0.13357E-02
  350    0.13207E-02
  351    0.13059E-02
  352    0.12912E-02
  353    0.12767E-02
  354    0.12623E-02
  355    0.12482E-02
  356    0.12341E-02
  357    0.12203E-02
  358    0.12066E-02
  359    0.11930E-02
  360    0.11796E-02
  361    0.11664E-02
  362    0.11533E-02
  363    0.11403E-02
  364    0.11275E-02
  365    0.11148E-02
  366    0.11023E-02
  367    0.10899E-02
  368    0.10777E-02
  369    0.10656E-02
  370    0.10536E-02
  371    0.10418E-02
  372    0.10301E-02
  373    0.10185E-02
  374    0.10071E-02
  375    0.99579E-03
  376    0.98461E-03
  377    0.97356E-03
  378    0.96263E-03
  379    0.95182E-03
  380    0.94113E-03
  381    0.93056E-03
  382    0.92011E-03
  383    0.90978E-03
  384    0.89957E-03
  385    0.88947E-03
  386    0.87948E-03
  387    0.86961E-03
  388    0.85985E-03
  389    0.85019E-03
  390    0.84065E-03
  391    0.83121E-03
  392    0.82188E-03
  393    0.81265E-03
  394    0.80353E-03
  395    0.79451E-03
  396    0.78559E-03
  397    0.77677E-03
  398    0.76805E-03
  399    0.75943E-03
  400    0.75090E-03
  401    0.74247E-03
  402    0.73414E-03
  403    0.72590E-03
  404    0.71775E-03
  405    0.70969E-03
  406    0.70172E-03
  407    0.69385E-03
  408    0.68606E-03
  409    0.67836E-03
  410    0.67074E-03
  411    0.66321E-03
  412    0.65577E-03
  413    0.64841E-03
  414    0.64113E-03
  415    0.63393E-03
  416    0.62682E-03
  417    0.61978E-03
  418    0.61283E-03
  419    0.60595E-03
  420    0.59915E-03
  421    0.59242E-03
  422    0.58577E-03
  423    0.57920E-03
  424    0.57270E-03
  425    0.56627E-03
  426    0.55991E-03
  427    0.55363E-03
  428    0.54741E-03
  429    0.54127E-03
  430    0.53519E-03
  431    0.52919E-03
  432    0.52325E-03
  433    0.51738E-03
  434    0.51157E-03
  435    0.50583E-03
  436    0.50015E-03
  437    0.49454E-03
  438    0.48899E-03
  439    0.48350E-03
  440    0.47807E-03
  441    0.47271E-03
  442    0.46740E-03
  443    0.46215E-03
  444    0.45697E-03
  445    0.45184E-03
  446    0.44677E-03
  447    0.44175E-03
  448    0.43680E-03
  449    0.43189E-03
  450    0.42705E-03
  451    0.42225E-03
  452    0.41751E-03
  453    0.41283E-03
  454    0.40820E-03
  455    0.40361E-03
  456    0.39908E-03
  457    0.39461E-03
  458    0.39018E-03
  459    0.38580E-03
  460    0.38147E-03
  461    0.37719E-03
  462    0.37295E-03
  463    0.36877E-03
  464    0.36463E-03
  465    0.36054E-03
  466    0.35649E-03
  467    0.35249E-03
  468    0.34853E-03
  469    0.34462E-03
  470    0.34076E-03
  471    0.33693E-03
  472    0.33315E-03
  473    0.32941E-03
  474    0.32571E-03
  475    0.32206E-03
  476    0.31844E-03
  477    0.31487E-03
  478    0.31134E-03
  479    0.30784E-03
  480    0.30439E-03
  481    0.30097E-03
  482    0.29760E-03
  483    0.29426E-03
  484    0.29095E-03
  485    0.28769E-03
  486    0.28446E-03
  487    0.28127E-03
  488    0.27811E-03
  489    0.27499E-03
  490    0.27190E-03
  491    0.26885E-03
  492    0.26583E-03
  493    0.26285E-03
  494    0.25990E-03
  495    0.25699E-03
  496    0.25410E-03
  497    0.25125E-03
  498    0.24843E-03
  499    0.24564E-03
  500    0.24289E-03
  501    0.24016E-03
  502    0.23746E-03
  503    0.23480E-03
  504    0.23216E-03
  505    0.22956E-03
  506    0.22698E-03
  507    0.22444E-03
  508    0.22192E-03
  509    0.21943E-03
  510    0.21696E-03
  511    0.21453E-03
  512    0.21212E-03
  513    0.20974E-03
  514    0.20739E-03
  515    0.20506E-03
  516    0.20276E-03
  517    0.20048E-03
  518    0.19823E-03
  519    0.19601E-03
  520    0.19381E-03
  521    0.19163E-03
  522    0.18948E-03
  523    0.18736E-03
  524    0.18526E-03
  525    0.18318E-03
  526    0.18112E-03
  527    0.17909E-03
  528    0.17708E-03
  529    0.17509E-03
  530    0.17313E-03
  531    0.17118E-03
  532    0.16926E-03
  533    0.16736E-03
  534    0.16548E-03
  535    0.16363E-03
  536    0.16179E-03
  537    0.15998E-03
  538    0.15818E-03
  539    0.15641E-03
  540    0.15465E-03
  541    0.15291E-03
  542    0.15120E-03
  543    0.14950E-03
  544    0.14782E-03
  545    0.14617E-03
  546    0.14453E-03
  547    0.14290E-03
  548    0.14130E-03
  549    0.13971E-03
  550    0.13815E-03
  551    0.13660E-03
  552    0.13506E-03
  553    0.13355E-03
  554    0.13205E-03
  555    0.13057E-03
  556    0.12910E-03
  557    0.12765E-03
  558    0.12622E-03
  559    0.12480E-03
  560    0.12340E-03
  561    0.12202E-03
  562    0.12065E-03
  563    0.11930E-03
  564    0.11796E-03
  565    0.11663E-03
  566    0.11532E-03
  567    0.11403E-03
  568    0.11275E-03
  569    0.11148E-03
  570    0.11023E-03
  571    0.10900E-03
  572    0.10777E-03
  573    0.10656E-03
  574    0.10537E-03
  575    0.10419E-03
  576    0.10302E-03
  577    0.10186E-03
  578    0.10072E-03
  579    0.99587E-04
  580    0.98470E-04
  581    0.97365E-04
  582    0.96272E-04
  583    0.95192E-04
  584    0.94123E-04
  585    0.93067E-04
  586    0.92023E-04
  587    0.90990E-04
  588    0.89969E-04
  589    0.88959E-04
  590    0.87961E-04
  591    0.86974E-04
  592    0.85998E-04
  593    0.85033E-04
  594    0.84079E-04
  595    0.83135E-04
  596    0.82202E-04
  597    0.81280E-04
  598    0.80368E-04
  599    0.79466E-04
  600    0.78574E-04
  601    0.77692E-04
  602    0.76820E-04
  603    0.75958E-04
  604    0.75106E-04
  605    0.74263E-04
  606    0.73430E-04
  607    0.72606E-04
  608    0.71791E-04
  609    0.70985E-04
  610    0.70189E-04
  611    0.69401E-04
  612    0.68622E-04
  613    0.67852E-04
  614    0.67091E-04
  615    0.66338E-04
  616    0.65593E-04
  617    0.64857E-04
  618    0.64129E-04
  619    0.63410E-04
  620    0.62698E-04
  621    0.61995E-04
  622    0.61299E-04
  623    0.60611E-04
  624    0.59931E-04
  625    0.59258E-04
  626    0.58593E-04
  627    0.57936E-04
  628    0.57286E-04
  629    0.56643E-04
  630    0.56007E-04
  631    0.55379E-04
  632    0.54757E-04
  633    0.54143E-04
  634    0.53535E-04
  635    0.52934E-04
  636    0.52340E-04
  637    0.51753E-04
  638    0.51172E-04
  639    0.50598E-04
  640    0.50030E-04
  641    0.49469E-04
  642    0.48914E-04
  643    0.48365E-04
  644    0.47822E-04
  645    0.47285E-04
  646    0.46755E-04
  647    0.46230E-04
  648    0.45711E-04
  649    0.45198E-04
  650    0.44691E-04
  651    0.44189E-04
  652    0.43694E-04
  653    0.43203E-04
  654    0.42718E-04
  655    0.42239E-04
  656    0.41765E-04
  657    0.41296E-04
  658    0.40833E-04
  659    0.40375E-04
  660    0.39922E-04
  661    0.39474E-04
  662    0.39031E-04
  663    0.38593E-04
  664    0.38160E-04
  665    0.37731E-04
  666    0.37308E-04
  667    0.36889E-04
  668    0.36475E-04
  669    0.36066E-04
  670    0.35661E-04
  671    0.35261E-04
  672    0.34865E-04
  673    0.34474E-04
  674    0.34087E-04
  675    0.33705E-04
  676    0.33326E-04
  677    0.32952E-04
  678    0.32583E-04
  679    0.32217E-04
  680    0.31855E-04
  681    0.31498E-04
  682    0.31145E-04
  683    0.30795E-04
  684    0.30449E-04
  685    0.30108E-04
  686    0.29770E-04
  687    0.29436E-04
  688    0.29105E-04
  689    0.28779E-04
  690    0.28456E-04
  691    0.28137E-04
  692    0.27821E-04
  693    0.27509E-04
  694    0.27200E-04
  695    0.26895E-04
  696    0.26593E-04
  697    0.26294E-04
  698    0.25999E-04
  699    0.25708E-04
  700    0.25419E-04
  701    0.25134E-04
  702    0.24852E-04
  703    0.24573E-04
  704    0.24297E-04
  705    0.24025E-04
  706    0.23755E-04
  707    0.23488E-04
  708    0.23225E-04
  709    0.22964E-04
  710    0.22706E-04
  711    0.22452E-04
  712    0.22200E-04
  713    0.21951E-04
  714    0.21704E-04
  715    0.21461E-04
  716    0.21220E-04
  717    0.20982E-04
  718    0.20746E-04
  719    0.20513E-04
  720    0.20283E-04
  721    0.20056E-04
  722    0.19831E-04
  723    0.19608E-04
  724    0.19388E-04
  725    0.19170E-04
  726    0.18955E-04
  727    0.18743E-04
  728    0.18532E-04
  729    0.18324E-04
  730    0.18119E-04
  731    0.17915E-04
  732    0.17714E-04
  733    0.17515E-04
  734    0.17319E-04
  735    0.17125E-04
  736    0.16932E-04
  737    0.16742E-04
  738    0.16555E-04
  739    0.16369E-04
  740    0.16185E-04
  741    0.16003E-04
  742    0.15824E-04
  743    0.15646E-04
  744    0.15471E-04
  745    0.15297E-04
  746    0.15125E-04
  747    0.14956E-04
  748    0.14788E-04
  749    0.14622E-04
  750    0.14458E-04
  751    0.14296E-04
  752    0.14135E-04
  753    0.13977E-04
  754    0.13820E-04
  755    0.13665E-04
  756    0.13511E-04
  757    0.13360E-04
  758    0.13210E-04
  759    0.13061E-04
  760    0.12915E-04
  761    0.12770E-04
  762    0.12627E-04
  763    0.12485E-04
  764    0.12345E-04
  765    0.12206E-04
  766    0.12069E-04
  767    0.11934E-04
  768    0.11800E-04
  769    0.11668E-04
  770    0.11537E-04
  771    0.11407E-04
  772    0.11279E-04
  773    0.11153E-04
  774    0.11027E-04
  775    0.10904E-04
  776    0.10781E-04
  777    0.10660E-04
  778    0.10541E-04
  779    0.10422E-04
  780    0.10305E-04
  781    0.10190E-04
  782    0.10075E-04
  783    0.99624E-05
  784    0.98506E-05
  785    0.97401E-05
  786    0.96308E-05
  787    0.95227E-05
  788    0.94158E-05
  789    0.93101E-05
  790    0.92057E-05
  791    0.91024E-05
  792    0.90002E-05
  793    0.88992E-05
  794    0.87994E-05
  795    0.87006E-05
  796    0.86030E-05
  797    0.85064E-05
  798    0.84110E-05
  799    0.83166E-05
  800    0.82233E-05
  801    0.81310E-05
  802    0.80397E-05
  803    0.79495E-05
  804    0.78603E-05
  805    0.77721E-05
  806    0.76849E-05
  807    0.75986E-05
  808    0.75134E-05
  809    0.74290E-05
  810    0.73457E-05
  811    0.72632E-05
  812    0.71817E-05
  813    0.71011E-05
  814    0.70215E-05
  815    0.69427E-05
  816    0.68648E-05
  817    0.67877E-05
  818    0.67115E-05
  819    0.66362E-05
  820    0.65618E-05
  821    0.64881E-05
  822    0.64153E-05
  823    0.63433E-05
  824    0.62721E-05
  825    0.62018E-05
  826    0.61322E-05
  827    0.60633E-05
  828    0.59953E-05
  829    0.59280E-05
  830    0.58615E-05
  831    0.57957E-05
  832    0.57307E-05
  833    0.56664E-05
  834    0.56028E-05
  835    0.55399E-05
  836    0.54777E-05
  837    0.54163E-05
  838    0.53555E-05
  839    0.52954E-05
  840    0.52360E-05
  841    0.51772E-05
  842    0.51191E-05
  843    0.50617E-05
  844    0.50049E-05
  845    0.49487E-05
  846    0.48932E-05
  847    0.48383E-05
  848    0.47840E-05
  849    0.47303E-05
  850    0.46772E-05
  851    0.46247E-05
  852    0.45728E-05
  853    0.45215E-05
  854    0.44708E-05
  855    0.44206E-05
  856    0.43710E-05
  857    0.43219E-05
  858    0.42734E-05
  859    0.42255E-05
  860    0.41780E-05
  861    0.41312E-05
  862    0.40848E-05
  863    0.40390E-05
  864    0.39936E-05
  865    0.39488E-05
  866    0.39045E-05
  867    0.38607E-05
  868    0.38174E-05
  869    0.37745E-05
  870    0.37322E-05
  871    0.36903E-05
  872    0.36489E-05
  873    0.36079E-05
  874    0.35674E-05
  875    0.35274E-05
  876    0.34878E-05
  877    0.34487E-05
  878    0.34100E-05
  879    0.33717E-05
  880    0.33339E-05
  881    0.32965E-05
  882    0.32595E-05
  883    0.32229E-05
  884    0.31867E-05
  885    0.31510E-05
  886    0.31156E-05
  887    0.30806E-05
  888    0.30461E-05
  889    0.30119E-05
  890    0.29781E-05
  891    0.29447E-05
  892    0.29116E-05
  893    0.28790E-05
  894    0.28466E-05
  895    0.28147E-05
  896    0.27831E-05
  897    0.27519E-05
  898    0.27210E-05
  899    0.26905E-05
  900    0.26603E-05
  901    0.26304E-05
  902    0.26009E-05
  903    0.25717E-05
  904    0.25429E-05
  905    0.25143E-05
  906    0.24861E-05
  907    0.24582E-05
  908    0.24306E-05
  909    0.24033E-05
  910    0.23764E-05
  911    0.23497E-05
  912    0.23233E-05
  913    0.22973E-05
  914    0.22715E-05
  915    0.22460E-05
  916    0.22208E-05
  917    0.21959E-05
  918    0.21712E-05
  919    0.21469E-05
  920    0.21228E-05
  921    0.20990E-05
  922    0.20754E-05
  923    0.20521E-05
  924    0.20291E-05
  925    0.20063E-05
  926    0.19838E-05
  927    0.19615E-05
  928    0.19395E-05
  929    0.19178E-05
  930    0.18962E-05
  931    0.18750E-05
  932    0.18539E-05
  933    0.18331E-05
  934    0.18125E-05
  935    0.17922E-05
  936    0.17721E-05
  937    0.17522E-05
  938    0.17325E-05
  939    0.17131E-05
  940    0.16939E-05
  941    0.16749E-05
  942    0.16561E-05
  943    0.16375E-05
  944    0.16191E-05
  945    0.16009E-05
  946    0.15830E-05
  947    0.15652E-05
  948    0.15476E-05
  949    0.15303E-05
  950    0.15131E-05
  951    0.14961E-05
  952    0.14793E-05
  953    0.14627E-05
  954    0.14463E-05
  955    0.14301E-05
  956    0.14140E-05
  957    0.13982E-05
  958    0.13825E-05
  959    0.13670E-05
  960    0.13516E-05
  961    0.13365E-05
  962    0.13215E-05
  963    0.13066E-05
  964    0.12920E-05
  965    0.12775E-05
  966    0.12631E-05
  967    0.12490E-05
  968    0.12349E-05
  969    0.12211E-05
  970    0.12074E-05
  971    0.11938E-05
  972    0.11804E-05
  973    0.11672E-05
  974    0.11541E-05
  975    0.11411E-05
  976    0.11283E-05
  977    0.11157E-05
  978    0.11032E-05
  979    0.10908E-05
  980    0.10785E-05
  981    0.10664E-05
  982    0.10545E-05
  983    0.10426E-05
  984    0.10309E-05
  985    0.10194E-05
  986    0.10079E-05
  987    0.99661E-06
  988    0.98543E-06
  989    0.97437E-06
  990    0.96343E-06
  991    0.95262E-06
  992    0.94193E-06
  993    0.93136E-06
  994    0.92091E-06
  995    0.91057E-06
  996    0.90036E-06
  997    0.89025E-06
  998    0.88026E-06
  999    0.87038E-06
 1000    0.86062E-06
 1001    0.85096E-06
 1002    0.84141E-06
 1003    0.83197E-06
 1004    0.82263E-06
 1005    0.81340E-06
 1006    0.80427E-06
 1007    0.79525E-06
 1008    0.78632E-06
 1009    0.77750E-06
 1010    0.76877E-06
 1011    0.76015E-06
 1012    0.75162E-06
 1013    0.74318E-06
 1014    0.73484E-06
 1015    0.72659E-06
 1016    0.71844E-06
 1017    0.71038E-06
 1018    0.70241E-06
 1019    0.69452E-06
 1020    0.68673E-06
 1021    0.67902E-06
 1022    0.67140E-06
 1023    0.66387E-06
 1024    0.65642E-06
 1025    0.64905E-06
 1026    0.64177E-06
 1027    0.63457E-06
 1028    0.62745E-06
 1029    0.62041E-06
 1030    0.61344E-06
 1031    0.60656E-06
 1032    0.59975E-06
 1033    0.59302E-06
 1034    0.58637E-06
 1035    0.57979E-06
 1036    0.57328E-06
 1037    0.56685E-06
 1038    0.56049E-06
 1039    0.55420E-06
 1040    0.54798E-06
 1041    0.54183E-06
 1042    0.53575E-06
 1043    0.52974E-06
 1044    0.52379E-06
 1045    0.51791E-06
 1046    0.51210E-06
 1047    0.50635E-06
 1048    0.50067E-06
 1049    0.49505E-06
 1050    0.48950E-06
 1051    0.48401E-06
 1052    0.47857E-06
 1053    0.47320E-06
 1054    0.46789E-06
 1055    0.46264E-06
 1056    0.45745E-06
 1057    0.45232E-06
 1058    0.44724E-06
 1059    0.44222E-06
 1060    0.43726E-06
 1061    0.43235E-06
 1062    0.42750E-06
 1063    0.42270E-06
 1064    0.41796E-06
 1065    0.41327E-06
 1066    0.40863E-06
 1067    0.40405E-06
 1068    0.39951E-06
 1069    0.39503E-06
 1070    0.39060E-06
 1071    0.38621E-06
 1072    0.38188E-06
 1073    0.37759E-06
 1074    0.37336E-06
 1075    0.36917E-06
 1076    0.36502E-06
 1077    0.36093E-06
 1078    0.35688E-06
 1079    0.35287E-06
 1080    0.34891E-06
 1081    0.34500E-06
 1082    0.34113E-06
 1083    0.33730E-06
 1084    0.33351E-06
 1085    0.32977E-06
 1086    0.32607E-06
 1087    0.32241E-06
 1088    0.31879E-06
 1089    0.31521E-06
 1090    0.31168E-06
 1091    0.30818E-06
 1092    0.30472E-06
 1093    0.30130E-06
 1094    0.29792E-06
 1095    0.29458E-06
 1096    0.29127E-06
 1097    0.28800E-06
 1098    0.28477E-06
 1099    0.28157E-06
 1100    0.27842E-06
 1101    0.27529E-06
 1102    0.27220E-06
 1103    0.26915E-06
 1104    0.26613E-06
 1105    0.26314E-06
 1106    0.26019E-06
 1107    0.25727E-06
 1108    0.25438E-06
 1109    0.25153E-06
 1110    0.24870E-06
 1111    0.24591E-06
 1112    0.24315E-06
 1113    0.24042E-06
 1114    0.23773E-06
 1115    0.23506E-06
 1116    0.23242E-06
 1117    0.22981E-06
 1118    0.22723E-06
 1119    0.22468E-06
 1120    0.22216E-06
 1121    0.21967E-06
 1122    0.21720E-06
 1123    0.21477E-06
 1124    0.21236E-06
 1125    0.20997E-06
 1126    0.20762E-06
 1127    0.20529E-06
 1128    0.20298E-06
 1129    0.20071E-06
 1130    0.19845E-06
 1131    0.19623E-06
 1132    0.19402E-06
 1133    0.19185E-06
 1134    0.18969E-06
 1135    0.18756E-06
 1136    0.18546E-06
 1137    0.18338E-06
 1138    0.18132E-06
 1139    0.17929E-06
 1140    0.17727E-06
 1141    0.17529E-06
 1142    0.17332E-06
 1143    0.17137E-06
 1144    0.16945E-06
 1145    0.16755E-06
 1146    0.16567E-06
 1147    0.16381E-06
 1148    0.16197E-06
 1149    0.16015E-06
 1150    0.15836E-06
 1151    0.15658E-06
 1152    0.15482E-06
 1153    0.15308E-06
 1154    0.15137E-06
 1155    0.14967E-06
 1156    0.14799E-06
 1157    0.14633E-06
 1158    0.14469E-06
 1159    0.14306E-06
 1160    0.14146E-06
 1161    0.13987E-06
 1162    0.13830E-06
 1163    0.13675E-06
 1164    0.13521E-06
 1165    0.13370E-06
 1166    0.13220E-06
 1167    0.13071E-06
 1168    0.12924E-06
 1169    0.12779E-06
 1170    0.12636E-06
 1171    0.12494E-06
 1172    0.12354E-06
 1173    0.12215E-06
 1174    0.12078E-06
 1175    0.11943E-06
 1176    0.11809E-06
 1177    0.11676E-06
 1178    0.11545E-06
 1179    0.11416E-06
 1180    0.11288E-06
 1181    0.11161E-06
 1182    0.11036E-06
 1183    0.10912E-06
 1184    0.10789E-06
 1185    0.10668E-06
 1186    0.10549E-06
 1187    0.10430E-06
 1188    0.10313E-06
 1189    0.10197E-06
 1190    0.10083E-06
 1191    0.99698E-07
 1192    0.98579E-07
 1193    0.97473E-07
 1194    0.96379E-07
 1195    0.95298E-07
 1196    0.94228E-07
 1197    0.93171E-07
 1198    0.92125E-07
 1199    0.91091E-07
 1200    0.90069E-07
 1201    0.89058E-07
 1202    0.88059E-07
 1203    0.87071E-07
 1204    0.86094E-07
 1205    0.85128E-07
 1206    0.84172E-07
 1207    0.83228E-07
 1208    0.82294E-07
 1209    0.81370E-07
 1210    0.80457E-07
 1211    0.79554E-07
 1212    0.78661E-07
 1213    0.77779E-07
 1214    0.76906E-07
 1215    0.76043E-07
 1216    0.75189E-07
 1217    0.74346E-07
 1218    0.73511E-07
 1219    0.72686E-07
 1220    0.71871E-07
 1221    0.71064E-07
 1222    0.70267E-07
 1223    0.69478E-07
 1224    0.68699E-07
 1225    0.67928E-07
 1226    0.67165E-07
 1227    0.66412E-07
 1228    0.65666E-07
 1229    0.64929E-07
 1230    0.64201E-07
 1231    0.63480E-07
 1232    0.62768E-07
 1233    0.62064E-07
 1234    0.61367E-07
 1235    0.60678E-07
 1236    0.59998E-07
 1237    0.59324E-07
 1238    0.58659E-07
 1239    0.58000E-07
 1240    0.57349E-07
 1241    0.56706E-07
 1242    0.56069E-07
 1243    0.55440E-07
 1244    0.54818E-07
 1245    0.54203E-07
 1246    0.53595E-07
 1247    0.52993E-07
 1248    0.52399E-07
 1249    0.51811E-07
 1250    0.51229E-07
 1251    0.50654E-07
 1252    0.50086E-07
 1253    0.49524E-07
 1254    0.48968E-07
 1255    0.48419E-07
 1256    0.47875E-07
 1257    0.47338E-07
 1258    0.46807E-07
 1259    0.46281E-07
 1260    0.45762E-07
 1261    0.45249E-07
 1262    0.44741E-07
 1263    0.44239E-07
 1264    0.43742E-07
 1265    0.43251E-07
 1266    0.42766E-07
 1267    0.42286E-07
 1268    0.41812E-07
 1269    0.41342E-07
 1270    0.40878E-07
 1271    0.40420E-07
 1272    0.39966E-07
 1273    0.39518E-07
 1274    0.39074E-07
 1275    0.38636E-07
 1276    0.38202E-07
 1277    0.37773E-07
 1278    0.37349E-07
 1279    0.36930E-07
 1280    0.36516E-07
 1281    0.36106E-07
 1282    0.35701E-07
 1283    0.35300E-07
 1284    0.34904E-07
 1285    0.34512E-07
 1286    0.34125E-07
 1287    0.33742E-07
 1288    0.33364E-07
 1289    0.32989E-07
 1290    0.32619E-07
 1291    0.32253E-07
 1292    0.31891E-07
 1293    0.31533E-07
 1294    0.31179E-07
 1295    0.30829E-07
 1296    0.30483E-07
 1297    0.30141E-07
 1298    0.29803E-07
 1299    0.29469E-07
 1300    0.29138E-07
 1301    0.28811E-07
 1302    0.28488E-07
 1303    0.28168E-07
 1304    0.27852E-07
 1305    0.27539E-07
 1306    0.27230E-07
 1307    0.26925E-07
 1308    0.26623E-07
 1309    0.26324E-07
 1310    0.26028E-07
 1311    0.25736E-07
 1312    0.25447E-07
 1313    0.25162E-07
 1314    0.24880E-07
 1315    0.24600E-07
 1316    0.24324E-07
 1317    0.24051E-07
 1318    0.23781E-07
 1319    0.23515E-07
 1320    0.23251E-07
 1321    0.22990E-07
 1322    0.22732E-07
 1323    0.22477E-07
 1324    0.22224E-07
 1325    0.21975E-07
 1326    0.21728E-07
 1327    0.21485E-07
 1328    0.21243E-07
 1329    0.21005E-07
 1330    0.20769E-07
 1331    0.20536E-07
 1332    0.20306E-07
 1333    0.20078E-07
 1334    0.19853E-07
 1335    0.19630E-07
 1336    0.19410E-07
 1337    0.19192E-07
 1338    0.18976E-07
 1339    0.18763E-07
 1340    0.18553E-07
 1341    0.18345E-07
 1342    0.18139E-07
 1343    0.17935E-07
 1344    0.17734E-07
 1345    0.17535E-07
 1346    0.17338E-07
 1347    0.17144E-07
 1348    0.16951E-07
 1349    0.16761E-07
 1350    0.16573E-07
 1351    0.16387E-07
 1352    0.16203E-07
 1353    0.16021E-07
 1354    0.15841E-07
 1355    0.15664E-07
 1356    0.15488E-07
 1357    0.15314E-07
 1358    0.15142E-07
 1359    0.14972E-07
 1360    0.14804E-07
 1361    0.14638E-07
 1362    0.14474E-07
 1363    0.14311E-07
 1364    0.14151E-07
 1365    0.13992E-07
 1366    0.13835E-07
 1367    0.13680E-07
 1368    0.13526E-07
 1369    0.13375E-07
 1370    0.13224E-07
 1371    0.13076E-07
 1372    0.12929E-07
 1373    0.12784E-07
 1374    0.12641E-07
 1375    0.12499E-07
 1376    0.12359E-07
 1377    0.12220E-07
 1378    0.12083E-07
 1379    0.11947E-07
 1380    0.11813E-07
 1381    0.11681E-07
 1382    0.11549E-07
 1383    0.11420E-07
 1384    0.11292E-07
 1385    0.11165E-07
 1386    0.11040E-07
 1387    0.10916E-07
 1388    0.10793E-07
 1389    0.10672E-07
 1390    0.10552E-07
 1391    0.10434E-07
 1392    0.10317E-07
 1393    0.10201E-07
 1394    0.10087E-07
 1395    0.99735E-08

iteration:   1395

epsilon =     0.10000E-07
omega =     0.18000E+01
tick =     0.10000E-06

norm_x =     0.13050E+03, norm_analysis =     0.13048E+03
diff =     0.12211E+02

caltime =    5.0461, comtime =    0.1711, checktime =    3.2695
alltime =    8.4866

