==> mpitime_2p.out <==
 2073    0.10348E-07
 2074    0.10276E-07
 2075    0.10206E-07
 2076    0.10135E-07
 2077    0.10065E-07
 2078    0.99958E-08

iteration:   2078
norm_x =     0.18704E+03
time =   24.8467

==> mpitime_3p.out <==
 2134    0.10294E-07
 2135    0.10225E-07
 2136    0.10157E-07
 2137    0.10089E-07
 2138    0.10021E-07
 2139    0.99540E-08

iteration:   2139
norm_x =     0.18704E+03
time =   38.2826

==> mpitime_4p.out <==
 2194    0.10328E-07
 2195    0.10261E-07
 2196    0.10194E-07
 2197    0.10128E-07
 2198    0.10062E-07
 2199    0.99969E-08

iteration:   2199
norm_x =     0.18704E+03
time =   13.5112
