epsilon =     0.10000E-07
tick =     0.10000E-06
    1    0.15251E+01
    2    0.13741E+01
    3    0.10174E+01
    4    0.90431E+00
    5    0.88535E+00
    6    0.75864E+00
    7    0.60144E+00
    8    0.53324E+00
    9    0.50338E+00
   10    0.43588E+00
   11    0.35733E+00
   12    0.31572E+00
   13    0.29324E+00
   14    0.25711E+00
   15    0.21644E+00
   16    0.19177E+00
   17    0.17692E+00
   18    0.15743E+00
   19    0.13619E+00
   20    0.12197E+00
   21    0.11270E+00
   22    0.10215E+00
   23    0.91091E-01
   24    0.83093E-01
   25    0.77489E-01
   26    0.71737E-01
   27    0.65949E-01
   28    0.61470E-01
   29    0.58095E-01
   30    0.54850E-01
   31    0.51696E-01
   32    0.49092E-01
   33    0.46979E-01
   34    0.45006E-01
   35    0.43127E-01
   36    0.41484E-01
   37    0.40061E-01
   38    0.38736E-01
   39    0.37481E-01
   40    0.36337E-01
   41    0.35298E-01
   42    0.34323E-01
   43    0.33396E-01
   44    0.32529E-01
   45    0.31719E-01
   46    0.30950E-01
   47    0.30216E-01
   48    0.29519E-01
   49    0.28856E-01
   50    0.28223E-01
   51    0.27615E-01
   52    0.27029E-01
   53    0.26458E-01
   54    0.25887E-01
   55    0.25310E-01
   56    0.24750E-01
   57    0.24233E-01
   58    0.23751E-01
   59    0.23270E-01
   60    0.22798E-01
   61    0.22354E-01
   62    0.21923E-01
   63    0.21497E-01
   64    0.21092E-01
   65    0.20700E-01
   66    0.20316E-01
   67    0.19948E-01
   68    0.19591E-01
   69    0.19242E-01
   70    0.18908E-01
   71    0.18581E-01
   72    0.18264E-01
   73    0.17959E-01
   74    0.17660E-01
   75    0.17371E-01
   76    0.17092E-01
   77    0.16818E-01
   78    0.16554E-01
   79    0.16297E-01
   80    0.16046E-01
   81    0.15803E-01
   82    0.15566E-01
   83    0.15335E-01
   84    0.15111E-01
   85    0.14892E-01
   86    0.14680E-01
   87    0.14472E-01
   88    0.14270E-01
   89    0.14073E-01
   90    0.13880E-01
   91    0.13693E-01
   92    0.13509E-01
   93    0.13330E-01
   94    0.13156E-01
   95    0.12985E-01
   96    0.12818E-01
   97    0.12655E-01
   98    0.12496E-01
   99    0.12340E-01
  100    0.12187E-01
  101    0.12038E-01
  102    0.11892E-01
  103    0.11749E-01
  104    0.11609E-01
  105    0.11471E-01
  106    0.11337E-01
  107    0.11205E-01
  108    0.11076E-01
  109    0.10949E-01
  110    0.10825E-01
  111    0.10703E-01
  112    0.10583E-01
  113    0.10465E-01
  114    0.10350E-01
  115    0.10237E-01
  116    0.10126E-01
  117    0.10016E-01
  118    0.99090E-02
  119    0.98035E-02
  120    0.96998E-02
  121    0.95978E-02
  122    0.94976E-02
  123    0.93990E-02
  124    0.93020E-02
  125    0.92066E-02
  126    0.91126E-02
  127    0.90202E-02
  128    0.89292E-02
  129    0.88397E-02
  130    0.87515E-02
  131    0.86646E-02
  132    0.85791E-02
  133    0.84948E-02
  134    0.84117E-02
  135    0.83299E-02
  136    0.82492E-02
  137    0.81697E-02
  138    0.80914E-02
  139    0.80141E-02
  140    0.79379E-02
  141    0.78628E-02
  142    0.77887E-02
  143    0.77156E-02
  144    0.76435E-02
  145    0.75723E-02
  146    0.75021E-02
  147    0.74328E-02
  148    0.73644E-02
  149    0.72970E-02
  150    0.72303E-02
  151    0.71645E-02
  152    0.70996E-02
  153    0.70355E-02
  154    0.69722E-02
  155    0.69096E-02
  156    0.68479E-02
  157    0.67868E-02
  158    0.67266E-02
  159    0.66670E-02
  160    0.66082E-02
  161    0.65501E-02
  162    0.64927E-02
  163    0.64359E-02
  164    0.63799E-02
  165    0.63244E-02
  166    0.62696E-02
  167    0.62155E-02
  168    0.61620E-02
  169    0.61090E-02
  170    0.60567E-02
  171    0.60050E-02
  172    0.59539E-02
  173    0.59033E-02
  174    0.58533E-02
  175    0.58039E-02
  176    0.57550E-02
  177    0.57066E-02
  178    0.56588E-02
  179    0.56115E-02
  180    0.55647E-02
  181    0.55184E-02
  182    0.54726E-02
  183    0.54273E-02
  184    0.53825E-02
  185    0.53381E-02
  186    0.52942E-02
  187    0.52508E-02
  188    0.52079E-02
  189    0.51654E-02
  190    0.51233E-02
  191    0.50817E-02
  192    0.50405E-02
  193    0.49998E-02
  194    0.49594E-02
  195    0.49195E-02
  196    0.48800E-02
  197    0.48409E-02
  198    0.48021E-02
  199    0.47638E-02
  200    0.47259E-02
  201    0.46883E-02
  202    0.46511E-02
  203    0.46143E-02
  204    0.45779E-02
  205    0.45418E-02
  206    0.45060E-02
  207    0.44707E-02
  208    0.44356E-02
  209    0.44009E-02
  210    0.43666E-02
  211    0.43326E-02
  212    0.42989E-02
  213    0.42655E-02
  214    0.42325E-02
  215    0.41998E-02
  216    0.41674E-02
  217    0.41353E-02
  218    0.41035E-02
  219    0.40720E-02
  220    0.40409E-02
  221    0.40100E-02
  222    0.39794E-02
  223    0.39491E-02
  224    0.39190E-02
  225    0.38893E-02
  226    0.38598E-02
  227    0.38306E-02
  228    0.38017E-02
  229    0.37731E-02
  230    0.37447E-02
  231    0.37165E-02
  232    0.36887E-02
  233    0.36610E-02
  234    0.36337E-02
  235    0.36066E-02
  236    0.35797E-02
  237    0.35531E-02
  238    0.35267E-02
  239    0.35005E-02
  240    0.34746E-02
  241    0.34489E-02
  242    0.34235E-02
  243    0.33982E-02
  244    0.33732E-02
  245    0.33485E-02
  246    0.33239E-02
  247    0.32996E-02
  248    0.32754E-02
  249    0.32515E-02
  250    0.32278E-02
  251    0.32043E-02
  252    0.31810E-02
  253    0.31579E-02
  254    0.31350E-02
  255    0.31123E-02
  256    0.30898E-02
  257    0.30674E-02
  258    0.30453E-02
  259    0.30234E-02
  260    0.30016E-02
  261    0.29801E-02
  262    0.29587E-02
  263    0.29375E-02
  264    0.29164E-02
  265    0.28956E-02
  266    0.28749E-02
  267    0.28544E-02
  268    0.28341E-02
  269    0.28139E-02
  270    0.27939E-02
  271    0.27741E-02
  272    0.27544E-02
  273    0.27349E-02
  274    0.27156E-02
  275    0.26964E-02
  276    0.26774E-02
  277    0.26585E-02
  278    0.26398E-02
  279    0.26212E-02
  280    0.26028E-02
  281    0.25845E-02
  282    0.25664E-02
  283    0.25484E-02
  284    0.25306E-02
  285    0.25129E-02
  286    0.24953E-02
  287    0.24779E-02
  288    0.24607E-02
  289    0.24435E-02
  290    0.24265E-02
  291    0.24097E-02
  292    0.23929E-02
  293    0.23763E-02
  294    0.23598E-02
  295    0.23435E-02
  296    0.23273E-02
  297    0.23112E-02
  298    0.22952E-02
  299    0.22794E-02
  300    0.22636E-02
  301    0.22480E-02
  302    0.22326E-02
  303    0.22172E-02
  304    0.22020E-02
  305    0.21868E-02
  306    0.21718E-02
  307    0.21569E-02
  308    0.21421E-02
  309    0.21275E-02
  310    0.21129E-02
  311    0.20984E-02
  312    0.20841E-02
  313    0.20699E-02
  314    0.20557E-02
  315    0.20417E-02
  316    0.20278E-02
  317    0.20140E-02
  318    0.20003E-02
  319    0.19866E-02
  320    0.19731E-02
  321    0.19597E-02
  322    0.19464E-02
  323    0.19332E-02
  324    0.19201E-02
  325    0.19071E-02
  326    0.18941E-02
  327    0.18813E-02
  328    0.18686E-02
  329    0.18559E-02
  330    0.18434E-02
  331    0.18309E-02
  332    0.18186E-02
  333    0.18063E-02
  334    0.17941E-02
  335    0.17820E-02
  336    0.17700E-02
  337    0.17580E-02
  338    0.17462E-02
  339    0.17344E-02
  340    0.17228E-02
  341    0.17112E-02
  342    0.16997E-02
  343    0.16883E-02
  344    0.16769E-02
  345    0.16656E-02
  346    0.16545E-02
  347    0.16434E-02
  348    0.16323E-02
  349    0.16214E-02
  350    0.16105E-02
  351    0.15997E-02
  352    0.15890E-02
  353    0.15784E-02
  354    0.15678E-02
  355    0.15573E-02
  356    0.15469E-02
  357    0.15366E-02
  358    0.15263E-02
  359    0.15161E-02
  360    0.15060E-02
  361    0.14959E-02
  362    0.14859E-02
  363    0.14760E-02
  364    0.14661E-02
  365    0.14564E-02
  366    0.14466E-02
  367    0.14370E-02
  368    0.14274E-02
  369    0.14179E-02
  370    0.14085E-02
  371    0.13991E-02
  372    0.13898E-02
  373    0.13805E-02
  374    0.13713E-02
  375    0.13622E-02
  376    0.13531E-02
  377    0.13441E-02
  378    0.13352E-02
  379    0.13263E-02
  380    0.13175E-02
  381    0.13087E-02
  382    0.13000E-02
  383    0.12914E-02
  384    0.12828E-02
  385    0.12743E-02
  386    0.12658E-02
  387    0.12574E-02
  388    0.12491E-02
  389    0.12408E-02
  390    0.12326E-02
  391    0.12244E-02
  392    0.12163E-02
  393    0.12082E-02
  394    0.12002E-02
  395    0.11922E-02
  396    0.11843E-02
  397    0.11765E-02
  398    0.11687E-02
  399    0.11609E-02
  400    0.11532E-02
  401    0.11456E-02
  402    0.11380E-02
  403    0.11304E-02
  404    0.11230E-02
  405    0.11155E-02
  406    0.11081E-02
  407    0.11008E-02
  408    0.10935E-02
  409    0.10863E-02
  410    0.10791E-02
  411    0.10719E-02
  412    0.10648E-02
  413    0.10578E-02
  414    0.10508E-02
  415    0.10438E-02
  416    0.10369E-02
  417    0.10300E-02
  418    0.10232E-02
  419    0.10165E-02
  420    0.10097E-02
  421    0.10031E-02
  422    0.99642E-03
  423    0.98983E-03
  424    0.98328E-03
  425    0.97678E-03
  426    0.97032E-03
  427    0.96390E-03
  428    0.95752E-03
  429    0.95119E-03
  430    0.94490E-03
  431    0.93865E-03
  432    0.93245E-03
  433    0.92628E-03
  434    0.92016E-03
  435    0.91407E-03
  436    0.90803E-03
  437    0.90203E-03
  438    0.89606E-03
  439    0.89014E-03
  440    0.88425E-03
  441    0.87841E-03
  442    0.87260E-03
  443    0.86683E-03
  444    0.86110E-03
  445    0.85541E-03
  446    0.84975E-03
  447    0.84414E-03
  448    0.83856E-03
  449    0.83301E-03
  450    0.82751E-03
  451    0.82204E-03
  452    0.81660E-03
  453    0.81121E-03
  454    0.80584E-03
  455    0.80052E-03
  456    0.79523E-03
  457    0.78997E-03
  458    0.78475E-03
  459    0.77956E-03
  460    0.77441E-03
  461    0.76929E-03
  462    0.76420E-03
  463    0.75915E-03
  464    0.75413E-03
  465    0.74915E-03
  466    0.74419E-03
  467    0.73928E-03
  468    0.73439E-03
  469    0.72953E-03
  470    0.72471E-03
  471    0.71992E-03
  472    0.71516E-03
  473    0.71043E-03
  474    0.70573E-03
  475    0.70107E-03
  476    0.69643E-03
  477    0.69183E-03
  478    0.68725E-03
  479    0.68271E-03
  480    0.67819E-03
  481    0.67371E-03
  482    0.66925E-03
  483    0.66483E-03
  484    0.66043E-03
  485    0.65606E-03
  486    0.65173E-03
  487    0.64742E-03
  488    0.64313E-03
  489    0.63888E-03
  490    0.63465E-03
  491    0.63046E-03
  492    0.62629E-03
  493    0.62214E-03
  494    0.61803E-03
  495    0.61394E-03
  496    0.60988E-03
  497    0.60584E-03
  498    0.60183E-03
  499    0.59785E-03
  500    0.59390E-03
  501    0.58997E-03
  502    0.58606E-03
  503    0.58218E-03
  504    0.57833E-03
  505    0.57450E-03
  506    0.57070E-03
  507    0.56693E-03
  508    0.56317E-03
  509    0.55945E-03
  510    0.55574E-03
  511    0.55206E-03
  512    0.54841E-03
  513    0.54478E-03
  514    0.54117E-03
  515    0.53759E-03
  516    0.53403E-03
  517    0.53050E-03
  518    0.52698E-03
  519    0.52349E-03
  520    0.52003E-03
  521    0.51658E-03
  522    0.51316E-03
  523    0.50976E-03
  524    0.50639E-03
  525    0.50303E-03
  526    0.49970E-03
  527    0.49639E-03
  528    0.49310E-03
  529    0.48984E-03
  530    0.48659E-03
  531    0.48337E-03
  532    0.48017E-03
  533    0.47699E-03
  534    0.47383E-03
  535    0.47069E-03
  536    0.46757E-03
  537    0.46447E-03
  538    0.46139E-03
  539    0.45833E-03
  540    0.45530E-03
  541    0.45228E-03
  542    0.44928E-03
  543    0.44630E-03
  544    0.44334E-03
  545    0.44041E-03
  546    0.43749E-03
  547    0.43459E-03
  548    0.43170E-03
  549    0.42884E-03
  550    0.42600E-03
  551    0.42317E-03
  552    0.42037E-03
  553    0.41758E-03
  554    0.41481E-03
  555    0.41206E-03
  556    0.40933E-03
  557    0.40661E-03
  558    0.40392E-03
  559    0.40124E-03
  560    0.39858E-03
  561    0.39593E-03
  562    0.39330E-03
  563    0.39070E-03
  564    0.38810E-03
  565    0.38553E-03
  566    0.38297E-03
  567    0.38043E-03
  568    0.37790E-03
  569    0.37540E-03
  570    0.37291E-03
  571    0.37043E-03
  572    0.36797E-03
  573    0.36553E-03
  574    0.36310E-03
  575    0.36069E-03
  576    0.35830E-03
  577    0.35592E-03
  578    0.35356E-03
  579    0.35121E-03
  580    0.34888E-03
  581    0.34656E-03
  582    0.34426E-03
  583    0.34198E-03
  584    0.33971E-03
  585    0.33745E-03
  586    0.33521E-03
  587    0.33298E-03
  588    0.33077E-03
  589    0.32857E-03
  590    0.32639E-03
  591    0.32422E-03
  592    0.32207E-03
  593    0.31993E-03
  594    0.31780E-03
  595    0.31569E-03
  596    0.31360E-03
  597    0.31151E-03
  598    0.30944E-03
  599    0.30739E-03
  600    0.30534E-03
  601    0.30332E-03
  602    0.30130E-03
  603    0.29930E-03
  604    0.29731E-03
  605    0.29533E-03
  606    0.29337E-03
  607    0.29142E-03
  608    0.28948E-03
  609    0.28756E-03
  610    0.28565E-03
  611    0.28375E-03
  612    0.28186E-03
  613    0.27999E-03
  614    0.27813E-03
  615    0.27628E-03
  616    0.27444E-03
  617    0.27261E-03
  618    0.27080E-03
  619    0.26900E-03
  620    0.26721E-03
  621    0.26544E-03
  622    0.26367E-03
  623    0.26192E-03
  624    0.26017E-03
  625    0.25844E-03
  626    0.25672E-03
  627    0.25502E-03
  628    0.25332E-03
  629    0.25164E-03
  630    0.24996E-03
  631    0.24830E-03
  632    0.24665E-03
  633    0.24501E-03
  634    0.24338E-03
  635    0.24176E-03
  636    0.24015E-03
  637    0.23855E-03
  638    0.23696E-03
  639    0.23538E-03
  640    0.23382E-03
  641    0.23226E-03
  642    0.23072E-03
  643    0.22918E-03
  644    0.22766E-03
  645    0.22614E-03
  646    0.22463E-03
  647    0.22314E-03
  648    0.22165E-03
  649    0.22018E-03
  650    0.21871E-03
  651    0.21726E-03
  652    0.21581E-03
  653    0.21437E-03
  654    0.21295E-03
  655    0.21153E-03
  656    0.21012E-03
  657    0.20872E-03
  658    0.20733E-03
  659    0.20595E-03
  660    0.20458E-03
  661    0.20322E-03
  662    0.20186E-03
  663    0.20052E-03
  664    0.19918E-03
  665    0.19786E-03
  666    0.19654E-03
  667    0.19523E-03
  668    0.19393E-03
  669    0.19264E-03
  670    0.19135E-03
  671    0.19008E-03
  672    0.18881E-03
  673    0.18755E-03
  674    0.18630E-03
  675    0.18506E-03
  676    0.18383E-03
  677    0.18261E-03
  678    0.18139E-03
  679    0.18018E-03
  680    0.17898E-03
  681    0.17779E-03
  682    0.17660E-03
  683    0.17542E-03
  684    0.17426E-03
  685    0.17309E-03
  686    0.17194E-03
  687    0.17079E-03
  688    0.16966E-03
  689    0.16853E-03
  690    0.16740E-03
  691    0.16629E-03
  692    0.16518E-03
  693    0.16408E-03
  694    0.16298E-03
  695    0.16190E-03
  696    0.16082E-03
  697    0.15974E-03
  698    0.15868E-03
  699    0.15762E-03
  700    0.15657E-03
  701    0.15553E-03
  702    0.15449E-03
  703    0.15346E-03
  704    0.15244E-03
  705    0.15142E-03
  706    0.15041E-03
  707    0.14941E-03
  708    0.14841E-03
  709    0.14742E-03
  710    0.14644E-03
  711    0.14546E-03
  712    0.14449E-03
  713    0.14353E-03
  714    0.14257E-03
  715    0.14162E-03
  716    0.14067E-03
  717    0.13974E-03
  718    0.13880E-03
  719    0.13788E-03
  720    0.13696E-03
  721    0.13605E-03
  722    0.13514E-03
  723    0.13424E-03
  724    0.13334E-03
  725    0.13245E-03
  726    0.13157E-03
  727    0.13069E-03
  728    0.12982E-03
  729    0.12895E-03
  730    0.12809E-03
  731    0.12724E-03
  732    0.12639E-03
  733    0.12554E-03
  734    0.12471E-03
  735    0.12387E-03
  736    0.12305E-03
  737    0.12223E-03
  738    0.12141E-03
  739    0.12060E-03
  740    0.11980E-03
  741    0.11900E-03
  742    0.11820E-03
  743    0.11741E-03
  744    0.11663E-03
  745    0.11585E-03
  746    0.11508E-03
  747    0.11431E-03
  748    0.11355E-03
  749    0.11279E-03
  750    0.11204E-03
  751    0.11129E-03
  752    0.11055E-03
  753    0.10981E-03
  754    0.10907E-03
  755    0.10835E-03
  756    0.10762E-03
  757    0.10690E-03
  758    0.10619E-03
  759    0.10548E-03
  760    0.10478E-03
  761    0.10408E-03
  762    0.10338E-03
  763    0.10269E-03
  764    0.10201E-03
  765    0.10133E-03
  766    0.10065E-03
  767    0.99977E-04
  768    0.99310E-04
  769    0.98646E-04
  770    0.97988E-04
  771    0.97333E-04
  772    0.96683E-04
  773    0.96038E-04
  774    0.95396E-04
  775    0.94759E-04
  776    0.94127E-04
  777    0.93498E-04
  778    0.92873E-04
  779    0.92253E-04
  780    0.91637E-04
  781    0.91025E-04
  782    0.90417E-04
  783    0.89813E-04
  784    0.89213E-04
  785    0.88617E-04
  786    0.88026E-04
  787    0.87438E-04
  788    0.86854E-04
  789    0.86273E-04
  790    0.85697E-04
  791    0.85125E-04
  792    0.84556E-04
  793    0.83991E-04
  794    0.83430E-04
  795    0.82873E-04
  796    0.82319E-04
  797    0.81769E-04
  798    0.81223E-04
  799    0.80680E-04
  800    0.80141E-04
  801    0.79606E-04
  802    0.79074E-04
  803    0.78546E-04
  804    0.78021E-04
  805    0.77500E-04
  806    0.76982E-04
  807    0.76468E-04
  808    0.75957E-04
  809    0.75449E-04
  810    0.74945E-04
  811    0.74444E-04
  812    0.73947E-04
  813    0.73453E-04
  814    0.72962E-04
  815    0.72474E-04
  816    0.71990E-04
  817    0.71509E-04
  818    0.71031E-04
  819    0.70556E-04
  820    0.70085E-04
  821    0.69617E-04
  822    0.69151E-04
  823    0.68689E-04
  824    0.68230E-04
  825    0.67774E-04
  826    0.67321E-04
  827    0.66871E-04
  828    0.66424E-04
  829    0.65980E-04
  830    0.65539E-04
  831    0.65101E-04
  832    0.64666E-04
  833    0.64234E-04
  834    0.63805E-04
  835    0.63378E-04
  836    0.62955E-04
  837    0.62534E-04
  838    0.62116E-04
  839    0.61701E-04
  840    0.61288E-04
  841    0.60879E-04
  842    0.60472E-04
  843    0.60067E-04
  844    0.59666E-04
  845    0.59267E-04
  846    0.58871E-04
  847    0.58477E-04
  848    0.58086E-04
  849    0.57698E-04
  850    0.57312E-04
  851    0.56929E-04
  852    0.56549E-04
  853    0.56171E-04
  854    0.55795E-04
  855    0.55422E-04
  856    0.55052E-04
  857    0.54684E-04
  858    0.54318E-04
  859    0.53955E-04
  860    0.53594E-04
  861    0.53236E-04
  862    0.52880E-04
  863    0.52526E-04
  864    0.52175E-04
  865    0.51826E-04
  866    0.51480E-04
  867    0.51136E-04
  868    0.50794E-04
  869    0.50454E-04
  870    0.50117E-04
  871    0.49782E-04
  872    0.49449E-04
  873    0.49118E-04
  874    0.48790E-04
  875    0.48463E-04
  876    0.48139E-04
  877    0.47817E-04
  878    0.47498E-04
  879    0.47180E-04
  880    0.46865E-04
  881    0.46551E-04
  882    0.46240E-04
  883    0.45931E-04
  884    0.45624E-04
  885    0.45318E-04
  886    0.45015E-04
  887    0.44714E-04
  888    0.44415E-04
  889    0.44118E-04
  890    0.43823E-04
  891    0.43530E-04
  892    0.43239E-04
  893    0.42950E-04
  894    0.42663E-04
  895    0.42377E-04
  896    0.42094E-04
  897    0.41812E-04
  898    0.41533E-04
  899    0.41255E-04
  900    0.40979E-04
  901    0.40705E-04
  902    0.40433E-04
  903    0.40162E-04
  904    0.39894E-04
  905    0.39627E-04
  906    0.39362E-04
  907    0.39099E-04
  908    0.38837E-04
  909    0.38577E-04
  910    0.38319E-04
  911    0.38063E-04
  912    0.37808E-04
  913    0.37556E-04
  914    0.37304E-04
  915    0.37055E-04
  916    0.36807E-04
  917    0.36561E-04
  918    0.36316E-04
  919    0.36073E-04
  920    0.35832E-04
  921    0.35592E-04
  922    0.35354E-04
  923    0.35118E-04
  924    0.34883E-04
  925    0.34649E-04
  926    0.34418E-04
  927    0.34187E-04
  928    0.33959E-04
  929    0.33732E-04
  930    0.33506E-04
  931    0.33282E-04
  932    0.33059E-04
  933    0.32838E-04
  934    0.32618E-04
  935    0.32400E-04
  936    0.32183E-04
  937    0.31968E-04
  938    0.31754E-04
  939    0.31542E-04
  940    0.31331E-04
  941    0.31121E-04
  942    0.30913E-04
  943    0.30706E-04
  944    0.30501E-04
  945    0.30297E-04
  946    0.30094E-04
  947    0.29893E-04
  948    0.29693E-04
  949    0.29494E-04
  950    0.29297E-04
  951    0.29101E-04
  952    0.28906E-04
  953    0.28713E-04
  954    0.28521E-04
  955    0.28330E-04
  956    0.28140E-04
  957    0.27952E-04
  958    0.27765E-04
  959    0.27579E-04
  960    0.27395E-04
  961    0.27211E-04
  962    0.27029E-04
  963    0.26848E-04
  964    0.26669E-04
  965    0.26490E-04
  966    0.26313E-04
  967    0.26137E-04
  968    0.25962E-04
  969    0.25788E-04
  970    0.25616E-04
  971    0.25444E-04
  972    0.25274E-04
  973    0.25105E-04
  974    0.24937E-04
  975    0.24770E-04
  976    0.24605E-04
  977    0.24440E-04
  978    0.24276E-04
  979    0.24114E-04
  980    0.23953E-04
  981    0.23792E-04
  982    0.23633E-04
  983    0.23475E-04
  984    0.23318E-04
  985    0.23162E-04
  986    0.23007E-04
  987    0.22853E-04
  988    0.22700E-04
  989    0.22548E-04
  990    0.22397E-04
  991    0.22247E-04
  992    0.22098E-04
  993    0.21951E-04
  994    0.21804E-04
  995    0.21658E-04
  996    0.21513E-04
  997    0.21369E-04
  998    0.21226E-04
  999    0.21084E-04
 1000    0.20943E-04
 1001    0.20803E-04
 1002    0.20663E-04
 1003    0.20525E-04
 1004    0.20388E-04
 1005    0.20251E-04
 1006    0.20116E-04
 1007    0.19981E-04
 1008    0.19848E-04
 1009    0.19715E-04
 1010    0.19583E-04
 1011    0.19452E-04
 1012    0.19322E-04
 1013    0.19192E-04
 1014    0.19064E-04
 1015    0.18936E-04
 1016    0.18809E-04
 1017    0.18684E-04
 1018    0.18559E-04
 1019    0.18434E-04
 1020    0.18311E-04
 1021    0.18188E-04
 1022    0.18067E-04
 1023    0.17946E-04
 1024    0.17826E-04
 1025    0.17706E-04
 1026    0.17588E-04
 1027    0.17470E-04
 1028    0.17353E-04
 1029    0.17237E-04
 1030    0.17122E-04
 1031    0.17007E-04
 1032    0.16893E-04
 1033    0.16780E-04
 1034    0.16668E-04
 1035    0.16556E-04
 1036    0.16446E-04
 1037    0.16336E-04
 1038    0.16226E-04
 1039    0.16118E-04
 1040    0.16010E-04
 1041    0.15903E-04
 1042    0.15796E-04
 1043    0.15690E-04
 1044    0.15585E-04
 1045    0.15481E-04
 1046    0.15378E-04
 1047    0.15275E-04
 1048    0.15172E-04
 1049    0.15071E-04
 1050    0.14970E-04
 1051    0.14870E-04
 1052    0.14770E-04
 1053    0.14671E-04
 1054    0.14573E-04
 1055    0.14476E-04
 1056    0.14379E-04
 1057    0.14283E-04
 1058    0.14187E-04
 1059    0.14092E-04
 1060    0.13998E-04
 1061    0.13904E-04
 1062    0.13811E-04
 1063    0.13718E-04
 1064    0.13627E-04
 1065    0.13535E-04
 1066    0.13445E-04
 1067    0.13355E-04
 1068    0.13265E-04
 1069    0.13177E-04
 1070    0.13088E-04
 1071    0.13001E-04
 1072    0.12914E-04
 1073    0.12827E-04
 1074    0.12742E-04
 1075    0.12656E-04
 1076    0.12572E-04
 1077    0.12487E-04
 1078    0.12404E-04
 1079    0.12321E-04
 1080    0.12238E-04
 1081    0.12156E-04
 1082    0.12075E-04
 1083    0.11994E-04
 1084    0.11914E-04
 1085    0.11834E-04
 1086    0.11755E-04
 1087    0.11676E-04
 1088    0.11598E-04
 1089    0.11521E-04
 1090    0.11443E-04
 1091    0.11367E-04
 1092    0.11291E-04
 1093    0.11215E-04
 1094    0.11140E-04
 1095    0.11065E-04
 1096    0.10991E-04
 1097    0.10918E-04
 1098    0.10845E-04
 1099    0.10772E-04
 1100    0.10700E-04
 1101    0.10628E-04
 1102    0.10557E-04
 1103    0.10487E-04
 1104    0.10416E-04
 1105    0.10347E-04
 1106    0.10277E-04
 1107    0.10209E-04
 1108    0.10140E-04
 1109    0.10072E-04
 1110    0.10005E-04
 1111    0.99380E-05
 1112    0.98715E-05
 1113    0.98054E-05
 1114    0.97398E-05
 1115    0.96746E-05
 1116    0.96098E-05
 1117    0.95455E-05
 1118    0.94816E-05
 1119    0.94181E-05
 1120    0.93551E-05
 1121    0.92925E-05
 1122    0.92303E-05
 1123    0.91685E-05
 1124    0.91071E-05
 1125    0.90461E-05
 1126    0.89856E-05
 1127    0.89254E-05
 1128    0.88657E-05
 1129    0.88063E-05
 1130    0.87474E-05
 1131    0.86888E-05
 1132    0.86307E-05
 1133    0.85729E-05
 1134    0.85155E-05
 1135    0.84585E-05
 1136    0.84019E-05
 1137    0.83456E-05
 1138    0.82898E-05
 1139    0.82343E-05
 1140    0.81791E-05
 1141    0.81244E-05
 1142    0.80700E-05
 1143    0.80160E-05
 1144    0.79623E-05
 1145    0.79090E-05
 1146    0.78561E-05
 1147    0.78035E-05
 1148    0.77512E-05
 1149    0.76994E-05
 1150    0.76478E-05
 1151    0.75966E-05
 1152    0.75458E-05
 1153    0.74952E-05
 1154    0.74451E-05
 1155    0.73952E-05
 1156    0.73457E-05
 1157    0.72965E-05
 1158    0.72477E-05
 1159    0.71992E-05
 1160    0.71510E-05
 1161    0.71031E-05
 1162    0.70556E-05
 1163    0.70083E-05
 1164    0.69614E-05
 1165    0.69148E-05
 1166    0.68685E-05
 1167    0.68225E-05
 1168    0.67769E-05
 1169    0.67315E-05
 1170    0.66864E-05
 1171    0.66417E-05
 1172    0.65972E-05
 1173    0.65530E-05
 1174    0.65092E-05
 1175    0.64656E-05
 1176    0.64223E-05
 1177    0.63793E-05
 1178    0.63366E-05
 1179    0.62942E-05
 1180    0.62520E-05
 1181    0.62102E-05
 1182    0.61686E-05
 1183    0.61273E-05
 1184    0.60863E-05
 1185    0.60456E-05
 1186    0.60051E-05
 1187    0.59649E-05
 1188    0.59249E-05
 1189    0.58853E-05
 1190    0.58459E-05
 1191    0.58067E-05
 1192    0.57679E-05
 1193    0.57293E-05
 1194    0.56909E-05
 1195    0.56528E-05
 1196    0.56150E-05
 1197    0.55774E-05
 1198    0.55400E-05
 1199    0.55029E-05
 1200    0.54661E-05
 1201    0.54295E-05
 1202    0.53932E-05
 1203    0.53570E-05
 1204    0.53212E-05
 1205    0.52856E-05
 1206    0.52502E-05
 1207    0.52150E-05
 1208    0.51801E-05
 1209    0.51454E-05
 1210    0.51110E-05
 1211    0.50768E-05
 1212    0.50428E-05
 1213    0.50090E-05
 1214    0.49755E-05
 1215    0.49422E-05
 1216    0.49091E-05
 1217    0.48762E-05
 1218    0.48436E-05
 1219    0.48111E-05
 1220    0.47789E-05
 1221    0.47469E-05
 1222    0.47152E-05
 1223    0.46836E-05
 1224    0.46522E-05
 1225    0.46211E-05
 1226    0.45901E-05
 1227    0.45594E-05
 1228    0.45289E-05
 1229    0.44986E-05
 1230    0.44685E-05
 1231    0.44385E-05
 1232    0.44088E-05
 1233    0.43793E-05
 1234    0.43500E-05
 1235    0.43209E-05
 1236    0.42919E-05
 1237    0.42632E-05
 1238    0.42347E-05
 1239    0.42063E-05
 1240    0.41781E-05
 1241    0.41502E-05
 1242    0.41224E-05
 1243    0.40948E-05
 1244    0.40674E-05
 1245    0.40401E-05
 1246    0.40131E-05
 1247    0.39862E-05
 1248    0.39595E-05
 1249    0.39330E-05
 1250    0.39067E-05
 1251    0.38805E-05
 1252    0.38546E-05
 1253    0.38288E-05
 1254    0.38031E-05
 1255    0.37777E-05
 1256    0.37524E-05
 1257    0.37272E-05
 1258    0.37023E-05
 1259    0.36775E-05
 1260    0.36529E-05
 1261    0.36284E-05
 1262    0.36041E-05
 1263    0.35800E-05
 1264    0.35560E-05
 1265    0.35322E-05
 1266    0.35086E-05
 1267    0.34851E-05
 1268    0.34617E-05
 1269    0.34386E-05
 1270    0.34156E-05
 1271    0.33927E-05
 1272    0.33700E-05
 1273    0.33474E-05
 1274    0.33250E-05
 1275    0.33027E-05
 1276    0.32806E-05
 1277    0.32587E-05
 1278    0.32368E-05
 1279    0.32152E-05
 1280    0.31936E-05
 1281    0.31723E-05
 1282    0.31510E-05
 1283    0.31299E-05
 1284    0.31090E-05
 1285    0.30882E-05
 1286    0.30675E-05
 1287    0.30469E-05
 1288    0.30265E-05
 1289    0.30063E-05
 1290    0.29861E-05
 1291    0.29662E-05
 1292    0.29463E-05
 1293    0.29266E-05
 1294    0.29070E-05
 1295    0.28875E-05
 1296    0.28682E-05
 1297    0.28490E-05
 1298    0.28299E-05
 1299    0.28110E-05
 1300    0.27921E-05
 1301    0.27734E-05
 1302    0.27549E-05
 1303    0.27364E-05
 1304    0.27181E-05
 1305    0.26999E-05
 1306    0.26818E-05
 1307    0.26639E-05
 1308    0.26460E-05
 1309    0.26283E-05
 1310    0.26107E-05
 1311    0.25932E-05
 1312    0.25759E-05
 1313    0.25586E-05
 1314    0.25415E-05
 1315    0.25245E-05
 1316    0.25076E-05
 1317    0.24908E-05
 1318    0.24741E-05
 1319    0.24576E-05
 1320    0.24411E-05
 1321    0.24248E-05
 1322    0.24085E-05
 1323    0.23924E-05
 1324    0.23764E-05
 1325    0.23605E-05
 1326    0.23447E-05
 1327    0.23290E-05
 1328    0.23134E-05
 1329    0.22979E-05
 1330    0.22825E-05
 1331    0.22672E-05
 1332    0.22520E-05
 1333    0.22370E-05
 1334    0.22220E-05
 1335    0.22071E-05
 1336    0.21923E-05
 1337    0.21776E-05
 1338    0.21631E-05
 1339    0.21486E-05
 1340    0.21342E-05
 1341    0.21199E-05
 1342    0.21057E-05
 1343    0.20916E-05
 1344    0.20776E-05
 1345    0.20637E-05
 1346    0.20499E-05
 1347    0.20362E-05
 1348    0.20225E-05
 1349    0.20090E-05
 1350    0.19955E-05
 1351    0.19822E-05
 1352    0.19689E-05
 1353    0.19557E-05
 1354    0.19426E-05
 1355    0.19296E-05
 1356    0.19167E-05
 1357    0.19039E-05
 1358    0.18911E-05
 1359    0.18785E-05
 1360    0.18659E-05
 1361    0.18534E-05
 1362    0.18410E-05
 1363    0.18287E-05
 1364    0.18164E-05
 1365    0.18042E-05
 1366    0.17922E-05
 1367    0.17802E-05
 1368    0.17682E-05
 1369    0.17564E-05
 1370    0.17446E-05
 1371    0.17330E-05
 1372    0.17214E-05
 1373    0.17098E-05
 1374    0.16984E-05
 1375    0.16870E-05
 1376    0.16757E-05
 1377    0.16645E-05
 1378    0.16534E-05
 1379    0.16423E-05
 1380    0.16313E-05
 1381    0.16204E-05
 1382    0.16095E-05
 1383    0.15987E-05
 1384    0.15880E-05
 1385    0.15774E-05
 1386    0.15668E-05
 1387    0.15564E-05
 1388    0.15459E-05
 1389    0.15356E-05
 1390    0.15253E-05
 1391    0.15151E-05
 1392    0.15049E-05
 1393    0.14949E-05
 1394    0.14849E-05
 1395    0.14749E-05
 1396    0.14650E-05
 1397    0.14552E-05
 1398    0.14455E-05
 1399    0.14358E-05
 1400    0.14262E-05
 1401    0.14166E-05
 1402    0.14072E-05
 1403    0.13977E-05
 1404    0.13884E-05
 1405    0.13791E-05
 1406    0.13699E-05
 1407    0.13607E-05
 1408    0.13516E-05
 1409    0.13425E-05
 1410    0.13335E-05
 1411    0.13246E-05
 1412    0.13157E-05
 1413    0.13069E-05
 1414    0.12982E-05
 1415    0.12895E-05
 1416    0.12808E-05
 1417    0.12723E-05
 1418    0.12638E-05
 1419    0.12553E-05
 1420    0.12469E-05
 1421    0.12385E-05
 1422    0.12302E-05
 1423    0.12220E-05
 1424    0.12138E-05
 1425    0.12057E-05
 1426    0.11976E-05
 1427    0.11896E-05
 1428    0.11816E-05
 1429    0.11737E-05
 1430    0.11659E-05
 1431    0.11581E-05
 1432    0.11503E-05
 1433    0.11426E-05
 1434    0.11350E-05
 1435    0.11274E-05
 1436    0.11198E-05
 1437    0.11123E-05
 1438    0.11049E-05
 1439    0.10975E-05
 1440    0.10901E-05
 1441    0.10828E-05
 1442    0.10756E-05
 1443    0.10684E-05
 1444    0.10612E-05
 1445    0.10541E-05
 1446    0.10471E-05
 1447    0.10400E-05
 1448    0.10331E-05
 1449    0.10262E-05
 1450    0.10193E-05
 1451    0.10125E-05
 1452    0.10057E-05
 1453    0.99895E-06
 1454    0.99227E-06
 1455    0.98562E-06
 1456    0.97902E-06
 1457    0.97247E-06
 1458    0.96596E-06
 1459    0.95949E-06
 1460    0.95306E-06
 1461    0.94668E-06
 1462    0.94034E-06
 1463    0.93405E-06
 1464    0.92779E-06
 1465    0.92158E-06
 1466    0.91541E-06
 1467    0.90928E-06
 1468    0.90319E-06
 1469    0.89715E-06
 1470    0.89114E-06
 1471    0.88517E-06
 1472    0.87925E-06
 1473    0.87336E-06
 1474    0.86751E-06
 1475    0.86170E-06
 1476    0.85593E-06
 1477    0.85020E-06
 1478    0.84451E-06
 1479    0.83885E-06
 1480    0.83324E-06
 1481    0.82766E-06
 1482    0.82212E-06
 1483    0.81661E-06
 1484    0.81114E-06
 1485    0.80571E-06
 1486    0.80032E-06
 1487    0.79496E-06
 1488    0.78964E-06
 1489    0.78435E-06
 1490    0.77910E-06
 1491    0.77388E-06
 1492    0.76870E-06
 1493    0.76355E-06
 1494    0.75844E-06
 1495    0.75336E-06
 1496    0.74832E-06
 1497    0.74331E-06
 1498    0.73833E-06
 1499    0.73339E-06
 1500    0.72848E-06
 1501    0.72360E-06
 1502    0.71875E-06
 1503    0.71394E-06
 1504    0.70916E-06
 1505    0.70441E-06
 1506    0.69970E-06
 1507    0.69501E-06
 1508    0.69036E-06
 1509    0.68574E-06
 1510    0.68114E-06
 1511    0.67658E-06
 1512    0.67205E-06
 1513    0.66755E-06
 1514    0.66308E-06
 1515    0.65864E-06
 1516    0.65423E-06
 1517    0.64985E-06
 1518    0.64550E-06
 1519    0.64118E-06
 1520    0.63689E-06
 1521    0.63262E-06
 1522    0.62839E-06
 1523    0.62418E-06
 1524    0.62000E-06
 1525    0.61585E-06
 1526    0.61172E-06
 1527    0.60763E-06
 1528    0.60356E-06
 1529    0.59952E-06
 1530    0.59550E-06
 1531    0.59152E-06
 1532    0.58756E-06
 1533    0.58362E-06
 1534    0.57971E-06
 1535    0.57583E-06
 1536    0.57198E-06
 1537    0.56815E-06
 1538    0.56434E-06
 1539    0.56057E-06
 1540    0.55681E-06
 1541    0.55308E-06
 1542    0.54938E-06
 1543    0.54570E-06
 1544    0.54205E-06
 1545    0.53842E-06
 1546    0.53481E-06
 1547    0.53123E-06
 1548    0.52768E-06
 1549    0.52414E-06
 1550    0.52063E-06
 1551    0.51715E-06
 1552    0.51368E-06
 1553    0.51024E-06
 1554    0.50683E-06
 1555    0.50343E-06
 1556    0.50006E-06
 1557    0.49672E-06
 1558    0.49339E-06
 1559    0.49009E-06
 1560    0.48680E-06
 1561    0.48355E-06
 1562    0.48031E-06
 1563    0.47709E-06
 1564    0.47390E-06
 1565    0.47072E-06
 1566    0.46757E-06
 1567    0.46444E-06
 1568    0.46133E-06
 1569    0.45824E-06
 1570    0.45517E-06
 1571    0.45213E-06
 1572    0.44910E-06
 1573    0.44609E-06
 1574    0.44311E-06
 1575    0.44014E-06
 1576    0.43719E-06
 1577    0.43426E-06
 1578    0.43136E-06
 1579    0.42847E-06
 1580    0.42560E-06
 1581    0.42275E-06
 1582    0.41992E-06
 1583    0.41711E-06
 1584    0.41431E-06
 1585    0.41154E-06
 1586    0.40878E-06
 1587    0.40605E-06
 1588    0.40333E-06
 1589    0.40063E-06
 1590    0.39795E-06
 1591    0.39528E-06
 1592    0.39263E-06
 1593    0.39001E-06
 1594    0.38739E-06
 1595    0.38480E-06
 1596    0.38222E-06
 1597    0.37966E-06
 1598    0.37712E-06
 1599    0.37460E-06
 1600    0.37209E-06
 1601    0.36960E-06
 1602    0.36712E-06
 1603    0.36466E-06
 1604    0.36222E-06
 1605    0.35980E-06
 1606    0.35739E-06
 1607    0.35500E-06
 1608    0.35262E-06
 1609    0.35026E-06
 1610    0.34791E-06
 1611    0.34558E-06
 1612    0.34327E-06
 1613    0.34097E-06
 1614    0.33869E-06
 1615    0.33642E-06
 1616    0.33417E-06
 1617    0.33193E-06
 1618    0.32971E-06
 1619    0.32750E-06
 1620    0.32531E-06
 1621    0.32313E-06
 1622    0.32096E-06
 1623    0.31882E-06
 1624    0.31668E-06
 1625    0.31456E-06
 1626    0.31245E-06
 1627    0.31036E-06
 1628    0.30828E-06
 1629    0.30622E-06
 1630    0.30417E-06
 1631    0.30213E-06
 1632    0.30011E-06
 1633    0.29810E-06
 1634    0.29610E-06
 1635    0.29412E-06
 1636    0.29215E-06
 1637    0.29020E-06
 1638    0.28825E-06
 1639    0.28632E-06
 1640    0.28441E-06
 1641    0.28250E-06
 1642    0.28061E-06
 1643    0.27873E-06
 1644    0.27687E-06
 1645    0.27501E-06
 1646    0.27317E-06
 1647    0.27134E-06
 1648    0.26952E-06
 1649    0.26772E-06
 1650    0.26593E-06
 1651    0.26415E-06
 1652    0.26238E-06
 1653    0.26062E-06
 1654    0.25888E-06
 1655    0.25714E-06
 1656    0.25542E-06
 1657    0.25371E-06
 1658    0.25201E-06
 1659    0.25032E-06
 1660    0.24865E-06
 1661    0.24698E-06
 1662    0.24533E-06
 1663    0.24369E-06
 1664    0.24205E-06
 1665    0.24043E-06
 1666    0.23882E-06
 1667    0.23723E-06
 1668    0.23564E-06
 1669    0.23406E-06
 1670    0.23249E-06
 1671    0.23094E-06
 1672    0.22939E-06
 1673    0.22785E-06
 1674    0.22633E-06
 1675    0.22481E-06
 1676    0.22331E-06
 1677    0.22181E-06
 1678    0.22033E-06
 1679    0.21885E-06
 1680    0.21739E-06
 1681    0.21593E-06
 1682    0.21448E-06
 1683    0.21305E-06
 1684    0.21162E-06
 1685    0.21020E-06
 1686    0.20880E-06
 1687    0.20740E-06
 1688    0.20601E-06
 1689    0.20463E-06
 1690    0.20326E-06
 1691    0.20190E-06
 1692    0.20055E-06
 1693    0.19921E-06
 1694    0.19787E-06
 1695    0.19655E-06
 1696    0.19523E-06
 1697    0.19392E-06
 1698    0.19262E-06
 1699    0.19133E-06
 1700    0.19005E-06
 1701    0.18878E-06
 1702    0.18752E-06
 1703    0.18626E-06
 1704    0.18501E-06
 1705    0.18378E-06
 1706    0.18255E-06
 1707    0.18132E-06
 1708    0.18011E-06
 1709    0.17890E-06
 1710    0.17770E-06
 1711    0.17652E-06
 1712    0.17533E-06
 1713    0.17416E-06
 1714    0.17299E-06
 1715    0.17183E-06
 1716    0.17068E-06
 1717    0.16954E-06
 1718    0.16841E-06
 1719    0.16728E-06
 1720    0.16616E-06
 1721    0.16505E-06
 1722    0.16394E-06
 1723    0.16284E-06
 1724    0.16175E-06
 1725    0.16067E-06
 1726    0.15959E-06
 1727    0.15853E-06
 1728    0.15746E-06
 1729    0.15641E-06
 1730    0.15536E-06
 1731    0.15432E-06
 1732    0.15329E-06
 1733    0.15226E-06
 1734    0.15124E-06
 1735    0.15023E-06
 1736    0.14922E-06
 1737    0.14822E-06
 1738    0.14723E-06
 1739    0.14625E-06
 1740    0.14527E-06
 1741    0.14429E-06
 1742    0.14333E-06
 1743    0.14237E-06
 1744    0.14142E-06
 1745    0.14047E-06
 1746    0.13953E-06
 1747    0.13859E-06
 1748    0.13767E-06
 1749    0.13674E-06
 1750    0.13583E-06
 1751    0.13492E-06
 1752    0.13402E-06
 1753    0.13312E-06
 1754    0.13223E-06
 1755    0.13134E-06
 1756    0.13046E-06
 1757    0.12959E-06
 1758    0.12872E-06
 1759    0.12786E-06
 1760    0.12700E-06
 1761    0.12615E-06
 1762    0.12531E-06
 1763    0.12447E-06
 1764    0.12364E-06
 1765    0.12281E-06
 1766    0.12199E-06
 1767    0.12117E-06
 1768    0.12036E-06
 1769    0.11955E-06
 1770    0.11875E-06
 1771    0.11796E-06
 1772    0.11717E-06
 1773    0.11638E-06
 1774    0.11560E-06
 1775    0.11483E-06
 1776    0.11406E-06
 1777    0.11330E-06
 1778    0.11254E-06
 1779    0.11178E-06
 1780    0.11103E-06
 1781    0.11029E-06
 1782    0.10955E-06
 1783    0.10882E-06
 1784    0.10809E-06
 1785    0.10737E-06
 1786    0.10665E-06
 1787    0.10593E-06
 1788    0.10522E-06
 1789    0.10452E-06
 1790    0.10382E-06
 1791    0.10313E-06
 1792    0.10243E-06
 1793    0.10175E-06
 1794    0.10107E-06
 1795    0.10039E-06
 1796    0.99719E-07
 1797    0.99051E-07
 1798    0.98388E-07
 1799    0.97729E-07
 1800    0.97074E-07
 1801    0.96424E-07
 1802    0.95779E-07
 1803    0.95138E-07
 1804    0.94501E-07
 1805    0.93868E-07
 1806    0.93239E-07
 1807    0.92615E-07
 1808    0.91995E-07
 1809    0.91379E-07
 1810    0.90767E-07
 1811    0.90159E-07
 1812    0.89556E-07
 1813    0.88956E-07
 1814    0.88360E-07
 1815    0.87769E-07
 1816    0.87181E-07
 1817    0.86597E-07
 1818    0.86017E-07
 1819    0.85441E-07
 1820    0.84869E-07
 1821    0.84301E-07
 1822    0.83737E-07
 1823    0.83176E-07
 1824    0.82619E-07
 1825    0.82066E-07
 1826    0.81516E-07
 1827    0.80970E-07
 1828    0.80428E-07
 1829    0.79890E-07
 1830    0.79355E-07
 1831    0.78823E-07
 1832    0.78296E-07
 1833    0.77771E-07
 1834    0.77251E-07
 1835    0.76733E-07
 1836    0.76220E-07
 1837    0.75709E-07
 1838    0.75202E-07
 1839    0.74699E-07
 1840    0.74199E-07
 1841    0.73702E-07
 1842    0.73208E-07
 1843    0.72718E-07
 1844    0.72231E-07
 1845    0.71748E-07
 1846    0.71267E-07
 1847    0.70790E-07
 1848    0.70316E-07
 1849    0.69845E-07
 1850    0.69378E-07
 1851    0.68913E-07
 1852    0.68452E-07
 1853    0.67993E-07
 1854    0.67538E-07
 1855    0.67086E-07
 1856    0.66637E-07
 1857    0.66190E-07
 1858    0.65747E-07
 1859    0.65307E-07
 1860    0.64870E-07
 1861    0.64435E-07
 1862    0.64004E-07
 1863    0.63575E-07
 1864    0.63150E-07
 1865    0.62727E-07
 1866    0.62307E-07
 1867    0.61890E-07
 1868    0.61475E-07
 1869    0.61064E-07
 1870    0.60655E-07
 1871    0.60249E-07
 1872    0.59845E-07
 1873    0.59444E-07
 1874    0.59046E-07
 1875    0.58651E-07
 1876    0.58258E-07
 1877    0.57868E-07
 1878    0.57481E-07
 1879    0.57096E-07
 1880    0.56714E-07
 1881    0.56334E-07
 1882    0.55957E-07
 1883    0.55582E-07
 1884    0.55210E-07
 1885    0.54840E-07
 1886    0.54473E-07
 1887    0.54108E-07
 1888    0.53746E-07
 1889    0.53386E-07
 1890    0.53029E-07
 1891    0.52674E-07
 1892    0.52321E-07
 1893    0.51971E-07
 1894    0.51623E-07
 1895    0.51277E-07
 1896    0.50934E-07
 1897    0.50592E-07
 1898    0.50254E-07
 1899    0.49917E-07
 1900    0.49583E-07
 1901    0.49251E-07
 1902    0.48921E-07
 1903    0.48594E-07
 1904    0.48268E-07
 1905    0.47945E-07
 1906    0.47624E-07
 1907    0.47305E-07
 1908    0.46988E-07
 1909    0.46674E-07
 1910    0.46361E-07
 1911    0.46051E-07
 1912    0.45743E-07
 1913    0.45436E-07
 1914    0.45132E-07
 1915    0.44830E-07
 1916    0.44530E-07
 1917    0.44232E-07
 1918    0.43935E-07
 1919    0.43641E-07
 1920    0.43349E-07
 1921    0.43059E-07
 1922    0.42770E-07
 1923    0.42484E-07
 1924    0.42200E-07
 1925    0.41917E-07
 1926    0.41636E-07
 1927    0.41358E-07
 1928    0.41081E-07
 1929    0.40806E-07
 1930    0.40532E-07
 1931    0.40261E-07
 1932    0.39991E-07
 1933    0.39724E-07
 1934    0.39458E-07
 1935    0.39193E-07
 1936    0.38931E-07
 1937    0.38670E-07
 1938    0.38411E-07
 1939    0.38154E-07
 1940    0.37899E-07
 1941    0.37645E-07
 1942    0.37393E-07
 1943    0.37142E-07
 1944    0.36894E-07
 1945    0.36647E-07
 1946    0.36401E-07
 1947    0.36158E-07
 1948    0.35916E-07
 1949    0.35675E-07
 1950    0.35436E-07
 1951    0.35199E-07
 1952    0.34963E-07
 1953    0.34729E-07
 1954    0.34497E-07
 1955    0.34266E-07
 1956    0.34036E-07
 1957    0.33808E-07
 1958    0.33582E-07
 1959    0.33357E-07
 1960    0.33134E-07
 1961    0.32912E-07
 1962    0.32691E-07
 1963    0.32473E-07
 1964    0.32255E-07
 1965    0.32039E-07
 1966    0.31825E-07
 1967    0.31612E-07
 1968    0.31400E-07
 1969    0.31190E-07
 1970    0.30981E-07
 1971    0.30773E-07
 1972    0.30567E-07
 1973    0.30363E-07
 1974    0.30159E-07
 1975    0.29957E-07
 1976    0.29757E-07
 1977    0.29558E-07
 1978    0.29360E-07
 1979    0.29163E-07
 1980    0.28968E-07
 1981    0.28774E-07
 1982    0.28581E-07
 1983    0.28390E-07
 1984    0.28200E-07
 1985    0.28011E-07
 1986    0.27823E-07
 1987    0.27637E-07
 1988    0.27452E-07
 1989    0.27268E-07
 1990    0.27086E-07
 1991    0.26904E-07
 1992    0.26724E-07
 1993    0.26545E-07
 1994    0.26367E-07
 1995    0.26191E-07
 1996    0.26015E-07
 1997    0.25841E-07
 1998    0.25668E-07
 1999    0.25496E-07
 2000    0.25326E-07
 2001    0.25156E-07
 2002    0.24988E-07
 2003    0.24820E-07
 2004    0.24654E-07
 2005    0.24489E-07
 2006    0.24325E-07
 2007    0.24162E-07
 2008    0.24000E-07
 2009    0.23840E-07
 2010    0.23680E-07
 2011    0.23522E-07
 2012    0.23364E-07
 2013    0.23208E-07
 2014    0.23052E-07
 2015    0.22898E-07
 2016    0.22745E-07
 2017    0.22592E-07
 2018    0.22441E-07
 2019    0.22291E-07
 2020    0.22141E-07
 2021    0.21993E-07
 2022    0.21846E-07
 2023    0.21700E-07
 2024    0.21554E-07
 2025    0.21410E-07
 2026    0.21267E-07
 2027    0.21124E-07
 2028    0.20983E-07
 2029    0.20842E-07
 2030    0.20703E-07
 2031    0.20564E-07
 2032    0.20426E-07
 2033    0.20290E-07
 2034    0.20154E-07
 2035    0.20019E-07
 2036    0.19885E-07
 2037    0.19752E-07
 2038    0.19619E-07
 2039    0.19488E-07
 2040    0.19358E-07
 2041    0.19228E-07
 2042    0.19099E-07
 2043    0.18971E-07
 2044    0.18844E-07
 2045    0.18718E-07
 2046    0.18593E-07
 2047    0.18468E-07
 2048    0.18345E-07
 2049    0.18222E-07
 2050    0.18100E-07
 2051    0.17979E-07
 2052    0.17858E-07
 2053    0.17739E-07
 2054    0.17620E-07
 2055    0.17502E-07
 2056    0.17385E-07
 2057    0.17268E-07
 2058    0.17153E-07
 2059    0.17038E-07
 2060    0.16924E-07
 2061    0.16810E-07
 2062    0.16698E-07
 2063    0.16586E-07
 2064    0.16475E-07
 2065    0.16365E-07
 2066    0.16255E-07
 2067    0.16146E-07
 2068    0.16038E-07
 2069    0.15931E-07
 2070    0.15824E-07
 2071    0.15718E-07
 2072    0.15613E-07
 2073    0.15508E-07
 2074    0.15405E-07
 2075    0.15301E-07
 2076    0.15199E-07
 2077    0.15097E-07
 2078    0.14996E-07
 2079    0.14896E-07
 2080    0.14796E-07
 2081    0.14697E-07
 2082    0.14598E-07
 2083    0.14501E-07
 2084    0.14404E-07
 2085    0.14307E-07
 2086    0.14211E-07
 2087    0.14116E-07
 2088    0.14022E-07
 2089    0.13928E-07
 2090    0.13835E-07
 2091    0.13742E-07
 2092    0.13650E-07
 2093    0.13559E-07
 2094    0.13468E-07
 2095    0.13378E-07
 2096    0.13288E-07
 2097    0.13199E-07
 2098    0.13111E-07
 2099    0.13023E-07
 2100    0.12936E-07
 2101    0.12849E-07
 2102    0.12763E-07
 2103    0.12678E-07
 2104    0.12593E-07
 2105    0.12508E-07
 2106    0.12425E-07
 2107    0.12341E-07
 2108    0.12259E-07
 2109    0.12177E-07
 2110    0.12095E-07
 2111    0.12014E-07
 2112    0.11934E-07
 2113    0.11854E-07
 2114    0.11774E-07
 2115    0.11696E-07
 2116    0.11617E-07
 2117    0.11539E-07
 2118    0.11462E-07
 2119    0.11385E-07
 2120    0.11309E-07
 2121    0.11234E-07
 2122    0.11158E-07
 2123    0.11084E-07
 2124    0.11009E-07
 2125    0.10936E-07
 2126    0.10862E-07
 2127    0.10790E-07
 2128    0.10717E-07
 2129    0.10646E-07
 2130    0.10574E-07
 2131    0.10504E-07
 2132    0.10433E-07
 2133    0.10363E-07
 2134    0.10294E-07
 2135    0.10225E-07
 2136    0.10157E-07
 2137    0.10089E-07
 2138    0.10021E-07
 2139    0.99540E-08

iteration:   2139
norm_x =     0.18704E+03
time =   38.2826
