2 processes:
    1    0.17091E+01
    2    0.13867E+01
    3    0.11300E+01
    4    0.92285E+00
    5    0.75583E+00
    6    0.62144E+00
    7    0.51355E+00
    8    0.42713E+00
    9    0.35806E+00
   10    0.30299E+00
   11    0.25917E+00
   12    0.22435E+00
   13    0.19668E+00
   14    0.17465E+00
   15    0.15705E+00
   16    0.14288E+00
   17    0.13137E+00
   18    0.12191E+00
   19    0.11401E+00
   20    0.10734E+00
   21    0.10160E+00
   22    0.96601E-01
   23    0.92189E-01
   24    0.88249E-01
   25    0.84694E-01
   26    0.81459E-01
   27    0.78492E-01
   28    0.75755E-01
   29    0.73216E-01
   30    0.70850E-01
   31    0.68638E-01
   32    0.66562E-01
   33    0.64608E-01
   34    0.62765E-01
   35    0.61022E-01
   36    0.59371E-01
   37    0.57804E-01
   38    0.56314E-01
   39    0.54895E-01
   40    0.53542E-01
   41    0.52251E-01
   42    0.51016E-01
   43    0.49834E-01
   44    0.48701E-01
   45    0.47615E-01
   46    0.46572E-01
   47    0.45570E-01
   48    0.44606E-01
   49    0.43678E-01
   50    0.42784E-01
   51    0.41922E-01
   52    0.41089E-01
   53    0.40286E-01
   54    0.39509E-01
   55    0.38758E-01
   56    0.38031E-01
   57    0.37327E-01
   58    0.36645E-01
   59    0.35984E-01
   60    0.35342E-01
   61    0.34720E-01
   62    0.34115E-01
   63    0.33528E-01
   64    0.32957E-01
   65    0.32401E-01
   66    0.31861E-01
   67    0.31335E-01
   68    0.30823E-01
   69    0.30325E-01
   70    0.29839E-01
   71    0.29365E-01
   72    0.28903E-01
   73    0.28452E-01
   74    0.28012E-01
   75    0.27583E-01
   76    0.27164E-01
   77    0.26755E-01
   78    0.26355E-01
   79    0.25964E-01
   80    0.25582E-01
   81    0.25209E-01
   82    0.24844E-01
   83    0.24487E-01
   84    0.24137E-01
   85    0.23795E-01
   86    0.23461E-01
   87    0.23133E-01
   88    0.22812E-01
   89    0.22498E-01
   90    0.22190E-01
   91    0.21888E-01
   92    0.21593E-01
   93    0.21303E-01
   94    0.21020E-01
   95    0.20741E-01
   96    0.20468E-01
   97    0.20201E-01
   98    0.19938E-01
   99    0.19681E-01
  100    0.19428E-01
  101    0.19180E-01
  102    0.18937E-01
  103    0.18698E-01
  104    0.18464E-01
  105    0.18234E-01
  106    0.18008E-01
  107    0.17786E-01
  108    0.17569E-01
  109    0.17355E-01
  110    0.17144E-01
  111    0.16938E-01
  112    0.16735E-01
  113    0.16535E-01
  114    0.16340E-01
  115    0.16147E-01
  116    0.15958E-01
  117    0.15771E-01
  118    0.15588E-01
  119    0.15409E-01
  120    0.15232E-01
  121    0.15058E-01
  122    0.14886E-01
  123    0.14718E-01
  124    0.14552E-01
  125    0.14389E-01
  126    0.14229E-01
  127    0.14071E-01
  128    0.13916E-01
  129    0.13763E-01
  130    0.13613E-01
  131    0.13465E-01
  132    0.13319E-01
  133    0.13175E-01
  134    0.13034E-01
  135    0.12895E-01
  136    0.12758E-01
  137    0.12623E-01
  138    0.12490E-01
  139    0.12359E-01
  140    0.12230E-01
  141    0.12103E-01
  142    0.11978E-01
  143    0.11854E-01
  144    0.11733E-01
  145    0.11613E-01
  146    0.11495E-01
  147    0.11378E-01
  148    0.11263E-01
  149    0.11150E-01
  150    0.11039E-01
  151    0.10929E-01
  152    0.10820E-01
  153    0.10713E-01
  154    0.10608E-01
  155    0.10504E-01
  156    0.10401E-01
  157    0.10300E-01
  158    0.10201E-01
  159    0.10102E-01
  160    0.10005E-01
  161    0.99091E-02
  162    0.98146E-02
  163    0.97213E-02
  164    0.96292E-02
  165    0.95383E-02
  166    0.94486E-02
  167    0.93601E-02
  168    0.92728E-02
  169    0.91865E-02
  170    0.91014E-02
  171    0.90173E-02
  172    0.89343E-02
  173    0.88523E-02
  174    0.87714E-02
  175    0.86915E-02
  176    0.86125E-02
  177    0.85346E-02
  178    0.84576E-02
  179    0.83815E-02
  180    0.83064E-02
  181    0.82322E-02
  182    0.81589E-02
  183    0.80864E-02
  184    0.80149E-02
  185    0.79441E-02
  186    0.78743E-02
  187    0.78052E-02
  188    0.77370E-02
  189    0.76695E-02
  190    0.76028E-02
  191    0.75369E-02
  192    0.74718E-02
  193    0.74074E-02
  194    0.73437E-02
  195    0.72808E-02
  196    0.72186E-02
  197    0.71571E-02
  198    0.70962E-02
  199    0.70361E-02
  200    0.69766E-02
  201    0.69178E-02
  202    0.68596E-02
  203    0.68021E-02
  204    0.67452E-02
  205    0.66889E-02
  206    0.66332E-02
  207    0.65781E-02
  208    0.65236E-02
  209    0.64697E-02
  210    0.64164E-02
  211    0.63636E-02
  212    0.63114E-02
  213    0.62597E-02
  214    0.62086E-02
  215    0.61580E-02
  216    0.61079E-02
  217    0.60584E-02
  218    0.60093E-02
  219    0.59608E-02
  220    0.59127E-02
  221    0.58652E-02
  222    0.58181E-02
  223    0.57715E-02
  224    0.57254E-02
  225    0.56797E-02
  226    0.56345E-02
  227    0.55897E-02
  228    0.55454E-02
  229    0.55015E-02
  230    0.54580E-02
  231    0.54150E-02
  232    0.53724E-02
  233    0.53302E-02
  234    0.52884E-02
  235    0.52470E-02
  236    0.52060E-02
  237    0.51654E-02
  238    0.51252E-02
  239    0.50854E-02
  240    0.50459E-02
  241    0.50068E-02
  242    0.49681E-02
  243    0.49297E-02
  244    0.48917E-02
  245    0.48541E-02
  246    0.48168E-02
  247    0.47798E-02
  248    0.47432E-02
  249    0.47069E-02
  250    0.46710E-02
  251    0.46354E-02
  252    0.46001E-02
  253    0.45651E-02
  254    0.45304E-02
  255    0.44961E-02
  256    0.44620E-02
  257    0.44283E-02
  258    0.43948E-02
  259    0.43617E-02
  260    0.43289E-02
  261    0.42963E-02
  262    0.42640E-02
  263    0.42320E-02
  264    0.42003E-02
  265    0.41689E-02
  266    0.41377E-02
  267    0.41068E-02
  268    0.40762E-02
  269    0.40458E-02
  270    0.40157E-02
  271    0.39859E-02
  272    0.39563E-02
  273    0.39269E-02
  274    0.38978E-02
  275    0.38690E-02
  276    0.38404E-02
  277    0.38120E-02
  278    0.37839E-02
  279    0.37560E-02
  280    0.37284E-02
  281    0.37010E-02
  282    0.36738E-02
  283    0.36468E-02
  284    0.36201E-02
  285    0.35935E-02
  286    0.35672E-02
  287    0.35411E-02
  288    0.35153E-02
  289    0.34896E-02
  290    0.34641E-02
  291    0.34389E-02
  292    0.34139E-02
  293    0.33890E-02
  294    0.33644E-02
  295    0.33399E-02
  296    0.33157E-02
  297    0.32916E-02
  298    0.32678E-02
  299    0.32441E-02
  300    0.32207E-02
  301    0.31974E-02
  302    0.31743E-02
  303    0.31513E-02
  304    0.31286E-02
  305    0.31060E-02
  306    0.30837E-02
  307    0.30615E-02
  308    0.30394E-02
  309    0.30176E-02
  310    0.29959E-02
  311    0.29744E-02
  312    0.29530E-02
  313    0.29319E-02
  314    0.29108E-02
  315    0.28900E-02
  316    0.28693E-02
  317    0.28488E-02
  318    0.28284E-02
  319    0.28082E-02
  320    0.27881E-02
  321    0.27682E-02
  322    0.27484E-02
  323    0.27288E-02
  324    0.27094E-02
  325    0.26901E-02
  326    0.26709E-02
  327    0.26519E-02
  328    0.26331E-02
  329    0.26143E-02
  330    0.25958E-02
  331    0.25773E-02
  332    0.25590E-02
  333    0.25409E-02
  334    0.25228E-02
  335    0.25049E-02
  336    0.24872E-02
  337    0.24696E-02
  338    0.24521E-02
  339    0.24347E-02
  340    0.24175E-02
  341    0.24004E-02
  342    0.23834E-02
  343    0.23666E-02
  344    0.23499E-02
  345    0.23333E-02
  346    0.23168E-02
  347    0.23005E-02
  348    0.22842E-02
  349    0.22681E-02
  350    0.22521E-02
  351    0.22363E-02
  352    0.22205E-02
  353    0.22049E-02
  354    0.21894E-02
  355    0.21739E-02
  356    0.21587E-02
  357    0.21435E-02
  358    0.21284E-02
  359    0.21134E-02
  360    0.20986E-02
  361    0.20839E-02
  362    0.20692E-02
  363    0.20547E-02
  364    0.20403E-02
  365    0.20260E-02
  366    0.20118E-02
  367    0.19976E-02
  368    0.19836E-02
  369    0.19697E-02
  370    0.19559E-02
  371    0.19422E-02
  372    0.19286E-02
  373    0.19151E-02
  374    0.19017E-02
  375    0.18884E-02
  376    0.18752E-02
  377    0.18621E-02
  378    0.18491E-02
  379    0.18361E-02
  380    0.18233E-02
  381    0.18106E-02
  382    0.17979E-02
  383    0.17854E-02
  384    0.17729E-02
  385    0.17605E-02
  386    0.17482E-02
  387    0.17360E-02
  388    0.17239E-02
  389    0.17119E-02
  390    0.16999E-02
  391    0.16881E-02
  392    0.16763E-02
  393    0.16646E-02
  394    0.16530E-02
  395    0.16415E-02
  396    0.16300E-02
  397    0.16187E-02
  398    0.16074E-02
  399    0.15962E-02
  400    0.15851E-02
  401    0.15741E-02
  402    0.15631E-02
  403    0.15522E-02
  404    0.15414E-02
  405    0.15307E-02
  406    0.15200E-02
  407    0.15095E-02
  408    0.14990E-02
  409    0.14885E-02
  410    0.14782E-02
  411    0.14679E-02
  412    0.14577E-02
  413    0.14476E-02
  414    0.14375E-02
  415    0.14275E-02
  416    0.14176E-02
  417    0.14078E-02
  418    0.13980E-02
  419    0.13883E-02
  420    0.13786E-02
  421    0.13691E-02
  422    0.13595E-02
  423    0.13501E-02
  424    0.13407E-02
  425    0.13314E-02
  426    0.13222E-02
  427    0.13130E-02
  428    0.13039E-02
  429    0.12949E-02
  430    0.12859E-02
  431    0.12770E-02
  432    0.12681E-02
  433    0.12593E-02
  434    0.12506E-02
  435    0.12419E-02
  436    0.12333E-02
  437    0.12247E-02
  438    0.12162E-02
  439    0.12078E-02
  440    0.11994E-02
  441    0.11911E-02
  442    0.11829E-02
  443    0.11747E-02
  444    0.11665E-02
  445    0.11585E-02
  446    0.11504E-02
  447    0.11425E-02
  448    0.11345E-02
  449    0.11267E-02
  450    0.11189E-02
  451    0.11111E-02
  452    0.11034E-02
  453    0.10958E-02
  454    0.10882E-02
  455    0.10807E-02
  456    0.10732E-02
  457    0.10658E-02
  458    0.10584E-02
  459    0.10511E-02
  460    0.10438E-02
  461    0.10366E-02
  462    0.10294E-02
  463    0.10223E-02
  464    0.10152E-02
  465    0.10082E-02
  466    0.10012E-02
  467    0.99426E-03
  468    0.98738E-03
  469    0.98055E-03
  470    0.97377E-03
  471    0.96703E-03
  472    0.96034E-03
  473    0.95370E-03
  474    0.94710E-03
  475    0.94055E-03
  476    0.93405E-03
  477    0.92759E-03
  478    0.92117E-03
  479    0.91480E-03
  480    0.90848E-03
  481    0.90220E-03
  482    0.89596E-03
  483    0.88977E-03
  484    0.88361E-03
  485    0.87751E-03
  486    0.87144E-03
  487    0.86542E-03
  488    0.85943E-03
  489    0.85349E-03
  490    0.84760E-03
  491    0.84174E-03
  492    0.83592E-03
  493    0.83014E-03
  494    0.82441E-03
  495    0.81871E-03
  496    0.81305E-03
  497    0.80743E-03
  498    0.80185E-03
  499    0.79631E-03
  500    0.79081E-03
  501    0.78535E-03
  502    0.77992E-03
  503    0.77453E-03
  504    0.76918E-03
  505    0.76387E-03
  506    0.75859E-03
  507    0.75335E-03
  508    0.74815E-03
  509    0.74298E-03
  510    0.73785E-03
  511    0.73275E-03
  512    0.72769E-03
  513    0.72266E-03
  514    0.71767E-03
  515    0.71272E-03
  516    0.70779E-03
  517    0.70291E-03
  518    0.69805E-03
  519    0.69323E-03
  520    0.68844E-03
  521    0.68369E-03
  522    0.67897E-03
  523    0.67428E-03
  524    0.66963E-03
  525    0.66500E-03
  526    0.66041E-03
  527    0.65585E-03
  528    0.65132E-03
  529    0.64683E-03
  530    0.64236E-03
  531    0.63792E-03
  532    0.63352E-03
  533    0.62915E-03
  534    0.62480E-03
  535    0.62049E-03
  536    0.61621E-03
  537    0.61195E-03
  538    0.60773E-03
  539    0.60353E-03
  540    0.59937E-03
  541    0.59523E-03
  542    0.59112E-03
  543    0.58704E-03
  544    0.58299E-03
  545    0.57896E-03
  546    0.57497E-03
  547    0.57100E-03
  548    0.56706E-03
  549    0.56315E-03
  550    0.55926E-03
  551    0.55540E-03
  552    0.55157E-03
  553    0.54776E-03
  554    0.54398E-03
  555    0.54022E-03
  556    0.53650E-03
  557    0.53279E-03
  558    0.52912E-03
  559    0.52546E-03
  560    0.52184E-03
  561    0.51824E-03
  562    0.51466E-03
  563    0.51111E-03
  564    0.50758E-03
  565    0.50408E-03
  566    0.50060E-03
  567    0.49715E-03
  568    0.49372E-03
  569    0.49031E-03
  570    0.48693E-03
  571    0.48357E-03
  572    0.48023E-03
  573    0.47692E-03
  574    0.47363E-03
  575    0.47036E-03
  576    0.46711E-03
  577    0.46389E-03
  578    0.46069E-03
  579    0.45751E-03
  580    0.45435E-03
  581    0.45122E-03
  582    0.44811E-03
  583    0.44501E-03
  584    0.44194E-03
  585    0.43889E-03
  586    0.43587E-03
  587    0.43286E-03
  588    0.42987E-03
  589    0.42691E-03
  590    0.42396E-03
  591    0.42104E-03
  592    0.41813E-03
  593    0.41525E-03
  594    0.41238E-03
  595    0.40954E-03
  596    0.40671E-03
  597    0.40391E-03
  598    0.40112E-03
  599    0.39835E-03
  600    0.39561E-03
  601    0.39288E-03
  602    0.39017E-03
  603    0.38747E-03
  604    0.38480E-03
  605    0.38215E-03
  606    0.37951E-03
  607    0.37689E-03
  608    0.37429E-03
  609    0.37171E-03
  610    0.36915E-03
  611    0.36660E-03
  612    0.36407E-03
  613    0.36156E-03
  614    0.35907E-03
  615    0.35659E-03
  616    0.35413E-03
  617    0.35169E-03
  618    0.34926E-03
  619    0.34685E-03
  620    0.34446E-03
  621    0.34208E-03
  622    0.33972E-03
  623    0.33738E-03
  624    0.33505E-03
  625    0.33274E-03
  626    0.33045E-03
  627    0.32817E-03
  628    0.32590E-03
  629    0.32366E-03
  630    0.32142E-03
  631    0.31921E-03
  632    0.31700E-03
  633    0.31482E-03
  634    0.31265E-03
  635    0.31049E-03
  636    0.30835E-03
  637    0.30622E-03
  638    0.30411E-03
  639    0.30201E-03
  640    0.29993E-03
  641    0.29786E-03
  642    0.29581E-03
  643    0.29377E-03
  644    0.29174E-03
  645    0.28973E-03
  646    0.28773E-03
  647    0.28574E-03
  648    0.28377E-03
  649    0.28182E-03
  650    0.27987E-03
  651    0.27794E-03
  652    0.27603E-03
  653    0.27412E-03
  654    0.27223E-03
  655    0.27035E-03
  656    0.26849E-03
  657    0.26664E-03
  658    0.26480E-03
  659    0.26297E-03
  660    0.26116E-03
  661    0.25936E-03
  662    0.25757E-03
  663    0.25579E-03
  664    0.25403E-03
  665    0.25228E-03
  666    0.25054E-03
  667    0.24881E-03
  668    0.24709E-03
  669    0.24539E-03
  670    0.24370E-03
  671    0.24201E-03
  672    0.24035E-03
  673    0.23869E-03
  674    0.23704E-03
  675    0.23541E-03
  676    0.23378E-03
  677    0.23217E-03
  678    0.23057E-03
  679    0.22898E-03
  680    0.22740E-03
  681    0.22583E-03
  682    0.22427E-03
  683    0.22273E-03
  684    0.22119E-03
  685    0.21967E-03
  686    0.21815E-03
  687    0.21665E-03
  688    0.21515E-03
  689    0.21367E-03
  690    0.21220E-03
  691    0.21073E-03
  692    0.20928E-03
  693    0.20784E-03
  694    0.20640E-03
  695    0.20498E-03
  696    0.20357E-03
  697    0.20216E-03
  698    0.20077E-03
  699    0.19938E-03
  700    0.19801E-03
  701    0.19664E-03
  702    0.19529E-03
  703    0.19394E-03
  704    0.19260E-03
  705    0.19127E-03
  706    0.18995E-03
  707    0.18864E-03
  708    0.18734E-03
  709    0.18605E-03
  710    0.18477E-03
  711    0.18349E-03
  712    0.18223E-03
  713    0.18097E-03
  714    0.17972E-03
  715    0.17848E-03
  716    0.17725E-03
  717    0.17603E-03
  718    0.17482E-03
  719    0.17361E-03
  720    0.17241E-03
  721    0.17122E-03
  722    0.17004E-03
  723    0.16887E-03
  724    0.16771E-03
  725    0.16655E-03
  726    0.16540E-03
  727    0.16426E-03
  728    0.16313E-03
  729    0.16200E-03
  730    0.16089E-03
  731    0.15978E-03
  732    0.15867E-03
  733    0.15758E-03
  734    0.15649E-03
  735    0.15541E-03
  736    0.15434E-03
  737    0.15328E-03
  738    0.15222E-03
  739    0.15117E-03
  740    0.15013E-03
  741    0.14909E-03
  742    0.14807E-03
  743    0.14704E-03
  744    0.14603E-03
  745    0.14502E-03
  746    0.14402E-03
  747    0.14303E-03
  748    0.14204E-03
  749    0.14106E-03
  750    0.14009E-03
  751    0.13913E-03
  752    0.13817E-03
  753    0.13721E-03
  754    0.13627E-03
  755    0.13533E-03
  756    0.13439E-03
  757    0.13347E-03
  758    0.13255E-03
  759    0.13163E-03
  760    0.13072E-03
  761    0.12982E-03
  762    0.12893E-03
  763    0.12804E-03
  764    0.12716E-03
  765    0.12628E-03
  766    0.12541E-03
  767    0.12454E-03
  768    0.12368E-03
  769    0.12283E-03
  770    0.12198E-03
  771    0.12114E-03
  772    0.12031E-03
  773    0.11948E-03
  774    0.11865E-03
  775    0.11784E-03
  776    0.11702E-03
  777    0.11622E-03
  778    0.11541E-03
  779    0.11462E-03
  780    0.11383E-03
  781    0.11304E-03
  782    0.11226E-03
  783    0.11149E-03
  784    0.11072E-03
  785    0.10996E-03
  786    0.10920E-03
  787    0.10845E-03
  788    0.10770E-03
  789    0.10696E-03
  790    0.10622E-03
  791    0.10549E-03
  792    0.10476E-03
  793    0.10404E-03
  794    0.10332E-03
  795    0.10261E-03
  796    0.10190E-03
  797    0.10120E-03
  798    0.10050E-03
  799    0.99805E-04
  800    0.99116E-04
  801    0.98433E-04
  802    0.97754E-04
  803    0.97080E-04
  804    0.96410E-04
  805    0.95746E-04
  806    0.95085E-04
  807    0.94430E-04
  808    0.93778E-04
  809    0.93132E-04
  810    0.92489E-04
  811    0.91852E-04
  812    0.91218E-04
  813    0.90589E-04
  814    0.89964E-04
  815    0.89344E-04
  816    0.88728E-04
  817    0.88116E-04
  818    0.87508E-04
  819    0.86905E-04
  820    0.86306E-04
  821    0.85710E-04
  822    0.85119E-04
  823    0.84532E-04
  824    0.83950E-04
  825    0.83371E-04
  826    0.82796E-04
  827    0.82225E-04
  828    0.81658E-04
  829    0.81095E-04
  830    0.80535E-04
  831    0.79980E-04
  832    0.79428E-04
  833    0.78881E-04
  834    0.78337E-04
  835    0.77796E-04
  836    0.77260E-04
  837    0.76727E-04
  838    0.76198E-04
  839    0.75673E-04
  840    0.75151E-04
  841    0.74633E-04
  842    0.74118E-04
  843    0.73607E-04
  844    0.73099E-04
  845    0.72595E-04
  846    0.72094E-04
  847    0.71597E-04
  848    0.71104E-04
  849    0.70613E-04
  850    0.70126E-04
  851    0.69643E-04
  852    0.69162E-04
  853    0.68686E-04
  854    0.68212E-04
  855    0.67741E-04
  856    0.67274E-04
  857    0.66810E-04
  858    0.66350E-04
  859    0.65892E-04
  860    0.65438E-04
  861    0.64986E-04
  862    0.64538E-04
  863    0.64093E-04
  864    0.63651E-04
  865    0.63212E-04
  866    0.62776E-04
  867    0.62344E-04
  868    0.61914E-04
  869    0.61487E-04
  870    0.61063E-04
  871    0.60642E-04
  872    0.60223E-04
  873    0.59808E-04
  874    0.59396E-04
  875    0.58986E-04
  876    0.58579E-04
  877    0.58175E-04
  878    0.57774E-04
  879    0.57376E-04
  880    0.56980E-04
  881    0.56587E-04
  882    0.56197E-04
  883    0.55809E-04
  884    0.55425E-04
  885    0.55042E-04
  886    0.54663E-04
  887    0.54286E-04
  888    0.53911E-04
  889    0.53540E-04
  890    0.53170E-04
  891    0.52804E-04
  892    0.52440E-04
  893    0.52078E-04
  894    0.51719E-04
  895    0.51362E-04
  896    0.51008E-04
  897    0.50656E-04
  898    0.50307E-04
  899    0.49960E-04
  900    0.49616E-04
  901    0.49273E-04
  902    0.48934E-04
  903    0.48596E-04
  904    0.48261E-04
  905    0.47928E-04
  906    0.47598E-04
  907    0.47269E-04
  908    0.46944E-04
  909    0.46620E-04
  910    0.46298E-04
  911    0.45979E-04
  912    0.45662E-04
  913    0.45347E-04
  914    0.45034E-04
  915    0.44724E-04
  916    0.44415E-04
  917    0.44109E-04
  918    0.43805E-04
  919    0.43503E-04
  920    0.43203E-04
  921    0.42905E-04
  922    0.42609E-04
  923    0.42315E-04
  924    0.42023E-04
  925    0.41734E-04
  926    0.41446E-04
  927    0.41160E-04
  928    0.40876E-04
  929    0.40594E-04
  930    0.40314E-04
  931    0.40036E-04
  932    0.39760E-04
  933    0.39486E-04
  934    0.39214E-04
  935    0.38943E-04
  936    0.38675E-04
  937    0.38408E-04
  938    0.38143E-04
  939    0.37880E-04
  940    0.37619E-04
  941    0.37360E-04
  942    0.37102E-04
  943    0.36846E-04
  944    0.36592E-04
  945    0.36340E-04
  946    0.36089E-04
  947    0.35840E-04
  948    0.35593E-04
  949    0.35348E-04
  950    0.35104E-04
  951    0.34862E-04
  952    0.34621E-04
  953    0.34383E-04
  954    0.34146E-04
  955    0.33910E-04
  956    0.33676E-04
  957    0.33444E-04
  958    0.33213E-04
  959    0.32984E-04
  960    0.32757E-04
  961    0.32531E-04
  962    0.32307E-04
  963    0.32084E-04
  964    0.31863E-04
  965    0.31643E-04
  966    0.31425E-04
  967    0.31208E-04
  968    0.30993E-04
  969    0.30779E-04
  970    0.30567E-04
  971    0.30356E-04
  972    0.30147E-04
  973    0.29939E-04
  974    0.29732E-04
  975    0.29527E-04
  976    0.29324E-04
  977    0.29121E-04
  978    0.28921E-04
  979    0.28721E-04
  980    0.28523E-04
  981    0.28326E-04
  982    0.28131E-04
  983    0.27937E-04
  984    0.27744E-04
  985    0.27553E-04
  986    0.27363E-04
  987    0.27174E-04
  988    0.26987E-04
  989    0.26801E-04
  990    0.26616E-04
  991    0.26433E-04
  992    0.26250E-04
  993    0.26069E-04
  994    0.25889E-04
  995    0.25711E-04
  996    0.25534E-04
  997    0.25358E-04
  998    0.25183E-04
  999    0.25009E-04
 1000    0.24837E-04
 1001    0.24665E-04
 1002    0.24495E-04
 1003    0.24326E-04
 1004    0.24159E-04
 1005    0.23992E-04
 1006    0.23827E-04
 1007    0.23662E-04
 1008    0.23499E-04
 1009    0.23337E-04
 1010    0.23176E-04
 1011    0.23016E-04
 1012    0.22858E-04
 1013    0.22700E-04
 1014    0.22543E-04
 1015    0.22388E-04
 1016    0.22233E-04
 1017    0.22080E-04
 1018    0.21928E-04
 1019    0.21777E-04
 1020    0.21627E-04
 1021    0.21477E-04
 1022    0.21329E-04
 1023    0.21182E-04
 1024    0.21036E-04
 1025    0.20891E-04
 1026    0.20747E-04
 1027    0.20604E-04
 1028    0.20462E-04
 1029    0.20321E-04
 1030    0.20181E-04
 1031    0.20041E-04
 1032    0.19903E-04
 1033    0.19766E-04
 1034    0.19630E-04
 1035    0.19494E-04
 1036    0.19360E-04
 1037    0.19226E-04
 1038    0.19094E-04
 1039    0.18962E-04
 1040    0.18831E-04
 1041    0.18701E-04
 1042    0.18573E-04
 1043    0.18444E-04
 1044    0.18317E-04
 1045    0.18191E-04
 1046    0.18066E-04
 1047    0.17941E-04
 1048    0.17817E-04
 1049    0.17694E-04
 1050    0.17572E-04
 1051    0.17451E-04
 1052    0.17331E-04
 1053    0.17211E-04
 1054    0.17093E-04
 1055    0.16975E-04
 1056    0.16858E-04
 1057    0.16741E-04
 1058    0.16626E-04
 1059    0.16511E-04
 1060    0.16397E-04
 1061    0.16284E-04
 1062    0.16172E-04
 1063    0.16061E-04
 1064    0.15950E-04
 1065    0.15840E-04
 1066    0.15731E-04
 1067    0.15622E-04
 1068    0.15514E-04
 1069    0.15407E-04
 1070    0.15301E-04
 1071    0.15196E-04
 1072    0.15091E-04
 1073    0.14987E-04
 1074    0.14883E-04
 1075    0.14781E-04
 1076    0.14679E-04
 1077    0.14578E-04
 1078    0.14477E-04
 1079    0.14377E-04
 1080    0.14278E-04
 1081    0.14180E-04
 1082    0.14082E-04
 1083    0.13985E-04
 1084    0.13888E-04
 1085    0.13793E-04
 1086    0.13697E-04
 1087    0.13603E-04
 1088    0.13509E-04
 1089    0.13416E-04
 1090    0.13324E-04
 1091    0.13232E-04
 1092    0.13140E-04
 1093    0.13050E-04
 1094    0.12960E-04
 1095    0.12870E-04
 1096    0.12782E-04
 1097    0.12694E-04
 1098    0.12606E-04
 1099    0.12519E-04
 1100    0.12433E-04
 1101    0.12347E-04
 1102    0.12262E-04
 1103    0.12177E-04
 1104    0.12093E-04
 1105    0.12010E-04
 1106    0.11927E-04
 1107    0.11845E-04
 1108    0.11763E-04
 1109    0.11682E-04
 1110    0.11601E-04
 1111    0.11521E-04
 1112    0.11442E-04
 1113    0.11363E-04
 1114    0.11285E-04
 1115    0.11207E-04
 1116    0.11130E-04
 1117    0.11053E-04
 1118    0.10977E-04
 1119    0.10901E-04
 1120    0.10826E-04
 1121    0.10751E-04
 1122    0.10677E-04
 1123    0.10603E-04
 1124    0.10530E-04
 1125    0.10458E-04
 1126    0.10386E-04
 1127    0.10314E-04
 1128    0.10243E-04
 1129    0.10172E-04
 1130    0.10102E-04
 1131    0.10032E-04
 1132    0.99632E-05
 1133    0.98945E-05
 1134    0.98263E-05
 1135    0.97585E-05
 1136    0.96912E-05
 1137    0.96244E-05
 1138    0.95580E-05
 1139    0.94921E-05
 1140    0.94266E-05
 1141    0.93616E-05
 1142    0.92971E-05
 1143    0.92330E-05
 1144    0.91693E-05
 1145    0.91061E-05
 1146    0.90433E-05
 1147    0.89809E-05
 1148    0.89190E-05
 1149    0.88575E-05
 1150    0.87964E-05
 1151    0.87357E-05
 1152    0.86755E-05
 1153    0.86156E-05
 1154    0.85562E-05
 1155    0.84972E-05
 1156    0.84386E-05
 1157    0.83804E-05
 1158    0.83227E-05
 1159    0.82653E-05
 1160    0.82083E-05
 1161    0.81517E-05
 1162    0.80954E-05
 1163    0.80396E-05
 1164    0.79842E-05
 1165    0.79291E-05
 1166    0.78744E-05
 1167    0.78201E-05
 1168    0.77662E-05
 1169    0.77127E-05
 1170    0.76595E-05
 1171    0.76067E-05
 1172    0.75542E-05
 1173    0.75021E-05
 1174    0.74504E-05
 1175    0.73990E-05
 1176    0.73480E-05
 1177    0.72973E-05
 1178    0.72470E-05
 1179    0.71970E-05
 1180    0.71474E-05
 1181    0.70981E-05
 1182    0.70491E-05
 1183    0.70005E-05
 1184    0.69522E-05
 1185    0.69043E-05
 1186    0.68567E-05
 1187    0.68094E-05
 1188    0.67625E-05
 1189    0.67158E-05
 1190    0.66695E-05
 1191    0.66235E-05
 1192    0.65778E-05
 1193    0.65325E-05
 1194    0.64874E-05
 1195    0.64427E-05
 1196    0.63983E-05
 1197    0.63541E-05
 1198    0.63103E-05
 1199    0.62668E-05
 1200    0.62236E-05
 1201    0.61807E-05
 1202    0.61381E-05
 1203    0.60957E-05
 1204    0.60537E-05
 1205    0.60119E-05
 1206    0.59705E-05
 1207    0.59293E-05
 1208    0.58884E-05
 1209    0.58478E-05
 1210    0.58075E-05
 1211    0.57674E-05
 1212    0.57277E-05
 1213    0.56882E-05
 1214    0.56489E-05
 1215    0.56100E-05
 1216    0.55713E-05
 1217    0.55329E-05
 1218    0.54947E-05
 1219    0.54568E-05
 1220    0.54192E-05
 1221    0.53818E-05
 1222    0.53447E-05
 1223    0.53079E-05
 1224    0.52713E-05
 1225    0.52349E-05
 1226    0.51988E-05
 1227    0.51630E-05
 1228    0.51274E-05
 1229    0.50920E-05
 1230    0.50569E-05
 1231    0.50220E-05
 1232    0.49874E-05
 1233    0.49530E-05
 1234    0.49188E-05
 1235    0.48849E-05
 1236    0.48512E-05
 1237    0.48178E-05
 1238    0.47846E-05
 1239    0.47516E-05
 1240    0.47188E-05
 1241    0.46863E-05
 1242    0.46539E-05
 1243    0.46218E-05
 1244    0.45900E-05
 1245    0.45583E-05
 1246    0.45269E-05
 1247    0.44957E-05
 1248    0.44647E-05
 1249    0.44339E-05
 1250    0.44033E-05
 1251    0.43729E-05
 1252    0.43428E-05
 1253    0.43128E-05
 1254    0.42831E-05
 1255    0.42536E-05
 1256    0.42242E-05
 1257    0.41951E-05
 1258    0.41662E-05
 1259    0.41374E-05
 1260    0.41089E-05
 1261    0.40806E-05
 1262    0.40524E-05
 1263    0.40245E-05
 1264    0.39967E-05
 1265    0.39692E-05
 1266    0.39418E-05
 1267    0.39146E-05
 1268    0.38876E-05
 1269    0.38608E-05
 1270    0.38342E-05
 1271    0.38077E-05
 1272    0.37815E-05
 1273    0.37554E-05
 1274    0.37295E-05
 1275    0.37038E-05
 1276    0.36783E-05
 1277    0.36529E-05
 1278    0.36277E-05
 1279    0.36027E-05
 1280    0.35778E-05
 1281    0.35532E-05
 1282    0.35287E-05
 1283    0.35043E-05
 1284    0.34802E-05
 1285    0.34562E-05
 1286    0.34323E-05
 1287    0.34087E-05
 1288    0.33852E-05
 1289    0.33618E-05
 1290    0.33386E-05
 1291    0.33156E-05
 1292    0.32927E-05
 1293    0.32700E-05
 1294    0.32475E-05
 1295    0.32251E-05
 1296    0.32029E-05
 1297    0.31808E-05
 1298    0.31588E-05
 1299    0.31370E-05
 1300    0.31154E-05
 1301    0.30939E-05
 1302    0.30726E-05
 1303    0.30514E-05
 1304    0.30304E-05
 1305    0.30095E-05
 1306    0.29887E-05
 1307    0.29681E-05
 1308    0.29476E-05
 1309    0.29273E-05
 1310    0.29071E-05
 1311    0.28871E-05
 1312    0.28672E-05
 1313    0.28474E-05
 1314    0.28278E-05
 1315    0.28083E-05
 1316    0.27889E-05
 1317    0.27697E-05
 1318    0.27506E-05
 1319    0.27316E-05
 1320    0.27128E-05
 1321    0.26940E-05
 1322    0.26755E-05
 1323    0.26570E-05
 1324    0.26387E-05
 1325    0.26205E-05
 1326    0.26024E-05
 1327    0.25845E-05
 1328    0.25667E-05
 1329    0.25490E-05
 1330    0.25314E-05
 1331    0.25139E-05
 1332    0.24966E-05
 1333    0.24794E-05
 1334    0.24623E-05
 1335    0.24453E-05
 1336    0.24284E-05
 1337    0.24117E-05
 1338    0.23951E-05
 1339    0.23785E-05
 1340    0.23621E-05
 1341    0.23459E-05
 1342    0.23297E-05
 1343    0.23136E-05
 1344    0.22977E-05
 1345    0.22818E-05
 1346    0.22661E-05
 1347    0.22504E-05
 1348    0.22349E-05
 1349    0.22195E-05
 1350    0.22042E-05
 1351    0.21890E-05
 1352    0.21739E-05
 1353    0.21589E-05
 1354    0.21440E-05
 1355    0.21293E-05
 1356    0.21146E-05
 1357    0.21000E-05
 1358    0.20855E-05
 1359    0.20711E-05
 1360    0.20568E-05
 1361    0.20427E-05
 1362    0.20286E-05
 1363    0.20146E-05
 1364    0.20007E-05
 1365    0.19869E-05
 1366    0.19732E-05
 1367    0.19596E-05
 1368    0.19461E-05
 1369    0.19327E-05
 1370    0.19193E-05
 1371    0.19061E-05
 1372    0.18929E-05
 1373    0.18799E-05
 1374    0.18669E-05
 1375    0.18541E-05
 1376    0.18413E-05
 1377    0.18286E-05
 1378    0.18160E-05
 1379    0.18034E-05
 1380    0.17910E-05
 1381    0.17786E-05
 1382    0.17664E-05
 1383    0.17542E-05
 1384    0.17421E-05
 1385    0.17301E-05
 1386    0.17182E-05
 1387    0.17063E-05
 1388    0.16945E-05
 1389    0.16829E-05
 1390    0.16713E-05
 1391    0.16597E-05
 1392    0.16483E-05
 1393    0.16369E-05
 1394    0.16256E-05
 1395    0.16144E-05
 1396    0.16033E-05
 1397    0.15922E-05
 1398    0.15813E-05
 1399    0.15703E-05
 1400    0.15595E-05
 1401    0.15488E-05
 1402    0.15381E-05
 1403    0.15275E-05
 1404    0.15169E-05
 1405    0.15065E-05
 1406    0.14961E-05
 1407    0.14858E-05
 1408    0.14755E-05
 1409    0.14654E-05
 1410    0.14553E-05
 1411    0.14452E-05
 1412    0.14352E-05
 1413    0.14254E-05
 1414    0.14155E-05
 1415    0.14058E-05
 1416    0.13961E-05
 1417    0.13864E-05
 1418    0.13769E-05
 1419    0.13674E-05
 1420    0.13580E-05
 1421    0.13486E-05
 1422    0.13393E-05
 1423    0.13301E-05
 1424    0.13209E-05
 1425    0.13118E-05
 1426    0.13027E-05
 1427    0.12937E-05
 1428    0.12848E-05
 1429    0.12760E-05
 1430    0.12672E-05
 1431    0.12584E-05
 1432    0.12497E-05
 1433    0.12411E-05
 1434    0.12326E-05
 1435    0.12241E-05
 1436    0.12156E-05
 1437    0.12072E-05
 1438    0.11989E-05
 1439    0.11907E-05
 1440    0.11824E-05
 1441    0.11743E-05
 1442    0.11662E-05
 1443    0.11581E-05
 1444    0.11502E-05
 1445    0.11422E-05
 1446    0.11344E-05
 1447    0.11265E-05
 1448    0.11188E-05
 1449    0.11110E-05
 1450    0.11034E-05
 1451    0.10958E-05
 1452    0.10882E-05
 1453    0.10807E-05
 1454    0.10733E-05
 1455    0.10659E-05
 1456    0.10585E-05
 1457    0.10512E-05
 1458    0.10440E-05
 1459    0.10368E-05
 1460    0.10296E-05
 1461    0.10225E-05
 1462    0.10155E-05
 1463    0.10085E-05
 1464    0.10015E-05
 1465    0.99460E-06
 1466    0.98774E-06
 1467    0.98093E-06
 1468    0.97417E-06
 1469    0.96745E-06
 1470    0.96078E-06
 1471    0.95415E-06
 1472    0.94757E-06
 1473    0.94104E-06
 1474    0.93455E-06
 1475    0.92810E-06
 1476    0.92170E-06
 1477    0.91535E-06
 1478    0.90904E-06
 1479    0.90277E-06
 1480    0.89654E-06
 1481    0.89036E-06
 1482    0.88422E-06
 1483    0.87812E-06
 1484    0.87207E-06
 1485    0.86605E-06
 1486    0.86008E-06
 1487    0.85415E-06
 1488    0.84826E-06
 1489    0.84241E-06
 1490    0.83660E-06
 1491    0.83083E-06
 1492    0.82510E-06
 1493    0.81941E-06
 1494    0.81376E-06
 1495    0.80815E-06
 1496    0.80258E-06
 1497    0.79704E-06
 1498    0.79155E-06
 1499    0.78609E-06
 1500    0.78067E-06
 1501    0.77528E-06
 1502    0.76994E-06
 1503    0.76463E-06
 1504    0.75935E-06
 1505    0.75412E-06
 1506    0.74892E-06
 1507    0.74375E-06
 1508    0.73862E-06
 1509    0.73353E-06
 1510    0.72847E-06
 1511    0.72345E-06
 1512    0.71846E-06
 1513    0.71350E-06
 1514    0.70858E-06
 1515    0.70370E-06
 1516    0.69885E-06
 1517    0.69403E-06
 1518    0.68924E-06
 1519    0.68449E-06
 1520    0.67977E-06
 1521    0.67508E-06
 1522    0.67042E-06
 1523    0.66580E-06
 1524    0.66121E-06
 1525    0.65665E-06
 1526    0.65212E-06
 1527    0.64762E-06
 1528    0.64316E-06
 1529    0.63872E-06
 1530    0.63432E-06
 1531    0.62994E-06
 1532    0.62560E-06
 1533    0.62129E-06
 1534    0.61700E-06
 1535    0.61275E-06
 1536    0.60852E-06
 1537    0.60433E-06
 1538    0.60016E-06
 1539    0.59602E-06
 1540    0.59191E-06
 1541    0.58783E-06
 1542    0.58377E-06
 1543    0.57975E-06
 1544    0.57575E-06
 1545    0.57178E-06
 1546    0.56784E-06
 1547    0.56392E-06
 1548    0.56003E-06
 1549    0.55617E-06
 1550    0.55233E-06
 1551    0.54853E-06
 1552    0.54474E-06
 1553    0.54099E-06
 1554    0.53726E-06
 1555    0.53355E-06
 1556    0.52987E-06
 1557    0.52622E-06
 1558    0.52259E-06
 1559    0.51899E-06
 1560    0.51541E-06
 1561    0.51185E-06
 1562    0.50832E-06
 1563    0.50482E-06
 1564    0.50134E-06
 1565    0.49788E-06
 1566    0.49445E-06
 1567    0.49104E-06
 1568    0.48765E-06
 1569    0.48429E-06
 1570    0.48095E-06
 1571    0.47763E-06
 1572    0.47434E-06
 1573    0.47107E-06
 1574    0.46782E-06
 1575    0.46459E-06
 1576    0.46139E-06
 1577    0.45821E-06
 1578    0.45505E-06
 1579    0.45191E-06
 1580    0.44879E-06
 1581    0.44570E-06
 1582    0.44262E-06
 1583    0.43957E-06
 1584    0.43654E-06
 1585    0.43353E-06
 1586    0.43054E-06
 1587    0.42757E-06
 1588    0.42462E-06
 1589    0.42169E-06
 1590    0.41879E-06
 1591    0.41590E-06
 1592    0.41303E-06
 1593    0.41018E-06
 1594    0.40735E-06
 1595    0.40454E-06
 1596    0.40175E-06
 1597    0.39898E-06
 1598    0.39623E-06
 1599    0.39350E-06
 1600    0.39079E-06
 1601    0.38809E-06
 1602    0.38542E-06
 1603    0.38276E-06
 1604    0.38012E-06
 1605    0.37750E-06
 1606    0.37489E-06
 1607    0.37231E-06
 1608    0.36974E-06
 1609    0.36719E-06
 1610    0.36466E-06
 1611    0.36214E-06
 1612    0.35965E-06
 1613    0.35717E-06
 1614    0.35470E-06
 1615    0.35226E-06
 1616    0.34983E-06
 1617    0.34742E-06
 1618    0.34502E-06
 1619    0.34264E-06
 1620    0.34028E-06
 1621    0.33793E-06
 1622    0.33560E-06
 1623    0.33329E-06
 1624    0.33099E-06
 1625    0.32871E-06
 1626    0.32644E-06
 1627    0.32419E-06
 1628    0.32195E-06
 1629    0.31973E-06
 1630    0.31753E-06
 1631    0.31534E-06
 1632    0.31316E-06
 1633    0.31100E-06
 1634    0.30886E-06
 1635    0.30673E-06
 1636    0.30461E-06
 1637    0.30251E-06
 1638    0.30043E-06
 1639    0.29836E-06
 1640    0.29630E-06
 1641    0.29426E-06
 1642    0.29223E-06
 1643    0.29021E-06
 1644    0.28821E-06
 1645    0.28622E-06
 1646    0.28425E-06
 1647    0.28229E-06
 1648    0.28034E-06
 1649    0.27841E-06
 1650    0.27649E-06
 1651    0.27458E-06
 1652    0.27269E-06
 1653    0.27081E-06
 1654    0.26894E-06
 1655    0.26709E-06
 1656    0.26524E-06
 1657    0.26341E-06
 1658    0.26160E-06
 1659    0.25979E-06
 1660    0.25800E-06
 1661    0.25622E-06
 1662    0.25446E-06
 1663    0.25270E-06
 1664    0.25096E-06
 1665    0.24923E-06
 1666    0.24751E-06
 1667    0.24580E-06
 1668    0.24411E-06
 1669    0.24242E-06
 1670    0.24075E-06
 1671    0.23909E-06
 1672    0.23744E-06
 1673    0.23581E-06
 1674    0.23418E-06
 1675    0.23257E-06
 1676    0.23096E-06
 1677    0.22937E-06
 1678    0.22779E-06
 1679    0.22622E-06
 1680    0.22466E-06
 1681    0.22311E-06
 1682    0.22157E-06
 1683    0.22004E-06
 1684    0.21852E-06
 1685    0.21702E-06
 1686    0.21552E-06
 1687    0.21403E-06
 1688    0.21256E-06
 1689    0.21109E-06
 1690    0.20964E-06
 1691    0.20819E-06
 1692    0.20676E-06
 1693    0.20533E-06
 1694    0.20391E-06
 1695    0.20251E-06
 1696    0.20111E-06
 1697    0.19972E-06
 1698    0.19835E-06
 1699    0.19698E-06
 1700    0.19562E-06
 1701    0.19427E-06
 1702    0.19293E-06
 1703    0.19160E-06
 1704    0.19028E-06
 1705    0.18897E-06
 1706    0.18766E-06
 1707    0.18637E-06
 1708    0.18509E-06
 1709    0.18381E-06
 1710    0.18254E-06
 1711    0.18128E-06
 1712    0.18003E-06
 1713    0.17879E-06
 1714    0.17756E-06
 1715    0.17633E-06
 1716    0.17512E-06
 1717    0.17391E-06
 1718    0.17271E-06
 1719    0.17152E-06
 1720    0.17034E-06
 1721    0.16916E-06
 1722    0.16800E-06
 1723    0.16684E-06
 1724    0.16569E-06
 1725    0.16454E-06
 1726    0.16341E-06
 1727    0.16228E-06
 1728    0.16116E-06
 1729    0.16005E-06
 1730    0.15895E-06
 1731    0.15785E-06
 1732    0.15676E-06
 1733    0.15568E-06
 1734    0.15461E-06
 1735    0.15354E-06
 1736    0.15248E-06
 1737    0.15143E-06
 1738    0.15039E-06
 1739    0.14935E-06
 1740    0.14832E-06
 1741    0.14730E-06
 1742    0.14628E-06
 1743    0.14527E-06
 1744    0.14427E-06
 1745    0.14328E-06
 1746    0.14229E-06
 1747    0.14131E-06
 1748    0.14033E-06
 1749    0.13937E-06
 1750    0.13840E-06
 1751    0.13745E-06
 1752    0.13650E-06
 1753    0.13556E-06
 1754    0.13463E-06
 1755    0.13370E-06
 1756    0.13278E-06
 1757    0.13186E-06
 1758    0.13095E-06
 1759    0.13005E-06
 1760    0.12915E-06
 1761    0.12826E-06
 1762    0.12738E-06
 1763    0.12650E-06
 1764    0.12563E-06
 1765    0.12476E-06
 1766    0.12390E-06
 1767    0.12304E-06
 1768    0.12220E-06
 1769    0.12135E-06
 1770    0.12052E-06
 1771    0.11969E-06
 1772    0.11886E-06
 1773    0.11804E-06
 1774    0.11723E-06
 1775    0.11642E-06
 1776    0.11562E-06
 1777    0.11482E-06
 1778    0.11403E-06
 1779    0.11324E-06
 1780    0.11246E-06
 1781    0.11168E-06
 1782    0.11091E-06
 1783    0.11015E-06
 1784    0.10939E-06
 1785    0.10863E-06
 1786    0.10789E-06
 1787    0.10714E-06
 1788    0.10640E-06
 1789    0.10567E-06
 1790    0.10494E-06
 1791    0.10422E-06
 1792    0.10350E-06
 1793    0.10278E-06
 1794    0.10208E-06
 1795    0.10137E-06
 1796    0.10067E-06
 1797    0.99978E-07
 1798    0.99289E-07
 1799    0.98604E-07
 1800    0.97924E-07
 1801    0.97249E-07
 1802    0.96578E-07
 1803    0.95912E-07
 1804    0.95251E-07
 1805    0.94594E-07
 1806    0.93942E-07
 1807    0.93294E-07
 1808    0.92650E-07
 1809    0.92011E-07
 1810    0.91377E-07
 1811    0.90747E-07
 1812    0.90121E-07
 1813    0.89500E-07
 1814    0.88882E-07
 1815    0.88269E-07
 1816    0.87661E-07
 1817    0.87056E-07
 1818    0.86456E-07
 1819    0.85860E-07
 1820    0.85268E-07
 1821    0.84680E-07
 1822    0.84096E-07
 1823    0.83516E-07
 1824    0.82940E-07
 1825    0.82368E-07
 1826    0.81800E-07
 1827    0.81236E-07
 1828    0.80676E-07
 1829    0.80119E-07
 1830    0.79567E-07
 1831    0.79018E-07
 1832    0.78473E-07
 1833    0.77932E-07
 1834    0.77395E-07
 1835    0.76861E-07
 1836    0.76331E-07
 1837    0.75804E-07
 1838    0.75282E-07
 1839    0.74763E-07
 1840    0.74247E-07
 1841    0.73735E-07
 1842    0.73227E-07
 1843    0.72722E-07
 1844    0.72220E-07
 1845    0.71722E-07
 1846    0.71227E-07
 1847    0.70736E-07
 1848    0.70248E-07
 1849    0.69764E-07
 1850    0.69283E-07
 1851    0.68805E-07
 1852    0.68331E-07
 1853    0.67860E-07
 1854    0.67392E-07
 1855    0.66927E-07
 1856    0.66465E-07
 1857    0.66007E-07
 1858    0.65552E-07
 1859    0.65100E-07
 1860    0.64651E-07
 1861    0.64205E-07
 1862    0.63762E-07
 1863    0.63323E-07
 1864    0.62886E-07
 1865    0.62452E-07
 1866    0.62022E-07
 1867    0.61594E-07
 1868    0.61169E-07
 1869    0.60747E-07
 1870    0.60328E-07
 1871    0.59912E-07
 1872    0.59499E-07
 1873    0.59089E-07
 1874    0.58681E-07
 1875    0.58277E-07
 1876    0.57875E-07
 1877    0.57476E-07
 1878    0.57079E-07
 1879    0.56686E-07
 1880    0.56295E-07
 1881    0.55907E-07
 1882    0.55521E-07
 1883    0.55138E-07
 1884    0.54758E-07
 1885    0.54380E-07
 1886    0.54005E-07
 1887    0.53633E-07
 1888    0.53263E-07
 1889    0.52896E-07
 1890    0.52531E-07
 1891    0.52169E-07
 1892    0.51809E-07
 1893    0.51452E-07
 1894    0.51097E-07
 1895    0.50745E-07
 1896    0.50395E-07
 1897    0.50047E-07
 1898    0.49702E-07
 1899    0.49359E-07
 1900    0.49019E-07
 1901    0.48681E-07
 1902    0.48345E-07
 1903    0.48012E-07
 1904    0.47681E-07
 1905    0.47352E-07
 1906    0.47025E-07
 1907    0.46701E-07
 1908    0.46379E-07
 1909    0.46059E-07
 1910    0.45742E-07
 1911    0.45426E-07
 1912    0.45113E-07
 1913    0.44802E-07
 1914    0.44493E-07
 1915    0.44186E-07
 1916    0.43881E-07
 1917    0.43579E-07
 1918    0.43278E-07
 1919    0.42980E-07
 1920    0.42683E-07
 1921    0.42389E-07
 1922    0.42097E-07
 1923    0.41806E-07
 1924    0.41518E-07
 1925    0.41232E-07
 1926    0.40947E-07
 1927    0.40665E-07
 1928    0.40385E-07
 1929    0.40106E-07
 1930    0.39830E-07
 1931    0.39555E-07
 1932    0.39282E-07
 1933    0.39011E-07
 1934    0.38742E-07
 1935    0.38475E-07
 1936    0.38210E-07
 1937    0.37946E-07
 1938    0.37685E-07
 1939    0.37425E-07
 1940    0.37167E-07
 1941    0.36910E-07
 1942    0.36656E-07
 1943    0.36403E-07
 1944    0.36152E-07
 1945    0.35903E-07
 1946    0.35655E-07
 1947    0.35409E-07
 1948    0.35165E-07
 1949    0.34923E-07
 1950    0.34682E-07
 1951    0.34443E-07
 1952    0.34205E-07
 1953    0.33969E-07
 1954    0.33735E-07
 1955    0.33502E-07
 1956    0.33271E-07
 1957    0.33042E-07
 1958    0.32814E-07
 1959    0.32588E-07
 1960    0.32363E-07
 1961    0.32140E-07
 1962    0.31918E-07
 1963    0.31698E-07
 1964    0.31479E-07
 1965    0.31262E-07
 1966    0.31047E-07
 1967    0.30833E-07
 1968    0.30620E-07
 1969    0.30409E-07
 1970    0.30199E-07
 1971    0.29991E-07
 1972    0.29784E-07
 1973    0.29579E-07
 1974    0.29375E-07
 1975    0.29172E-07
 1976    0.28971E-07
 1977    0.28771E-07
 1978    0.28573E-07
 1979    0.28376E-07
 1980    0.28180E-07
 1981    0.27986E-07
 1982    0.27793E-07
 1983    0.27601E-07
 1984    0.27411E-07
 1985    0.27222E-07
 1986    0.27034E-07
 1987    0.26848E-07
 1988    0.26663E-07
 1989    0.26479E-07
 1990    0.26296E-07
 1991    0.26115E-07
 1992    0.25935E-07
 1993    0.25756E-07
 1994    0.25578E-07
 1995    0.25402E-07
 1996    0.25227E-07
 1997    0.25053E-07
 1998    0.24880E-07
 1999    0.24708E-07
 2000    0.24538E-07
 2001    0.24369E-07
 2002    0.24201E-07
 2003    0.24034E-07
 2004    0.23868E-07
 2005    0.23703E-07
 2006    0.23540E-07
 2007    0.23378E-07
 2008    0.23216E-07
 2009    0.23056E-07
 2010    0.22897E-07
 2011    0.22739E-07
 2012    0.22583E-07
 2013    0.22427E-07
 2014    0.22272E-07
 2015    0.22119E-07
 2016    0.21966E-07
 2017    0.21815E-07
 2018    0.21664E-07
 2019    0.21515E-07
 2020    0.21366E-07
 2021    0.21219E-07
 2022    0.21073E-07
 2023    0.20928E-07
 2024    0.20783E-07
 2025    0.20640E-07
 2026    0.20498E-07
 2027    0.20356E-07
 2028    0.20216E-07
 2029    0.20076E-07
 2030    0.19938E-07
 2031    0.19800E-07
 2032    0.19664E-07
 2033    0.19528E-07
 2034    0.19394E-07
 2035    0.19260E-07
 2036    0.19127E-07
 2037    0.18995E-07
 2038    0.18864E-07
 2039    0.18734E-07
 2040    0.18605E-07
 2041    0.18477E-07
 2042    0.18349E-07
 2043    0.18223E-07
 2044    0.18097E-07
 2045    0.17972E-07
 2046    0.17848E-07
 2047    0.17725E-07
 2048    0.17603E-07
 2049    0.17482E-07
 2050    0.17361E-07
 2051    0.17241E-07
 2052    0.17122E-07
 2053    0.17004E-07
 2054    0.16887E-07
 2055    0.16771E-07
 2056    0.16655E-07
 2057    0.16540E-07
 2058    0.16426E-07
 2059    0.16313E-07
 2060    0.16200E-07
 2061    0.16089E-07
 2062    0.15978E-07
 2063    0.15867E-07
 2064    0.15758E-07
 2065    0.15649E-07
 2066    0.15541E-07
 2067    0.15434E-07
 2068    0.15328E-07
 2069    0.15222E-07
 2070    0.15117E-07
 2071    0.15013E-07
 2072    0.14909E-07
 2073    0.14807E-07
 2074    0.14704E-07
 2075    0.14603E-07
 2076    0.14502E-07
 2077    0.14402E-07
 2078    0.14303E-07
 2079    0.14204E-07
 2080    0.14106E-07
 2081    0.14009E-07
 2082    0.13913E-07
 2083    0.13817E-07
 2084    0.13721E-07
 2085    0.13627E-07
 2086    0.13533E-07
 2087    0.13439E-07
 2088    0.13347E-07
 2089    0.13255E-07
 2090    0.13163E-07
 2091    0.13073E-07
 2092    0.12982E-07
 2093    0.12893E-07
 2094    0.12804E-07
 2095    0.12716E-07
 2096    0.12628E-07
 2097    0.12541E-07
 2098    0.12454E-07
 2099    0.12369E-07
 2100    0.12283E-07
 2101    0.12199E-07
 2102    0.12114E-07
 2103    0.12031E-07
 2104    0.11948E-07
 2105    0.11866E-07
 2106    0.11784E-07
 2107    0.11702E-07
 2108    0.11622E-07
 2109    0.11542E-07
 2110    0.11462E-07
 2111    0.11383E-07
 2112    0.11304E-07
 2113    0.11227E-07
 2114    0.11149E-07
 2115    0.11072E-07
 2116    0.10996E-07
 2117    0.10920E-07
 2118    0.10845E-07
 2119    0.10770E-07
 2120    0.10696E-07
 2121    0.10622E-07
 2122    0.10549E-07
 2123    0.10476E-07
 2124    0.10404E-07
 2125    0.10332E-07
 2126    0.10261E-07
 2127    0.10190E-07
 2128    0.10120E-07
 2129    0.10050E-07
 2130    0.99806E-08

iteration:   2130

epsilon =     0.10000E-07
omega =     0.18000E+01
tick =     0.10000E-06

norm_x =     0.18704E+03, norm_analysis =     0.18703E+03
diff =     0.92969E+01

caltime =   14.3230, comtime =    0.2457, checktime =    7.0718
alltime =   21.6405

