0.000  0.000    0.00000E+00
0.020  0.000    0.00000E+00
0.040  0.000    0.00000E+00
0.060  0.000    0.00000E+00
0.080  0.000    0.00000E+00
0.100  0.000    0.00000E+00
0.120  0.000    0.00000E+00
0.140  0.000    0.00000E+00
0.160  0.000    0.00000E+00
0.180  0.000    0.00000E+00
0.200  0.000    0.00000E+00
0.220  0.000    0.00000E+00
0.240  0.000    0.00000E+00
0.260  0.000    0.00000E+00
0.280  0.000    0.00000E+00
0.300  0.000    0.00000E+00
0.320  0.000    0.00000E+00
0.340  0.000    0.00000E+00
0.360  0.000    0.00000E+00
0.380  0.000    0.00000E+00
0.400  0.000    0.00000E+00
0.420  0.000    0.00000E+00
0.440  0.000    0.00000E+00
0.460  0.000    0.00000E+00
0.480  0.000    0.00000E+00
0.500  0.000    0.00000E+00
0.520  0.000    0.00000E+00
0.540  0.000    0.00000E+00
0.560  0.000    0.00000E+00
0.580  0.000    0.00000E+00
0.600  0.000    0.00000E+00
0.620  0.000    0.00000E+00
0.640  0.000    0.00000E+00
0.660  0.000    0.00000E+00
0.680  0.000    0.00000E+00
0.700  0.000    0.00000E+00
0.720  0.000    0.00000E+00
0.740  0.000    0.00000E+00
0.760  0.000    0.00000E+00
0.780  0.000    0.00000E+00
0.800  0.000    0.00000E+00
0.820  0.000    0.00000E+00
0.840  0.000    0.00000E+00
0.860  0.000    0.00000E+00
0.880  0.000    0.00000E+00
0.900  0.000    0.00000E+00
0.920  0.000    0.00000E+00
0.940  0.000    0.00000E+00
0.960  0.000    0.00000E+00
0.980  0.000    0.00000E+00
1.000  0.000    0.00000E+00
0.000  0.020    0.00000E+00
0.020  0.020    0.97210E-20
0.040  0.020    0.63707E-19
0.060  0.020    0.38540E-18
0.080  0.020    0.21523E-17
0.100  0.020    0.11095E-16
0.120  0.020    0.52801E-16
0.140  0.020    0.23195E-15
0.160  0.020    0.94061E-15
0.180  0.020    0.35211E-14
0.200  0.020    0.12168E-13
0.220  0.020    0.38814E-13
0.240  0.020    0.11429E-12
0.260  0.020    0.31068E-12
0.280  0.020    0.77960E-12
0.300  0.020    0.18058E-11
0.320  0.020    0.38614E-11
0.340  0.020    0.76219E-11
0.360  0.020    0.13888E-10
0.380  0.020    0.23360E-10
0.400  0.020    0.36271E-10
0.420  0.020    0.51988E-10
0.440  0.020    0.68787E-10
0.460  0.020    0.84017E-10
0.480  0.020    0.94729E-10
0.500  0.020    0.98595E-10
0.520  0.020    0.94729E-10
0.540  0.020    0.84017E-10
0.560  0.020    0.68787E-10
0.580  0.020    0.51988E-10
0.600  0.020    0.36271E-10
0.620  0.020    0.23360E-10
0.640  0.020    0.13888E-10
0.660  0.020    0.76219E-11
0.680  0.020    0.38614E-11
0.700  0.020    0.18058E-11
0.720  0.020    0.77960E-12
0.740  0.020    0.31068E-12
0.760  0.020    0.11429E-12
0.780  0.020    0.38814E-13
0.800  0.020    0.12168E-13
0.820  0.020    0.35211E-14
0.840  0.020    0.94061E-15
0.860  0.020    0.23195E-15
0.880  0.020    0.52801E-16
0.900  0.020    0.11095E-16
0.920  0.020    0.21523E-17
0.940  0.020    0.38540E-18
0.960  0.020    0.63707E-19
0.980  0.020    0.97210E-20
1.000  0.020    0.00000E+00
0.000  0.040    0.00000E+00
0.020  0.040    0.63707E-19
0.040  0.040    0.41750E-18
0.060  0.040    0.25257E-17
0.080  0.040    0.14105E-16
0.100  0.040    0.72714E-16
0.120  0.040    0.34603E-15
0.140  0.040    0.15201E-14
0.160  0.040    0.61643E-14
0.180  0.040    0.23076E-13
0.200  0.040    0.79740E-13
0.220  0.040    0.25437E-12
0.240  0.040    0.74903E-12
0.260  0.040    0.20361E-11
0.280  0.040    0.51091E-11
0.300  0.040    0.11835E-10
0.320  0.040    0.25305E-10
0.340  0.040    0.49950E-10
0.360  0.040    0.91015E-10
0.380  0.040    0.15309E-09
0.400  0.040    0.23770E-09
0.420  0.040    0.34071E-09
0.440  0.040    0.45080E-09
0.460  0.040    0.55061E-09
0.480  0.040    0.62081E-09
0.500  0.040    0.64614E-09
0.520  0.040    0.62081E-09
0.540  0.040    0.55061E-09
0.560  0.040    0.45080E-09
0.580  0.040    0.34071E-09
0.600  0.040    0.23770E-09
0.620  0.040    0.15309E-09
0.640  0.040    0.91015E-10
0.660  0.040    0.49950E-10
0.680  0.040    0.25305E-10
0.700  0.040    0.11835E-10
0.720  0.040    0.51091E-11
0.740  0.040    0.20361E-11
0.760  0.040    0.74903E-12
0.780  0.040    0.25437E-12
0.800  0.040    0.79740E-13
0.820  0.040    0.23076E-13
0.840  0.040    0.61643E-14
0.860  0.040    0.15201E-14
0.880  0.040    0.34603E-15
0.900  0.040    0.72714E-16
0.920  0.040    0.14105E-16
0.940  0.040    0.25257E-17
0.960  0.040    0.41750E-18
0.980  0.040    0.63707E-19
1.000  0.040    0.00000E+00
0.000  0.060    0.00000E+00
0.020  0.060    0.38540E-18
0.040  0.060    0.25257E-17
0.060  0.060    0.15280E-16
0.080  0.060    0.85330E-16
0.100  0.060    0.43989E-15
0.120  0.060    0.20934E-14
0.140  0.060    0.91961E-14
0.160  0.060    0.37292E-13
0.180  0.060    0.13960E-12
0.200  0.060    0.48240E-12
0.220  0.060    0.15388E-11
0.240  0.060    0.45314E-11
0.260  0.060    0.12318E-10
0.280  0.060    0.30908E-10
0.300  0.060    0.71595E-10
0.320  0.060    0.15309E-09
0.340  0.060    0.30218E-09
0.360  0.060    0.55061E-09
0.380  0.060    0.92614E-09
0.400  0.060    0.14380E-08
0.420  0.060    0.20612E-08
0.440  0.060    0.27272E-08
0.460  0.060    0.33310E-08
0.480  0.060    0.37557E-08
0.500  0.060    0.39089E-08
0.520  0.060    0.37557E-08
0.540  0.060    0.33310E-08
0.560  0.060    0.27272E-08
0.580  0.060    0.20612E-08
0.600  0.060    0.14380E-08
0.620  0.060    0.92614E-09
0.640  0.060    0.55061E-09
0.660  0.060    0.30218E-09
0.680  0.060    0.15309E-09
0.700  0.060    0.71595E-10
0.720  0.060    0.30908E-10
0.740  0.060    0.12318E-10
0.760  0.060    0.45314E-11
0.780  0.060    0.15388E-11
0.800  0.060    0.48240E-12
0.820  0.060    0.13960E-12
0.840  0.060    0.37292E-13
0.860  0.060    0.91961E-14
0.880  0.060    0.20934E-14
0.900  0.060    0.43989E-15
0.920  0.060    0.85330E-16
0.940  0.060    0.15280E-16
0.960  0.060    0.25257E-17
0.980  0.060    0.38540E-18
1.000  0.060    0.00000E+00
0.000  0.080    0.00000E+00
0.020  0.080    0.21523E-17
0.040  0.080    0.14105E-16
0.060  0.080    0.85330E-16
0.080  0.080    0.47653E-15
0.100  0.080    0.24566E-14
0.120  0.080    0.11690E-13
0.140  0.080    0.51356E-13
0.160  0.080    0.20826E-12
0.180  0.080    0.77960E-12
0.200  0.080    0.26940E-11
0.220  0.080    0.85936E-11
0.240  0.080    0.25305E-10
0.260  0.080    0.68787E-10
0.280  0.080    0.17261E-09
0.300  0.080    0.39982E-09
0.320  0.080    0.85493E-09
0.340  0.080    0.16875E-08
0.360  0.080    0.30749E-08
0.380  0.080    0.51720E-08
0.400  0.080    0.80307E-08
0.420  0.080    0.11511E-07
0.440  0.080    0.15230E-07
0.460  0.080    0.18602E-07
0.480  0.080    0.20974E-07
0.500  0.080    0.21830E-07
0.520  0.080    0.20974E-07
0.540  0.080    0.18602E-07
0.560  0.080    0.15230E-07
0.580  0.080    0.11511E-07
0.600  0.080    0.80307E-08
0.620  0.080    0.51720E-08
0.640  0.080    0.30749E-08
0.660  0.080    0.16875E-08
0.680  0.080    0.85493E-09
0.700  0.080    0.39982E-09
0.720  0.080    0.17261E-09
0.740  0.080    0.68787E-10
0.760  0.080    0.25305E-10
0.780  0.080    0.85936E-11
0.800  0.080    0.26940E-11
0.820  0.080    0.77960E-12
0.840  0.080    0.20826E-12
0.860  0.080    0.51356E-13
0.880  0.080    0.11690E-13
0.900  0.080    0.24566E-14
0.920  0.080    0.47653E-15
0.940  0.080    0.85330E-16
0.960  0.080    0.14105E-16
0.980  0.080    0.21523E-17
1.000  0.080    0.00000E+00
0.000  0.100    0.00000E+00
0.020  0.100    0.11095E-16
0.040  0.100    0.72714E-16
0.060  0.100    0.43989E-15
0.080  0.100    0.24566E-14
0.100  0.100    0.12664E-13
0.120  0.100    0.60267E-13
0.140  0.100    0.26475E-12
0.160  0.100    0.10736E-11
0.180  0.100    0.40190E-11
0.200  0.100    0.13888E-10
0.220  0.100    0.44302E-10
0.240  0.100    0.13045E-09
0.260  0.100    0.35461E-09
0.280  0.100    0.88982E-09
0.300  0.100    0.20612E-08
0.320  0.100    0.44073E-08
0.340  0.100    0.86995E-08
0.360  0.100    0.15852E-07
0.380  0.100    0.26663E-07
0.400  0.100    0.41399E-07
0.420  0.100    0.59339E-07
0.440  0.100    0.78513E-07
0.460  0.100    0.95896E-07
0.480  0.100    0.10812E-06
0.500  0.100    0.11254E-06
0.520  0.100    0.10812E-06
0.540  0.100    0.95896E-07
0.560  0.100    0.78513E-07
0.580  0.100    0.59339E-07
0.600  0.100    0.41399E-07
0.620  0.100    0.26663E-07
0.640  0.100    0.15852E-07
0.660  0.100    0.86995E-08
0.680  0.100    0.44073E-08
0.700  0.100    0.20612E-08
0.720  0.100    0.88982E-09
0.740  0.100    0.35461E-09
0.760  0.100    0.13045E-09
0.780  0.100    0.44302E-10
0.800  0.100    0.13888E-10
0.820  0.100    0.40190E-11
0.840  0.100    0.10736E-11
0.860  0.100    0.26475E-12
0.880  0.100    0.60267E-13
0.900  0.100    0.12664E-13
0.920  0.100    0.24566E-14
0.940  0.100    0.43989E-15
0.960  0.100    0.72714E-16
0.980  0.100    0.11095E-16
1.000  0.100    0.00000E+00
0.000  0.120    0.00000E+00
0.020  0.120    0.52801E-16
0.040  0.120    0.34603E-15
0.060  0.120    0.20934E-14
0.080  0.120    0.11690E-13
0.100  0.120    0.60267E-13
0.120  0.120    0.28680E-12
0.140  0.120    0.12599E-11
0.160  0.120    0.51091E-11
0.180  0.120    0.19125E-10
0.200  0.120    0.66090E-10
0.220  0.120    0.21082E-09
0.240  0.120    0.62081E-09
0.260  0.120    0.16875E-08
0.280  0.120    0.42345E-08
0.300  0.120    0.98087E-08
0.320  0.120    0.20974E-07
0.340  0.120    0.41399E-07
0.360  0.120    0.75435E-07
0.380  0.120    0.12688E-06
0.400  0.120    0.19701E-06
0.420  0.120    0.28238E-06
0.440  0.120    0.37363E-06
0.460  0.120    0.45635E-06
0.480  0.120    0.51454E-06
0.500  0.120    0.53553E-06
0.520  0.120    0.51454E-06
0.540  0.120    0.45635E-06
0.560  0.120    0.37363E-06
0.580  0.120    0.28238E-06
0.600  0.120    0.19701E-06
0.620  0.120    0.12688E-06
0.640  0.120    0.75435E-07
0.660  0.120    0.41399E-07
0.680  0.120    0.20974E-07
0.700  0.120    0.98087E-08
0.720  0.120    0.42345E-08
0.740  0.120    0.16875E-08
0.760  0.120    0.62081E-09
0.780  0.120    0.21082E-09
0.800  0.120    0.66090E-10
0.820  0.120    0.19125E-10
0.840  0.120    0.51091E-11
0.860  0.120    0.12599E-11
0.880  0.120    0.28680E-12
0.900  0.120    0.60267E-13
0.920  0.120    0.11690E-13
0.940  0.120    0.20934E-14
0.960  0.120    0.34603E-15
0.980  0.120    0.52801E-16
1.000  0.120    0.00000E+00
0.000  0.140    0.00000E+00
0.020  0.140    0.23195E-15
0.040  0.140    0.15201E-14
0.060  0.140    0.91961E-14
0.080  0.140    0.51356E-13
0.100  0.140    0.26475E-12
0.120  0.140    0.12599E-11
0.140  0.140    0.55346E-11
0.160  0.140    0.22444E-10
0.180  0.140    0.84017E-10
0.200  0.140    0.29033E-09
0.220  0.140    0.92614E-09
0.240  0.140    0.27272E-08
0.260  0.140    0.74132E-08
0.280  0.140    0.18602E-07
0.300  0.140    0.43089E-07
0.320  0.140    0.92136E-07
0.340  0.140    0.18187E-06
0.360  0.140    0.33138E-06
0.380  0.140    0.55739E-06
0.400  0.140    0.86546E-06
0.420  0.140    0.12405E-05
0.440  0.140    0.16413E-05
0.460  0.140    0.20047E-05
0.480  0.140    0.22603E-05
0.500  0.140    0.23526E-05
0.520  0.140    0.22603E-05
0.540  0.140    0.20047E-05
0.560  0.140    0.16413E-05
0.580  0.140    0.12405E-05
0.600  0.140    0.86546E-06
0.620  0.140    0.55739E-06
0.640  0.140    0.33138E-06
0.660  0.140    0.18187E-06
0.680  0.140    0.92136E-07
0.700  0.140    0.43089E-07
0.720  0.140    0.18602E-07
0.740  0.140    0.74132E-08
0.760  0.140    0.27272E-08
0.780  0.140    0.92614E-09
0.800  0.140    0.29033E-09
0.820  0.140    0.84017E-10
0.840  0.140    0.22444E-10
0.860  0.140    0.55346E-11
0.880  0.140    0.12599E-11
0.900  0.140    0.26475E-12
0.920  0.140    0.51356E-13
0.940  0.140    0.91961E-14
0.960  0.140    0.15201E-14
0.980  0.140    0.23195E-15
1.000  0.140    0.00000E+00
0.000  0.160    0.00000E+00
0.020  0.160    0.94061E-15
0.040  0.160    0.61643E-14
0.060  0.160    0.37292E-13
0.080  0.160    0.20826E-12
0.100  0.160    0.10736E-11
0.120  0.160    0.51091E-11
0.140  0.160    0.22444E-10
0.160  0.160    0.91015E-10
0.180  0.160    0.34071E-09
0.200  0.160    0.11773E-08
0.220  0.160    0.37557E-08
0.240  0.160    0.11059E-07
0.260  0.160    0.30062E-07
0.280  0.160    0.75435E-07
0.300  0.160    0.17473E-06
0.320  0.160    0.37363E-06
0.340  0.160    0.73750E-06
0.360  0.160    0.13438E-05
0.380  0.160    0.22603E-05
0.400  0.160    0.35096E-05
0.420  0.160    0.50305E-05
0.440  0.160    0.66559E-05
0.460  0.160    0.81296E-05
0.480  0.160    0.91661E-05
0.500  0.160    0.95402E-05
0.520  0.160    0.91661E-05
0.540  0.160    0.81296E-05
0.560  0.160    0.66559E-05
0.580  0.160    0.50305E-05
0.600  0.160    0.35096E-05
0.620  0.160    0.22603E-05
0.640  0.160    0.13438E-05
0.660  0.160    0.73750E-06
0.680  0.160    0.37363E-06
0.700  0.160    0.17473E-06
0.720  0.160    0.75435E-07
0.740  0.160    0.30062E-07
0.760  0.160    0.11059E-07
0.780  0.160    0.37557E-08
0.800  0.160    0.11773E-08
0.820  0.160    0.34071E-09
0.840  0.160    0.91015E-10
0.860  0.160    0.22444E-10
0.880  0.160    0.51091E-11
0.900  0.160    0.10736E-11
0.920  0.160    0.20826E-12
0.940  0.160    0.37292E-13
0.960  0.160    0.61643E-14
0.980  0.160    0.94061E-15
1.000  0.160    0.00000E+00
0.000  0.180    0.00000E+00
0.020  0.180    0.35211E-14
0.040  0.180    0.23076E-13
0.060  0.180    0.13960E-12
0.080  0.180    0.77960E-12
0.100  0.180    0.40190E-11
0.120  0.180    0.19125E-10
0.140  0.180    0.84017E-10
0.160  0.180    0.34071E-09
0.180  0.180    0.12754E-08
0.200  0.180    0.44073E-08
0.220  0.180    0.14059E-07
0.240  0.180    0.41399E-07
0.260  0.180    0.11254E-06
0.280  0.180    0.28238E-06
0.300  0.180    0.65410E-06
0.320  0.180    0.13987E-05
0.340  0.180    0.27608E-05
0.360  0.180    0.50305E-05
0.380  0.180    0.84614E-05
0.400  0.180    0.13138E-04
0.420  0.180    0.18831E-04
0.440  0.180    0.24916E-04
0.460  0.180    0.30432E-04
0.480  0.180    0.34313E-04
0.500  0.180    0.35713E-04
0.520  0.180    0.34313E-04
0.540  0.180    0.30432E-04
0.560  0.180    0.24916E-04
0.580  0.180    0.18831E-04
0.600  0.180    0.13138E-04
0.620  0.180    0.84614E-05
0.640  0.180    0.50305E-05
0.660  0.180    0.27608E-05
0.680  0.180    0.13987E-05
0.700  0.180    0.65410E-06
0.720  0.180    0.28238E-06
0.740  0.180    0.11254E-06
0.760  0.180    0.41399E-07
0.780  0.180    0.14059E-07
0.800  0.180    0.44073E-08
0.820  0.180    0.12754E-08
0.840  0.180    0.34071E-09
0.860  0.180    0.84017E-10
0.880  0.180    0.19125E-10
0.900  0.180    0.40190E-11
0.920  0.180    0.77960E-12
0.940  0.180    0.13960E-12
0.960  0.180    0.23076E-13
0.980  0.180    0.35211E-14
1.000  0.180    0.00000E+00
0.000  0.200    0.00000E+00
0.020  0.200    0.12168E-13
0.040  0.200    0.79740E-13
0.060  0.200    0.48240E-12
0.080  0.200    0.26940E-11
0.100  0.200    0.13888E-10
0.120  0.200    0.66090E-10
0.140  0.200    0.29033E-09
0.160  0.200    0.11773E-08
0.180  0.200    0.44073E-08
0.200  0.200    0.15230E-07
0.220  0.200    0.48583E-07
0.240  0.200    0.14306E-06
0.260  0.200    0.38888E-06
0.280  0.200    0.97581E-06
0.300  0.200    0.22603E-05
0.320  0.200    0.48332E-05
0.340  0.200    0.95402E-05
0.360  0.200    0.17383E-04
0.380  0.200    0.29239E-04
0.400  0.200    0.45400E-04
0.420  0.200    0.65073E-04
0.440  0.200    0.86100E-04
0.460  0.200    0.10516E-03
0.480  0.200    0.11857E-03
0.500  0.200    0.12341E-03
0.520  0.200    0.11857E-03
0.540  0.200    0.10516E-03
0.560  0.200    0.86100E-04
0.580  0.200    0.65073E-04
0.600  0.200    0.45400E-04
0.620  0.200    0.29239E-04
0.640  0.200    0.17383E-04
0.660  0.200    0.95402E-05
0.680  0.200    0.48332E-05
0.700  0.200    0.22603E-05
0.720  0.200    0.97581E-06
0.740  0.200    0.38888E-06
0.760  0.200    0.14306E-06
0.780  0.200    0.48583E-07
0.800  0.200    0.15230E-07
0.820  0.200    0.44073E-08
0.840  0.200    0.11773E-08
0.860  0.200    0.29033E-09
0.880  0.200    0.66090E-10
0.900  0.200    0.13888E-10
0.920  0.200    0.26940E-11
0.940  0.200    0.48240E-12
0.960  0.200    0.79740E-13
0.980  0.200    0.12168E-13
1.000  0.200    0.00000E+00
0.000  0.220    0.00000E+00
0.020  0.220    0.38814E-13
0.040  0.220    0.25437E-12
0.060  0.220    0.15388E-11
0.080  0.220    0.85936E-11
0.100  0.220    0.44302E-10
0.120  0.220    0.21082E-09
0.140  0.220    0.92614E-09
0.160  0.220    0.37557E-08
0.180  0.220    0.14059E-07
0.200  0.220    0.48583E-07
0.220  0.220    0.15498E-06
0.240  0.220    0.45635E-06
0.260  0.220    0.12405E-05
0.280  0.220    0.31128E-05
0.300  0.220    0.72103E-05
0.320  0.220    0.15418E-04
0.340  0.220    0.30432E-04
0.360  0.220    0.55452E-04
0.380  0.220    0.93271E-04
0.400  0.220    0.14482E-03
0.420  0.220    0.20758E-03
0.440  0.220    0.27465E-03
0.460  0.220    0.33546E-03
0.480  0.220    0.37823E-03
0.500  0.220    0.39367E-03
0.520  0.220    0.37823E-03
0.540  0.220    0.33546E-03
0.560  0.220    0.27465E-03
0.580  0.220    0.20758E-03
0.600  0.220    0.14482E-03
0.620  0.220    0.93271E-04
0.640  0.220    0.55452E-04
0.660  0.220    0.30432E-04
0.680  0.220    0.15418E-04
0.700  0.220    0.72103E-05
0.720  0.220    0.31128E-05
0.740  0.220    0.12405E-05
0.760  0.220    0.45635E-06
0.780  0.220    0.15498E-06
0.800  0.220    0.48583E-07
0.820  0.220    0.14059E-07
0.840  0.220    0.37557E-08
0.860  0.220    0.92614E-09
0.880  0.220    0.21082E-09
0.900  0.220    0.44302E-10
0.920  0.220    0.85936E-11
0.940  0.220    0.15388E-11
0.960  0.220    0.25437E-12
0.980  0.220    0.38814E-13
1.000  0.220    0.00000E+00
0.000  0.240    0.00000E+00
0.020  0.240    0.11429E-12
0.040  0.240    0.74903E-12
0.060  0.240    0.45314E-11
0.080  0.240    0.25305E-10
0.100  0.240    0.13045E-09
0.120  0.240    0.62081E-09
0.140  0.240    0.27272E-08
0.160  0.240    0.11059E-07
0.180  0.240    0.41399E-07
0.200  0.240    0.14306E-06
0.220  0.240    0.45635E-06
0.240  0.240    0.13438E-05
0.260  0.240    0.36529E-05
0.280  0.240    0.91661E-05
0.300  0.240    0.21232E-04
0.320  0.240    0.45400E-04
0.340  0.240    0.89614E-04
0.360  0.240    0.16329E-03
0.380  0.240    0.27465E-03
0.400  0.240    0.42646E-03
0.420  0.240    0.61125E-03
0.440  0.240    0.80877E-03
0.460  0.240    0.98783E-03
0.480  0.240    0.11138E-02
0.500  0.240    0.11592E-02
0.520  0.240    0.11138E-02
0.540  0.240    0.98783E-03
0.560  0.240    0.80877E-03
0.580  0.240    0.61125E-03
0.600  0.240    0.42646E-03
0.620  0.240    0.27465E-03
0.640  0.240    0.16329E-03
0.660  0.240    0.89614E-04
0.680  0.240    0.45400E-04
0.700  0.240    0.21232E-04
0.720  0.240    0.91661E-05
0.740  0.240    0.36529E-05
0.760  0.240    0.13438E-05
0.780  0.240    0.45635E-06
0.800  0.240    0.14306E-06
0.820  0.240    0.41399E-07
0.840  0.240    0.11059E-07
0.860  0.240    0.27272E-08
0.880  0.240    0.62081E-09
0.900  0.240    0.13045E-09
0.920  0.240    0.25305E-10
0.940  0.240    0.45314E-11
0.960  0.240    0.74903E-12
0.980  0.240    0.11429E-12
1.000  0.240    0.00000E+00
0.000  0.260    0.00000E+00
0.020  0.260    0.31068E-12
0.040  0.260    0.20361E-11
0.060  0.260    0.12318E-10
0.080  0.260    0.68787E-10
0.100  0.260    0.35461E-09
0.120  0.260    0.16875E-08
0.140  0.260    0.74132E-08
0.160  0.260    0.30062E-07
0.180  0.260    0.11254E-06
0.200  0.260    0.38888E-06
0.220  0.260    0.12405E-05
0.240  0.260    0.36529E-05
0.260  0.260    0.99295E-05
0.280  0.260    0.24916E-04
0.300  0.260    0.57715E-04
0.320  0.260    0.12341E-03
0.340  0.260    0.24360E-03
0.360  0.260    0.44386E-03
0.380  0.260    0.74659E-03
0.400  0.260    0.11592E-02
0.420  0.260    0.16616E-02
0.440  0.260    0.21985E-02
0.460  0.260    0.26852E-02
0.480  0.260    0.30276E-02
0.500  0.260    0.31511E-02
0.520  0.260    0.30276E-02
0.540  0.260    0.26852E-02
0.560  0.260    0.21985E-02
0.580  0.260    0.16616E-02
0.600  0.260    0.11592E-02
0.620  0.260    0.74659E-03
0.640  0.260    0.44386E-03
0.660  0.260    0.24360E-03
0.680  0.260    0.12341E-03
0.700  0.260    0.57715E-04
0.720  0.260    0.24916E-04
0.740  0.260    0.99295E-05
0.760  0.260    0.36529E-05
0.780  0.260    0.12405E-05
0.800  0.260    0.38888E-06
0.820  0.260    0.11254E-06
0.840  0.260    0.30062E-07
0.860  0.260    0.74132E-08
0.880  0.260    0.16875E-08
0.900  0.260    0.35461E-09
0.920  0.260    0.68787E-10
0.940  0.260    0.12318E-10
0.960  0.260    0.20361E-11
0.980  0.260    0.31068E-12
1.000  0.260    0.00000E+00
0.000  0.280    0.00000E+00
0.020  0.280    0.77960E-12
0.040  0.280    0.51091E-11
0.060  0.280    0.30908E-10
0.080  0.280    0.17261E-09
0.100  0.280    0.88982E-09
0.120  0.280    0.42345E-08
0.140  0.280    0.18602E-07
0.160  0.280    0.75435E-07
0.180  0.280    0.28238E-06
0.200  0.280    0.97581E-06
0.220  0.280    0.31128E-05
0.240  0.280    0.91661E-05
0.260  0.280    0.24916E-04
0.280  0.280    0.62522E-04
0.300  0.280    0.14482E-03
0.320  0.280    0.30967E-03
0.340  0.280    0.61125E-03
0.360  0.280    0.11138E-02
0.380  0.280    0.18734E-02
0.400  0.280    0.29088E-02
0.420  0.280    0.41693E-02
0.440  0.280    0.55166E-02
0.460  0.280    0.67379E-02
0.480  0.280    0.75970E-02
0.500  0.280    0.79071E-02
0.520  0.280    0.75970E-02
0.540  0.280    0.67379E-02
0.560  0.280    0.55166E-02
0.580  0.280    0.41693E-02
0.600  0.280    0.29088E-02
0.620  0.280    0.18734E-02
0.640  0.280    0.11138E-02
0.660  0.280    0.61125E-03
0.680  0.280    0.30967E-03
0.700  0.280    0.14482E-03
0.720  0.280    0.62522E-04
0.740  0.280    0.24916E-04
0.760  0.280    0.91661E-05
0.780  0.280    0.31128E-05
0.800  0.280    0.97581E-06
0.820  0.280    0.28238E-06
0.840  0.280    0.75435E-07
0.860  0.280    0.18602E-07
0.880  0.280    0.42345E-08
0.900  0.280    0.88982E-09
0.920  0.280    0.17261E-09
0.940  0.280    0.30908E-10
0.960  0.280    0.51091E-11
0.980  0.280    0.77960E-12
1.000  0.280    0.00000E+00
0.000  0.300    0.00000E+00
0.020  0.300    0.18058E-11
0.040  0.300    0.11835E-10
0.060  0.300    0.71595E-10
0.080  0.300    0.39982E-09
0.100  0.300    0.20612E-08
0.120  0.300    0.98087E-08
0.140  0.300    0.43089E-07
0.160  0.300    0.17473E-06
0.180  0.300    0.65410E-06
0.200  0.300    0.22603E-05
0.220  0.300    0.72103E-05
0.240  0.300    0.21232E-04
0.260  0.300    0.57715E-04
0.280  0.300    0.14482E-03
0.300  0.300    0.33546E-03
0.320  0.300    0.71731E-03
0.340  0.300    0.14159E-02
0.360  0.300    0.25799E-02
0.380  0.300    0.43395E-02
0.400  0.300    0.67379E-02
0.420  0.300    0.96577E-02
0.440  0.300    0.12778E-01
0.460  0.300    0.15608E-01
0.480  0.300    0.17597E-01
0.500  0.300    0.18316E-01
0.520  0.300    0.17597E-01
0.540  0.300    0.15608E-01
0.560  0.300    0.12778E-01
0.580  0.300    0.96577E-02
0.600  0.300    0.67379E-02
0.620  0.300    0.43395E-02
0.640  0.300    0.25799E-02
0.660  0.300    0.14159E-02
0.680  0.300    0.71731E-03
0.700  0.300    0.33546E-03
0.720  0.300    0.14482E-03
0.740  0.300    0.57715E-04
0.760  0.300    0.21232E-04
0.780  0.300    0.72103E-05
0.800  0.300    0.22603E-05
0.820  0.300    0.65410E-06
0.840  0.300    0.17473E-06
0.860  0.300    0.43089E-07
0.880  0.300    0.98087E-08
0.900  0.300    0.20612E-08
0.920  0.300    0.39982E-09
0.940  0.300    0.71595E-10
0.960  0.300    0.11835E-10
0.980  0.300    0.18058E-11
1.000  0.300    0.00000E+00
0.000  0.320    0.00000E+00
0.020  0.320    0.38614E-11
0.040  0.320    0.25305E-10
0.060  0.320    0.15309E-09
0.080  0.320    0.85493E-09
0.100  0.320    0.44073E-08
0.120  0.320    0.20974E-07
0.140  0.320    0.92136E-07
0.160  0.320    0.37363E-06
0.180  0.320    0.13987E-05
0.200  0.320    0.48332E-05
0.220  0.320    0.15418E-04
0.240  0.320    0.45400E-04
0.260  0.320    0.12341E-03
0.280  0.320    0.30967E-03
0.300  0.320    0.71731E-03
0.320  0.320    0.15338E-02
0.340  0.320    0.30276E-02
0.360  0.320    0.55166E-02
0.380  0.320    0.92790E-02
0.400  0.320    0.14408E-01
0.420  0.320    0.20651E-01
0.440  0.320    0.27324E-01
0.460  0.320    0.33373E-01
0.480  0.320    0.37628E-01
0.500  0.320    0.39164E-01
0.520  0.320    0.37628E-01
0.540  0.320    0.33373E-01
0.560  0.320    0.27324E-01
0.580  0.320    0.20651E-01
0.600  0.320    0.14408E-01
0.620  0.320    0.92790E-02
0.640  0.320    0.55166E-02
0.660  0.320    0.30276E-02
0.680  0.320    0.15338E-02
0.700  0.320    0.71731E-03
0.720  0.320    0.30967E-03
0.740  0.320    0.12341E-03
0.760  0.320    0.45400E-04
0.780  0.320    0.15418E-04
0.800  0.320    0.48332E-05
0.820  0.320    0.13987E-05
0.840  0.320    0.37363E-06
0.860  0.320    0.92136E-07
0.880  0.320    0.20974E-07
0.900  0.320    0.44073E-08
0.920  0.320    0.85493E-09
0.940  0.320    0.15309E-09
0.960  0.320    0.25305E-10
0.980  0.320    0.38614E-11
1.000  0.320    0.00000E+00
0.000  0.340    0.00000E+00
0.020  0.340    0.76219E-11
0.040  0.340    0.49950E-10
0.060  0.340    0.30218E-09
0.080  0.340    0.16875E-08
0.100  0.340    0.86995E-08
0.120  0.340    0.41399E-07
0.140  0.340    0.18187E-06
0.160  0.340    0.73750E-06
0.180  0.340    0.27608E-05
0.200  0.340    0.95402E-05
0.220  0.340    0.30432E-04
0.240  0.340    0.89614E-04
0.260  0.340    0.24360E-03
0.280  0.340    0.61125E-03
0.300  0.340    0.14159E-02
0.320  0.340    0.30276E-02
0.340  0.340    0.59760E-02
0.360  0.340    0.10889E-01
0.380  0.340    0.18316E-01
0.400  0.340    0.28439E-01
0.420  0.340    0.40762E-01
0.440  0.340    0.53934E-01
0.460  0.340    0.65875E-01
0.480  0.340    0.74274E-01
0.500  0.340    0.77305E-01
0.520  0.340    0.74274E-01
0.540  0.340    0.65875E-01
0.560  0.340    0.53934E-01
0.580  0.340    0.40762E-01
0.600  0.340    0.28439E-01
0.620  0.340    0.18316E-01
0.640  0.340    0.10889E-01
0.660  0.340    0.59760E-02
0.680  0.340    0.30276E-02
0.700  0.340    0.14159E-02
0.720  0.340    0.61125E-03
0.740  0.340    0.24360E-03
0.760  0.340    0.89614E-04
0.780  0.340    0.30432E-04
0.800  0.340    0.95402E-05
0.820  0.340    0.27608E-05
0.840  0.340    0.73750E-06
0.860  0.340    0.18187E-06
0.880  0.340    0.41399E-07
0.900  0.340    0.86995E-08
0.920  0.340    0.16875E-08
0.940  0.340    0.30218E-09
0.960  0.340    0.49950E-10
0.980  0.340    0.76219E-11
1.000  0.340    0.00000E+00
0.000  0.360    0.00000E+00
0.020  0.360    0.13888E-10
0.040  0.360    0.91015E-10
0.060  0.360    0.55061E-09
0.080  0.360    0.30749E-08
0.100  0.360    0.15852E-07
0.120  0.360    0.75435E-07
0.140  0.360    0.33138E-06
0.160  0.360    0.13438E-05
0.180  0.360    0.50305E-05
0.200  0.360    0.17383E-04
0.220  0.360    0.55452E-04
0.240  0.360    0.16329E-03
0.260  0.360    0.44386E-03
0.280  0.360    0.11138E-02
0.300  0.360    0.25799E-02
0.320  0.360    0.55166E-02
0.340  0.360    0.10889E-01
0.360  0.360    0.19841E-01
0.380  0.360    0.33373E-01
0.400  0.360    0.51819E-01
0.420  0.360    0.74274E-01
0.440  0.360    0.98274E-01
0.460  0.360    0.12003E+00
0.480  0.360    0.13534E+00
0.500  0.360    0.14086E+00
0.520  0.360    0.13534E+00
0.540  0.360    0.12003E+00
0.560  0.360    0.98274E-01
0.580  0.360    0.74274E-01
0.600  0.360    0.51819E-01
0.620  0.360    0.33373E-01
0.640  0.360    0.19841E-01
0.660  0.360    0.10889E-01
0.680  0.360    0.55166E-02
0.700  0.360    0.25799E-02
0.720  0.360    0.11138E-02
0.740  0.360    0.44386E-03
0.760  0.360    0.16329E-03
0.780  0.360    0.55452E-04
0.800  0.360    0.17383E-04
0.820  0.360    0.50305E-05
0.840  0.360    0.13438E-05
0.860  0.360    0.33138E-06
0.880  0.360    0.75435E-07
0.900  0.360    0.15852E-07
0.920  0.360    0.30749E-08
0.940  0.360    0.55061E-09
0.960  0.360    0.91015E-10
0.980  0.360    0.13888E-10
1.000  0.360    0.00000E+00
0.000  0.380    0.00000E+00
0.020  0.380    0.23360E-10
0.040  0.380    0.15309E-09
0.060  0.380    0.92614E-09
0.080  0.380    0.51720E-08
0.100  0.380    0.26663E-07
0.120  0.380    0.12688E-06
0.140  0.380    0.55739E-06
0.160  0.380    0.22603E-05
0.180  0.380    0.84614E-05
0.200  0.380    0.29239E-04
0.220  0.380    0.93271E-04
0.240  0.380    0.27465E-03
0.260  0.380    0.74659E-03
0.280  0.380    0.18734E-02
0.300  0.380    0.43395E-02
0.320  0.380    0.92790E-02
0.340  0.380    0.18316E-01
0.360  0.380    0.33373E-01
0.380  0.380    0.56135E-01
0.400  0.380    0.87161E-01
0.420  0.380    0.12493E+00
0.440  0.380    0.16530E+00
0.460  0.380    0.20190E+00
0.480  0.380    0.22764E+00
0.500  0.380    0.23693E+00
0.520  0.380    0.22764E+00
0.540  0.380    0.20190E+00
0.560  0.380    0.16530E+00
0.580  0.380    0.12493E+00
0.600  0.380    0.87161E-01
0.620  0.380    0.56135E-01
0.640  0.380    0.33373E-01
0.660  0.380    0.18316E-01
0.680  0.380    0.92790E-02
0.700  0.380    0.43395E-02
0.720  0.380    0.18734E-02
0.740  0.380    0.74659E-03
0.760  0.380    0.27465E-03
0.780  0.380    0.93271E-04
0.800  0.380    0.29239E-04
0.820  0.380    0.84614E-05
0.840  0.380    0.22603E-05
0.860  0.380    0.55739E-06
0.880  0.380    0.12688E-06
0.900  0.380    0.26663E-07
0.920  0.380    0.51720E-08
0.940  0.380    0.92614E-09
0.960  0.380    0.15309E-09
0.980  0.380    0.23360E-10
1.000  0.380    0.00000E+00
0.000  0.400    0.00000E+00
0.020  0.400    0.36271E-10
0.040  0.400    0.23770E-09
0.060  0.400    0.14380E-08
0.080  0.400    0.80307E-08
0.100  0.400    0.41399E-07
0.120  0.400    0.19701E-06
0.140  0.400    0.86546E-06
0.160  0.400    0.35096E-05
0.180  0.400    0.13138E-04
0.200  0.400    0.45400E-04
0.220  0.400    0.14482E-03
0.240  0.400    0.42646E-03
0.260  0.400    0.11592E-02
0.280  0.400    0.29088E-02
0.300  0.400    0.67379E-02
0.320  0.400    0.14408E-01
0.340  0.400    0.28439E-01
0.360  0.400    0.51819E-01
0.380  0.400    0.87161E-01
0.400  0.400    0.13534E+00
0.420  0.400    0.19398E+00
0.440  0.400    0.25666E+00
0.460  0.400    0.31349E+00
0.480  0.400    0.35345E+00
0.500  0.400    0.36788E+00
0.520  0.400    0.35345E+00
0.540  0.400    0.31349E+00
0.560  0.400    0.25666E+00
0.580  0.400    0.19398E+00
0.600  0.400    0.13534E+00
0.620  0.400    0.87161E-01
0.640  0.400    0.51819E-01
0.660  0.400    0.28439E-01
0.680  0.400    0.14408E-01
0.700  0.400    0.67379E-02
0.720  0.400    0.29088E-02
0.740  0.400    0.11592E-02
0.760  0.400    0.42646E-03
0.780  0.400    0.14482E-03
0.800  0.400    0.45400E-04
0.820  0.400    0.13138E-04
0.840  0.400    0.35096E-05
0.860  0.400    0.86546E-06
0.880  0.400    0.19701E-06
0.900  0.400    0.41399E-07
0.920  0.400    0.80307E-08
0.940  0.400    0.14380E-08
0.960  0.400    0.23770E-09
0.980  0.400    0.36271E-10
1.000  0.400    0.00000E+00
0.000  0.420    0.00000E+00
0.020  0.420    0.51988E-10
0.040  0.420    0.34071E-09
0.060  0.420    0.20612E-08
0.080  0.420    0.11511E-07
0.100  0.420    0.59339E-07
0.120  0.420    0.28238E-06
0.140  0.420    0.12405E-05
0.160  0.420    0.50305E-05
0.180  0.420    0.18831E-04
0.200  0.420    0.65073E-04
0.220  0.420    0.20758E-03
0.240  0.420    0.61125E-03
0.260  0.420    0.16616E-02
0.280  0.420    0.41693E-02
0.300  0.420    0.96577E-02
0.320  0.420    0.20651E-01
0.340  0.420    0.40762E-01
0.360  0.420    0.74274E-01
0.380  0.420    0.12493E+00
0.400  0.420    0.19398E+00
0.420  0.420    0.27804E+00
0.440  0.420    0.36788E+00
0.460  0.420    0.44933E+00
0.480  0.420    0.50662E+00
0.500  0.420    0.52729E+00
0.520  0.420    0.50662E+00
0.540  0.420    0.44933E+00
0.560  0.420    0.36788E+00
0.580  0.420    0.27804E+00
0.600  0.420    0.19398E+00
0.620  0.420    0.12493E+00
0.640  0.420    0.74274E-01
0.660  0.420    0.40762E-01
0.680  0.420    0.20651E-01
0.700  0.420    0.96577E-02
0.720  0.420    0.41693E-02
0.740  0.420    0.16616E-02
0.760  0.420    0.61125E-03
0.780  0.420    0.20758E-03
0.800  0.420    0.65073E-04
0.820  0.420    0.18831E-04
0.840  0.420    0.50305E-05
0.860  0.420    0.12405E-05
0.880  0.420    0.28238E-06
0.900  0.420    0.59339E-07
0.920  0.420    0.11511E-07
0.940  0.420    0.20612E-08
0.960  0.420    0.34071E-09
0.980  0.420    0.51988E-10
1.000  0.420    0.00000E+00
0.000  0.440    0.00000E+00
0.020  0.440    0.68787E-10
0.040  0.440    0.45080E-09
0.060  0.440    0.27272E-08
0.080  0.440    0.15230E-07
0.100  0.440    0.78513E-07
0.120  0.440    0.37363E-06
0.140  0.440    0.16413E-05
0.160  0.440    0.66559E-05
0.180  0.440    0.24916E-04
0.200  0.440    0.86100E-04
0.220  0.440    0.27465E-03
0.240  0.440    0.80877E-03
0.260  0.440    0.21985E-02
0.280  0.440    0.55166E-02
0.300  0.440    0.12778E-01
0.320  0.440    0.27324E-01
0.340  0.440    0.53934E-01
0.360  0.440    0.98274E-01
0.380  0.440    0.16530E+00
0.400  0.440    0.25666E+00
0.420  0.440    0.36788E+00
0.440  0.440    0.48675E+00
0.460  0.440    0.59452E+00
0.480  0.440    0.67032E+00
0.500  0.440    0.69768E+00
0.520  0.440    0.67032E+00
0.540  0.440    0.59452E+00
0.560  0.440    0.48675E+00
0.580  0.440    0.36788E+00
0.600  0.440    0.25666E+00
0.620  0.440    0.16530E+00
0.640  0.440    0.98274E-01
0.660  0.440    0.53934E-01
0.680  0.440    0.27324E-01
0.700  0.440    0.12778E-01
0.720  0.440    0.55166E-02
0.740  0.440    0.21985E-02
0.760  0.440    0.80877E-03
0.780  0.440    0.27465E-03
0.800  0.440    0.86100E-04
0.820  0.440    0.24916E-04
0.840  0.440    0.66559E-05
0.860  0.440    0.16413E-05
0.880  0.440    0.37363E-06
0.900  0.440    0.78513E-07
0.920  0.440    0.15230E-07
0.940  0.440    0.27272E-08
0.960  0.440    0.45080E-09
0.980  0.440    0.68787E-10
1.000  0.440    0.00000E+00
0.000  0.460    0.00000E+00
0.020  0.460    0.84017E-10
0.040  0.460    0.55061E-09
0.060  0.460    0.33310E-08
0.080  0.460    0.18602E-07
0.100  0.460    0.95896E-07
0.120  0.460    0.45635E-06
0.140  0.460    0.20047E-05
0.160  0.460    0.81296E-05
0.180  0.460    0.30432E-04
0.200  0.460    0.10516E-03
0.220  0.460    0.33546E-03
0.240  0.460    0.98783E-03
0.260  0.460    0.26852E-02
0.280  0.460    0.67379E-02
0.300  0.460    0.15608E-01
0.320  0.460    0.33373E-01
0.340  0.460    0.65875E-01
0.360  0.460    0.12003E+00
0.380  0.460    0.20190E+00
0.400  0.460    0.31349E+00
0.420  0.460    0.44933E+00
0.440  0.460    0.59452E+00
0.460  0.460    0.72615E+00
0.480  0.460    0.81873E+00
0.500  0.460    0.85214E+00
0.520  0.460    0.81873E+00
0.540  0.460    0.72615E+00
0.560  0.460    0.59452E+00
0.580  0.460    0.44933E+00
0.600  0.460    0.31349E+00
0.620  0.460    0.20190E+00
0.640  0.460    0.12003E+00
0.660  0.460    0.65875E-01
0.680  0.460    0.33373E-01
0.700  0.460    0.15608E-01
0.720  0.460    0.67379E-02
0.740  0.460    0.26852E-02
0.760  0.460    0.98783E-03
0.780  0.460    0.33546E-03
0.800  0.460    0.10516E-03
0.820  0.460    0.30432E-04
0.840  0.460    0.81296E-05
0.860  0.460    0.20047E-05
0.880  0.460    0.45635E-06
0.900  0.460    0.95896E-07
0.920  0.460    0.18602E-07
0.940  0.460    0.33310E-08
0.960  0.460    0.55061E-09
0.980  0.460    0.84017E-10
1.000  0.460    0.00000E+00
0.000  0.480    0.00000E+00
0.020  0.480    0.94729E-10
0.040  0.480    0.62081E-09
0.060  0.480    0.37557E-08
0.080  0.480    0.20974E-07
0.100  0.480    0.10812E-06
0.120  0.480    0.51454E-06
0.140  0.480    0.22603E-05
0.160  0.480    0.91661E-05
0.180  0.480    0.34313E-04
0.200  0.480    0.11857E-03
0.220  0.480    0.37823E-03
0.240  0.480    0.11138E-02
0.260  0.480    0.30276E-02
0.280  0.480    0.75970E-02
0.300  0.480    0.17597E-01
0.320  0.480    0.37628E-01
0.340  0.480    0.74274E-01
0.360  0.480    0.13534E+00
0.380  0.480    0.22764E+00
0.400  0.480    0.35345E+00
0.420  0.480    0.50662E+00
0.440  0.480    0.67032E+00
0.460  0.480    0.81873E+00
0.480  0.480    0.92312E+00
0.500  0.480    0.96079E+00
0.520  0.480    0.92312E+00
0.540  0.480    0.81873E+00
0.560  0.480    0.67032E+00
0.580  0.480    0.50662E+00
0.600  0.480    0.35345E+00
0.620  0.480    0.22764E+00
0.640  0.480    0.13534E+00
0.660  0.480    0.74274E-01
0.680  0.480    0.37628E-01
0.700  0.480    0.17597E-01
0.720  0.480    0.75970E-02
0.740  0.480    0.30276E-02
0.760  0.480    0.11138E-02
0.780  0.480    0.37823E-03
0.800  0.480    0.11857E-03
0.820  0.480    0.34313E-04
0.840  0.480    0.91661E-05
0.860  0.480    0.22603E-05
0.880  0.480    0.51454E-06
0.900  0.480    0.10812E-06
0.920  0.480    0.20974E-07
0.940  0.480    0.37557E-08
0.960  0.480    0.62081E-09
0.980  0.480    0.94729E-10
1.000  0.480    0.00000E+00
0.000  0.500    0.00000E+00
0.020  0.500    0.98595E-10
0.040  0.500    0.64614E-09
0.060  0.500    0.39089E-08
0.080  0.500    0.21830E-07
0.100  0.500    0.11254E-06
0.120  0.500    0.53553E-06
0.140  0.500    0.23526E-05
0.160  0.500    0.95402E-05
0.180  0.500    0.35713E-04
0.200  0.500    0.12341E-03
0.220  0.500    0.39367E-03
0.240  0.500    0.11592E-02
0.260  0.500    0.31511E-02
0.280  0.500    0.79071E-02
0.300  0.500    0.18316E-01
0.320  0.500    0.39164E-01
0.340  0.500    0.77305E-01
0.360  0.500    0.14086E+00
0.380  0.500    0.23693E+00
0.400  0.500    0.36788E+00
0.420  0.500    0.52729E+00
0.440  0.500    0.69768E+00
0.460  0.500    0.85214E+00
0.480  0.500    0.96079E+00
0.500  0.500    0.10000E+01
0.520  0.500    0.96079E+00
0.540  0.500    0.85214E+00
0.560  0.500    0.69768E+00
0.580  0.500    0.52729E+00
0.600  0.500    0.36788E+00
0.620  0.500    0.23693E+00
0.640  0.500    0.14086E+00
0.660  0.500    0.77305E-01
0.680  0.500    0.39164E-01
0.700  0.500    0.18316E-01
0.720  0.500    0.79071E-02
0.740  0.500    0.31511E-02
0.760  0.500    0.11592E-02
0.780  0.500    0.39367E-03
0.800  0.500    0.12341E-03
0.820  0.500    0.35713E-04
0.840  0.500    0.95402E-05
0.860  0.500    0.23526E-05
0.880  0.500    0.53553E-06
0.900  0.500    0.11254E-06
0.920  0.500    0.21830E-07
0.940  0.500    0.39089E-08
0.960  0.500    0.64614E-09
0.980  0.500    0.98595E-10
1.000  0.500    0.00000E+00
0.000  0.520    0.00000E+00
0.020  0.520    0.94729E-10
0.040  0.520    0.62081E-09
0.060  0.520    0.37557E-08
0.080  0.520    0.20974E-07
0.100  0.520    0.10812E-06
0.120  0.520    0.51454E-06
0.140  0.520    0.22603E-05
0.160  0.520    0.91661E-05
0.180  0.520    0.34313E-04
0.200  0.520    0.11857E-03
0.220  0.520    0.37823E-03
0.240  0.520    0.11138E-02
0.260  0.520    0.30276E-02
0.280  0.520    0.75970E-02
0.300  0.520    0.17597E-01
0.320  0.520    0.37628E-01
0.340  0.520    0.74274E-01
0.360  0.520    0.13534E+00
0.380  0.520    0.22764E+00
0.400  0.520    0.35345E+00
0.420  0.520    0.50662E+00
0.440  0.520    0.67032E+00
0.460  0.520    0.81873E+00
0.480  0.520    0.92312E+00
0.500  0.520    0.96079E+00
0.520  0.520    0.92312E+00
0.540  0.520    0.81873E+00
0.560  0.520    0.67032E+00
0.580  0.520    0.50662E+00
0.600  0.520    0.35345E+00
0.620  0.520    0.22764E+00
0.640  0.520    0.13534E+00
0.660  0.520    0.74274E-01
0.680  0.520    0.37628E-01
0.700  0.520    0.17597E-01
0.720  0.520    0.75970E-02
0.740  0.520    0.30276E-02
0.760  0.520    0.11138E-02
0.780  0.520    0.37823E-03
0.800  0.520    0.11857E-03
0.820  0.520    0.34313E-04
0.840  0.520    0.91661E-05
0.860  0.520    0.22603E-05
0.880  0.520    0.51454E-06
0.900  0.520    0.10812E-06
0.920  0.520    0.20974E-07
0.940  0.520    0.37557E-08
0.960  0.520    0.62081E-09
0.980  0.520    0.94729E-10
1.000  0.520    0.00000E+00
0.000  0.540    0.00000E+00
0.020  0.540    0.84017E-10
0.040  0.540    0.55061E-09
0.060  0.540    0.33310E-08
0.080  0.540    0.18602E-07
0.100  0.540    0.95896E-07
0.120  0.540    0.45635E-06
0.140  0.540    0.20047E-05
0.160  0.540    0.81296E-05
0.180  0.540    0.30432E-04
0.200  0.540    0.10516E-03
0.220  0.540    0.33546E-03
0.240  0.540    0.98783E-03
0.260  0.540    0.26852E-02
0.280  0.540    0.67379E-02
0.300  0.540    0.15608E-01
0.320  0.540    0.33373E-01
0.340  0.540    0.65875E-01
0.360  0.540    0.12003E+00
0.380  0.540    0.20190E+00
0.400  0.540    0.31349E+00
0.420  0.540    0.44933E+00
0.440  0.540    0.59452E+00
0.460  0.540    0.72615E+00
0.480  0.540    0.81873E+00
0.500  0.540    0.85214E+00
0.520  0.540    0.81873E+00
0.540  0.540    0.72615E+00
0.560  0.540    0.59452E+00
0.580  0.540    0.44933E+00
0.600  0.540    0.31349E+00
0.620  0.540    0.20190E+00
0.640  0.540    0.12003E+00
0.660  0.540    0.65875E-01
0.680  0.540    0.33373E-01
0.700  0.540    0.15608E-01
0.720  0.540    0.67379E-02
0.740  0.540    0.26852E-02
0.760  0.540    0.98783E-03
0.780  0.540    0.33546E-03
0.800  0.540    0.10516E-03
0.820  0.540    0.30432E-04
0.840  0.540    0.81296E-05
0.860  0.540    0.20047E-05
0.880  0.540    0.45635E-06
0.900  0.540    0.95896E-07
0.920  0.540    0.18602E-07
0.940  0.540    0.33310E-08
0.960  0.540    0.55061E-09
0.980  0.540    0.84017E-10
1.000  0.540    0.00000E+00
0.000  0.560    0.00000E+00
0.020  0.560    0.68787E-10
0.040  0.560    0.45080E-09
0.060  0.560    0.27272E-08
0.080  0.560    0.15230E-07
0.100  0.560    0.78513E-07
0.120  0.560    0.37363E-06
0.140  0.560    0.16413E-05
0.160  0.560    0.66559E-05
0.180  0.560    0.24916E-04
0.200  0.560    0.86100E-04
0.220  0.560    0.27465E-03
0.240  0.560    0.80877E-03
0.260  0.560    0.21985E-02
0.280  0.560    0.55166E-02
0.300  0.560    0.12778E-01
0.320  0.560    0.27324E-01
0.340  0.560    0.53934E-01
0.360  0.560    0.98274E-01
0.380  0.560    0.16530E+00
0.400  0.560    0.25666E+00
0.420  0.560    0.36788E+00
0.440  0.560    0.48675E+00
0.460  0.560    0.59452E+00
0.480  0.560    0.67032E+00
0.500  0.560    0.69768E+00
0.520  0.560    0.67032E+00
0.540  0.560    0.59452E+00
0.560  0.560    0.48675E+00
0.580  0.560    0.36788E+00
0.600  0.560    0.25666E+00
0.620  0.560    0.16530E+00
0.640  0.560    0.98274E-01
0.660  0.560    0.53934E-01
0.680  0.560    0.27324E-01
0.700  0.560    0.12778E-01
0.720  0.560    0.55166E-02
0.740  0.560    0.21985E-02
0.760  0.560    0.80877E-03
0.780  0.560    0.27465E-03
0.800  0.560    0.86100E-04
0.820  0.560    0.24916E-04
0.840  0.560    0.66559E-05
0.860  0.560    0.16413E-05
0.880  0.560    0.37363E-06
0.900  0.560    0.78513E-07
0.920  0.560    0.15230E-07
0.940  0.560    0.27272E-08
0.960  0.560    0.45080E-09
0.980  0.560    0.68787E-10
1.000  0.560    0.00000E+00
0.000  0.580    0.00000E+00
0.020  0.580    0.51988E-10
0.040  0.580    0.34071E-09
0.060  0.580    0.20612E-08
0.080  0.580    0.11511E-07
0.100  0.580    0.59339E-07
0.120  0.580    0.28238E-06
0.140  0.580    0.12405E-05
0.160  0.580    0.50305E-05
0.180  0.580    0.18831E-04
0.200  0.580    0.65073E-04
0.220  0.580    0.20758E-03
0.240  0.580    0.61125E-03
0.260  0.580    0.16616E-02
0.280  0.580    0.41693E-02
0.300  0.580    0.96577E-02
0.320  0.580    0.20651E-01
0.340  0.580    0.40762E-01
0.360  0.580    0.74274E-01
0.380  0.580    0.12493E+00
0.400  0.580    0.19398E+00
0.420  0.580    0.27804E+00
0.440  0.580    0.36788E+00
0.460  0.580    0.44933E+00
0.480  0.580    0.50662E+00
0.500  0.580    0.52729E+00
0.520  0.580    0.50662E+00
0.540  0.580    0.44933E+00
0.560  0.580    0.36788E+00
0.580  0.580    0.27804E+00
0.600  0.580    0.19398E+00
0.620  0.580    0.12493E+00
0.640  0.580    0.74274E-01
0.660  0.580    0.40762E-01
0.680  0.580    0.20651E-01
0.700  0.580    0.96577E-02
0.720  0.580    0.41693E-02
0.740  0.580    0.16616E-02
0.760  0.580    0.61125E-03
0.780  0.580    0.20758E-03
0.800  0.580    0.65073E-04
0.820  0.580    0.18831E-04
0.840  0.580    0.50305E-05
0.860  0.580    0.12405E-05
0.880  0.580    0.28238E-06
0.900  0.580    0.59339E-07
0.920  0.580    0.11511E-07
0.940  0.580    0.20612E-08
0.960  0.580    0.34071E-09
0.980  0.580    0.51988E-10
1.000  0.580    0.00000E+00
0.000  0.600    0.00000E+00
0.020  0.600    0.36271E-10
0.040  0.600    0.23770E-09
0.060  0.600    0.14380E-08
0.080  0.600    0.80307E-08
0.100  0.600    0.41399E-07
0.120  0.600    0.19701E-06
0.140  0.600    0.86546E-06
0.160  0.600    0.35096E-05
0.180  0.600    0.13138E-04
0.200  0.600    0.45400E-04
0.220  0.600    0.14482E-03
0.240  0.600    0.42646E-03
0.260  0.600    0.11592E-02
0.280  0.600    0.29088E-02
0.300  0.600    0.67379E-02
0.320  0.600    0.14408E-01
0.340  0.600    0.28439E-01
0.360  0.600    0.51819E-01
0.380  0.600    0.87161E-01
0.400  0.600    0.13534E+00
0.420  0.600    0.19398E+00
0.440  0.600    0.25666E+00
0.460  0.600    0.31349E+00
0.480  0.600    0.35345E+00
0.500  0.600    0.36788E+00
0.520  0.600    0.35345E+00
0.540  0.600    0.31349E+00
0.560  0.600    0.25666E+00
0.580  0.600    0.19398E+00
0.600  0.600    0.13534E+00
0.620  0.600    0.87161E-01
0.640  0.600    0.51819E-01
0.660  0.600    0.28439E-01
0.680  0.600    0.14408E-01
0.700  0.600    0.67379E-02
0.720  0.600    0.29088E-02
0.740  0.600    0.11592E-02
0.760  0.600    0.42646E-03
0.780  0.600    0.14482E-03
0.800  0.600    0.45400E-04
0.820  0.600    0.13138E-04
0.840  0.600    0.35096E-05
0.860  0.600    0.86546E-06
0.880  0.600    0.19701E-06
0.900  0.600    0.41399E-07
0.920  0.600    0.80307E-08
0.940  0.600    0.14380E-08
0.960  0.600    0.23770E-09
0.980  0.600    0.36271E-10
1.000  0.600    0.00000E+00
0.000  0.620    0.00000E+00
0.020  0.620    0.23360E-10
0.040  0.620    0.15309E-09
0.060  0.620    0.92614E-09
0.080  0.620    0.51720E-08
0.100  0.620    0.26663E-07
0.120  0.620    0.12688E-06
0.140  0.620    0.55739E-06
0.160  0.620    0.22603E-05
0.180  0.620    0.84614E-05
0.200  0.620    0.29239E-04
0.220  0.620    0.93271E-04
0.240  0.620    0.27465E-03
0.260  0.620    0.74659E-03
0.280  0.620    0.18734E-02
0.300  0.620    0.43395E-02
0.320  0.620    0.92790E-02
0.340  0.620    0.18316E-01
0.360  0.620    0.33373E-01
0.380  0.620    0.56135E-01
0.400  0.620    0.87161E-01
0.420  0.620    0.12493E+00
0.440  0.620    0.16530E+00
0.460  0.620    0.20190E+00
0.480  0.620    0.22764E+00
0.500  0.620    0.23693E+00
0.520  0.620    0.22764E+00
0.540  0.620    0.20190E+00
0.560  0.620    0.16530E+00
0.580  0.620    0.12493E+00
0.600  0.620    0.87161E-01
0.620  0.620    0.56135E-01
0.640  0.620    0.33373E-01
0.660  0.620    0.18316E-01
0.680  0.620    0.92790E-02
0.700  0.620    0.43395E-02
0.720  0.620    0.18734E-02
0.740  0.620    0.74659E-03
0.760  0.620    0.27465E-03
0.780  0.620    0.93271E-04
0.800  0.620    0.29239E-04
0.820  0.620    0.84614E-05
0.840  0.620    0.22603E-05
0.860  0.620    0.55739E-06
0.880  0.620    0.12688E-06
0.900  0.620    0.26663E-07
0.920  0.620    0.51720E-08
0.940  0.620    0.92614E-09
0.960  0.620    0.15309E-09
0.980  0.620    0.23360E-10
1.000  0.620    0.00000E+00
0.000  0.640    0.00000E+00
0.020  0.640    0.13888E-10
0.040  0.640    0.91015E-10
0.060  0.640    0.55061E-09
0.080  0.640    0.30749E-08
0.100  0.640    0.15852E-07
0.120  0.640    0.75435E-07
0.140  0.640    0.33138E-06
0.160  0.640    0.13438E-05
0.180  0.640    0.50305E-05
0.200  0.640    0.17383E-04
0.220  0.640    0.55452E-04
0.240  0.640    0.16329E-03
0.260  0.640    0.44386E-03
0.280  0.640    0.11138E-02
0.300  0.640    0.25799E-02
0.320  0.640    0.55166E-02
0.340  0.640    0.10889E-01
0.360  0.640    0.19841E-01
0.380  0.640    0.33373E-01
0.400  0.640    0.51819E-01
0.420  0.640    0.74274E-01
0.440  0.640    0.98274E-01
0.460  0.640    0.12003E+00
0.480  0.640    0.13534E+00
0.500  0.640    0.14086E+00
0.520  0.640    0.13534E+00
0.540  0.640    0.12003E+00
0.560  0.640    0.98274E-01
0.580  0.640    0.74274E-01
0.600  0.640    0.51819E-01
0.620  0.640    0.33373E-01
0.640  0.640    0.19841E-01
0.660  0.640    0.10889E-01
0.680  0.640    0.55166E-02
0.700  0.640    0.25799E-02
0.720  0.640    0.11138E-02
0.740  0.640    0.44386E-03
0.760  0.640    0.16329E-03
0.780  0.640    0.55452E-04
0.800  0.640    0.17383E-04
0.820  0.640    0.50305E-05
0.840  0.640    0.13438E-05
0.860  0.640    0.33138E-06
0.880  0.640    0.75435E-07
0.900  0.640    0.15852E-07
0.920  0.640    0.30749E-08
0.940  0.640    0.55061E-09
0.960  0.640    0.91015E-10
0.980  0.640    0.13888E-10
1.000  0.640    0.00000E+00
0.000  0.660    0.00000E+00
0.020  0.660    0.76219E-11
0.040  0.660    0.49950E-10
0.060  0.660    0.30218E-09
0.080  0.660    0.16875E-08
0.100  0.660    0.86995E-08
0.120  0.660    0.41399E-07
0.140  0.660    0.18187E-06
0.160  0.660    0.73750E-06
0.180  0.660    0.27608E-05
0.200  0.660    0.95402E-05
0.220  0.660    0.30432E-04
0.240  0.660    0.89614E-04
0.260  0.660    0.24360E-03
0.280  0.660    0.61125E-03
0.300  0.660    0.14159E-02
0.320  0.660    0.30276E-02
0.340  0.660    0.59760E-02
0.360  0.660    0.10889E-01
0.380  0.660    0.18316E-01
0.400  0.660    0.28439E-01
0.420  0.660    0.40762E-01
0.440  0.660    0.53934E-01
0.460  0.660    0.65875E-01
0.480  0.660    0.74274E-01
0.500  0.660    0.77305E-01
0.520  0.660    0.74274E-01
0.540  0.660    0.65875E-01
0.560  0.660    0.53934E-01
0.580  0.660    0.40762E-01
0.600  0.660    0.28439E-01
0.620  0.660    0.18316E-01
0.640  0.660    0.10889E-01
0.660  0.660    0.59760E-02
0.680  0.660    0.30276E-02
0.700  0.660    0.14159E-02
0.720  0.660    0.61125E-03
0.740  0.660    0.24360E-03
0.760  0.660    0.89614E-04
0.780  0.660    0.30432E-04
0.800  0.660    0.95402E-05
0.820  0.660    0.27608E-05
0.840  0.660    0.73750E-06
0.860  0.660    0.18187E-06
0.880  0.660    0.41399E-07
0.900  0.660    0.86995E-08
0.920  0.660    0.16875E-08
0.940  0.660    0.30218E-09
0.960  0.660    0.49950E-10
0.980  0.660    0.76219E-11
1.000  0.660    0.00000E+00
0.000  0.680    0.00000E+00
0.020  0.680    0.38614E-11
0.040  0.680    0.25305E-10
0.060  0.680    0.15309E-09
0.080  0.680    0.85493E-09
0.100  0.680    0.44073E-08
0.120  0.680    0.20974E-07
0.140  0.680    0.92136E-07
0.160  0.680    0.37363E-06
0.180  0.680    0.13987E-05
0.200  0.680    0.48332E-05
0.220  0.680    0.15418E-04
0.240  0.680    0.45400E-04
0.260  0.680    0.12341E-03
0.280  0.680    0.30967E-03
0.300  0.680    0.71731E-03
0.320  0.680    0.15338E-02
0.340  0.680    0.30276E-02
0.360  0.680    0.55166E-02
0.380  0.680    0.92790E-02
0.400  0.680    0.14408E-01
0.420  0.680    0.20651E-01
0.440  0.680    0.27324E-01
0.460  0.680    0.33373E-01
0.480  0.680    0.37628E-01
0.500  0.680    0.39164E-01
0.520  0.680    0.37628E-01
0.540  0.680    0.33373E-01
0.560  0.680    0.27324E-01
0.580  0.680    0.20651E-01
0.600  0.680    0.14408E-01
0.620  0.680    0.92790E-02
0.640  0.680    0.55166E-02
0.660  0.680    0.30276E-02
0.680  0.680    0.15338E-02
0.700  0.680    0.71731E-03
0.720  0.680    0.30967E-03
0.740  0.680    0.12341E-03
0.760  0.680    0.45400E-04
0.780  0.680    0.15418E-04
0.800  0.680    0.48332E-05
0.820  0.680    0.13987E-05
0.840  0.680    0.37363E-06
0.860  0.680    0.92136E-07
0.880  0.680    0.20974E-07
0.900  0.680    0.44073E-08
0.920  0.680    0.85493E-09
0.940  0.680    0.15309E-09
0.960  0.680    0.25305E-10
0.980  0.680    0.38614E-11
1.000  0.680    0.00000E+00
0.000  0.700    0.00000E+00
0.020  0.700    0.18058E-11
0.040  0.700    0.11835E-10
0.060  0.700    0.71595E-10
0.080  0.700    0.39982E-09
0.100  0.700    0.20612E-08
0.120  0.700    0.98087E-08
0.140  0.700    0.43089E-07
0.160  0.700    0.17473E-06
0.180  0.700    0.65410E-06
0.200  0.700    0.22603E-05
0.220  0.700    0.72103E-05
0.240  0.700    0.21232E-04
0.260  0.700    0.57715E-04
0.280  0.700    0.14482E-03
0.300  0.700    0.33546E-03
0.320  0.700    0.71731E-03
0.340  0.700    0.14159E-02
0.360  0.700    0.25799E-02
0.380  0.700    0.43395E-02
0.400  0.700    0.67379E-02
0.420  0.700    0.96577E-02
0.440  0.700    0.12778E-01
0.460  0.700    0.15608E-01
0.480  0.700    0.17597E-01
0.500  0.700    0.18316E-01
0.520  0.700    0.17597E-01
0.540  0.700    0.15608E-01
0.560  0.700    0.12778E-01
0.580  0.700    0.96577E-02
0.600  0.700    0.67379E-02
0.620  0.700    0.43395E-02
0.640  0.700    0.25799E-02
0.660  0.700    0.14159E-02
0.680  0.700    0.71731E-03
0.700  0.700    0.33546E-03
0.720  0.700    0.14482E-03
0.740  0.700    0.57715E-04
0.760  0.700    0.21232E-04
0.780  0.700    0.72103E-05
0.800  0.700    0.22603E-05
0.820  0.700    0.65410E-06
0.840  0.700    0.17473E-06
0.860  0.700    0.43089E-07
0.880  0.700    0.98087E-08
0.900  0.700    0.20612E-08
0.920  0.700    0.39982E-09
0.940  0.700    0.71595E-10
0.960  0.700    0.11835E-10
0.980  0.700    0.18058E-11
1.000  0.700    0.00000E+00
0.000  0.720    0.00000E+00
0.020  0.720    0.77960E-12
0.040  0.720    0.51091E-11
0.060  0.720    0.30908E-10
0.080  0.720    0.17261E-09
0.100  0.720    0.88982E-09
0.120  0.720    0.42345E-08
0.140  0.720    0.18602E-07
0.160  0.720    0.75435E-07
0.180  0.720    0.28238E-06
0.200  0.720    0.97581E-06
0.220  0.720    0.31128E-05
0.240  0.720    0.91661E-05
0.260  0.720    0.24916E-04
0.280  0.720    0.62522E-04
0.300  0.720    0.14482E-03
0.320  0.720    0.30967E-03
0.340  0.720    0.61125E-03
0.360  0.720    0.11138E-02
0.380  0.720    0.18734E-02
0.400  0.720    0.29088E-02
0.420  0.720    0.41693E-02
0.440  0.720    0.55166E-02
0.460  0.720    0.67379E-02
0.480  0.720    0.75970E-02
0.500  0.720    0.79071E-02
0.520  0.720    0.75970E-02
0.540  0.720    0.67379E-02
0.560  0.720    0.55166E-02
0.580  0.720    0.41693E-02
0.600  0.720    0.29088E-02
0.620  0.720    0.18734E-02
0.640  0.720    0.11138E-02
0.660  0.720    0.61125E-03
0.680  0.720    0.30967E-03
0.700  0.720    0.14482E-03
0.720  0.720    0.62522E-04
0.740  0.720    0.24916E-04
0.760  0.720    0.91661E-05
0.780  0.720    0.31128E-05
0.800  0.720    0.97581E-06
0.820  0.720    0.28238E-06
0.840  0.720    0.75435E-07
0.860  0.720    0.18602E-07
0.880  0.720    0.42345E-08
0.900  0.720    0.88982E-09
0.920  0.720    0.17261E-09
0.940  0.720    0.30908E-10
0.960  0.720    0.51091E-11
0.980  0.720    0.77960E-12
1.000  0.720    0.00000E+00
0.000  0.740    0.00000E+00
0.020  0.740    0.31068E-12
0.040  0.740    0.20361E-11
0.060  0.740    0.12318E-10
0.080  0.740    0.68787E-10
0.100  0.740    0.35461E-09
0.120  0.740    0.16875E-08
0.140  0.740    0.74132E-08
0.160  0.740    0.30062E-07
0.180  0.740    0.11254E-06
0.200  0.740    0.38888E-06
0.220  0.740    0.12405E-05
0.240  0.740    0.36529E-05
0.260  0.740    0.99295E-05
0.280  0.740    0.24916E-04
0.300  0.740    0.57715E-04
0.320  0.740    0.12341E-03
0.340  0.740    0.24360E-03
0.360  0.740    0.44386E-03
0.380  0.740    0.74659E-03
0.400  0.740    0.11592E-02
0.420  0.740    0.16616E-02
0.440  0.740    0.21985E-02
0.460  0.740    0.26852E-02
0.480  0.740    0.30276E-02
0.500  0.740    0.31511E-02
0.520  0.740    0.30276E-02
0.540  0.740    0.26852E-02
0.560  0.740    0.21985E-02
0.580  0.740    0.16616E-02
0.600  0.740    0.11592E-02
0.620  0.740    0.74659E-03
0.640  0.740    0.44386E-03
0.660  0.740    0.24360E-03
0.680  0.740    0.12341E-03
0.700  0.740    0.57715E-04
0.720  0.740    0.24916E-04
0.740  0.740    0.99295E-05
0.760  0.740    0.36529E-05
0.780  0.740    0.12405E-05
0.800  0.740    0.38888E-06
0.820  0.740    0.11254E-06
0.840  0.740    0.30062E-07
0.860  0.740    0.74132E-08
0.880  0.740    0.16875E-08
0.900  0.740    0.35461E-09
0.920  0.740    0.68787E-10
0.940  0.740    0.12318E-10
0.960  0.740    0.20361E-11
0.980  0.740    0.31068E-12
1.000  0.740    0.00000E+00
0.000  0.760    0.00000E+00
0.020  0.760    0.11429E-12
0.040  0.760    0.74903E-12
0.060  0.760    0.45314E-11
0.080  0.760    0.25305E-10
0.100  0.760    0.13045E-09
0.120  0.760    0.62081E-09
0.140  0.760    0.27272E-08
0.160  0.760    0.11059E-07
0.180  0.760    0.41399E-07
0.200  0.760    0.14306E-06
0.220  0.760    0.45635E-06
0.240  0.760    0.13438E-05
0.260  0.760    0.36529E-05
0.280  0.760    0.91661E-05
0.300  0.760    0.21232E-04
0.320  0.760    0.45400E-04
0.340  0.760    0.89614E-04
0.360  0.760    0.16329E-03
0.380  0.760    0.27465E-03
0.400  0.760    0.42646E-03
0.420  0.760    0.61125E-03
0.440  0.760    0.80877E-03
0.460  0.760    0.98783E-03
0.480  0.760    0.11138E-02
0.500  0.760    0.11592E-02
0.520  0.760    0.11138E-02
0.540  0.760    0.98783E-03
0.560  0.760    0.80877E-03
0.580  0.760    0.61125E-03
0.600  0.760    0.42646E-03
0.620  0.760    0.27465E-03
0.640  0.760    0.16329E-03
0.660  0.760    0.89614E-04
0.680  0.760    0.45400E-04
0.700  0.760    0.21232E-04
0.720  0.760    0.91661E-05
0.740  0.760    0.36529E-05
0.760  0.760    0.13438E-05
0.780  0.760    0.45635E-06
0.800  0.760    0.14306E-06
0.820  0.760    0.41399E-07
0.840  0.760    0.11059E-07
0.860  0.760    0.27272E-08
0.880  0.760    0.62081E-09
0.900  0.760    0.13045E-09
0.920  0.760    0.25305E-10
0.940  0.760    0.45314E-11
0.960  0.760    0.74903E-12
0.980  0.760    0.11429E-12
1.000  0.760    0.00000E+00
0.000  0.780    0.00000E+00
0.020  0.780    0.38814E-13
0.040  0.780    0.25437E-12
0.060  0.780    0.15388E-11
0.080  0.780    0.85936E-11
0.100  0.780    0.44302E-10
0.120  0.780    0.21082E-09
0.140  0.780    0.92614E-09
0.160  0.780    0.37557E-08
0.180  0.780    0.14059E-07
0.200  0.780    0.48583E-07
0.220  0.780    0.15498E-06
0.240  0.780    0.45635E-06
0.260  0.780    0.12405E-05
0.280  0.780    0.31128E-05
0.300  0.780    0.72103E-05
0.320  0.780    0.15418E-04
0.340  0.780    0.30432E-04
0.360  0.780    0.55452E-04
0.380  0.780    0.93271E-04
0.400  0.780    0.14482E-03
0.420  0.780    0.20758E-03
0.440  0.780    0.27465E-03
0.460  0.780    0.33546E-03
0.480  0.780    0.37823E-03
0.500  0.780    0.39367E-03
0.520  0.780    0.37823E-03
0.540  0.780    0.33546E-03
0.560  0.780    0.27465E-03
0.580  0.780    0.20758E-03
0.600  0.780    0.14482E-03
0.620  0.780    0.93271E-04
0.640  0.780    0.55452E-04
0.660  0.780    0.30432E-04
0.680  0.780    0.15418E-04
0.700  0.780    0.72103E-05
0.720  0.780    0.31128E-05
0.740  0.780    0.12405E-05
0.760  0.780    0.45635E-06
0.780  0.780    0.15498E-06
0.800  0.780    0.48583E-07
0.820  0.780    0.14059E-07
0.840  0.780    0.37557E-08
0.860  0.780    0.92614E-09
0.880  0.780    0.21082E-09
0.900  0.780    0.44302E-10
0.920  0.780    0.85936E-11
0.940  0.780    0.15388E-11
0.960  0.780    0.25437E-12
0.980  0.780    0.38814E-13
1.000  0.780    0.00000E+00
0.000  0.800    0.00000E+00
0.020  0.800    0.12168E-13
0.040  0.800    0.79740E-13
0.060  0.800    0.48240E-12
0.080  0.800    0.26940E-11
0.100  0.800    0.13888E-10
0.120  0.800    0.66090E-10
0.140  0.800    0.29033E-09
0.160  0.800    0.11773E-08
0.180  0.800    0.44073E-08
0.200  0.800    0.15230E-07
0.220  0.800    0.48583E-07
0.240  0.800    0.14306E-06
0.260  0.800    0.38888E-06
0.280  0.800    0.97581E-06
0.300  0.800    0.22603E-05
0.320  0.800    0.48332E-05
0.340  0.800    0.95402E-05
0.360  0.800    0.17383E-04
0.380  0.800    0.29239E-04
0.400  0.800    0.45400E-04
0.420  0.800    0.65073E-04
0.440  0.800    0.86100E-04
0.460  0.800    0.10516E-03
0.480  0.800    0.11857E-03
0.500  0.800    0.12341E-03
0.520  0.800    0.11857E-03
0.540  0.800    0.10516E-03
0.560  0.800    0.86100E-04
0.580  0.800    0.65073E-04
0.600  0.800    0.45400E-04
0.620  0.800    0.29239E-04
0.640  0.800    0.17383E-04
0.660  0.800    0.95402E-05
0.680  0.800    0.48332E-05
0.700  0.800    0.22603E-05
0.720  0.800    0.97581E-06
0.740  0.800    0.38888E-06
0.760  0.800    0.14306E-06
0.780  0.800    0.48583E-07
0.800  0.800    0.15230E-07
0.820  0.800    0.44073E-08
0.840  0.800    0.11773E-08
0.860  0.800    0.29033E-09
0.880  0.800    0.66090E-10
0.900  0.800    0.13888E-10
0.920  0.800    0.26940E-11
0.940  0.800    0.48240E-12
0.960  0.800    0.79740E-13
0.980  0.800    0.12168E-13
1.000  0.800    0.00000E+00
0.000  0.820    0.00000E+00
0.020  0.820    0.35211E-14
0.040  0.820    0.23076E-13
0.060  0.820    0.13960E-12
0.080  0.820    0.77960E-12
0.100  0.820    0.40190E-11
0.120  0.820    0.19125E-10
0.140  0.820    0.84017E-10
0.160  0.820    0.34071E-09
0.180  0.820    0.12754E-08
0.200  0.820    0.44073E-08
0.220  0.820    0.14059E-07
0.240  0.820    0.41399E-07
0.260  0.820    0.11254E-06
0.280  0.820    0.28238E-06
0.300  0.820    0.65410E-06
0.320  0.820    0.13987E-05
0.340  0.820    0.27608E-05
0.360  0.820    0.50305E-05
0.380  0.820    0.84614E-05
0.400  0.820    0.13138E-04
0.420  0.820    0.18831E-04
0.440  0.820    0.24916E-04
0.460  0.820    0.30432E-04
0.480  0.820    0.34313E-04
0.500  0.820    0.35713E-04
0.520  0.820    0.34313E-04
0.540  0.820    0.30432E-04
0.560  0.820    0.24916E-04
0.580  0.820    0.18831E-04
0.600  0.820    0.13138E-04
0.620  0.820    0.84614E-05
0.640  0.820    0.50305E-05
0.660  0.820    0.27608E-05
0.680  0.820    0.13987E-05
0.700  0.820    0.65410E-06
0.720  0.820    0.28238E-06
0.740  0.820    0.11254E-06
0.760  0.820    0.41399E-07
0.780  0.820    0.14059E-07
0.800  0.820    0.44073E-08
0.820  0.820    0.12754E-08
0.840  0.820    0.34071E-09
0.860  0.820    0.84017E-10
0.880  0.820    0.19125E-10
0.900  0.820    0.40190E-11
0.920  0.820    0.77960E-12
0.940  0.820    0.13960E-12
0.960  0.820    0.23076E-13
0.980  0.820    0.35211E-14
1.000  0.820    0.00000E+00
0.000  0.840    0.00000E+00
0.020  0.840    0.94061E-15
0.040  0.840    0.61643E-14
0.060  0.840    0.37292E-13
0.080  0.840    0.20826E-12
0.100  0.840    0.10736E-11
0.120  0.840    0.51091E-11
0.140  0.840    0.22444E-10
0.160  0.840    0.91015E-10
0.180  0.840    0.34071E-09
0.200  0.840    0.11773E-08
0.220  0.840    0.37557E-08
0.240  0.840    0.11059E-07
0.260  0.840    0.30062E-07
0.280  0.840    0.75435E-07
0.300  0.840    0.17473E-06
0.320  0.840    0.37363E-06
0.340  0.840    0.73750E-06
0.360  0.840    0.13438E-05
0.380  0.840    0.22603E-05
0.400  0.840    0.35096E-05
0.420  0.840    0.50305E-05
0.440  0.840    0.66559E-05
0.460  0.840    0.81296E-05
0.480  0.840    0.91661E-05
0.500  0.840    0.95402E-05
0.520  0.840    0.91661E-05
0.540  0.840    0.81296E-05
0.560  0.840    0.66559E-05
0.580  0.840    0.50305E-05
0.600  0.840    0.35096E-05
0.620  0.840    0.22603E-05
0.640  0.840    0.13438E-05
0.660  0.840    0.73750E-06
0.680  0.840    0.37363E-06
0.700  0.840    0.17473E-06
0.720  0.840    0.75435E-07
0.740  0.840    0.30062E-07
0.760  0.840    0.11059E-07
0.780  0.840    0.37557E-08
0.800  0.840    0.11773E-08
0.820  0.840    0.34071E-09
0.840  0.840    0.91015E-10
0.860  0.840    0.22444E-10
0.880  0.840    0.51091E-11
0.900  0.840    0.10736E-11
0.920  0.840    0.20826E-12
0.940  0.840    0.37292E-13
0.960  0.840    0.61643E-14
0.980  0.840    0.94061E-15
1.000  0.840    0.00000E+00
0.000  0.860    0.00000E+00
0.020  0.860    0.23195E-15
0.040  0.860    0.15201E-14
0.060  0.860    0.91961E-14
0.080  0.860    0.51356E-13
0.100  0.860    0.26475E-12
0.120  0.860    0.12599E-11
0.140  0.860    0.55346E-11
0.160  0.860    0.22444E-10
0.180  0.860    0.84017E-10
0.200  0.860    0.29033E-09
0.220  0.860    0.92614E-09
0.240  0.860    0.27272E-08
0.260  0.860    0.74132E-08
0.280  0.860    0.18602E-07
0.300  0.860    0.43089E-07
0.320  0.860    0.92136E-07
0.340  0.860    0.18187E-06
0.360  0.860    0.33138E-06
0.380  0.860    0.55739E-06
0.400  0.860    0.86546E-06
0.420  0.860    0.12405E-05
0.440  0.860    0.16413E-05
0.460  0.860    0.20047E-05
0.480  0.860    0.22603E-05
0.500  0.860    0.23526E-05
0.520  0.860    0.22603E-05
0.540  0.860    0.20047E-05
0.560  0.860    0.16413E-05
0.580  0.860    0.12405E-05
0.600  0.860    0.86546E-06
0.620  0.860    0.55739E-06
0.640  0.860    0.33138E-06
0.660  0.860    0.18187E-06
0.680  0.860    0.92136E-07
0.700  0.860    0.43089E-07
0.720  0.860    0.18602E-07
0.740  0.860    0.74132E-08
0.760  0.860    0.27272E-08
0.780  0.860    0.92614E-09
0.800  0.860    0.29033E-09
0.820  0.860    0.84017E-10
0.840  0.860    0.22444E-10
0.860  0.860    0.55346E-11
0.880  0.860    0.12599E-11
0.900  0.860    0.26475E-12
0.920  0.860    0.51356E-13
0.940  0.860    0.91961E-14
0.960  0.860    0.15201E-14
0.980  0.860    0.23195E-15
1.000  0.860    0.00000E+00
0.000  0.880    0.00000E+00
0.020  0.880    0.52801E-16
0.040  0.880    0.34603E-15
0.060  0.880    0.20934E-14
0.080  0.880    0.11690E-13
0.100  0.880    0.60267E-13
0.120  0.880    0.28680E-12
0.140  0.880    0.12599E-11
0.160  0.880    0.51091E-11
0.180  0.880    0.19125E-10
0.200  0.880    0.66090E-10
0.220  0.880    0.21082E-09
0.240  0.880    0.62081E-09
0.260  0.880    0.16875E-08
0.280  0.880    0.42345E-08
0.300  0.880    0.98087E-08
0.320  0.880    0.20974E-07
0.340  0.880    0.41399E-07
0.360  0.880    0.75435E-07
0.380  0.880    0.12688E-06
0.400  0.880    0.19701E-06
0.420  0.880    0.28238E-06
0.440  0.880    0.37363E-06
0.460  0.880    0.45635E-06
0.480  0.880    0.51454E-06
0.500  0.880    0.53553E-06
0.520  0.880    0.51454E-06
0.540  0.880    0.45635E-06
0.560  0.880    0.37363E-06
0.580  0.880    0.28238E-06
0.600  0.880    0.19701E-06
0.620  0.880    0.12688E-06
0.640  0.880    0.75435E-07
0.660  0.880    0.41399E-07
0.680  0.880    0.20974E-07
0.700  0.880    0.98087E-08
0.720  0.880    0.42345E-08
0.740  0.880    0.16875E-08
0.760  0.880    0.62081E-09
0.780  0.880    0.21082E-09
0.800  0.880    0.66090E-10
0.820  0.880    0.19125E-10
0.840  0.880    0.51091E-11
0.860  0.880    0.12599E-11
0.880  0.880    0.28680E-12
0.900  0.880    0.60267E-13
0.920  0.880    0.11690E-13
0.940  0.880    0.20934E-14
0.960  0.880    0.34603E-15
0.980  0.880    0.52801E-16
1.000  0.880    0.00000E+00
0.000  0.900    0.00000E+00
0.020  0.900    0.11095E-16
0.040  0.900    0.72714E-16
0.060  0.900    0.43989E-15
0.080  0.900    0.24566E-14
0.100  0.900    0.12664E-13
0.120  0.900    0.60267E-13
0.140  0.900    0.26475E-12
0.160  0.900    0.10736E-11
0.180  0.900    0.40190E-11
0.200  0.900    0.13888E-10
0.220  0.900    0.44302E-10
0.240  0.900    0.13045E-09
0.260  0.900    0.35461E-09
0.280  0.900    0.88982E-09
0.300  0.900    0.20612E-08
0.320  0.900    0.44073E-08
0.340  0.900    0.86995E-08
0.360  0.900    0.15852E-07
0.380  0.900    0.26663E-07
0.400  0.900    0.41399E-07
0.420  0.900    0.59339E-07
0.440  0.900    0.78513E-07
0.460  0.900    0.95896E-07
0.480  0.900    0.10812E-06
0.500  0.900    0.11254E-06
0.520  0.900    0.10812E-06
0.540  0.900    0.95896E-07
0.560  0.900    0.78513E-07
0.580  0.900    0.59339E-07
0.600  0.900    0.41399E-07
0.620  0.900    0.26663E-07
0.640  0.900    0.15852E-07
0.660  0.900    0.86995E-08
0.680  0.900    0.44073E-08
0.700  0.900    0.20612E-08
0.720  0.900    0.88982E-09
0.740  0.900    0.35461E-09
0.760  0.900    0.13045E-09
0.780  0.900    0.44302E-10
0.800  0.900    0.13888E-10
0.820  0.900    0.40190E-11
0.840  0.900    0.10736E-11
0.860  0.900    0.26475E-12
0.880  0.900    0.60267E-13
0.900  0.900    0.12664E-13
0.920  0.900    0.24566E-14
0.940  0.900    0.43989E-15
0.960  0.900    0.72714E-16
0.980  0.900    0.11095E-16
1.000  0.900    0.00000E+00
0.000  0.920    0.00000E+00
0.020  0.920    0.21523E-17
0.040  0.920    0.14105E-16
0.060  0.920    0.85330E-16
0.080  0.920    0.47653E-15
0.100  0.920    0.24566E-14
0.120  0.920    0.11690E-13
0.140  0.920    0.51356E-13
0.160  0.920    0.20826E-12
0.180  0.920    0.77960E-12
0.200  0.920    0.26940E-11
0.220  0.920    0.85936E-11
0.240  0.920    0.25305E-10
0.260  0.920    0.68787E-10
0.280  0.920    0.17261E-09
0.300  0.920    0.39982E-09
0.320  0.920    0.85493E-09
0.340  0.920    0.16875E-08
0.360  0.920    0.30749E-08
0.380  0.920    0.51720E-08
0.400  0.920    0.80307E-08
0.420  0.920    0.11511E-07
0.440  0.920    0.15230E-07
0.460  0.920    0.18602E-07
0.480  0.920    0.20974E-07
0.500  0.920    0.21830E-07
0.520  0.920    0.20974E-07
0.540  0.920    0.18602E-07
0.560  0.920    0.15230E-07
0.580  0.920    0.11511E-07
0.600  0.920    0.80307E-08
0.620  0.920    0.51720E-08
0.640  0.920    0.30749E-08
0.660  0.920    0.16875E-08
0.680  0.920    0.85493E-09
0.700  0.920    0.39982E-09
0.720  0.920    0.17261E-09
0.740  0.920    0.68787E-10
0.760  0.920    0.25305E-10
0.780  0.920    0.85936E-11
0.800  0.920    0.26940E-11
0.820  0.920    0.77960E-12
0.840  0.920    0.20826E-12
0.860  0.920    0.51356E-13
0.880  0.920    0.11690E-13
0.900  0.920    0.24566E-14
0.920  0.920    0.47653E-15
0.940  0.920    0.85330E-16
0.960  0.920    0.14105E-16
0.980  0.920    0.21523E-17
1.000  0.920    0.00000E+00
0.000  0.940    0.00000E+00
0.020  0.940    0.38540E-18
0.040  0.940    0.25257E-17
0.060  0.940    0.15280E-16
0.080  0.940    0.85330E-16
0.100  0.940    0.43989E-15
0.120  0.940    0.20934E-14
0.140  0.940    0.91961E-14
0.160  0.940    0.37292E-13
0.180  0.940    0.13960E-12
0.200  0.940    0.48240E-12
0.220  0.940    0.15388E-11
0.240  0.940    0.45314E-11
0.260  0.940    0.12318E-10
0.280  0.940    0.30908E-10
0.300  0.940    0.71595E-10
0.320  0.940    0.15309E-09
0.340  0.940    0.30218E-09
0.360  0.940    0.55061E-09
0.380  0.940    0.92614E-09
0.400  0.940    0.14380E-08
0.420  0.940    0.20612E-08
0.440  0.940    0.27272E-08
0.460  0.940    0.33310E-08
0.480  0.940    0.37557E-08
0.500  0.940    0.39089E-08
0.520  0.940    0.37557E-08
0.540  0.940    0.33310E-08
0.560  0.940    0.27272E-08
0.580  0.940    0.20612E-08
0.600  0.940    0.14380E-08
0.620  0.940    0.92614E-09
0.640  0.940    0.55061E-09
0.660  0.940    0.30218E-09
0.680  0.940    0.15309E-09
0.700  0.940    0.71595E-10
0.720  0.940    0.30908E-10
0.740  0.940    0.12318E-10
0.760  0.940    0.45314E-11
0.780  0.940    0.15388E-11
0.800  0.940    0.48240E-12
0.820  0.940    0.13960E-12
0.840  0.940    0.37292E-13
0.860  0.940    0.91961E-14
0.880  0.940    0.20934E-14
0.900  0.940    0.43989E-15
0.920  0.940    0.85330E-16
0.940  0.940    0.15280E-16
0.960  0.940    0.25257E-17
0.980  0.940    0.38540E-18
1.000  0.940    0.00000E+00
0.000  0.960    0.00000E+00
0.020  0.960    0.63707E-19
0.040  0.960    0.41750E-18
0.060  0.960    0.25257E-17
0.080  0.960    0.14105E-16
0.100  0.960    0.72714E-16
0.120  0.960    0.34603E-15
0.140  0.960    0.15201E-14
0.160  0.960    0.61643E-14
0.180  0.960    0.23076E-13
0.200  0.960    0.79740E-13
0.220  0.960    0.25437E-12
0.240  0.960    0.74903E-12
0.260  0.960    0.20361E-11
0.280  0.960    0.51091E-11
0.300  0.960    0.11835E-10
0.320  0.960    0.25305E-10
0.340  0.960    0.49950E-10
0.360  0.960    0.91015E-10
0.380  0.960    0.15309E-09
0.400  0.960    0.23770E-09
0.420  0.960    0.34071E-09
0.440  0.960    0.45080E-09
0.460  0.960    0.55061E-09
0.480  0.960    0.62081E-09
0.500  0.960    0.64614E-09
0.520  0.960    0.62081E-09
0.540  0.960    0.55061E-09
0.560  0.960    0.45080E-09
0.580  0.960    0.34071E-09
0.600  0.960    0.23770E-09
0.620  0.960    0.15309E-09
0.640  0.960    0.91015E-10
0.660  0.960    0.49950E-10
0.680  0.960    0.25305E-10
0.700  0.960    0.11835E-10
0.720  0.960    0.51091E-11
0.740  0.960    0.20361E-11
0.760  0.960    0.74903E-12
0.780  0.960    0.25437E-12
0.800  0.960    0.79740E-13
0.820  0.960    0.23076E-13
0.840  0.960    0.61643E-14
0.860  0.960    0.15201E-14
0.880  0.960    0.34603E-15
0.900  0.960    0.72714E-16
0.920  0.960    0.14105E-16
0.940  0.960    0.25257E-17
0.960  0.960    0.41750E-18
0.980  0.960    0.63707E-19
1.000  0.960    0.00000E+00
0.000  0.980    0.00000E+00
0.020  0.980    0.97210E-20
0.040  0.980    0.63707E-19
0.060  0.980    0.38540E-18
0.080  0.980    0.21523E-17
0.100  0.980    0.11095E-16
0.120  0.980    0.52801E-16
0.140  0.980    0.23195E-15
0.160  0.980    0.94061E-15
0.180  0.980    0.35211E-14
0.200  0.980    0.12168E-13
0.220  0.980    0.38814E-13
0.240  0.980    0.11429E-12
0.260  0.980    0.31068E-12
0.280  0.980    0.77960E-12
0.300  0.980    0.18058E-11
0.320  0.980    0.38614E-11
0.340  0.980    0.76219E-11
0.360  0.980    0.13888E-10
0.380  0.980    0.23360E-10
0.400  0.980    0.36271E-10
0.420  0.980    0.51988E-10
0.440  0.980    0.68787E-10
0.460  0.980    0.84017E-10
0.480  0.980    0.94729E-10
0.500  0.980    0.98595E-10
0.520  0.980    0.94729E-10
0.540  0.980    0.84017E-10
0.560  0.980    0.68787E-10
0.580  0.980    0.51988E-10
0.600  0.980    0.36271E-10
0.620  0.980    0.23360E-10
0.640  0.980    0.13888E-10
0.660  0.980    0.76219E-11
0.680  0.980    0.38614E-11
0.700  0.980    0.18058E-11
0.720  0.980    0.77960E-12
0.740  0.980    0.31068E-12
0.760  0.980    0.11429E-12
0.780  0.980    0.38814E-13
0.800  0.980    0.12168E-13
0.820  0.980    0.35211E-14
0.840  0.980    0.94061E-15
0.860  0.980    0.23195E-15
0.880  0.980    0.52801E-16
0.900  0.980    0.11095E-16
0.920  0.980    0.21523E-17
0.940  0.980    0.38540E-18
0.960  0.980    0.63707E-19
0.980  0.980    0.97210E-20
1.000  0.980    0.00000E+00
0.000  1.000    0.00000E+00
0.020  1.000    0.00000E+00
0.040  1.000    0.00000E+00
0.060  1.000    0.00000E+00
0.080  1.000    0.00000E+00
0.100  1.000    0.00000E+00
0.120  1.000    0.00000E+00
0.140  1.000    0.00000E+00
0.160  1.000    0.00000E+00
0.180  1.000    0.00000E+00
0.200  1.000    0.00000E+00
0.220  1.000    0.00000E+00
0.240  1.000    0.00000E+00
0.260  1.000    0.00000E+00
0.280  1.000    0.00000E+00
0.300  1.000    0.00000E+00
0.320  1.000    0.00000E+00
0.340  1.000    0.00000E+00
0.360  1.000    0.00000E+00
0.380  1.000    0.00000E+00
0.400  1.000    0.00000E+00
0.420  1.000    0.00000E+00
0.440  1.000    0.00000E+00
0.460  1.000    0.00000E+00
0.480  1.000    0.00000E+00
0.500  1.000    0.00000E+00
0.520  1.000    0.00000E+00
0.540  1.000    0.00000E+00
0.560  1.000    0.00000E+00
0.580  1.000    0.00000E+00
0.600  1.000    0.00000E+00
0.620  1.000    0.00000E+00
0.640  1.000    0.00000E+00
0.660  1.000    0.00000E+00
0.680  1.000    0.00000E+00
0.700  1.000    0.00000E+00
0.720  1.000    0.00000E+00
0.740  1.000    0.00000E+00
0.760  1.000    0.00000E+00
0.780  1.000    0.00000E+00
0.800  1.000    0.00000E+00
0.820  1.000    0.00000E+00
0.840  1.000    0.00000E+00
0.860  1.000    0.00000E+00
0.880  1.000    0.00000E+00
0.900  1.000    0.00000E+00
0.920  1.000    0.00000E+00
0.940  1.000    0.00000E+00
0.960  1.000    0.00000E+00
0.980  1.000    0.00000E+00
1.000  1.000    0.00000E+00
