  1.000  0.000  0.000    0.00000E+00
  1.000  0.020  0.000    0.00000E+00
  1.000  0.040  0.000    0.00000E+00
  1.000  0.060  0.000    0.00000E+00
  1.000  0.080  0.000    0.00000E+00
  1.000  0.100  0.000    0.00000E+00
  1.000  0.120  0.000    0.00000E+00
  1.000  0.140  0.000    0.00000E+00
  1.000  0.160  0.000    0.00000E+00
  1.000  0.180  0.000    0.00000E+00
  1.000  0.200  0.000    0.00000E+00
  1.000  0.220  0.000    0.00000E+00
  1.000  0.240  0.000    0.00000E+00
  1.000  0.260  0.000    0.00000E+00
  1.000  0.280  0.000    0.00000E+00
  1.000  0.300  0.000    0.00000E+00
  1.000  0.320  0.000    0.00000E+00
  1.000  0.340  0.000    0.00000E+00
  1.000  0.360  0.000    0.00000E+00
  1.000  0.380  0.000    0.00000E+00
  1.000  0.400  0.000    0.00000E+00
  1.000  0.420  0.000    0.00000E+00
  1.000  0.440  0.000    0.00000E+00
  1.000  0.460  0.000    0.00000E+00
  1.000  0.480  0.000    0.00000E+00
  1.000  0.500  0.000    0.00000E+00
  1.000  0.520  0.000    0.00000E+00
  1.000  0.540  0.000    0.00000E+00
  1.000  0.560  0.000    0.00000E+00
  1.000  0.580  0.000    0.00000E+00
  1.000  0.600  0.000    0.00000E+00
  1.000  0.620  0.000    0.00000E+00
  1.000  0.640  0.000    0.00000E+00
  1.000  0.660  0.000    0.00000E+00
  1.000  0.680  0.000    0.00000E+00
  1.000  0.700  0.000    0.00000E+00
  1.000  0.720  0.000    0.00000E+00
  1.000  0.740  0.000    0.00000E+00
  1.000  0.760  0.000    0.00000E+00
  1.000  0.780  0.000    0.00000E+00
  1.000  0.800  0.000    0.00000E+00
  1.000  0.820  0.000    0.00000E+00
  1.000  0.840  0.000    0.00000E+00
  1.000  0.860  0.000    0.00000E+00
  1.000  0.880  0.000    0.00000E+00
  1.000  0.900  0.000    0.00000E+00
  1.000  0.920  0.000    0.00000E+00
  1.000  0.940  0.000    0.00000E+00
  1.000  0.960  0.000    0.00000E+00
  1.000  0.980  0.000    0.00000E+00
  1.000  1.000  0.000    0.00000E+00
  1.000  0.000  0.020    0.00000E+00
  1.000  0.020  0.020   -0.69080E-03
  1.000  0.040  0.020   -0.14389E-02
  1.000  0.060  0.020   -0.22980E-02
  1.000  0.080  0.020   -0.33071E-02
  1.000  0.100  0.020   -0.44668E-02
  1.000  0.120  0.020   -0.56975E-02
  1.000  0.140  0.020   -0.67863E-02
  1.000  0.160  0.020   -0.73428E-02
  1.000  0.180  0.020   -0.68047E-02
  1.000  0.200  0.020   -0.45401E-02
  1.000  0.220  0.020   -0.68814E-04
  1.000  0.240  0.020    0.66388E-02
  1.000  0.260  0.020    0.14907E-01
  1.000  0.280  0.020    0.23306E-01
  1.000  0.300  0.020    0.29929E-01
  1.000  0.320  0.020    0.32947E-01
  1.000  0.340  0.020    0.31251E-01
  1.000  0.360  0.020    0.24880E-01
  1.000  0.380  0.020    0.15024E-01
  1.000  0.400  0.020    0.35994E-02
  1.000  0.420  0.020   -0.74089E-02
  1.000  0.440  0.020   -0.16516E-01
  1.000  0.460  0.020   -0.22993E-01
  1.000  0.480  0.020   -0.26744E-01
  1.000  0.500  0.020   -0.27958E-01
  1.000  0.520  0.020   -0.26744E-01
  1.000  0.540  0.020   -0.22993E-01
  1.000  0.560  0.020   -0.16516E-01
  1.000  0.580  0.020   -0.74089E-02
  1.000  0.600  0.020    0.35994E-02
  1.000  0.620  0.020    0.15024E-01
  1.000  0.640  0.020    0.24880E-01
  1.000  0.660  0.020    0.31251E-01
  1.000  0.680  0.020    0.32947E-01
  1.000  0.700  0.020    0.29929E-01
  1.000  0.720  0.020    0.23306E-01
  1.000  0.740  0.020    0.14907E-01
  1.000  0.760  0.020    0.66388E-02
  1.000  0.780  0.020   -0.68814E-04
  1.000  0.800  0.020   -0.45401E-02
  1.000  0.820  0.020   -0.68047E-02
  1.000  0.840  0.020   -0.73428E-02
  1.000  0.860  0.020   -0.67863E-02
  1.000  0.880  0.020   -0.56975E-02
  1.000  0.900  0.020   -0.44668E-02
  1.000  0.920  0.020   -0.33071E-02
  1.000  0.940  0.020   -0.22980E-02
  1.000  0.960  0.020   -0.14389E-02
  1.000  0.980  0.020   -0.69080E-03
  1.000  1.000  0.020    0.00000E+00
  1.000  0.000  0.040    0.00000E+00
  1.000  0.020  0.040   -0.14389E-02
  1.000  0.040  0.040   -0.29877E-02
  1.000  0.060  0.040   -0.47440E-02
  1.000  0.080  0.040   -0.67682E-02
  1.000  0.100  0.040   -0.90343E-02
  1.000  0.120  0.040   -0.11353E-01
  1.000  0.140  0.040   -0.13278E-01
  1.000  0.160  0.040   -0.14039E-01
  1.000  0.180  0.040   -0.12573E-01
  1.000  0.200  0.040   -0.77303E-02
  1.000  0.220  0.040    0.13089E-02
  1.000  0.240  0.040    0.14493E-01
  1.000  0.260  0.040    0.30454E-01
  1.000  0.280  0.040    0.46445E-01
  1.000  0.300  0.040    0.58867E-01
  1.000  0.320  0.040    0.64306E-01
  1.000  0.340  0.040    0.60714E-01
  1.000  0.360  0.040    0.48196E-01
  1.000  0.380  0.040    0.29016E-01
  1.000  0.400  0.040    0.68104E-02
  1.000  0.420  0.040   -0.14635E-01
  1.000  0.440  0.040   -0.32457E-01
  1.000  0.460  0.040   -0.45206E-01
  1.000  0.480  0.040   -0.52634E-01
  1.000  0.500  0.040   -0.55046E-01
  1.000  0.520  0.040   -0.52634E-01
  1.000  0.540  0.040   -0.45206E-01
  1.000  0.560  0.040   -0.32457E-01
  1.000  0.580  0.040   -0.14635E-01
  1.000  0.600  0.040    0.68104E-02
  1.000  0.620  0.040    0.29016E-01
  1.000  0.640  0.040    0.48196E-01
  1.000  0.660  0.040    0.60714E-01
  1.000  0.680  0.040    0.64306E-01
  1.000  0.700  0.040    0.58867E-01
  1.000  0.720  0.040    0.46445E-01
  1.000  0.740  0.040    0.30454E-01
  1.000  0.760  0.040    0.14493E-01
  1.000  0.780  0.040    0.13089E-02
  1.000  0.800  0.040   -0.77303E-02
  1.000  0.820  0.040   -0.12573E-01
  1.000  0.840  0.040   -0.14039E-01
  1.000  0.860  0.040   -0.13278E-01
  1.000  0.880  0.040   -0.11353E-01
  1.000  0.900  0.040   -0.90343E-02
  1.000  0.920  0.040   -0.67682E-02
  1.000  0.940  0.040   -0.47440E-02
  1.000  0.960  0.040   -0.29877E-02
  1.000  0.980  0.040   -0.14389E-02
  1.000  1.000  0.040    0.00000E+00
  1.000  0.000  0.060    0.00000E+00
  1.000  0.020  0.060   -0.22980E-02
  1.000  0.040  0.060   -0.47440E-02
  1.000  0.060  0.060   -0.74571E-02
  1.000  0.080  0.060   -0.10482E-01
  1.000  0.100  0.060   -0.13717E-01
  1.000  0.120  0.060   -0.16811E-01
  1.000  0.140  0.060   -0.19060E-01
  1.000  0.160  0.060   -0.19351E-01
  1.000  0.180  0.060   -0.16246E-01
  1.000  0.200  0.060   -0.82947E-02
  1.000  0.220  0.060    0.54108E-02
  1.000  0.240  0.060    0.24554E-01
  1.000  0.260  0.060    0.47066E-01
  1.000  0.280  0.060    0.69107E-01
  1.000  0.300  0.060    0.85797E-01
  1.000  0.320  0.060    0.92580E-01
  1.000  0.340  0.060    0.86766E-01
  1.000  0.360  0.060    0.68561E-01
  1.000  0.380  0.060    0.41081E-01
  1.000  0.400  0.060    0.93162E-02
  1.000  0.420  0.060   -0.21488E-01
  1.000  0.440  0.060   -0.47285E-01
  1.000  0.460  0.060   -0.65917E-01
  1.000  0.480  0.060   -0.76877E-01
  1.000  0.500  0.060   -0.80457E-01
  1.000  0.520  0.060   -0.76877E-01
  1.000  0.540  0.060   -0.65917E-01
  1.000  0.560  0.060   -0.47285E-01
  1.000  0.580  0.060   -0.21488E-01
  1.000  0.600  0.060    0.93162E-02
  1.000  0.620  0.060    0.41081E-01
  1.000  0.640  0.060    0.68561E-01
  1.000  0.660  0.060    0.86766E-01
  1.000  0.680  0.060    0.92580E-01
  1.000  0.700  0.060    0.85797E-01
  1.000  0.720  0.060    0.69107E-01
  1.000  0.740  0.060    0.47066E-01
  1.000  0.760  0.060    0.24554E-01
  1.000  0.780  0.060    0.54108E-02
  1.000  0.800  0.060   -0.82947E-02
  1.000  0.820  0.060   -0.16246E-01
  1.000  0.840  0.060   -0.19351E-01
  1.000  0.860  0.060   -0.19060E-01
  1.000  0.880  0.060   -0.16811E-01
  1.000  0.900  0.060   -0.13717E-01
  1.000  0.920  0.060   -0.10482E-01
  1.000  0.940  0.060   -0.74571E-02
  1.000  0.960  0.060   -0.47440E-02
  1.000  0.980  0.060   -0.22980E-02
  1.000  1.000  0.060    0.00000E+00
  1.000  0.000  0.080    0.00000E+00
  1.000  0.020  0.080   -0.33071E-02
  1.000  0.040  0.080   -0.67682E-02
  1.000  0.060  0.080   -0.10482E-01
  1.000  0.080  0.080   -0.14424E-01
  1.000  0.100  0.080   -0.18351E-01
  1.000  0.120  0.080   -0.21701E-01
  1.000  0.140  0.080   -0.23507E-01
  1.000  0.160  0.080   -0.22398E-01
  1.000  0.180  0.080   -0.16759E-01
  1.000  0.200  0.080   -0.51309E-02
  1.000  0.220  0.080    0.13175E-01
  1.000  0.240  0.080    0.37384E-01
  1.000  0.260  0.080    0.64773E-01
  1.000  0.280  0.080    0.90747E-01
  1.000  0.300  0.080    0.10969E+00
  1.000  0.320  0.080    0.11646E+00
  1.000  0.340  0.080    0.10810E+00
  1.000  0.360  0.080    0.84916E-01
  1.000  0.380  0.080    0.50574E-01
  1.000  0.400  0.080    0.10928E-01
  1.000  0.420  0.080   -0.27767E-01
  1.000  0.440  0.080   -0.60531E-01
  1.000  0.460  0.080   -0.84513E-01
  1.000  0.480  0.080   -0.98800E-01
  1.000  0.500  0.080   -0.10350E+00
  1.000  0.520  0.080   -0.98800E-01
  1.000  0.540  0.080   -0.84513E-01
  1.000  0.560  0.080   -0.60531E-01
  1.000  0.580  0.080   -0.27767E-01
  1.000  0.600  0.080    0.10928E-01
  1.000  0.620  0.080    0.50574E-01
  1.000  0.640  0.080    0.84916E-01
  1.000  0.660  0.080    0.10810E+00
  1.000  0.680  0.080    0.11646E+00
  1.000  0.700  0.080    0.10969E+00
  1.000  0.720  0.080    0.90747E-01
  1.000  0.740  0.080    0.64773E-01
  1.000  0.760  0.080    0.37384E-01
  1.000  0.780  0.080    0.13175E-01
  1.000  0.800  0.080   -0.51309E-02
  1.000  0.820  0.080   -0.16759E-01
  1.000  0.840  0.080   -0.22398E-01
  1.000  0.860  0.080   -0.23507E-01
  1.000  0.880  0.080   -0.21701E-01
  1.000  0.900  0.080   -0.18351E-01
  1.000  0.920  0.080   -0.14424E-01
  1.000  0.940  0.080   -0.10482E-01
  1.000  0.960  0.080   -0.67682E-02
  1.000  0.980  0.080   -0.33071E-02
  1.000  1.000  0.080    0.00000E+00
  1.000  0.000  0.100    0.00000E+00
  1.000  0.020  0.100   -0.44668E-02
  1.000  0.040  0.100   -0.90343E-02
  1.000  0.060  0.100   -0.13717E-01
  1.000  0.080  0.100   -0.18351E-01
  1.000  0.100  0.100   -0.22494E-01
  1.000  0.120  0.100   -0.25350E-01
  1.000  0.140  0.100   -0.25736E-01
  1.000  0.160  0.100   -0.22172E-01
  1.000  0.180  0.100   -0.13124E-01
  1.000  0.200  0.100    0.25525E-02
  1.000  0.220  0.100    0.25039E-01
  1.000  0.240  0.100    0.52974E-01
  1.000  0.260  0.100    0.83123E-01
  1.000  0.280  0.100    0.11056E+00
  1.000  0.300  0.100    0.12954E+00
  1.000  0.320  0.100    0.13494E+00
  1.000  0.340  0.100    0.12384E+00
  1.000  0.360  0.100    0.96641E-01
  1.000  0.380  0.100    0.57172E-01
  1.000  0.400  0.100    0.11611E-01
  1.000  0.420  0.100   -0.33267E-01
  1.000  0.440  0.100   -0.71822E-01
  1.000  0.460  0.100   -0.10052E+00
  1.000  0.480  0.100   -0.11789E+00
  1.000  0.500  0.100   -0.12366E+00
  1.000  0.520  0.100   -0.11789E+00
  1.000  0.540  0.100   -0.10052E+00
  1.000  0.560  0.100   -0.71822E-01
  1.000  0.580  0.100   -0.33267E-01
  1.000  0.600  0.100    0.11611E-01
  1.000  0.620  0.100    0.57172E-01
  1.000  0.640  0.100    0.96641E-01
  1.000  0.660  0.100    0.12384E+00
  1.000  0.680  0.100    0.13494E+00
  1.000  0.700  0.100    0.12954E+00
  1.000  0.720  0.100    0.11056E+00
  1.000  0.740  0.100    0.83123E-01
  1.000  0.760  0.100    0.52974E-01
  1.000  0.780  0.100    0.25039E-01
  1.000  0.800  0.100    0.25525E-02
  1.000  0.820  0.100   -0.13124E-01
  1.000  0.840  0.100   -0.22172E-01
  1.000  0.860  0.100   -0.25736E-01
  1.000  0.880  0.100   -0.25350E-01
  1.000  0.900  0.100   -0.22494E-01
  1.000  0.920  0.100   -0.18351E-01
  1.000  0.940  0.100   -0.13717E-01
  1.000  0.960  0.100   -0.90343E-02
  1.000  0.980  0.100   -0.44668E-02
  1.000  1.000  0.100    0.00000E+00
  1.000  0.000  0.120    0.00000E+00
  1.000  0.020  0.120   -0.56975E-02
  1.000  0.040  0.120   -0.11353E-01
  1.000  0.060  0.120   -0.16811E-01
  1.000  0.080  0.120   -0.21701E-01
  1.000  0.100  0.120   -0.25350E-01
  1.000  0.120  0.120   -0.26757E-01
  1.000  0.140  0.120   -0.24647E-01
  1.000  0.160  0.120   -0.17645E-01
  1.000  0.180  0.120   -0.45860E-02
  1.000  0.200  0.120    0.15074E-01
  1.000  0.220  0.120    0.40813E-01
  1.000  0.240  0.120    0.70686E-01
  1.000  0.260  0.120    0.10119E+00
  1.000  0.280  0.120    0.12756E+00
  1.000  0.300  0.120    0.14450E+00
  1.000  0.320  0.120    0.14739E+00
  1.000  0.340  0.120    0.13362E+00
  1.000  0.360  0.120    0.10359E+00
  1.000  0.380  0.120    0.60891E-01
  1.000  0.400  0.120    0.11487E-01
  1.000  0.420  0.120   -0.37794E-01
  1.000  0.440  0.120   -0.80907E-01
  1.000  0.460  0.120   -0.11365E+00
  1.000  0.480  0.120   -0.13381E+00
  1.000  0.500  0.120   -0.14058E+00
  1.000  0.520  0.120   -0.13381E+00
  1.000  0.540  0.120   -0.11365E+00
  1.000  0.560  0.120   -0.80907E-01
  1.000  0.580  0.120   -0.37794E-01
  1.000  0.600  0.120    0.11487E-01
  1.000  0.620  0.120    0.60891E-01
  1.000  0.640  0.120    0.10359E+00
  1.000  0.660  0.120    0.13362E+00
  1.000  0.680  0.120    0.14739E+00
  1.000  0.700  0.120    0.14450E+00
  1.000  0.720  0.120    0.12756E+00
  1.000  0.740  0.120    0.10119E+00
  1.000  0.760  0.120    0.70686E-01
  1.000  0.780  0.120    0.40813E-01
  1.000  0.800  0.120    0.15074E-01
  1.000  0.820  0.120   -0.45860E-02
  1.000  0.840  0.120   -0.17645E-01
  1.000  0.860  0.120   -0.24647E-01
  1.000  0.880  0.120   -0.26757E-01
  1.000  0.900  0.120   -0.25350E-01
  1.000  0.920  0.120   -0.21701E-01
  1.000  0.940  0.120   -0.16811E-01
  1.000  0.960  0.120   -0.11353E-01
  1.000  0.980  0.120   -0.56975E-02
  1.000  1.000  0.120    0.00000E+00
  1.000  0.000  0.140    0.00000E+00
  1.000  0.020  0.140   -0.67863E-02
  1.000  0.040  0.140   -0.13278E-01
  1.000  0.060  0.140   -0.19060E-01
  1.000  0.080  0.140   -0.23507E-01
  1.000  0.100  0.140   -0.25736E-01
  1.000  0.120  0.140   -0.24647E-01
  1.000  0.140  0.140   -0.19061E-01
  1.000  0.160  0.140   -0.79665E-02
  1.000  0.180  0.140    0.91780E-02
  1.000  0.200  0.140    0.32131E-01
  1.000  0.220  0.140    0.59631E-01
  1.000  0.240  0.140    0.89303E-01
  1.000  0.260  0.140    0.11773E+00
  1.000  0.280  0.140    0.14074E+00
  1.000  0.300  0.140    0.15398E+00
  1.000  0.320  0.140    0.15367E+00
  1.000  0.340  0.140    0.13763E+00
  1.000  0.360  0.140    0.10610E+00
  1.000  0.380  0.140    0.62050E-01
  1.000  0.400  0.140    0.10796E-01
  1.000  0.420  0.140   -0.41185E-01
  1.000  0.440  0.140   -0.87660E-01
  1.000  0.460  0.140   -0.12376E+00
  1.000  0.480  0.140   -0.14642E+00
  1.000  0.500  0.140   -0.15411E+00
  1.000  0.520  0.140   -0.14642E+00
  1.000  0.540  0.140   -0.12376E+00
  1.000  0.560  0.140   -0.87660E-01
  1.000  0.580  0.140   -0.41185E-01
  1.000  0.600  0.140    0.10796E-01
  1.000  0.620  0.140    0.62050E-01
  1.000  0.640  0.140    0.10610E+00
  1.000  0.660  0.140    0.13763E+00
  1.000  0.680  0.140    0.15367E+00
  1.000  0.700  0.140    0.15398E+00
  1.000  0.720  0.140    0.14074E+00
  1.000  0.740  0.140    0.11773E+00
  1.000  0.760  0.140    0.89303E-01
  1.000  0.780  0.140    0.59631E-01
  1.000  0.800  0.140    0.32131E-01
  1.000  0.820  0.140    0.91780E-02
  1.000  0.840  0.140   -0.79665E-02
  1.000  0.860  0.140   -0.19061E-01
  1.000  0.880  0.140   -0.24647E-01
  1.000  0.900  0.140   -0.25736E-01
  1.000  0.920  0.140   -0.23507E-01
  1.000  0.940  0.140   -0.19060E-01
  1.000  0.960  0.140   -0.13278E-01
  1.000  0.980  0.140   -0.67863E-02
  1.000  1.000  0.140    0.00000E+00
  1.000  0.000  0.160    0.00000E+00
  1.000  0.020  0.160   -0.73428E-02
  1.000  0.040  0.160   -0.14039E-01
  1.000  0.060  0.160   -0.19351E-01
  1.000  0.080  0.160   -0.22398E-01
  1.000  0.100  0.160   -0.22172E-01
  1.000  0.120  0.160   -0.17645E-01
  1.000  0.140  0.160   -0.79665E-02
  1.000  0.160  0.160    0.72848E-02
  1.000  0.180  0.160    0.27867E-01
  1.000  0.200  0.160    0.52729E-01
  1.000  0.220  0.160    0.80018E-01
  1.000  0.240  0.160    0.10722E+00
  1.000  0.260  0.160    0.13137E+00
  1.000  0.280  0.160    0.14928E+00
  1.000  0.300  0.160    0.15779E+00
  1.000  0.320  0.160    0.15413E+00
  1.000  0.340  0.160    0.13653E+00
  1.000  0.360  0.160    0.10485E+00
  1.000  0.380  0.160    0.61192E-01
  1.000  0.400  0.160    0.98475E-02
  1.000  0.420  0.160   -0.43332E-01
  1.000  0.440  0.160   -0.92083E-01
  1.000  0.460  0.160   -0.13089E+00
  1.000  0.480  0.160   -0.15572E+00
  1.000  0.500  0.160   -0.16424E+00
  1.000  0.520  0.160   -0.15572E+00
  1.000  0.540  0.160   -0.13089E+00
  1.000  0.560  0.160   -0.92083E-01
  1.000  0.580  0.160   -0.43332E-01
  1.000  0.600  0.160    0.98475E-02
  1.000  0.620  0.160    0.61192E-01
  1.000  0.640  0.160    0.10485E+00
  1.000  0.660  0.160    0.13653E+00
  1.000  0.680  0.160    0.15413E+00
  1.000  0.700  0.160    0.15779E+00
  1.000  0.720  0.160    0.14928E+00
  1.000  0.740  0.160    0.13137E+00
  1.000  0.760  0.160    0.10722E+00
  1.000  0.780  0.160    0.80018E-01
  1.000  0.800  0.160    0.52729E-01
  1.000  0.820  0.160    0.27867E-01
  1.000  0.840  0.160    0.72848E-02
  1.000  0.860  0.160   -0.79665E-02
  1.000  0.880  0.160   -0.17645E-01
  1.000  0.900  0.160   -0.22172E-01
  1.000  0.920  0.160   -0.22398E-01
  1.000  0.940  0.160   -0.19351E-01
  1.000  0.960  0.160   -0.14039E-01
  1.000  0.980  0.160   -0.73428E-02
  1.000  1.000  0.160    0.00000E+00
  1.000  0.000  0.180    0.00000E+00
  1.000  0.020  0.180   -0.68047E-02
  1.000  0.040  0.180   -0.12573E-01
  1.000  0.060  0.180   -0.16246E-01
  1.000  0.080  0.180   -0.16759E-01
  1.000  0.100  0.180   -0.13124E-01
  1.000  0.120  0.180   -0.45860E-02
  1.000  0.140  0.180    0.91780E-02
  1.000  0.160  0.180    0.27867E-01
  1.000  0.180  0.180    0.50455E-01
  1.000  0.200  0.180    0.75250E-01
  1.000  0.220  0.180    0.10011E+00
  1.000  0.240  0.180    0.12273E+00
  1.000  0.260  0.180    0.14095E+00
  1.000  0.280  0.180    0.15275E+00
  1.000  0.300  0.180    0.15624E+00
  1.000  0.320  0.180    0.14962E+00
  1.000  0.340  0.180    0.13136E+00
  1.000  0.360  0.180    0.10082E+00
  1.000  0.380  0.180    0.58985E-01
  1.000  0.400  0.180    0.89636E-02
  1.000  0.420  0.180   -0.44193E-01
  1.000  0.440  0.180   -0.94293E-01
  1.000  0.460  0.180   -0.13519E+00
  1.000  0.480  0.180   -0.16187E+00
  1.000  0.500  0.180   -0.17113E+00
  1.000  0.520  0.180   -0.16187E+00
  1.000  0.540  0.180   -0.13519E+00
  1.000  0.560  0.180   -0.94293E-01
  1.000  0.580  0.180   -0.44193E-01
  1.000  0.600  0.180    0.89636E-02
  1.000  0.620  0.180    0.58985E-01
  1.000  0.640  0.180    0.10082E+00
  1.000  0.660  0.180    0.13136E+00
  1.000  0.680  0.180    0.14962E+00
  1.000  0.700  0.180    0.15624E+00
  1.000  0.720  0.180    0.15275E+00
  1.000  0.740  0.180    0.14095E+00
  1.000  0.760  0.180    0.12273E+00
  1.000  0.780  0.180    0.10011E+00
  1.000  0.800  0.180    0.75250E-01
  1.000  0.820  0.180    0.50455E-01
  1.000  0.840  0.180    0.27867E-01
  1.000  0.860  0.180    0.91780E-02
  1.000  0.880  0.180   -0.45860E-02
  1.000  0.900  0.180   -0.13124E-01
  1.000  0.920  0.180   -0.16759E-01
  1.000  0.940  0.180   -0.16246E-01
  1.000  0.960  0.180   -0.12573E-01
  1.000  0.980  0.180   -0.68047E-02
  1.000  1.000  0.180    0.00000E+00
  1.000  0.000  0.200    0.00000E+00
  1.000  0.020  0.200   -0.45401E-02
  1.000  0.040  0.200   -0.77303E-02
  1.000  0.060  0.200   -0.82947E-02
  1.000  0.080  0.200   -0.51309E-02
  1.000  0.100  0.200    0.25525E-02
  1.000  0.120  0.200    0.15074E-01
  1.000  0.140  0.200    0.32131E-01
  1.000  0.160  0.200    0.52729E-01
  1.000  0.180  0.200    0.75250E-01
  1.000  0.200  0.200    0.97682E-01
  1.000  0.220  0.200    0.11798E+00
  1.000  0.240  0.200    0.13441E+00
  1.000  0.260  0.200    0.14577E+00
  1.000  0.280  0.200    0.15127E+00
  1.000  0.300  0.200    0.15016E+00
  1.000  0.320  0.200    0.14136E+00
  1.000  0.340  0.200    0.12342E+00
  1.000  0.360  0.200    0.95065E-01
  1.000  0.380  0.200    0.56118E-01
  1.000  0.400  0.200    0.84285E-02
  1.000  0.420  0.200   -0.43795E-01
  1.000  0.440  0.200   -0.94495E-01
  1.000  0.460  0.200   -0.13694E+00
  1.000  0.480  0.200   -0.16515E+00
  1.000  0.500  0.200   -0.17503E+00
  1.000  0.520  0.200   -0.16515E+00
  1.000  0.540  0.200   -0.13694E+00
  1.000  0.560  0.200   -0.94495E-01
  1.000  0.580  0.200   -0.43795E-01
  1.000  0.600  0.200    0.84285E-02
  1.000  0.620  0.200    0.56118E-01
  1.000  0.640  0.200    0.95065E-01
  1.000  0.660  0.200    0.12342E+00
  1.000  0.680  0.200    0.14136E+00
  1.000  0.700  0.200    0.15016E+00
  1.000  0.720  0.200    0.15127E+00
  1.000  0.740  0.200    0.14577E+00
  1.000  0.760  0.200    0.13441E+00
  1.000  0.780  0.200    0.11798E+00
  1.000  0.800  0.200    0.97682E-01
  1.000  0.820  0.200    0.75250E-01
  1.000  0.840  0.200    0.52729E-01
  1.000  0.860  0.200    0.32131E-01
  1.000  0.880  0.200    0.15074E-01
  1.000  0.900  0.200    0.25525E-02
  1.000  0.920  0.200   -0.51309E-02
  1.000  0.940  0.200   -0.82947E-02
  1.000  0.960  0.200   -0.77303E-02
  1.000  0.980  0.200   -0.45401E-02
  1.000  1.000  0.200    0.00000E+00
  1.000  0.000  0.220    0.00000E+00
  1.000  0.020  0.220   -0.68814E-04
  1.000  0.040  0.220    0.13089E-02
  1.000  0.060  0.220    0.54108E-02
  1.000  0.080  0.220    0.13175E-01
  1.000  0.100  0.220    0.25039E-01
  1.000  0.120  0.220    0.40813E-01
  1.000  0.140  0.220    0.59631E-01
  1.000  0.160  0.220    0.80018E-01
  1.000  0.180  0.220    0.10011E+00
  1.000  0.200  0.220    0.11798E+00
  1.000  0.220  0.220    0.13205E+00
  1.000  0.240  0.220    0.14140E+00
  1.000  0.260  0.220    0.14584E+00
  1.000  0.280  0.220    0.14561E+00
  1.000  0.300  0.220    0.14080E+00
  1.000  0.320  0.220    0.13082E+00
  1.000  0.340  0.220    0.11409E+00
  1.000  0.360  0.220    0.88655E-01
  1.000  0.380  0.220    0.53222E-01
  1.000  0.400  0.220    0.84636E-02
  1.000  0.420  0.220   -0.42227E-01
  1.000  0.440  0.220   -0.92950E-01
  1.000  0.460  0.220   -0.13646E+00
  1.000  0.480  0.220   -0.16586E+00
  1.000  0.500  0.220   -0.17625E+00
  1.000  0.520  0.220   -0.16586E+00
  1.000  0.540  0.220   -0.13646E+00
  1.000  0.560  0.220   -0.92950E-01
  1.000  0.580  0.220   -0.42227E-01
  1.000  0.600  0.220    0.84636E-02
  1.000  0.620  0.220    0.53222E-01
  1.000  0.640  0.220    0.88655E-01
  1.000  0.660  0.220    0.11409E+00
  1.000  0.680  0.220    0.13082E+00
  1.000  0.700  0.220    0.14080E+00
  1.000  0.720  0.220    0.14561E+00
  1.000  0.740  0.220    0.14584E+00
  1.000  0.760  0.220    0.14140E+00
  1.000  0.780  0.220    0.13205E+00
  1.000  0.800  0.220    0.11798E+00
  1.000  0.820  0.220    0.10011E+00
  1.000  0.840  0.220    0.80018E-01
  1.000  0.860  0.220    0.59631E-01
  1.000  0.880  0.220    0.40813E-01
  1.000  0.900  0.220    0.25039E-01
  1.000  0.920  0.220    0.13175E-01
  1.000  0.940  0.220    0.54108E-02
  1.000  0.960  0.220    0.13089E-02
  1.000  0.980  0.220   -0.68814E-04
  1.000  1.000  0.220    0.00000E+00
  1.000  0.000  0.240    0.00000E+00
  1.000  0.020  0.240    0.66388E-02
  1.000  0.040  0.240    0.14493E-01
  1.000  0.060  0.240    0.24554E-01
  1.000  0.080  0.240    0.37384E-01
  1.000  0.100  0.240    0.52974E-01
  1.000  0.120  0.240    0.70686E-01
  1.000  0.140  0.240    0.89303E-01
  1.000  0.160  0.240    0.10722E+00
  1.000  0.180  0.240    0.12273E+00
  1.000  0.200  0.240    0.13441E+00
  1.000  0.220  0.240    0.14140E+00
  1.000  0.240  0.240    0.14367E+00
  1.000  0.260  0.240    0.14189E+00
  1.000  0.280  0.240    0.13704E+00
  1.000  0.300  0.240    0.12974E+00
  1.000  0.320  0.240    0.11955E+00
  1.000  0.340  0.240    0.10470E+00
  1.000  0.360  0.240    0.82542E-01
  1.000  0.380  0.240    0.50835E-01
  1.000  0.400  0.240    0.92334E-02
  1.000  0.420  0.240   -0.39598E-01
  1.000  0.440  0.240   -0.89926E-01
  1.000  0.460  0.240   -0.13407E+00
  1.000  0.480  0.240   -0.16436E+00
  1.000  0.500  0.240   -0.17514E+00
  1.000  0.520  0.240   -0.16436E+00
  1.000  0.540  0.240   -0.13407E+00
  1.000  0.560  0.240   -0.89926E-01
  1.000  0.580  0.240   -0.39598E-01
  1.000  0.600  0.240    0.92334E-02
  1.000  0.620  0.240    0.50835E-01
  1.000  0.640  0.240    0.82542E-01
  1.000  0.660  0.240    0.10470E+00
  1.000  0.680  0.240    0.11955E+00
  1.000  0.700  0.240    0.12974E+00
  1.000  0.720  0.240    0.13704E+00
  1.000  0.740  0.240    0.14189E+00
  1.000  0.760  0.240    0.14367E+00
  1.000  0.780  0.240    0.14140E+00
  1.000  0.800  0.240    0.13441E+00
  1.000  0.820  0.240    0.12273E+00
  1.000  0.840  0.240    0.10722E+00
  1.000  0.860  0.240    0.89303E-01
  1.000  0.880  0.240    0.70686E-01
  1.000  0.900  0.240    0.52974E-01
  1.000  0.920  0.240    0.37384E-01
  1.000  0.940  0.240    0.24554E-01
  1.000  0.960  0.240    0.14493E-01
  1.000  0.980  0.240    0.66388E-02
  1.000  1.000  0.240    0.00000E+00
  1.000  0.000  0.260    0.00000E+00
  1.000  0.020  0.260    0.14907E-01
  1.000  0.040  0.260    0.30454E-01
  1.000  0.060  0.260    0.47066E-01
  1.000  0.080  0.260    0.64773E-01
  1.000  0.100  0.260    0.83123E-01
  1.000  0.120  0.260    0.10119E+00
  1.000  0.140  0.260    0.11773E+00
  1.000  0.160  0.260    0.13137E+00
  1.000  0.180  0.260    0.14095E+00
  1.000  0.200  0.260    0.14577E+00
  1.000  0.220  0.260    0.14584E+00
  1.000  0.240  0.260    0.14189E+00
  1.000  0.260  0.260    0.13521E+00
  1.000  0.280  0.260    0.12719E+00
  1.000  0.300  0.260    0.11862E+00
  1.000  0.320  0.260    0.10904E+00
  1.000  0.340  0.260    0.96392E-01
  1.000  0.360  0.260    0.77511E-01
  1.000  0.380  0.260    0.49388E-01
  1.000  0.400  0.260    0.10864E-01
  1.000  0.420  0.260   -0.36005E-01
  1.000  0.440  0.260   -0.85658E-01
  1.000  0.460  0.260   -0.13009E+00
  1.000  0.480  0.260   -0.16097E+00
  1.000  0.500  0.260   -0.17203E+00
  1.000  0.520  0.260   -0.16097E+00
  1.000  0.540  0.260   -0.13009E+00
  1.000  0.560  0.260   -0.85658E-01
  1.000  0.580  0.260   -0.36005E-01
  1.000  0.600  0.260    0.10864E-01
  1.000  0.620  0.260    0.49388E-01
  1.000  0.640  0.260    0.77511E-01
  1.000  0.660  0.260    0.96392E-01
  1.000  0.680  0.260    0.10904E+00
  1.000  0.700  0.260    0.11862E+00
  1.000  0.720  0.260    0.12719E+00
  1.000  0.740  0.260    0.13521E+00
  1.000  0.760  0.260    0.14189E+00
  1.000  0.780  0.260    0.14584E+00
  1.000  0.800  0.260    0.14577E+00
  1.000  0.820  0.260    0.14095E+00
  1.000  0.840  0.260    0.13137E+00
  1.000  0.860  0.260    0.11773E+00
  1.000  0.880  0.260    0.10119E+00
  1.000  0.900  0.260    0.83123E-01
  1.000  0.920  0.260    0.64773E-01
  1.000  0.940  0.260    0.47066E-01
  1.000  0.960  0.260    0.30454E-01
  1.000  0.980  0.260    0.14907E-01
  1.000  1.000  0.260    0.00000E+00
  1.000  0.000  0.280    0.00000E+00
  1.000  0.020  0.280    0.23306E-01
  1.000  0.040  0.280    0.46445E-01
  1.000  0.060  0.280    0.69107E-01
  1.000  0.080  0.280    0.90747E-01
  1.000  0.100  0.280    0.11056E+00
  1.000  0.120  0.280    0.12756E+00
  1.000  0.140  0.280    0.14074E+00
  1.000  0.160  0.280    0.14928E+00
  1.000  0.180  0.280    0.15275E+00
  1.000  0.200  0.280    0.15127E+00
  1.000  0.220  0.280    0.14561E+00
  1.000  0.240  0.280    0.13704E+00
  1.000  0.260  0.280    0.12719E+00
  1.000  0.280  0.280    0.11752E+00
  1.000  0.300  0.280    0.10879E+00
  1.000  0.320  0.280    0.10037E+00
  1.000  0.340  0.280    0.89975E-01
  1.000  0.360  0.280    0.74078E-01
  1.000  0.380  0.280    0.49143E-01
  1.000  0.400  0.280    0.13413E-01
  1.000  0.420  0.280   -0.31547E-01
  1.000  0.440  0.280   -0.80352E-01
  1.000  0.460  0.280   -0.12478E+00
  1.000  0.480  0.280   -0.15599E+00
  1.000  0.500  0.280   -0.16723E+00
  1.000  0.520  0.280   -0.15599E+00
  1.000  0.540  0.280   -0.12478E+00
  1.000  0.560  0.280   -0.80352E-01
  1.000  0.580  0.280   -0.31547E-01
  1.000  0.600  0.280    0.13413E-01
  1.000  0.620  0.280    0.49143E-01
  1.000  0.640  0.280    0.74078E-01
  1.000  0.660  0.280    0.89975E-01
  1.000  0.680  0.280    0.10037E+00
  1.000  0.700  0.280    0.10879E+00
  1.000  0.720  0.280    0.11752E+00
  1.000  0.740  0.280    0.12719E+00
  1.000  0.760  0.280    0.13704E+00
  1.000  0.780  0.280    0.14561E+00
  1.000  0.800  0.280    0.15127E+00
  1.000  0.820  0.280    0.15275E+00
  1.000  0.840  0.280    0.14928E+00
  1.000  0.860  0.280    0.14074E+00
  1.000  0.880  0.280    0.12756E+00
  1.000  0.900  0.280    0.11056E+00
  1.000  0.920  0.280    0.90747E-01
  1.000  0.940  0.280    0.69107E-01
  1.000  0.960  0.280    0.46445E-01
  1.000  0.980  0.280    0.23306E-01
  1.000  1.000  0.280    0.00000E+00
  1.000  0.000  0.300    0.00000E+00
  1.000  0.020  0.300    0.29929E-01
  1.000  0.040  0.300    0.58867E-01
  1.000  0.060  0.300    0.85797E-01
  1.000  0.080  0.300    0.10969E+00
  1.000  0.100  0.300    0.12954E+00
  1.000  0.120  0.300    0.14450E+00
  1.000  0.140  0.300    0.15398E+00
  1.000  0.160  0.300    0.15779E+00
  1.000  0.180  0.300    0.15624E+00
  1.000  0.200  0.300    0.15016E+00
  1.000  0.220  0.300    0.14080E+00
  1.000  0.240  0.300    0.12974E+00
  1.000  0.260  0.300    0.11862E+00
  1.000  0.280  0.300    0.10879E+00
  1.000  0.300  0.300    0.10080E+00
  1.000  0.320  0.300    0.93876E-01
  1.000  0.340  0.300    0.85593E-01
  1.000  0.360  0.300    0.72242E-01
  1.000  0.380  0.300    0.49991E-01
  1.000  0.400  0.300    0.16682E-01
  1.000  0.420  0.300   -0.26501E-01
  1.000  0.440  0.300   -0.74351E-01
  1.000  0.460  0.300   -0.11852E+00
  1.000  0.480  0.300   -0.14984E+00
  1.000  0.500  0.300   -0.16116E+00
  1.000  0.520  0.300   -0.14984E+00
  1.000  0.540  0.300   -0.11852E+00
  1.000  0.560  0.300   -0.74351E-01
  1.000  0.580  0.300   -0.26501E-01
  1.000  0.600  0.300    0.16682E-01
  1.000  0.620  0.300    0.49991E-01
  1.000  0.640  0.300    0.72242E-01
  1.000  0.660  0.300    0.85593E-01
  1.000  0.680  0.300    0.93876E-01
  1.000  0.700  0.300    0.10080E+00
  1.000  0.720  0.300    0.10879E+00
  1.000  0.740  0.300    0.11862E+00
  1.000  0.760  0.300    0.12974E+00
  1.000  0.780  0.300    0.14080E+00
  1.000  0.800  0.300    0.15016E+00
  1.000  0.820  0.300    0.15624E+00
  1.000  0.840  0.300    0.15779E+00
  1.000  0.860  0.300    0.15398E+00
  1.000  0.880  0.300    0.14450E+00
  1.000  0.900  0.300    0.12954E+00
  1.000  0.920  0.300    0.10969E+00
  1.000  0.940  0.300    0.85797E-01
  1.000  0.960  0.300    0.58867E-01
  1.000  0.980  0.300    0.29929E-01
  1.000  1.000  0.300    0.00000E+00
  1.000  0.000  0.320    0.00000E+00
  1.000  0.020  0.320    0.32947E-01
  1.000  0.040  0.320    0.64306E-01
  1.000  0.060  0.320    0.92580E-01
  1.000  0.080  0.320    0.11646E+00
  1.000  0.100  0.320    0.13494E+00
  1.000  0.120  0.320    0.14739E+00
  1.000  0.140  0.320    0.15367E+00
  1.000  0.160  0.320    0.15413E+00
  1.000  0.180  0.320    0.14962E+00
  1.000  0.200  0.320    0.14136E+00
  1.000  0.220  0.320    0.13082E+00
  1.000  0.240  0.320    0.11955E+00
  1.000  0.260  0.320    0.10904E+00
  1.000  0.280  0.320    0.10037E+00
  1.000  0.300  0.320    0.93876E-01
  1.000  0.320  0.320    0.88668E-01
  1.000  0.340  0.320    0.82314E-01
  1.000  0.360  0.320    0.71093E-01
  1.000  0.380  0.320    0.51068E-01
  1.000  0.400  0.320    0.19842E-01
  1.000  0.420  0.320   -0.21685E-01
  1.000  0.440  0.320   -0.68489E-01
  1.000  0.460  0.320   -0.11220E+00
  1.000  0.480  0.320   -0.14340E+00
  1.000  0.500  0.320   -0.15474E+00
  1.000  0.520  0.320   -0.14340E+00
  1.000  0.540  0.320   -0.11220E+00
  1.000  0.560  0.320   -0.68489E-01
  1.000  0.580  0.320   -0.21685E-01
  1.000  0.600  0.320    0.19842E-01
  1.000  0.620  0.320    0.51068E-01
  1.000  0.640  0.320    0.71093E-01
  1.000  0.660  0.320    0.82314E-01
  1.000  0.680  0.320    0.88668E-01
  1.000  0.700  0.320    0.93876E-01
  1.000  0.720  0.320    0.10037E+00
  1.000  0.740  0.320    0.10904E+00
  1.000  0.760  0.320    0.11955E+00
  1.000  0.780  0.320    0.13082E+00
  1.000  0.800  0.320    0.14136E+00
  1.000  0.820  0.320    0.14962E+00
  1.000  0.840  0.320    0.15413E+00
  1.000  0.860  0.320    0.15367E+00
  1.000  0.880  0.320    0.14739E+00
  1.000  0.900  0.320    0.13494E+00
  1.000  0.920  0.320    0.11646E+00
  1.000  0.940  0.320    0.92580E-01
  1.000  0.960  0.320    0.64306E-01
  1.000  0.980  0.320    0.32947E-01
  1.000  1.000  0.320    0.00000E+00
  1.000  0.000  0.340    0.00000E+00
  1.000  0.020  0.340    0.31251E-01
  1.000  0.040  0.340    0.60714E-01
  1.000  0.060  0.340    0.86766E-01
  1.000  0.080  0.340    0.10810E+00
  1.000  0.100  0.340    0.12384E+00
  1.000  0.120  0.340    0.13362E+00
  1.000  0.140  0.340    0.13763E+00
  1.000  0.160  0.340    0.13653E+00
  1.000  0.180  0.340    0.13136E+00
  1.000  0.200  0.340    0.12342E+00
  1.000  0.220  0.340    0.11409E+00
  1.000  0.240  0.340    0.10470E+00
  1.000  0.260  0.340    0.96392E-01
  1.000  0.280  0.340    0.89975E-01
  1.000  0.300  0.340    0.85593E-01
  1.000  0.320  0.340    0.82314E-01
  1.000  0.340  0.340    0.77799E-01
  1.000  0.360  0.340    0.68447E-01
  1.000  0.380  0.340    0.50354E-01
  1.000  0.400  0.340    0.21008E-01
  1.000  0.420  0.340   -0.18904E-01
  1.000  0.440  0.340   -0.64540E-01
  1.000  0.460  0.340   -0.10757E+00
  1.000  0.480  0.340   -0.13848E+00
  1.000  0.500  0.340   -0.14973E+00
  1.000  0.520  0.340   -0.13848E+00
  1.000  0.540  0.340   -0.10757E+00
  1.000  0.560  0.340   -0.64540E-01
  1.000  0.580  0.340   -0.18904E-01
  1.000  0.600  0.340    0.21008E-01
  1.000  0.620  0.340    0.50354E-01
  1.000  0.640  0.340    0.68447E-01
  1.000  0.660  0.340    0.77799E-01
  1.000  0.680  0.340    0.82314E-01
  1.000  0.700  0.340    0.85593E-01
  1.000  0.720  0.340    0.89975E-01
  1.000  0.740  0.340    0.96392E-01
  1.000  0.760  0.340    0.10470E+00
  1.000  0.780  0.340    0.11409E+00
  1.000  0.800  0.340    0.12342E+00
  1.000  0.820  0.340    0.13136E+00
  1.000  0.840  0.340    0.13653E+00
  1.000  0.860  0.340    0.13763E+00
  1.000  0.880  0.340    0.13362E+00
  1.000  0.900  0.340    0.12384E+00
  1.000  0.920  0.340    0.10810E+00
  1.000  0.940  0.340    0.86766E-01
  1.000  0.960  0.340    0.60714E-01
  1.000  0.980  0.340    0.31251E-01
  1.000  1.000  0.340    0.00000E+00
  1.000  0.000  0.360    0.00000E+00
  1.000  0.020  0.360    0.24880E-01
  1.000  0.040  0.360    0.48196E-01
  1.000  0.060  0.360    0.68561E-01
  1.000  0.080  0.360    0.84916E-01
  1.000  0.100  0.360    0.96641E-01
  1.000  0.120  0.360    0.10359E+00
  1.000  0.140  0.360    0.10610E+00
  1.000  0.160  0.360    0.10485E+00
  1.000  0.180  0.360    0.10082E+00
  1.000  0.200  0.360    0.95065E-01
  1.000  0.220  0.360    0.88655E-01
  1.000  0.240  0.360    0.82542E-01
  1.000  0.260  0.360    0.77511E-01
  1.000  0.280  0.360    0.74078E-01
  1.000  0.300  0.360    0.72242E-01
  1.000  0.320  0.360    0.71093E-01
  1.000  0.340  0.360    0.68447E-01
  1.000  0.360  0.360    0.60894E-01
  1.000  0.380  0.360    0.44641E-01
  1.000  0.400  0.360    0.17137E-01
  1.000  0.420  0.360   -0.21091E-01
  1.000  0.440  0.360   -0.65386E-01
  1.000  0.460  0.360   -0.10751E+00
  1.000  0.480  0.360   -0.13793E+00
  1.000  0.500  0.360   -0.14904E+00
  1.000  0.520  0.360   -0.13793E+00
  1.000  0.540  0.360   -0.10751E+00
  1.000  0.560  0.360   -0.65386E-01
  1.000  0.580  0.360   -0.21091E-01
  1.000  0.600  0.360    0.17137E-01
  1.000  0.620  0.360    0.44641E-01
  1.000  0.640  0.360    0.60894E-01
  1.000  0.660  0.360    0.68447E-01
  1.000  0.680  0.360    0.71093E-01
  1.000  0.700  0.360    0.72242E-01
  1.000  0.720  0.360    0.74078E-01
  1.000  0.740  0.360    0.77511E-01
  1.000  0.760  0.360    0.82542E-01
  1.000  0.780  0.360    0.88655E-01
  1.000  0.800  0.360    0.95065E-01
  1.000  0.820  0.360    0.10082E+00
  1.000  0.840  0.360    0.10485E+00
  1.000  0.860  0.360    0.10610E+00
  1.000  0.880  0.360    0.10359E+00
  1.000  0.900  0.360    0.96641E-01
  1.000  0.920  0.360    0.84916E-01
  1.000  0.940  0.360    0.68561E-01
  1.000  0.960  0.360    0.48196E-01
  1.000  0.980  0.360    0.24880E-01
  1.000  1.000  0.360    0.00000E+00
  1.000  0.000  0.380    0.00000E+00
  1.000  0.020  0.380    0.15024E-01
  1.000  0.040  0.380    0.29016E-01
  1.000  0.060  0.380    0.41081E-01
  1.000  0.080  0.380    0.50574E-01
  1.000  0.100  0.380    0.57172E-01
  1.000  0.120  0.380    0.60891E-01
  1.000  0.140  0.380    0.62050E-01
  1.000  0.160  0.380    0.61192E-01
  1.000  0.180  0.380    0.58985E-01
  1.000  0.200  0.380    0.56118E-01
  1.000  0.220  0.380    0.53222E-01
  1.000  0.240  0.380    0.50835E-01
  1.000  0.260  0.380    0.49388E-01
  1.000  0.280  0.380    0.49143E-01
  1.000  0.300  0.380    0.49991E-01
  1.000  0.320  0.380    0.51068E-01
  1.000  0.340  0.380    0.50354E-01
  1.000  0.360  0.380    0.44641E-01
  1.000  0.380  0.380    0.30269E-01
  1.000  0.400  0.380    0.46828E-02
  1.000  0.420  0.380   -0.31727E-01
  1.000  0.440  0.380   -0.74484E-01
  1.000  0.460  0.380   -0.11549E+00
  1.000  0.480  0.380   -0.14525E+00
  1.000  0.500  0.380   -0.15615E+00
  1.000  0.520  0.380   -0.14525E+00
  1.000  0.540  0.380   -0.11549E+00
  1.000  0.560  0.380   -0.74484E-01
  1.000  0.580  0.380   -0.31727E-01
  1.000  0.600  0.380    0.46828E-02
  1.000  0.620  0.380    0.30269E-01
  1.000  0.640  0.380    0.44641E-01
  1.000  0.660  0.380    0.50354E-01
  1.000  0.680  0.380    0.51068E-01
  1.000  0.700  0.380    0.49991E-01
  1.000  0.720  0.380    0.49143E-01
  1.000  0.740  0.380    0.49388E-01
  1.000  0.760  0.380    0.50835E-01
  1.000  0.780  0.380    0.53222E-01
  1.000  0.800  0.380    0.56118E-01
  1.000  0.820  0.380    0.58985E-01
  1.000  0.840  0.380    0.61192E-01
  1.000  0.860  0.380    0.62050E-01
  1.000  0.880  0.380    0.60891E-01
  1.000  0.900  0.380    0.57172E-01
  1.000  0.920  0.380    0.50574E-01
  1.000  0.940  0.380    0.41081E-01
  1.000  0.960  0.380    0.29016E-01
  1.000  0.980  0.380    0.15024E-01
  1.000  1.000  0.380    0.00000E+00
  1.000  0.000  0.400    0.00000E+00
  1.000  0.020  0.400    0.35994E-02
  1.000  0.040  0.400    0.68104E-02
  1.000  0.060  0.400    0.93162E-02
  1.000  0.080  0.400    0.10928E-01
  1.000  0.100  0.400    0.11611E-01
  1.000  0.120  0.400    0.11487E-01
  1.000  0.140  0.400    0.10796E-01
  1.000  0.160  0.400    0.98475E-02
  1.000  0.180  0.400    0.89636E-02
  1.000  0.200  0.400    0.84285E-02
  1.000  0.220  0.400    0.84636E-02
  1.000  0.240  0.400    0.92334E-02
  1.000  0.260  0.400    0.10864E-01
  1.000  0.280  0.400    0.13413E-01
  1.000  0.300  0.400    0.16682E-01
  1.000  0.320  0.400    0.19842E-01
  1.000  0.340  0.400    0.21008E-01
  1.000  0.360  0.400    0.17137E-01
  1.000  0.380  0.400    0.46828E-02
  1.000  0.400  0.400   -0.18917E-01
  1.000  0.420  0.400   -0.53398E-01
  1.000  0.440  0.400   -0.94471E-01
  1.000  0.460  0.400   -0.13420E+00
  1.000  0.480  0.400   -0.16317E+00
  1.000  0.500  0.400   -0.17381E+00
  1.000  0.520  0.400   -0.16317E+00
  1.000  0.540  0.400   -0.13420E+00
  1.000  0.560  0.400   -0.94471E-01
  1.000  0.580  0.400   -0.53398E-01
  1.000  0.600  0.400   -0.18917E-01
  1.000  0.620  0.400    0.46828E-02
  1.000  0.640  0.400    0.17137E-01
  1.000  0.660  0.400    0.21008E-01
  1.000  0.680  0.400    0.19842E-01
  1.000  0.700  0.400    0.16682E-01
  1.000  0.720  0.400    0.13413E-01
  1.000  0.740  0.400    0.10864E-01
  1.000  0.760  0.400    0.92334E-02
  1.000  0.780  0.400    0.84636E-02
  1.000  0.800  0.400    0.84285E-02
  1.000  0.820  0.400    0.89636E-02
  1.000  0.840  0.400    0.98475E-02
  1.000  0.860  0.400    0.10796E-01
  1.000  0.880  0.400    0.11487E-01
  1.000  0.900  0.400    0.11611E-01
  1.000  0.920  0.400    0.10928E-01
  1.000  0.940  0.400    0.93162E-02
  1.000  0.960  0.400    0.68104E-02
  1.000  0.980  0.400    0.35994E-02
  1.000  1.000  0.400    0.00000E+00
  1.000  0.000  0.420    0.00000E+00
  1.000  0.020  0.420   -0.74089E-02
  1.000  0.040  0.420   -0.14635E-01
  1.000  0.060  0.420   -0.21488E-01
  1.000  0.080  0.420   -0.27767E-01
  1.000  0.100  0.420   -0.33267E-01
  1.000  0.120  0.420   -0.37794E-01
  1.000  0.140  0.420   -0.41185E-01
  1.000  0.160  0.420   -0.43332E-01
  1.000  0.180  0.420   -0.44193E-01
  1.000  0.200  0.420   -0.43795E-01
  1.000  0.220  0.420   -0.42227E-01
  1.000  0.240  0.420   -0.39598E-01
  1.000  0.260  0.420   -0.36005E-01
  1.000  0.280  0.420   -0.31547E-01
  1.000  0.300  0.420   -0.26501E-01
  1.000  0.320  0.420   -0.21685E-01
  1.000  0.340  0.420   -0.18904E-01
  1.000  0.360  0.420   -0.21091E-01
  1.000  0.380  0.420   -0.31727E-01
  1.000  0.400  0.420   -0.53398E-01
  1.000  0.420  0.420   -0.85969E-01
  1.000  0.440  0.420   -0.12534E+00
  1.000  0.460  0.420   -0.16373E+00
  1.000  0.480  0.420   -0.19188E+00
  1.000  0.500  0.420   -0.20223E+00
  1.000  0.520  0.420   -0.19188E+00
  1.000  0.540  0.420   -0.16373E+00
  1.000  0.560  0.420   -0.12534E+00
  1.000  0.580  0.420   -0.85969E-01
  1.000  0.600  0.420   -0.53398E-01
  1.000  0.620  0.420   -0.31727E-01
  1.000  0.640  0.420   -0.21091E-01
  1.000  0.660  0.420   -0.18904E-01
  1.000  0.680  0.420   -0.21685E-01
  1.000  0.700  0.420   -0.26501E-01
  1.000  0.720  0.420   -0.31547E-01
  1.000  0.740  0.420   -0.36005E-01
  1.000  0.760  0.420   -0.39598E-01
  1.000  0.780  0.420   -0.42227E-01
  1.000  0.800  0.420   -0.43795E-01
  1.000  0.820  0.420   -0.44193E-01
  1.000  0.840  0.420   -0.43332E-01
  1.000  0.860  0.420   -0.41185E-01
  1.000  0.880  0.420   -0.37794E-01
  1.000  0.900  0.420   -0.33267E-01
  1.000  0.920  0.420   -0.27767E-01
  1.000  0.940  0.420   -0.21488E-01
  1.000  0.960  0.420   -0.14635E-01
  1.000  0.980  0.420   -0.74089E-02
  1.000  1.000  0.420    0.00000E+00
  1.000  0.000  0.440    0.00000E+00
  1.000  0.020  0.440   -0.16516E-01
  1.000  0.040  0.440   -0.32457E-01
  1.000  0.060  0.440   -0.47285E-01
  1.000  0.080  0.440   -0.60531E-01
  1.000  0.100  0.440   -0.71822E-01
  1.000  0.120  0.440   -0.80907E-01
  1.000  0.140  0.440   -0.87660E-01
  1.000  0.160  0.440   -0.92083E-01
  1.000  0.180  0.440   -0.94293E-01
  1.000  0.200  0.440   -0.94495E-01
  1.000  0.220  0.440   -0.92950E-01
  1.000  0.240  0.440   -0.89926E-01
  1.000  0.260  0.440   -0.85658E-01
  1.000  0.280  0.440   -0.80352E-01
  1.000  0.300  0.440   -0.74351E-01
  1.000  0.320  0.440   -0.68489E-01
  1.000  0.340  0.440   -0.64540E-01
  1.000  0.360  0.440   -0.65386E-01
  1.000  0.380  0.440   -0.74484E-01
  1.000  0.400  0.440   -0.94471E-01
  1.000  0.420  0.440   -0.12534E+00
  1.000  0.440  0.440   -0.16315E+00
  1.000  0.460  0.440   -0.20032E+00
  1.000  0.480  0.440   -0.22769E+00
  1.000  0.500  0.440   -0.23777E+00
  1.000  0.520  0.440   -0.22769E+00
  1.000  0.540  0.440   -0.20032E+00
  1.000  0.560  0.440   -0.16315E+00
  1.000  0.580  0.440   -0.12534E+00
  1.000  0.600  0.440   -0.94471E-01
  1.000  0.620  0.440   -0.74484E-01
  1.000  0.640  0.440   -0.65386E-01
  1.000  0.660  0.440   -0.64540E-01
  1.000  0.680  0.440   -0.68489E-01
  1.000  0.700  0.440   -0.74351E-01
  1.000  0.720  0.440   -0.80352E-01
  1.000  0.740  0.440   -0.85658E-01
  1.000  0.760  0.440   -0.89926E-01
  1.000  0.780  0.440   -0.92950E-01
  1.000  0.800  0.440   -0.94495E-01
  1.000  0.820  0.440   -0.94293E-01
  1.000  0.840  0.440   -0.92083E-01
  1.000  0.860  0.440   -0.87660E-01
  1.000  0.880  0.440   -0.80907E-01
  1.000  0.900  0.440   -0.71822E-01
  1.000  0.920  0.440   -0.60531E-01
  1.000  0.940  0.440   -0.47285E-01
  1.000  0.960  0.440   -0.32457E-01
  1.000  0.980  0.440   -0.16516E-01
  1.000  1.000  0.440    0.00000E+00
  1.000  0.000  0.460    0.00000E+00
  1.000  0.020  0.460   -0.22993E-01
  1.000  0.040  0.460   -0.45206E-01
  1.000  0.060  0.460   -0.65917E-01
  1.000  0.080  0.460   -0.84513E-01
  1.000  0.100  0.460   -0.10052E+00
  1.000  0.120  0.460   -0.11365E+00
  1.000  0.140  0.460   -0.12376E+00
  1.000  0.160  0.460   -0.13089E+00
  1.000  0.180  0.460   -0.13519E+00
  1.000  0.200  0.460   -0.13694E+00
  1.000  0.220  0.460   -0.13646E+00
  1.000  0.240  0.460   -0.13407E+00
  1.000  0.260  0.460   -0.13009E+00
  1.000  0.280  0.460   -0.12478E+00
  1.000  0.300  0.460   -0.11852E+00
  1.000  0.320  0.460   -0.11220E+00
  1.000  0.340  0.460   -0.10757E+00
  1.000  0.360  0.460   -0.10751E+00
  1.000  0.380  0.460   -0.11549E+00
  1.000  0.400  0.460   -0.13420E+00
  1.000  0.420  0.460   -0.16373E+00
  1.000  0.440  0.460   -0.20032E+00
  1.000  0.460  0.460   -0.23651E+00
  1.000  0.480  0.460   -0.26324E+00
  1.000  0.500  0.460   -0.27311E+00
  1.000  0.520  0.460   -0.26324E+00
  1.000  0.540  0.460   -0.23651E+00
  1.000  0.560  0.460   -0.20032E+00
  1.000  0.580  0.460   -0.16373E+00
  1.000  0.600  0.460   -0.13420E+00
  1.000  0.620  0.460   -0.11549E+00
  1.000  0.640  0.460   -0.10751E+00
  1.000  0.660  0.460   -0.10757E+00
  1.000  0.680  0.460   -0.11220E+00
  1.000  0.700  0.460   -0.11852E+00
  1.000  0.720  0.460   -0.12478E+00
  1.000  0.740  0.460   -0.13009E+00
  1.000  0.760  0.460   -0.13407E+00
  1.000  0.780  0.460   -0.13646E+00
  1.000  0.800  0.460   -0.13694E+00
  1.000  0.820  0.460   -0.13519E+00
  1.000  0.840  0.460   -0.13089E+00
  1.000  0.860  0.460   -0.12376E+00
  1.000  0.880  0.460   -0.11365E+00
  1.000  0.900  0.460   -0.10052E+00
  1.000  0.920  0.460   -0.84513E-01
  1.000  0.940  0.460   -0.65917E-01
  1.000  0.960  0.460   -0.45206E-01
  1.000  0.980  0.460   -0.22993E-01
  1.000  1.000  0.460    0.00000E+00
  1.000  0.000  0.480    0.00000E+00
  1.000  0.020  0.480   -0.26744E-01
  1.000  0.040  0.480   -0.52634E-01
  1.000  0.060  0.480   -0.76877E-01
  1.000  0.080  0.480   -0.98800E-01
  1.000  0.100  0.480   -0.11789E+00
  1.000  0.120  0.480   -0.13381E+00
  1.000  0.140  0.480   -0.14642E+00
  1.000  0.160  0.480   -0.15572E+00
  1.000  0.180  0.480   -0.16187E+00
  1.000  0.200  0.480   -0.16515E+00
  1.000  0.220  0.480   -0.16586E+00
  1.000  0.240  0.480   -0.16436E+00
  1.000  0.260  0.480   -0.16097E+00
  1.000  0.280  0.480   -0.15599E+00
  1.000  0.300  0.480   -0.14984E+00
  1.000  0.320  0.480   -0.14340E+00
  1.000  0.340  0.480   -0.13848E+00
  1.000  0.360  0.480   -0.13793E+00
  1.000  0.380  0.480   -0.14525E+00
  1.000  0.400  0.480   -0.16317E+00
  1.000  0.420  0.480   -0.19188E+00
  1.000  0.440  0.480   -0.22769E+00
  1.000  0.460  0.480   -0.26324E+00
  1.000  0.480  0.480   -0.28957E+00
  1.000  0.500  0.480   -0.29929E+00
  1.000  0.520  0.480   -0.28957E+00
  1.000  0.540  0.480   -0.26324E+00
  1.000  0.560  0.480   -0.22769E+00
  1.000  0.580  0.480   -0.19188E+00
  1.000  0.600  0.480   -0.16317E+00
  1.000  0.620  0.480   -0.14525E+00
  1.000  0.640  0.480   -0.13793E+00
  1.000  0.660  0.480   -0.13848E+00
  1.000  0.680  0.480   -0.14340E+00
  1.000  0.700  0.480   -0.14984E+00
  1.000  0.720  0.480   -0.15599E+00
  1.000  0.740  0.480   -0.16097E+00
  1.000  0.760  0.480   -0.16436E+00
  1.000  0.780  0.480   -0.16586E+00
  1.000  0.800  0.480   -0.16515E+00
  1.000  0.820  0.480   -0.16187E+00
  1.000  0.840  0.480   -0.15572E+00
  1.000  0.860  0.480   -0.14642E+00
  1.000  0.880  0.480   -0.13381E+00
  1.000  0.900  0.480   -0.11789E+00
  1.000  0.920  0.480   -0.98800E-01
  1.000  0.940  0.480   -0.76877E-01
  1.000  0.960  0.480   -0.52634E-01
  1.000  0.980  0.480   -0.26744E-01
  1.000  1.000  0.480    0.00000E+00
  1.000  0.000  0.500    0.00000E+00
  1.000  0.020  0.500   -0.27958E-01
  1.000  0.040  0.500   -0.55046E-01
  1.000  0.060  0.500   -0.80457E-01
  1.000  0.080  0.500   -0.10350E+00
  1.000  0.100  0.500   -0.12366E+00
  1.000  0.120  0.500   -0.14058E+00
  1.000  0.140  0.500   -0.15411E+00
  1.000  0.160  0.500   -0.16424E+00
  1.000  0.180  0.500   -0.17113E+00
  1.000  0.200  0.500   -0.17503E+00
  1.000  0.220  0.500   -0.17625E+00
  1.000  0.240  0.500   -0.17514E+00
  1.000  0.260  0.500   -0.17203E+00
  1.000  0.280  0.500   -0.16723E+00
  1.000  0.300  0.500   -0.16116E+00
  1.000  0.320  0.500   -0.15474E+00
  1.000  0.340  0.500   -0.14973E+00
  1.000  0.360  0.500   -0.14904E+00
  1.000  0.380  0.500   -0.15615E+00
  1.000  0.400  0.500   -0.17381E+00
  1.000  0.420  0.500   -0.20223E+00
  1.000  0.440  0.500   -0.23777E+00
  1.000  0.460  0.500   -0.27311E+00
  1.000  0.480  0.500   -0.29929E+00
  1.000  0.500  0.500   -0.30897E+00
  1.000  0.520  0.500   -0.29929E+00
  1.000  0.540  0.500   -0.27311E+00
  1.000  0.560  0.500   -0.23777E+00
  1.000  0.580  0.500   -0.20223E+00
  1.000  0.600  0.500   -0.17381E+00
  1.000  0.620  0.500   -0.15615E+00
  1.000  0.640  0.500   -0.14904E+00
  1.000  0.660  0.500   -0.14973E+00
  1.000  0.680  0.500   -0.15474E+00
  1.000  0.700  0.500   -0.16116E+00
  1.000  0.720  0.500   -0.16723E+00
  1.000  0.740  0.500   -0.17203E+00
  1.000  0.760  0.500   -0.17514E+00
  1.000  0.780  0.500   -0.17625E+00
  1.000  0.800  0.500   -0.17503E+00
  1.000  0.820  0.500   -0.17113E+00
  1.000  0.840  0.500   -0.16424E+00
  1.000  0.860  0.500   -0.15411E+00
  1.000  0.880  0.500   -0.14058E+00
  1.000  0.900  0.500   -0.12366E+00
  1.000  0.920  0.500   -0.10350E+00
  1.000  0.940  0.500   -0.80457E-01
  1.000  0.960  0.500   -0.55046E-01
  1.000  0.980  0.500   -0.27958E-01
  1.000  1.000  0.500    0.00000E+00
  1.000  0.000  0.520    0.00000E+00
  1.000  0.020  0.520   -0.26744E-01
  1.000  0.040  0.520   -0.52634E-01
  1.000  0.060  0.520   -0.76877E-01
  1.000  0.080  0.520   -0.98800E-01
  1.000  0.100  0.520   -0.11789E+00
  1.000  0.120  0.520   -0.13381E+00
  1.000  0.140  0.520   -0.14642E+00
  1.000  0.160  0.520   -0.15572E+00
  1.000  0.180  0.520   -0.16187E+00
  1.000  0.200  0.520   -0.16515E+00
  1.000  0.220  0.520   -0.16586E+00
  1.000  0.240  0.520   -0.16436E+00
  1.000  0.260  0.520   -0.16097E+00
  1.000  0.280  0.520   -0.15599E+00
  1.000  0.300  0.520   -0.14984E+00
  1.000  0.320  0.520   -0.14340E+00
  1.000  0.340  0.520   -0.13848E+00
  1.000  0.360  0.520   -0.13793E+00
  1.000  0.380  0.520   -0.14525E+00
  1.000  0.400  0.520   -0.16317E+00
  1.000  0.420  0.520   -0.19188E+00
  1.000  0.440  0.520   -0.22769E+00
  1.000  0.460  0.520   -0.26324E+00
  1.000  0.480  0.520   -0.28957E+00
  1.000  0.500  0.520   -0.29929E+00
  1.000  0.520  0.520   -0.28957E+00
  1.000  0.540  0.520   -0.26324E+00
  1.000  0.560  0.520   -0.22769E+00
  1.000  0.580  0.520   -0.19188E+00
  1.000  0.600  0.520   -0.16317E+00
  1.000  0.620  0.520   -0.14525E+00
  1.000  0.640  0.520   -0.13793E+00
  1.000  0.660  0.520   -0.13848E+00
  1.000  0.680  0.520   -0.14340E+00
  1.000  0.700  0.520   -0.14984E+00
  1.000  0.720  0.520   -0.15599E+00
  1.000  0.740  0.520   -0.16097E+00
  1.000  0.760  0.520   -0.16436E+00
  1.000  0.780  0.520   -0.16586E+00
  1.000  0.800  0.520   -0.16515E+00
  1.000  0.820  0.520   -0.16187E+00
  1.000  0.840  0.520   -0.15572E+00
  1.000  0.860  0.520   -0.14642E+00
  1.000  0.880  0.520   -0.13381E+00
  1.000  0.900  0.520   -0.11789E+00
  1.000  0.920  0.520   -0.98800E-01
  1.000  0.940  0.520   -0.76877E-01
  1.000  0.960  0.520   -0.52634E-01
  1.000  0.980  0.520   -0.26744E-01
  1.000  1.000  0.520    0.00000E+00
  1.000  0.000  0.540    0.00000E+00
  1.000  0.020  0.540   -0.22993E-01
  1.000  0.040  0.540   -0.45206E-01
  1.000  0.060  0.540   -0.65917E-01
  1.000  0.080  0.540   -0.84513E-01
  1.000  0.100  0.540   -0.10052E+00
  1.000  0.120  0.540   -0.11365E+00
  1.000  0.140  0.540   -0.12376E+00
  1.000  0.160  0.540   -0.13089E+00
  1.000  0.180  0.540   -0.13519E+00
  1.000  0.200  0.540   -0.13694E+00
  1.000  0.220  0.540   -0.13646E+00
  1.000  0.240  0.540   -0.13407E+00
  1.000  0.260  0.540   -0.13009E+00
  1.000  0.280  0.540   -0.12478E+00
  1.000  0.300  0.540   -0.11852E+00
  1.000  0.320  0.540   -0.11220E+00
  1.000  0.340  0.540   -0.10757E+00
  1.000  0.360  0.540   -0.10751E+00
  1.000  0.380  0.540   -0.11549E+00
  1.000  0.400  0.540   -0.13420E+00
  1.000  0.420  0.540   -0.16373E+00
  1.000  0.440  0.540   -0.20032E+00
  1.000  0.460  0.540   -0.23651E+00
  1.000  0.480  0.540   -0.26324E+00
  1.000  0.500  0.540   -0.27311E+00
  1.000  0.520  0.540   -0.26324E+00
  1.000  0.540  0.540   -0.23651E+00
  1.000  0.560  0.540   -0.20032E+00
  1.000  0.580  0.540   -0.16373E+00
  1.000  0.600  0.540   -0.13420E+00
  1.000  0.620  0.540   -0.11549E+00
  1.000  0.640  0.540   -0.10751E+00
  1.000  0.660  0.540   -0.10757E+00
  1.000  0.680  0.540   -0.11220E+00
  1.000  0.700  0.540   -0.11852E+00
  1.000  0.720  0.540   -0.12478E+00
  1.000  0.740  0.540   -0.13009E+00
  1.000  0.760  0.540   -0.13407E+00
  1.000  0.780  0.540   -0.13646E+00
  1.000  0.800  0.540   -0.13694E+00
  1.000  0.820  0.540   -0.13519E+00
  1.000  0.840  0.540   -0.13089E+00
  1.000  0.860  0.540   -0.12376E+00
  1.000  0.880  0.540   -0.11365E+00
  1.000  0.900  0.540   -0.10052E+00
  1.000  0.920  0.540   -0.84513E-01
  1.000  0.940  0.540   -0.65917E-01
  1.000  0.960  0.540   -0.45206E-01
  1.000  0.980  0.540   -0.22993E-01
  1.000  1.000  0.540    0.00000E+00
  1.000  0.000  0.560    0.00000E+00
  1.000  0.020  0.560   -0.16516E-01
  1.000  0.040  0.560   -0.32457E-01
  1.000  0.060  0.560   -0.47285E-01
  1.000  0.080  0.560   -0.60531E-01
  1.000  0.100  0.560   -0.71822E-01
  1.000  0.120  0.560   -0.80907E-01
  1.000  0.140  0.560   -0.87660E-01
  1.000  0.160  0.560   -0.92083E-01
  1.000  0.180  0.560   -0.94293E-01
  1.000  0.200  0.560   -0.94495E-01
  1.000  0.220  0.560   -0.92950E-01
  1.000  0.240  0.560   -0.89926E-01
  1.000  0.260  0.560   -0.85658E-01
  1.000  0.280  0.560   -0.80352E-01
  1.000  0.300  0.560   -0.74351E-01
  1.000  0.320  0.560   -0.68489E-01
  1.000  0.340  0.560   -0.64540E-01
  1.000  0.360  0.560   -0.65386E-01
  1.000  0.380  0.560   -0.74484E-01
  1.000  0.400  0.560   -0.94471E-01
  1.000  0.420  0.560   -0.12534E+00
  1.000  0.440  0.560   -0.16315E+00
  1.000  0.460  0.560   -0.20032E+00
  1.000  0.480  0.560   -0.22769E+00
  1.000  0.500  0.560   -0.23777E+00
  1.000  0.520  0.560   -0.22769E+00
  1.000  0.540  0.560   -0.20032E+00
  1.000  0.560  0.560   -0.16315E+00
  1.000  0.580  0.560   -0.12534E+00
  1.000  0.600  0.560   -0.94471E-01
  1.000  0.620  0.560   -0.74484E-01
  1.000  0.640  0.560   -0.65386E-01
  1.000  0.660  0.560   -0.64540E-01
  1.000  0.680  0.560   -0.68489E-01
  1.000  0.700  0.560   -0.74351E-01
  1.000  0.720  0.560   -0.80352E-01
  1.000  0.740  0.560   -0.85658E-01
  1.000  0.760  0.560   -0.89926E-01
  1.000  0.780  0.560   -0.92950E-01
  1.000  0.800  0.560   -0.94495E-01
  1.000  0.820  0.560   -0.94293E-01
  1.000  0.840  0.560   -0.92083E-01
  1.000  0.860  0.560   -0.87660E-01
  1.000  0.880  0.560   -0.80907E-01
  1.000  0.900  0.560   -0.71822E-01
  1.000  0.920  0.560   -0.60531E-01
  1.000  0.940  0.560   -0.47285E-01
  1.000  0.960  0.560   -0.32457E-01
  1.000  0.980  0.560   -0.16516E-01
  1.000  1.000  0.560    0.00000E+00
  1.000  0.000  0.580    0.00000E+00
  1.000  0.020  0.580   -0.74089E-02
  1.000  0.040  0.580   -0.14635E-01
  1.000  0.060  0.580   -0.21488E-01
  1.000  0.080  0.580   -0.27767E-01
  1.000  0.100  0.580   -0.33267E-01
  1.000  0.120  0.580   -0.37794E-01
  1.000  0.140  0.580   -0.41185E-01
  1.000  0.160  0.580   -0.43332E-01
  1.000  0.180  0.580   -0.44193E-01
  1.000  0.200  0.580   -0.43795E-01
  1.000  0.220  0.580   -0.42227E-01
  1.000  0.240  0.580   -0.39598E-01
  1.000  0.260  0.580   -0.36005E-01
  1.000  0.280  0.580   -0.31547E-01
  1.000  0.300  0.580   -0.26501E-01
  1.000  0.320  0.580   -0.21685E-01
  1.000  0.340  0.580   -0.18904E-01
  1.000  0.360  0.580   -0.21091E-01
  1.000  0.380  0.580   -0.31727E-01
  1.000  0.400  0.580   -0.53398E-01
  1.000  0.420  0.580   -0.85969E-01
  1.000  0.440  0.580   -0.12534E+00
  1.000  0.460  0.580   -0.16373E+00
  1.000  0.480  0.580   -0.19188E+00
  1.000  0.500  0.580   -0.20223E+00
  1.000  0.520  0.580   -0.19188E+00
  1.000  0.540  0.580   -0.16373E+00
  1.000  0.560  0.580   -0.12534E+00
  1.000  0.580  0.580   -0.85969E-01
  1.000  0.600  0.580   -0.53398E-01
  1.000  0.620  0.580   -0.31727E-01
  1.000  0.640  0.580   -0.21091E-01
  1.000  0.660  0.580   -0.18904E-01
  1.000  0.680  0.580   -0.21685E-01
  1.000  0.700  0.580   -0.26501E-01
  1.000  0.720  0.580   -0.31547E-01
  1.000  0.740  0.580   -0.36005E-01
  1.000  0.760  0.580   -0.39598E-01
  1.000  0.780  0.580   -0.42227E-01
  1.000  0.800  0.580   -0.43795E-01
  1.000  0.820  0.580   -0.44193E-01
  1.000  0.840  0.580   -0.43332E-01
  1.000  0.860  0.580   -0.41185E-01
  1.000  0.880  0.580   -0.37794E-01
  1.000  0.900  0.580   -0.33267E-01
  1.000  0.920  0.580   -0.27767E-01
  1.000  0.940  0.580   -0.21488E-01
  1.000  0.960  0.580   -0.14635E-01
  1.000  0.980  0.580   -0.74089E-02
  1.000  1.000  0.580    0.00000E+00
  1.000  0.000  0.600    0.00000E+00
  1.000  0.020  0.600    0.35994E-02
  1.000  0.040  0.600    0.68104E-02
  1.000  0.060  0.600    0.93162E-02
  1.000  0.080  0.600    0.10928E-01
  1.000  0.100  0.600    0.11611E-01
  1.000  0.120  0.600    0.11487E-01
  1.000  0.140  0.600    0.10796E-01
  1.000  0.160  0.600    0.98475E-02
  1.000  0.180  0.600    0.89636E-02
  1.000  0.200  0.600    0.84285E-02
  1.000  0.220  0.600    0.84636E-02
  1.000  0.240  0.600    0.92334E-02
  1.000  0.260  0.600    0.10864E-01
  1.000  0.280  0.600    0.13413E-01
  1.000  0.300  0.600    0.16682E-01
  1.000  0.320  0.600    0.19842E-01
  1.000  0.340  0.600    0.21008E-01
  1.000  0.360  0.600    0.17137E-01
  1.000  0.380  0.600    0.46828E-02
  1.000  0.400  0.600   -0.18917E-01
  1.000  0.420  0.600   -0.53398E-01
  1.000  0.440  0.600   -0.94471E-01
  1.000  0.460  0.600   -0.13420E+00
  1.000  0.480  0.600   -0.16317E+00
  1.000  0.500  0.600   -0.17381E+00
  1.000  0.520  0.600   -0.16317E+00
  1.000  0.540  0.600   -0.13420E+00
  1.000  0.560  0.600   -0.94471E-01
  1.000  0.580  0.600   -0.53398E-01
  1.000  0.600  0.600   -0.18917E-01
  1.000  0.620  0.600    0.46828E-02
  1.000  0.640  0.600    0.17137E-01
  1.000  0.660  0.600    0.21008E-01
  1.000  0.680  0.600    0.19842E-01
  1.000  0.700  0.600    0.16682E-01
  1.000  0.720  0.600    0.13413E-01
  1.000  0.740  0.600    0.10864E-01
  1.000  0.760  0.600    0.92334E-02
  1.000  0.780  0.600    0.84636E-02
  1.000  0.800  0.600    0.84285E-02
  1.000  0.820  0.600    0.89636E-02
  1.000  0.840  0.600    0.98475E-02
  1.000  0.860  0.600    0.10796E-01
  1.000  0.880  0.600    0.11487E-01
  1.000  0.900  0.600    0.11611E-01
  1.000  0.920  0.600    0.10928E-01
  1.000  0.940  0.600    0.93162E-02
  1.000  0.960  0.600    0.68104E-02
  1.000  0.980  0.600    0.35994E-02
  1.000  1.000  0.600    0.00000E+00
  1.000  0.000  0.620    0.00000E+00
  1.000  0.020  0.620    0.15024E-01
  1.000  0.040  0.620    0.29016E-01
  1.000  0.060  0.620    0.41081E-01
  1.000  0.080  0.620    0.50574E-01
  1.000  0.100  0.620    0.57172E-01
  1.000  0.120  0.620    0.60891E-01
  1.000  0.140  0.620    0.62050E-01
  1.000  0.160  0.620    0.61192E-01
  1.000  0.180  0.620    0.58985E-01
  1.000  0.200  0.620    0.56118E-01
  1.000  0.220  0.620    0.53222E-01
  1.000  0.240  0.620    0.50835E-01
  1.000  0.260  0.620    0.49388E-01
  1.000  0.280  0.620    0.49143E-01
  1.000  0.300  0.620    0.49991E-01
  1.000  0.320  0.620    0.51068E-01
  1.000  0.340  0.620    0.50354E-01
  1.000  0.360  0.620    0.44641E-01
  1.000  0.380  0.620    0.30269E-01
  1.000  0.400  0.620    0.46828E-02
  1.000  0.420  0.620   -0.31727E-01
  1.000  0.440  0.620   -0.74484E-01
  1.000  0.460  0.620   -0.11549E+00
  1.000  0.480  0.620   -0.14525E+00
  1.000  0.500  0.620   -0.15615E+00
  1.000  0.520  0.620   -0.14525E+00
  1.000  0.540  0.620   -0.11549E+00
  1.000  0.560  0.620   -0.74484E-01
  1.000  0.580  0.620   -0.31727E-01
  1.000  0.600  0.620    0.46828E-02
  1.000  0.620  0.620    0.30269E-01
  1.000  0.640  0.620    0.44641E-01
  1.000  0.660  0.620    0.50354E-01
  1.000  0.680  0.620    0.51068E-01
  1.000  0.700  0.620    0.49991E-01
  1.000  0.720  0.620    0.49143E-01
  1.000  0.740  0.620    0.49388E-01
  1.000  0.760  0.620    0.50835E-01
  1.000  0.780  0.620    0.53222E-01
  1.000  0.800  0.620    0.56118E-01
  1.000  0.820  0.620    0.58985E-01
  1.000  0.840  0.620    0.61192E-01
  1.000  0.860  0.620    0.62050E-01
  1.000  0.880  0.620    0.60891E-01
  1.000  0.900  0.620    0.57172E-01
  1.000  0.920  0.620    0.50574E-01
  1.000  0.940  0.620    0.41081E-01
  1.000  0.960  0.620    0.29016E-01
  1.000  0.980  0.620    0.15024E-01
  1.000  1.000  0.620    0.00000E+00
  1.000  0.000  0.640    0.00000E+00
  1.000  0.020  0.640    0.24880E-01
  1.000  0.040  0.640    0.48196E-01
  1.000  0.060  0.640    0.68561E-01
  1.000  0.080  0.640    0.84916E-01
  1.000  0.100  0.640    0.96641E-01
  1.000  0.120  0.640    0.10359E+00
  1.000  0.140  0.640    0.10610E+00
  1.000  0.160  0.640    0.10485E+00
  1.000  0.180  0.640    0.10082E+00
  1.000  0.200  0.640    0.95065E-01
  1.000  0.220  0.640    0.88655E-01
  1.000  0.240  0.640    0.82542E-01
  1.000  0.260  0.640    0.77511E-01
  1.000  0.280  0.640    0.74078E-01
  1.000  0.300  0.640    0.72242E-01
  1.000  0.320  0.640    0.71093E-01
  1.000  0.340  0.640    0.68447E-01
  1.000  0.360  0.640    0.60894E-01
  1.000  0.380  0.640    0.44641E-01
  1.000  0.400  0.640    0.17137E-01
  1.000  0.420  0.640   -0.21091E-01
  1.000  0.440  0.640   -0.65386E-01
  1.000  0.460  0.640   -0.10751E+00
  1.000  0.480  0.640   -0.13793E+00
  1.000  0.500  0.640   -0.14904E+00
  1.000  0.520  0.640   -0.13793E+00
  1.000  0.540  0.640   -0.10751E+00
  1.000  0.560  0.640   -0.65386E-01
  1.000  0.580  0.640   -0.21091E-01
  1.000  0.600  0.640    0.17137E-01
  1.000  0.620  0.640    0.44641E-01
  1.000  0.640  0.640    0.60894E-01
  1.000  0.660  0.640    0.68447E-01
  1.000  0.680  0.640    0.71093E-01
  1.000  0.700  0.640    0.72242E-01
  1.000  0.720  0.640    0.74078E-01
  1.000  0.740  0.640    0.77511E-01
  1.000  0.760  0.640    0.82542E-01
  1.000  0.780  0.640    0.88655E-01
  1.000  0.800  0.640    0.95065E-01
  1.000  0.820  0.640    0.10082E+00
  1.000  0.840  0.640    0.10485E+00
  1.000  0.860  0.640    0.10610E+00
  1.000  0.880  0.640    0.10359E+00
  1.000  0.900  0.640    0.96641E-01
  1.000  0.920  0.640    0.84916E-01
  1.000  0.940  0.640    0.68561E-01
  1.000  0.960  0.640    0.48196E-01
  1.000  0.980  0.640    0.24880E-01
  1.000  1.000  0.640    0.00000E+00
  1.000  0.000  0.660    0.00000E+00
  1.000  0.020  0.660    0.31251E-01
  1.000  0.040  0.660    0.60714E-01
  1.000  0.060  0.660    0.86766E-01
  1.000  0.080  0.660    0.10810E+00
  1.000  0.100  0.660    0.12384E+00
  1.000  0.120  0.660    0.13362E+00
  1.000  0.140  0.660    0.13763E+00
  1.000  0.160  0.660    0.13653E+00
  1.000  0.180  0.660    0.13136E+00
  1.000  0.200  0.660    0.12342E+00
  1.000  0.220  0.660    0.11409E+00
  1.000  0.240  0.660    0.10470E+00
  1.000  0.260  0.660    0.96392E-01
  1.000  0.280  0.660    0.89975E-01
  1.000  0.300  0.660    0.85593E-01
  1.000  0.320  0.660    0.82314E-01
  1.000  0.340  0.660    0.77799E-01
  1.000  0.360  0.660    0.68447E-01
  1.000  0.380  0.660    0.50354E-01
  1.000  0.400  0.660    0.21008E-01
  1.000  0.420  0.660   -0.18904E-01
  1.000  0.440  0.660   -0.64540E-01
  1.000  0.460  0.660   -0.10757E+00
  1.000  0.480  0.660   -0.13848E+00
  1.000  0.500  0.660   -0.14973E+00
  1.000  0.520  0.660   -0.13848E+00
  1.000  0.540  0.660   -0.10757E+00
  1.000  0.560  0.660   -0.64540E-01
  1.000  0.580  0.660   -0.18904E-01
  1.000  0.600  0.660    0.21008E-01
  1.000  0.620  0.660    0.50354E-01
  1.000  0.640  0.660    0.68447E-01
  1.000  0.660  0.660    0.77799E-01
  1.000  0.680  0.660    0.82314E-01
  1.000  0.700  0.660    0.85593E-01
  1.000  0.720  0.660    0.89975E-01
  1.000  0.740  0.660    0.96392E-01
  1.000  0.760  0.660    0.10470E+00
  1.000  0.780  0.660    0.11409E+00
  1.000  0.800  0.660    0.12342E+00
  1.000  0.820  0.660    0.13136E+00
  1.000  0.840  0.660    0.13653E+00
  1.000  0.860  0.660    0.13763E+00
  1.000  0.880  0.660    0.13362E+00
  1.000  0.900  0.660    0.12384E+00
  1.000  0.920  0.660    0.10810E+00
  1.000  0.940  0.660    0.86766E-01
  1.000  0.960  0.660    0.60714E-01
  1.000  0.980  0.660    0.31251E-01
  1.000  1.000  0.660    0.00000E+00
  1.000  0.000  0.680    0.00000E+00
  1.000  0.020  0.680    0.32947E-01
  1.000  0.040  0.680    0.64306E-01
  1.000  0.060  0.680    0.92580E-01
  1.000  0.080  0.680    0.11646E+00
  1.000  0.100  0.680    0.13494E+00
  1.000  0.120  0.680    0.14739E+00
  1.000  0.140  0.680    0.15367E+00
  1.000  0.160  0.680    0.15413E+00
  1.000  0.180  0.680    0.14962E+00
  1.000  0.200  0.680    0.14136E+00
  1.000  0.220  0.680    0.13082E+00
  1.000  0.240  0.680    0.11955E+00
  1.000  0.260  0.680    0.10904E+00
  1.000  0.280  0.680    0.10037E+00
  1.000  0.300  0.680    0.93876E-01
  1.000  0.320  0.680    0.88668E-01
  1.000  0.340  0.680    0.82314E-01
  1.000  0.360  0.680    0.71093E-01
  1.000  0.380  0.680    0.51068E-01
  1.000  0.400  0.680    0.19842E-01
  1.000  0.420  0.680   -0.21685E-01
  1.000  0.440  0.680   -0.68489E-01
  1.000  0.460  0.680   -0.11220E+00
  1.000  0.480  0.680   -0.14340E+00
  1.000  0.500  0.680   -0.15474E+00
  1.000  0.520  0.680   -0.14340E+00
  1.000  0.540  0.680   -0.11220E+00
  1.000  0.560  0.680   -0.68489E-01
  1.000  0.580  0.680   -0.21685E-01
  1.000  0.600  0.680    0.19842E-01
  1.000  0.620  0.680    0.51068E-01
  1.000  0.640  0.680    0.71093E-01
  1.000  0.660  0.680    0.82314E-01
  1.000  0.680  0.680    0.88668E-01
  1.000  0.700  0.680    0.93876E-01
  1.000  0.720  0.680    0.10037E+00
  1.000  0.740  0.680    0.10904E+00
  1.000  0.760  0.680    0.11955E+00
  1.000  0.780  0.680    0.13082E+00
  1.000  0.800  0.680    0.14136E+00
  1.000  0.820  0.680    0.14962E+00
  1.000  0.840  0.680    0.15413E+00
  1.000  0.860  0.680    0.15367E+00
  1.000  0.880  0.680    0.14739E+00
  1.000  0.900  0.680    0.13494E+00
  1.000  0.920  0.680    0.11646E+00
  1.000  0.940  0.680    0.92580E-01
  1.000  0.960  0.680    0.64306E-01
  1.000  0.980  0.680    0.32947E-01
  1.000  1.000  0.680    0.00000E+00
  1.000  0.000  0.700    0.00000E+00
  1.000  0.020  0.700    0.29929E-01
  1.000  0.040  0.700    0.58867E-01
  1.000  0.060  0.700    0.85797E-01
  1.000  0.080  0.700    0.10969E+00
  1.000  0.100  0.700    0.12954E+00
  1.000  0.120  0.700    0.14450E+00
  1.000  0.140  0.700    0.15398E+00
  1.000  0.160  0.700    0.15779E+00
  1.000  0.180  0.700    0.15624E+00
  1.000  0.200  0.700    0.15016E+00
  1.000  0.220  0.700    0.14080E+00
  1.000  0.240  0.700    0.12974E+00
  1.000  0.260  0.700    0.11862E+00
  1.000  0.280  0.700    0.10879E+00
  1.000  0.300  0.700    0.10080E+00
  1.000  0.320  0.700    0.93876E-01
  1.000  0.340  0.700    0.85593E-01
  1.000  0.360  0.700    0.72242E-01
  1.000  0.380  0.700    0.49991E-01
  1.000  0.400  0.700    0.16682E-01
  1.000  0.420  0.700   -0.26501E-01
  1.000  0.440  0.700   -0.74351E-01
  1.000  0.460  0.700   -0.11852E+00
  1.000  0.480  0.700   -0.14984E+00
  1.000  0.500  0.700   -0.16116E+00
  1.000  0.520  0.700   -0.14984E+00
  1.000  0.540  0.700   -0.11852E+00
  1.000  0.560  0.700   -0.74351E-01
  1.000  0.580  0.700   -0.26501E-01
  1.000  0.600  0.700    0.16682E-01
  1.000  0.620  0.700    0.49991E-01
  1.000  0.640  0.700    0.72242E-01
  1.000  0.660  0.700    0.85593E-01
  1.000  0.680  0.700    0.93876E-01
  1.000  0.700  0.700    0.10080E+00
  1.000  0.720  0.700    0.10879E+00
  1.000  0.740  0.700    0.11862E+00
  1.000  0.760  0.700    0.12974E+00
  1.000  0.780  0.700    0.14080E+00
  1.000  0.800  0.700    0.15016E+00
  1.000  0.820  0.700    0.15624E+00
  1.000  0.840  0.700    0.15779E+00
  1.000  0.860  0.700    0.15398E+00
  1.000  0.880  0.700    0.14450E+00
  1.000  0.900  0.700    0.12954E+00
  1.000  0.920  0.700    0.10969E+00
  1.000  0.940  0.700    0.85797E-01
  1.000  0.960  0.700    0.58867E-01
  1.000  0.980  0.700    0.29929E-01
  1.000  1.000  0.700    0.00000E+00
  1.000  0.000  0.720    0.00000E+00
  1.000  0.020  0.720    0.23306E-01
  1.000  0.040  0.720    0.46445E-01
  1.000  0.060  0.720    0.69107E-01
  1.000  0.080  0.720    0.90747E-01
  1.000  0.100  0.720    0.11056E+00
  1.000  0.120  0.720    0.12756E+00
  1.000  0.140  0.720    0.14074E+00
  1.000  0.160  0.720    0.14928E+00
  1.000  0.180  0.720    0.15275E+00
  1.000  0.200  0.720    0.15127E+00
  1.000  0.220  0.720    0.14561E+00
  1.000  0.240  0.720    0.13704E+00
  1.000  0.260  0.720    0.12719E+00
  1.000  0.280  0.720    0.11752E+00
  1.000  0.300  0.720    0.10879E+00
  1.000  0.320  0.720    0.10037E+00
  1.000  0.340  0.720    0.89975E-01
  1.000  0.360  0.720    0.74078E-01
  1.000  0.380  0.720    0.49143E-01
  1.000  0.400  0.720    0.13413E-01
  1.000  0.420  0.720   -0.31547E-01
  1.000  0.440  0.720   -0.80352E-01
  1.000  0.460  0.720   -0.12478E+00
  1.000  0.480  0.720   -0.15599E+00
  1.000  0.500  0.720   -0.16723E+00
  1.000  0.520  0.720   -0.15599E+00
  1.000  0.540  0.720   -0.12478E+00
  1.000  0.560  0.720   -0.80352E-01
  1.000  0.580  0.720   -0.31547E-01
  1.000  0.600  0.720    0.13413E-01
  1.000  0.620  0.720    0.49143E-01
  1.000  0.640  0.720    0.74078E-01
  1.000  0.660  0.720    0.89975E-01
  1.000  0.680  0.720    0.10037E+00
  1.000  0.700  0.720    0.10879E+00
  1.000  0.720  0.720    0.11752E+00
  1.000  0.740  0.720    0.12719E+00
  1.000  0.760  0.720    0.13704E+00
  1.000  0.780  0.720    0.14561E+00
  1.000  0.800  0.720    0.15127E+00
  1.000  0.820  0.720    0.15275E+00
  1.000  0.840  0.720    0.14928E+00
  1.000  0.860  0.720    0.14074E+00
  1.000  0.880  0.720    0.12756E+00
  1.000  0.900  0.720    0.11056E+00
  1.000  0.920  0.720    0.90747E-01
  1.000  0.940  0.720    0.69107E-01
  1.000  0.960  0.720    0.46445E-01
  1.000  0.980  0.720    0.23306E-01
  1.000  1.000  0.720    0.00000E+00
  1.000  0.000  0.740    0.00000E+00
  1.000  0.020  0.740    0.14907E-01
  1.000  0.040  0.740    0.30454E-01
  1.000  0.060  0.740    0.47066E-01
  1.000  0.080  0.740    0.64773E-01
  1.000  0.100  0.740    0.83123E-01
  1.000  0.120  0.740    0.10119E+00
  1.000  0.140  0.740    0.11773E+00
  1.000  0.160  0.740    0.13137E+00
  1.000  0.180  0.740    0.14095E+00
  1.000  0.200  0.740    0.14577E+00
  1.000  0.220  0.740    0.14584E+00
  1.000  0.240  0.740    0.14189E+00
  1.000  0.260  0.740    0.13521E+00
  1.000  0.280  0.740    0.12719E+00
  1.000  0.300  0.740    0.11862E+00
  1.000  0.320  0.740    0.10904E+00
  1.000  0.340  0.740    0.96392E-01
  1.000  0.360  0.740    0.77511E-01
  1.000  0.380  0.740    0.49388E-01
  1.000  0.400  0.740    0.10864E-01
  1.000  0.420  0.740   -0.36005E-01
  1.000  0.440  0.740   -0.85658E-01
  1.000  0.460  0.740   -0.13009E+00
  1.000  0.480  0.740   -0.16097E+00
  1.000  0.500  0.740   -0.17203E+00
  1.000  0.520  0.740   -0.16097E+00
  1.000  0.540  0.740   -0.13009E+00
  1.000  0.560  0.740   -0.85658E-01
  1.000  0.580  0.740   -0.36005E-01
  1.000  0.600  0.740    0.10864E-01
  1.000  0.620  0.740    0.49388E-01
  1.000  0.640  0.740    0.77511E-01
  1.000  0.660  0.740    0.96392E-01
  1.000  0.680  0.740    0.10904E+00
  1.000  0.700  0.740    0.11862E+00
  1.000  0.720  0.740    0.12719E+00
  1.000  0.740  0.740    0.13521E+00
  1.000  0.760  0.740    0.14189E+00
  1.000  0.780  0.740    0.14584E+00
  1.000  0.800  0.740    0.14577E+00
  1.000  0.820  0.740    0.14095E+00
  1.000  0.840  0.740    0.13137E+00
  1.000  0.860  0.740    0.11773E+00
  1.000  0.880  0.740    0.10119E+00
  1.000  0.900  0.740    0.83123E-01
  1.000  0.920  0.740    0.64773E-01
  1.000  0.940  0.740    0.47066E-01
  1.000  0.960  0.740    0.30454E-01
  1.000  0.980  0.740    0.14907E-01
  1.000  1.000  0.740    0.00000E+00
  1.000  0.000  0.760    0.00000E+00
  1.000  0.020  0.760    0.66388E-02
  1.000  0.040  0.760    0.14493E-01
  1.000  0.060  0.760    0.24554E-01
  1.000  0.080  0.760    0.37384E-01
  1.000  0.100  0.760    0.52974E-01
  1.000  0.120  0.760    0.70686E-01
  1.000  0.140  0.760    0.89303E-01
  1.000  0.160  0.760    0.10722E+00
  1.000  0.180  0.760    0.12273E+00
  1.000  0.200  0.760    0.13441E+00
  1.000  0.220  0.760    0.14140E+00
  1.000  0.240  0.760    0.14367E+00
  1.000  0.260  0.760    0.14189E+00
  1.000  0.280  0.760    0.13704E+00
  1.000  0.300  0.760    0.12974E+00
  1.000  0.320  0.760    0.11955E+00
  1.000  0.340  0.760    0.10470E+00
  1.000  0.360  0.760    0.82542E-01
  1.000  0.380  0.760    0.50835E-01
  1.000  0.400  0.760    0.92334E-02
  1.000  0.420  0.760   -0.39598E-01
  1.000  0.440  0.760   -0.89926E-01
  1.000  0.460  0.760   -0.13407E+00
  1.000  0.480  0.760   -0.16436E+00
  1.000  0.500  0.760   -0.17514E+00
  1.000  0.520  0.760   -0.16436E+00
  1.000  0.540  0.760   -0.13407E+00
  1.000  0.560  0.760   -0.89926E-01
  1.000  0.580  0.760   -0.39598E-01
  1.000  0.600  0.760    0.92334E-02
  1.000  0.620  0.760    0.50835E-01
  1.000  0.640  0.760    0.82542E-01
  1.000  0.660  0.760    0.10470E+00
  1.000  0.680  0.760    0.11955E+00
  1.000  0.700  0.760    0.12974E+00
  1.000  0.720  0.760    0.13704E+00
  1.000  0.740  0.760    0.14189E+00
  1.000  0.760  0.760    0.14367E+00
  1.000  0.780  0.760    0.14140E+00
  1.000  0.800  0.760    0.13441E+00
  1.000  0.820  0.760    0.12273E+00
  1.000  0.840  0.760    0.10722E+00
  1.000  0.860  0.760    0.89303E-01
  1.000  0.880  0.760    0.70686E-01
  1.000  0.900  0.760    0.52974E-01
  1.000  0.920  0.760    0.37384E-01
  1.000  0.940  0.760    0.24554E-01
  1.000  0.960  0.760    0.14493E-01
  1.000  0.980  0.760    0.66388E-02
  1.000  1.000  0.760    0.00000E+00
  1.000  0.000  0.780    0.00000E+00
  1.000  0.020  0.780   -0.68814E-04
  1.000  0.040  0.780    0.13089E-02
  1.000  0.060  0.780    0.54108E-02
  1.000  0.080  0.780    0.13175E-01
  1.000  0.100  0.780    0.25039E-01
  1.000  0.120  0.780    0.40813E-01
  1.000  0.140  0.780    0.59631E-01
  1.000  0.160  0.780    0.80018E-01
  1.000  0.180  0.780    0.10011E+00
  1.000  0.200  0.780    0.11798E+00
  1.000  0.220  0.780    0.13205E+00
  1.000  0.240  0.780    0.14140E+00
  1.000  0.260  0.780    0.14584E+00
  1.000  0.280  0.780    0.14561E+00
  1.000  0.300  0.780    0.14080E+00
  1.000  0.320  0.780    0.13082E+00
  1.000  0.340  0.780    0.11409E+00
  1.000  0.360  0.780    0.88655E-01
  1.000  0.380  0.780    0.53222E-01
  1.000  0.400  0.780    0.84636E-02
  1.000  0.420  0.780   -0.42227E-01
  1.000  0.440  0.780   -0.92950E-01
  1.000  0.460  0.780   -0.13646E+00
  1.000  0.480  0.780   -0.16586E+00
  1.000  0.500  0.780   -0.17625E+00
  1.000  0.520  0.780   -0.16586E+00
  1.000  0.540  0.780   -0.13646E+00
  1.000  0.560  0.780   -0.92950E-01
  1.000  0.580  0.780   -0.42227E-01
  1.000  0.600  0.780    0.84636E-02
  1.000  0.620  0.780    0.53222E-01
  1.000  0.640  0.780    0.88655E-01
  1.000  0.660  0.780    0.11409E+00
  1.000  0.680  0.780    0.13082E+00
  1.000  0.700  0.780    0.14080E+00
  1.000  0.720  0.780    0.14561E+00
  1.000  0.740  0.780    0.14584E+00
  1.000  0.760  0.780    0.14140E+00
  1.000  0.780  0.780    0.13205E+00
  1.000  0.800  0.780    0.11798E+00
  1.000  0.820  0.780    0.10011E+00
  1.000  0.840  0.780    0.80018E-01
  1.000  0.860  0.780    0.59631E-01
  1.000  0.880  0.780    0.40813E-01
  1.000  0.900  0.780    0.25039E-01
  1.000  0.920  0.780    0.13175E-01
  1.000  0.940  0.780    0.54108E-02
  1.000  0.960  0.780    0.13089E-02
  1.000  0.980  0.780   -0.68814E-04
  1.000  1.000  0.780    0.00000E+00
  1.000  0.000  0.800    0.00000E+00
  1.000  0.020  0.800   -0.45401E-02
  1.000  0.040  0.800   -0.77303E-02
  1.000  0.060  0.800   -0.82947E-02
  1.000  0.080  0.800   -0.51309E-02
  1.000  0.100  0.800    0.25525E-02
  1.000  0.120  0.800    0.15074E-01
  1.000  0.140  0.800    0.32131E-01
  1.000  0.160  0.800    0.52729E-01
  1.000  0.180  0.800    0.75250E-01
  1.000  0.200  0.800    0.97682E-01
  1.000  0.220  0.800    0.11798E+00
  1.000  0.240  0.800    0.13441E+00
  1.000  0.260  0.800    0.14577E+00
  1.000  0.280  0.800    0.15127E+00
  1.000  0.300  0.800    0.15016E+00
  1.000  0.320  0.800    0.14136E+00
  1.000  0.340  0.800    0.12342E+00
  1.000  0.360  0.800    0.95065E-01
  1.000  0.380  0.800    0.56118E-01
  1.000  0.400  0.800    0.84285E-02
  1.000  0.420  0.800   -0.43795E-01
  1.000  0.440  0.800   -0.94495E-01
  1.000  0.460  0.800   -0.13694E+00
  1.000  0.480  0.800   -0.16515E+00
  1.000  0.500  0.800   -0.17503E+00
  1.000  0.520  0.800   -0.16515E+00
  1.000  0.540  0.800   -0.13694E+00
  1.000  0.560  0.800   -0.94495E-01
  1.000  0.580  0.800   -0.43795E-01
  1.000  0.600  0.800    0.84285E-02
  1.000  0.620  0.800    0.56118E-01
  1.000  0.640  0.800    0.95065E-01
  1.000  0.660  0.800    0.12342E+00
  1.000  0.680  0.800    0.14136E+00
  1.000  0.700  0.800    0.15016E+00
  1.000  0.720  0.800    0.15127E+00
  1.000  0.740  0.800    0.14577E+00
  1.000  0.760  0.800    0.13441E+00
  1.000  0.780  0.800    0.11798E+00
  1.000  0.800  0.800    0.97682E-01
  1.000  0.820  0.800    0.75250E-01
  1.000  0.840  0.800    0.52729E-01
  1.000  0.860  0.800    0.32131E-01
  1.000  0.880  0.800    0.15074E-01
  1.000  0.900  0.800    0.25525E-02
  1.000  0.920  0.800   -0.51309E-02
  1.000  0.940  0.800   -0.82947E-02
  1.000  0.960  0.800   -0.77303E-02
  1.000  0.980  0.800   -0.45401E-02
  1.000  1.000  0.800    0.00000E+00
  1.000  0.000  0.820    0.00000E+00
  1.000  0.020  0.820   -0.68047E-02
  1.000  0.040  0.820   -0.12573E-01
  1.000  0.060  0.820   -0.16246E-01
  1.000  0.080  0.820   -0.16759E-01
  1.000  0.100  0.820   -0.13124E-01
  1.000  0.120  0.820   -0.45860E-02
  1.000  0.140  0.820    0.91780E-02
  1.000  0.160  0.820    0.27867E-01
  1.000  0.180  0.820    0.50455E-01
  1.000  0.200  0.820    0.75250E-01
  1.000  0.220  0.820    0.10011E+00
  1.000  0.240  0.820    0.12273E+00
  1.000  0.260  0.820    0.14095E+00
  1.000  0.280  0.820    0.15275E+00
  1.000  0.300  0.820    0.15624E+00
  1.000  0.320  0.820    0.14962E+00
  1.000  0.340  0.820    0.13136E+00
  1.000  0.360  0.820    0.10082E+00
  1.000  0.380  0.820    0.58985E-01
  1.000  0.400  0.820    0.89636E-02
  1.000  0.420  0.820   -0.44193E-01
  1.000  0.440  0.820   -0.94293E-01
  1.000  0.460  0.820   -0.13519E+00
  1.000  0.480  0.820   -0.16187E+00
  1.000  0.500  0.820   -0.17113E+00
  1.000  0.520  0.820   -0.16187E+00
  1.000  0.540  0.820   -0.13519E+00
  1.000  0.560  0.820   -0.94293E-01
  1.000  0.580  0.820   -0.44193E-01
  1.000  0.600  0.820    0.89636E-02
  1.000  0.620  0.820    0.58985E-01
  1.000  0.640  0.820    0.10082E+00
  1.000  0.660  0.820    0.13136E+00
  1.000  0.680  0.820    0.14962E+00
  1.000  0.700  0.820    0.15624E+00
  1.000  0.720  0.820    0.15275E+00
  1.000  0.740  0.820    0.14095E+00
  1.000  0.760  0.820    0.12273E+00
  1.000  0.780  0.820    0.10011E+00
  1.000  0.800  0.820    0.75250E-01
  1.000  0.820  0.820    0.50455E-01
  1.000  0.840  0.820    0.27867E-01
  1.000  0.860  0.820    0.91780E-02
  1.000  0.880  0.820   -0.45860E-02
  1.000  0.900  0.820   -0.13124E-01
  1.000  0.920  0.820   -0.16759E-01
  1.000  0.940  0.820   -0.16246E-01
  1.000  0.960  0.820   -0.12573E-01
  1.000  0.980  0.820   -0.68047E-02
  1.000  1.000  0.820    0.00000E+00
  1.000  0.000  0.840    0.00000E+00
  1.000  0.020  0.840   -0.73428E-02
  1.000  0.040  0.840   -0.14039E-01
  1.000  0.060  0.840   -0.19351E-01
  1.000  0.080  0.840   -0.22398E-01
  1.000  0.100  0.840   -0.22172E-01
  1.000  0.120  0.840   -0.17645E-01
  1.000  0.140  0.840   -0.79665E-02
  1.000  0.160  0.840    0.72848E-02
  1.000  0.180  0.840    0.27867E-01
  1.000  0.200  0.840    0.52729E-01
  1.000  0.220  0.840    0.80018E-01
  1.000  0.240  0.840    0.10722E+00
  1.000  0.260  0.840    0.13137E+00
  1.000  0.280  0.840    0.14928E+00
  1.000  0.300  0.840    0.15779E+00
  1.000  0.320  0.840    0.15413E+00
  1.000  0.340  0.840    0.13653E+00
  1.000  0.360  0.840    0.10485E+00
  1.000  0.380  0.840    0.61192E-01
  1.000  0.400  0.840    0.98475E-02
  1.000  0.420  0.840   -0.43332E-01
  1.000  0.440  0.840   -0.92083E-01
  1.000  0.460  0.840   -0.13089E+00
  1.000  0.480  0.840   -0.15572E+00
  1.000  0.500  0.840   -0.16424E+00
  1.000  0.520  0.840   -0.15572E+00
  1.000  0.540  0.840   -0.13089E+00
  1.000  0.560  0.840   -0.92083E-01
  1.000  0.580  0.840   -0.43332E-01
  1.000  0.600  0.840    0.98475E-02
  1.000  0.620  0.840    0.61192E-01
  1.000  0.640  0.840    0.10485E+00
  1.000  0.660  0.840    0.13653E+00
  1.000  0.680  0.840    0.15413E+00
  1.000  0.700  0.840    0.15779E+00
  1.000  0.720  0.840    0.14928E+00
  1.000  0.740  0.840    0.13137E+00
  1.000  0.760  0.840    0.10722E+00
  1.000  0.780  0.840    0.80018E-01
  1.000  0.800  0.840    0.52729E-01
  1.000  0.820  0.840    0.27867E-01
  1.000  0.840  0.840    0.72848E-02
  1.000  0.860  0.840   -0.79665E-02
  1.000  0.880  0.840   -0.17645E-01
  1.000  0.900  0.840   -0.22172E-01
  1.000  0.920  0.840   -0.22398E-01
  1.000  0.940  0.840   -0.19351E-01
  1.000  0.960  0.840   -0.14039E-01
  1.000  0.980  0.840   -0.73428E-02
  1.000  1.000  0.840    0.00000E+00
  1.000  0.000  0.860    0.00000E+00
  1.000  0.020  0.860   -0.67863E-02
  1.000  0.040  0.860   -0.13278E-01
  1.000  0.060  0.860   -0.19060E-01
  1.000  0.080  0.860   -0.23507E-01
  1.000  0.100  0.860   -0.25736E-01
  1.000  0.120  0.860   -0.24647E-01
  1.000  0.140  0.860   -0.19061E-01
  1.000  0.160  0.860   -0.79665E-02
  1.000  0.180  0.860    0.91780E-02
  1.000  0.200  0.860    0.32131E-01
  1.000  0.220  0.860    0.59631E-01
  1.000  0.240  0.860    0.89303E-01
  1.000  0.260  0.860    0.11773E+00
  1.000  0.280  0.860    0.14074E+00
  1.000  0.300  0.860    0.15398E+00
  1.000  0.320  0.860    0.15367E+00
  1.000  0.340  0.860    0.13763E+00
  1.000  0.360  0.860    0.10610E+00
  1.000  0.380  0.860    0.62050E-01
  1.000  0.400  0.860    0.10796E-01
  1.000  0.420  0.860   -0.41185E-01
  1.000  0.440  0.860   -0.87660E-01
  1.000  0.460  0.860   -0.12376E+00
  1.000  0.480  0.860   -0.14642E+00
  1.000  0.500  0.860   -0.15411E+00
  1.000  0.520  0.860   -0.14642E+00
  1.000  0.540  0.860   -0.12376E+00
  1.000  0.560  0.860   -0.87660E-01
  1.000  0.580  0.860   -0.41185E-01
  1.000  0.600  0.860    0.10796E-01
  1.000  0.620  0.860    0.62050E-01
  1.000  0.640  0.860    0.10610E+00
  1.000  0.660  0.860    0.13763E+00
  1.000  0.680  0.860    0.15367E+00
  1.000  0.700  0.860    0.15398E+00
  1.000  0.720  0.860    0.14074E+00
  1.000  0.740  0.860    0.11773E+00
  1.000  0.760  0.860    0.89303E-01
  1.000  0.780  0.860    0.59631E-01
  1.000  0.800  0.860    0.32131E-01
  1.000  0.820  0.860    0.91780E-02
  1.000  0.840  0.860   -0.79665E-02
  1.000  0.860  0.860   -0.19061E-01
  1.000  0.880  0.860   -0.24647E-01
  1.000  0.900  0.860   -0.25736E-01
  1.000  0.920  0.860   -0.23507E-01
  1.000  0.940  0.860   -0.19060E-01
  1.000  0.960  0.860   -0.13278E-01
  1.000  0.980  0.860   -0.67863E-02
  1.000  1.000  0.860    0.00000E+00
  1.000  0.000  0.880    0.00000E+00
  1.000  0.020  0.880   -0.56975E-02
  1.000  0.040  0.880   -0.11353E-01
  1.000  0.060  0.880   -0.16811E-01
  1.000  0.080  0.880   -0.21701E-01
  1.000  0.100  0.880   -0.25350E-01
  1.000  0.120  0.880   -0.26757E-01
  1.000  0.140  0.880   -0.24647E-01
  1.000  0.160  0.880   -0.17645E-01
  1.000  0.180  0.880   -0.45860E-02
  1.000  0.200  0.880    0.15074E-01
  1.000  0.220  0.880    0.40813E-01
  1.000  0.240  0.880    0.70686E-01
  1.000  0.260  0.880    0.10119E+00
  1.000  0.280  0.880    0.12756E+00
  1.000  0.300  0.880    0.14450E+00
  1.000  0.320  0.880    0.14739E+00
  1.000  0.340  0.880    0.13362E+00
  1.000  0.360  0.880    0.10359E+00
  1.000  0.380  0.880    0.60891E-01
  1.000  0.400  0.880    0.11487E-01
  1.000  0.420  0.880   -0.37794E-01
  1.000  0.440  0.880   -0.80907E-01
  1.000  0.460  0.880   -0.11365E+00
  1.000  0.480  0.880   -0.13381E+00
  1.000  0.500  0.880   -0.14058E+00
  1.000  0.520  0.880   -0.13381E+00
  1.000  0.540  0.880   -0.11365E+00
  1.000  0.560  0.880   -0.80907E-01
  1.000  0.580  0.880   -0.37794E-01
  1.000  0.600  0.880    0.11487E-01
  1.000  0.620  0.880    0.60891E-01
  1.000  0.640  0.880    0.10359E+00
  1.000  0.660  0.880    0.13362E+00
  1.000  0.680  0.880    0.14739E+00
  1.000  0.700  0.880    0.14450E+00
  1.000  0.720  0.880    0.12756E+00
  1.000  0.740  0.880    0.10119E+00
  1.000  0.760  0.880    0.70686E-01
  1.000  0.780  0.880    0.40813E-01
  1.000  0.800  0.880    0.15074E-01
  1.000  0.820  0.880   -0.45860E-02
  1.000  0.840  0.880   -0.17645E-01
  1.000  0.860  0.880   -0.24647E-01
  1.000  0.880  0.880   -0.26757E-01
  1.000  0.900  0.880   -0.25350E-01
  1.000  0.920  0.880   -0.21701E-01
  1.000  0.940  0.880   -0.16811E-01
  1.000  0.960  0.880   -0.11353E-01
  1.000  0.980  0.880   -0.56975E-02
  1.000  1.000  0.880    0.00000E+00
  1.000  0.000  0.900    0.00000E+00
  1.000  0.020  0.900   -0.44668E-02
  1.000  0.040  0.900   -0.90343E-02
  1.000  0.060  0.900   -0.13717E-01
  1.000  0.080  0.900   -0.18351E-01
  1.000  0.100  0.900   -0.22494E-01
  1.000  0.120  0.900   -0.25350E-01
  1.000  0.140  0.900   -0.25736E-01
  1.000  0.160  0.900   -0.22172E-01
  1.000  0.180  0.900   -0.13124E-01
  1.000  0.200  0.900    0.25525E-02
  1.000  0.220  0.900    0.25039E-01
  1.000  0.240  0.900    0.52974E-01
  1.000  0.260  0.900    0.83123E-01
  1.000  0.280  0.900    0.11056E+00
  1.000  0.300  0.900    0.12954E+00
  1.000  0.320  0.900    0.13494E+00
  1.000  0.340  0.900    0.12384E+00
  1.000  0.360  0.900    0.96641E-01
  1.000  0.380  0.900    0.57172E-01
  1.000  0.400  0.900    0.11611E-01
  1.000  0.420  0.900   -0.33267E-01
  1.000  0.440  0.900   -0.71822E-01
  1.000  0.460  0.900   -0.10052E+00
  1.000  0.480  0.900   -0.11789E+00
  1.000  0.500  0.900   -0.12366E+00
  1.000  0.520  0.900   -0.11789E+00
  1.000  0.540  0.900   -0.10052E+00
  1.000  0.560  0.900   -0.71822E-01
  1.000  0.580  0.900   -0.33267E-01
  1.000  0.600  0.900    0.11611E-01
  1.000  0.620  0.900    0.57172E-01
  1.000  0.640  0.900    0.96641E-01
  1.000  0.660  0.900    0.12384E+00
  1.000  0.680  0.900    0.13494E+00
  1.000  0.700  0.900    0.12954E+00
  1.000  0.720  0.900    0.11056E+00
  1.000  0.740  0.900    0.83123E-01
  1.000  0.760  0.900    0.52974E-01
  1.000  0.780  0.900    0.25039E-01
  1.000  0.800  0.900    0.25525E-02
  1.000  0.820  0.900   -0.13124E-01
  1.000  0.840  0.900   -0.22172E-01
  1.000  0.860  0.900   -0.25736E-01
  1.000  0.880  0.900   -0.25350E-01
  1.000  0.900  0.900   -0.22494E-01
  1.000  0.920  0.900   -0.18351E-01
  1.000  0.940  0.900   -0.13717E-01
  1.000  0.960  0.900   -0.90343E-02
  1.000  0.980  0.900   -0.44668E-02
  1.000  1.000  0.900    0.00000E+00
  1.000  0.000  0.920    0.00000E+00
  1.000  0.020  0.920   -0.33071E-02
  1.000  0.040  0.920   -0.67682E-02
  1.000  0.060  0.920   -0.10482E-01
  1.000  0.080  0.920   -0.14424E-01
  1.000  0.100  0.920   -0.18351E-01
  1.000  0.120  0.920   -0.21701E-01
  1.000  0.140  0.920   -0.23507E-01
  1.000  0.160  0.920   -0.22398E-01
  1.000  0.180  0.920   -0.16759E-01
  1.000  0.200  0.920   -0.51309E-02
  1.000  0.220  0.920    0.13175E-01
  1.000  0.240  0.920    0.37384E-01
  1.000  0.260  0.920    0.64773E-01
  1.000  0.280  0.920    0.90747E-01
  1.000  0.300  0.920    0.10969E+00
  1.000  0.320  0.920    0.11646E+00
  1.000  0.340  0.920    0.10810E+00
  1.000  0.360  0.920    0.84916E-01
  1.000  0.380  0.920    0.50574E-01
  1.000  0.400  0.920    0.10928E-01
  1.000  0.420  0.920   -0.27767E-01
  1.000  0.440  0.920   -0.60531E-01
  1.000  0.460  0.920   -0.84513E-01
  1.000  0.480  0.920   -0.98800E-01
  1.000  0.500  0.920   -0.10350E+00
  1.000  0.520  0.920   -0.98800E-01
  1.000  0.540  0.920   -0.84513E-01
  1.000  0.560  0.920   -0.60531E-01
  1.000  0.580  0.920   -0.27767E-01
  1.000  0.600  0.920    0.10928E-01
  1.000  0.620  0.920    0.50574E-01
  1.000  0.640  0.920    0.84916E-01
  1.000  0.660  0.920    0.10810E+00
  1.000  0.680  0.920    0.11646E+00
  1.000  0.700  0.920    0.10969E+00
  1.000  0.720  0.920    0.90747E-01
  1.000  0.740  0.920    0.64773E-01
  1.000  0.760  0.920    0.37384E-01
  1.000  0.780  0.920    0.13175E-01
  1.000  0.800  0.920   -0.51309E-02
  1.000  0.820  0.920   -0.16759E-01
  1.000  0.840  0.920   -0.22398E-01
  1.000  0.860  0.920   -0.23507E-01
  1.000  0.880  0.920   -0.21701E-01
  1.000  0.900  0.920   -0.18351E-01
  1.000  0.920  0.920   -0.14424E-01
  1.000  0.940  0.920   -0.10482E-01
  1.000  0.960  0.920   -0.67682E-02
  1.000  0.980  0.920   -0.33071E-02
  1.000  1.000  0.920    0.00000E+00
  1.000  0.000  0.940    0.00000E+00
  1.000  0.020  0.940   -0.22980E-02
  1.000  0.040  0.940   -0.47440E-02
  1.000  0.060  0.940   -0.74571E-02
  1.000  0.080  0.940   -0.10482E-01
  1.000  0.100  0.940   -0.13717E-01
  1.000  0.120  0.940   -0.16811E-01
  1.000  0.140  0.940   -0.19060E-01
  1.000  0.160  0.940   -0.19351E-01
  1.000  0.180  0.940   -0.16246E-01
  1.000  0.200  0.940   -0.82947E-02
  1.000  0.220  0.940    0.54108E-02
  1.000  0.240  0.940    0.24554E-01
  1.000  0.260  0.940    0.47066E-01
  1.000  0.280  0.940    0.69107E-01
  1.000  0.300  0.940    0.85797E-01
  1.000  0.320  0.940    0.92580E-01
  1.000  0.340  0.940    0.86766E-01
  1.000  0.360  0.940    0.68561E-01
  1.000  0.380  0.940    0.41081E-01
  1.000  0.400  0.940    0.93162E-02
  1.000  0.420  0.940   -0.21488E-01
  1.000  0.440  0.940   -0.47285E-01
  1.000  0.460  0.940   -0.65917E-01
  1.000  0.480  0.940   -0.76877E-01
  1.000  0.500  0.940   -0.80457E-01
  1.000  0.520  0.940   -0.76877E-01
  1.000  0.540  0.940   -0.65917E-01
  1.000  0.560  0.940   -0.47285E-01
  1.000  0.580  0.940   -0.21488E-01
  1.000  0.600  0.940    0.93162E-02
  1.000  0.620  0.940    0.41081E-01
  1.000  0.640  0.940    0.68561E-01
  1.000  0.660  0.940    0.86766E-01
  1.000  0.680  0.940    0.92580E-01
  1.000  0.700  0.940    0.85797E-01
  1.000  0.720  0.940    0.69107E-01
  1.000  0.740  0.940    0.47066E-01
  1.000  0.760  0.940    0.24554E-01
  1.000  0.780  0.940    0.54108E-02
  1.000  0.800  0.940   -0.82947E-02
  1.000  0.820  0.940   -0.16246E-01
  1.000  0.840  0.940   -0.19351E-01
  1.000  0.860  0.940   -0.19060E-01
  1.000  0.880  0.940   -0.16811E-01
  1.000  0.900  0.940   -0.13717E-01
  1.000  0.920  0.940   -0.10482E-01
  1.000  0.940  0.940   -0.74571E-02
  1.000  0.960  0.940   -0.47440E-02
  1.000  0.980  0.940   -0.22980E-02
  1.000  1.000  0.940    0.00000E+00
  1.000  0.000  0.960    0.00000E+00
  1.000  0.020  0.960   -0.14389E-02
  1.000  0.040  0.960   -0.29877E-02
  1.000  0.060  0.960   -0.47440E-02
  1.000  0.080  0.960   -0.67682E-02
  1.000  0.100  0.960   -0.90343E-02
  1.000  0.120  0.960   -0.11353E-01
  1.000  0.140  0.960   -0.13278E-01
  1.000  0.160  0.960   -0.14039E-01
  1.000  0.180  0.960   -0.12573E-01
  1.000  0.200  0.960   -0.77303E-02
  1.000  0.220  0.960    0.13089E-02
  1.000  0.240  0.960    0.14493E-01
  1.000  0.260  0.960    0.30454E-01
  1.000  0.280  0.960    0.46445E-01
  1.000  0.300  0.960    0.58867E-01
  1.000  0.320  0.960    0.64306E-01
  1.000  0.340  0.960    0.60714E-01
  1.000  0.360  0.960    0.48196E-01
  1.000  0.380  0.960    0.29016E-01
  1.000  0.400  0.960    0.68104E-02
  1.000  0.420  0.960   -0.14635E-01
  1.000  0.440  0.960   -0.32457E-01
  1.000  0.460  0.960   -0.45206E-01
  1.000  0.480  0.960   -0.52634E-01
  1.000  0.500  0.960   -0.55046E-01
  1.000  0.520  0.960   -0.52634E-01
  1.000  0.540  0.960   -0.45206E-01
  1.000  0.560  0.960   -0.32457E-01
  1.000  0.580  0.960   -0.14635E-01
  1.000  0.600  0.960    0.68104E-02
  1.000  0.620  0.960    0.29016E-01
  1.000  0.640  0.960    0.48196E-01
  1.000  0.660  0.960    0.60714E-01
  1.000  0.680  0.960    0.64306E-01
  1.000  0.700  0.960    0.58867E-01
  1.000  0.720  0.960    0.46445E-01
  1.000  0.740  0.960    0.30454E-01
  1.000  0.760  0.960    0.14493E-01
  1.000  0.780  0.960    0.13089E-02
  1.000  0.800  0.960   -0.77303E-02
  1.000  0.820  0.960   -0.12573E-01
  1.000  0.840  0.960   -0.14039E-01
  1.000  0.860  0.960   -0.13278E-01
  1.000  0.880  0.960   -0.11353E-01
  1.000  0.900  0.960   -0.90343E-02
  1.000  0.920  0.960   -0.67682E-02
  1.000  0.940  0.960   -0.47440E-02
  1.000  0.960  0.960   -0.29877E-02
  1.000  0.980  0.960   -0.14389E-02
  1.000  1.000  0.960    0.00000E+00
  1.000  0.000  0.980    0.00000E+00
  1.000  0.020  0.980   -0.69080E-03
  1.000  0.040  0.980   -0.14389E-02
  1.000  0.060  0.980   -0.22980E-02
  1.000  0.080  0.980   -0.33071E-02
  1.000  0.100  0.980   -0.44668E-02
  1.000  0.120  0.980   -0.56975E-02
  1.000  0.140  0.980   -0.67863E-02
  1.000  0.160  0.980   -0.73428E-02
  1.000  0.180  0.980   -0.68047E-02
  1.000  0.200  0.980   -0.45401E-02
  1.000  0.220  0.980   -0.68814E-04
  1.000  0.240  0.980    0.66388E-02
  1.000  0.260  0.980    0.14907E-01
  1.000  0.280  0.980    0.23306E-01
  1.000  0.300  0.980    0.29929E-01
  1.000  0.320  0.980    0.32947E-01
  1.000  0.340  0.980    0.31251E-01
  1.000  0.360  0.980    0.24880E-01
  1.000  0.380  0.980    0.15024E-01
  1.000  0.400  0.980    0.35994E-02
  1.000  0.420  0.980   -0.74089E-02
  1.000  0.440  0.980   -0.16516E-01
  1.000  0.460  0.980   -0.22993E-01
  1.000  0.480  0.980   -0.26744E-01
  1.000  0.500  0.980   -0.27958E-01
  1.000  0.520  0.980   -0.26744E-01
  1.000  0.540  0.980   -0.22993E-01
  1.000  0.560  0.980   -0.16516E-01
  1.000  0.580  0.980   -0.74089E-02
  1.000  0.600  0.980    0.35994E-02
  1.000  0.620  0.980    0.15024E-01
  1.000  0.640  0.980    0.24880E-01
  1.000  0.660  0.980    0.31251E-01
  1.000  0.680  0.980    0.32947E-01
  1.000  0.700  0.980    0.29929E-01
  1.000  0.720  0.980    0.23306E-01
  1.000  0.740  0.980    0.14907E-01
  1.000  0.760  0.980    0.66388E-02
  1.000  0.780  0.980   -0.68814E-04
  1.000  0.800  0.980   -0.45401E-02
  1.000  0.820  0.980   -0.68047E-02
  1.000  0.840  0.980   -0.73428E-02
  1.000  0.860  0.980   -0.67863E-02
  1.000  0.880  0.980   -0.56975E-02
  1.000  0.900  0.980   -0.44668E-02
  1.000  0.920  0.980   -0.33071E-02
  1.000  0.940  0.980   -0.22980E-02
  1.000  0.960  0.980   -0.14389E-02
  1.000  0.980  0.980   -0.69080E-03
  1.000  1.000  0.980    0.00000E+00
  1.000  0.000  1.000    0.00000E+00
  1.000  0.020  1.000    0.00000E+00
  1.000  0.040  1.000    0.00000E+00
  1.000  0.060  1.000    0.00000E+00
  1.000  0.080  1.000    0.00000E+00
  1.000  0.100  1.000    0.00000E+00
  1.000  0.120  1.000    0.00000E+00
  1.000  0.140  1.000    0.00000E+00
  1.000  0.160  1.000    0.00000E+00
  1.000  0.180  1.000    0.00000E+00
  1.000  0.200  1.000    0.00000E+00
  1.000  0.220  1.000    0.00000E+00
  1.000  0.240  1.000    0.00000E+00
  1.000  0.260  1.000    0.00000E+00
  1.000  0.280  1.000    0.00000E+00
  1.000  0.300  1.000    0.00000E+00
  1.000  0.320  1.000    0.00000E+00
  1.000  0.340  1.000    0.00000E+00
  1.000  0.360  1.000    0.00000E+00
  1.000  0.380  1.000    0.00000E+00
  1.000  0.400  1.000    0.00000E+00
  1.000  0.420  1.000    0.00000E+00
  1.000  0.440  1.000    0.00000E+00
  1.000  0.460  1.000    0.00000E+00
  1.000  0.480  1.000    0.00000E+00
  1.000  0.500  1.000    0.00000E+00
  1.000  0.520  1.000    0.00000E+00
  1.000  0.540  1.000    0.00000E+00
  1.000  0.560  1.000    0.00000E+00
  1.000  0.580  1.000    0.00000E+00
  1.000  0.600  1.000    0.00000E+00
  1.000  0.620  1.000    0.00000E+00
  1.000  0.640  1.000    0.00000E+00
  1.000  0.660  1.000    0.00000E+00
  1.000  0.680  1.000    0.00000E+00
  1.000  0.700  1.000    0.00000E+00
  1.000  0.720  1.000    0.00000E+00
  1.000  0.740  1.000    0.00000E+00
  1.000  0.760  1.000    0.00000E+00
  1.000  0.780  1.000    0.00000E+00
  1.000  0.800  1.000    0.00000E+00
  1.000  0.820  1.000    0.00000E+00
  1.000  0.840  1.000    0.00000E+00
  1.000  0.860  1.000    0.00000E+00
  1.000  0.880  1.000    0.00000E+00
  1.000  0.900  1.000    0.00000E+00
  1.000  0.920  1.000    0.00000E+00
  1.000  0.940  1.000    0.00000E+00
  1.000  0.960  1.000    0.00000E+00
  1.000  0.980  1.000    0.00000E+00
  1.000  1.000  1.000    0.00000E+00
