  1.000  0.000  0.000    0.00000E+00
  1.000  0.020  0.000   -0.63265E-02
  1.000  0.040  0.000   -0.56434E-02
  1.000  0.060  0.000   -0.50018E-02
  1.000  0.080  0.000   -0.43727E-02
  1.000  0.100  0.000   -0.37311E-02
  1.000  0.120  0.000   -0.30583E-02
  1.000  0.140  0.000   -0.23488E-02
  1.000  0.160  0.000   -0.16202E-02
  1.000  0.180  0.000   -0.92513E-03
  1.000  0.200  0.000   -0.35719E-03
  1.000  0.220  0.000   -0.43745E-04
  1.000  0.240  0.000   -0.11848E-03
  1.000  0.260  0.000   -0.67661E-03
  1.000  0.280  0.000   -0.17271E-02
  1.000  0.300  0.000   -0.31647E-02
  1.000  0.320  0.000   -0.47807E-02
  1.000  0.340  0.000   -0.63161E-02
  1.000  0.360  0.000   -0.75372E-02
  1.000  0.380  0.000   -0.83037E-02
  1.000  0.400  0.000   -0.85988E-02
  1.000  0.420  0.000   -0.85164E-02
  1.000  0.440  0.000   -0.82141E-02
  1.000  0.460  0.000   -0.78597E-02
  1.000  0.480  0.000   -0.75901E-02
  1.000  0.500  0.000   -0.74907E-02
  1.000  0.520  0.000   -0.75901E-02
  1.000  0.540  0.000   -0.78597E-02
  1.000  0.560  0.000   -0.82141E-02
  1.000  0.580  0.000   -0.85164E-02
  1.000  0.600  0.000   -0.85988E-02
  1.000  0.620  0.000   -0.83037E-02
  1.000  0.640  0.000   -0.75372E-02
  1.000  0.660  0.000   -0.63161E-02
  1.000  0.680  0.000   -0.47807E-02
  1.000  0.700  0.000   -0.31647E-02
  1.000  0.720  0.000   -0.17271E-02
  1.000  0.740  0.000   -0.67661E-03
  1.000  0.760  0.000   -0.11848E-03
  1.000  0.780  0.000   -0.43745E-04
  1.000  0.800  0.000   -0.35719E-03
  1.000  0.820  0.000   -0.92513E-03
  1.000  0.840  0.000   -0.16202E-02
  1.000  0.860  0.000   -0.23488E-02
  1.000  0.880  0.000   -0.30583E-02
  1.000  0.900  0.000   -0.37311E-02
  1.000  0.920  0.000   -0.43727E-02
  1.000  0.940  0.000   -0.50018E-02
  1.000  0.960  0.000   -0.56434E-02
  1.000  0.980  0.000   -0.63265E-02
  1.000  1.000  0.000    0.00000E+00
  1.000  0.000  0.020   -0.63265E-02
  1.000  0.020  0.020   -0.57597E-02
  1.000  0.040  0.020   -0.52436E-02
  1.000  0.060  0.020   -0.47579E-02
  1.000  0.080  0.020   -0.42832E-02
  1.000  0.100  0.020   -0.37998E-02
  1.000  0.120  0.020   -0.32872E-02
  1.000  0.140  0.020   -0.27259E-02
  1.000  0.160  0.020   -0.21050E-02
  1.000  0.180  0.020   -0.14333E-02
  1.000  0.200  0.020   -0.75450E-03
  1.000  0.220  0.020   -0.15828E-03
  1.000  0.240  0.020    0.22249E-03
  1.000  0.260  0.020    0.23815E-03
  1.000  0.280  0.020   -0.22880E-03
  1.000  0.300  0.020   -0.12075E-02
  1.000  0.320  0.020   -0.26023E-02
  1.000  0.340  0.020   -0.42005E-02
  1.000  0.360  0.020   -0.57285E-02
  1.000  0.380  0.020   -0.69376E-02
  1.000  0.400  0.020   -0.76804E-02
  1.000  0.420  0.020   -0.79481E-02
  1.000  0.440  0.020   -0.78554E-02
  1.000  0.460  0.020   -0.75879E-02
  1.000  0.480  0.020   -0.73351E-02
  1.000  0.500  0.020   -0.72344E-02
  1.000  0.520  0.020   -0.73351E-02
  1.000  0.540  0.020   -0.75879E-02
  1.000  0.560  0.020   -0.78554E-02
  1.000  0.580  0.020   -0.79481E-02
  1.000  0.600  0.020   -0.76804E-02
  1.000  0.620  0.020   -0.69376E-02
  1.000  0.640  0.020   -0.57285E-02
  1.000  0.660  0.020   -0.42005E-02
  1.000  0.680  0.020   -0.26023E-02
  1.000  0.700  0.020   -0.12075E-02
  1.000  0.720  0.020   -0.22880E-03
  1.000  0.740  0.020    0.23815E-03
  1.000  0.760  0.020    0.22249E-03
  1.000  0.780  0.020   -0.15828E-03
  1.000  0.800  0.020   -0.75450E-03
  1.000  0.820  0.020   -0.14333E-02
  1.000  0.840  0.020   -0.21050E-02
  1.000  0.860  0.020   -0.27259E-02
  1.000  0.880  0.020   -0.32872E-02
  1.000  0.900  0.020   -0.37998E-02
  1.000  0.920  0.020   -0.42832E-02
  1.000  0.940  0.020   -0.47579E-02
  1.000  0.960  0.020   -0.52436E-02
  1.000  0.980  0.020   -0.57597E-02
  1.000  1.000  0.020   -0.63265E-02
  1.000  0.000  0.040   -0.56434E-02
  1.000  0.020  0.040   -0.52436E-02
  1.000  0.040  0.040   -0.48731E-02
  1.000  0.060  0.040   -0.45225E-02
  1.000  0.080  0.040   -0.41809E-02
  1.000  0.100  0.040   -0.38335E-02
  1.000  0.120  0.040   -0.34589E-02
  1.000  0.140  0.040   -0.30284E-02
  1.000  0.160  0.040   -0.25090E-02
  1.000  0.180  0.040   -0.18744E-02
  1.000  0.200  0.040   -0.11253E-02
  1.000  0.220  0.040   -0.31476E-03
  1.000  0.240  0.040    0.43383E-03
  1.000  0.260  0.040    0.93472E-03
  1.000  0.280  0.040    0.98472E-03
  1.000  0.300  0.040    0.43878E-03
  1.000  0.320  0.040   -0.71430E-03
  1.000  0.340  0.040   -0.23168E-02
  1.000  0.360  0.040   -0.40750E-02
  1.000  0.380  0.040   -0.56533E-02
  1.000  0.400  0.040   -0.67887E-02
  1.000  0.420  0.040   -0.73748E-02
  1.000  0.440  0.040   -0.74800E-02
  1.000  0.460  0.040   -0.72990E-02
  1.000  0.480  0.040   -0.70664E-02
  1.000  0.500  0.040   -0.69659E-02
  1.000  0.520  0.040   -0.70664E-02
  1.000  0.540  0.040   -0.72990E-02
  1.000  0.560  0.040   -0.74800E-02
  1.000  0.580  0.040   -0.73748E-02
  1.000  0.600  0.040   -0.67887E-02
  1.000  0.620  0.040   -0.56533E-02
  1.000  0.640  0.040   -0.40750E-02
  1.000  0.660  0.040   -0.23168E-02
  1.000  0.680  0.040   -0.71430E-03
  1.000  0.700  0.040    0.43878E-03
  1.000  0.720  0.040    0.98472E-03
  1.000  0.740  0.040    0.93472E-03
  1.000  0.760  0.040    0.43383E-03
  1.000  0.780  0.040   -0.31476E-03
  1.000  0.800  0.040   -0.11253E-02
  1.000  0.820  0.040   -0.18744E-02
  1.000  0.840  0.040   -0.25090E-02
  1.000  0.860  0.040   -0.30284E-02
  1.000  0.880  0.040   -0.34589E-02
  1.000  0.900  0.040   -0.38335E-02
  1.000  0.920  0.040   -0.41809E-02
  1.000  0.940  0.040   -0.45225E-02
  1.000  0.960  0.040   -0.48731E-02
  1.000  0.980  0.040   -0.52436E-02
  1.000  1.000  0.040   -0.56434E-02
  1.000  0.000  0.060   -0.50018E-02
  1.000  0.020  0.060   -0.47579E-02
  1.000  0.040  0.060   -0.45225E-02
  1.000  0.060  0.060   -0.42953E-02
  1.000  0.080  0.060   -0.40717E-02
  1.000  0.100  0.060   -0.38401E-02
  1.000  0.120  0.060   -0.35779E-02
  1.000  0.140  0.060   -0.32491E-02
  1.000  0.160  0.060   -0.28049E-02
  1.000  0.180  0.060   -0.21945E-02
  1.000  0.200  0.060   -0.13887E-02
  1.000  0.220  0.060   -0.41344E-03
  1.000  0.240  0.060    0.61782E-03
  1.000  0.260  0.060    0.14977E-02
  1.000  0.280  0.060    0.19636E-02
  1.000  0.300  0.060    0.17833E-02
  1.000  0.320  0.060    0.85743E-03
  1.000  0.340  0.060   -0.71067E-03
  1.000  0.360  0.060   -0.26242E-02
  1.000  0.380  0.060   -0.44869E-02
  1.000  0.400  0.060   -0.59437E-02
  1.000  0.420  0.060   -0.68029E-02
  1.000  0.440  0.060   -0.70861E-02
  1.000  0.460  0.060   -0.69892E-02
  1.000  0.480  0.060   -0.67807E-02
  1.000  0.500  0.060   -0.66828E-02
  1.000  0.520  0.060   -0.67807E-02
  1.000  0.540  0.060   -0.69892E-02
  1.000  0.560  0.060   -0.70861E-02
  1.000  0.580  0.060   -0.68029E-02
  1.000  0.600  0.060   -0.59437E-02
  1.000  0.620  0.060   -0.44869E-02
  1.000  0.640  0.060   -0.26242E-02
  1.000  0.660  0.060   -0.71067E-03
  1.000  0.680  0.060    0.85743E-03
  1.000  0.700  0.060    0.17833E-02
  1.000  0.720  0.060    0.19636E-02
  1.000  0.740  0.060    0.14977E-02
  1.000  0.760  0.060    0.61782E-03
  1.000  0.780  0.060   -0.41344E-03
  1.000  0.800  0.060   -0.13887E-02
  1.000  0.820  0.060   -0.21945E-02
  1.000  0.840  0.060   -0.28049E-02
  1.000  0.860  0.060   -0.32491E-02
  1.000  0.880  0.060   -0.35779E-02
  1.000  0.900  0.060   -0.38401E-02
  1.000  0.920  0.060   -0.40717E-02
  1.000  0.940  0.060   -0.42953E-02
  1.000  0.960  0.060   -0.45225E-02
  1.000  0.980  0.060   -0.47579E-02
  1.000  1.000  0.060   -0.50018E-02
  1.000  0.000  0.080   -0.43727E-02
  1.000  0.020  0.080   -0.42832E-02
  1.000  0.040  0.080   -0.41809E-02
  1.000  0.060  0.080   -0.40717E-02
  1.000  0.080  0.080   -0.39549E-02
  1.000  0.100  0.080   -0.38196E-02
  1.000  0.120  0.080   -0.36409E-02
  1.000  0.140  0.080   -0.33765E-02
  1.000  0.160  0.080   -0.29683E-02
  1.000  0.180  0.080   -0.23533E-02
  1.000  0.200  0.080   -0.14880E-02
  1.000  0.220  0.080   -0.38600E-03
  1.000  0.240  0.080    0.84492E-03
  1.000  0.260  0.080    0.19875E-02
  1.000  0.280  0.080    0.27473E-02
  1.000  0.300  0.080    0.28389E-02
  1.000  0.320  0.080    0.21018E-02
  1.000  0.340  0.080    0.59184E-03
  1.000  0.360  0.080   -0.14057E-02
  1.000  0.380  0.080   -0.34622E-02
  1.000  0.400  0.080   -0.51592E-02
  1.000  0.420  0.080   -0.62372E-02
  1.000  0.440  0.080   -0.66739E-02
  1.000  0.460  0.080   -0.66577E-02
  1.000  0.480  0.080   -0.64783E-02
  1.000  0.500  0.080   -0.63860E-02
  1.000  0.520  0.080   -0.64783E-02
  1.000  0.540  0.080   -0.66577E-02
  1.000  0.560  0.080   -0.66739E-02
  1.000  0.580  0.080   -0.62372E-02
  1.000  0.600  0.080   -0.51592E-02
  1.000  0.620  0.080   -0.34622E-02
  1.000  0.640  0.080   -0.14057E-02
  1.000  0.660  0.080    0.59184E-03
  1.000  0.680  0.080    0.21018E-02
  1.000  0.700  0.080    0.28389E-02
  1.000  0.720  0.080    0.27473E-02
  1.000  0.740  0.080    0.19875E-02
  1.000  0.760  0.080    0.84492E-03
  1.000  0.780  0.080   -0.38600E-03
  1.000  0.800  0.080   -0.14880E-02
  1.000  0.820  0.080   -0.23533E-02
  1.000  0.840  0.080   -0.29683E-02
  1.000  0.860  0.080   -0.33765E-02
  1.000  0.880  0.080   -0.36409E-02
  1.000  0.900  0.080   -0.38196E-02
  1.000  0.920  0.080   -0.39549E-02
  1.000  0.940  0.080   -0.40717E-02
  1.000  0.960  0.080   -0.41809E-02
  1.000  0.980  0.080   -0.42832E-02
  1.000  1.000  0.080   -0.43727E-02
  1.000  0.000  0.100   -0.37311E-02
  1.000  0.020  0.100   -0.37998E-02
  1.000  0.040  0.100   -0.38335E-02
  1.000  0.060  0.100   -0.38401E-02
  1.000  0.080  0.100   -0.38196E-02
  1.000  0.100  0.100   -0.37597E-02
  1.000  0.120  0.100   -0.36316E-02
  1.000  0.140  0.100   -0.33894E-02
  1.000  0.160  0.100   -0.29729E-02
  1.000  0.180  0.100   -0.23196E-02
  1.000  0.200  0.100   -0.13889E-02
  1.000  0.220  0.100   -0.19629E-03
  1.000  0.240  0.100    0.11506E-02
  1.000  0.260  0.100    0.24356E-02
  1.000  0.280  0.100    0.33595E-02
  1.000  0.300  0.100    0.36189E-02
  1.000  0.320  0.100    0.30208E-02
  1.000  0.340  0.100    0.15841E-02
  1.000  0.360  0.100   -0.42992E-03
  1.000  0.380  0.100   -0.25889E-02
  1.000  0.400  0.100   -0.44412E-02
  1.000  0.420  0.100   -0.56804E-02
  1.000  0.440  0.100   -0.62445E-02
  1.000  0.460  0.100   -0.63061E-02
  1.000  0.480  0.100   -0.61622E-02
  1.000  0.500  0.100   -0.60791E-02
  1.000  0.520  0.100   -0.61622E-02
  1.000  0.540  0.100   -0.63061E-02
  1.000  0.560  0.100   -0.62445E-02
  1.000  0.580  0.100   -0.56804E-02
  1.000  0.600  0.100   -0.44412E-02
  1.000  0.620  0.100   -0.25889E-02
  1.000  0.640  0.100   -0.42992E-03
  1.000  0.660  0.100    0.15841E-02
  1.000  0.680  0.100    0.30208E-02
  1.000  0.700  0.100    0.36189E-02
  1.000  0.720  0.100    0.33595E-02
  1.000  0.740  0.100    0.24356E-02
  1.000  0.760  0.100    0.11506E-02
  1.000  0.780  0.100   -0.19629E-03
  1.000  0.800  0.100   -0.13889E-02
  1.000  0.820  0.100   -0.23196E-02
  1.000  0.840  0.100   -0.29729E-02
  1.000  0.860  0.100   -0.33894E-02
  1.000  0.880  0.100   -0.36316E-02
  1.000  0.900  0.100   -0.37597E-02
  1.000  0.920  0.100   -0.38196E-02
  1.000  0.940  0.100   -0.38401E-02
  1.000  0.960  0.100   -0.38335E-02
  1.000  0.980  0.100   -0.37998E-02
  1.000  1.000  0.100   -0.37311E-02
  1.000  0.000  0.120   -0.30583E-02
  1.000  0.020  0.120   -0.32872E-02
  1.000  0.040  0.120   -0.34589E-02
  1.000  0.060  0.120   -0.35779E-02
  1.000  0.080  0.120   -0.36409E-02
  1.000  0.100  0.120   -0.36316E-02
  1.000  0.120  0.120   -0.35185E-02
  1.000  0.140  0.120   -0.32560E-02
  1.000  0.160  0.120   -0.27904E-02
  1.000  0.180  0.120   -0.20729E-02
  1.000  0.200  0.120   -0.10797E-02
  1.000  0.220  0.120    0.15985E-03
  1.000  0.240  0.120    0.15362E-02
  1.000  0.260  0.120    0.28455E-02
  1.000  0.280  0.120    0.38087E-02
  1.000  0.300  0.120    0.41360E-02
  1.000  0.320  0.120    0.36286E-02
  1.000  0.340  0.120    0.22781E-02
  1.000  0.360  0.120    0.31098E-03
  1.000  0.380  0.120   -0.18629E-02
  1.000  0.400  0.120   -0.37884E-02
  1.000  0.420  0.120   -0.51325E-02
  1.000  0.440  0.120   -0.57994E-02
  1.000  0.460  0.120   -0.59376E-02
  1.000  0.480  0.120   -0.58370E-02
  1.000  0.500  0.120   -0.57673E-02
  1.000  0.520  0.120   -0.58370E-02
  1.000  0.540  0.120   -0.59376E-02
  1.000  0.560  0.120   -0.57994E-02
  1.000  0.580  0.120   -0.51325E-02
  1.000  0.600  0.120   -0.37884E-02
  1.000  0.620  0.120   -0.18629E-02
  1.000  0.640  0.120    0.31098E-03
  1.000  0.660  0.120    0.22781E-02
  1.000  0.680  0.120    0.36286E-02
  1.000  0.700  0.120    0.41360E-02
  1.000  0.720  0.120    0.38087E-02
  1.000  0.740  0.120    0.28455E-02
  1.000  0.760  0.120    0.15362E-02
  1.000  0.780  0.120    0.15985E-03
  1.000  0.800  0.120   -0.10797E-02
  1.000  0.820  0.120   -0.20729E-02
  1.000  0.840  0.120   -0.27904E-02
  1.000  0.860  0.120   -0.32560E-02
  1.000  0.880  0.120   -0.35185E-02
  1.000  0.900  0.120   -0.36316E-02
  1.000  0.920  0.120   -0.36409E-02
  1.000  0.940  0.120   -0.35779E-02
  1.000  0.960  0.120   -0.34589E-02
  1.000  0.980  0.120   -0.32872E-02
  1.000  1.000  0.120   -0.30583E-02
  1.000  0.000  0.140   -0.23488E-02
  1.000  0.020  0.140   -0.27259E-02
  1.000  0.040  0.140   -0.30284E-02
  1.000  0.060  0.140   -0.32491E-02
  1.000  0.080  0.140   -0.33765E-02
  1.000  0.100  0.140   -0.33894E-02
  1.000  0.120  0.140   -0.32560E-02
  1.000  0.140  0.140   -0.29374E-02
  1.000  0.160  0.140   -0.23960E-02
  1.000  0.180  0.140   -0.16069E-02
  1.000  0.200  0.140   -0.57336E-03
  1.000  0.220  0.140    0.65662E-03
  1.000  0.240  0.140    0.19738E-02
  1.000  0.260  0.140    0.31986E-02
  1.000  0.280  0.140    0.40932E-02
  1.000  0.300  0.140    0.44058E-02
  1.000  0.320  0.140    0.39518E-02
  1.000  0.340  0.140    0.27028E-02
  1.000  0.360  0.140    0.84110E-03
  1.000  0.380  0.140   -0.12683E-02
  1.000  0.400  0.140   -0.31928E-02
  1.000  0.420  0.140   -0.45915E-02
  1.000  0.440  0.140   -0.53400E-02
  1.000  0.460  0.140   -0.55559E-02
  1.000  0.480  0.140   -0.55076E-02
  1.000  0.500  0.140   -0.54561E-02
  1.000  0.520  0.140   -0.55076E-02
  1.000  0.540  0.140   -0.55559E-02
  1.000  0.560  0.140   -0.53400E-02
  1.000  0.580  0.140   -0.45915E-02
  1.000  0.600  0.140   -0.31928E-02
  1.000  0.620  0.140   -0.12683E-02
  1.000  0.640  0.140    0.84110E-03
  1.000  0.660  0.140    0.27028E-02
  1.000  0.680  0.140    0.39518E-02
  1.000  0.700  0.140    0.44058E-02
  1.000  0.720  0.140    0.40932E-02
  1.000  0.740  0.140    0.31986E-02
  1.000  0.760  0.140    0.19738E-02
  1.000  0.780  0.140    0.65662E-03
  1.000  0.800  0.140   -0.57336E-03
  1.000  0.820  0.140   -0.16069E-02
  1.000  0.840  0.140   -0.23960E-02
  1.000  0.860  0.140   -0.29374E-02
  1.000  0.880  0.140   -0.32560E-02
  1.000  0.900  0.140   -0.33894E-02
  1.000  0.920  0.140   -0.33765E-02
  1.000  0.940  0.140   -0.32491E-02
  1.000  0.960  0.140   -0.30284E-02
  1.000  0.980  0.140   -0.27259E-02
  1.000  1.000  0.140   -0.23488E-02
  1.000  0.000  0.160   -0.16202E-02
  1.000  0.020  0.160   -0.21050E-02
  1.000  0.040  0.160   -0.25090E-02
  1.000  0.060  0.160   -0.28049E-02
  1.000  0.080  0.160   -0.29683E-02
  1.000  0.100  0.160   -0.29729E-02
  1.000  0.120  0.160   -0.27904E-02
  1.000  0.140  0.160   -0.23960E-02
  1.000  0.160  0.160   -0.17756E-02
  1.000  0.180  0.160   -0.93519E-03
  1.000  0.200  0.160    0.92755E-04
  1.000  0.220  0.160    0.12436E-02
  1.000  0.240  0.160    0.24154E-02
  1.000  0.260  0.160    0.34649E-02
  1.000  0.280  0.160    0.42094E-02
  1.000  0.300  0.160    0.44507E-02
  1.000  0.320  0.160    0.40296E-02
  1.000  0.340  0.160    0.29017E-02
  1.000  0.360  0.160    0.11972E-02
  1.000  0.380  0.160   -0.78058E-03
  1.000  0.400  0.160   -0.26420E-02
  1.000  0.420  0.160   -0.40536E-02
  1.000  0.440  0.160   -0.48679E-02
  1.000  0.460  0.160   -0.51645E-02
  1.000  0.480  0.160   -0.51786E-02
  1.000  0.500  0.160   -0.51501E-02
  1.000  0.520  0.160   -0.51786E-02
  1.000  0.540  0.160   -0.51645E-02
  1.000  0.560  0.160   -0.48679E-02
  1.000  0.580  0.160   -0.40536E-02
  1.000  0.600  0.160   -0.26420E-02
  1.000  0.620  0.160   -0.78058E-03
  1.000  0.640  0.160    0.11972E-02
  1.000  0.660  0.160    0.29017E-02
  1.000  0.680  0.160    0.40296E-02
  1.000  0.700  0.160    0.44507E-02
  1.000  0.720  0.160    0.42094E-02
  1.000  0.740  0.160    0.34649E-02
  1.000  0.760  0.160    0.24154E-02
  1.000  0.780  0.160    0.12436E-02
  1.000  0.800  0.160    0.92755E-04
  1.000  0.820  0.160   -0.93519E-03
  1.000  0.840  0.160   -0.17756E-02
  1.000  0.860  0.160   -0.23960E-02
  1.000  0.880  0.160   -0.27904E-02
  1.000  0.900  0.160   -0.29729E-02
  1.000  0.920  0.160   -0.29683E-02
  1.000  0.940  0.160   -0.28049E-02
  1.000  0.960  0.160   -0.25090E-02
  1.000  0.980  0.160   -0.21050E-02
  1.000  1.000  0.160   -0.16202E-02
  1.000  0.000  0.180   -0.92513E-03
  1.000  0.020  0.180   -0.14333E-02
  1.000  0.040  0.180   -0.18744E-02
  1.000  0.060  0.180   -0.21945E-02
  1.000  0.080  0.180   -0.23533E-02
  1.000  0.100  0.180   -0.23196E-02
  1.000  0.120  0.180   -0.20729E-02
  1.000  0.140  0.180   -0.16069E-02
  1.000  0.160  0.180   -0.93519E-03
  1.000  0.180  0.180   -0.93723E-04
  1.000  0.200  0.180    0.86070E-03
  1.000  0.220  0.180    0.18557E-02
  1.000  0.240  0.180    0.28070E-02
  1.000  0.260  0.180    0.36157E-02
  1.000  0.280  0.180    0.41614E-02
  1.000  0.300  0.180    0.43041E-02
  1.000  0.320  0.180    0.39136E-02
  1.000  0.340  0.180    0.29293E-02
  1.000  0.360  0.180    0.14247E-02
  1.000  0.380  0.180   -0.36952E-03
  1.000  0.400  0.180   -0.21205E-02
  1.000  0.420  0.180   -0.35142E-02
  1.000  0.440  0.180   -0.43835E-02
  1.000  0.460  0.180   -0.47660E-02
  1.000  0.480  0.180   -0.48524E-02
  1.000  0.500  0.180   -0.48515E-02
  1.000  0.520  0.180   -0.48524E-02
  1.000  0.540  0.180   -0.47660E-02
  1.000  0.560  0.180   -0.43835E-02
  1.000  0.580  0.180   -0.35142E-02
  1.000  0.600  0.180   -0.21205E-02
  1.000  0.620  0.180   -0.36952E-03
  1.000  0.640  0.180    0.14247E-02
  1.000  0.660  0.180    0.29293E-02
  1.000  0.680  0.180    0.39136E-02
  1.000  0.700  0.180    0.43041E-02
  1.000  0.720  0.180    0.41614E-02
  1.000  0.740  0.180    0.36157E-02
  1.000  0.760  0.180    0.28070E-02
  1.000  0.780  0.180    0.18557E-02
  1.000  0.800  0.180    0.86070E-03
  1.000  0.820  0.180   -0.93723E-04
  1.000  0.840  0.180   -0.93519E-03
  1.000  0.860  0.180   -0.16069E-02
  1.000  0.880  0.180   -0.20729E-02
  1.000  0.900  0.180   -0.23196E-02
  1.000  0.920  0.180   -0.23533E-02
  1.000  0.940  0.180   -0.21945E-02
  1.000  0.960  0.180   -0.18744E-02
  1.000  0.980  0.180   -0.14333E-02
  1.000  1.000  0.180   -0.92513E-03
  1.000  0.000  0.200   -0.35719E-03
  1.000  0.020  0.200   -0.75450E-03
  1.000  0.040  0.200   -0.11253E-02
  1.000  0.060  0.200   -0.13887E-02
  1.000  0.080  0.200   -0.14880E-02
  1.000  0.100  0.200   -0.13889E-02
  1.000  0.120  0.200   -0.10797E-02
  1.000  0.140  0.200   -0.57336E-03
  1.000  0.160  0.200    0.92755E-04
  1.000  0.180  0.200    0.86070E-03
  1.000  0.200  0.200    0.16616E-02
  1.000  0.220  0.200    0.24283E-02
  1.000  0.240  0.200    0.31037E-02
  1.000  0.260  0.200    0.36375E-02
  1.000  0.280  0.200    0.39696E-02
  1.000  0.300  0.200    0.40141E-02
  1.000  0.320  0.200    0.36662E-02
  1.000  0.340  0.200    0.28478E-02
  1.000  0.360  0.200    0.15739E-02
  1.000  0.380  0.200   -0.19140E-05
  1.000  0.400  0.200   -0.16111E-02
  1.000  0.420  0.200   -0.29666E-02
  1.000  0.440  0.200   -0.38853E-02
  1.000  0.460  0.200   -0.43595E-02
  1.000  0.480  0.200   -0.45274E-02
  1.000  0.500  0.200   -0.45585E-02
  1.000  0.520  0.200   -0.45274E-02
  1.000  0.540  0.200   -0.43595E-02
  1.000  0.560  0.200   -0.38853E-02
  1.000  0.580  0.200   -0.29666E-02
  1.000  0.600  0.200   -0.16111E-02
  1.000  0.620  0.200   -0.19140E-05
  1.000  0.640  0.200    0.15739E-02
  1.000  0.660  0.200    0.28478E-02
  1.000  0.680  0.200    0.36662E-02
  1.000  0.700  0.200    0.40141E-02
  1.000  0.720  0.200    0.39696E-02
  1.000  0.740  0.200    0.36375E-02
  1.000  0.760  0.200    0.31037E-02
  1.000  0.780  0.200    0.24283E-02
  1.000  0.800  0.200    0.16616E-02
  1.000  0.820  0.200    0.86070E-03
  1.000  0.840  0.200    0.92755E-04
  1.000  0.860  0.200   -0.57336E-03
  1.000  0.880  0.200   -0.10797E-02
  1.000  0.900  0.200   -0.13889E-02
  1.000  0.920  0.200   -0.14880E-02
  1.000  0.940  0.200   -0.13887E-02
  1.000  0.960  0.200   -0.11253E-02
  1.000  0.980  0.200   -0.75450E-03
  1.000  1.000  0.200   -0.35719E-03
  1.000  0.000  0.220   -0.43745E-04
  1.000  0.020  0.220   -0.15828E-03
  1.000  0.040  0.220   -0.31476E-03
  1.000  0.060  0.220   -0.41344E-03
  1.000  0.080  0.220   -0.38600E-03
  1.000  0.100  0.220   -0.19629E-03
  1.000  0.120  0.220    0.15985E-03
  1.000  0.140  0.220    0.65662E-03
  1.000  0.160  0.220    0.12436E-02
  1.000  0.180  0.220    0.18557E-02
  1.000  0.200  0.220    0.24283E-02
  1.000  0.220  0.220    0.29127E-02
  1.000  0.240  0.220    0.32859E-02
  1.000  0.260  0.220    0.35437E-02
  1.000  0.280  0.220    0.36776E-02
  1.000  0.300  0.220    0.36451E-02
  1.000  0.320  0.220    0.33600E-02
  1.000  0.340  0.220    0.27248E-02
  1.000  0.360  0.220    0.16983E-02
  1.000  0.380  0.220    0.35812E-03
  1.000  0.400  0.220   -0.10934E-02
  1.000  0.420  0.220   -0.24004E-02
  1.000  0.440  0.220   -0.33669E-02
  1.000  0.460  0.220   -0.39386E-02
  1.000  0.480  0.220   -0.41956E-02
  1.000  0.500  0.220   -0.42621E-02
  1.000  0.520  0.220   -0.41956E-02
  1.000  0.540  0.220   -0.39386E-02
  1.000  0.560  0.220   -0.33669E-02
  1.000  0.580  0.220   -0.24004E-02
  1.000  0.600  0.220   -0.10934E-02
  1.000  0.620  0.220    0.35812E-03
  1.000  0.640  0.220    0.16983E-02
  1.000  0.660  0.220    0.27248E-02
  1.000  0.680  0.220    0.33600E-02
  1.000  0.700  0.220    0.36451E-02
  1.000  0.720  0.220    0.36776E-02
  1.000  0.740  0.220    0.35437E-02
  1.000  0.760  0.220    0.32859E-02
  1.000  0.780  0.220    0.29127E-02
  1.000  0.800  0.220    0.24283E-02
  1.000  0.820  0.220    0.18557E-02
  1.000  0.840  0.220    0.12436E-02
  1.000  0.860  0.220    0.65662E-03
  1.000  0.880  0.220    0.15985E-03
  1.000  0.900  0.220   -0.19629E-03
  1.000  0.920  0.220   -0.38600E-03
  1.000  0.940  0.220   -0.41344E-03
  1.000  0.960  0.220   -0.31476E-03
  1.000  0.980  0.220   -0.15828E-03
  1.000  1.000  0.220   -0.43745E-04
  1.000  0.000  0.240   -0.11848E-03
  1.000  0.020  0.240    0.22249E-03
  1.000  0.040  0.240    0.43383E-03
  1.000  0.060  0.240    0.61782E-03
  1.000  0.080  0.240    0.84492E-03
  1.000  0.100  0.240    0.11506E-02
  1.000  0.120  0.240    0.15362E-02
  1.000  0.140  0.240    0.19738E-02
  1.000  0.160  0.240    0.24154E-02
  1.000  0.180  0.240    0.28070E-02
  1.000  0.200  0.240    0.31037E-02
  1.000  0.220  0.240    0.32859E-02
  1.000  0.240  0.240    0.33655E-02
  1.000  0.260  0.240    0.33777E-02
  1.000  0.280  0.240    0.33521E-02
  1.000  0.300  0.240    0.32765E-02
  1.000  0.320  0.240    0.30754E-02
  1.000  0.340  0.240    0.26322E-02
  1.000  0.360  0.240    0.18549E-02
  1.000  0.380  0.240    0.75134E-03
  1.000  0.400  0.240   -0.54009E-03
  1.000  0.420  0.240   -0.17966E-02
  1.000  0.440  0.240   -0.28122E-02
  1.000  0.460  0.240   -0.34860E-02
  1.000  0.480  0.240   -0.38378E-02
  1.000  0.500  0.240   -0.39422E-02
  1.000  0.520  0.240   -0.38378E-02
  1.000  0.540  0.240   -0.34860E-02
  1.000  0.560  0.240   -0.28122E-02
  1.000  0.580  0.240   -0.17966E-02
  1.000  0.600  0.240   -0.54009E-03
  1.000  0.620  0.240    0.75134E-03
  1.000  0.640  0.240    0.18549E-02
  1.000  0.660  0.240    0.26322E-02
  1.000  0.680  0.240    0.30754E-02
  1.000  0.700  0.240    0.32765E-02
  1.000  0.720  0.240    0.33521E-02
  1.000  0.740  0.240    0.33777E-02
  1.000  0.760  0.240    0.33655E-02
  1.000  0.780  0.240    0.32859E-02
  1.000  0.800  0.240    0.31037E-02
  1.000  0.820  0.240    0.28070E-02
  1.000  0.840  0.240    0.24154E-02
  1.000  0.860  0.240    0.19738E-02
  1.000  0.880  0.240    0.15362E-02
  1.000  0.900  0.240    0.11506E-02
  1.000  0.920  0.240    0.84492E-03
  1.000  0.940  0.240    0.61782E-03
  1.000  0.960  0.240    0.43383E-03
  1.000  0.980  0.240    0.22249E-03
  1.000  1.000  0.240   -0.11848E-03
  1.000  0.000  0.260   -0.67661E-03
  1.000  0.020  0.260    0.23815E-03
  1.000  0.040  0.260    0.93472E-03
  1.000  0.060  0.260    0.14977E-02
  1.000  0.080  0.260    0.19875E-02
  1.000  0.100  0.260    0.24356E-02
  1.000  0.120  0.260    0.28455E-02
  1.000  0.140  0.260    0.31986E-02
  1.000  0.160  0.260    0.34649E-02
  1.000  0.180  0.260    0.36157E-02
  1.000  0.200  0.260    0.36375E-02
  1.000  0.220  0.260    0.35437E-02
  1.000  0.240  0.260    0.33777E-02
  1.000  0.260  0.260    0.32027E-02
  1.000  0.280  0.260    0.30728E-02
  1.000  0.300  0.260    0.29934E-02
  1.000  0.320  0.260    0.28945E-02
  1.000  0.340  0.260    0.26429E-02
  1.000  0.360  0.260    0.21041E-02
  1.000  0.380  0.260    0.12253E-02
  1.000  0.400  0.260    0.86126E-04
  1.000  0.420  0.260   -0.11236E-02
  1.000  0.440  0.260   -0.21904E-02
  1.000  0.460  0.260   -0.29694E-02
  1.000  0.480  0.260   -0.34190E-02
  1.000  0.500  0.260   -0.35626E-02
  1.000  0.520  0.260   -0.34190E-02
  1.000  0.540  0.260   -0.29694E-02
  1.000  0.560  0.260   -0.21904E-02
  1.000  0.580  0.260   -0.11236E-02
  1.000  0.600  0.260    0.86126E-04
  1.000  0.620  0.260    0.12253E-02
  1.000  0.640  0.260    0.21041E-02
  1.000  0.660  0.260    0.26429E-02
  1.000  0.680  0.260    0.28945E-02
  1.000  0.700  0.260    0.29934E-02
  1.000  0.720  0.260    0.30728E-02
  1.000  0.740  0.260    0.32027E-02
  1.000  0.760  0.260    0.33777E-02
  1.000  0.780  0.260    0.35437E-02
  1.000  0.800  0.260    0.36375E-02
  1.000  0.820  0.260    0.36157E-02
  1.000  0.840  0.260    0.34649E-02
  1.000  0.860  0.260    0.31986E-02
  1.000  0.880  0.260    0.28455E-02
  1.000  0.900  0.260    0.24356E-02
  1.000  0.920  0.260    0.19875E-02
  1.000  0.940  0.260    0.14977E-02
  1.000  0.960  0.260    0.93472E-03
  1.000  0.980  0.260    0.23815E-03
  1.000  1.000  0.260   -0.67661E-03
  1.000  0.000  0.280   -0.17271E-02
  1.000  0.020  0.280   -0.22880E-03
  1.000  0.040  0.280    0.98472E-03
  1.000  0.060  0.280    0.19636E-02
  1.000  0.080  0.280    0.27473E-02
  1.000  0.100  0.280    0.33595E-02
  1.000  0.120  0.280    0.38087E-02
  1.000  0.140  0.280    0.40932E-02
  1.000  0.160  0.280    0.42094E-02
  1.000  0.180  0.280    0.41614E-02
  1.000  0.200  0.280    0.39696E-02
  1.000  0.220  0.280    0.36776E-02
  1.000  0.240  0.280    0.33521E-02
  1.000  0.260  0.280    0.30728E-02
  1.000  0.280  0.280    0.29056E-02
  1.000  0.300  0.280    0.28653E-02
  1.000  0.320  0.280    0.28844E-02
  1.000  0.340  0.280    0.28183E-02
  1.000  0.360  0.280    0.25004E-02
  1.000  0.380  0.280    0.18278E-02
  1.000  0.400  0.280    0.82803E-03
  1.000  0.420  0.280   -0.34074E-03
  1.000  0.440  0.280   -0.14602E-02
  1.000  0.460  0.280   -0.23441E-02
  1.000  0.480  0.280   -0.28917E-02
  1.000  0.500  0.280   -0.30746E-02
  1.000  0.520  0.280   -0.28917E-02
  1.000  0.540  0.280   -0.23441E-02
  1.000  0.560  0.280   -0.14602E-02
  1.000  0.580  0.280   -0.34074E-03
  1.000  0.600  0.280    0.82803E-03
  1.000  0.620  0.280    0.18278E-02
  1.000  0.640  0.280    0.25004E-02
  1.000  0.660  0.280    0.28183E-02
  1.000  0.680  0.280    0.28844E-02
  1.000  0.700  0.280    0.28653E-02
  1.000  0.720  0.280    0.29056E-02
  1.000  0.740  0.280    0.30728E-02
  1.000  0.760  0.280    0.33521E-02
  1.000  0.780  0.280    0.36776E-02
  1.000  0.800  0.280    0.39696E-02
  1.000  0.820  0.280    0.41614E-02
  1.000  0.840  0.280    0.42094E-02
  1.000  0.860  0.280    0.40932E-02
  1.000  0.880  0.280    0.38087E-02
  1.000  0.900  0.280    0.33595E-02
  1.000  0.920  0.280    0.27473E-02
  1.000  0.940  0.280    0.19636E-02
  1.000  0.960  0.280    0.98472E-03
  1.000  0.980  0.280   -0.22880E-03
  1.000  1.000  0.280   -0.17271E-02
  1.000  0.000  0.300   -0.31647E-02
  1.000  0.020  0.300   -0.12075E-02
  1.000  0.040  0.300    0.43878E-03
  1.000  0.060  0.300    0.17833E-02
  1.000  0.080  0.300    0.28389E-02
  1.000  0.100  0.300    0.36189E-02
  1.000  0.120  0.300    0.41360E-02
  1.000  0.140  0.300    0.44058E-02
  1.000  0.160  0.300    0.44507E-02
  1.000  0.180  0.300    0.43041E-02
  1.000  0.200  0.300    0.40141E-02
  1.000  0.220  0.300    0.36451E-02
  1.000  0.240  0.300    0.32765E-02
  1.000  0.260  0.300    0.29934E-02
  1.000  0.280  0.300    0.28653E-02
  1.000  0.300  0.300    0.29107E-02
  1.000  0.320  0.300    0.30658E-02
  1.000  0.340  0.300    0.31810E-02
  1.000  0.360  0.300    0.30676E-02
  1.000  0.380  0.300    0.25835E-02
  1.000  0.400  0.300    0.17114E-02
  1.000  0.420  0.300    0.58005E-03
  1.000  0.440  0.300   -0.58969E-03
  1.000  0.460  0.300   -0.15743E-02
  1.000  0.480  0.300   -0.22161E-02
  1.000  0.500  0.300   -0.24370E-02
  1.000  0.520  0.300   -0.22161E-02
  1.000  0.540  0.300   -0.15743E-02
  1.000  0.560  0.300   -0.58969E-03
  1.000  0.580  0.300    0.58005E-03
  1.000  0.600  0.300    0.17114E-02
  1.000  0.620  0.300    0.25835E-02
  1.000  0.640  0.300    0.30676E-02
  1.000  0.660  0.300    0.31810E-02
  1.000  0.680  0.300    0.30658E-02
  1.000  0.700  0.300    0.29107E-02
  1.000  0.720  0.300    0.28653E-02
  1.000  0.740  0.300    0.29934E-02
  1.000  0.760  0.300    0.32765E-02
  1.000  0.780  0.300    0.36451E-02
  1.000  0.800  0.300    0.40141E-02
  1.000  0.820  0.300    0.43041E-02
  1.000  0.840  0.300    0.44507E-02
  1.000  0.860  0.300    0.44058E-02
  1.000  0.880  0.300    0.41360E-02
  1.000  0.900  0.300    0.36189E-02
  1.000  0.920  0.300    0.28389E-02
  1.000  0.940  0.300    0.17833E-02
  1.000  0.960  0.300    0.43878E-03
  1.000  0.980  0.300   -0.12075E-02
  1.000  1.000  0.300   -0.31647E-02
  1.000  0.000  0.320   -0.47807E-02
  1.000  0.020  0.320   -0.26023E-02
  1.000  0.040  0.320   -0.71430E-03
  1.000  0.060  0.320    0.85743E-03
  1.000  0.080  0.320    0.21018E-02
  1.000  0.100  0.320    0.30208E-02
  1.000  0.120  0.320    0.36286E-02
  1.000  0.140  0.320    0.39518E-02
  1.000  0.160  0.320    0.40296E-02
  1.000  0.180  0.320    0.39136E-02
  1.000  0.200  0.320    0.36662E-02
  1.000  0.220  0.320    0.33600E-02
  1.000  0.240  0.320    0.30754E-02
  1.000  0.260  0.320    0.28945E-02
  1.000  0.280  0.320    0.28844E-02
  1.000  0.300  0.320    0.30658E-02
  1.000  0.320  0.320    0.33805E-02
  1.000  0.340  0.320    0.36797E-02
  1.000  0.360  0.320    0.37621E-02
  1.000  0.380  0.320    0.34559E-02
  1.000  0.400  0.320    0.27062E-02
  1.000  0.420  0.320    0.16143E-02
  1.000  0.440  0.320    0.40231E-03
  1.000  0.460  0.320   -0.67310E-03
  1.000  0.480  0.320   -0.14016E-02
  1.000  0.500  0.320   -0.16577E-02
  1.000  0.520  0.320   -0.14016E-02
  1.000  0.540  0.320   -0.67310E-03
  1.000  0.560  0.320    0.40231E-03
  1.000  0.580  0.320    0.16143E-02
  1.000  0.600  0.320    0.27062E-02
  1.000  0.620  0.320    0.34559E-02
  1.000  0.640  0.320    0.37621E-02
  1.000  0.660  0.320    0.36797E-02
  1.000  0.680  0.320    0.33805E-02
  1.000  0.700  0.320    0.30658E-02
  1.000  0.720  0.320    0.28844E-02
  1.000  0.740  0.320    0.28945E-02
  1.000  0.760  0.320    0.30754E-02
  1.000  0.780  0.320    0.33600E-02
  1.000  0.800  0.320    0.36662E-02
  1.000  0.820  0.320    0.39136E-02
  1.000  0.840  0.320    0.40296E-02
  1.000  0.860  0.320    0.39518E-02
  1.000  0.880  0.320    0.36286E-02
  1.000  0.900  0.320    0.30208E-02
  1.000  0.920  0.320    0.21018E-02
  1.000  0.940  0.320    0.85743E-03
  1.000  0.960  0.320   -0.71430E-03
  1.000  0.980  0.320   -0.26023E-02
  1.000  1.000  0.320   -0.47807E-02
  1.000  0.000  0.340   -0.63161E-02
  1.000  0.020  0.340   -0.42005E-02
  1.000  0.040  0.340   -0.23168E-02
  1.000  0.060  0.340   -0.71067E-03
  1.000  0.080  0.340    0.59184E-03
  1.000  0.100  0.340    0.15841E-02
  1.000  0.120  0.340    0.22781E-02
  1.000  0.140  0.340    0.27028E-02
  1.000  0.160  0.340    0.29017E-02
  1.000  0.180  0.340    0.29293E-02
  1.000  0.200  0.340    0.28478E-02
  1.000  0.220  0.340    0.27248E-02
  1.000  0.240  0.340    0.26322E-02
  1.000  0.260  0.340    0.26429E-02
  1.000  0.280  0.340    0.28183E-02
  1.000  0.300  0.340    0.31810E-02
  1.000  0.320  0.340    0.36797E-02
  1.000  0.340  0.340    0.41712E-02
  1.000  0.360  0.340    0.44484E-02
  1.000  0.380  0.340    0.43170E-02
  1.000  0.400  0.340    0.36907E-02
  1.000  0.420  0.340    0.26464E-02
  1.000  0.440  0.340    0.14055E-02
  1.000  0.460  0.340    0.25394E-03
  1.000  0.480  0.340   -0.55000E-03
  1.000  0.500  0.340   -0.83716E-03
  1.000  0.520  0.340   -0.55000E-03
  1.000  0.540  0.340    0.25394E-03
  1.000  0.560  0.340    0.14055E-02
  1.000  0.580  0.340    0.26464E-02
  1.000  0.600  0.340    0.36907E-02
  1.000  0.620  0.340    0.43170E-02
  1.000  0.640  0.340    0.44484E-02
  1.000  0.660  0.340    0.41712E-02
  1.000  0.680  0.340    0.36797E-02
  1.000  0.700  0.340    0.31810E-02
  1.000  0.720  0.340    0.28183E-02
  1.000  0.740  0.340    0.26429E-02
  1.000  0.760  0.340    0.26322E-02
  1.000  0.780  0.340    0.27248E-02
  1.000  0.800  0.340    0.28478E-02
  1.000  0.820  0.340    0.29293E-02
  1.000  0.840  0.340    0.29017E-02
  1.000  0.860  0.340    0.27028E-02
  1.000  0.880  0.340    0.22781E-02
  1.000  0.900  0.340    0.15841E-02
  1.000  0.920  0.340    0.59184E-03
  1.000  0.940  0.340   -0.71067E-03
  1.000  0.960  0.340   -0.23168E-02
  1.000  0.980  0.340   -0.42005E-02
  1.000  1.000  0.340   -0.63161E-02
  1.000  0.000  0.360   -0.75372E-02
  1.000  0.020  0.360   -0.57285E-02
  1.000  0.040  0.360   -0.40750E-02
  1.000  0.060  0.360   -0.26242E-02
  1.000  0.080  0.360   -0.14057E-02
  1.000  0.100  0.360   -0.42992E-03
  1.000  0.120  0.360    0.31098E-03
  1.000  0.140  0.360    0.84110E-03
  1.000  0.160  0.360    0.11972E-02
  1.000  0.180  0.360    0.14247E-02
  1.000  0.200  0.360    0.15739E-02
  1.000  0.220  0.360    0.16983E-02
  1.000  0.240  0.360    0.18549E-02
  1.000  0.260  0.360    0.21041E-02
  1.000  0.280  0.360    0.25004E-02
  1.000  0.300  0.360    0.30676E-02
  1.000  0.320  0.360    0.37621E-02
  1.000  0.340  0.360    0.44484E-02
  1.000  0.360  0.360    0.49169E-02
  1.000  0.380  0.360    0.49569E-02
  1.000  0.400  0.360    0.44553E-02
  1.000  0.420  0.360    0.34669E-02
  1.000  0.440  0.360    0.22115E-02
  1.000  0.460  0.360    0.99998E-03
  1.000  0.480  0.360    0.13312E-03
  1.000  0.500  0.360   -0.18035E-03
  1.000  0.520  0.360    0.13312E-03
  1.000  0.540  0.360    0.99998E-03
  1.000  0.560  0.360    0.22115E-02
  1.000  0.580  0.360    0.34669E-02
  1.000  0.600  0.360    0.44553E-02
  1.000  0.620  0.360    0.49569E-02
  1.000  0.640  0.360    0.49169E-02
  1.000  0.660  0.360    0.44484E-02
  1.000  0.680  0.360    0.37621E-02
  1.000  0.700  0.360    0.30676E-02
  1.000  0.720  0.360    0.25004E-02
  1.000  0.740  0.360    0.21041E-02
  1.000  0.760  0.360    0.18549E-02
  1.000  0.780  0.360    0.16983E-02
  1.000  0.800  0.360    0.15739E-02
  1.000  0.820  0.360    0.14247E-02
  1.000  0.840  0.360    0.11972E-02
  1.000  0.860  0.360    0.84110E-03
  1.000  0.880  0.360    0.31098E-03
  1.000  0.900  0.360   -0.42992E-03
  1.000  0.920  0.360   -0.14057E-02
  1.000  0.940  0.360   -0.26242E-02
  1.000  0.960  0.360   -0.40750E-02
  1.000  0.980  0.360   -0.57285E-02
  1.000  1.000  0.360   -0.75372E-02
  1.000  0.000  0.380   -0.83037E-02
  1.000  0.020  0.380   -0.69376E-02
  1.000  0.040  0.380   -0.56533E-02
  1.000  0.060  0.380   -0.44869E-02
  1.000  0.080  0.380   -0.34622E-02
  1.000  0.100  0.380   -0.25889E-02
  1.000  0.120  0.380   -0.18629E-02
  1.000  0.140  0.380   -0.12683E-02
  1.000  0.160  0.380   -0.78058E-03
  1.000  0.180  0.380   -0.36952E-03
  1.000  0.200  0.380   -0.19140E-05
  1.000  0.220  0.380    0.35812E-03
  1.000  0.240  0.380    0.75134E-03
  1.000  0.260  0.380    0.12253E-02
  1.000  0.280  0.380    0.18278E-02
  1.000  0.300  0.380    0.25835E-02
  1.000  0.320  0.380    0.34559E-02
  1.000  0.340  0.380    0.43170E-02
  1.000  0.360  0.380    0.49569E-02
  1.000  0.380  0.380    0.51515E-02
  1.000  0.400  0.380    0.47649E-02
  1.000  0.420  0.380    0.38322E-02
  1.000  0.440  0.380    0.25704E-02
  1.000  0.460  0.380    0.13111E-02
  1.000  0.480  0.380    0.39196E-03
  1.000  0.500  0.380    0.56359E-04
  1.000  0.520  0.380    0.39196E-03
  1.000  0.540  0.380    0.13111E-02
  1.000  0.560  0.380    0.25704E-02
  1.000  0.580  0.380    0.38322E-02
  1.000  0.600  0.380    0.47649E-02
  1.000  0.620  0.380    0.51515E-02
  1.000  0.640  0.380    0.49569E-02
  1.000  0.660  0.380    0.43170E-02
  1.000  0.680  0.380    0.34559E-02
  1.000  0.700  0.380    0.25835E-02
  1.000  0.720  0.380    0.18278E-02
  1.000  0.740  0.380    0.12253E-02
  1.000  0.760  0.380    0.75134E-03
  1.000  0.780  0.380    0.35812E-03
  1.000  0.800  0.380   -0.19140E-05
  1.000  0.820  0.380   -0.36952E-03
  1.000  0.840  0.380   -0.78058E-03
  1.000  0.860  0.380   -0.12683E-02
  1.000  0.880  0.380   -0.18629E-02
  1.000  0.900  0.380   -0.25889E-02
  1.000  0.920  0.380   -0.34622E-02
  1.000  0.940  0.380   -0.44869E-02
  1.000  0.960  0.380   -0.56533E-02
  1.000  0.980  0.380   -0.69376E-02
  1.000  1.000  0.380   -0.83037E-02
  1.000  0.000  0.400   -0.85988E-02
  1.000  0.020  0.400   -0.76804E-02
  1.000  0.040  0.400   -0.67887E-02
  1.000  0.060  0.400   -0.59437E-02
  1.000  0.080  0.400   -0.51592E-02
  1.000  0.100  0.400   -0.44412E-02
  1.000  0.120  0.400   -0.37884E-02
  1.000  0.140  0.400   -0.31928E-02
  1.000  0.160  0.400   -0.26420E-02
  1.000  0.180  0.400   -0.21205E-02
  1.000  0.200  0.400   -0.16111E-02
  1.000  0.220  0.400   -0.10934E-02
  1.000  0.240  0.400   -0.54009E-03
  1.000  0.260  0.400    0.86126E-04
  1.000  0.280  0.400    0.82803E-03
  1.000  0.300  0.400    0.17114E-02
  1.000  0.320  0.400    0.27062E-02
  1.000  0.340  0.400    0.36907E-02
  1.000  0.360  0.400    0.44553E-02
  1.000  0.380  0.400    0.47649E-02
  1.000  0.400  0.400    0.44645E-02
  1.000  0.420  0.400    0.35712E-02
  1.000  0.440  0.400    0.22988E-02
  1.000  0.460  0.400    0.99569E-03
  1.000  0.480  0.400    0.30144E-04
  1.000  0.500  0.400   -0.32495E-03
  1.000  0.520  0.400    0.30144E-04
  1.000  0.540  0.400    0.99569E-03
  1.000  0.560  0.400    0.22988E-02
  1.000  0.580  0.400    0.35712E-02
  1.000  0.600  0.400    0.44645E-02
  1.000  0.620  0.400    0.47649E-02
  1.000  0.640  0.400    0.44553E-02
  1.000  0.660  0.400    0.36907E-02
  1.000  0.680  0.400    0.27062E-02
  1.000  0.700  0.400    0.17114E-02
  1.000  0.720  0.400    0.82803E-03
  1.000  0.740  0.400    0.86126E-04
  1.000  0.760  0.400   -0.54009E-03
  1.000  0.780  0.400   -0.10934E-02
  1.000  0.800  0.400   -0.16111E-02
  1.000  0.820  0.400   -0.21205E-02
  1.000  0.840  0.400   -0.26420E-02
  1.000  0.860  0.400   -0.31928E-02
  1.000  0.880  0.400   -0.37884E-02
  1.000  0.900  0.400   -0.44412E-02
  1.000  0.920  0.400   -0.51592E-02
  1.000  0.940  0.400   -0.59437E-02
  1.000  0.960  0.400   -0.67887E-02
  1.000  0.980  0.400   -0.76804E-02
  1.000  1.000  0.400   -0.85988E-02
  1.000  0.000  0.420   -0.85164E-02
  1.000  0.020  0.420   -0.79481E-02
  1.000  0.040  0.420   -0.73748E-02
  1.000  0.060  0.420   -0.68029E-02
  1.000  0.080  0.420   -0.62372E-02
  1.000  0.100  0.420   -0.56804E-02
  1.000  0.120  0.420   -0.51325E-02
  1.000  0.140  0.420   -0.45915E-02
  1.000  0.160  0.420   -0.40536E-02
  1.000  0.180  0.420   -0.35142E-02
  1.000  0.200  0.420   -0.29666E-02
  1.000  0.220  0.420   -0.24004E-02
  1.000  0.240  0.420   -0.17966E-02
  1.000  0.260  0.420   -0.11236E-02
  1.000  0.280  0.420   -0.34074E-03
  1.000  0.300  0.420    0.58005E-03
  1.000  0.320  0.420    0.16143E-02
  1.000  0.340  0.420    0.26464E-02
  1.000  0.360  0.420    0.34669E-02
  1.000  0.380  0.420    0.38322E-02
  1.000  0.400  0.420    0.35712E-02
  1.000  0.420  0.420    0.26863E-02
  1.000  0.440  0.420    0.13874E-02
  1.000  0.460  0.420    0.35995E-04
  1.000  0.480  0.420   -0.97492E-03
  1.000  0.500  0.420   -0.13484E-02
  1.000  0.520  0.420   -0.97492E-03
  1.000  0.540  0.420    0.35995E-04
  1.000  0.560  0.420    0.13874E-02
  1.000  0.580  0.420    0.26863E-02
  1.000  0.600  0.420    0.35712E-02
  1.000  0.620  0.420    0.38322E-02
  1.000  0.640  0.420    0.34669E-02
  1.000  0.660  0.420    0.26464E-02
  1.000  0.680  0.420    0.16143E-02
  1.000  0.700  0.420    0.58005E-03
  1.000  0.720  0.420   -0.34074E-03
  1.000  0.740  0.420   -0.11236E-02
  1.000  0.760  0.420   -0.17966E-02
  1.000  0.780  0.420   -0.24004E-02
  1.000  0.800  0.420   -0.29666E-02
  1.000  0.820  0.420   -0.35142E-02
  1.000  0.840  0.420   -0.40536E-02
  1.000  0.860  0.420   -0.45915E-02
  1.000  0.880  0.420   -0.51325E-02
  1.000  0.900  0.420   -0.56804E-02
  1.000  0.920  0.420   -0.62372E-02
  1.000  0.940  0.420   -0.68029E-02
  1.000  0.960  0.420   -0.73748E-02
  1.000  0.980  0.420   -0.79481E-02
  1.000  1.000  0.420   -0.85164E-02
  1.000  0.000  0.440   -0.82141E-02
  1.000  0.020  0.440   -0.78554E-02
  1.000  0.040  0.440   -0.74800E-02
  1.000  0.060  0.440   -0.70861E-02
  1.000  0.080  0.440   -0.66739E-02
  1.000  0.100  0.440   -0.62445E-02
  1.000  0.120  0.440   -0.57994E-02
  1.000  0.140  0.440   -0.53400E-02
  1.000  0.160  0.440   -0.48679E-02
  1.000  0.180  0.440   -0.43835E-02
  1.000  0.200  0.440   -0.38853E-02
  1.000  0.220  0.440   -0.33669E-02
  1.000  0.240  0.440   -0.28122E-02
  1.000  0.260  0.440   -0.21904E-02
  1.000  0.280  0.440   -0.14602E-02
  1.000  0.300  0.440   -0.58969E-03
  1.000  0.320  0.440    0.40231E-03
  1.000  0.340  0.440    0.14055E-02
  1.000  0.360  0.440    0.22115E-02
  1.000  0.380  0.440    0.25704E-02
  1.000  0.400  0.440    0.22988E-02
  1.000  0.420  0.440    0.13874E-02
  1.000  0.440  0.440    0.43002E-04
  1.000  0.460  0.440   -0.13637E-02
  1.000  0.480  0.440   -0.24204E-02
  1.000  0.500  0.440   -0.28117E-02
  1.000  0.520  0.440   -0.24204E-02
  1.000  0.540  0.440   -0.13637E-02
  1.000  0.560  0.440    0.43002E-04
  1.000  0.580  0.440    0.13874E-02
  1.000  0.600  0.440    0.22988E-02
  1.000  0.620  0.440    0.25704E-02
  1.000  0.640  0.440    0.22115E-02
  1.000  0.660  0.440    0.14055E-02
  1.000  0.680  0.440    0.40231E-03
  1.000  0.700  0.440   -0.58969E-03
  1.000  0.720  0.440   -0.14602E-02
  1.000  0.740  0.440   -0.21904E-02
  1.000  0.760  0.440   -0.28122E-02
  1.000  0.780  0.440   -0.33669E-02
  1.000  0.800  0.440   -0.38853E-02
  1.000  0.820  0.440   -0.43835E-02
  1.000  0.840  0.440   -0.48679E-02
  1.000  0.860  0.440   -0.53400E-02
  1.000  0.880  0.440   -0.57994E-02
  1.000  0.900  0.440   -0.62445E-02
  1.000  0.920  0.440   -0.66739E-02
  1.000  0.940  0.440   -0.70861E-02
  1.000  0.960  0.440   -0.74800E-02
  1.000  0.980  0.440   -0.78554E-02
  1.000  1.000  0.440   -0.82141E-02
  1.000  0.000  0.460   -0.78597E-02
  1.000  0.020  0.460   -0.75879E-02
  1.000  0.040  0.460   -0.72990E-02
  1.000  0.060  0.460   -0.69892E-02
  1.000  0.080  0.460   -0.66577E-02
  1.000  0.100  0.460   -0.63061E-02
  1.000  0.120  0.460   -0.59376E-02
  1.000  0.140  0.460   -0.55559E-02
  1.000  0.160  0.460   -0.51645E-02
  1.000  0.180  0.460   -0.47660E-02
  1.000  0.200  0.460   -0.43595E-02
  1.000  0.220  0.460   -0.39386E-02
  1.000  0.240  0.460   -0.34860E-02
  1.000  0.260  0.460   -0.29694E-02
  1.000  0.280  0.460   -0.23441E-02
  1.000  0.300  0.460   -0.15743E-02
  1.000  0.320  0.460   -0.67310E-03
  1.000  0.340  0.460    0.25394E-03
  1.000  0.360  0.460    0.99998E-03
  1.000  0.380  0.460    0.13111E-02
  1.000  0.400  0.460    0.99569E-03
  1.000  0.420  0.460    0.35995E-04
  1.000  0.440  0.460   -0.13637E-02
  1.000  0.460  0.460   -0.28258E-02
  1.000  0.480  0.460   -0.39248E-02
  1.000  0.500  0.460   -0.43321E-02
  1.000  0.520  0.460   -0.39248E-02
  1.000  0.540  0.460   -0.28258E-02
  1.000  0.560  0.460   -0.13637E-02
  1.000  0.580  0.460    0.35995E-04
  1.000  0.600  0.460    0.99569E-03
  1.000  0.620  0.460    0.13111E-02
  1.000  0.640  0.460    0.99998E-03
  1.000  0.660  0.460    0.25394E-03
  1.000  0.680  0.460   -0.67310E-03
  1.000  0.700  0.460   -0.15743E-02
  1.000  0.720  0.460   -0.23441E-02
  1.000  0.740  0.460   -0.29694E-02
  1.000  0.760  0.460   -0.34860E-02
  1.000  0.780  0.460   -0.39386E-02
  1.000  0.800  0.460   -0.43595E-02
  1.000  0.820  0.460   -0.47660E-02
  1.000  0.840  0.460   -0.51645E-02
  1.000  0.860  0.460   -0.55559E-02
  1.000  0.880  0.460   -0.59376E-02
  1.000  0.900  0.460   -0.63061E-02
  1.000  0.920  0.460   -0.66577E-02
  1.000  0.940  0.460   -0.69892E-02
  1.000  0.960  0.460   -0.72990E-02
  1.000  0.980  0.460   -0.75879E-02
  1.000  1.000  0.460   -0.78597E-02
  1.000  0.000  0.480   -0.75901E-02
  1.000  0.020  0.480   -0.73351E-02
  1.000  0.040  0.480   -0.70664E-02
  1.000  0.060  0.480   -0.67807E-02
  1.000  0.080  0.480   -0.64783E-02
  1.000  0.100  0.480   -0.61622E-02
  1.000  0.120  0.480   -0.58370E-02
  1.000  0.140  0.480   -0.55076E-02
  1.000  0.160  0.480   -0.51786E-02
  1.000  0.180  0.480   -0.48524E-02
  1.000  0.200  0.480   -0.45274E-02
  1.000  0.220  0.480   -0.41956E-02
  1.000  0.240  0.480   -0.38378E-02
  1.000  0.260  0.480   -0.34190E-02
  1.000  0.280  0.480   -0.28917E-02
  1.000  0.300  0.480   -0.22161E-02
  1.000  0.320  0.480   -0.14016E-02
  1.000  0.340  0.480   -0.55000E-03
  1.000  0.360  0.480    0.13312E-03
  1.000  0.380  0.480    0.39196E-03
  1.000  0.400  0.480    0.30144E-04
  1.000  0.420  0.480   -0.97492E-03
  1.000  0.440  0.480   -0.24204E-02
  1.000  0.460  0.480   -0.39248E-02
  1.000  0.480  0.480   -0.50546E-02
  1.000  0.500  0.480   -0.54732E-02
  1.000  0.520  0.480   -0.50546E-02
  1.000  0.540  0.480   -0.39248E-02
  1.000  0.560  0.480   -0.24204E-02
  1.000  0.580  0.480   -0.97492E-03
  1.000  0.600  0.480    0.30144E-04
  1.000  0.620  0.480    0.39196E-03
  1.000  0.640  0.480    0.13312E-03
  1.000  0.660  0.480   -0.55000E-03
  1.000  0.680  0.480   -0.14016E-02
  1.000  0.700  0.480   -0.22161E-02
  1.000  0.720  0.480   -0.28917E-02
  1.000  0.740  0.480   -0.34190E-02
  1.000  0.760  0.480   -0.38378E-02
  1.000  0.780  0.480   -0.41956E-02
  1.000  0.800  0.480   -0.45274E-02
  1.000  0.820  0.480   -0.48524E-02
  1.000  0.840  0.480   -0.51786E-02
  1.000  0.860  0.480   -0.55076E-02
  1.000  0.880  0.480   -0.58370E-02
  1.000  0.900  0.480   -0.61622E-02
  1.000  0.920  0.480   -0.64783E-02
  1.000  0.940  0.480   -0.67807E-02
  1.000  0.960  0.480   -0.70664E-02
  1.000  0.980  0.480   -0.73351E-02
  1.000  1.000  0.480   -0.75901E-02
  1.000  0.000  0.500   -0.74907E-02
  1.000  0.020  0.500   -0.72344E-02
  1.000  0.040  0.500   -0.69659E-02
  1.000  0.060  0.500   -0.66828E-02
  1.000  0.080  0.500   -0.63860E-02
  1.000  0.100  0.500   -0.60791E-02
  1.000  0.120  0.500   -0.57673E-02
  1.000  0.140  0.500   -0.54561E-02
  1.000  0.160  0.500   -0.51501E-02
  1.000  0.180  0.500   -0.48515E-02
  1.000  0.200  0.500   -0.45585E-02
  1.000  0.220  0.500   -0.42621E-02
  1.000  0.240  0.500   -0.39422E-02
  1.000  0.260  0.500   -0.35626E-02
  1.000  0.280  0.500   -0.30746E-02
  1.000  0.300  0.500   -0.24370E-02
  1.000  0.320  0.500   -0.16577E-02
  1.000  0.340  0.500   -0.83716E-03
  1.000  0.360  0.500   -0.18035E-03
  1.000  0.380  0.500    0.56359E-04
  1.000  0.400  0.500   -0.32495E-03
  1.000  0.420  0.500   -0.13484E-02
  1.000  0.440  0.500   -0.28117E-02
  1.000  0.460  0.500   -0.43321E-02
  1.000  0.480  0.500   -0.54732E-02
  1.000  0.500  0.500   -0.58960E-02
  1.000  0.520  0.500   -0.54732E-02
  1.000  0.540  0.500   -0.43321E-02
  1.000  0.560  0.500   -0.28117E-02
  1.000  0.580  0.500   -0.13484E-02
  1.000  0.600  0.500   -0.32495E-03
  1.000  0.620  0.500    0.56359E-04
  1.000  0.640  0.500   -0.18035E-03
  1.000  0.660  0.500   -0.83716E-03
  1.000  0.680  0.500   -0.16577E-02
  1.000  0.700  0.500   -0.24370E-02
  1.000  0.720  0.500   -0.30746E-02
  1.000  0.740  0.500   -0.35626E-02
  1.000  0.760  0.500   -0.39422E-02
  1.000  0.780  0.500   -0.42621E-02
  1.000  0.800  0.500   -0.45585E-02
  1.000  0.820  0.500   -0.48515E-02
  1.000  0.840  0.500   -0.51501E-02
  1.000  0.860  0.500   -0.54561E-02
  1.000  0.880  0.500   -0.57673E-02
  1.000  0.900  0.500   -0.60791E-02
  1.000  0.920  0.500   -0.63860E-02
  1.000  0.940  0.500   -0.66828E-02
  1.000  0.960  0.500   -0.69659E-02
  1.000  0.980  0.500   -0.72344E-02
  1.000  1.000  0.500   -0.74907E-02
  1.000  0.000  0.520   -0.75901E-02
  1.000  0.020  0.520   -0.73351E-02
  1.000  0.040  0.520   -0.70664E-02
  1.000  0.060  0.520   -0.67807E-02
  1.000  0.080  0.520   -0.64783E-02
  1.000  0.100  0.520   -0.61622E-02
  1.000  0.120  0.520   -0.58370E-02
  1.000  0.140  0.520   -0.55076E-02
  1.000  0.160  0.520   -0.51786E-02
  1.000  0.180  0.520   -0.48524E-02
  1.000  0.200  0.520   -0.45274E-02
  1.000  0.220  0.520   -0.41956E-02
  1.000  0.240  0.520   -0.38378E-02
  1.000  0.260  0.520   -0.34190E-02
  1.000  0.280  0.520   -0.28917E-02
  1.000  0.300  0.520   -0.22161E-02
  1.000  0.320  0.520   -0.14016E-02
  1.000  0.340  0.520   -0.55000E-03
  1.000  0.360  0.520    0.13312E-03
  1.000  0.380  0.520    0.39196E-03
  1.000  0.400  0.520    0.30144E-04
  1.000  0.420  0.520   -0.97492E-03
  1.000  0.440  0.520   -0.24204E-02
  1.000  0.460  0.520   -0.39248E-02
  1.000  0.480  0.520   -0.50546E-02
  1.000  0.500  0.520   -0.54732E-02
  1.000  0.520  0.520   -0.50546E-02
  1.000  0.540  0.520   -0.39248E-02
  1.000  0.560  0.520   -0.24204E-02
  1.000  0.580  0.520   -0.97492E-03
  1.000  0.600  0.520    0.30144E-04
  1.000  0.620  0.520    0.39196E-03
  1.000  0.640  0.520    0.13312E-03
  1.000  0.660  0.520   -0.55000E-03
  1.000  0.680  0.520   -0.14016E-02
  1.000  0.700  0.520   -0.22161E-02
  1.000  0.720  0.520   -0.28917E-02
  1.000  0.740  0.520   -0.34190E-02
  1.000  0.760  0.520   -0.38378E-02
  1.000  0.780  0.520   -0.41956E-02
  1.000  0.800  0.520   -0.45274E-02
  1.000  0.820  0.520   -0.48524E-02
  1.000  0.840  0.520   -0.51786E-02
  1.000  0.860  0.520   -0.55076E-02
  1.000  0.880  0.520   -0.58370E-02
  1.000  0.900  0.520   -0.61622E-02
  1.000  0.920  0.520   -0.64783E-02
  1.000  0.940  0.520   -0.67807E-02
  1.000  0.960  0.520   -0.70664E-02
  1.000  0.980  0.520   -0.73351E-02
  1.000  1.000  0.520   -0.75901E-02
  1.000  0.000  0.540   -0.78597E-02
  1.000  0.020  0.540   -0.75879E-02
  1.000  0.040  0.540   -0.72990E-02
  1.000  0.060  0.540   -0.69892E-02
  1.000  0.080  0.540   -0.66577E-02
  1.000  0.100  0.540   -0.63061E-02
  1.000  0.120  0.540   -0.59376E-02
  1.000  0.140  0.540   -0.55559E-02
  1.000  0.160  0.540   -0.51645E-02
  1.000  0.180  0.540   -0.47660E-02
  1.000  0.200  0.540   -0.43595E-02
  1.000  0.220  0.540   -0.39386E-02
  1.000  0.240  0.540   -0.34860E-02
  1.000  0.260  0.540   -0.29694E-02
  1.000  0.280  0.540   -0.23441E-02
  1.000  0.300  0.540   -0.15743E-02
  1.000  0.320  0.540   -0.67310E-03
  1.000  0.340  0.540    0.25394E-03
  1.000  0.360  0.540    0.99998E-03
  1.000  0.380  0.540    0.13111E-02
  1.000  0.400  0.540    0.99569E-03
  1.000  0.420  0.540    0.35995E-04
  1.000  0.440  0.540   -0.13637E-02
  1.000  0.460  0.540   -0.28258E-02
  1.000  0.480  0.540   -0.39248E-02
  1.000  0.500  0.540   -0.43321E-02
  1.000  0.520  0.540   -0.39248E-02
  1.000  0.540  0.540   -0.28258E-02
  1.000  0.560  0.540   -0.13637E-02
  1.000  0.580  0.540    0.35995E-04
  1.000  0.600  0.540    0.99569E-03
  1.000  0.620  0.540    0.13111E-02
  1.000  0.640  0.540    0.99998E-03
  1.000  0.660  0.540    0.25394E-03
  1.000  0.680  0.540   -0.67310E-03
  1.000  0.700  0.540   -0.15743E-02
  1.000  0.720  0.540   -0.23441E-02
  1.000  0.740  0.540   -0.29694E-02
  1.000  0.760  0.540   -0.34860E-02
  1.000  0.780  0.540   -0.39386E-02
  1.000  0.800  0.540   -0.43595E-02
  1.000  0.820  0.540   -0.47660E-02
  1.000  0.840  0.540   -0.51645E-02
  1.000  0.860  0.540   -0.55559E-02
  1.000  0.880  0.540   -0.59376E-02
  1.000  0.900  0.540   -0.63061E-02
  1.000  0.920  0.540   -0.66577E-02
  1.000  0.940  0.540   -0.69892E-02
  1.000  0.960  0.540   -0.72990E-02
  1.000  0.980  0.540   -0.75879E-02
  1.000  1.000  0.540   -0.78597E-02
  1.000  0.000  0.560   -0.82141E-02
  1.000  0.020  0.560   -0.78554E-02
  1.000  0.040  0.560   -0.74800E-02
  1.000  0.060  0.560   -0.70861E-02
  1.000  0.080  0.560   -0.66739E-02
  1.000  0.100  0.560   -0.62445E-02
  1.000  0.120  0.560   -0.57994E-02
  1.000  0.140  0.560   -0.53400E-02
  1.000  0.160  0.560   -0.48679E-02
  1.000  0.180  0.560   -0.43835E-02
  1.000  0.200  0.560   -0.38853E-02
  1.000  0.220  0.560   -0.33669E-02
  1.000  0.240  0.560   -0.28122E-02
  1.000  0.260  0.560   -0.21904E-02
  1.000  0.280  0.560   -0.14602E-02
  1.000  0.300  0.560   -0.58969E-03
  1.000  0.320  0.560    0.40231E-03
  1.000  0.340  0.560    0.14055E-02
  1.000  0.360  0.560    0.22115E-02
  1.000  0.380  0.560    0.25704E-02
  1.000  0.400  0.560    0.22988E-02
  1.000  0.420  0.560    0.13874E-02
  1.000  0.440  0.560    0.43002E-04
  1.000  0.460  0.560   -0.13637E-02
  1.000  0.480  0.560   -0.24204E-02
  1.000  0.500  0.560   -0.28117E-02
  1.000  0.520  0.560   -0.24204E-02
  1.000  0.540  0.560   -0.13637E-02
  1.000  0.560  0.560    0.43002E-04
  1.000  0.580  0.560    0.13874E-02
  1.000  0.600  0.560    0.22988E-02
  1.000  0.620  0.560    0.25704E-02
  1.000  0.640  0.560    0.22115E-02
  1.000  0.660  0.560    0.14055E-02
  1.000  0.680  0.560    0.40231E-03
  1.000  0.700  0.560   -0.58969E-03
  1.000  0.720  0.560   -0.14602E-02
  1.000  0.740  0.560   -0.21904E-02
  1.000  0.760  0.560   -0.28122E-02
  1.000  0.780  0.560   -0.33669E-02
  1.000  0.800  0.560   -0.38853E-02
  1.000  0.820  0.560   -0.43835E-02
  1.000  0.840  0.560   -0.48679E-02
  1.000  0.860  0.560   -0.53400E-02
  1.000  0.880  0.560   -0.57994E-02
  1.000  0.900  0.560   -0.62445E-02
  1.000  0.920  0.560   -0.66739E-02
  1.000  0.940  0.560   -0.70861E-02
  1.000  0.960  0.560   -0.74800E-02
  1.000  0.980  0.560   -0.78554E-02
  1.000  1.000  0.560   -0.82141E-02
  1.000  0.000  0.580   -0.85164E-02
  1.000  0.020  0.580   -0.79481E-02
  1.000  0.040  0.580   -0.73748E-02
  1.000  0.060  0.580   -0.68029E-02
  1.000  0.080  0.580   -0.62372E-02
  1.000  0.100  0.580   -0.56804E-02
  1.000  0.120  0.580   -0.51325E-02
  1.000  0.140  0.580   -0.45915E-02
  1.000  0.160  0.580   -0.40536E-02
  1.000  0.180  0.580   -0.35142E-02
  1.000  0.200  0.580   -0.29666E-02
  1.000  0.220  0.580   -0.24004E-02
  1.000  0.240  0.580   -0.17966E-02
  1.000  0.260  0.580   -0.11236E-02
  1.000  0.280  0.580   -0.34074E-03
  1.000  0.300  0.580    0.58005E-03
  1.000  0.320  0.580    0.16143E-02
  1.000  0.340  0.580    0.26464E-02
  1.000  0.360  0.580    0.34669E-02
  1.000  0.380  0.580    0.38322E-02
  1.000  0.400  0.580    0.35712E-02
  1.000  0.420  0.580    0.26863E-02
  1.000  0.440  0.580    0.13874E-02
  1.000  0.460  0.580    0.35995E-04
  1.000  0.480  0.580   -0.97492E-03
  1.000  0.500  0.580   -0.13484E-02
  1.000  0.520  0.580   -0.97492E-03
  1.000  0.540  0.580    0.35995E-04
  1.000  0.560  0.580    0.13874E-02
  1.000  0.580  0.580    0.26863E-02
  1.000  0.600  0.580    0.35712E-02
  1.000  0.620  0.580    0.38322E-02
  1.000  0.640  0.580    0.34669E-02
  1.000  0.660  0.580    0.26464E-02
  1.000  0.680  0.580    0.16143E-02
  1.000  0.700  0.580    0.58005E-03
  1.000  0.720  0.580   -0.34074E-03
  1.000  0.740  0.580   -0.11236E-02
  1.000  0.760  0.580   -0.17966E-02
  1.000  0.780  0.580   -0.24004E-02
  1.000  0.800  0.580   -0.29666E-02
  1.000  0.820  0.580   -0.35142E-02
  1.000  0.840  0.580   -0.40536E-02
  1.000  0.860  0.580   -0.45915E-02
  1.000  0.880  0.580   -0.51325E-02
  1.000  0.900  0.580   -0.56804E-02
  1.000  0.920  0.580   -0.62372E-02
  1.000  0.940  0.580   -0.68029E-02
  1.000  0.960  0.580   -0.73748E-02
  1.000  0.980  0.580   -0.79481E-02
  1.000  1.000  0.580   -0.85164E-02
  1.000  0.000  0.600   -0.85988E-02
  1.000  0.020  0.600   -0.76804E-02
  1.000  0.040  0.600   -0.67887E-02
  1.000  0.060  0.600   -0.59437E-02
  1.000  0.080  0.600   -0.51592E-02
  1.000  0.100  0.600   -0.44412E-02
  1.000  0.120  0.600   -0.37884E-02
  1.000  0.140  0.600   -0.31928E-02
  1.000  0.160  0.600   -0.26420E-02
  1.000  0.180  0.600   -0.21205E-02
  1.000  0.200  0.600   -0.16111E-02
  1.000  0.220  0.600   -0.10934E-02
  1.000  0.240  0.600   -0.54009E-03
  1.000  0.260  0.600    0.86126E-04
  1.000  0.280  0.600    0.82803E-03
  1.000  0.300  0.600    0.17114E-02
  1.000  0.320  0.600    0.27062E-02
  1.000  0.340  0.600    0.36907E-02
  1.000  0.360  0.600    0.44553E-02
  1.000  0.380  0.600    0.47649E-02
  1.000  0.400  0.600    0.44645E-02
  1.000  0.420  0.600    0.35712E-02
  1.000  0.440  0.600    0.22988E-02
  1.000  0.460  0.600    0.99569E-03
  1.000  0.480  0.600    0.30144E-04
  1.000  0.500  0.600   -0.32495E-03
  1.000  0.520  0.600    0.30144E-04
  1.000  0.540  0.600    0.99569E-03
  1.000  0.560  0.600    0.22988E-02
  1.000  0.580  0.600    0.35712E-02
  1.000  0.600  0.600    0.44645E-02
  1.000  0.620  0.600    0.47649E-02
  1.000  0.640  0.600    0.44553E-02
  1.000  0.660  0.600    0.36907E-02
  1.000  0.680  0.600    0.27062E-02
  1.000  0.700  0.600    0.17114E-02
  1.000  0.720  0.600    0.82803E-03
  1.000  0.740  0.600    0.86126E-04
  1.000  0.760  0.600   -0.54009E-03
  1.000  0.780  0.600   -0.10934E-02
  1.000  0.800  0.600   -0.16111E-02
  1.000  0.820  0.600   -0.21205E-02
  1.000  0.840  0.600   -0.26420E-02
  1.000  0.860  0.600   -0.31928E-02
  1.000  0.880  0.600   -0.37884E-02
  1.000  0.900  0.600   -0.44412E-02
  1.000  0.920  0.600   -0.51592E-02
  1.000  0.940  0.600   -0.59437E-02
  1.000  0.960  0.600   -0.67887E-02
  1.000  0.980  0.600   -0.76804E-02
  1.000  1.000  0.600   -0.85988E-02
  1.000  0.000  0.620   -0.83037E-02
  1.000  0.020  0.620   -0.69376E-02
  1.000  0.040  0.620   -0.56533E-02
  1.000  0.060  0.620   -0.44869E-02
  1.000  0.080  0.620   -0.34622E-02
  1.000  0.100  0.620   -0.25889E-02
  1.000  0.120  0.620   -0.18629E-02
  1.000  0.140  0.620   -0.12683E-02
  1.000  0.160  0.620   -0.78058E-03
  1.000  0.180  0.620   -0.36952E-03
  1.000  0.200  0.620   -0.19140E-05
  1.000  0.220  0.620    0.35812E-03
  1.000  0.240  0.620    0.75134E-03
  1.000  0.260  0.620    0.12253E-02
  1.000  0.280  0.620    0.18278E-02
  1.000  0.300  0.620    0.25835E-02
  1.000  0.320  0.620    0.34559E-02
  1.000  0.340  0.620    0.43170E-02
  1.000  0.360  0.620    0.49569E-02
  1.000  0.380  0.620    0.51515E-02
  1.000  0.400  0.620    0.47649E-02
  1.000  0.420  0.620    0.38322E-02
  1.000  0.440  0.620    0.25704E-02
  1.000  0.460  0.620    0.13111E-02
  1.000  0.480  0.620    0.39196E-03
  1.000  0.500  0.620    0.56359E-04
  1.000  0.520  0.620    0.39196E-03
  1.000  0.540  0.620    0.13111E-02
  1.000  0.560  0.620    0.25704E-02
  1.000  0.580  0.620    0.38322E-02
  1.000  0.600  0.620    0.47649E-02
  1.000  0.620  0.620    0.51515E-02
  1.000  0.640  0.620    0.49569E-02
  1.000  0.660  0.620    0.43170E-02
  1.000  0.680  0.620    0.34559E-02
  1.000  0.700  0.620    0.25835E-02
  1.000  0.720  0.620    0.18278E-02
  1.000  0.740  0.620    0.12253E-02
  1.000  0.760  0.620    0.75134E-03
  1.000  0.780  0.620    0.35812E-03
  1.000  0.800  0.620   -0.19140E-05
  1.000  0.820  0.620   -0.36952E-03
  1.000  0.840  0.620   -0.78058E-03
  1.000  0.860  0.620   -0.12683E-02
  1.000  0.880  0.620   -0.18629E-02
  1.000  0.900  0.620   -0.25889E-02
  1.000  0.920  0.620   -0.34622E-02
  1.000  0.940  0.620   -0.44869E-02
  1.000  0.960  0.620   -0.56533E-02
  1.000  0.980  0.620   -0.69376E-02
  1.000  1.000  0.620   -0.83037E-02
  1.000  0.000  0.640   -0.75372E-02
  1.000  0.020  0.640   -0.57285E-02
  1.000  0.040  0.640   -0.40750E-02
  1.000  0.060  0.640   -0.26242E-02
  1.000  0.080  0.640   -0.14057E-02
  1.000  0.100  0.640   -0.42992E-03
  1.000  0.120  0.640    0.31098E-03
  1.000  0.140  0.640    0.84110E-03
  1.000  0.160  0.640    0.11972E-02
  1.000  0.180  0.640    0.14247E-02
  1.000  0.200  0.640    0.15739E-02
  1.000  0.220  0.640    0.16983E-02
  1.000  0.240  0.640    0.18549E-02
  1.000  0.260  0.640    0.21041E-02
  1.000  0.280  0.640    0.25004E-02
  1.000  0.300  0.640    0.30676E-02
  1.000  0.320  0.640    0.37621E-02
  1.000  0.340  0.640    0.44484E-02
  1.000  0.360  0.640    0.49169E-02
  1.000  0.380  0.640    0.49569E-02
  1.000  0.400  0.640    0.44553E-02
  1.000  0.420  0.640    0.34669E-02
  1.000  0.440  0.640    0.22115E-02
  1.000  0.460  0.640    0.99998E-03
  1.000  0.480  0.640    0.13312E-03
  1.000  0.500  0.640   -0.18035E-03
  1.000  0.520  0.640    0.13312E-03
  1.000  0.540  0.640    0.99998E-03
  1.000  0.560  0.640    0.22115E-02
  1.000  0.580  0.640    0.34669E-02
  1.000  0.600  0.640    0.44553E-02
  1.000  0.620  0.640    0.49569E-02
  1.000  0.640  0.640    0.49169E-02
  1.000  0.660  0.640    0.44484E-02
  1.000  0.680  0.640    0.37621E-02
  1.000  0.700  0.640    0.30676E-02
  1.000  0.720  0.640    0.25004E-02
  1.000  0.740  0.640    0.21041E-02
  1.000  0.760  0.640    0.18549E-02
  1.000  0.780  0.640    0.16983E-02
  1.000  0.800  0.640    0.15739E-02
  1.000  0.820  0.640    0.14247E-02
  1.000  0.840  0.640    0.11972E-02
  1.000  0.860  0.640    0.84110E-03
  1.000  0.880  0.640    0.31098E-03
  1.000  0.900  0.640   -0.42992E-03
  1.000  0.920  0.640   -0.14057E-02
  1.000  0.940  0.640   -0.26242E-02
  1.000  0.960  0.640   -0.40750E-02
  1.000  0.980  0.640   -0.57285E-02
  1.000  1.000  0.640   -0.75372E-02
  1.000  0.000  0.660   -0.63161E-02
  1.000  0.020  0.660   -0.42005E-02
  1.000  0.040  0.660   -0.23168E-02
  1.000  0.060  0.660   -0.71067E-03
  1.000  0.080  0.660    0.59184E-03
  1.000  0.100  0.660    0.15841E-02
  1.000  0.120  0.660    0.22781E-02
  1.000  0.140  0.660    0.27028E-02
  1.000  0.160  0.660    0.29017E-02
  1.000  0.180  0.660    0.29293E-02
  1.000  0.200  0.660    0.28478E-02
  1.000  0.220  0.660    0.27248E-02
  1.000  0.240  0.660    0.26322E-02
  1.000  0.260  0.660    0.26429E-02
  1.000  0.280  0.660    0.28183E-02
  1.000  0.300  0.660    0.31810E-02
  1.000  0.320  0.660    0.36797E-02
  1.000  0.340  0.660    0.41712E-02
  1.000  0.360  0.660    0.44484E-02
  1.000  0.380  0.660    0.43170E-02
  1.000  0.400  0.660    0.36907E-02
  1.000  0.420  0.660    0.26464E-02
  1.000  0.440  0.660    0.14055E-02
  1.000  0.460  0.660    0.25394E-03
  1.000  0.480  0.660   -0.55000E-03
  1.000  0.500  0.660   -0.83716E-03
  1.000  0.520  0.660   -0.55000E-03
  1.000  0.540  0.660    0.25394E-03
  1.000  0.560  0.660    0.14055E-02
  1.000  0.580  0.660    0.26464E-02
  1.000  0.600  0.660    0.36907E-02
  1.000  0.620  0.660    0.43170E-02
  1.000  0.640  0.660    0.44484E-02
  1.000  0.660  0.660    0.41712E-02
  1.000  0.680  0.660    0.36797E-02
  1.000  0.700  0.660    0.31810E-02
  1.000  0.720  0.660    0.28183E-02
  1.000  0.740  0.660    0.26429E-02
  1.000  0.760  0.660    0.26322E-02
  1.000  0.780  0.660    0.27248E-02
  1.000  0.800  0.660    0.28478E-02
  1.000  0.820  0.660    0.29293E-02
  1.000  0.840  0.660    0.29017E-02
  1.000  0.860  0.660    0.27028E-02
  1.000  0.880  0.660    0.22781E-02
  1.000  0.900  0.660    0.15841E-02
  1.000  0.920  0.660    0.59184E-03
  1.000  0.940  0.660   -0.71067E-03
  1.000  0.960  0.660   -0.23168E-02
  1.000  0.980  0.660   -0.42005E-02
  1.000  1.000  0.660   -0.63161E-02
  1.000  0.000  0.680   -0.47807E-02
  1.000  0.020  0.680   -0.26023E-02
  1.000  0.040  0.680   -0.71430E-03
  1.000  0.060  0.680    0.85743E-03
  1.000  0.080  0.680    0.21018E-02
  1.000  0.100  0.680    0.30208E-02
  1.000  0.120  0.680    0.36286E-02
  1.000  0.140  0.680    0.39518E-02
  1.000  0.160  0.680    0.40296E-02
  1.000  0.180  0.680    0.39136E-02
  1.000  0.200  0.680    0.36662E-02
  1.000  0.220  0.680    0.33600E-02
  1.000  0.240  0.680    0.30754E-02
  1.000  0.260  0.680    0.28945E-02
  1.000  0.280  0.680    0.28844E-02
  1.000  0.300  0.680    0.30658E-02
  1.000  0.320  0.680    0.33805E-02
  1.000  0.340  0.680    0.36797E-02
  1.000  0.360  0.680    0.37621E-02
  1.000  0.380  0.680    0.34559E-02
  1.000  0.400  0.680    0.27062E-02
  1.000  0.420  0.680    0.16143E-02
  1.000  0.440  0.680    0.40231E-03
  1.000  0.460  0.680   -0.67310E-03
  1.000  0.480  0.680   -0.14016E-02
  1.000  0.500  0.680   -0.16577E-02
  1.000  0.520  0.680   -0.14016E-02
  1.000  0.540  0.680   -0.67310E-03
  1.000  0.560  0.680    0.40231E-03
  1.000  0.580  0.680    0.16143E-02
  1.000  0.600  0.680    0.27062E-02
  1.000  0.620  0.680    0.34559E-02
  1.000  0.640  0.680    0.37621E-02
  1.000  0.660  0.680    0.36797E-02
  1.000  0.680  0.680    0.33805E-02
  1.000  0.700  0.680    0.30658E-02
  1.000  0.720  0.680    0.28844E-02
  1.000  0.740  0.680    0.28945E-02
  1.000  0.760  0.680    0.30754E-02
  1.000  0.780  0.680    0.33600E-02
  1.000  0.800  0.680    0.36662E-02
  1.000  0.820  0.680    0.39136E-02
  1.000  0.840  0.680    0.40296E-02
  1.000  0.860  0.680    0.39518E-02
  1.000  0.880  0.680    0.36286E-02
  1.000  0.900  0.680    0.30208E-02
  1.000  0.920  0.680    0.21018E-02
  1.000  0.940  0.680    0.85743E-03
  1.000  0.960  0.680   -0.71430E-03
  1.000  0.980  0.680   -0.26023E-02
  1.000  1.000  0.680   -0.47807E-02
  1.000  0.000  0.700   -0.31647E-02
  1.000  0.020  0.700   -0.12075E-02
  1.000  0.040  0.700    0.43878E-03
  1.000  0.060  0.700    0.17833E-02
  1.000  0.080  0.700    0.28389E-02
  1.000  0.100  0.700    0.36189E-02
  1.000  0.120  0.700    0.41360E-02
  1.000  0.140  0.700    0.44058E-02
  1.000  0.160  0.700    0.44507E-02
  1.000  0.180  0.700    0.43041E-02
  1.000  0.200  0.700    0.40141E-02
  1.000  0.220  0.700    0.36451E-02
  1.000  0.240  0.700    0.32765E-02
  1.000  0.260  0.700    0.29934E-02
  1.000  0.280  0.700    0.28653E-02
  1.000  0.300  0.700    0.29107E-02
  1.000  0.320  0.700    0.30658E-02
  1.000  0.340  0.700    0.31810E-02
  1.000  0.360  0.700    0.30676E-02
  1.000  0.380  0.700    0.25835E-02
  1.000  0.400  0.700    0.17114E-02
  1.000  0.420  0.700    0.58005E-03
  1.000  0.440  0.700   -0.58969E-03
  1.000  0.460  0.700   -0.15743E-02
  1.000  0.480  0.700   -0.22161E-02
  1.000  0.500  0.700   -0.24370E-02
  1.000  0.520  0.700   -0.22161E-02
  1.000  0.540  0.700   -0.15743E-02
  1.000  0.560  0.700   -0.58969E-03
  1.000  0.580  0.700    0.58005E-03
  1.000  0.600  0.700    0.17114E-02
  1.000  0.620  0.700    0.25835E-02
  1.000  0.640  0.700    0.30676E-02
  1.000  0.660  0.700    0.31810E-02
  1.000  0.680  0.700    0.30658E-02
  1.000  0.700  0.700    0.29107E-02
  1.000  0.720  0.700    0.28653E-02
  1.000  0.740  0.700    0.29934E-02
  1.000  0.760  0.700    0.32765E-02
  1.000  0.780  0.700    0.36451E-02
  1.000  0.800  0.700    0.40141E-02
  1.000  0.820  0.700    0.43041E-02
  1.000  0.840  0.700    0.44507E-02
  1.000  0.860  0.700    0.44058E-02
  1.000  0.880  0.700    0.41360E-02
  1.000  0.900  0.700    0.36189E-02
  1.000  0.920  0.700    0.28389E-02
  1.000  0.940  0.700    0.17833E-02
  1.000  0.960  0.700    0.43878E-03
  1.000  0.980  0.700   -0.12075E-02
  1.000  1.000  0.700   -0.31647E-02
  1.000  0.000  0.720   -0.17271E-02
  1.000  0.020  0.720   -0.22880E-03
  1.000  0.040  0.720    0.98472E-03
  1.000  0.060  0.720    0.19636E-02
  1.000  0.080  0.720    0.27473E-02
  1.000  0.100  0.720    0.33595E-02
  1.000  0.120  0.720    0.38087E-02
  1.000  0.140  0.720    0.40932E-02
  1.000  0.160  0.720    0.42094E-02
  1.000  0.180  0.720    0.41614E-02
  1.000  0.200  0.720    0.39696E-02
  1.000  0.220  0.720    0.36776E-02
  1.000  0.240  0.720    0.33521E-02
  1.000  0.260  0.720    0.30728E-02
  1.000  0.280  0.720    0.29056E-02
  1.000  0.300  0.720    0.28653E-02
  1.000  0.320  0.720    0.28844E-02
  1.000  0.340  0.720    0.28183E-02
  1.000  0.360  0.720    0.25004E-02
  1.000  0.380  0.720    0.18278E-02
  1.000  0.400  0.720    0.82803E-03
  1.000  0.420  0.720   -0.34074E-03
  1.000  0.440  0.720   -0.14602E-02
  1.000  0.460  0.720   -0.23441E-02
  1.000  0.480  0.720   -0.28917E-02
  1.000  0.500  0.720   -0.30746E-02
  1.000  0.520  0.720   -0.28917E-02
  1.000  0.540  0.720   -0.23441E-02
  1.000  0.560  0.720   -0.14602E-02
  1.000  0.580  0.720   -0.34074E-03
  1.000  0.600  0.720    0.82803E-03
  1.000  0.620  0.720    0.18278E-02
  1.000  0.640  0.720    0.25004E-02
  1.000  0.660  0.720    0.28183E-02
  1.000  0.680  0.720    0.28844E-02
  1.000  0.700  0.720    0.28653E-02
  1.000  0.720  0.720    0.29056E-02
  1.000  0.740  0.720    0.30728E-02
  1.000  0.760  0.720    0.33521E-02
  1.000  0.780  0.720    0.36776E-02
  1.000  0.800  0.720    0.39696E-02
  1.000  0.820  0.720    0.41614E-02
  1.000  0.840  0.720    0.42094E-02
  1.000  0.860  0.720    0.40932E-02
  1.000  0.880  0.720    0.38087E-02
  1.000  0.900  0.720    0.33595E-02
  1.000  0.920  0.720    0.27473E-02
  1.000  0.940  0.720    0.19636E-02
  1.000  0.960  0.720    0.98472E-03
  1.000  0.980  0.720   -0.22880E-03
  1.000  1.000  0.720   -0.17271E-02
  1.000  0.000  0.740   -0.67661E-03
  1.000  0.020  0.740    0.23815E-03
  1.000  0.040  0.740    0.93472E-03
  1.000  0.060  0.740    0.14977E-02
  1.000  0.080  0.740    0.19875E-02
  1.000  0.100  0.740    0.24356E-02
  1.000  0.120  0.740    0.28455E-02
  1.000  0.140  0.740    0.31986E-02
  1.000  0.160  0.740    0.34649E-02
  1.000  0.180  0.740    0.36157E-02
  1.000  0.200  0.740    0.36375E-02
  1.000  0.220  0.740    0.35437E-02
  1.000  0.240  0.740    0.33777E-02
  1.000  0.260  0.740    0.32027E-02
  1.000  0.280  0.740    0.30728E-02
  1.000  0.300  0.740    0.29934E-02
  1.000  0.320  0.740    0.28945E-02
  1.000  0.340  0.740    0.26429E-02
  1.000  0.360  0.740    0.21041E-02
  1.000  0.380  0.740    0.12253E-02
  1.000  0.400  0.740    0.86126E-04
  1.000  0.420  0.740   -0.11236E-02
  1.000  0.440  0.740   -0.21904E-02
  1.000  0.460  0.740   -0.29694E-02
  1.000  0.480  0.740   -0.34190E-02
  1.000  0.500  0.740   -0.35626E-02
  1.000  0.520  0.740   -0.34190E-02
  1.000  0.540  0.740   -0.29694E-02
  1.000  0.560  0.740   -0.21904E-02
  1.000  0.580  0.740   -0.11236E-02
  1.000  0.600  0.740    0.86126E-04
  1.000  0.620  0.740    0.12253E-02
  1.000  0.640  0.740    0.21041E-02
  1.000  0.660  0.740    0.26429E-02
  1.000  0.680  0.740    0.28945E-02
  1.000  0.700  0.740    0.29934E-02
  1.000  0.720  0.740    0.30728E-02
  1.000  0.740  0.740    0.32027E-02
  1.000  0.760  0.740    0.33777E-02
  1.000  0.780  0.740    0.35437E-02
  1.000  0.800  0.740    0.36375E-02
  1.000  0.820  0.740    0.36157E-02
  1.000  0.840  0.740    0.34649E-02
  1.000  0.860  0.740    0.31986E-02
  1.000  0.880  0.740    0.28455E-02
  1.000  0.900  0.740    0.24356E-02
  1.000  0.920  0.740    0.19875E-02
  1.000  0.940  0.740    0.14977E-02
  1.000  0.960  0.740    0.93472E-03
  1.000  0.980  0.740    0.23815E-03
  1.000  1.000  0.740   -0.67661E-03
  1.000  0.000  0.760   -0.11848E-03
  1.000  0.020  0.760    0.22249E-03
  1.000  0.040  0.760    0.43383E-03
  1.000  0.060  0.760    0.61782E-03
  1.000  0.080  0.760    0.84492E-03
  1.000  0.100  0.760    0.11506E-02
  1.000  0.120  0.760    0.15362E-02
  1.000  0.140  0.760    0.19738E-02
  1.000  0.160  0.760    0.24154E-02
  1.000  0.180  0.760    0.28070E-02
  1.000  0.200  0.760    0.31037E-02
  1.000  0.220  0.760    0.32859E-02
  1.000  0.240  0.760    0.33655E-02
  1.000  0.260  0.760    0.33777E-02
  1.000  0.280  0.760    0.33521E-02
  1.000  0.300  0.760    0.32765E-02
  1.000  0.320  0.760    0.30754E-02
  1.000  0.340  0.760    0.26322E-02
  1.000  0.360  0.760    0.18549E-02
  1.000  0.380  0.760    0.75134E-03
  1.000  0.400  0.760   -0.54009E-03
  1.000  0.420  0.760   -0.17966E-02
  1.000  0.440  0.760   -0.28122E-02
  1.000  0.460  0.760   -0.34860E-02
  1.000  0.480  0.760   -0.38378E-02
  1.000  0.500  0.760   -0.39422E-02
  1.000  0.520  0.760   -0.38378E-02
  1.000  0.540  0.760   -0.34860E-02
  1.000  0.560  0.760   -0.28122E-02
  1.000  0.580  0.760   -0.17966E-02
  1.000  0.600  0.760   -0.54009E-03
  1.000  0.620  0.760    0.75134E-03
  1.000  0.640  0.760    0.18549E-02
  1.000  0.660  0.760    0.26322E-02
  1.000  0.680  0.760    0.30754E-02
  1.000  0.700  0.760    0.32765E-02
  1.000  0.720  0.760    0.33521E-02
  1.000  0.740  0.760    0.33777E-02
  1.000  0.760  0.760    0.33655E-02
  1.000  0.780  0.760    0.32859E-02
  1.000  0.800  0.760    0.31037E-02
  1.000  0.820  0.760    0.28070E-02
  1.000  0.840  0.760    0.24154E-02
  1.000  0.860  0.760    0.19738E-02
  1.000  0.880  0.760    0.15362E-02
  1.000  0.900  0.760    0.11506E-02
  1.000  0.920  0.760    0.84492E-03
  1.000  0.940  0.760    0.61782E-03
  1.000  0.960  0.760    0.43383E-03
  1.000  0.980  0.760    0.22249E-03
  1.000  1.000  0.760   -0.11848E-03
  1.000  0.000  0.780   -0.43745E-04
  1.000  0.020  0.780   -0.15828E-03
  1.000  0.040  0.780   -0.31476E-03
  1.000  0.060  0.780   -0.41344E-03
  1.000  0.080  0.780   -0.38600E-03
  1.000  0.100  0.780   -0.19629E-03
  1.000  0.120  0.780    0.15985E-03
  1.000  0.140  0.780    0.65662E-03
  1.000  0.160  0.780    0.12436E-02
  1.000  0.180  0.780    0.18557E-02
  1.000  0.200  0.780    0.24283E-02
  1.000  0.220  0.780    0.29127E-02
  1.000  0.240  0.780    0.32859E-02
  1.000  0.260  0.780    0.35437E-02
  1.000  0.280  0.780    0.36776E-02
  1.000  0.300  0.780    0.36451E-02
  1.000  0.320  0.780    0.33600E-02
  1.000  0.340  0.780    0.27248E-02
  1.000  0.360  0.780    0.16983E-02
  1.000  0.380  0.780    0.35812E-03
  1.000  0.400  0.780   -0.10934E-02
  1.000  0.420  0.780   -0.24004E-02
  1.000  0.440  0.780   -0.33669E-02
  1.000  0.460  0.780   -0.39386E-02
  1.000  0.480  0.780   -0.41956E-02
  1.000  0.500  0.780   -0.42621E-02
  1.000  0.520  0.780   -0.41956E-02
  1.000  0.540  0.780   -0.39386E-02
  1.000  0.560  0.780   -0.33669E-02
  1.000  0.580  0.780   -0.24004E-02
  1.000  0.600  0.780   -0.10934E-02
  1.000  0.620  0.780    0.35812E-03
  1.000  0.640  0.780    0.16983E-02
  1.000  0.660  0.780    0.27248E-02
  1.000  0.680  0.780    0.33600E-02
  1.000  0.700  0.780    0.36451E-02
  1.000  0.720  0.780    0.36776E-02
  1.000  0.740  0.780    0.35437E-02
  1.000  0.760  0.780    0.32859E-02
  1.000  0.780  0.780    0.29127E-02
  1.000  0.800  0.780    0.24283E-02
  1.000  0.820  0.780    0.18557E-02
  1.000  0.840  0.780    0.12436E-02
  1.000  0.860  0.780    0.65662E-03
  1.000  0.880  0.780    0.15985E-03
  1.000  0.900  0.780   -0.19629E-03
  1.000  0.920  0.780   -0.38600E-03
  1.000  0.940  0.780   -0.41344E-03
  1.000  0.960  0.780   -0.31476E-03
  1.000  0.980  0.780   -0.15828E-03
  1.000  1.000  0.780   -0.43745E-04
  1.000  0.000  0.800   -0.35719E-03
  1.000  0.020  0.800   -0.75450E-03
  1.000  0.040  0.800   -0.11253E-02
  1.000  0.060  0.800   -0.13887E-02
  1.000  0.080  0.800   -0.14880E-02
  1.000  0.100  0.800   -0.13889E-02
  1.000  0.120  0.800   -0.10797E-02
  1.000  0.140  0.800   -0.57336E-03
  1.000  0.160  0.800    0.92755E-04
  1.000  0.180  0.800    0.86070E-03
  1.000  0.200  0.800    0.16616E-02
  1.000  0.220  0.800    0.24283E-02
  1.000  0.240  0.800    0.31037E-02
  1.000  0.260  0.800    0.36375E-02
  1.000  0.280  0.800    0.39696E-02
  1.000  0.300  0.800    0.40141E-02
  1.000  0.320  0.800    0.36662E-02
  1.000  0.340  0.800    0.28478E-02
  1.000  0.360  0.800    0.15739E-02
  1.000  0.380  0.800   -0.19140E-05
  1.000  0.400  0.800   -0.16111E-02
  1.000  0.420  0.800   -0.29666E-02
  1.000  0.440  0.800   -0.38853E-02
  1.000  0.460  0.800   -0.43595E-02
  1.000  0.480  0.800   -0.45274E-02
  1.000  0.500  0.800   -0.45585E-02
  1.000  0.520  0.800   -0.45274E-02
  1.000  0.540  0.800   -0.43595E-02
  1.000  0.560  0.800   -0.38853E-02
  1.000  0.580  0.800   -0.29666E-02
  1.000  0.600  0.800   -0.16111E-02
  1.000  0.620  0.800   -0.19140E-05
  1.000  0.640  0.800    0.15739E-02
  1.000  0.660  0.800    0.28478E-02
  1.000  0.680  0.800    0.36662E-02
  1.000  0.700  0.800    0.40141E-02
  1.000  0.720  0.800    0.39696E-02
  1.000  0.740  0.800    0.36375E-02
  1.000  0.760  0.800    0.31037E-02
  1.000  0.780  0.800    0.24283E-02
  1.000  0.800  0.800    0.16616E-02
  1.000  0.820  0.800    0.86070E-03
  1.000  0.840  0.800    0.92755E-04
  1.000  0.860  0.800   -0.57336E-03
  1.000  0.880  0.800   -0.10797E-02
  1.000  0.900  0.800   -0.13889E-02
  1.000  0.920  0.800   -0.14880E-02
  1.000  0.940  0.800   -0.13887E-02
  1.000  0.960  0.800   -0.11253E-02
  1.000  0.980  0.800   -0.75450E-03
  1.000  1.000  0.800   -0.35719E-03
  1.000  0.000  0.820   -0.92513E-03
  1.000  0.020  0.820   -0.14333E-02
  1.000  0.040  0.820   -0.18744E-02
  1.000  0.060  0.820   -0.21945E-02
  1.000  0.080  0.820   -0.23533E-02
  1.000  0.100  0.820   -0.23196E-02
  1.000  0.120  0.820   -0.20729E-02
  1.000  0.140  0.820   -0.16069E-02
  1.000  0.160  0.820   -0.93519E-03
  1.000  0.180  0.820   -0.93723E-04
  1.000  0.200  0.820    0.86070E-03
  1.000  0.220  0.820    0.18557E-02
  1.000  0.240  0.820    0.28070E-02
  1.000  0.260  0.820    0.36157E-02
  1.000  0.280  0.820    0.41614E-02
  1.000  0.300  0.820    0.43041E-02
  1.000  0.320  0.820    0.39136E-02
  1.000  0.340  0.820    0.29293E-02
  1.000  0.360  0.820    0.14247E-02
  1.000  0.380  0.820   -0.36952E-03
  1.000  0.400  0.820   -0.21205E-02
  1.000  0.420  0.820   -0.35142E-02
  1.000  0.440  0.820   -0.43835E-02
  1.000  0.460  0.820   -0.47660E-02
  1.000  0.480  0.820   -0.48524E-02
  1.000  0.500  0.820   -0.48515E-02
  1.000  0.520  0.820   -0.48524E-02
  1.000  0.540  0.820   -0.47660E-02
  1.000  0.560  0.820   -0.43835E-02
  1.000  0.580  0.820   -0.35142E-02
  1.000  0.600  0.820   -0.21205E-02
  1.000  0.620  0.820   -0.36952E-03
  1.000  0.640  0.820    0.14247E-02
  1.000  0.660  0.820    0.29293E-02
  1.000  0.680  0.820    0.39136E-02
  1.000  0.700  0.820    0.43041E-02
  1.000  0.720  0.820    0.41614E-02
  1.000  0.740  0.820    0.36157E-02
  1.000  0.760  0.820    0.28070E-02
  1.000  0.780  0.820    0.18557E-02
  1.000  0.800  0.820    0.86070E-03
  1.000  0.820  0.820   -0.93723E-04
  1.000  0.840  0.820   -0.93519E-03
  1.000  0.860  0.820   -0.16069E-02
  1.000  0.880  0.820   -0.20729E-02
  1.000  0.900  0.820   -0.23196E-02
  1.000  0.920  0.820   -0.23533E-02
  1.000  0.940  0.820   -0.21945E-02
  1.000  0.960  0.820   -0.18744E-02
  1.000  0.980  0.820   -0.14333E-02
  1.000  1.000  0.820   -0.92513E-03
  1.000  0.000  0.840   -0.16202E-02
  1.000  0.020  0.840   -0.21050E-02
  1.000  0.040  0.840   -0.25090E-02
  1.000  0.060  0.840   -0.28049E-02
  1.000  0.080  0.840   -0.29683E-02
  1.000  0.100  0.840   -0.29729E-02
  1.000  0.120  0.840   -0.27904E-02
  1.000  0.140  0.840   -0.23960E-02
  1.000  0.160  0.840   -0.17756E-02
  1.000  0.180  0.840   -0.93519E-03
  1.000  0.200  0.840    0.92755E-04
  1.000  0.220  0.840    0.12436E-02
  1.000  0.240  0.840    0.24154E-02
  1.000  0.260  0.840    0.34649E-02
  1.000  0.280  0.840    0.42094E-02
  1.000  0.300  0.840    0.44507E-02
  1.000  0.320  0.840    0.40296E-02
  1.000  0.340  0.840    0.29017E-02
  1.000  0.360  0.840    0.11972E-02
  1.000  0.380  0.840   -0.78058E-03
  1.000  0.400  0.840   -0.26420E-02
  1.000  0.420  0.840   -0.40536E-02
  1.000  0.440  0.840   -0.48679E-02
  1.000  0.460  0.840   -0.51645E-02
  1.000  0.480  0.840   -0.51786E-02
  1.000  0.500  0.840   -0.51501E-02
  1.000  0.520  0.840   -0.51786E-02
  1.000  0.540  0.840   -0.51645E-02
  1.000  0.560  0.840   -0.48679E-02
  1.000  0.580  0.840   -0.40536E-02
  1.000  0.600  0.840   -0.26420E-02
  1.000  0.620  0.840   -0.78058E-03
  1.000  0.640  0.840    0.11972E-02
  1.000  0.660  0.840    0.29017E-02
  1.000  0.680  0.840    0.40296E-02
  1.000  0.700  0.840    0.44507E-02
  1.000  0.720  0.840    0.42094E-02
  1.000  0.740  0.840    0.34649E-02
  1.000  0.760  0.840    0.24154E-02
  1.000  0.780  0.840    0.12436E-02
  1.000  0.800  0.840    0.92755E-04
  1.000  0.820  0.840   -0.93519E-03
  1.000  0.840  0.840   -0.17756E-02
  1.000  0.860  0.840   -0.23960E-02
  1.000  0.880  0.840   -0.27904E-02
  1.000  0.900  0.840   -0.29729E-02
  1.000  0.920  0.840   -0.29683E-02
  1.000  0.940  0.840   -0.28049E-02
  1.000  0.960  0.840   -0.25090E-02
  1.000  0.980  0.840   -0.21050E-02
  1.000  1.000  0.840   -0.16202E-02
  1.000  0.000  0.860   -0.23488E-02
  1.000  0.020  0.860   -0.27259E-02
  1.000  0.040  0.860   -0.30284E-02
  1.000  0.060  0.860   -0.32491E-02
  1.000  0.080  0.860   -0.33765E-02
  1.000  0.100  0.860   -0.33894E-02
  1.000  0.120  0.860   -0.32560E-02
  1.000  0.140  0.860   -0.29374E-02
  1.000  0.160  0.860   -0.23960E-02
  1.000  0.180  0.860   -0.16069E-02
  1.000  0.200  0.860   -0.57336E-03
  1.000  0.220  0.860    0.65662E-03
  1.000  0.240  0.860    0.19738E-02
  1.000  0.260  0.860    0.31986E-02
  1.000  0.280  0.860    0.40932E-02
  1.000  0.300  0.860    0.44058E-02
  1.000  0.320  0.860    0.39518E-02
  1.000  0.340  0.860    0.27028E-02
  1.000  0.360  0.860    0.84110E-03
  1.000  0.380  0.860   -0.12683E-02
  1.000  0.400  0.860   -0.31928E-02
  1.000  0.420  0.860   -0.45915E-02
  1.000  0.440  0.860   -0.53400E-02
  1.000  0.460  0.860   -0.55559E-02
  1.000  0.480  0.860   -0.55076E-02
  1.000  0.500  0.860   -0.54561E-02
  1.000  0.520  0.860   -0.55076E-02
  1.000  0.540  0.860   -0.55559E-02
  1.000  0.560  0.860   -0.53400E-02
  1.000  0.580  0.860   -0.45915E-02
  1.000  0.600  0.860   -0.31928E-02
  1.000  0.620  0.860   -0.12683E-02
  1.000  0.640  0.860    0.84110E-03
  1.000  0.660  0.860    0.27028E-02
  1.000  0.680  0.860    0.39518E-02
  1.000  0.700  0.860    0.44058E-02
  1.000  0.720  0.860    0.40932E-02
  1.000  0.740  0.860    0.31986E-02
  1.000  0.760  0.860    0.19738E-02
  1.000  0.780  0.860    0.65662E-03
  1.000  0.800  0.860   -0.57336E-03
  1.000  0.820  0.860   -0.16069E-02
  1.000  0.840  0.860   -0.23960E-02
  1.000  0.860  0.860   -0.29374E-02
  1.000  0.880  0.860   -0.32560E-02
  1.000  0.900  0.860   -0.33894E-02
  1.000  0.920  0.860   -0.33765E-02
  1.000  0.940  0.860   -0.32491E-02
  1.000  0.960  0.860   -0.30284E-02
  1.000  0.980  0.860   -0.27259E-02
  1.000  1.000  0.860   -0.23488E-02
  1.000  0.000  0.880   -0.30583E-02
  1.000  0.020  0.880   -0.32872E-02
  1.000  0.040  0.880   -0.34589E-02
  1.000  0.060  0.880   -0.35779E-02
  1.000  0.080  0.880   -0.36409E-02
  1.000  0.100  0.880   -0.36316E-02
  1.000  0.120  0.880   -0.35185E-02
  1.000  0.140  0.880   -0.32560E-02
  1.000  0.160  0.880   -0.27904E-02
  1.000  0.180  0.880   -0.20729E-02
  1.000  0.200  0.880   -0.10797E-02
  1.000  0.220  0.880    0.15985E-03
  1.000  0.240  0.880    0.15362E-02
  1.000  0.260  0.880    0.28455E-02
  1.000  0.280  0.880    0.38087E-02
  1.000  0.300  0.880    0.41360E-02
  1.000  0.320  0.880    0.36286E-02
  1.000  0.340  0.880    0.22781E-02
  1.000  0.360  0.880    0.31098E-03
  1.000  0.380  0.880   -0.18629E-02
  1.000  0.400  0.880   -0.37884E-02
  1.000  0.420  0.880   -0.51325E-02
  1.000  0.440  0.880   -0.57994E-02
  1.000  0.460  0.880   -0.59376E-02
  1.000  0.480  0.880   -0.58370E-02
  1.000  0.500  0.880   -0.57673E-02
  1.000  0.520  0.880   -0.58370E-02
  1.000  0.540  0.880   -0.59376E-02
  1.000  0.560  0.880   -0.57994E-02
  1.000  0.580  0.880   -0.51325E-02
  1.000  0.600  0.880   -0.37884E-02
  1.000  0.620  0.880   -0.18629E-02
  1.000  0.640  0.880    0.31098E-03
  1.000  0.660  0.880    0.22781E-02
  1.000  0.680  0.880    0.36286E-02
  1.000  0.700  0.880    0.41360E-02
  1.000  0.720  0.880    0.38087E-02
  1.000  0.740  0.880    0.28455E-02
  1.000  0.760  0.880    0.15362E-02
  1.000  0.780  0.880    0.15985E-03
  1.000  0.800  0.880   -0.10797E-02
  1.000  0.820  0.880   -0.20729E-02
  1.000  0.840  0.880   -0.27904E-02
  1.000  0.860  0.880   -0.32560E-02
  1.000  0.880  0.880   -0.35185E-02
  1.000  0.900  0.880   -0.36316E-02
  1.000  0.920  0.880   -0.36409E-02
  1.000  0.940  0.880   -0.35779E-02
  1.000  0.960  0.880   -0.34589E-02
  1.000  0.980  0.880   -0.32872E-02
  1.000  1.000  0.880   -0.30583E-02
  1.000  0.000  0.900   -0.37311E-02
  1.000  0.020  0.900   -0.37998E-02
  1.000  0.040  0.900   -0.38335E-02
  1.000  0.060  0.900   -0.38401E-02
  1.000  0.080  0.900   -0.38196E-02
  1.000  0.100  0.900   -0.37597E-02
  1.000  0.120  0.900   -0.36316E-02
  1.000  0.140  0.900   -0.33894E-02
  1.000  0.160  0.900   -0.29729E-02
  1.000  0.180  0.900   -0.23196E-02
  1.000  0.200  0.900   -0.13889E-02
  1.000  0.220  0.900   -0.19629E-03
  1.000  0.240  0.900    0.11506E-02
  1.000  0.260  0.900    0.24356E-02
  1.000  0.280  0.900    0.33595E-02
  1.000  0.300  0.900    0.36189E-02
  1.000  0.320  0.900    0.30208E-02
  1.000  0.340  0.900    0.15841E-02
  1.000  0.360  0.900   -0.42992E-03
  1.000  0.380  0.900   -0.25889E-02
  1.000  0.400  0.900   -0.44412E-02
  1.000  0.420  0.900   -0.56804E-02
  1.000  0.440  0.900   -0.62445E-02
  1.000  0.460  0.900   -0.63061E-02
  1.000  0.480  0.900   -0.61622E-02
  1.000  0.500  0.900   -0.60791E-02
  1.000  0.520  0.900   -0.61622E-02
  1.000  0.540  0.900   -0.63061E-02
  1.000  0.560  0.900   -0.62445E-02
  1.000  0.580  0.900   -0.56804E-02
  1.000  0.600  0.900   -0.44412E-02
  1.000  0.620  0.900   -0.25889E-02
  1.000  0.640  0.900   -0.42992E-03
  1.000  0.660  0.900    0.15841E-02
  1.000  0.680  0.900    0.30208E-02
  1.000  0.700  0.900    0.36189E-02
  1.000  0.720  0.900    0.33595E-02
  1.000  0.740  0.900    0.24356E-02
  1.000  0.760  0.900    0.11506E-02
  1.000  0.780  0.900   -0.19629E-03
  1.000  0.800  0.900   -0.13889E-02
  1.000  0.820  0.900   -0.23196E-02
  1.000  0.840  0.900   -0.29729E-02
  1.000  0.860  0.900   -0.33894E-02
  1.000  0.880  0.900   -0.36316E-02
  1.000  0.900  0.900   -0.37597E-02
  1.000  0.920  0.900   -0.38196E-02
  1.000  0.940  0.900   -0.38401E-02
  1.000  0.960  0.900   -0.38335E-02
  1.000  0.980  0.900   -0.37998E-02
  1.000  1.000  0.900   -0.37311E-02
  1.000  0.000  0.920   -0.43727E-02
  1.000  0.020  0.920   -0.42832E-02
  1.000  0.040  0.920   -0.41809E-02
  1.000  0.060  0.920   -0.40717E-02
  1.000  0.080  0.920   -0.39549E-02
  1.000  0.100  0.920   -0.38196E-02
  1.000  0.120  0.920   -0.36409E-02
  1.000  0.140  0.920   -0.33765E-02
  1.000  0.160  0.920   -0.29683E-02
  1.000  0.180  0.920   -0.23533E-02
  1.000  0.200  0.920   -0.14880E-02
  1.000  0.220  0.920   -0.38600E-03
  1.000  0.240  0.920    0.84492E-03
  1.000  0.260  0.920    0.19875E-02
  1.000  0.280  0.920    0.27473E-02
  1.000  0.300  0.920    0.28389E-02
  1.000  0.320  0.920    0.21018E-02
  1.000  0.340  0.920    0.59184E-03
  1.000  0.360  0.920   -0.14057E-02
  1.000  0.380  0.920   -0.34622E-02
  1.000  0.400  0.920   -0.51592E-02
  1.000  0.420  0.920   -0.62372E-02
  1.000  0.440  0.920   -0.66739E-02
  1.000  0.460  0.920   -0.66577E-02
  1.000  0.480  0.920   -0.64783E-02
  1.000  0.500  0.920   -0.63860E-02
  1.000  0.520  0.920   -0.64783E-02
  1.000  0.540  0.920   -0.66577E-02
  1.000  0.560  0.920   -0.66739E-02
  1.000  0.580  0.920   -0.62372E-02
  1.000  0.600  0.920   -0.51592E-02
  1.000  0.620  0.920   -0.34622E-02
  1.000  0.640  0.920   -0.14057E-02
  1.000  0.660  0.920    0.59184E-03
  1.000  0.680  0.920    0.21018E-02
  1.000  0.700  0.920    0.28389E-02
  1.000  0.720  0.920    0.27473E-02
  1.000  0.740  0.920    0.19875E-02
  1.000  0.760  0.920    0.84492E-03
  1.000  0.780  0.920   -0.38600E-03
  1.000  0.800  0.920   -0.14880E-02
  1.000  0.820  0.920   -0.23533E-02
  1.000  0.840  0.920   -0.29683E-02
  1.000  0.860  0.920   -0.33765E-02
  1.000  0.880  0.920   -0.36409E-02
  1.000  0.900  0.920   -0.38196E-02
  1.000  0.920  0.920   -0.39549E-02
  1.000  0.940  0.920   -0.40717E-02
  1.000  0.960  0.920   -0.41809E-02
  1.000  0.980  0.920   -0.42832E-02
  1.000  1.000  0.920   -0.43727E-02
  1.000  0.000  0.940   -0.50018E-02
  1.000  0.020  0.940   -0.47579E-02
  1.000  0.040  0.940   -0.45225E-02
  1.000  0.060  0.940   -0.42953E-02
  1.000  0.080  0.940   -0.40717E-02
  1.000  0.100  0.940   -0.38401E-02
  1.000  0.120  0.940   -0.35779E-02
  1.000  0.140  0.940   -0.32491E-02
  1.000  0.160  0.940   -0.28049E-02
  1.000  0.180  0.940   -0.21945E-02
  1.000  0.200  0.940   -0.13887E-02
  1.000  0.220  0.940   -0.41344E-03
  1.000  0.240  0.940    0.61782E-03
  1.000  0.260  0.940    0.14977E-02
  1.000  0.280  0.940    0.19636E-02
  1.000  0.300  0.940    0.17833E-02
  1.000  0.320  0.940    0.85743E-03
  1.000  0.340  0.940   -0.71067E-03
  1.000  0.360  0.940   -0.26242E-02
  1.000  0.380  0.940   -0.44869E-02
  1.000  0.400  0.940   -0.59437E-02
  1.000  0.420  0.940   -0.68029E-02
  1.000  0.440  0.940   -0.70861E-02
  1.000  0.460  0.940   -0.69892E-02
  1.000  0.480  0.940   -0.67807E-02
  1.000  0.500  0.940   -0.66828E-02
  1.000  0.520  0.940   -0.67807E-02
  1.000  0.540  0.940   -0.69892E-02
  1.000  0.560  0.940   -0.70861E-02
  1.000  0.580  0.940   -0.68029E-02
  1.000  0.600  0.940   -0.59437E-02
  1.000  0.620  0.940   -0.44869E-02
  1.000  0.640  0.940   -0.26242E-02
  1.000  0.660  0.940   -0.71067E-03
  1.000  0.680  0.940    0.85743E-03
  1.000  0.700  0.940    0.17833E-02
  1.000  0.720  0.940    0.19636E-02
  1.000  0.740  0.940    0.14977E-02
  1.000  0.760  0.940    0.61782E-03
  1.000  0.780  0.940   -0.41344E-03
  1.000  0.800  0.940   -0.13887E-02
  1.000  0.820  0.940   -0.21945E-02
  1.000  0.840  0.940   -0.28049E-02
  1.000  0.860  0.940   -0.32491E-02
  1.000  0.880  0.940   -0.35779E-02
  1.000  0.900  0.940   -0.38401E-02
  1.000  0.920  0.940   -0.40717E-02
  1.000  0.940  0.940   -0.42953E-02
  1.000  0.960  0.940   -0.45225E-02
  1.000  0.980  0.940   -0.47579E-02
  1.000  1.000  0.940   -0.50018E-02
  1.000  0.000  0.960   -0.56434E-02
  1.000  0.020  0.960   -0.52436E-02
  1.000  0.040  0.960   -0.48731E-02
  1.000  0.060  0.960   -0.45225E-02
  1.000  0.080  0.960   -0.41809E-02
  1.000  0.100  0.960   -0.38335E-02
  1.000  0.120  0.960   -0.34589E-02
  1.000  0.140  0.960   -0.30284E-02
  1.000  0.160  0.960   -0.25090E-02
  1.000  0.180  0.960   -0.18744E-02
  1.000  0.200  0.960   -0.11253E-02
  1.000  0.220  0.960   -0.31476E-03
  1.000  0.240  0.960    0.43383E-03
  1.000  0.260  0.960    0.93472E-03
  1.000  0.280  0.960    0.98472E-03
  1.000  0.300  0.960    0.43878E-03
  1.000  0.320  0.960   -0.71430E-03
  1.000  0.340  0.960   -0.23168E-02
  1.000  0.360  0.960   -0.40750E-02
  1.000  0.380  0.960   -0.56533E-02
  1.000  0.400  0.960   -0.67887E-02
  1.000  0.420  0.960   -0.73748E-02
  1.000  0.440  0.960   -0.74800E-02
  1.000  0.460  0.960   -0.72990E-02
  1.000  0.480  0.960   -0.70664E-02
  1.000  0.500  0.960   -0.69659E-02
  1.000  0.520  0.960   -0.70664E-02
  1.000  0.540  0.960   -0.72990E-02
  1.000  0.560  0.960   -0.74800E-02
  1.000  0.580  0.960   -0.73748E-02
  1.000  0.600  0.960   -0.67887E-02
  1.000  0.620  0.960   -0.56533E-02
  1.000  0.640  0.960   -0.40750E-02
  1.000  0.660  0.960   -0.23168E-02
  1.000  0.680  0.960   -0.71430E-03
  1.000  0.700  0.960    0.43878E-03
  1.000  0.720  0.960    0.98472E-03
  1.000  0.740  0.960    0.93472E-03
  1.000  0.760  0.960    0.43383E-03
  1.000  0.780  0.960   -0.31476E-03
  1.000  0.800  0.960   -0.11253E-02
  1.000  0.820  0.960   -0.18744E-02
  1.000  0.840  0.960   -0.25090E-02
  1.000  0.860  0.960   -0.30284E-02
  1.000  0.880  0.960   -0.34589E-02
  1.000  0.900  0.960   -0.38335E-02
  1.000  0.920  0.960   -0.41809E-02
  1.000  0.940  0.960   -0.45225E-02
  1.000  0.960  0.960   -0.48731E-02
  1.000  0.980  0.960   -0.52436E-02
  1.000  1.000  0.960   -0.56434E-02
  1.000  0.000  0.980   -0.63265E-02
  1.000  0.020  0.980   -0.57597E-02
  1.000  0.040  0.980   -0.52436E-02
  1.000  0.060  0.980   -0.47579E-02
  1.000  0.080  0.980   -0.42832E-02
  1.000  0.100  0.980   -0.37998E-02
  1.000  0.120  0.980   -0.32872E-02
  1.000  0.140  0.980   -0.27259E-02
  1.000  0.160  0.980   -0.21050E-02
  1.000  0.180  0.980   -0.14333E-02
  1.000  0.200  0.980   -0.75450E-03
  1.000  0.220  0.980   -0.15828E-03
  1.000  0.240  0.980    0.22249E-03
  1.000  0.260  0.980    0.23815E-03
  1.000  0.280  0.980   -0.22880E-03
  1.000  0.300  0.980   -0.12075E-02
  1.000  0.320  0.980   -0.26023E-02
  1.000  0.340  0.980   -0.42005E-02
  1.000  0.360  0.980   -0.57285E-02
  1.000  0.380  0.980   -0.69376E-02
  1.000  0.400  0.980   -0.76804E-02
  1.000  0.420  0.980   -0.79481E-02
  1.000  0.440  0.980   -0.78554E-02
  1.000  0.460  0.980   -0.75879E-02
  1.000  0.480  0.980   -0.73351E-02
  1.000  0.500  0.980   -0.72344E-02
  1.000  0.520  0.980   -0.73351E-02
  1.000  0.540  0.980   -0.75879E-02
  1.000  0.560  0.980   -0.78554E-02
  1.000  0.580  0.980   -0.79481E-02
  1.000  0.600  0.980   -0.76804E-02
  1.000  0.620  0.980   -0.69376E-02
  1.000  0.640  0.980   -0.57285E-02
  1.000  0.660  0.980   -0.42005E-02
  1.000  0.680  0.980   -0.26023E-02
  1.000  0.700  0.980   -0.12075E-02
  1.000  0.720  0.980   -0.22880E-03
  1.000  0.740  0.980    0.23815E-03
  1.000  0.760  0.980    0.22249E-03
  1.000  0.780  0.980   -0.15828E-03
  1.000  0.800  0.980   -0.75450E-03
  1.000  0.820  0.980   -0.14333E-02
  1.000  0.840  0.980   -0.21050E-02
  1.000  0.860  0.980   -0.27259E-02
  1.000  0.880  0.980   -0.32872E-02
  1.000  0.900  0.980   -0.37998E-02
  1.000  0.920  0.980   -0.42832E-02
  1.000  0.940  0.980   -0.47579E-02
  1.000  0.960  0.980   -0.52436E-02
  1.000  0.980  0.980   -0.57597E-02
  1.000  1.000  0.980   -0.63265E-02
  1.000  0.000  1.000    0.00000E+00
  1.000  0.020  1.000   -0.63265E-02
  1.000  0.040  1.000   -0.56434E-02
  1.000  0.060  1.000   -0.50018E-02
  1.000  0.080  1.000   -0.43727E-02
  1.000  0.100  1.000   -0.37311E-02
  1.000  0.120  1.000   -0.30583E-02
  1.000  0.140  1.000   -0.23488E-02
  1.000  0.160  1.000   -0.16202E-02
  1.000  0.180  1.000   -0.92513E-03
  1.000  0.200  1.000   -0.35719E-03
  1.000  0.220  1.000   -0.43745E-04
  1.000  0.240  1.000   -0.11848E-03
  1.000  0.260  1.000   -0.67661E-03
  1.000  0.280  1.000   -0.17271E-02
  1.000  0.300  1.000   -0.31647E-02
  1.000  0.320  1.000   -0.47807E-02
  1.000  0.340  1.000   -0.63161E-02
  1.000  0.360  1.000   -0.75372E-02
  1.000  0.380  1.000   -0.83037E-02
  1.000  0.400  1.000   -0.85988E-02
  1.000  0.420  1.000   -0.85164E-02
  1.000  0.440  1.000   -0.82141E-02
  1.000  0.460  1.000   -0.78597E-02
  1.000  0.480  1.000   -0.75901E-02
  1.000  0.500  1.000   -0.74907E-02
  1.000  0.520  1.000   -0.75901E-02
  1.000  0.540  1.000   -0.78597E-02
  1.000  0.560  1.000   -0.82141E-02
  1.000  0.580  1.000   -0.85164E-02
  1.000  0.600  1.000   -0.85988E-02
  1.000  0.620  1.000   -0.83037E-02
  1.000  0.640  1.000   -0.75372E-02
  1.000  0.660  1.000   -0.63161E-02
  1.000  0.680  1.000   -0.47807E-02
  1.000  0.700  1.000   -0.31647E-02
  1.000  0.720  1.000   -0.17271E-02
  1.000  0.740  1.000   -0.67661E-03
  1.000  0.760  1.000   -0.11848E-03
  1.000  0.780  1.000   -0.43745E-04
  1.000  0.800  1.000   -0.35719E-03
  1.000  0.820  1.000   -0.92513E-03
  1.000  0.840  1.000   -0.16202E-02
  1.000  0.860  1.000   -0.23488E-02
  1.000  0.880  1.000   -0.30583E-02
  1.000  0.900  1.000   -0.37311E-02
  1.000  0.920  1.000   -0.43727E-02
  1.000  0.940  1.000   -0.50018E-02
  1.000  0.960  1.000   -0.56434E-02
  1.000  0.980  1.000   -0.63265E-02
  1.000  1.000  1.000    0.00000E+00
