  0.250  0.000  0.000    0.00000E+00
  0.250  0.020  0.000    0.24085E-08
  0.250  0.040  0.000    0.77125E-08
  0.250  0.060  0.000    0.23165E-07
  0.250  0.080  0.000    0.65663E-07
  0.250  0.100  0.000    0.17579E-06
  0.250  0.120  0.000    0.44466E-06
  0.250  0.140  0.000    0.10633E-05
  0.250  0.160  0.000    0.24051E-05
  0.250  0.180  0.000    0.51493E-05
  0.250  0.200  0.000    0.10443E-04
  0.250  0.220  0.000    0.20078E-04
  0.250  0.240  0.000    0.36632E-04
  0.250  0.260  0.000    0.63485E-04
  0.250  0.280  0.000    0.10462E-03
  0.250  0.300  0.000    0.16415E-03
  0.250  0.320  0.000    0.24549E-03
  0.250  0.340  0.000    0.35037E-03
  0.250  0.360  0.000    0.47782E-03
  0.250  0.380  0.000    0.62342E-03
  0.250  0.400  0.000    0.77903E-03
  0.250  0.420  0.000    0.93335E-03
  0.250  0.440  0.000    0.10731E-02
  0.250  0.460  0.000    0.11849E-02
  0.250  0.480  0.000    0.12573E-02
  0.250  0.500  0.000    0.12823E-02
  0.250  0.520  0.000    0.12573E-02
  0.250  0.540  0.000    0.11849E-02
  0.250  0.560  0.000    0.10731E-02
  0.250  0.580  0.000    0.93335E-03
  0.250  0.600  0.000    0.77903E-03
  0.250  0.620  0.000    0.62342E-03
  0.250  0.640  0.000    0.47782E-03
  0.250  0.660  0.000    0.35037E-03
  0.250  0.680  0.000    0.24549E-03
  0.250  0.700  0.000    0.16415E-03
  0.250  0.720  0.000    0.10462E-03
  0.250  0.740  0.000    0.63485E-04
  0.250  0.760  0.000    0.36632E-04
  0.250  0.780  0.000    0.20078E-04
  0.250  0.800  0.000    0.10443E-04
  0.250  0.820  0.000    0.51493E-05
  0.250  0.840  0.000    0.24051E-05
  0.250  0.860  0.000    0.10633E-05
  0.250  0.880  0.000    0.44466E-06
  0.250  0.900  0.000    0.17579E-06
  0.250  0.920  0.000    0.65663E-07
  0.250  0.940  0.000    0.23165E-07
  0.250  0.960  0.000    0.77125E-08
  0.250  0.980  0.000    0.24085E-08
  0.250  1.000  0.000    0.00000E+00
  0.250  0.000  0.020    0.24085E-08
  0.250  0.020  0.020    0.87233E-08
  0.250  0.040  0.020    0.26970E-07
  0.250  0.060  0.020    0.78199E-07
  0.250  0.080  0.020    0.21407E-06
  0.250  0.100  0.020    0.55374E-06
  0.250  0.120  0.020    0.13542E-05
  0.250  0.140  0.020    0.31329E-05
  0.250  0.160  0.020    0.68607E-05
  0.250  0.180  0.020    0.14232E-04
  0.250  0.200  0.020    0.27992E-04
  0.250  0.220  0.020    0.52249E-04
  0.250  0.240  0.020    0.92648E-04
  0.250  0.260  0.020    0.15625E-03
  0.250  0.280  0.020    0.25094E-03
  0.250  0.300  0.020    0.38426E-03
  0.250  0.320  0.020    0.56184E-03
  0.250  0.340  0.020    0.78542E-03
  0.250  0.360  0.020    0.10513E-02
  0.250  0.380  0.020    0.13490E-02
  0.250  0.400  0.020    0.16619E-02
  0.250  0.420  0.020    0.19676E-02
  0.250  0.440  0.020    0.22412E-02
  0.250  0.460  0.020    0.24581E-02
  0.250  0.480  0.020    0.25975E-02
  0.250  0.500  0.020    0.26456E-02
  0.250  0.520  0.020    0.25975E-02
  0.250  0.540  0.020    0.24581E-02
  0.250  0.560  0.020    0.22412E-02
  0.250  0.580  0.020    0.19676E-02
  0.250  0.600  0.020    0.16619E-02
  0.250  0.620  0.020    0.13490E-02
  0.250  0.640  0.020    0.10513E-02
  0.250  0.660  0.020    0.78542E-03
  0.250  0.680  0.020    0.56184E-03
  0.250  0.700  0.020    0.38426E-03
  0.250  0.720  0.020    0.25094E-03
  0.250  0.740  0.020    0.15625E-03
  0.250  0.760  0.020    0.92648E-04
  0.250  0.780  0.020    0.52249E-04
  0.250  0.800  0.020    0.27992E-04
  0.250  0.820  0.020    0.14232E-04
  0.250  0.840  0.020    0.68607E-05
  0.250  0.860  0.020    0.31329E-05
  0.250  0.880  0.020    0.13542E-05
  0.250  0.900  0.020    0.55374E-06
  0.250  0.920  0.020    0.21407E-06
  0.250  0.940  0.020    0.78199E-07
  0.250  0.960  0.020    0.26970E-07
  0.250  0.980  0.020    0.87233E-08
  0.250  1.000  0.020    0.24085E-08
  0.250  0.000  0.040    0.77125E-08
  0.250  0.020  0.040    0.26970E-07
  0.250  0.040  0.040    0.81775E-07
  0.250  0.060  0.040    0.23271E-06
  0.250  0.080  0.040    0.62510E-06
  0.250  0.100  0.040    0.15863E-05
  0.250  0.120  0.040    0.38050E-05
  0.250  0.140  0.040    0.86321E-05
  0.250  0.160  0.040    0.18535E-04
  0.250  0.180  0.040    0.37697E-04
  0.250  0.200  0.040    0.72693E-04
  0.250  0.220  0.040    0.13304E-03
  0.250  0.240  0.040    0.23137E-03
  0.250  0.260  0.040    0.38281E-03
  0.250  0.280  0.040    0.60343E-03
  0.250  0.300  0.040    0.90758E-03
  0.250  0.320  0.040    0.13044E-02
  0.250  0.340  0.040    0.17944E-02
  0.250  0.360  0.040    0.23663E-02
  0.250  0.380  0.040    0.29960E-02
  0.250  0.400  0.040    0.36475E-02
  0.250  0.420  0.040    0.42758E-02
  0.250  0.440  0.040    0.48319E-02
  0.250  0.460  0.040    0.52690E-02
  0.250  0.480  0.040    0.55484E-02
  0.250  0.500  0.040    0.56445E-02
  0.250  0.520  0.040    0.55484E-02
  0.250  0.540  0.040    0.52690E-02
  0.250  0.560  0.040    0.48319E-02
  0.250  0.580  0.040    0.42758E-02
  0.250  0.600  0.040    0.36475E-02
  0.250  0.620  0.040    0.29960E-02
  0.250  0.640  0.040    0.23663E-02
  0.250  0.660  0.040    0.17944E-02
  0.250  0.680  0.040    0.13044E-02
  0.250  0.700  0.040    0.90758E-03
  0.250  0.720  0.040    0.60343E-03
  0.250  0.740  0.040    0.38281E-03
  0.250  0.760  0.040    0.23137E-03
  0.250  0.780  0.040    0.13304E-03
  0.250  0.800  0.040    0.72693E-04
  0.250  0.820  0.040    0.37697E-04
  0.250  0.840  0.040    0.18535E-04
  0.250  0.860  0.040    0.86321E-05
  0.250  0.880  0.040    0.38050E-05
  0.250  0.900  0.040    0.15863E-05
  0.250  0.920  0.040    0.62510E-06
  0.250  0.940  0.040    0.23271E-06
  0.250  0.960  0.040    0.81775E-07
  0.250  0.980  0.040    0.26970E-07
  0.250  1.000  0.040    0.77125E-08
  0.250  0.000  0.060    0.23165E-07
  0.250  0.020  0.060    0.78199E-07
  0.250  0.040  0.060    0.23271E-06
  0.250  0.060  0.060    0.65055E-06
  0.250  0.080  0.060    0.17164E-05
  0.250  0.100  0.060    0.42773E-05
  0.250  0.120  0.060    0.10073E-04
  0.250  0.140  0.060    0.22430E-04
  0.250  0.160  0.060    0.47265E-04
  0.250  0.180  0.060    0.94331E-04
  0.250  0.200  0.060    0.17849E-03
  0.250  0.220  0.060    0.32054E-03
  0.250  0.240  0.060    0.54708E-03
  0.250  0.260  0.060    0.88856E-03
  0.250  0.280  0.060    0.13755E-02
  0.250  0.300  0.060    0.20328E-02
  0.250  0.320  0.060    0.28730E-02
  0.250  0.340  0.060    0.38900E-02
  0.250  0.360  0.060    0.50549E-02
  0.250  0.380  0.060    0.63155E-02
  0.250  0.400  0.060    0.75993E-02
  0.250  0.420  0.060    0.88203E-02
  0.250  0.440  0.060    0.98888E-02
  0.250  0.460  0.060    0.10721E-01
  0.250  0.480  0.060    0.11250E-01
  0.250  0.500  0.060    0.11431E-01
  0.250  0.520  0.060    0.11250E-01
  0.250  0.540  0.060    0.10721E-01
  0.250  0.560  0.060    0.98888E-02
  0.250  0.580  0.060    0.88203E-02
  0.250  0.600  0.060    0.75993E-02
  0.250  0.620  0.060    0.63155E-02
  0.250  0.640  0.060    0.50549E-02
  0.250  0.660  0.060    0.38900E-02
  0.250  0.680  0.060    0.28730E-02
  0.250  0.700  0.060    0.20328E-02
  0.250  0.720  0.060    0.13755E-02
  0.250  0.740  0.060    0.88856E-03
  0.250  0.760  0.060    0.54708E-03
  0.250  0.780  0.060    0.32054E-03
  0.250  0.800  0.060    0.17849E-03
  0.250  0.820  0.060    0.94331E-04
  0.250  0.840  0.060    0.47265E-04
  0.250  0.860  0.060    0.22430E-04
  0.250  0.880  0.060    0.10073E-04
  0.250  0.900  0.060    0.42773E-05
  0.250  0.920  0.060    0.17164E-05
  0.250  0.940  0.060    0.65055E-06
  0.250  0.960  0.060    0.23271E-06
  0.250  0.980  0.060    0.78199E-07
  0.250  1.000  0.060    0.23165E-07
  0.250  0.000  0.080    0.65663E-07
  0.250  0.020  0.080    0.21407E-06
  0.250  0.040  0.080    0.62510E-06
  0.250  0.060  0.080    0.17164E-05
  0.250  0.080  0.080    0.44474E-05
  0.250  0.100  0.080    0.10881E-04
  0.250  0.120  0.080    0.25148E-04
  0.250  0.140  0.080    0.54946E-04
  0.250  0.160  0.080    0.11358E-03
  0.250  0.180  0.080    0.22233E-03
  0.250  0.200  0.080    0.41254E-03
  0.250  0.220  0.080    0.72654E-03
  0.250  0.240  0.080    0.12161E-02
  0.250  0.260  0.080    0.19374E-02
  0.250  0.280  0.080    0.29428E-02
  0.250  0.300  0.080    0.42697E-02
  0.250  0.320  0.080    0.59284E-02
  0.250  0.340  0.080    0.78932E-02
  0.250  0.360  0.080    0.10098E-01
  0.250  0.380  0.080    0.12438E-01
  0.250  0.400  0.080    0.14780E-01
  0.250  0.420  0.080    0.16973E-01
  0.250  0.440  0.080    0.18868E-01
  0.250  0.460  0.080    0.20329E-01
  0.250  0.480  0.080    0.21251E-01
  0.250  0.500  0.080    0.21566E-01
  0.250  0.520  0.080    0.21251E-01
  0.250  0.540  0.080    0.20329E-01
  0.250  0.560  0.080    0.18868E-01
  0.250  0.580  0.080    0.16973E-01
  0.250  0.600  0.080    0.14780E-01
  0.250  0.620  0.080    0.12438E-01
  0.250  0.640  0.080    0.10098E-01
  0.250  0.660  0.080    0.78932E-02
  0.250  0.680  0.080    0.59284E-02
  0.250  0.700  0.080    0.42697E-02
  0.250  0.720  0.080    0.29428E-02
  0.250  0.740  0.080    0.19374E-02
  0.250  0.760  0.080    0.12161E-02
  0.250  0.780  0.080    0.72654E-03
  0.250  0.800  0.080    0.41254E-03
  0.250  0.820  0.080    0.22233E-03
  0.250  0.840  0.080    0.11358E-03
  0.250  0.860  0.080    0.54946E-04
  0.250  0.880  0.080    0.25148E-04
  0.250  0.900  0.080    0.10881E-04
  0.250  0.920  0.080    0.44474E-05
  0.250  0.940  0.080    0.17164E-05
  0.250  0.960  0.080    0.62510E-06
  0.250  0.980  0.080    0.21407E-06
  0.250  1.000  0.080    0.65663E-07
  0.250  0.000  0.100    0.17579E-06
  0.250  0.020  0.100    0.55374E-06
  0.250  0.040  0.100    0.15863E-05
  0.250  0.060  0.100    0.42773E-05
  0.250  0.080  0.100    0.10881E-04
  0.250  0.100  0.100    0.26124E-04
  0.250  0.120  0.100    0.59233E-04
  0.250  0.140  0.100    0.12692E-03
  0.250  0.160  0.100    0.25720E-03
  0.250  0.180  0.100    0.49344E-03
  0.250  0.200  0.100    0.89720E-03
  0.250  0.220  0.100    0.15481E-02
  0.250  0.240  0.100    0.25386E-02
  0.250  0.260  0.100    0.39627E-02
  0.250  0.280  0.100    0.58992E-02
  0.250  0.300  0.100    0.83920E-02
  0.250  0.320  0.100    0.11432E-01
  0.250  0.340  0.100    0.14948E-01
  0.250  0.360  0.100    0.18802E-01
  0.250  0.380  0.100    0.22804E-01
  0.250  0.400  0.100    0.26727E-01
  0.250  0.420  0.100    0.30336E-01
  0.250  0.440  0.100    0.33407E-01
  0.250  0.460  0.100    0.35747E-01
  0.250  0.480  0.100    0.37211E-01
  0.250  0.500  0.100    0.37709E-01
  0.250  0.520  0.100    0.37211E-01
  0.250  0.540  0.100    0.35747E-01
  0.250  0.560  0.100    0.33407E-01
  0.250  0.580  0.100    0.30336E-01
  0.250  0.600  0.100    0.26727E-01
  0.250  0.620  0.100    0.22804E-01
  0.250  0.640  0.100    0.18802E-01
  0.250  0.660  0.100    0.14948E-01
  0.250  0.680  0.100    0.11432E-01
  0.250  0.700  0.100    0.83920E-02
  0.250  0.720  0.100    0.58992E-02
  0.250  0.740  0.100    0.39627E-02
  0.250  0.760  0.100    0.25386E-02
  0.250  0.780  0.100    0.15481E-02
  0.250  0.800  0.100    0.89720E-03
  0.250  0.820  0.100    0.49344E-03
  0.250  0.840  0.100    0.25720E-03
  0.250  0.860  0.100    0.12692E-03
  0.250  0.880  0.100    0.59233E-04
  0.250  0.900  0.100    0.26124E-04
  0.250  0.920  0.100    0.10881E-04
  0.250  0.940  0.100    0.42773E-05
  0.250  0.960  0.100    0.15863E-05
  0.250  0.980  0.100    0.55374E-06
  0.250  1.000  0.100    0.17579E-06
  0.250  0.000  0.120    0.44466E-06
  0.250  0.020  0.120    0.13542E-05
  0.250  0.040  0.120    0.38050E-05
  0.250  0.060  0.120    0.10073E-04
  0.250  0.080  0.120    0.25148E-04
  0.250  0.100  0.120    0.59233E-04
  0.250  0.120  0.120    0.13169E-03
  0.250  0.140  0.120    0.27658E-03
  0.250  0.160  0.120    0.54913E-03
  0.250  0.180  0.120    0.10317E-02
  0.250  0.200  0.120    0.18366E-02
  0.250  0.220  0.120    0.31016E-02
  0.250  0.240  0.120    0.49771E-02
  0.250  0.260  0.120    0.76027E-02
  0.250  0.280  0.120    0.11077E-01
  0.250  0.300  0.120    0.15427E-01
  0.250  0.320  0.120    0.20588E-01
  0.250  0.340  0.120    0.26392E-01
  0.250  0.360  0.120    0.32585E-01
  0.250  0.380  0.120    0.38852E-01
  0.250  0.400  0.120    0.44849E-01
  0.250  0.420  0.120    0.50246E-01
  0.250  0.440  0.120    0.54752E-01
  0.250  0.460  0.120    0.58136E-01
  0.250  0.480  0.120    0.60231E-01
  0.250  0.500  0.120    0.60941E-01
  0.250  0.520  0.120    0.60231E-01
  0.250  0.540  0.120    0.58136E-01
  0.250  0.560  0.120    0.54752E-01
  0.250  0.580  0.120    0.50246E-01
  0.250  0.600  0.120    0.44849E-01
  0.250  0.620  0.120    0.38852E-01
  0.250  0.640  0.120    0.32585E-01
  0.250  0.660  0.120    0.26392E-01
  0.250  0.680  0.120    0.20588E-01
  0.250  0.700  0.120    0.15427E-01
  0.250  0.720  0.120    0.11077E-01
  0.250  0.740  0.120    0.76027E-02
  0.250  0.760  0.120    0.49771E-02
  0.250  0.780  0.120    0.31016E-02
  0.250  0.800  0.120    0.18366E-02
  0.250  0.820  0.120    0.10317E-02
  0.250  0.840  0.120    0.54913E-03
  0.250  0.860  0.120    0.27658E-03
  0.250  0.880  0.120    0.13169E-03
  0.250  0.900  0.120    0.59233E-04
  0.250  0.920  0.120    0.25148E-04
  0.250  0.940  0.120    0.10073E-04
  0.250  0.960  0.120    0.38050E-05
  0.250  0.980  0.120    0.13542E-05
  0.250  1.000  0.120    0.44466E-06
  0.250  0.000  0.140    0.10633E-05
  0.250  0.020  0.140    0.31329E-05
  0.250  0.040  0.140    0.86321E-05
  0.250  0.060  0.140    0.22430E-04
  0.250  0.080  0.140    0.54946E-04
  0.250  0.100  0.140    0.12692E-03
  0.250  0.120  0.140    0.27658E-03
  0.250  0.140  0.140    0.56901E-03
  0.250  0.160  0.140    0.11061E-02
  0.250  0.180  0.140    0.20335E-02
  0.250  0.200  0.140    0.35405E-02
  0.250  0.220  0.140    0.58456E-02
  0.250  0.240  0.140    0.91682E-02
  0.250  0.260  0.140    0.13685E-01
  0.250  0.280  0.140    0.19483E-01
  0.250  0.300  0.140    0.26520E-01
  0.250  0.320  0.140    0.34605E-01
  0.250  0.340  0.140    0.43409E-01
  0.250  0.360  0.140    0.52505E-01
  0.250  0.380  0.140    0.61422E-01
  0.250  0.400  0.140    0.69702E-01
  0.250  0.420  0.140    0.76950E-01
  0.250  0.440  0.140    0.82856E-01
  0.250  0.460  0.140    0.87206E-01
  0.250  0.480  0.140    0.89863E-01
  0.250  0.500  0.140    0.90755E-01
  0.250  0.520  0.140    0.89863E-01
  0.250  0.540  0.140    0.87206E-01
  0.250  0.560  0.140    0.82856E-01
  0.250  0.580  0.140    0.76950E-01
  0.250  0.600  0.140    0.69702E-01
  0.250  0.620  0.140    0.61422E-01
  0.250  0.640  0.140    0.52505E-01
  0.250  0.660  0.140    0.43409E-01
  0.250  0.680  0.140    0.34605E-01
  0.250  0.700  0.140    0.26520E-01
  0.250  0.720  0.140    0.19483E-01
  0.250  0.740  0.140    0.13685E-01
  0.250  0.760  0.140    0.91682E-02
  0.250  0.780  0.140    0.58456E-02
  0.250  0.800  0.140    0.35405E-02
  0.250  0.820  0.140    0.20335E-02
  0.250  0.840  0.140    0.11061E-02
  0.250  0.860  0.140    0.56901E-03
  0.250  0.880  0.140    0.27658E-03
  0.250  0.900  0.140    0.12692E-03
  0.250  0.920  0.140    0.54946E-04
  0.250  0.940  0.140    0.22430E-04
  0.250  0.960  0.140    0.86321E-05
  0.250  0.980  0.140    0.31329E-05
  0.250  1.000  0.140    0.10633E-05
  0.250  0.000  0.160    0.24051E-05
  0.250  0.020  0.160    0.68607E-05
  0.250  0.040  0.160    0.18535E-04
  0.250  0.060  0.160    0.47265E-04
  0.250  0.080  0.160    0.11358E-03
  0.250  0.100  0.160    0.25720E-03
  0.250  0.120  0.160    0.54913E-03
  0.250  0.140  0.160    0.11061E-02
  0.250  0.160  0.160    0.21036E-02
  0.250  0.180  0.160    0.37814E-02
  0.250  0.200  0.160    0.64328E-02
  0.250  0.220  0.160    0.10372E-01
  0.250  0.240  0.160    0.15876E-01
  0.250  0.260  0.160    0.23120E-01
  0.250  0.280  0.160    0.32105E-01
  0.250  0.300  0.160    0.42625E-01
  0.250  0.320  0.160    0.54266E-01
  0.250  0.340  0.160    0.66456E-01
  0.250  0.360  0.160    0.78555E-01
  0.250  0.380  0.160    0.89943E-01
  0.250  0.400  0.160    0.10010E+00
  0.250  0.420  0.160    0.10866E+00
  0.250  0.440  0.160    0.11540E+00
  0.250  0.460  0.160    0.12022E+00
  0.250  0.480  0.160    0.12311E+00
  0.250  0.500  0.160    0.12407E+00
  0.250  0.520  0.160    0.12311E+00
  0.250  0.540  0.160    0.12022E+00
  0.250  0.560  0.160    0.11540E+00
  0.250  0.580  0.160    0.10866E+00
  0.250  0.600  0.160    0.10010E+00
  0.250  0.620  0.160    0.89943E-01
  0.250  0.640  0.160    0.78555E-01
  0.250  0.660  0.160    0.66456E-01
  0.250  0.680  0.160    0.54266E-01
  0.250  0.700  0.160    0.42625E-01
  0.250  0.720  0.160    0.32105E-01
  0.250  0.740  0.160    0.23120E-01
  0.250  0.760  0.160    0.15876E-01
  0.250  0.780  0.160    0.10372E-01
  0.250  0.800  0.160    0.64328E-02
  0.250  0.820  0.160    0.37814E-02
  0.250  0.840  0.160    0.21036E-02
  0.250  0.860  0.160    0.11061E-02
  0.250  0.880  0.160    0.54913E-03
  0.250  0.900  0.160    0.25720E-03
  0.250  0.920  0.160    0.11358E-03
  0.250  0.940  0.160    0.47265E-04
  0.250  0.960  0.160    0.18535E-04
  0.250  0.980  0.160    0.68607E-05
  0.250  1.000  0.160    0.24051E-05
  0.250  0.000  0.180    0.51493E-05
  0.250  0.020  0.180    0.14232E-04
  0.250  0.040  0.180    0.37697E-04
  0.250  0.060  0.180    0.94331E-04
  0.250  0.080  0.180    0.22233E-03
  0.250  0.100  0.180    0.49344E-03
  0.250  0.120  0.180    0.10317E-02
  0.250  0.140  0.180    0.20335E-02
  0.250  0.160  0.180    0.37814E-02
  0.250  0.180  0.180    0.66404E-02
  0.250  0.200  0.180    0.11026E-01
  0.250  0.220  0.180    0.17338E-01
  0.250  0.240  0.180    0.25864E-01
  0.250  0.260  0.180    0.36681E-01
  0.250  0.280  0.180    0.49581E-01
  0.250  0.300  0.180    0.64056E-01
  0.250  0.320  0.180    0.79354E-01
  0.250  0.340  0.180    0.94602E-01
  0.250  0.360  0.180    0.10895E+00
  0.250  0.380  0.180    0.12171E+00
  0.250  0.400  0.180    0.13244E+00
  0.250  0.420  0.180    0.14095E+00
  0.250  0.440  0.180    0.14727E+00
  0.250  0.460  0.180    0.15157E+00
  0.250  0.480  0.180    0.15404E+00
  0.250  0.500  0.180    0.15485E+00
  0.250  0.520  0.180    0.15404E+00
  0.250  0.540  0.180    0.15157E+00
  0.250  0.560  0.180    0.14727E+00
  0.250  0.580  0.180    0.14095E+00
  0.250  0.600  0.180    0.13244E+00
  0.250  0.620  0.180    0.12171E+00
  0.250  0.640  0.180    0.10895E+00
  0.250  0.660  0.180    0.94602E-01
  0.250  0.680  0.180    0.79354E-01
  0.250  0.700  0.180    0.64056E-01
  0.250  0.720  0.180    0.49581E-01
  0.250  0.740  0.180    0.36681E-01
  0.250  0.760  0.180    0.25864E-01
  0.250  0.780  0.180    0.17338E-01
  0.250  0.800  0.180    0.11026E-01
  0.250  0.820  0.180    0.66404E-02
  0.250  0.840  0.180    0.37814E-02
  0.250  0.860  0.180    0.20335E-02
  0.250  0.880  0.180    0.10317E-02
  0.250  0.900  0.180    0.49344E-03
  0.250  0.920  0.180    0.22233E-03
  0.250  0.940  0.180    0.94331E-04
  0.250  0.960  0.180    0.37697E-04
  0.250  0.980  0.180    0.14232E-04
  0.250  1.000  0.180    0.51493E-05
  0.250  0.000  0.200    0.10443E-04
  0.250  0.020  0.200    0.27992E-04
  0.250  0.040  0.200    0.72693E-04
  0.250  0.060  0.200    0.17849E-03
  0.250  0.080  0.200    0.41254E-03
  0.250  0.100  0.200    0.89720E-03
  0.250  0.120  0.200    0.18366E-02
  0.250  0.140  0.200    0.35405E-02
  0.250  0.160  0.200    0.64328E-02
  0.250  0.180  0.200    0.11026E-01
  0.250  0.200  0.200    0.17851E-01
  0.250  0.220  0.200    0.27339E-01
  0.250  0.240  0.200    0.39679E-01
  0.250  0.260  0.200    0.54696E-01
  0.250  0.280  0.200    0.71793E-01
  0.250  0.300  0.200    0.90005E-01
  0.250  0.320  0.200    0.10815E+00
  0.250  0.340  0.200    0.12506E+00
  0.250  0.360  0.200    0.13978E+00
  0.250  0.380  0.200    0.15172E+00
  0.250  0.400  0.200    0.16073E+00
  0.250  0.420  0.200    0.16703E+00
  0.250  0.440  0.200    0.17108E+00
  0.250  0.460  0.200    0.17344E+00
  0.250  0.480  0.200    0.17461E+00
  0.250  0.500  0.200    0.17497E+00
  0.250  0.520  0.200    0.17461E+00
  0.250  0.540  0.200    0.17344E+00
  0.250  0.560  0.200    0.17108E+00
  0.250  0.580  0.200    0.16703E+00
  0.250  0.600  0.200    0.16073E+00
  0.250  0.620  0.200    0.15172E+00
  0.250  0.640  0.200    0.13978E+00
  0.250  0.660  0.200    0.12506E+00
  0.250  0.680  0.200    0.10815E+00
  0.250  0.700  0.200    0.90005E-01
  0.250  0.720  0.200    0.71793E-01
  0.250  0.740  0.200    0.54696E-01
  0.250  0.760  0.200    0.39679E-01
  0.250  0.780  0.200    0.27339E-01
  0.250  0.800  0.200    0.17851E-01
  0.250  0.820  0.200    0.11026E-01
  0.250  0.840  0.200    0.64328E-02
  0.250  0.860  0.200    0.35405E-02
  0.250  0.880  0.200    0.18366E-02
  0.250  0.900  0.200    0.89720E-03
  0.250  0.920  0.200    0.41254E-03
  0.250  0.940  0.200    0.17849E-03
  0.250  0.960  0.200    0.72693E-04
  0.250  0.980  0.200    0.27992E-04
  0.250  1.000  0.200    0.10443E-04
  0.250  0.000  0.220    0.20078E-04
  0.250  0.020  0.220    0.52249E-04
  0.250  0.040  0.220    0.13304E-03
  0.250  0.060  0.220    0.32054E-03
  0.250  0.080  0.220    0.72654E-03
  0.250  0.100  0.220    0.15481E-02
  0.250  0.120  0.220    0.31016E-02
  0.250  0.140  0.220    0.58456E-02
  0.250  0.160  0.220    0.10372E-01
  0.250  0.180  0.220    0.17338E-01
  0.250  0.200  0.220    0.27339E-01
  0.250  0.220  0.220    0.40723E-01
  0.250  0.240  0.220    0.57401E-01
  0.250  0.260  0.220    0.76731E-01
  0.250  0.280  0.220    0.97534E-01
  0.250  0.300  0.220    0.11826E+00
  0.250  0.320  0.220    0.13729E+00
  0.250  0.340  0.220    0.15328E+00
  0.250  0.360  0.220    0.16537E+00
  0.250  0.380  0.220    0.17339E+00
  0.250  0.400  0.220    0.17773E+00
  0.250  0.420  0.220    0.17924E+00
  0.250  0.440  0.220    0.17894E+00
  0.250  0.460  0.220    0.17787E+00
  0.250  0.480  0.220    0.17687E+00
  0.250  0.500  0.220    0.17647E+00
  0.250  0.520  0.220    0.17687E+00
  0.250  0.540  0.220    0.17787E+00
  0.250  0.560  0.220    0.17894E+00
  0.250  0.580  0.220    0.17924E+00
  0.250  0.600  0.220    0.17773E+00
  0.250  0.620  0.220    0.17339E+00
  0.250  0.640  0.220    0.16537E+00
  0.250  0.660  0.220    0.15328E+00
  0.250  0.680  0.220    0.13729E+00
  0.250  0.700  0.220    0.11826E+00
  0.250  0.720  0.220    0.97534E-01
  0.250  0.740  0.220    0.76731E-01
  0.250  0.760  0.220    0.57401E-01
  0.250  0.780  0.220    0.40723E-01
  0.250  0.800  0.220    0.27339E-01
  0.250  0.820  0.220    0.17338E-01
  0.250  0.840  0.220    0.10372E-01
  0.250  0.860  0.220    0.58456E-02
  0.250  0.880  0.220    0.31016E-02
  0.250  0.900  0.220    0.15481E-02
  0.250  0.920  0.220    0.72654E-03
  0.250  0.940  0.220    0.32054E-03
  0.250  0.960  0.220    0.13304E-03
  0.250  0.980  0.220    0.52249E-04
  0.250  1.000  0.220    0.20078E-04
  0.250  0.000  0.240    0.36632E-04
  0.250  0.020  0.240    0.92648E-04
  0.250  0.040  0.240    0.23137E-03
  0.250  0.060  0.240    0.54708E-03
  0.250  0.080  0.240    0.12161E-02
  0.250  0.100  0.240    0.25386E-02
  0.250  0.120  0.240    0.49771E-02
  0.250  0.140  0.240    0.91682E-02
  0.250  0.160  0.240    0.15876E-01
  0.250  0.180  0.240    0.25864E-01
  0.250  0.200  0.240    0.39679E-01
  0.250  0.220  0.240    0.57401E-01
  0.250  0.240  0.240    0.78427E-01
  0.250  0.260  0.240    0.10142E+00
  0.250  0.280  0.240    0.12444E+00
  0.250  0.300  0.240    0.14534E+00
  0.250  0.320  0.240    0.16219E+00
  0.250  0.340  0.240    0.17373E+00
  0.250  0.360  0.240    0.17959E+00
  0.250  0.380  0.240    0.18030E+00
  0.250  0.400  0.240    0.17709E+00
  0.250  0.420  0.240    0.17153E+00
  0.250  0.440  0.240    0.16526E+00
  0.250  0.460  0.240    0.15969E+00
  0.250  0.480  0.240    0.15592E+00
  0.250  0.500  0.240    0.15459E+00
  0.250  0.520  0.240    0.15592E+00
  0.250  0.540  0.240    0.15969E+00
  0.250  0.560  0.240    0.16526E+00
  0.250  0.580  0.240    0.17153E+00
  0.250  0.600  0.240    0.17709E+00
  0.250  0.620  0.240    0.18030E+00
  0.250  0.640  0.240    0.17959E+00
  0.250  0.660  0.240    0.17373E+00
  0.250  0.680  0.240    0.16219E+00
  0.250  0.700  0.240    0.14534E+00
  0.250  0.720  0.240    0.12444E+00
  0.250  0.740  0.240    0.10142E+00
  0.250  0.760  0.240    0.78427E-01
  0.250  0.780  0.240    0.57401E-01
  0.250  0.800  0.240    0.39679E-01
  0.250  0.820  0.240    0.25864E-01
  0.250  0.840  0.240    0.15876E-01
  0.250  0.860  0.240    0.91682E-02
  0.250  0.880  0.240    0.49771E-02
  0.250  0.900  0.240    0.25386E-02
  0.250  0.920  0.240    0.12161E-02
  0.250  0.940  0.240    0.54708E-03
  0.250  0.960  0.240    0.23137E-03
  0.250  0.980  0.240    0.92648E-04
  0.250  1.000  0.240    0.36632E-04
  0.250  0.000  0.260    0.63485E-04
  0.250  0.020  0.260    0.15625E-03
  0.250  0.040  0.260    0.38281E-03
  0.250  0.060  0.260    0.88856E-03
  0.250  0.080  0.260    0.19374E-02
  0.250  0.100  0.260    0.39627E-02
  0.250  0.120  0.260    0.76027E-02
  0.250  0.140  0.260    0.13685E-01
  0.250  0.160  0.260    0.23120E-01
  0.250  0.180  0.260    0.36681E-01
  0.250  0.200  0.260    0.54696E-01
  0.250  0.220  0.260    0.76731E-01
  0.250  0.240  0.260    0.10142E+00
  0.250  0.260  0.260    0.12651E+00
  0.250  0.280  0.260    0.14928E+00
  0.250  0.300  0.260    0.16709E+00
  0.250  0.320  0.260    0.17804E+00
  0.250  0.340  0.260    0.18137E+00
  0.250  0.360  0.260    0.17761E+00
  0.250  0.380  0.260    0.16831E+00
  0.250  0.400  0.260    0.15565E+00
  0.250  0.420  0.260    0.14190E+00
  0.250  0.440  0.260    0.12913E+00
  0.250  0.460  0.260    0.11893E+00
  0.250  0.480  0.260    0.11240E+00
  0.250  0.500  0.260    0.11016E+00
  0.250  0.520  0.260    0.11240E+00
  0.250  0.540  0.260    0.11893E+00
  0.250  0.560  0.260    0.12913E+00
  0.250  0.580  0.260    0.14190E+00
  0.250  0.600  0.260    0.15565E+00
  0.250  0.620  0.260    0.16831E+00
  0.250  0.640  0.260    0.17761E+00
  0.250  0.660  0.260    0.18137E+00
  0.250  0.680  0.260    0.17804E+00
  0.250  0.700  0.260    0.16709E+00
  0.250  0.720  0.260    0.14928E+00
  0.250  0.740  0.260    0.12651E+00
  0.250  0.760  0.260    0.10142E+00
  0.250  0.780  0.260    0.76731E-01
  0.250  0.800  0.260    0.54696E-01
  0.250  0.820  0.260    0.36681E-01
  0.250  0.840  0.260    0.23120E-01
  0.250  0.860  0.260    0.13685E-01
  0.250  0.880  0.260    0.76027E-02
  0.250  0.900  0.260    0.39627E-02
  0.250  0.920  0.260    0.19374E-02
  0.250  0.940  0.260    0.88856E-03
  0.250  0.960  0.260    0.38281E-03
  0.250  0.980  0.260    0.15625E-03
  0.250  1.000  0.260    0.63485E-04
  0.250  0.000  0.280    0.10462E-03
  0.250  0.020  0.280    0.25094E-03
  0.250  0.040  0.280    0.60343E-03
  0.250  0.060  0.280    0.13755E-02
  0.250  0.080  0.280    0.29428E-02
  0.250  0.100  0.280    0.58992E-02
  0.250  0.120  0.280    0.11077E-01
  0.250  0.140  0.280    0.19483E-01
  0.250  0.160  0.280    0.32105E-01
  0.250  0.180  0.280    0.49581E-01
  0.250  0.200  0.280    0.71793E-01
  0.250  0.220  0.280    0.97534E-01
  0.250  0.240  0.280    0.12444E+00
  0.250  0.260  0.280    0.14928E+00
  0.250  0.280  0.280    0.16863E+00
  0.250  0.300  0.280    0.17973E+00
  0.250  0.320  0.280    0.18118E+00
  0.250  0.340  0.280    0.17322E+00
  0.250  0.360  0.280    0.15766E+00
  0.250  0.380  0.280    0.13724E+00
  0.250  0.400  0.280    0.11499E+00
  0.250  0.420  0.280    0.93670E-01
  0.250  0.440  0.280    0.75388E-01
  0.250  0.460  0.280    0.61560E-01
  0.250  0.480  0.280    0.53005E-01
  0.250  0.500  0.280    0.50115E-01
  0.250  0.520  0.280    0.53005E-01
  0.250  0.540  0.280    0.61560E-01
  0.250  0.560  0.280    0.75388E-01
  0.250  0.580  0.280    0.93670E-01
  0.250  0.600  0.280    0.11499E+00
  0.250  0.620  0.280    0.13724E+00
  0.250  0.640  0.280    0.15766E+00
  0.250  0.660  0.280    0.17322E+00
  0.250  0.680  0.280    0.18118E+00
  0.250  0.700  0.280    0.17973E+00
  0.250  0.720  0.280    0.16863E+00
  0.250  0.740  0.280    0.14928E+00
  0.250  0.760  0.280    0.12444E+00
  0.250  0.780  0.280    0.97534E-01
  0.250  0.800  0.280    0.71793E-01
  0.250  0.820  0.280    0.49581E-01
  0.250  0.840  0.280    0.32105E-01
  0.250  0.860  0.280    0.19483E-01
  0.250  0.880  0.280    0.11077E-01
  0.250  0.900  0.280    0.58992E-02
  0.250  0.920  0.280    0.29428E-02
  0.250  0.940  0.280    0.13755E-02
  0.250  0.960  0.280    0.60343E-03
  0.250  0.980  0.280    0.25094E-03
  0.250  1.000  0.280    0.10462E-03
  0.250  0.000  0.300    0.16415E-03
  0.250  0.020  0.300    0.38426E-03
  0.250  0.040  0.300    0.90758E-03
  0.250  0.060  0.300    0.20328E-02
  0.250  0.080  0.300    0.42697E-02
  0.250  0.100  0.300    0.83920E-02
  0.250  0.120  0.300    0.15427E-01
  0.250  0.140  0.300    0.26520E-01
  0.250  0.160  0.300    0.42625E-01
  0.250  0.180  0.300    0.64056E-01
  0.250  0.200  0.300    0.90005E-01
  0.250  0.220  0.300    0.11826E+00
  0.250  0.240  0.300    0.14534E+00
  0.250  0.260  0.300    0.16709E+00
  0.250  0.280  0.300    0.17973E+00
  0.250  0.300  0.300    0.18088E+00
  0.250  0.320  0.300    0.17018E+00
  0.250  0.340  0.300    0.14938E+00
  0.250  0.360  0.300    0.12176E+00
  0.250  0.380  0.300    0.91192E-01
  0.250  0.400  0.300    0.61271E-01
  0.250  0.420  0.300    0.34746E-01
  0.250  0.440  0.300    0.13332E-01
  0.250  0.460  0.300   -0.21430E-02
  0.250  0.480  0.300   -0.11424E-01
  0.250  0.500  0.300   -0.14509E-01
  0.250  0.520  0.300   -0.11424E-01
  0.250  0.540  0.300   -0.21430E-02
  0.250  0.560  0.300    0.13332E-01
  0.250  0.580  0.300    0.34746E-01
  0.250  0.600  0.300    0.61271E-01
  0.250  0.620  0.300    0.91192E-01
  0.250  0.640  0.300    0.12176E+00
  0.250  0.660  0.300    0.14938E+00
  0.250  0.680  0.300    0.17018E+00
  0.250  0.700  0.300    0.18088E+00
  0.250  0.720  0.300    0.17973E+00
  0.250  0.740  0.300    0.16709E+00
  0.250  0.760  0.300    0.14534E+00
  0.250  0.780  0.300    0.11826E+00
  0.250  0.800  0.300    0.90005E-01
  0.250  0.820  0.300    0.64056E-01
  0.250  0.840  0.300    0.42625E-01
  0.250  0.860  0.300    0.26520E-01
  0.250  0.880  0.300    0.15427E-01
  0.250  0.900  0.300    0.83920E-02
  0.250  0.920  0.300    0.42697E-02
  0.250  0.940  0.300    0.20328E-02
  0.250  0.960  0.300    0.90758E-03
  0.250  0.980  0.300    0.38426E-03
  0.250  1.000  0.300    0.16415E-03
  0.250  0.000  0.320    0.24549E-03
  0.250  0.020  0.320    0.56184E-03
  0.250  0.040  0.320    0.13044E-02
  0.250  0.060  0.320    0.28730E-02
  0.250  0.080  0.320    0.59284E-02
  0.250  0.100  0.320    0.11432E-01
  0.250  0.120  0.320    0.20588E-01
  0.250  0.140  0.320    0.34605E-01
  0.250  0.160  0.320    0.54266E-01
  0.250  0.180  0.320    0.79354E-01
  0.250  0.200  0.320    0.10815E+00
  0.250  0.220  0.320    0.13729E+00
  0.250  0.240  0.320    0.16219E+00
  0.250  0.260  0.320    0.17804E+00
  0.250  0.280  0.320    0.18118E+00
  0.250  0.300  0.320    0.17018E+00
  0.250  0.320  0.320    0.14630E+00
  0.250  0.340  0.320    0.11307E+00
  0.250  0.360  0.320    0.75218E-01
  0.250  0.380  0.320    0.37414E-01
  0.250  0.400  0.320    0.33188E-02
  0.250  0.420  0.320   -0.24861E-01
  0.250  0.440  0.320   -0.46271E-01
  0.250  0.460  0.320   -0.60984E-01
  0.250  0.480  0.320   -0.69489E-01
  0.250  0.500  0.320   -0.72262E-01
  0.250  0.520  0.320   -0.69489E-01
  0.250  0.540  0.320   -0.60984E-01
  0.250  0.560  0.320   -0.46271E-01
  0.250  0.580  0.320   -0.24861E-01
  0.250  0.600  0.320    0.33188E-02
  0.250  0.620  0.320    0.37414E-01
  0.250  0.640  0.320    0.75218E-01
  0.250  0.660  0.320    0.11307E+00
  0.250  0.680  0.320    0.14630E+00
  0.250  0.700  0.320    0.17018E+00
  0.250  0.720  0.320    0.18118E+00
  0.250  0.740  0.320    0.17804E+00
  0.250  0.760  0.320    0.16219E+00
  0.250  0.780  0.320    0.13729E+00
  0.250  0.800  0.320    0.10815E+00
  0.250  0.820  0.320    0.79354E-01
  0.250  0.840  0.320    0.54266E-01
  0.250  0.860  0.320    0.34605E-01
  0.250  0.880  0.320    0.20588E-01
  0.250  0.900  0.320    0.11432E-01
  0.250  0.920  0.320    0.59284E-02
  0.250  0.940  0.320    0.28730E-02
  0.250  0.960  0.320    0.13044E-02
  0.250  0.980  0.320    0.56184E-03
  0.250  1.000  0.320    0.24549E-03
  0.250  0.000  0.340    0.35037E-03
  0.250  0.020  0.340    0.78542E-03
  0.250  0.040  0.340    0.17944E-02
  0.250  0.060  0.340    0.38900E-02
  0.250  0.080  0.340    0.78932E-02
  0.250  0.100  0.340    0.14948E-01
  0.250  0.120  0.340    0.26392E-01
  0.250  0.140  0.340    0.43409E-01
  0.250  0.160  0.340    0.66456E-01
  0.250  0.180  0.340    0.94602E-01
  0.250  0.200  0.340    0.12506E+00
  0.250  0.220  0.340    0.15328E+00
  0.250  0.240  0.340    0.17373E+00
  0.250  0.260  0.340    0.18137E+00
  0.250  0.280  0.340    0.17322E+00
  0.250  0.300  0.340    0.14938E+00
  0.250  0.320  0.340    0.11307E+00
  0.250  0.340  0.340    0.69633E-01
  0.250  0.360  0.340    0.24956E-01
  0.250  0.380  0.340   -0.16003E-01
  0.250  0.400  0.340   -0.50118E-01
  0.250  0.420  0.340   -0.76211E-01
  0.250  0.440  0.340   -0.94599E-01
  0.250  0.460  0.340   -0.10640E+00
  0.250  0.480  0.340   -0.11286E+00
  0.250  0.500  0.340   -0.11490E+00
  0.250  0.520  0.340   -0.11286E+00
  0.250  0.540  0.340   -0.10640E+00
  0.250  0.560  0.340   -0.94599E-01
  0.250  0.580  0.340   -0.76211E-01
  0.250  0.600  0.340   -0.50118E-01
  0.250  0.620  0.340   -0.16003E-01
  0.250  0.640  0.340    0.24956E-01
  0.250  0.660  0.340    0.69633E-01
  0.250  0.680  0.340    0.11307E+00
  0.250  0.700  0.340    0.14938E+00
  0.250  0.720  0.340    0.17322E+00
  0.250  0.740  0.340    0.18137E+00
  0.250  0.760  0.340    0.17373E+00
  0.250  0.780  0.340    0.15328E+00
  0.250  0.800  0.340    0.12506E+00
  0.250  0.820  0.340    0.94602E-01
  0.250  0.840  0.340    0.66456E-01
  0.250  0.860  0.340    0.43409E-01
  0.250  0.880  0.340    0.26392E-01
  0.250  0.900  0.340    0.14948E-01
  0.250  0.920  0.340    0.78932E-02
  0.250  0.940  0.340    0.38900E-02
  0.250  0.960  0.340    0.17944E-02
  0.250  0.980  0.340    0.78542E-03
  0.250  1.000  0.340    0.35037E-03
  0.250  0.000  0.360    0.47782E-03
  0.250  0.020  0.360    0.10513E-02
  0.250  0.040  0.360    0.23663E-02
  0.250  0.060  0.360    0.50549E-02
  0.250  0.080  0.360    0.10098E-01
  0.250  0.100  0.360    0.18802E-01
  0.250  0.120  0.360    0.32585E-01
  0.250  0.140  0.360    0.52505E-01
  0.250  0.160  0.360    0.78555E-01
  0.250  0.180  0.360    0.10895E+00
  0.250  0.200  0.360    0.13978E+00
  0.250  0.220  0.360    0.16537E+00
  0.250  0.240  0.360    0.17959E+00
  0.250  0.260  0.360    0.17761E+00
  0.250  0.280  0.360    0.15766E+00
  0.250  0.300  0.360    0.12176E+00
  0.250  0.320  0.360    0.75218E-01
  0.250  0.340  0.360    0.24956E-01
  0.250  0.360  0.360   -0.22463E-01
  0.250  0.380  0.360   -0.62412E-01
  0.250  0.400  0.360   -0.92811E-01
  0.250  0.420  0.360   -0.11383E+00
  0.250  0.440  0.360   -0.12707E+00
  0.250  0.460  0.360   -0.13460E+00
  0.250  0.480  0.360   -0.13828E+00
  0.250  0.500  0.360   -0.13937E+00
  0.250  0.520  0.360   -0.13828E+00
  0.250  0.540  0.360   -0.13460E+00
  0.250  0.560  0.360   -0.12707E+00
  0.250  0.580  0.360   -0.11383E+00
  0.250  0.600  0.360   -0.92811E-01
  0.250  0.620  0.360   -0.62412E-01
  0.250  0.640  0.360   -0.22463E-01
  0.250  0.660  0.360    0.24956E-01
  0.250  0.680  0.360    0.75218E-01
  0.250  0.700  0.360    0.12176E+00
  0.250  0.720  0.360    0.15766E+00
  0.250  0.740  0.360    0.17761E+00
  0.250  0.760  0.360    0.17959E+00
  0.250  0.780  0.360    0.16537E+00
  0.250  0.800  0.360    0.13978E+00
  0.250  0.820  0.360    0.10895E+00
  0.250  0.840  0.360    0.78555E-01
  0.250  0.860  0.360    0.52505E-01
  0.250  0.880  0.360    0.32585E-01
  0.250  0.900  0.360    0.18802E-01
  0.250  0.920  0.360    0.10098E-01
  0.250  0.940  0.360    0.50549E-02
  0.250  0.960  0.360    0.23663E-02
  0.250  0.980  0.360    0.10513E-02
  0.250  1.000  0.360    0.47782E-03
  0.250  0.000  0.380    0.62342E-03
  0.250  0.020  0.380    0.13490E-02
  0.250  0.040  0.380    0.29960E-02
  0.250  0.060  0.380    0.63155E-02
  0.250  0.080  0.380    0.12438E-01
  0.250  0.100  0.380    0.22804E-01
  0.250  0.120  0.380    0.38852E-01
  0.250  0.140  0.380    0.61422E-01
  0.250  0.160  0.380    0.89943E-01
  0.250  0.180  0.380    0.12171E+00
  0.250  0.200  0.380    0.15172E+00
  0.250  0.220  0.380    0.17339E+00
  0.250  0.240  0.380    0.18030E+00
  0.250  0.260  0.380    0.16831E+00
  0.250  0.280  0.380    0.13724E+00
  0.250  0.300  0.380    0.91192E-01
  0.250  0.320  0.380    0.37414E-01
  0.250  0.340  0.380   -0.16003E-01
  0.250  0.360  0.380   -0.62412E-01
  0.250  0.380  0.380   -0.98040E-01
  0.250  0.400  0.380   -0.12220E+00
  0.250  0.420  0.380   -0.13651E+00
  0.250  0.440  0.380   -0.14371E+00
  0.250  0.460  0.380   -0.14660E+00
  0.250  0.480  0.380   -0.14742E+00
  0.250  0.500  0.380   -0.14754E+00
  0.250  0.520  0.380   -0.14742E+00
  0.250  0.540  0.380   -0.14660E+00
  0.250  0.560  0.380   -0.14371E+00
  0.250  0.580  0.380   -0.13651E+00
  0.250  0.600  0.380   -0.12220E+00
  0.250  0.620  0.380   -0.98040E-01
  0.250  0.640  0.380   -0.62412E-01
  0.250  0.660  0.380   -0.16003E-01
  0.250  0.680  0.380    0.37414E-01
  0.250  0.700  0.380    0.91192E-01
  0.250  0.720  0.380    0.13724E+00
  0.250  0.740  0.380    0.16831E+00
  0.250  0.760  0.380    0.18030E+00
  0.250  0.780  0.380    0.17339E+00
  0.250  0.800  0.380    0.15172E+00
  0.250  0.820  0.380    0.12171E+00
  0.250  0.840  0.380    0.89943E-01
  0.250  0.860  0.380    0.61422E-01
  0.250  0.880  0.380    0.38852E-01
  0.250  0.900  0.380    0.22804E-01
  0.250  0.920  0.380    0.12438E-01
  0.250  0.940  0.380    0.63155E-02
  0.250  0.960  0.380    0.29960E-02
  0.250  0.980  0.380    0.13490E-02
  0.250  1.000  0.380    0.62342E-03
  0.250  0.000  0.400    0.77903E-03
  0.250  0.020  0.400    0.16619E-02
  0.250  0.040  0.400    0.36475E-02
  0.250  0.060  0.400    0.75993E-02
  0.250  0.080  0.400    0.14780E-01
  0.250  0.100  0.400    0.26727E-01
  0.250  0.120  0.400    0.44849E-01
  0.250  0.140  0.400    0.69702E-01
  0.250  0.160  0.400    0.10010E+00
  0.250  0.180  0.400    0.13244E+00
  0.250  0.200  0.400    0.16073E+00
  0.250  0.220  0.400    0.17773E+00
  0.250  0.240  0.400    0.17709E+00
  0.250  0.260  0.400    0.15565E+00
  0.250  0.280  0.400    0.11499E+00
  0.250  0.300  0.400    0.61271E-01
  0.250  0.320  0.400    0.33188E-02
  0.250  0.340  0.400   -0.50118E-01
  0.250  0.360  0.400   -0.92811E-01
  0.250  0.380  0.400   -0.12220E+00
  0.250  0.400  0.400   -0.13910E+00
  0.250  0.420  0.400   -0.14646E+00
  0.250  0.440  0.400   -0.14789E+00
  0.250  0.460  0.400   -0.14661E+00
  0.250  0.480  0.400   -0.14496E+00
  0.250  0.500  0.400   -0.14427E+00
  0.250  0.520  0.400   -0.14496E+00
  0.250  0.540  0.400   -0.14661E+00
  0.250  0.560  0.400   -0.14789E+00
  0.250  0.580  0.400   -0.14646E+00
  0.250  0.600  0.400   -0.13910E+00
  0.250  0.620  0.400   -0.12220E+00
  0.250  0.640  0.400   -0.92811E-01
  0.250  0.660  0.400   -0.50118E-01
  0.250  0.680  0.400    0.33188E-02
  0.250  0.700  0.400    0.61271E-01
  0.250  0.720  0.400    0.11499E+00
  0.250  0.740  0.400    0.15565E+00
  0.250  0.760  0.400    0.17709E+00
  0.250  0.780  0.400    0.17773E+00
  0.250  0.800  0.400    0.16073E+00
  0.250  0.820  0.400    0.13244E+00
  0.250  0.840  0.400    0.10010E+00
  0.250  0.860  0.400    0.69702E-01
  0.250  0.880  0.400    0.44849E-01
  0.250  0.900  0.400    0.26727E-01
  0.250  0.920  0.400    0.14780E-01
  0.250  0.940  0.400    0.75993E-02
  0.250  0.960  0.400    0.36475E-02
  0.250  0.980  0.400    0.16619E-02
  0.250  1.000  0.400    0.77903E-03
  0.250  0.000  0.420    0.93335E-03
  0.250  0.020  0.420    0.19676E-02
  0.250  0.040  0.420    0.42758E-02
  0.250  0.060  0.420    0.88203E-02
  0.250  0.080  0.420    0.16973E-01
  0.250  0.100  0.420    0.30336E-01
  0.250  0.120  0.420    0.50246E-01
  0.250  0.140  0.420    0.76950E-01
  0.250  0.160  0.420    0.10866E+00
  0.250  0.180  0.420    0.14095E+00
  0.250  0.200  0.420    0.16703E+00
  0.250  0.220  0.420    0.17924E+00
  0.250  0.240  0.420    0.17153E+00
  0.250  0.260  0.420    0.14190E+00
  0.250  0.280  0.420    0.93670E-01
  0.250  0.300  0.420    0.34746E-01
  0.250  0.320  0.420   -0.24861E-01
  0.250  0.340  0.420   -0.76211E-01
  0.250  0.360  0.420   -0.11383E+00
  0.250  0.380  0.420   -0.13651E+00
  0.250  0.400  0.420   -0.14646E+00
  0.250  0.420  0.420   -0.14769E+00
  0.250  0.440  0.420   -0.14438E+00
  0.250  0.460  0.420   -0.13988E+00
  0.250  0.480  0.420   -0.13641E+00
  0.250  0.500  0.420   -0.13514E+00
  0.250  0.520  0.420   -0.13641E+00
  0.250  0.540  0.420   -0.13988E+00
  0.250  0.560  0.420   -0.14438E+00
  0.250  0.580  0.420   -0.14769E+00
  0.250  0.600  0.420   -0.14646E+00
  0.250  0.620  0.420   -0.13651E+00
  0.250  0.640  0.420   -0.11383E+00
  0.250  0.660  0.420   -0.76211E-01
  0.250  0.680  0.420   -0.24861E-01
  0.250  0.700  0.420    0.34746E-01
  0.250  0.720  0.420    0.93670E-01
  0.250  0.740  0.420    0.14190E+00
  0.250  0.760  0.420    0.17153E+00
  0.250  0.780  0.420    0.17924E+00
  0.250  0.800  0.420    0.16703E+00
  0.250  0.820  0.420    0.14095E+00
  0.250  0.840  0.420    0.10866E+00
  0.250  0.860  0.420    0.76950E-01
  0.250  0.880  0.420    0.50246E-01
  0.250  0.900  0.420    0.30336E-01
  0.250  0.920  0.420    0.16973E-01
  0.250  0.940  0.420    0.88203E-02
  0.250  0.960  0.420    0.42758E-02
  0.250  0.980  0.420    0.19676E-02
  0.250  1.000  0.420    0.93335E-03
  0.250  0.000  0.440    0.10731E-02
  0.250  0.020  0.440    0.22412E-02
  0.250  0.040  0.440    0.48319E-02
  0.250  0.060  0.440    0.98888E-02
  0.250  0.080  0.440    0.18868E-01
  0.250  0.100  0.440    0.33407E-01
  0.250  0.120  0.440    0.54752E-01
  0.250  0.140  0.440    0.82856E-01
  0.250  0.160  0.440    0.11540E+00
  0.250  0.180  0.440    0.14727E+00
  0.250  0.200  0.440    0.17108E+00
  0.250  0.220  0.440    0.17894E+00
  0.250  0.240  0.440    0.16526E+00
  0.250  0.260  0.440    0.12913E+00
  0.250  0.280  0.440    0.75388E-01
  0.250  0.300  0.440    0.13332E-01
  0.250  0.320  0.440   -0.46271E-01
  0.250  0.340  0.440   -0.94599E-01
  0.250  0.360  0.440   -0.12707E+00
  0.250  0.380  0.440   -0.14371E+00
  0.250  0.400  0.440   -0.14789E+00
  0.250  0.420  0.440   -0.14438E+00
  0.250  0.440  0.440   -0.13765E+00
  0.250  0.460  0.440   -0.13098E+00
  0.250  0.480  0.440   -0.12635E+00
  0.250  0.500  0.440   -0.12471E+00
  0.250  0.520  0.440   -0.12635E+00
  0.250  0.540  0.440   -0.13098E+00
  0.250  0.560  0.440   -0.13765E+00
  0.250  0.580  0.440   -0.14438E+00
  0.250  0.600  0.440   -0.14789E+00
  0.250  0.620  0.440   -0.14371E+00
  0.250  0.640  0.440   -0.12707E+00
  0.250  0.660  0.440   -0.94599E-01
  0.250  0.680  0.440   -0.46271E-01
  0.250  0.700  0.440    0.13332E-01
  0.250  0.720  0.440    0.75388E-01
  0.250  0.740  0.440    0.12913E+00
  0.250  0.760  0.440    0.16526E+00
  0.250  0.780  0.440    0.17894E+00
  0.250  0.800  0.440    0.17108E+00
  0.250  0.820  0.440    0.14727E+00
  0.250  0.840  0.440    0.11540E+00
  0.250  0.860  0.440    0.82856E-01
  0.250  0.880  0.440    0.54752E-01
  0.250  0.900  0.440    0.33407E-01
  0.250  0.920  0.440    0.18868E-01
  0.250  0.940  0.440    0.98888E-02
  0.250  0.960  0.440    0.48319E-02
  0.250  0.980  0.440    0.22412E-02
  0.250  1.000  0.440    0.10731E-02
  0.250  0.000  0.460    0.11849E-02
  0.250  0.020  0.460    0.24581E-02
  0.250  0.040  0.460    0.52690E-02
  0.250  0.060  0.460    0.10721E-01
  0.250  0.080  0.460    0.20329E-01
  0.250  0.100  0.460    0.35747E-01
  0.250  0.120  0.460    0.58136E-01
  0.250  0.140  0.460    0.87206E-01
  0.250  0.160  0.460    0.12022E+00
  0.250  0.180  0.460    0.15157E+00
  0.250  0.200  0.460    0.17344E+00
  0.250  0.220  0.460    0.17787E+00
  0.250  0.240  0.460    0.15969E+00
  0.250  0.260  0.460    0.11893E+00
  0.250  0.280  0.460    0.61560E-01
  0.250  0.300  0.460   -0.21430E-02
  0.250  0.320  0.460   -0.60984E-01
  0.250  0.340  0.460   -0.10640E+00
  0.250  0.360  0.460   -0.13460E+00
  0.250  0.380  0.460   -0.14660E+00
  0.250  0.400  0.460   -0.14661E+00
  0.250  0.420  0.460   -0.13988E+00
  0.250  0.440  0.460   -0.13098E+00
  0.250  0.460  0.460   -0.12302E+00
  0.250  0.480  0.460   -0.11776E+00
  0.250  0.500  0.460   -0.11594E+00
  0.250  0.520  0.460   -0.11776E+00
  0.250  0.540  0.460   -0.12302E+00
  0.250  0.560  0.460   -0.13098E+00
  0.250  0.580  0.460   -0.13988E+00
  0.250  0.600  0.460   -0.14661E+00
  0.250  0.620  0.460   -0.14660E+00
  0.250  0.640  0.460   -0.13460E+00
  0.250  0.660  0.460   -0.10640E+00
  0.250  0.680  0.460   -0.60984E-01
  0.250  0.700  0.460   -0.21430E-02
  0.250  0.720  0.460    0.61560E-01
  0.250  0.740  0.460    0.11893E+00
  0.250  0.760  0.460    0.15969E+00
  0.250  0.780  0.460    0.17787E+00
  0.250  0.800  0.460    0.17344E+00
  0.250  0.820  0.460    0.15157E+00
  0.250  0.840  0.460    0.12022E+00
  0.250  0.860  0.460    0.87206E-01
  0.250  0.880  0.460    0.58136E-01
  0.250  0.900  0.460    0.35747E-01
  0.250  0.920  0.460    0.20329E-01
  0.250  0.940  0.460    0.10721E-01
  0.250  0.960  0.460    0.52690E-02
  0.250  0.980  0.460    0.24581E-02
  0.250  1.000  0.460    0.11849E-02
  0.250  0.000  0.480    0.12573E-02
  0.250  0.020  0.480    0.25975E-02
  0.250  0.040  0.480    0.55484E-02
  0.250  0.060  0.480    0.11250E-01
  0.250  0.080  0.480    0.21251E-01
  0.250  0.100  0.480    0.37211E-01
  0.250  0.120  0.480    0.60231E-01
  0.250  0.140  0.480    0.89863E-01
  0.250  0.160  0.480    0.12311E+00
  0.250  0.180  0.480    0.15404E+00
  0.250  0.200  0.480    0.17461E+00
  0.250  0.220  0.480    0.17687E+00
  0.250  0.240  0.480    0.15592E+00
  0.250  0.260  0.480    0.11240E+00
  0.250  0.280  0.480    0.53005E-01
  0.250  0.300  0.480   -0.11424E-01
  0.250  0.320  0.480   -0.69489E-01
  0.250  0.340  0.480   -0.11286E+00
  0.250  0.360  0.480   -0.13828E+00
  0.250  0.380  0.480   -0.14742E+00
  0.250  0.400  0.480   -0.14496E+00
  0.250  0.420  0.480   -0.13641E+00
  0.250  0.440  0.480   -0.12635E+00
  0.250  0.460  0.480   -0.11776E+00
  0.250  0.480  0.480   -0.11220E+00
  0.250  0.500  0.480   -0.11030E+00
  0.250  0.520  0.480   -0.11220E+00
  0.250  0.540  0.480   -0.11776E+00
  0.250  0.560  0.480   -0.12635E+00
  0.250  0.580  0.480   -0.13641E+00
  0.250  0.600  0.480   -0.14496E+00
  0.250  0.620  0.480   -0.14742E+00
  0.250  0.640  0.480   -0.13828E+00
  0.250  0.660  0.480   -0.11286E+00
  0.250  0.680  0.480   -0.69489E-01
  0.250  0.700  0.480   -0.11424E-01
  0.250  0.720  0.480    0.53005E-01
  0.250  0.740  0.480    0.11240E+00
  0.250  0.760  0.480    0.15592E+00
  0.250  0.780  0.480    0.17687E+00
  0.250  0.800  0.480    0.17461E+00
  0.250  0.820  0.480    0.15404E+00
  0.250  0.840  0.480    0.12311E+00
  0.250  0.860  0.480    0.89863E-01
  0.250  0.880  0.480    0.60231E-01
  0.250  0.900  0.480    0.37211E-01
  0.250  0.920  0.480    0.21251E-01
  0.250  0.940  0.480    0.11250E-01
  0.250  0.960  0.480    0.55484E-02
  0.250  0.980  0.480    0.25975E-02
  0.250  1.000  0.480    0.12573E-02
  0.250  0.000  0.500    0.12823E-02
  0.250  0.020  0.500    0.26456E-02
  0.250  0.040  0.500    0.56445E-02
  0.250  0.060  0.500    0.11431E-01
  0.250  0.080  0.500    0.21566E-01
  0.250  0.100  0.500    0.37709E-01
  0.250  0.120  0.500    0.60941E-01
  0.250  0.140  0.500    0.90755E-01
  0.250  0.160  0.500    0.12407E+00
  0.250  0.180  0.500    0.15485E+00
  0.250  0.200  0.500    0.17497E+00
  0.250  0.220  0.500    0.17647E+00
  0.250  0.240  0.500    0.15459E+00
  0.250  0.260  0.500    0.11016E+00
  0.250  0.280  0.500    0.50115E-01
  0.250  0.300  0.500   -0.14509E-01
  0.250  0.320  0.500   -0.72262E-01
  0.250  0.340  0.500   -0.11490E+00
  0.250  0.360  0.500   -0.13937E+00
  0.250  0.380  0.500   -0.14754E+00
  0.250  0.400  0.500   -0.14427E+00
  0.250  0.420  0.500   -0.13514E+00
  0.250  0.440  0.500   -0.12471E+00
  0.250  0.460  0.500   -0.11594E+00
  0.250  0.480  0.500   -0.11030E+00
  0.250  0.500  0.500   -0.10838E+00
  0.250  0.520  0.500   -0.11030E+00
  0.250  0.540  0.500   -0.11594E+00
  0.250  0.560  0.500   -0.12471E+00
  0.250  0.580  0.500   -0.13514E+00
  0.250  0.600  0.500   -0.14427E+00
  0.250  0.620  0.500   -0.14754E+00
  0.250  0.640  0.500   -0.13937E+00
  0.250  0.660  0.500   -0.11490E+00
  0.250  0.680  0.500   -0.72262E-01
  0.250  0.700  0.500   -0.14509E-01
  0.250  0.720  0.500    0.50115E-01
  0.250  0.740  0.500    0.11016E+00
  0.250  0.760  0.500    0.15459E+00
  0.250  0.780  0.500    0.17647E+00
  0.250  0.800  0.500    0.17497E+00
  0.250  0.820  0.500    0.15485E+00
  0.250  0.840  0.500    0.12407E+00
  0.250  0.860  0.500    0.90755E-01
  0.250  0.880  0.500    0.60941E-01
  0.250  0.900  0.500    0.37709E-01
  0.250  0.920  0.500    0.21566E-01
  0.250  0.940  0.500    0.11431E-01
  0.250  0.960  0.500    0.56445E-02
  0.250  0.980  0.500    0.26456E-02
  0.250  1.000  0.500    0.12823E-02
  0.250  0.000  0.520    0.12573E-02
  0.250  0.020  0.520    0.25975E-02
  0.250  0.040  0.520    0.55484E-02
  0.250  0.060  0.520    0.11250E-01
  0.250  0.080  0.520    0.21251E-01
  0.250  0.100  0.520    0.37211E-01
  0.250  0.120  0.520    0.60231E-01
  0.250  0.140  0.520    0.89863E-01
  0.250  0.160  0.520    0.12311E+00
  0.250  0.180  0.520    0.15404E+00
  0.250  0.200  0.520    0.17461E+00
  0.250  0.220  0.520    0.17687E+00
  0.250  0.240  0.520    0.15592E+00
  0.250  0.260  0.520    0.11240E+00
  0.250  0.280  0.520    0.53005E-01
  0.250  0.300  0.520   -0.11424E-01
  0.250  0.320  0.520   -0.69489E-01
  0.250  0.340  0.520   -0.11286E+00
  0.250  0.360  0.520   -0.13828E+00
  0.250  0.380  0.520   -0.14742E+00
  0.250  0.400  0.520   -0.14496E+00
  0.250  0.420  0.520   -0.13641E+00
  0.250  0.440  0.520   -0.12635E+00
  0.250  0.460  0.520   -0.11776E+00
  0.250  0.480  0.520   -0.11220E+00
  0.250  0.500  0.520   -0.11030E+00
  0.250  0.520  0.520   -0.11220E+00
  0.250  0.540  0.520   -0.11776E+00
  0.250  0.560  0.520   -0.12635E+00
  0.250  0.580  0.520   -0.13641E+00
  0.250  0.600  0.520   -0.14496E+00
  0.250  0.620  0.520   -0.14742E+00
  0.250  0.640  0.520   -0.13828E+00
  0.250  0.660  0.520   -0.11286E+00
  0.250  0.680  0.520   -0.69489E-01
  0.250  0.700  0.520   -0.11424E-01
  0.250  0.720  0.520    0.53005E-01
  0.250  0.740  0.520    0.11240E+00
  0.250  0.760  0.520    0.15592E+00
  0.250  0.780  0.520    0.17687E+00
  0.250  0.800  0.520    0.17461E+00
  0.250  0.820  0.520    0.15404E+00
  0.250  0.840  0.520    0.12311E+00
  0.250  0.860  0.520    0.89863E-01
  0.250  0.880  0.520    0.60231E-01
  0.250  0.900  0.520    0.37211E-01
  0.250  0.920  0.520    0.21251E-01
  0.250  0.940  0.520    0.11250E-01
  0.250  0.960  0.520    0.55484E-02
  0.250  0.980  0.520    0.25975E-02
  0.250  1.000  0.520    0.12573E-02
  0.250  0.000  0.540    0.11849E-02
  0.250  0.020  0.540    0.24581E-02
  0.250  0.040  0.540    0.52690E-02
  0.250  0.060  0.540    0.10721E-01
  0.250  0.080  0.540    0.20329E-01
  0.250  0.100  0.540    0.35747E-01
  0.250  0.120  0.540    0.58136E-01
  0.250  0.140  0.540    0.87206E-01
  0.250  0.160  0.540    0.12022E+00
  0.250  0.180  0.540    0.15157E+00
  0.250  0.200  0.540    0.17344E+00
  0.250  0.220  0.540    0.17787E+00
  0.250  0.240  0.540    0.15969E+00
  0.250  0.260  0.540    0.11893E+00
  0.250  0.280  0.540    0.61560E-01
  0.250  0.300  0.540   -0.21430E-02
  0.250  0.320  0.540   -0.60984E-01
  0.250  0.340  0.540   -0.10640E+00
  0.250  0.360  0.540   -0.13460E+00
  0.250  0.380  0.540   -0.14660E+00
  0.250  0.400  0.540   -0.14661E+00
  0.250  0.420  0.540   -0.13988E+00
  0.250  0.440  0.540   -0.13098E+00
  0.250  0.460  0.540   -0.12302E+00
  0.250  0.480  0.540   -0.11776E+00
  0.250  0.500  0.540   -0.11594E+00
  0.250  0.520  0.540   -0.11776E+00
  0.250  0.540  0.540   -0.12302E+00
  0.250  0.560  0.540   -0.13098E+00
  0.250  0.580  0.540   -0.13988E+00
  0.250  0.600  0.540   -0.14661E+00
  0.250  0.620  0.540   -0.14660E+00
  0.250  0.640  0.540   -0.13460E+00
  0.250  0.660  0.540   -0.10640E+00
  0.250  0.680  0.540   -0.60984E-01
  0.250  0.700  0.540   -0.21430E-02
  0.250  0.720  0.540    0.61560E-01
  0.250  0.740  0.540    0.11893E+00
  0.250  0.760  0.540    0.15969E+00
  0.250  0.780  0.540    0.17787E+00
  0.250  0.800  0.540    0.17344E+00
  0.250  0.820  0.540    0.15157E+00
  0.250  0.840  0.540    0.12022E+00
  0.250  0.860  0.540    0.87206E-01
  0.250  0.880  0.540    0.58136E-01
  0.250  0.900  0.540    0.35747E-01
  0.250  0.920  0.540    0.20329E-01
  0.250  0.940  0.540    0.10721E-01
  0.250  0.960  0.540    0.52690E-02
  0.250  0.980  0.540    0.24581E-02
  0.250  1.000  0.540    0.11849E-02
  0.250  0.000  0.560    0.10731E-02
  0.250  0.020  0.560    0.22412E-02
  0.250  0.040  0.560    0.48319E-02
  0.250  0.060  0.560    0.98888E-02
  0.250  0.080  0.560    0.18868E-01
  0.250  0.100  0.560    0.33407E-01
  0.250  0.120  0.560    0.54752E-01
  0.250  0.140  0.560    0.82856E-01
  0.250  0.160  0.560    0.11540E+00
  0.250  0.180  0.560    0.14727E+00
  0.250  0.200  0.560    0.17108E+00
  0.250  0.220  0.560    0.17894E+00
  0.250  0.240  0.560    0.16526E+00
  0.250  0.260  0.560    0.12913E+00
  0.250  0.280  0.560    0.75388E-01
  0.250  0.300  0.560    0.13332E-01
  0.250  0.320  0.560   -0.46271E-01
  0.250  0.340  0.560   -0.94599E-01
  0.250  0.360  0.560   -0.12707E+00
  0.250  0.380  0.560   -0.14371E+00
  0.250  0.400  0.560   -0.14789E+00
  0.250  0.420  0.560   -0.14438E+00
  0.250  0.440  0.560   -0.13765E+00
  0.250  0.460  0.560   -0.13098E+00
  0.250  0.480  0.560   -0.12635E+00
  0.250  0.500  0.560   -0.12471E+00
  0.250  0.520  0.560   -0.12635E+00
  0.250  0.540  0.560   -0.13098E+00
  0.250  0.560  0.560   -0.13765E+00
  0.250  0.580  0.560   -0.14438E+00
  0.250  0.600  0.560   -0.14789E+00
  0.250  0.620  0.560   -0.14371E+00
  0.250  0.640  0.560   -0.12707E+00
  0.250  0.660  0.560   -0.94599E-01
  0.250  0.680  0.560   -0.46271E-01
  0.250  0.700  0.560    0.13332E-01
  0.250  0.720  0.560    0.75388E-01
  0.250  0.740  0.560    0.12913E+00
  0.250  0.760  0.560    0.16526E+00
  0.250  0.780  0.560    0.17894E+00
  0.250  0.800  0.560    0.17108E+00
  0.250  0.820  0.560    0.14727E+00
  0.250  0.840  0.560    0.11540E+00
  0.250  0.860  0.560    0.82856E-01
  0.250  0.880  0.560    0.54752E-01
  0.250  0.900  0.560    0.33407E-01
  0.250  0.920  0.560    0.18868E-01
  0.250  0.940  0.560    0.98888E-02
  0.250  0.960  0.560    0.48319E-02
  0.250  0.980  0.560    0.22412E-02
  0.250  1.000  0.560    0.10731E-02
  0.250  0.000  0.580    0.93335E-03
  0.250  0.020  0.580    0.19676E-02
  0.250  0.040  0.580    0.42758E-02
  0.250  0.060  0.580    0.88203E-02
  0.250  0.080  0.580    0.16973E-01
  0.250  0.100  0.580    0.30336E-01
  0.250  0.120  0.580    0.50246E-01
  0.250  0.140  0.580    0.76950E-01
  0.250  0.160  0.580    0.10866E+00
  0.250  0.180  0.580    0.14095E+00
  0.250  0.200  0.580    0.16703E+00
  0.250  0.220  0.580    0.17924E+00
  0.250  0.240  0.580    0.17153E+00
  0.250  0.260  0.580    0.14190E+00
  0.250  0.280  0.580    0.93670E-01
  0.250  0.300  0.580    0.34746E-01
  0.250  0.320  0.580   -0.24861E-01
  0.250  0.340  0.580   -0.76211E-01
  0.250  0.360  0.580   -0.11383E+00
  0.250  0.380  0.580   -0.13651E+00
  0.250  0.400  0.580   -0.14646E+00
  0.250  0.420  0.580   -0.14769E+00
  0.250  0.440  0.580   -0.14438E+00
  0.250  0.460  0.580   -0.13988E+00
  0.250  0.480  0.580   -0.13641E+00
  0.250  0.500  0.580   -0.13514E+00
  0.250  0.520  0.580   -0.13641E+00
  0.250  0.540  0.580   -0.13988E+00
  0.250  0.560  0.580   -0.14438E+00
  0.250  0.580  0.580   -0.14769E+00
  0.250  0.600  0.580   -0.14646E+00
  0.250  0.620  0.580   -0.13651E+00
  0.250  0.640  0.580   -0.11383E+00
  0.250  0.660  0.580   -0.76211E-01
  0.250  0.680  0.580   -0.24861E-01
  0.250  0.700  0.580    0.34746E-01
  0.250  0.720  0.580    0.93670E-01
  0.250  0.740  0.580    0.14190E+00
  0.250  0.760  0.580    0.17153E+00
  0.250  0.780  0.580    0.17924E+00
  0.250  0.800  0.580    0.16703E+00
  0.250  0.820  0.580    0.14095E+00
  0.250  0.840  0.580    0.10866E+00
  0.250  0.860  0.580    0.76950E-01
  0.250  0.880  0.580    0.50246E-01
  0.250  0.900  0.580    0.30336E-01
  0.250  0.920  0.580    0.16973E-01
  0.250  0.940  0.580    0.88203E-02
  0.250  0.960  0.580    0.42758E-02
  0.250  0.980  0.580    0.19676E-02
  0.250  1.000  0.580    0.93335E-03
  0.250  0.000  0.600    0.77903E-03
  0.250  0.020  0.600    0.16619E-02
  0.250  0.040  0.600    0.36475E-02
  0.250  0.060  0.600    0.75993E-02
  0.250  0.080  0.600    0.14780E-01
  0.250  0.100  0.600    0.26727E-01
  0.250  0.120  0.600    0.44849E-01
  0.250  0.140  0.600    0.69702E-01
  0.250  0.160  0.600    0.10010E+00
  0.250  0.180  0.600    0.13244E+00
  0.250  0.200  0.600    0.16073E+00
  0.250  0.220  0.600    0.17773E+00
  0.250  0.240  0.600    0.17709E+00
  0.250  0.260  0.600    0.15565E+00
  0.250  0.280  0.600    0.11499E+00
  0.250  0.300  0.600    0.61271E-01
  0.250  0.320  0.600    0.33188E-02
  0.250  0.340  0.600   -0.50118E-01
  0.250  0.360  0.600   -0.92811E-01
  0.250  0.380  0.600   -0.12220E+00
  0.250  0.400  0.600   -0.13910E+00
  0.250  0.420  0.600   -0.14646E+00
  0.250  0.440  0.600   -0.14789E+00
  0.250  0.460  0.600   -0.14661E+00
  0.250  0.480  0.600   -0.14496E+00
  0.250  0.500  0.600   -0.14427E+00
  0.250  0.520  0.600   -0.14496E+00
  0.250  0.540  0.600   -0.14661E+00
  0.250  0.560  0.600   -0.14789E+00
  0.250  0.580  0.600   -0.14646E+00
  0.250  0.600  0.600   -0.13910E+00
  0.250  0.620  0.600   -0.12220E+00
  0.250  0.640  0.600   -0.92811E-01
  0.250  0.660  0.600   -0.50118E-01
  0.250  0.680  0.600    0.33188E-02
  0.250  0.700  0.600    0.61271E-01
  0.250  0.720  0.600    0.11499E+00
  0.250  0.740  0.600    0.15565E+00
  0.250  0.760  0.600    0.17709E+00
  0.250  0.780  0.600    0.17773E+00
  0.250  0.800  0.600    0.16073E+00
  0.250  0.820  0.600    0.13244E+00
  0.250  0.840  0.600    0.10010E+00
  0.250  0.860  0.600    0.69702E-01
  0.250  0.880  0.600    0.44849E-01
  0.250  0.900  0.600    0.26727E-01
  0.250  0.920  0.600    0.14780E-01
  0.250  0.940  0.600    0.75993E-02
  0.250  0.960  0.600    0.36475E-02
  0.250  0.980  0.600    0.16619E-02
  0.250  1.000  0.600    0.77903E-03
  0.250  0.000  0.620    0.62342E-03
  0.250  0.020  0.620    0.13490E-02
  0.250  0.040  0.620    0.29960E-02
  0.250  0.060  0.620    0.63155E-02
  0.250  0.080  0.620    0.12438E-01
  0.250  0.100  0.620    0.22804E-01
  0.250  0.120  0.620    0.38852E-01
  0.250  0.140  0.620    0.61422E-01
  0.250  0.160  0.620    0.89943E-01
  0.250  0.180  0.620    0.12171E+00
  0.250  0.200  0.620    0.15172E+00
  0.250  0.220  0.620    0.17339E+00
  0.250  0.240  0.620    0.18030E+00
  0.250  0.260  0.620    0.16831E+00
  0.250  0.280  0.620    0.13724E+00
  0.250  0.300  0.620    0.91192E-01
  0.250  0.320  0.620    0.37414E-01
  0.250  0.340  0.620   -0.16003E-01
  0.250  0.360  0.620   -0.62412E-01
  0.250  0.380  0.620   -0.98040E-01
  0.250  0.400  0.620   -0.12220E+00
  0.250  0.420  0.620   -0.13651E+00
  0.250  0.440  0.620   -0.14371E+00
  0.250  0.460  0.620   -0.14660E+00
  0.250  0.480  0.620   -0.14742E+00
  0.250  0.500  0.620   -0.14754E+00
  0.250  0.520  0.620   -0.14742E+00
  0.250  0.540  0.620   -0.14660E+00
  0.250  0.560  0.620   -0.14371E+00
  0.250  0.580  0.620   -0.13651E+00
  0.250  0.600  0.620   -0.12220E+00
  0.250  0.620  0.620   -0.98040E-01
  0.250  0.640  0.620   -0.62412E-01
  0.250  0.660  0.620   -0.16003E-01
  0.250  0.680  0.620    0.37414E-01
  0.250  0.700  0.620    0.91192E-01
  0.250  0.720  0.620    0.13724E+00
  0.250  0.740  0.620    0.16831E+00
  0.250  0.760  0.620    0.18030E+00
  0.250  0.780  0.620    0.17339E+00
  0.250  0.800  0.620    0.15172E+00
  0.250  0.820  0.620    0.12171E+00
  0.250  0.840  0.620    0.89943E-01
  0.250  0.860  0.620    0.61422E-01
  0.250  0.880  0.620    0.38852E-01
  0.250  0.900  0.620    0.22804E-01
  0.250  0.920  0.620    0.12438E-01
  0.250  0.940  0.620    0.63155E-02
  0.250  0.960  0.620    0.29960E-02
  0.250  0.980  0.620    0.13490E-02
  0.250  1.000  0.620    0.62342E-03
  0.250  0.000  0.640    0.47782E-03
  0.250  0.020  0.640    0.10513E-02
  0.250  0.040  0.640    0.23663E-02
  0.250  0.060  0.640    0.50549E-02
  0.250  0.080  0.640    0.10098E-01
  0.250  0.100  0.640    0.18802E-01
  0.250  0.120  0.640    0.32585E-01
  0.250  0.140  0.640    0.52505E-01
  0.250  0.160  0.640    0.78555E-01
  0.250  0.180  0.640    0.10895E+00
  0.250  0.200  0.640    0.13978E+00
  0.250  0.220  0.640    0.16537E+00
  0.250  0.240  0.640    0.17959E+00
  0.250  0.260  0.640    0.17761E+00
  0.250  0.280  0.640    0.15766E+00
  0.250  0.300  0.640    0.12176E+00
  0.250  0.320  0.640    0.75218E-01
  0.250  0.340  0.640    0.24956E-01
  0.250  0.360  0.640   -0.22463E-01
  0.250  0.380  0.640   -0.62412E-01
  0.250  0.400  0.640   -0.92811E-01
  0.250  0.420  0.640   -0.11383E+00
  0.250  0.440  0.640   -0.12707E+00
  0.250  0.460  0.640   -0.13460E+00
  0.250  0.480  0.640   -0.13828E+00
  0.250  0.500  0.640   -0.13937E+00
  0.250  0.520  0.640   -0.13828E+00
  0.250  0.540  0.640   -0.13460E+00
  0.250  0.560  0.640   -0.12707E+00
  0.250  0.580  0.640   -0.11383E+00
  0.250  0.600  0.640   -0.92811E-01
  0.250  0.620  0.640   -0.62412E-01
  0.250  0.640  0.640   -0.22463E-01
  0.250  0.660  0.640    0.24956E-01
  0.250  0.680  0.640    0.75218E-01
  0.250  0.700  0.640    0.12176E+00
  0.250  0.720  0.640    0.15766E+00
  0.250  0.740  0.640    0.17761E+00
  0.250  0.760  0.640    0.17959E+00
  0.250  0.780  0.640    0.16537E+00
  0.250  0.800  0.640    0.13978E+00
  0.250  0.820  0.640    0.10895E+00
  0.250  0.840  0.640    0.78555E-01
  0.250  0.860  0.640    0.52505E-01
  0.250  0.880  0.640    0.32585E-01
  0.250  0.900  0.640    0.18802E-01
  0.250  0.920  0.640    0.10098E-01
  0.250  0.940  0.640    0.50549E-02
  0.250  0.960  0.640    0.23663E-02
  0.250  0.980  0.640    0.10513E-02
  0.250  1.000  0.640    0.47782E-03
  0.250  0.000  0.660    0.35037E-03
  0.250  0.020  0.660    0.78542E-03
  0.250  0.040  0.660    0.17944E-02
  0.250  0.060  0.660    0.38900E-02
  0.250  0.080  0.660    0.78932E-02
  0.250  0.100  0.660    0.14948E-01
  0.250  0.120  0.660    0.26392E-01
  0.250  0.140  0.660    0.43409E-01
  0.250  0.160  0.660    0.66456E-01
  0.250  0.180  0.660    0.94602E-01
  0.250  0.200  0.660    0.12506E+00
  0.250  0.220  0.660    0.15328E+00
  0.250  0.240  0.660    0.17373E+00
  0.250  0.260  0.660    0.18137E+00
  0.250  0.280  0.660    0.17322E+00
  0.250  0.300  0.660    0.14938E+00
  0.250  0.320  0.660    0.11307E+00
  0.250  0.340  0.660    0.69633E-01
  0.250  0.360  0.660    0.24956E-01
  0.250  0.380  0.660   -0.16003E-01
  0.250  0.400  0.660   -0.50118E-01
  0.250  0.420  0.660   -0.76211E-01
  0.250  0.440  0.660   -0.94599E-01
  0.250  0.460  0.660   -0.10640E+00
  0.250  0.480  0.660   -0.11286E+00
  0.250  0.500  0.660   -0.11490E+00
  0.250  0.520  0.660   -0.11286E+00
  0.250  0.540  0.660   -0.10640E+00
  0.250  0.560  0.660   -0.94599E-01
  0.250  0.580  0.660   -0.76211E-01
  0.250  0.600  0.660   -0.50118E-01
  0.250  0.620  0.660   -0.16003E-01
  0.250  0.640  0.660    0.24956E-01
  0.250  0.660  0.660    0.69633E-01
  0.250  0.680  0.660    0.11307E+00
  0.250  0.700  0.660    0.14938E+00
  0.250  0.720  0.660    0.17322E+00
  0.250  0.740  0.660    0.18137E+00
  0.250  0.760  0.660    0.17373E+00
  0.250  0.780  0.660    0.15328E+00
  0.250  0.800  0.660    0.12506E+00
  0.250  0.820  0.660    0.94602E-01
  0.250  0.840  0.660    0.66456E-01
  0.250  0.860  0.660    0.43409E-01
  0.250  0.880  0.660    0.26392E-01
  0.250  0.900  0.660    0.14948E-01
  0.250  0.920  0.660    0.78932E-02
  0.250  0.940  0.660    0.38900E-02
  0.250  0.960  0.660    0.17944E-02
  0.250  0.980  0.660    0.78542E-03
  0.250  1.000  0.660    0.35037E-03
  0.250  0.000  0.680    0.24549E-03
  0.250  0.020  0.680    0.56184E-03
  0.250  0.040  0.680    0.13044E-02
  0.250  0.060  0.680    0.28730E-02
  0.250  0.080  0.680    0.59284E-02
  0.250  0.100  0.680    0.11432E-01
  0.250  0.120  0.680    0.20588E-01
  0.250  0.140  0.680    0.34605E-01
  0.250  0.160  0.680    0.54266E-01
  0.250  0.180  0.680    0.79354E-01
  0.250  0.200  0.680    0.10815E+00
  0.250  0.220  0.680    0.13729E+00
  0.250  0.240  0.680    0.16219E+00
  0.250  0.260  0.680    0.17804E+00
  0.250  0.280  0.680    0.18118E+00
  0.250  0.300  0.680    0.17018E+00
  0.250  0.320  0.680    0.14630E+00
  0.250  0.340  0.680    0.11307E+00
  0.250  0.360  0.680    0.75218E-01
  0.250  0.380  0.680    0.37414E-01
  0.250  0.400  0.680    0.33188E-02
  0.250  0.420  0.680   -0.24861E-01
  0.250  0.440  0.680   -0.46271E-01
  0.250  0.460  0.680   -0.60984E-01
  0.250  0.480  0.680   -0.69489E-01
  0.250  0.500  0.680   -0.72262E-01
  0.250  0.520  0.680   -0.69489E-01
  0.250  0.540  0.680   -0.60984E-01
  0.250  0.560  0.680   -0.46271E-01
  0.250  0.580  0.680   -0.24861E-01
  0.250  0.600  0.680    0.33188E-02
  0.250  0.620  0.680    0.37414E-01
  0.250  0.640  0.680    0.75218E-01
  0.250  0.660  0.680    0.11307E+00
  0.250  0.680  0.680    0.14630E+00
  0.250  0.700  0.680    0.17018E+00
  0.250  0.720  0.680    0.18118E+00
  0.250  0.740  0.680    0.17804E+00
  0.250  0.760  0.680    0.16219E+00
  0.250  0.780  0.680    0.13729E+00
  0.250  0.800  0.680    0.10815E+00
  0.250  0.820  0.680    0.79354E-01
  0.250  0.840  0.680    0.54266E-01
  0.250  0.860  0.680    0.34605E-01
  0.250  0.880  0.680    0.20588E-01
  0.250  0.900  0.680    0.11432E-01
  0.250  0.920  0.680    0.59284E-02
  0.250  0.940  0.680    0.28730E-02
  0.250  0.960  0.680    0.13044E-02
  0.250  0.980  0.680    0.56184E-03
  0.250  1.000  0.680    0.24549E-03
  0.250  0.000  0.700    0.16415E-03
  0.250  0.020  0.700    0.38426E-03
  0.250  0.040  0.700    0.90758E-03
  0.250  0.060  0.700    0.20328E-02
  0.250  0.080  0.700    0.42697E-02
  0.250  0.100  0.700    0.83920E-02
  0.250  0.120  0.700    0.15427E-01
  0.250  0.140  0.700    0.26520E-01
  0.250  0.160  0.700    0.42625E-01
  0.250  0.180  0.700    0.64056E-01
  0.250  0.200  0.700    0.90005E-01
  0.250  0.220  0.700    0.11826E+00
  0.250  0.240  0.700    0.14534E+00
  0.250  0.260  0.700    0.16709E+00
  0.250  0.280  0.700    0.17973E+00
  0.250  0.300  0.700    0.18088E+00
  0.250  0.320  0.700    0.17018E+00
  0.250  0.340  0.700    0.14938E+00
  0.250  0.360  0.700    0.12176E+00
  0.250  0.380  0.700    0.91192E-01
  0.250  0.400  0.700    0.61271E-01
  0.250  0.420  0.700    0.34746E-01
  0.250  0.440  0.700    0.13332E-01
  0.250  0.460  0.700   -0.21430E-02
  0.250  0.480  0.700   -0.11424E-01
  0.250  0.500  0.700   -0.14509E-01
  0.250  0.520  0.700   -0.11424E-01
  0.250  0.540  0.700   -0.21430E-02
  0.250  0.560  0.700    0.13332E-01
  0.250  0.580  0.700    0.34746E-01
  0.250  0.600  0.700    0.61271E-01
  0.250  0.620  0.700    0.91192E-01
  0.250  0.640  0.700    0.12176E+00
  0.250  0.660  0.700    0.14938E+00
  0.250  0.680  0.700    0.17018E+00
  0.250  0.700  0.700    0.18088E+00
  0.250  0.720  0.700    0.17973E+00
  0.250  0.740  0.700    0.16709E+00
  0.250  0.760  0.700    0.14534E+00
  0.250  0.780  0.700    0.11826E+00
  0.250  0.800  0.700    0.90005E-01
  0.250  0.820  0.700    0.64056E-01
  0.250  0.840  0.700    0.42625E-01
  0.250  0.860  0.700    0.26520E-01
  0.250  0.880  0.700    0.15427E-01
  0.250  0.900  0.700    0.83920E-02
  0.250  0.920  0.700    0.42697E-02
  0.250  0.940  0.700    0.20328E-02
  0.250  0.960  0.700    0.90758E-03
  0.250  0.980  0.700    0.38426E-03
  0.250  1.000  0.700    0.16415E-03
  0.250  0.000  0.720    0.10462E-03
  0.250  0.020  0.720    0.25094E-03
  0.250  0.040  0.720    0.60343E-03
  0.250  0.060  0.720    0.13755E-02
  0.250  0.080  0.720    0.29428E-02
  0.250  0.100  0.720    0.58992E-02
  0.250  0.120  0.720    0.11077E-01
  0.250  0.140  0.720    0.19483E-01
  0.250  0.160  0.720    0.32105E-01
  0.250  0.180  0.720    0.49581E-01
  0.250  0.200  0.720    0.71793E-01
  0.250  0.220  0.720    0.97534E-01
  0.250  0.240  0.720    0.12444E+00
  0.250  0.260  0.720    0.14928E+00
  0.250  0.280  0.720    0.16863E+00
  0.250  0.300  0.720    0.17973E+00
  0.250  0.320  0.720    0.18118E+00
  0.250  0.340  0.720    0.17322E+00
  0.250  0.360  0.720    0.15766E+00
  0.250  0.380  0.720    0.13724E+00
  0.250  0.400  0.720    0.11499E+00
  0.250  0.420  0.720    0.93670E-01
  0.250  0.440  0.720    0.75388E-01
  0.250  0.460  0.720    0.61560E-01
  0.250  0.480  0.720    0.53005E-01
  0.250  0.500  0.720    0.50115E-01
  0.250  0.520  0.720    0.53005E-01
  0.250  0.540  0.720    0.61560E-01
  0.250  0.560  0.720    0.75388E-01
  0.250  0.580  0.720    0.93670E-01
  0.250  0.600  0.720    0.11499E+00
  0.250  0.620  0.720    0.13724E+00
  0.250  0.640  0.720    0.15766E+00
  0.250  0.660  0.720    0.17322E+00
  0.250  0.680  0.720    0.18118E+00
  0.250  0.700  0.720    0.17973E+00
  0.250  0.720  0.720    0.16863E+00
  0.250  0.740  0.720    0.14928E+00
  0.250  0.760  0.720    0.12444E+00
  0.250  0.780  0.720    0.97534E-01
  0.250  0.800  0.720    0.71793E-01
  0.250  0.820  0.720    0.49581E-01
  0.250  0.840  0.720    0.32105E-01
  0.250  0.860  0.720    0.19483E-01
  0.250  0.880  0.720    0.11077E-01
  0.250  0.900  0.720    0.58992E-02
  0.250  0.920  0.720    0.29428E-02
  0.250  0.940  0.720    0.13755E-02
  0.250  0.960  0.720    0.60343E-03
  0.250  0.980  0.720    0.25094E-03
  0.250  1.000  0.720    0.10462E-03
  0.250  0.000  0.740    0.63485E-04
  0.250  0.020  0.740    0.15625E-03
  0.250  0.040  0.740    0.38281E-03
  0.250  0.060  0.740    0.88856E-03
  0.250  0.080  0.740    0.19374E-02
  0.250  0.100  0.740    0.39627E-02
  0.250  0.120  0.740    0.76027E-02
  0.250  0.140  0.740    0.13685E-01
  0.250  0.160  0.740    0.23120E-01
  0.250  0.180  0.740    0.36681E-01
  0.250  0.200  0.740    0.54696E-01
  0.250  0.220  0.740    0.76731E-01
  0.250  0.240  0.740    0.10142E+00
  0.250  0.260  0.740    0.12651E+00
  0.250  0.280  0.740    0.14928E+00
  0.250  0.300  0.740    0.16709E+00
  0.250  0.320  0.740    0.17804E+00
  0.250  0.340  0.740    0.18137E+00
  0.250  0.360  0.740    0.17761E+00
  0.250  0.380  0.740    0.16831E+00
  0.250  0.400  0.740    0.15565E+00
  0.250  0.420  0.740    0.14190E+00
  0.250  0.440  0.740    0.12913E+00
  0.250  0.460  0.740    0.11893E+00
  0.250  0.480  0.740    0.11240E+00
  0.250  0.500  0.740    0.11016E+00
  0.250  0.520  0.740    0.11240E+00
  0.250  0.540  0.740    0.11893E+00
  0.250  0.560  0.740    0.12913E+00
  0.250  0.580  0.740    0.14190E+00
  0.250  0.600  0.740    0.15565E+00
  0.250  0.620  0.740    0.16831E+00
  0.250  0.640  0.740    0.17761E+00
  0.250  0.660  0.740    0.18137E+00
  0.250  0.680  0.740    0.17804E+00
  0.250  0.700  0.740    0.16709E+00
  0.250  0.720  0.740    0.14928E+00
  0.250  0.740  0.740    0.12651E+00
  0.250  0.760  0.740    0.10142E+00
  0.250  0.780  0.740    0.76731E-01
  0.250  0.800  0.740    0.54696E-01
  0.250  0.820  0.740    0.36681E-01
  0.250  0.840  0.740    0.23120E-01
  0.250  0.860  0.740    0.13685E-01
  0.250  0.880  0.740    0.76027E-02
  0.250  0.900  0.740    0.39627E-02
  0.250  0.920  0.740    0.19374E-02
  0.250  0.940  0.740    0.88856E-03
  0.250  0.960  0.740    0.38281E-03
  0.250  0.980  0.740    0.15625E-03
  0.250  1.000  0.740    0.63485E-04
  0.250  0.000  0.760    0.36632E-04
  0.250  0.020  0.760    0.92648E-04
  0.250  0.040  0.760    0.23137E-03
  0.250  0.060  0.760    0.54708E-03
  0.250  0.080  0.760    0.12161E-02
  0.250  0.100  0.760    0.25386E-02
  0.250  0.120  0.760    0.49771E-02
  0.250  0.140  0.760    0.91682E-02
  0.250  0.160  0.760    0.15876E-01
  0.250  0.180  0.760    0.25864E-01
  0.250  0.200  0.760    0.39679E-01
  0.250  0.220  0.760    0.57401E-01
  0.250  0.240  0.760    0.78427E-01
  0.250  0.260  0.760    0.10142E+00
  0.250  0.280  0.760    0.12444E+00
  0.250  0.300  0.760    0.14534E+00
  0.250  0.320  0.760    0.16219E+00
  0.250  0.340  0.760    0.17373E+00
  0.250  0.360  0.760    0.17959E+00
  0.250  0.380  0.760    0.18030E+00
  0.250  0.400  0.760    0.17709E+00
  0.250  0.420  0.760    0.17153E+00
  0.250  0.440  0.760    0.16526E+00
  0.250  0.460  0.760    0.15969E+00
  0.250  0.480  0.760    0.15592E+00
  0.250  0.500  0.760    0.15459E+00
  0.250  0.520  0.760    0.15592E+00
  0.250  0.540  0.760    0.15969E+00
  0.250  0.560  0.760    0.16526E+00
  0.250  0.580  0.760    0.17153E+00
  0.250  0.600  0.760    0.17709E+00
  0.250  0.620  0.760    0.18030E+00
  0.250  0.640  0.760    0.17959E+00
  0.250  0.660  0.760    0.17373E+00
  0.250  0.680  0.760    0.16219E+00
  0.250  0.700  0.760    0.14534E+00
  0.250  0.720  0.760    0.12444E+00
  0.250  0.740  0.760    0.10142E+00
  0.250  0.760  0.760    0.78427E-01
  0.250  0.780  0.760    0.57401E-01
  0.250  0.800  0.760    0.39679E-01
  0.250  0.820  0.760    0.25864E-01
  0.250  0.840  0.760    0.15876E-01
  0.250  0.860  0.760    0.91682E-02
  0.250  0.880  0.760    0.49771E-02
  0.250  0.900  0.760    0.25386E-02
  0.250  0.920  0.760    0.12161E-02
  0.250  0.940  0.760    0.54708E-03
  0.250  0.960  0.760    0.23137E-03
  0.250  0.980  0.760    0.92648E-04
  0.250  1.000  0.760    0.36632E-04
  0.250  0.000  0.780    0.20078E-04
  0.250  0.020  0.780    0.52249E-04
  0.250  0.040  0.780    0.13304E-03
  0.250  0.060  0.780    0.32054E-03
  0.250  0.080  0.780    0.72654E-03
  0.250  0.100  0.780    0.15481E-02
  0.250  0.120  0.780    0.31016E-02
  0.250  0.140  0.780    0.58456E-02
  0.250  0.160  0.780    0.10372E-01
  0.250  0.180  0.780    0.17338E-01
  0.250  0.200  0.780    0.27339E-01
  0.250  0.220  0.780    0.40723E-01
  0.250  0.240  0.780    0.57401E-01
  0.250  0.260  0.780    0.76731E-01
  0.250  0.280  0.780    0.97534E-01
  0.250  0.300  0.780    0.11826E+00
  0.250  0.320  0.780    0.13729E+00
  0.250  0.340  0.780    0.15328E+00
  0.250  0.360  0.780    0.16537E+00
  0.250  0.380  0.780    0.17339E+00
  0.250  0.400  0.780    0.17773E+00
  0.250  0.420  0.780    0.17924E+00
  0.250  0.440  0.780    0.17894E+00
  0.250  0.460  0.780    0.17787E+00
  0.250  0.480  0.780    0.17687E+00
  0.250  0.500  0.780    0.17647E+00
  0.250  0.520  0.780    0.17687E+00
  0.250  0.540  0.780    0.17787E+00
  0.250  0.560  0.780    0.17894E+00
  0.250  0.580  0.780    0.17924E+00
  0.250  0.600  0.780    0.17773E+00
  0.250  0.620  0.780    0.17339E+00
  0.250  0.640  0.780    0.16537E+00
  0.250  0.660  0.780    0.15328E+00
  0.250  0.680  0.780    0.13729E+00
  0.250  0.700  0.780    0.11826E+00
  0.250  0.720  0.780    0.97534E-01
  0.250  0.740  0.780    0.76731E-01
  0.250  0.760  0.780    0.57401E-01
  0.250  0.780  0.780    0.40723E-01
  0.250  0.800  0.780    0.27339E-01
  0.250  0.820  0.780    0.17338E-01
  0.250  0.840  0.780    0.10372E-01
  0.250  0.860  0.780    0.58456E-02
  0.250  0.880  0.780    0.31016E-02
  0.250  0.900  0.780    0.15481E-02
  0.250  0.920  0.780    0.72654E-03
  0.250  0.940  0.780    0.32054E-03
  0.250  0.960  0.780    0.13304E-03
  0.250  0.980  0.780    0.52249E-04
  0.250  1.000  0.780    0.20078E-04
  0.250  0.000  0.800    0.10443E-04
  0.250  0.020  0.800    0.27992E-04
  0.250  0.040  0.800    0.72693E-04
  0.250  0.060  0.800    0.17849E-03
  0.250  0.080  0.800    0.41254E-03
  0.250  0.100  0.800    0.89720E-03
  0.250  0.120  0.800    0.18366E-02
  0.250  0.140  0.800    0.35405E-02
  0.250  0.160  0.800    0.64328E-02
  0.250  0.180  0.800    0.11026E-01
  0.250  0.200  0.800    0.17851E-01
  0.250  0.220  0.800    0.27339E-01
  0.250  0.240  0.800    0.39679E-01
  0.250  0.260  0.800    0.54696E-01
  0.250  0.280  0.800    0.71793E-01
  0.250  0.300  0.800    0.90005E-01
  0.250  0.320  0.800    0.10815E+00
  0.250  0.340  0.800    0.12506E+00
  0.250  0.360  0.800    0.13978E+00
  0.250  0.380  0.800    0.15172E+00
  0.250  0.400  0.800    0.16073E+00
  0.250  0.420  0.800    0.16703E+00
  0.250  0.440  0.800    0.17108E+00
  0.250  0.460  0.800    0.17344E+00
  0.250  0.480  0.800    0.17461E+00
  0.250  0.500  0.800    0.17497E+00
  0.250  0.520  0.800    0.17461E+00
  0.250  0.540  0.800    0.17344E+00
  0.250  0.560  0.800    0.17108E+00
  0.250  0.580  0.800    0.16703E+00
  0.250  0.600  0.800    0.16073E+00
  0.250  0.620  0.800    0.15172E+00
  0.250  0.640  0.800    0.13978E+00
  0.250  0.660  0.800    0.12506E+00
  0.250  0.680  0.800    0.10815E+00
  0.250  0.700  0.800    0.90005E-01
  0.250  0.720  0.800    0.71793E-01
  0.250  0.740  0.800    0.54696E-01
  0.250  0.760  0.800    0.39679E-01
  0.250  0.780  0.800    0.27339E-01
  0.250  0.800  0.800    0.17851E-01
  0.250  0.820  0.800    0.11026E-01
  0.250  0.840  0.800    0.64328E-02
  0.250  0.860  0.800    0.35405E-02
  0.250  0.880  0.800    0.18366E-02
  0.250  0.900  0.800    0.89720E-03
  0.250  0.920  0.800    0.41254E-03
  0.250  0.940  0.800    0.17849E-03
  0.250  0.960  0.800    0.72693E-04
  0.250  0.980  0.800    0.27992E-04
  0.250  1.000  0.800    0.10443E-04
  0.250  0.000  0.820    0.51493E-05
  0.250  0.020  0.820    0.14232E-04
  0.250  0.040  0.820    0.37697E-04
  0.250  0.060  0.820    0.94331E-04
  0.250  0.080  0.820    0.22233E-03
  0.250  0.100  0.820    0.49344E-03
  0.250  0.120  0.820    0.10317E-02
  0.250  0.140  0.820    0.20335E-02
  0.250  0.160  0.820    0.37814E-02
  0.250  0.180  0.820    0.66404E-02
  0.250  0.200  0.820    0.11026E-01
  0.250  0.220  0.820    0.17338E-01
  0.250  0.240  0.820    0.25864E-01
  0.250  0.260  0.820    0.36681E-01
  0.250  0.280  0.820    0.49581E-01
  0.250  0.300  0.820    0.64056E-01
  0.250  0.320  0.820    0.79354E-01
  0.250  0.340  0.820    0.94602E-01
  0.250  0.360  0.820    0.10895E+00
  0.250  0.380  0.820    0.12171E+00
  0.250  0.400  0.820    0.13244E+00
  0.250  0.420  0.820    0.14095E+00
  0.250  0.440  0.820    0.14727E+00
  0.250  0.460  0.820    0.15157E+00
  0.250  0.480  0.820    0.15404E+00
  0.250  0.500  0.820    0.15485E+00
  0.250  0.520  0.820    0.15404E+00
  0.250  0.540  0.820    0.15157E+00
  0.250  0.560  0.820    0.14727E+00
  0.250  0.580  0.820    0.14095E+00
  0.250  0.600  0.820    0.13244E+00
  0.250  0.620  0.820    0.12171E+00
  0.250  0.640  0.820    0.10895E+00
  0.250  0.660  0.820    0.94602E-01
  0.250  0.680  0.820    0.79354E-01
  0.250  0.700  0.820    0.64056E-01
  0.250  0.720  0.820    0.49581E-01
  0.250  0.740  0.820    0.36681E-01
  0.250  0.760  0.820    0.25864E-01
  0.250  0.780  0.820    0.17338E-01
  0.250  0.800  0.820    0.11026E-01
  0.250  0.820  0.820    0.66404E-02
  0.250  0.840  0.820    0.37814E-02
  0.250  0.860  0.820    0.20335E-02
  0.250  0.880  0.820    0.10317E-02
  0.250  0.900  0.820    0.49344E-03
  0.250  0.920  0.820    0.22233E-03
  0.250  0.940  0.820    0.94331E-04
  0.250  0.960  0.820    0.37697E-04
  0.250  0.980  0.820    0.14232E-04
  0.250  1.000  0.820    0.51493E-05
  0.250  0.000  0.840    0.24051E-05
  0.250  0.020  0.840    0.68607E-05
  0.250  0.040  0.840    0.18535E-04
  0.250  0.060  0.840    0.47265E-04
  0.250  0.080  0.840    0.11358E-03
  0.250  0.100  0.840    0.25720E-03
  0.250  0.120  0.840    0.54913E-03
  0.250  0.140  0.840    0.11061E-02
  0.250  0.160  0.840    0.21036E-02
  0.250  0.180  0.840    0.37814E-02
  0.250  0.200  0.840    0.64328E-02
  0.250  0.220  0.840    0.10372E-01
  0.250  0.240  0.840    0.15876E-01
  0.250  0.260  0.840    0.23120E-01
  0.250  0.280  0.840    0.32105E-01
  0.250  0.300  0.840    0.42625E-01
  0.250  0.320  0.840    0.54266E-01
  0.250  0.340  0.840    0.66456E-01
  0.250  0.360  0.840    0.78555E-01
  0.250  0.380  0.840    0.89943E-01
  0.250  0.400  0.840    0.10010E+00
  0.250  0.420  0.840    0.10866E+00
  0.250  0.440  0.840    0.11540E+00
  0.250  0.460  0.840    0.12022E+00
  0.250  0.480  0.840    0.12311E+00
  0.250  0.500  0.840    0.12407E+00
  0.250  0.520  0.840    0.12311E+00
  0.250  0.540  0.840    0.12022E+00
  0.250  0.560  0.840    0.11540E+00
  0.250  0.580  0.840    0.10866E+00
  0.250  0.600  0.840    0.10010E+00
  0.250  0.620  0.840    0.89943E-01
  0.250  0.640  0.840    0.78555E-01
  0.250  0.660  0.840    0.66456E-01
  0.250  0.680  0.840    0.54266E-01
  0.250  0.700  0.840    0.42625E-01
  0.250  0.720  0.840    0.32105E-01
  0.250  0.740  0.840    0.23120E-01
  0.250  0.760  0.840    0.15876E-01
  0.250  0.780  0.840    0.10372E-01
  0.250  0.800  0.840    0.64328E-02
  0.250  0.820  0.840    0.37814E-02
  0.250  0.840  0.840    0.21036E-02
  0.250  0.860  0.840    0.11061E-02
  0.250  0.880  0.840    0.54913E-03
  0.250  0.900  0.840    0.25720E-03
  0.250  0.920  0.840    0.11358E-03
  0.250  0.940  0.840    0.47265E-04
  0.250  0.960  0.840    0.18535E-04
  0.250  0.980  0.840    0.68607E-05
  0.250  1.000  0.840    0.24051E-05
  0.250  0.000  0.860    0.10633E-05
  0.250  0.020  0.860    0.31329E-05
  0.250  0.040  0.860    0.86321E-05
  0.250  0.060  0.860    0.22430E-04
  0.250  0.080  0.860    0.54946E-04
  0.250  0.100  0.860    0.12692E-03
  0.250  0.120  0.860    0.27658E-03
  0.250  0.140  0.860    0.56901E-03
  0.250  0.160  0.860    0.11061E-02
  0.250  0.180  0.860    0.20335E-02
  0.250  0.200  0.860    0.35405E-02
  0.250  0.220  0.860    0.58456E-02
  0.250  0.240  0.860    0.91682E-02
  0.250  0.260  0.860    0.13685E-01
  0.250  0.280  0.860    0.19483E-01
  0.250  0.300  0.860    0.26520E-01
  0.250  0.320  0.860    0.34605E-01
  0.250  0.340  0.860    0.43409E-01
  0.250  0.360  0.860    0.52505E-01
  0.250  0.380  0.860    0.61422E-01
  0.250  0.400  0.860    0.69702E-01
  0.250  0.420  0.860    0.76950E-01
  0.250  0.440  0.860    0.82856E-01
  0.250  0.460  0.860    0.87206E-01
  0.250  0.480  0.860    0.89863E-01
  0.250  0.500  0.860    0.90755E-01
  0.250  0.520  0.860    0.89863E-01
  0.250  0.540  0.860    0.87206E-01
  0.250  0.560  0.860    0.82856E-01
  0.250  0.580  0.860    0.76950E-01
  0.250  0.600  0.860    0.69702E-01
  0.250  0.620  0.860    0.61422E-01
  0.250  0.640  0.860    0.52505E-01
  0.250  0.660  0.860    0.43409E-01
  0.250  0.680  0.860    0.34605E-01
  0.250  0.700  0.860    0.26520E-01
  0.250  0.720  0.860    0.19483E-01
  0.250  0.740  0.860    0.13685E-01
  0.250  0.760  0.860    0.91682E-02
  0.250  0.780  0.860    0.58456E-02
  0.250  0.800  0.860    0.35405E-02
  0.250  0.820  0.860    0.20335E-02
  0.250  0.840  0.860    0.11061E-02
  0.250  0.860  0.860    0.56901E-03
  0.250  0.880  0.860    0.27658E-03
  0.250  0.900  0.860    0.12692E-03
  0.250  0.920  0.860    0.54946E-04
  0.250  0.940  0.860    0.22430E-04
  0.250  0.960  0.860    0.86321E-05
  0.250  0.980  0.860    0.31329E-05
  0.250  1.000  0.860    0.10633E-05
  0.250  0.000  0.880    0.44466E-06
  0.250  0.020  0.880    0.13542E-05
  0.250  0.040  0.880    0.38050E-05
  0.250  0.060  0.880    0.10073E-04
  0.250  0.080  0.880    0.25148E-04
  0.250  0.100  0.880    0.59233E-04
  0.250  0.120  0.880    0.13169E-03
  0.250  0.140  0.880    0.27658E-03
  0.250  0.160  0.880    0.54913E-03
  0.250  0.180  0.880    0.10317E-02
  0.250  0.200  0.880    0.18366E-02
  0.250  0.220  0.880    0.31016E-02
  0.250  0.240  0.880    0.49771E-02
  0.250  0.260  0.880    0.76027E-02
  0.250  0.280  0.880    0.11077E-01
  0.250  0.300  0.880    0.15427E-01
  0.250  0.320  0.880    0.20588E-01
  0.250  0.340  0.880    0.26392E-01
  0.250  0.360  0.880    0.32585E-01
  0.250  0.380  0.880    0.38852E-01
  0.250  0.400  0.880    0.44849E-01
  0.250  0.420  0.880    0.50246E-01
  0.250  0.440  0.880    0.54752E-01
  0.250  0.460  0.880    0.58136E-01
  0.250  0.480  0.880    0.60231E-01
  0.250  0.500  0.880    0.60941E-01
  0.250  0.520  0.880    0.60231E-01
  0.250  0.540  0.880    0.58136E-01
  0.250  0.560  0.880    0.54752E-01
  0.250  0.580  0.880    0.50246E-01
  0.250  0.600  0.880    0.44849E-01
  0.250  0.620  0.880    0.38852E-01
  0.250  0.640  0.880    0.32585E-01
  0.250  0.660  0.880    0.26392E-01
  0.250  0.680  0.880    0.20588E-01
  0.250  0.700  0.880    0.15427E-01
  0.250  0.720  0.880    0.11077E-01
  0.250  0.740  0.880    0.76027E-02
  0.250  0.760  0.880    0.49771E-02
  0.250  0.780  0.880    0.31016E-02
  0.250  0.800  0.880    0.18366E-02
  0.250  0.820  0.880    0.10317E-02
  0.250  0.840  0.880    0.54913E-03
  0.250  0.860  0.880    0.27658E-03
  0.250  0.880  0.880    0.13169E-03
  0.250  0.900  0.880    0.59233E-04
  0.250  0.920  0.880    0.25148E-04
  0.250  0.940  0.880    0.10073E-04
  0.250  0.960  0.880    0.38050E-05
  0.250  0.980  0.880    0.13542E-05
  0.250  1.000  0.880    0.44466E-06
  0.250  0.000  0.900    0.17579E-06
  0.250  0.020  0.900    0.55374E-06
  0.250  0.040  0.900    0.15863E-05
  0.250  0.060  0.900    0.42773E-05
  0.250  0.080  0.900    0.10881E-04
  0.250  0.100  0.900    0.26124E-04
  0.250  0.120  0.900    0.59233E-04
  0.250  0.140  0.900    0.12692E-03
  0.250  0.160  0.900    0.25720E-03
  0.250  0.180  0.900    0.49344E-03
  0.250  0.200  0.900    0.89720E-03
  0.250  0.220  0.900    0.15481E-02
  0.250  0.240  0.900    0.25386E-02
  0.250  0.260  0.900    0.39627E-02
  0.250  0.280  0.900    0.58992E-02
  0.250  0.300  0.900    0.83920E-02
  0.250  0.320  0.900    0.11432E-01
  0.250  0.340  0.900    0.14948E-01
  0.250  0.360  0.900    0.18802E-01
  0.250  0.380  0.900    0.22804E-01
  0.250  0.400  0.900    0.26727E-01
  0.250  0.420  0.900    0.30336E-01
  0.250  0.440  0.900    0.33407E-01
  0.250  0.460  0.900    0.35747E-01
  0.250  0.480  0.900    0.37211E-01
  0.250  0.500  0.900    0.37709E-01
  0.250  0.520  0.900    0.37211E-01
  0.250  0.540  0.900    0.35747E-01
  0.250  0.560  0.900    0.33407E-01
  0.250  0.580  0.900    0.30336E-01
  0.250  0.600  0.900    0.26727E-01
  0.250  0.620  0.900    0.22804E-01
  0.250  0.640  0.900    0.18802E-01
  0.250  0.660  0.900    0.14948E-01
  0.250  0.680  0.900    0.11432E-01
  0.250  0.700  0.900    0.83920E-02
  0.250  0.720  0.900    0.58992E-02
  0.250  0.740  0.900    0.39627E-02
  0.250  0.760  0.900    0.25386E-02
  0.250  0.780  0.900    0.15481E-02
  0.250  0.800  0.900    0.89720E-03
  0.250  0.820  0.900    0.49344E-03
  0.250  0.840  0.900    0.25720E-03
  0.250  0.860  0.900    0.12692E-03
  0.250  0.880  0.900    0.59233E-04
  0.250  0.900  0.900    0.26124E-04
  0.250  0.920  0.900    0.10881E-04
  0.250  0.940  0.900    0.42773E-05
  0.250  0.960  0.900    0.15863E-05
  0.250  0.980  0.900    0.55374E-06
  0.250  1.000  0.900    0.17579E-06
  0.250  0.000  0.920    0.65663E-07
  0.250  0.020  0.920    0.21407E-06
  0.250  0.040  0.920    0.62510E-06
  0.250  0.060  0.920    0.17164E-05
  0.250  0.080  0.920    0.44474E-05
  0.250  0.100  0.920    0.10881E-04
  0.250  0.120  0.920    0.25148E-04
  0.250  0.140  0.920    0.54946E-04
  0.250  0.160  0.920    0.11358E-03
  0.250  0.180  0.920    0.22233E-03
  0.250  0.200  0.920    0.41254E-03
  0.250  0.220  0.920    0.72654E-03
  0.250  0.240  0.920    0.12161E-02
  0.250  0.260  0.920    0.19374E-02
  0.250  0.280  0.920    0.29428E-02
  0.250  0.300  0.920    0.42697E-02
  0.250  0.320  0.920    0.59284E-02
  0.250  0.340  0.920    0.78932E-02
  0.250  0.360  0.920    0.10098E-01
  0.250  0.380  0.920    0.12438E-01
  0.250  0.400  0.920    0.14780E-01
  0.250  0.420  0.920    0.16973E-01
  0.250  0.440  0.920    0.18868E-01
  0.250  0.460  0.920    0.20329E-01
  0.250  0.480  0.920    0.21251E-01
  0.250  0.500  0.920    0.21566E-01
  0.250  0.520  0.920    0.21251E-01
  0.250  0.540  0.920    0.20329E-01
  0.250  0.560  0.920    0.18868E-01
  0.250  0.580  0.920    0.16973E-01
  0.250  0.600  0.920    0.14780E-01
  0.250  0.620  0.920    0.12438E-01
  0.250  0.640  0.920    0.10098E-01
  0.250  0.660  0.920    0.78932E-02
  0.250  0.680  0.920    0.59284E-02
  0.250  0.700  0.920    0.42697E-02
  0.250  0.720  0.920    0.29428E-02
  0.250  0.740  0.920    0.19374E-02
  0.250  0.760  0.920    0.12161E-02
  0.250  0.780  0.920    0.72654E-03
  0.250  0.800  0.920    0.41254E-03
  0.250  0.820  0.920    0.22233E-03
  0.250  0.840  0.920    0.11358E-03
  0.250  0.860  0.920    0.54946E-04
  0.250  0.880  0.920    0.25148E-04
  0.250  0.900  0.920    0.10881E-04
  0.250  0.920  0.920    0.44474E-05
  0.250  0.940  0.920    0.17164E-05
  0.250  0.960  0.920    0.62510E-06
  0.250  0.980  0.920    0.21407E-06
  0.250  1.000  0.920    0.65663E-07
  0.250  0.000  0.940    0.23165E-07
  0.250  0.020  0.940    0.78199E-07
  0.250  0.040  0.940    0.23271E-06
  0.250  0.060  0.940    0.65055E-06
  0.250  0.080  0.940    0.17164E-05
  0.250  0.100  0.940    0.42773E-05
  0.250  0.120  0.940    0.10073E-04
  0.250  0.140  0.940    0.22430E-04
  0.250  0.160  0.940    0.47265E-04
  0.250  0.180  0.940    0.94331E-04
  0.250  0.200  0.940    0.17849E-03
  0.250  0.220  0.940    0.32054E-03
  0.250  0.240  0.940    0.54708E-03
  0.250  0.260  0.940    0.88856E-03
  0.250  0.280  0.940    0.13755E-02
  0.250  0.300  0.940    0.20328E-02
  0.250  0.320  0.940    0.28730E-02
  0.250  0.340  0.940    0.38900E-02
  0.250  0.360  0.940    0.50549E-02
  0.250  0.380  0.940    0.63155E-02
  0.250  0.400  0.940    0.75993E-02
  0.250  0.420  0.940    0.88203E-02
  0.250  0.440  0.940    0.98888E-02
  0.250  0.460  0.940    0.10721E-01
  0.250  0.480  0.940    0.11250E-01
  0.250  0.500  0.940    0.11431E-01
  0.250  0.520  0.940    0.11250E-01
  0.250  0.540  0.940    0.10721E-01
  0.250  0.560  0.940    0.98888E-02
  0.250  0.580  0.940    0.88203E-02
  0.250  0.600  0.940    0.75993E-02
  0.250  0.620  0.940    0.63155E-02
  0.250  0.640  0.940    0.50549E-02
  0.250  0.660  0.940    0.38900E-02
  0.250  0.680  0.940    0.28730E-02
  0.250  0.700  0.940    0.20328E-02
  0.250  0.720  0.940    0.13755E-02
  0.250  0.740  0.940    0.88856E-03
  0.250  0.760  0.940    0.54708E-03
  0.250  0.780  0.940    0.32054E-03
  0.250  0.800  0.940    0.17849E-03
  0.250  0.820  0.940    0.94331E-04
  0.250  0.840  0.940    0.47265E-04
  0.250  0.860  0.940    0.22430E-04
  0.250  0.880  0.940    0.10073E-04
  0.250  0.900  0.940    0.42773E-05
  0.250  0.920  0.940    0.17164E-05
  0.250  0.940  0.940    0.65055E-06
  0.250  0.960  0.940    0.23271E-06
  0.250  0.980  0.940    0.78199E-07
  0.250  1.000  0.940    0.23165E-07
  0.250  0.000  0.960    0.77125E-08
  0.250  0.020  0.960    0.26970E-07
  0.250  0.040  0.960    0.81775E-07
  0.250  0.060  0.960    0.23271E-06
  0.250  0.080  0.960    0.62510E-06
  0.250  0.100  0.960    0.15863E-05
  0.250  0.120  0.960    0.38050E-05
  0.250  0.140  0.960    0.86321E-05
  0.250  0.160  0.960    0.18535E-04
  0.250  0.180  0.960    0.37697E-04
  0.250  0.200  0.960    0.72693E-04
  0.250  0.220  0.960    0.13304E-03
  0.250  0.240  0.960    0.23137E-03
  0.250  0.260  0.960    0.38281E-03
  0.250  0.280  0.960    0.60343E-03
  0.250  0.300  0.960    0.90758E-03
  0.250  0.320  0.960    0.13044E-02
  0.250  0.340  0.960    0.17944E-02
  0.250  0.360  0.960    0.23663E-02
  0.250  0.380  0.960    0.29960E-02
  0.250  0.400  0.960    0.36475E-02
  0.250  0.420  0.960    0.42758E-02
  0.250  0.440  0.960    0.48319E-02
  0.250  0.460  0.960    0.52690E-02
  0.250  0.480  0.960    0.55484E-02
  0.250  0.500  0.960    0.56445E-02
  0.250  0.520  0.960    0.55484E-02
  0.250  0.540  0.960    0.52690E-02
  0.250  0.560  0.960    0.48319E-02
  0.250  0.580  0.960    0.42758E-02
  0.250  0.600  0.960    0.36475E-02
  0.250  0.620  0.960    0.29960E-02
  0.250  0.640  0.960    0.23663E-02
  0.250  0.660  0.960    0.17944E-02
  0.250  0.680  0.960    0.13044E-02
  0.250  0.700  0.960    0.90758E-03
  0.250  0.720  0.960    0.60343E-03
  0.250  0.740  0.960    0.38281E-03
  0.250  0.760  0.960    0.23137E-03
  0.250  0.780  0.960    0.13304E-03
  0.250  0.800  0.960    0.72693E-04
  0.250  0.820  0.960    0.37697E-04
  0.250  0.840  0.960    0.18535E-04
  0.250  0.860  0.960    0.86321E-05
  0.250  0.880  0.960    0.38050E-05
  0.250  0.900  0.960    0.15863E-05
  0.250  0.920  0.960    0.62510E-06
  0.250  0.940  0.960    0.23271E-06
  0.250  0.960  0.960    0.81775E-07
  0.250  0.980  0.960    0.26970E-07
  0.250  1.000  0.960    0.77125E-08
  0.250  0.000  0.980    0.24085E-08
  0.250  0.020  0.980    0.87233E-08
  0.250  0.040  0.980    0.26970E-07
  0.250  0.060  0.980    0.78199E-07
  0.250  0.080  0.980    0.21407E-06
  0.250  0.100  0.980    0.55374E-06
  0.250  0.120  0.980    0.13542E-05
  0.250  0.140  0.980    0.31329E-05
  0.250  0.160  0.980    0.68607E-05
  0.250  0.180  0.980    0.14232E-04
  0.250  0.200  0.980    0.27992E-04
  0.250  0.220  0.980    0.52249E-04
  0.250  0.240  0.980    0.92648E-04
  0.250  0.260  0.980    0.15625E-03
  0.250  0.280  0.980    0.25094E-03
  0.250  0.300  0.980    0.38426E-03
  0.250  0.320  0.980    0.56184E-03
  0.250  0.340  0.980    0.78542E-03
  0.250  0.360  0.980    0.10513E-02
  0.250  0.380  0.980    0.13490E-02
  0.250  0.400  0.980    0.16619E-02
  0.250  0.420  0.980    0.19676E-02
  0.250  0.440  0.980    0.22412E-02
  0.250  0.460  0.980    0.24581E-02
  0.250  0.480  0.980    0.25975E-02
  0.250  0.500  0.980    0.26456E-02
  0.250  0.520  0.980    0.25975E-02
  0.250  0.540  0.980    0.24581E-02
  0.250  0.560  0.980    0.22412E-02
  0.250  0.580  0.980    0.19676E-02
  0.250  0.600  0.980    0.16619E-02
  0.250  0.620  0.980    0.13490E-02
  0.250  0.640  0.980    0.10513E-02
  0.250  0.660  0.980    0.78542E-03
  0.250  0.680  0.980    0.56184E-03
  0.250  0.700  0.980    0.38426E-03
  0.250  0.720  0.980    0.25094E-03
  0.250  0.740  0.980    0.15625E-03
  0.250  0.760  0.980    0.92648E-04
  0.250  0.780  0.980    0.52249E-04
  0.250  0.800  0.980    0.27992E-04
  0.250  0.820  0.980    0.14232E-04
  0.250  0.840  0.980    0.68607E-05
  0.250  0.860  0.980    0.31329E-05
  0.250  0.880  0.980    0.13542E-05
  0.250  0.900  0.980    0.55374E-06
  0.250  0.920  0.980    0.21407E-06
  0.250  0.940  0.980    0.78199E-07
  0.250  0.960  0.980    0.26970E-07
  0.250  0.980  0.980    0.87233E-08
  0.250  1.000  0.980    0.24085E-08
  0.250  0.000  1.000    0.00000E+00
  0.250  0.020  1.000    0.24085E-08
  0.250  0.040  1.000    0.77125E-08
  0.250  0.060  1.000    0.23165E-07
  0.250  0.080  1.000    0.65663E-07
  0.250  0.100  1.000    0.17579E-06
  0.250  0.120  1.000    0.44466E-06
  0.250  0.140  1.000    0.10633E-05
  0.250  0.160  1.000    0.24051E-05
  0.250  0.180  1.000    0.51493E-05
  0.250  0.200  1.000    0.10443E-04
  0.250  0.220  1.000    0.20078E-04
  0.250  0.240  1.000    0.36632E-04
  0.250  0.260  1.000    0.63485E-04
  0.250  0.280  1.000    0.10462E-03
  0.250  0.300  1.000    0.16415E-03
  0.250  0.320  1.000    0.24549E-03
  0.250  0.340  1.000    0.35037E-03
  0.250  0.360  1.000    0.47782E-03
  0.250  0.380  1.000    0.62342E-03
  0.250  0.400  1.000    0.77903E-03
  0.250  0.420  1.000    0.93335E-03
  0.250  0.440  1.000    0.10731E-02
  0.250  0.460  1.000    0.11849E-02
  0.250  0.480  1.000    0.12573E-02
  0.250  0.500  1.000    0.12823E-02
  0.250  0.520  1.000    0.12573E-02
  0.250  0.540  1.000    0.11849E-02
  0.250  0.560  1.000    0.10731E-02
  0.250  0.580  1.000    0.93335E-03
  0.250  0.600  1.000    0.77903E-03
  0.250  0.620  1.000    0.62342E-03
  0.250  0.640  1.000    0.47782E-03
  0.250  0.660  1.000    0.35037E-03
  0.250  0.680  1.000    0.24549E-03
  0.250  0.700  1.000    0.16415E-03
  0.250  0.720  1.000    0.10462E-03
  0.250  0.740  1.000    0.63485E-04
  0.250  0.760  1.000    0.36632E-04
  0.250  0.780  1.000    0.20078E-04
  0.250  0.800  1.000    0.10443E-04
  0.250  0.820  1.000    0.51493E-05
  0.250  0.840  1.000    0.24051E-05
  0.250  0.860  1.000    0.10633E-05
  0.250  0.880  1.000    0.44466E-06
  0.250  0.900  1.000    0.17579E-06
  0.250  0.920  1.000    0.65663E-07
  0.250  0.940  1.000    0.23165E-07
  0.250  0.960  1.000    0.77125E-08
  0.250  0.980  1.000    0.24085E-08
  0.250  1.000  1.000    0.00000E+00
