  0.500  0.000  0.000    0.00000E+00
  0.500  0.020  0.000    0.63409E-02
  0.500  0.040  0.000    0.10506E-01
  0.500  0.060  0.000    0.16271E-01
  0.500  0.080  0.000    0.23925E-01
  0.500  0.100  0.000    0.33588E-01
  0.500  0.120  0.000    0.45149E-01
  0.500  0.140  0.000    0.58232E-01
  0.500  0.160  0.000    0.72220E-01
  0.500  0.180  0.000    0.86315E-01
  0.500  0.200  0.000    0.99653E-01
  0.500  0.220  0.000    0.11142E+00
  0.500  0.240  0.000    0.12098E+00
  0.500  0.260  0.000    0.12793E+00
  0.500  0.280  0.000    0.13214E+00
  0.500  0.300  0.000    0.13375E+00
  0.500  0.320  0.000    0.13308E+00
  0.500  0.340  0.000    0.13062E+00
  0.500  0.360  0.000    0.12691E+00
  0.500  0.380  0.000    0.12250E+00
  0.500  0.400  0.000    0.11789E+00
  0.500  0.420  0.000    0.11354E+00
  0.500  0.440  0.000    0.10979E+00
  0.500  0.460  0.000    0.10693E+00
  0.500  0.480  0.000    0.10513E+00
  0.500  0.500  0.000    0.10452E+00
  0.500  0.520  0.000    0.10513E+00
  0.500  0.540  0.000    0.10693E+00
  0.500  0.560  0.000    0.10979E+00
  0.500  0.580  0.000    0.11354E+00
  0.500  0.600  0.000    0.11789E+00
  0.500  0.620  0.000    0.12250E+00
  0.500  0.640  0.000    0.12691E+00
  0.500  0.660  0.000    0.13062E+00
  0.500  0.680  0.000    0.13308E+00
  0.500  0.700  0.000    0.13375E+00
  0.500  0.720  0.000    0.13214E+00
  0.500  0.740  0.000    0.12793E+00
  0.500  0.760  0.000    0.12098E+00
  0.500  0.780  0.000    0.11142E+00
  0.500  0.800  0.000    0.99653E-01
  0.500  0.820  0.000    0.86315E-01
  0.500  0.840  0.000    0.72220E-01
  0.500  0.860  0.000    0.58232E-01
  0.500  0.880  0.000    0.45149E-01
  0.500  0.900  0.000    0.33588E-01
  0.500  0.920  0.000    0.23925E-01
  0.500  0.940  0.000    0.16271E-01
  0.500  0.960  0.000    0.10506E-01
  0.500  0.980  0.000    0.63409E-02
  0.500  1.000  0.000    0.00000E+00
  0.500  0.000  0.020    0.63409E-02
  0.500  0.020  0.020    0.11307E-01
  0.500  0.040  0.020    0.17963E-01
  0.500  0.060  0.020    0.26661E-01
  0.500  0.080  0.020    0.37533E-01
  0.500  0.100  0.020    0.50413E-01
  0.500  0.120  0.020    0.64806E-01
  0.500  0.140  0.020    0.79911E-01
  0.500  0.160  0.020    0.94725E-01
  0.500  0.180  0.020    0.10818E+00
  0.500  0.200  0.020    0.11932E+00
  0.500  0.220  0.020    0.12741E+00
  0.500  0.240  0.020    0.13208E+00
  0.500  0.260  0.020    0.13328E+00
  0.500  0.280  0.020    0.13132E+00
  0.500  0.300  0.020    0.12671E+00
  0.500  0.320  0.020    0.12014E+00
  0.500  0.340  0.020    0.11233E+00
  0.500  0.360  0.020    0.10396E+00
  0.500  0.380  0.020    0.95645E-01
  0.500  0.400  0.020    0.87901E-01
  0.500  0.420  0.020    0.81120E-01
  0.500  0.440  0.020    0.75591E-01
  0.500  0.460  0.020    0.71516E-01
  0.500  0.480  0.020    0.69025E-01
  0.500  0.500  0.020    0.68187E-01
  0.500  0.520  0.020    0.69025E-01
  0.500  0.540  0.020    0.71516E-01
  0.500  0.560  0.020    0.75591E-01
  0.500  0.580  0.020    0.81120E-01
  0.500  0.600  0.020    0.87901E-01
  0.500  0.620  0.020    0.95645E-01
  0.500  0.640  0.020    0.10396E+00
  0.500  0.660  0.020    0.11233E+00
  0.500  0.680  0.020    0.12014E+00
  0.500  0.700  0.020    0.12671E+00
  0.500  0.720  0.020    0.13132E+00
  0.500  0.740  0.020    0.13328E+00
  0.500  0.760  0.020    0.13208E+00
  0.500  0.780  0.020    0.12741E+00
  0.500  0.800  0.020    0.11932E+00
  0.500  0.820  0.020    0.10818E+00
  0.500  0.840  0.020    0.94725E-01
  0.500  0.860  0.020    0.79911E-01
  0.500  0.880  0.020    0.64806E-01
  0.500  0.900  0.020    0.50413E-01
  0.500  0.920  0.020    0.37533E-01
  0.500  0.940  0.020    0.26661E-01
  0.500  0.960  0.020    0.17963E-01
  0.500  0.980  0.020    0.11307E-01
  0.500  1.000  0.020    0.63409E-02
  0.500  0.000  0.040    0.10506E-01
  0.500  0.020  0.040    0.17963E-01
  0.500  0.040  0.040    0.27555E-01
  0.500  0.060  0.040    0.39483E-01
  0.500  0.080  0.040    0.53581E-01
  0.500  0.100  0.040    0.69259E-01
  0.500  0.120  0.040    0.85529E-01
  0.500  0.140  0.040    0.10114E+00
  0.500  0.160  0.040    0.11475E+00
  0.500  0.180  0.040    0.12519E+00
  0.500  0.200  0.040    0.13162E+00
  0.500  0.220  0.040    0.13365E+00
  0.500  0.240  0.040    0.13139E+00
  0.500  0.260  0.040    0.12535E+00
  0.500  0.280  0.040    0.11631E+00
  0.500  0.300  0.040    0.10522E+00
  0.500  0.320  0.040    0.93019E-01
  0.500  0.340  0.040    0.80558E-01
  0.500  0.360  0.040    0.68542E-01
  0.500  0.380  0.040    0.57503E-01
  0.500  0.400  0.040    0.47818E-01
  0.500  0.420  0.040    0.39723E-01
  0.500  0.440  0.040    0.33357E-01
  0.500  0.460  0.040    0.28786E-01
  0.500  0.480  0.040    0.26039E-01
  0.500  0.500  0.040    0.25123E-01
  0.500  0.520  0.040    0.26039E-01
  0.500  0.540  0.040    0.28786E-01
  0.500  0.560  0.040    0.33357E-01
  0.500  0.580  0.040    0.39723E-01
  0.500  0.600  0.040    0.47818E-01
  0.500  0.620  0.040    0.57503E-01
  0.500  0.640  0.040    0.68542E-01
  0.500  0.660  0.040    0.80558E-01
  0.500  0.680  0.040    0.93019E-01
  0.500  0.700  0.040    0.10522E+00
  0.500  0.720  0.040    0.11631E+00
  0.500  0.740  0.040    0.12535E+00
  0.500  0.760  0.040    0.13139E+00
  0.500  0.780  0.040    0.13365E+00
  0.500  0.800  0.040    0.13162E+00
  0.500  0.820  0.040    0.12519E+00
  0.500  0.840  0.040    0.11475E+00
  0.500  0.860  0.040    0.10114E+00
  0.500  0.880  0.040    0.85529E-01
  0.500  0.900  0.040    0.69259E-01
  0.500  0.920  0.040    0.53581E-01
  0.500  0.940  0.040    0.39483E-01
  0.500  0.960  0.040    0.27555E-01
  0.500  0.980  0.040    0.17963E-01
  0.500  1.000  0.040    0.10506E-01
  0.500  0.000  0.060    0.16271E-01
  0.500  0.020  0.060    0.26661E-01
  0.500  0.040  0.060    0.39483E-01
  0.500  0.060  0.060    0.54624E-01
  0.500  0.080  0.060    0.71458E-01
  0.500  0.100  0.060    0.88852E-01
  0.500  0.120  0.060    0.10530E+00
  0.500  0.140  0.060    0.11918E+00
  0.500  0.160  0.060    0.12904E+00
  0.500  0.180  0.060    0.13388E+00
  0.500  0.200  0.060    0.13328E+00
  0.500  0.220  0.060    0.12748E+00
  0.500  0.240  0.060    0.11726E+00
  0.500  0.260  0.060    0.10372E+00
  0.500  0.280  0.060    0.88146E-01
  0.500  0.300  0.060    0.71737E-01
  0.500  0.320  0.060    0.55534E-01
  0.500  0.340  0.060    0.40327E-01
  0.500  0.360  0.060    0.26648E-01
  0.500  0.380  0.060    0.14804E-01
  0.500  0.400  0.060    0.49199E-02
  0.500  0.420  0.060   -0.29982E-02
  0.500  0.440  0.060   -0.90153E-02
  0.500  0.460  0.060   -0.13223E-01
  0.500  0.480  0.060   -0.15707E-01
  0.500  0.500  0.060   -0.16528E-01
  0.500  0.520  0.060   -0.15707E-01
  0.500  0.540  0.060   -0.13223E-01
  0.500  0.560  0.060   -0.90153E-02
  0.500  0.580  0.060   -0.29982E-02
  0.500  0.600  0.060    0.49199E-02
  0.500  0.620  0.060    0.14804E-01
  0.500  0.640  0.060    0.26648E-01
  0.500  0.660  0.060    0.40327E-01
  0.500  0.680  0.060    0.55534E-01
  0.500  0.700  0.060    0.71737E-01
  0.500  0.720  0.060    0.88146E-01
  0.500  0.740  0.060    0.10372E+00
  0.500  0.760  0.060    0.11726E+00
  0.500  0.780  0.060    0.12748E+00
  0.500  0.800  0.060    0.13328E+00
  0.500  0.820  0.060    0.13388E+00
  0.500  0.840  0.060    0.12904E+00
  0.500  0.860  0.060    0.11918E+00
  0.500  0.880  0.060    0.10530E+00
  0.500  0.900  0.060    0.88852E-01
  0.500  0.920  0.060    0.71458E-01
  0.500  0.940  0.060    0.54624E-01
  0.500  0.960  0.060    0.39483E-01
  0.500  0.980  0.060    0.26661E-01
  0.500  1.000  0.060    0.16271E-01
  0.500  0.000  0.080    0.23925E-01
  0.500  0.020  0.080    0.37533E-01
  0.500  0.040  0.080    0.53581E-01
  0.500  0.060  0.080    0.71458E-01
  0.500  0.080  0.080    0.89942E-01
  0.500  0.100  0.080    0.10732E+00
  0.500  0.120  0.080    0.12167E+00
  0.500  0.140  0.080    0.13124E+00
  0.500  0.160  0.080    0.13479E+00
  0.500  0.180  0.080    0.13186E+00
  0.500  0.200  0.080    0.12279E+00
  0.500  0.220  0.080    0.10863E+00
  0.500  0.240  0.080    0.90879E-01
  0.500  0.260  0.080    0.71167E-01
  0.500  0.280  0.080    0.51032E-01
  0.500  0.300  0.080    0.31722E-01
  0.500  0.320  0.080    0.14117E-01
  0.500  0.340  0.080   -0.12686E-02
  0.500  0.360  0.080   -0.14232E-01
  0.500  0.380  0.080   -0.24799E-01
  0.500  0.400  0.080   -0.33140E-01
  0.500  0.420  0.080   -0.39496E-01
  0.500  0.440  0.080   -0.44122E-01
  0.500  0.460  0.080   -0.47247E-01
  0.500  0.480  0.080   -0.49048E-01
  0.500  0.500  0.080   -0.49636E-01
  0.500  0.520  0.080   -0.49048E-01
  0.500  0.540  0.080   -0.47247E-01
  0.500  0.560  0.080   -0.44122E-01
  0.500  0.580  0.080   -0.39496E-01
  0.500  0.600  0.080   -0.33140E-01
  0.500  0.620  0.080   -0.24799E-01
  0.500  0.640  0.080   -0.14232E-01
  0.500  0.660  0.080   -0.12686E-02
  0.500  0.680  0.080    0.14117E-01
  0.500  0.700  0.080    0.31722E-01
  0.500  0.720  0.080    0.51032E-01
  0.500  0.740  0.080    0.71167E-01
  0.500  0.760  0.080    0.90879E-01
  0.500  0.780  0.080    0.10863E+00
  0.500  0.800  0.080    0.12279E+00
  0.500  0.820  0.080    0.13186E+00
  0.500  0.840  0.080    0.13479E+00
  0.500  0.860  0.080    0.13124E+00
  0.500  0.880  0.080    0.12167E+00
  0.500  0.900  0.080    0.10732E+00
  0.500  0.920  0.080    0.89942E-01
  0.500  0.940  0.080    0.71458E-01
  0.500  0.960  0.080    0.53581E-01
  0.500  0.980  0.080    0.37533E-01
  0.500  1.000  0.080    0.23925E-01
  0.500  0.000  0.100    0.33588E-01
  0.500  0.020  0.100    0.50413E-01
  0.500  0.040  0.100    0.69259E-01
  0.500  0.060  0.100    0.88852E-01
  0.500  0.080  0.100    0.10732E+00
  0.500  0.100  0.100    0.12246E+00
  0.500  0.120  0.100    0.13220E+00
  0.500  0.140  0.100    0.13501E+00
  0.500  0.160  0.100    0.13031E+00
  0.500  0.180  0.100    0.11850E+00
  0.500  0.200  0.100    0.10092E+00
  0.500  0.220  0.100    0.79433E-01
  0.500  0.240  0.100    0.56111E-01
  0.500  0.260  0.100    0.32848E-01
  0.500  0.280  0.100    0.11134E-01
  0.500  0.300  0.100   -0.80524E-02
  0.500  0.320  0.100   -0.24227E-01
  0.500  0.340  0.100   -0.37311E-01
  0.500  0.360  0.100   -0.47508E-01
  0.500  0.380  0.100   -0.55187E-01
  0.500  0.400  0.100   -0.60779E-01
  0.500  0.420  0.100   -0.64712E-01
  0.500  0.440  0.100   -0.67365E-01
  0.500  0.460  0.100   -0.69040E-01
  0.500  0.480  0.100   -0.69958E-01
  0.500  0.500  0.100   -0.70249E-01
  0.500  0.520  0.100   -0.69958E-01
  0.500  0.540  0.100   -0.69040E-01
  0.500  0.560  0.100   -0.67365E-01
  0.500  0.580  0.100   -0.64712E-01
  0.500  0.600  0.100   -0.60779E-01
  0.500  0.620  0.100   -0.55187E-01
  0.500  0.640  0.100   -0.47508E-01
  0.500  0.660  0.100   -0.37311E-01
  0.500  0.680  0.100   -0.24227E-01
  0.500  0.700  0.100   -0.80524E-02
  0.500  0.720  0.100    0.11134E-01
  0.500  0.740  0.100    0.32848E-01
  0.500  0.760  0.100    0.56111E-01
  0.500  0.780  0.100    0.79433E-01
  0.500  0.800  0.100    0.10092E+00
  0.500  0.820  0.100    0.11850E+00
  0.500  0.840  0.100    0.13031E+00
  0.500  0.860  0.100    0.13501E+00
  0.500  0.880  0.100    0.13220E+00
  0.500  0.900  0.100    0.12246E+00
  0.500  0.920  0.100    0.10732E+00
  0.500  0.940  0.100    0.88852E-01
  0.500  0.960  0.100    0.69259E-01
  0.500  0.980  0.100    0.50413E-01
  0.500  1.000  0.100    0.33588E-01
  0.500  0.000  0.120    0.45149E-01
  0.500  0.020  0.120    0.64806E-01
  0.500  0.040  0.120    0.85529E-01
  0.500  0.060  0.120    0.10530E+00
  0.500  0.080  0.120    0.12167E+00
  0.500  0.100  0.120    0.13220E+00
  0.500  0.120  0.120    0.13503E+00
  0.500  0.140  0.120    0.12934E+00
  0.500  0.160  0.120    0.11556E+00
  0.500  0.180  0.120    0.95210E-01
  0.500  0.200  0.120    0.70579E-01
  0.500  0.220  0.120    0.44190E-01
  0.500  0.240  0.120    0.18348E-01
  0.500  0.260  0.120   -0.51818E-02
  0.500  0.280  0.120   -0.25305E-01
  0.500  0.300  0.120   -0.41573E-01
  0.500  0.320  0.120   -0.54046E-01
  0.500  0.340  0.120   -0.63124E-01
  0.500  0.360  0.120   -0.69382E-01
  0.500  0.380  0.120   -0.73445E-01
  0.500  0.400  0.120   -0.75902E-01
  0.500  0.420  0.120   -0.77258E-01
  0.500  0.440  0.120   -0.77918E-01
  0.500  0.460  0.120   -0.78185E-01
  0.500  0.480  0.120   -0.78266E-01
  0.500  0.500  0.120   -0.78280E-01
  0.500  0.520  0.120   -0.78266E-01
  0.500  0.540  0.120   -0.78185E-01
  0.500  0.560  0.120   -0.77918E-01
  0.500  0.580  0.120   -0.77258E-01
  0.500  0.600  0.120   -0.75902E-01
  0.500  0.620  0.120   -0.73445E-01
  0.500  0.640  0.120   -0.69382E-01
  0.500  0.660  0.120   -0.63124E-01
  0.500  0.680  0.120   -0.54046E-01
  0.500  0.700  0.120   -0.41573E-01
  0.500  0.720  0.120   -0.25305E-01
  0.500  0.740  0.120   -0.51818E-02
  0.500  0.760  0.120    0.18348E-01
  0.500  0.780  0.120    0.44190E-01
  0.500  0.800  0.120    0.70579E-01
  0.500  0.820  0.120    0.95210E-01
  0.500  0.840  0.120    0.11556E+00
  0.500  0.860  0.120    0.12934E+00
  0.500  0.880  0.120    0.13503E+00
  0.500  0.900  0.120    0.13220E+00
  0.500  0.920  0.120    0.12167E+00
  0.500  0.940  0.120    0.10530E+00
  0.500  0.960  0.120    0.85529E-01
  0.500  0.980  0.120    0.64806E-01
  0.500  1.000  0.120    0.45149E-01
  0.500  0.000  0.140    0.58232E-01
  0.500  0.020  0.140    0.79911E-01
  0.500  0.040  0.140    0.10114E+00
  0.500  0.060  0.140    0.11918E+00
  0.500  0.080  0.140    0.13124E+00
  0.500  0.100  0.140    0.13501E+00
  0.500  0.120  0.140    0.12934E+00
  0.500  0.140  0.140    0.11451E+00
  0.500  0.160  0.140    0.92195E-01
  0.500  0.180  0.140    0.65036E-01
  0.500  0.200  0.140    0.36049E-01
  0.500  0.220  0.140    0.80071E-02
  0.500  0.240  0.140   -0.16988E-01
  0.500  0.260  0.140   -0.37693E-01
  0.500  0.280  0.140   -0.53682E-01
  0.500  0.300  0.140   -0.65165E-01
  0.500  0.320  0.140   -0.72753E-01
  0.500  0.340  0.140   -0.77241E-01
  0.500  0.360  0.140   -0.79442E-01
  0.500  0.380  0.140   -0.80090E-01
  0.500  0.400  0.140   -0.79793E-01
  0.500  0.420  0.140   -0.79020E-01
  0.500  0.440  0.140   -0.78116E-01
  0.500  0.460  0.140   -0.77320E-01
  0.500  0.480  0.140   -0.76787E-01
  0.500  0.500  0.140   -0.76600E-01
  0.500  0.520  0.140   -0.76787E-01
  0.500  0.540  0.140   -0.77320E-01
  0.500  0.560  0.140   -0.78116E-01
  0.500  0.580  0.140   -0.79020E-01
  0.500  0.600  0.140   -0.79793E-01
  0.500  0.620  0.140   -0.80090E-01
  0.500  0.640  0.140   -0.79442E-01
  0.500  0.660  0.140   -0.77241E-01
  0.500  0.680  0.140   -0.72753E-01
  0.500  0.700  0.140   -0.65165E-01
  0.500  0.720  0.140   -0.53682E-01
  0.500  0.740  0.140   -0.37693E-01
  0.500  0.760  0.140   -0.16988E-01
  0.500  0.780  0.140    0.80071E-02
  0.500  0.800  0.140    0.36049E-01
  0.500  0.820  0.140    0.65036E-01
  0.500  0.840  0.140    0.92195E-01
  0.500  0.860  0.140    0.11451E+00
  0.500  0.880  0.140    0.12934E+00
  0.500  0.900  0.140    0.13501E+00
  0.500  0.920  0.140    0.13124E+00
  0.500  0.940  0.140    0.11918E+00
  0.500  0.960  0.140    0.10114E+00
  0.500  0.980  0.140    0.79911E-01
  0.500  1.000  0.140    0.58232E-01
  0.500  0.000  0.160    0.72220E-01
  0.500  0.020  0.160    0.94725E-01
  0.500  0.040  0.160    0.11475E+00
  0.500  0.060  0.160    0.12904E+00
  0.500  0.080  0.160    0.13479E+00
  0.500  0.100  0.160    0.13031E+00
  0.500  0.120  0.160    0.11556E+00
  0.500  0.140  0.160    0.92195E-01
  0.500  0.160  0.160    0.63154E-01
  0.500  0.180  0.160    0.31944E-01
  0.500  0.200  0.160    0.18743E-02
  0.500  0.220  0.160   -0.24527E-01
  0.500  0.240  0.160   -0.45791E-01
  0.500  0.260  0.160   -0.61478E-01
  0.500  0.280  0.160   -0.71939E-01
  0.500  0.300  0.160   -0.78010E-01
  0.500  0.320  0.160   -0.80717E-01
  0.500  0.340  0.160   -0.81070E-01
  0.500  0.360  0.160   -0.79941E-01
  0.500  0.380  0.160   -0.78021E-01
  0.500  0.400  0.160   -0.75817E-01
  0.500  0.420  0.160   -0.73680E-01
  0.500  0.440  0.160   -0.71842E-01
  0.500  0.460  0.160   -0.70449E-01
  0.500  0.480  0.160   -0.69584E-01
  0.500  0.500  0.160   -0.69292E-01
  0.500  0.520  0.160   -0.69584E-01
  0.500  0.540  0.160   -0.70449E-01
  0.500  0.560  0.160   -0.71842E-01
  0.500  0.580  0.160   -0.73680E-01
  0.500  0.600  0.160   -0.75817E-01
  0.500  0.620  0.160   -0.78021E-01
  0.500  0.640  0.160   -0.79941E-01
  0.500  0.660  0.160   -0.81070E-01
  0.500  0.680  0.160   -0.80717E-01
  0.500  0.700  0.160   -0.78010E-01
  0.500  0.720  0.160   -0.71939E-01
  0.500  0.740  0.160   -0.61478E-01
  0.500  0.760  0.160   -0.45791E-01
  0.500  0.780  0.160   -0.24527E-01
  0.500  0.800  0.160    0.18743E-02
  0.500  0.820  0.160    0.31944E-01
  0.500  0.840  0.160    0.63154E-01
  0.500  0.860  0.160    0.92195E-01
  0.500  0.880  0.160    0.11556E+00
  0.500  0.900  0.160    0.13031E+00
  0.500  0.920  0.160    0.13479E+00
  0.500  0.940  0.160    0.12904E+00
  0.500  0.960  0.160    0.11475E+00
  0.500  0.980  0.160    0.94725E-01
  0.500  1.000  0.160    0.72220E-01
  0.500  0.000  0.180    0.86315E-01
  0.500  0.020  0.180    0.10818E+00
  0.500  0.040  0.180    0.12519E+00
  0.500  0.060  0.180    0.13388E+00
  0.500  0.080  0.180    0.13186E+00
  0.500  0.100  0.180    0.11850E+00
  0.500  0.120  0.180    0.95210E-01
  0.500  0.140  0.180    0.65036E-01
  0.500  0.160  0.180    0.31944E-01
  0.500  0.180  0.180   -0.15133E-03
  0.500  0.200  0.180   -0.28172E-01
  0.500  0.220  0.180   -0.50298E-01
  0.500  0.240  0.180   -0.65987E-01
  0.500  0.260  0.180   -0.75697E-01
  0.500  0.280  0.180   -0.80486E-01
  0.500  0.300  0.180   -0.81629E-01
  0.500  0.320  0.180   -0.80351E-01
  0.500  0.340  0.180   -0.77673E-01
  0.500  0.360  0.180   -0.74363E-01
  0.500  0.380  0.180   -0.70952E-01
  0.500  0.400  0.180   -0.67782E-01
  0.500  0.420  0.180   -0.65052E-01
  0.500  0.440  0.180   -0.62873E-01
  0.500  0.460  0.180   -0.61297E-01
  0.500  0.480  0.180   -0.60346E-01
  0.500  0.500  0.180   -0.60029E-01
  0.500  0.520  0.180   -0.60346E-01
  0.500  0.540  0.180   -0.61297E-01
  0.500  0.560  0.180   -0.62873E-01
  0.500  0.580  0.180   -0.65052E-01
  0.500  0.600  0.180   -0.67782E-01
  0.500  0.620  0.180   -0.70952E-01
  0.500  0.640  0.180   -0.74363E-01
  0.500  0.660  0.180   -0.77673E-01
  0.500  0.680  0.180   -0.80351E-01
  0.500  0.700  0.180   -0.81629E-01
  0.500  0.720  0.180   -0.80486E-01
  0.500  0.740  0.180   -0.75697E-01
  0.500  0.760  0.180   -0.65987E-01
  0.500  0.780  0.180   -0.50298E-01
  0.500  0.800  0.180   -0.28172E-01
  0.500  0.820  0.180   -0.15133E-03
  0.500  0.840  0.180    0.31944E-01
  0.500  0.860  0.180    0.65036E-01
  0.500  0.880  0.180    0.95210E-01
  0.500  0.900  0.180    0.11850E+00
  0.500  0.920  0.180    0.13186E+00
  0.500  0.940  0.180    0.13388E+00
  0.500  0.960  0.180    0.12519E+00
  0.500  0.980  0.180    0.10818E+00
  0.500  1.000  0.180    0.86315E-01
  0.500  0.000  0.200    0.99653E-01
  0.500  0.020  0.200    0.11932E+00
  0.500  0.040  0.200    0.13162E+00
  0.500  0.060  0.200    0.13328E+00
  0.500  0.080  0.200    0.12279E+00
  0.500  0.100  0.200    0.10092E+00
  0.500  0.120  0.200    0.70579E-01
  0.500  0.140  0.200    0.36049E-01
  0.500  0.160  0.200    0.18743E-02
  0.500  0.180  0.200   -0.28172E-01
  0.500  0.200  0.200   -0.51737E-01
  0.500  0.220  0.200   -0.68023E-01
  0.500  0.240  0.200   -0.77508E-01
  0.500  0.260  0.200   -0.81445E-01
  0.500  0.280  0.200   -0.81380E-01
  0.500  0.300  0.200   -0.78777E-01
  0.500  0.320  0.200   -0.74831E-01
  0.500  0.340  0.200   -0.70403E-01
  0.500  0.360  0.200   -0.66053E-01
  0.500  0.380  0.200   -0.62106E-01
  0.500  0.400  0.200   -0.58726E-01
  0.500  0.420  0.200   -0.55977E-01
  0.500  0.440  0.200   -0.53868E-01
  0.500  0.460  0.200   -0.52384E-01
  0.500  0.480  0.200   -0.51504E-01
  0.500  0.500  0.200   -0.51213E-01
  0.500  0.520  0.200   -0.51504E-01
  0.500  0.540  0.200   -0.52384E-01
  0.500  0.560  0.200   -0.53868E-01
  0.500  0.580  0.200   -0.55977E-01
  0.500  0.600  0.200   -0.58726E-01
  0.500  0.620  0.200   -0.62106E-01
  0.500  0.640  0.200   -0.66053E-01
  0.500  0.660  0.200   -0.70403E-01
  0.500  0.680  0.200   -0.74831E-01
  0.500  0.700  0.200   -0.78777E-01
  0.500  0.720  0.200   -0.81380E-01
  0.500  0.740  0.200   -0.81445E-01
  0.500  0.760  0.200   -0.77508E-01
  0.500  0.780  0.200   -0.68023E-01
  0.500  0.800  0.200   -0.51737E-01
  0.500  0.820  0.200   -0.28172E-01
  0.500  0.840  0.200    0.18743E-02
  0.500  0.860  0.200    0.36049E-01
  0.500  0.880  0.200    0.70579E-01
  0.500  0.900  0.200    0.10092E+00
  0.500  0.920  0.200    0.12279E+00
  0.500  0.940  0.200    0.13328E+00
  0.500  0.960  0.200    0.13162E+00
  0.500  0.980  0.200    0.11932E+00
  0.500  1.000  0.200    0.99653E-01
  0.500  0.000  0.220    0.11142E+00
  0.500  0.020  0.220    0.12741E+00
  0.500  0.040  0.220    0.13365E+00
  0.500  0.060  0.220    0.12748E+00
  0.500  0.080  0.220    0.10863E+00
  0.500  0.100  0.220    0.79433E-01
  0.500  0.120  0.220    0.44190E-01
  0.500  0.140  0.220    0.80071E-02
  0.500  0.160  0.220   -0.24527E-01
  0.500  0.180  0.220   -0.50298E-01
  0.500  0.200  0.220   -0.68023E-01
  0.500  0.220  0.220   -0.78037E-01
  0.500  0.240  0.220   -0.81724E-01
  0.500  0.260  0.220   -0.80895E-01
  0.500  0.280  0.220   -0.77300E-01
  0.500  0.300  0.220   -0.72346E-01
  0.500  0.320  0.220   -0.67024E-01
  0.500  0.340  0.220   -0.61942E-01
  0.500  0.360  0.220   -0.57419E-01
  0.500  0.380  0.220   -0.53585E-01
  0.500  0.400  0.220   -0.50459E-01
  0.500  0.420  0.220   -0.48007E-01
  0.500  0.440  0.220   -0.46174E-01
  0.500  0.460  0.220   -0.44907E-01
  0.500  0.480  0.220   -0.44165E-01
  0.500  0.500  0.220   -0.43920E-01
  0.500  0.520  0.220   -0.44165E-01
  0.500  0.540  0.220   -0.44907E-01
  0.500  0.560  0.220   -0.46174E-01
  0.500  0.580  0.220   -0.48007E-01
  0.500  0.600  0.220   -0.50459E-01
  0.500  0.620  0.220   -0.53585E-01
  0.500  0.640  0.220   -0.57419E-01
  0.500  0.660  0.220   -0.61942E-01
  0.500  0.680  0.220   -0.67024E-01
  0.500  0.700  0.220   -0.72346E-01
  0.500  0.720  0.220   -0.77300E-01
  0.500  0.740  0.220   -0.80895E-01
  0.500  0.760  0.220   -0.81724E-01
  0.500  0.780  0.220   -0.78037E-01
  0.500  0.800  0.220   -0.68023E-01
  0.500  0.820  0.220   -0.50298E-01
  0.500  0.840  0.220   -0.24527E-01
  0.500  0.860  0.220    0.80071E-02
  0.500  0.880  0.220    0.44190E-01
  0.500  0.900  0.220    0.79433E-01
  0.500  0.920  0.220    0.10863E+00
  0.500  0.940  0.220    0.12748E+00
  0.500  0.960  0.220    0.13365E+00
  0.500  0.980  0.220    0.12741E+00
  0.500  1.000  0.220    0.11142E+00
  0.500  0.000  0.240    0.12098E+00
  0.500  0.020  0.240    0.13208E+00
  0.500  0.040  0.240    0.13139E+00
  0.500  0.060  0.240    0.11726E+00
  0.500  0.080  0.240    0.90879E-01
  0.500  0.100  0.240    0.56111E-01
  0.500  0.120  0.240    0.18348E-01
  0.500  0.140  0.240   -0.16988E-01
  0.500  0.160  0.240   -0.45791E-01
  0.500  0.180  0.240   -0.65987E-01
  0.500  0.200  0.240   -0.77508E-01
  0.500  0.220  0.240   -0.81724E-01
  0.500  0.240  0.240   -0.80681E-01
  0.500  0.260  0.240   -0.76447E-01
  0.500  0.280  0.240   -0.70711E-01
  0.500  0.300  0.240   -0.64646E-01
  0.500  0.320  0.240   -0.58948E-01
  0.500  0.340  0.240   -0.53953E-01
  0.500  0.360  0.240   -0.49769E-01
  0.500  0.380  0.240   -0.46375E-01
  0.500  0.400  0.240   -0.43697E-01
  0.500  0.420  0.240   -0.41646E-01
  0.500  0.440  0.240   -0.40138E-01
  0.500  0.460  0.240   -0.39108E-01
  0.500  0.480  0.240   -0.38508E-01
  0.500  0.500  0.240   -0.38311E-01
  0.500  0.520  0.240   -0.38508E-01
  0.500  0.540  0.240   -0.39108E-01
  0.500  0.560  0.240   -0.40138E-01
  0.500  0.580  0.240   -0.41646E-01
  0.500  0.600  0.240   -0.43697E-01
  0.500  0.620  0.240   -0.46375E-01
  0.500  0.640  0.240   -0.49769E-01
  0.500  0.660  0.240   -0.53953E-01
  0.500  0.680  0.240   -0.58948E-01
  0.500  0.700  0.240   -0.64646E-01
  0.500  0.720  0.240   -0.70711E-01
  0.500  0.740  0.240   -0.76447E-01
  0.500  0.760  0.240   -0.80681E-01
  0.500  0.780  0.240   -0.81724E-01
  0.500  0.800  0.240   -0.77508E-01
  0.500  0.820  0.240   -0.65987E-01
  0.500  0.840  0.240   -0.45791E-01
  0.500  0.860  0.240   -0.16988E-01
  0.500  0.880  0.240    0.18348E-01
  0.500  0.900  0.240    0.56111E-01
  0.500  0.920  0.240    0.90879E-01
  0.500  0.940  0.240    0.11726E+00
  0.500  0.960  0.240    0.13139E+00
  0.500  0.980  0.240    0.13208E+00
  0.500  1.000  0.240    0.12098E+00
  0.500  0.000  0.260    0.12793E+00
  0.500  0.020  0.260    0.13328E+00
  0.500  0.040  0.260    0.12535E+00
  0.500  0.060  0.260    0.10372E+00
  0.500  0.080  0.260    0.71167E-01
  0.500  0.100  0.260    0.32848E-01
  0.500  0.120  0.260   -0.51818E-02
  0.500  0.140  0.260   -0.37693E-01
  0.500  0.160  0.260   -0.61478E-01
  0.500  0.180  0.260   -0.75697E-01
  0.500  0.200  0.260   -0.81445E-01
  0.500  0.220  0.260   -0.80895E-01
  0.500  0.240  0.260   -0.76447E-01
  0.500  0.260  0.260   -0.70146E-01
  0.500  0.280  0.260   -0.63433E-01
  0.500  0.300  0.260   -0.57155E-01
  0.500  0.320  0.260   -0.51706E-01
  0.500  0.340  0.260   -0.47188E-01
  0.500  0.360  0.260   -0.43553E-01
  0.500  0.380  0.260   -0.40689E-01
  0.500  0.400  0.260   -0.38475E-01
  0.500  0.420  0.260   -0.36802E-01
  0.500  0.440  0.260   -0.35584E-01
  0.500  0.460  0.260   -0.34756E-01
  0.500  0.480  0.260   -0.34276E-01
  0.500  0.500  0.260   -0.34118E-01
  0.500  0.520  0.260   -0.34276E-01
  0.500  0.540  0.260   -0.34756E-01
  0.500  0.560  0.260   -0.35584E-01
  0.500  0.580  0.260   -0.36802E-01
  0.500  0.600  0.260   -0.38475E-01
  0.500  0.620  0.260   -0.40689E-01
  0.500  0.640  0.260   -0.43553E-01
  0.500  0.660  0.260   -0.47188E-01
  0.500  0.680  0.260   -0.51706E-01
  0.500  0.700  0.260   -0.57155E-01
  0.500  0.720  0.260   -0.63433E-01
  0.500  0.740  0.260   -0.70146E-01
  0.500  0.760  0.260   -0.76447E-01
  0.500  0.780  0.260   -0.80895E-01
  0.500  0.800  0.260   -0.81445E-01
  0.500  0.820  0.260   -0.75697E-01
  0.500  0.840  0.260   -0.61478E-01
  0.500  0.860  0.260   -0.37693E-01
  0.500  0.880  0.260   -0.51818E-02
  0.500  0.900  0.260    0.32848E-01
  0.500  0.920  0.260    0.71167E-01
  0.500  0.940  0.260    0.10372E+00
  0.500  0.960  0.260    0.12535E+00
  0.500  0.980  0.260    0.13328E+00
  0.500  1.000  0.260    0.12793E+00
  0.500  0.000  0.280    0.13214E+00
  0.500  0.020  0.280    0.13132E+00
  0.500  0.040  0.280    0.11631E+00
  0.500  0.060  0.280    0.88146E-01
  0.500  0.080  0.280    0.51032E-01
  0.500  0.100  0.280    0.11134E-01
  0.500  0.120  0.280   -0.25305E-01
  0.500  0.140  0.280   -0.53682E-01
  0.500  0.160  0.280   -0.71939E-01
  0.500  0.180  0.280   -0.80486E-01
  0.500  0.200  0.280   -0.81380E-01
  0.500  0.220  0.280   -0.77300E-01
  0.500  0.240  0.280   -0.70711E-01
  0.500  0.260  0.280   -0.63433E-01
  0.500  0.280  0.280   -0.56561E-01
  0.500  0.300  0.280   -0.50607E-01
  0.500  0.320  0.280   -0.45707E-01
  0.500  0.340  0.280   -0.41794E-01
  0.500  0.360  0.280   -0.38726E-01
  0.500  0.380  0.280   -0.36350E-01
  0.500  0.400  0.280   -0.34531E-01
  0.500  0.420  0.280   -0.33164E-01
  0.500  0.440  0.280   -0.32171E-01
  0.500  0.460  0.280   -0.31496E-01
  0.500  0.480  0.280   -0.31105E-01
  0.500  0.500  0.280   -0.30977E-01
  0.500  0.520  0.280   -0.31105E-01
  0.500  0.540  0.280   -0.31496E-01
  0.500  0.560  0.280   -0.32171E-01
  0.500  0.580  0.280   -0.33164E-01
  0.500  0.600  0.280   -0.34531E-01
  0.500  0.620  0.280   -0.36350E-01
  0.500  0.640  0.280   -0.38726E-01
  0.500  0.660  0.280   -0.41794E-01
  0.500  0.680  0.280   -0.45707E-01
  0.500  0.700  0.280   -0.50607E-01
  0.500  0.720  0.280   -0.56561E-01
  0.500  0.740  0.280   -0.63433E-01
  0.500  0.760  0.280   -0.70711E-01
  0.500  0.780  0.280   -0.77300E-01
  0.500  0.800  0.280   -0.81380E-01
  0.500  0.820  0.280   -0.80486E-01
  0.500  0.840  0.280   -0.71939E-01
  0.500  0.860  0.280   -0.53682E-01
  0.500  0.880  0.280   -0.25305E-01
  0.500  0.900  0.280    0.11134E-01
  0.500  0.920  0.280    0.51032E-01
  0.500  0.940  0.280    0.88146E-01
  0.500  0.960  0.280    0.11631E+00
  0.500  0.980  0.280    0.13132E+00
  0.500  1.000  0.280    0.13214E+00
  0.500  0.000  0.300    0.13375E+00
  0.500  0.020  0.300    0.12671E+00
  0.500  0.040  0.300    0.10522E+00
  0.500  0.060  0.300    0.71737E-01
  0.500  0.080  0.300    0.31722E-01
  0.500  0.100  0.300   -0.80524E-02
  0.500  0.120  0.300   -0.41573E-01
  0.500  0.140  0.300   -0.65165E-01
  0.500  0.160  0.300   -0.78010E-01
  0.500  0.180  0.300   -0.81629E-01
  0.500  0.200  0.300   -0.78777E-01
  0.500  0.220  0.300   -0.72346E-01
  0.500  0.240  0.300   -0.64646E-01
  0.500  0.260  0.300   -0.57155E-01
  0.500  0.280  0.300   -0.50607E-01
  0.500  0.300  0.300   -0.45225E-01
  0.500  0.320  0.300   -0.40952E-01
  0.500  0.340  0.300   -0.37620E-01
  0.500  0.360  0.300   -0.35044E-01
  0.500  0.380  0.300   -0.33063E-01
  0.500  0.400  0.300   -0.31549E-01
  0.500  0.420  0.300   -0.30410E-01
  0.500  0.440  0.300   -0.29581E-01
  0.500  0.460  0.300   -0.29017E-01
  0.500  0.480  0.300   -0.28689E-01
  0.500  0.500  0.300   -0.28581E-01
  0.500  0.520  0.300   -0.28689E-01
  0.500  0.540  0.300   -0.29017E-01
  0.500  0.560  0.300   -0.29581E-01
  0.500  0.580  0.300   -0.30410E-01
  0.500  0.600  0.300   -0.31549E-01
  0.500  0.620  0.300   -0.33063E-01
  0.500  0.640  0.300   -0.35044E-01
  0.500  0.660  0.300   -0.37620E-01
  0.500  0.680  0.300   -0.40952E-01
  0.500  0.700  0.300   -0.45225E-01
  0.500  0.720  0.300   -0.50607E-01
  0.500  0.740  0.300   -0.57155E-01
  0.500  0.760  0.300   -0.64646E-01
  0.500  0.780  0.300   -0.72346E-01
  0.500  0.800  0.300   -0.78777E-01
  0.500  0.820  0.300   -0.81629E-01
  0.500  0.840  0.300   -0.78010E-01
  0.500  0.860  0.300   -0.65165E-01
  0.500  0.880  0.300   -0.41573E-01
  0.500  0.900  0.300   -0.80524E-02
  0.500  0.920  0.300    0.31722E-01
  0.500  0.940  0.300    0.71737E-01
  0.500  0.960  0.300    0.10522E+00
  0.500  0.980  0.300    0.12671E+00
  0.500  1.000  0.300    0.13375E+00
  0.500  0.000  0.320    0.13308E+00
  0.500  0.020  0.320    0.12014E+00
  0.500  0.040  0.320    0.93019E-01
  0.500  0.060  0.320    0.55534E-01
  0.500  0.080  0.320    0.14117E-01
  0.500  0.100  0.320   -0.24227E-01
  0.500  0.120  0.320   -0.54046E-01
  0.500  0.140  0.320   -0.72753E-01
  0.500  0.160  0.320   -0.80717E-01
  0.500  0.180  0.320   -0.80351E-01
  0.500  0.200  0.320   -0.74831E-01
  0.500  0.220  0.320   -0.67024E-01
  0.500  0.240  0.320   -0.58948E-01
  0.500  0.260  0.320   -0.51706E-01
  0.500  0.280  0.320   -0.45707E-01
  0.500  0.300  0.320   -0.40952E-01
  0.500  0.320  0.320   -0.37263E-01
  0.500  0.340  0.320   -0.34423E-01
  0.500  0.360  0.320   -0.32238E-01
  0.500  0.380  0.320   -0.30556E-01
  0.500  0.400  0.320   -0.29267E-01
  0.500  0.420  0.320   -0.28292E-01
  0.500  0.440  0.320   -0.27580E-01
  0.500  0.460  0.320   -0.27093E-01
  0.500  0.480  0.320   -0.26809E-01
  0.500  0.500  0.320   -0.26716E-01
  0.500  0.520  0.320   -0.26809E-01
  0.500  0.540  0.320   -0.27093E-01
  0.500  0.560  0.320   -0.27580E-01
  0.500  0.580  0.320   -0.28292E-01
  0.500  0.600  0.320   -0.29267E-01
  0.500  0.620  0.320   -0.30556E-01
  0.500  0.640  0.320   -0.32238E-01
  0.500  0.660  0.320   -0.34423E-01
  0.500  0.680  0.320   -0.37263E-01
  0.500  0.700  0.320   -0.40952E-01
  0.500  0.720  0.320   -0.45707E-01
  0.500  0.740  0.320   -0.51706E-01
  0.500  0.760  0.320   -0.58948E-01
  0.500  0.780  0.320   -0.67024E-01
  0.500  0.800  0.320   -0.74831E-01
  0.500  0.820  0.320   -0.80351E-01
  0.500  0.840  0.320   -0.80717E-01
  0.500  0.860  0.320   -0.72753E-01
  0.500  0.880  0.320   -0.54046E-01
  0.500  0.900  0.320   -0.24227E-01
  0.500  0.920  0.320    0.14117E-01
  0.500  0.940  0.320    0.55534E-01
  0.500  0.960  0.320    0.93019E-01
  0.500  0.980  0.320    0.12014E+00
  0.500  1.000  0.320    0.13308E+00
  0.500  0.000  0.340    0.13062E+00
  0.500  0.020  0.340    0.11233E+00
  0.500  0.040  0.340    0.80558E-01
  0.500  0.060  0.340    0.40327E-01
  0.500  0.080  0.340   -0.12686E-02
  0.500  0.100  0.340   -0.37311E-01
  0.500  0.120  0.340   -0.63124E-01
  0.500  0.140  0.340   -0.77241E-01
  0.500  0.160  0.340   -0.81070E-01
  0.500  0.180  0.340   -0.77673E-01
  0.500  0.200  0.340   -0.70403E-01
  0.500  0.220  0.340   -0.61942E-01
  0.500  0.240  0.340   -0.53953E-01
  0.500  0.260  0.340   -0.47188E-01
  0.500  0.280  0.340   -0.41794E-01
  0.500  0.300  0.340   -0.37620E-01
  0.500  0.320  0.340   -0.34423E-01
  0.500  0.340  0.340   -0.31972E-01
  0.500  0.360  0.340   -0.30082E-01
  0.500  0.380  0.340   -0.28621E-01
  0.500  0.400  0.340   -0.27494E-01
  0.500  0.420  0.340   -0.26637E-01
  0.500  0.440  0.340   -0.26008E-01
  0.500  0.460  0.340   -0.25577E-01
  0.500  0.480  0.340   -0.25325E-01
  0.500  0.500  0.340   -0.25242E-01
  0.500  0.520  0.340   -0.25325E-01
  0.500  0.540  0.340   -0.25577E-01
  0.500  0.560  0.340   -0.26008E-01
  0.500  0.580  0.340   -0.26637E-01
  0.500  0.600  0.340   -0.27494E-01
  0.500  0.620  0.340   -0.28621E-01
  0.500  0.640  0.340   -0.30082E-01
  0.500  0.660  0.340   -0.31972E-01
  0.500  0.680  0.340   -0.34423E-01
  0.500  0.700  0.340   -0.37620E-01
  0.500  0.720  0.340   -0.41794E-01
  0.500  0.740  0.340   -0.47188E-01
  0.500  0.760  0.340   -0.53953E-01
  0.500  0.780  0.340   -0.61942E-01
  0.500  0.800  0.340   -0.70403E-01
  0.500  0.820  0.340   -0.77673E-01
  0.500  0.840  0.340   -0.81070E-01
  0.500  0.860  0.340   -0.77241E-01
  0.500  0.880  0.340   -0.63124E-01
  0.500  0.900  0.340   -0.37311E-01
  0.500  0.920  0.340   -0.12686E-02
  0.500  0.940  0.340    0.40327E-01
  0.500  0.960  0.340    0.80558E-01
  0.500  0.980  0.340    0.11233E+00
  0.500  1.000  0.340    0.13062E+00
  0.500  0.000  0.360    0.12691E+00
  0.500  0.020  0.360    0.10396E+00
  0.500  0.040  0.360    0.68542E-01
  0.500  0.060  0.360    0.26648E-01
  0.500  0.080  0.360   -0.14232E-01
  0.500  0.100  0.360   -0.47508E-01
  0.500  0.120  0.360   -0.69382E-01
  0.500  0.140  0.360   -0.79442E-01
  0.500  0.160  0.360   -0.79941E-01
  0.500  0.180  0.360   -0.74363E-01
  0.500  0.200  0.360   -0.66053E-01
  0.500  0.220  0.360   -0.57419E-01
  0.500  0.240  0.360   -0.49769E-01
  0.500  0.260  0.360   -0.43553E-01
  0.500  0.280  0.360   -0.38726E-01
  0.500  0.300  0.360   -0.35044E-01
  0.500  0.320  0.360   -0.32238E-01
  0.500  0.340  0.360   -0.30082E-01
  0.500  0.360  0.360   -0.28412E-01
  0.500  0.380  0.360   -0.27111E-01
  0.500  0.400  0.360   -0.26102E-01
  0.500  0.420  0.360   -0.25331E-01
  0.500  0.440  0.360   -0.24762E-01
  0.500  0.460  0.360   -0.24371E-01
  0.500  0.480  0.360   -0.24142E-01
  0.500  0.500  0.360   -0.24067E-01
  0.500  0.520  0.360   -0.24142E-01
  0.500  0.540  0.360   -0.24371E-01
  0.500  0.560  0.360   -0.24762E-01
  0.500  0.580  0.360   -0.25331E-01
  0.500  0.600  0.360   -0.26102E-01
  0.500  0.620  0.360   -0.27111E-01
  0.500  0.640  0.360   -0.28412E-01
  0.500  0.660  0.360   -0.30082E-01
  0.500  0.680  0.360   -0.32238E-01
  0.500  0.700  0.360   -0.35044E-01
  0.500  0.720  0.360   -0.38726E-01
  0.500  0.740  0.360   -0.43553E-01
  0.500  0.760  0.360   -0.49769E-01
  0.500  0.780  0.360   -0.57419E-01
  0.500  0.800  0.360   -0.66053E-01
  0.500  0.820  0.360   -0.74363E-01
  0.500  0.840  0.360   -0.79941E-01
  0.500  0.860  0.360   -0.79442E-01
  0.500  0.880  0.360   -0.69382E-01
  0.500  0.900  0.360   -0.47508E-01
  0.500  0.920  0.360   -0.14232E-01
  0.500  0.940  0.360    0.26648E-01
  0.500  0.960  0.360    0.68542E-01
  0.500  0.980  0.360    0.10396E+00
  0.500  1.000  0.360    0.12691E+00
  0.500  0.000  0.380    0.12250E+00
  0.500  0.020  0.380    0.95645E-01
  0.500  0.040  0.380    0.57503E-01
  0.500  0.060  0.380    0.14804E-01
  0.500  0.080  0.380   -0.24799E-01
  0.500  0.100  0.380   -0.55187E-01
  0.500  0.120  0.380   -0.73445E-01
  0.500  0.140  0.380   -0.80090E-01
  0.500  0.160  0.380   -0.78021E-01
  0.500  0.180  0.380   -0.70952E-01
  0.500  0.200  0.380   -0.62106E-01
  0.500  0.220  0.380   -0.53585E-01
  0.500  0.240  0.380   -0.46375E-01
  0.500  0.260  0.380   -0.40689E-01
  0.500  0.280  0.380   -0.36350E-01
  0.500  0.300  0.380   -0.33063E-01
  0.500  0.320  0.380   -0.30556E-01
  0.500  0.340  0.380   -0.28621E-01
  0.500  0.360  0.380   -0.27111E-01
  0.500  0.380  0.380   -0.25928E-01
  0.500  0.400  0.380   -0.25005E-01
  0.500  0.420  0.380   -0.24297E-01
  0.500  0.440  0.380   -0.23773E-01
  0.500  0.460  0.380   -0.23412E-01
  0.500  0.480  0.380   -0.23200E-01
  0.500  0.500  0.380   -0.23130E-01
  0.500  0.520  0.380   -0.23200E-01
  0.500  0.540  0.380   -0.23412E-01
  0.500  0.560  0.380   -0.23773E-01
  0.500  0.580  0.380   -0.24297E-01
  0.500  0.600  0.380   -0.25005E-01
  0.500  0.620  0.380   -0.25928E-01
  0.500  0.640  0.380   -0.27111E-01
  0.500  0.660  0.380   -0.28621E-01
  0.500  0.680  0.380   -0.30556E-01
  0.500  0.700  0.380   -0.33063E-01
  0.500  0.720  0.380   -0.36350E-01
  0.500  0.740  0.380   -0.40689E-01
  0.500  0.760  0.380   -0.46375E-01
  0.500  0.780  0.380   -0.53585E-01
  0.500  0.800  0.380   -0.62106E-01
  0.500  0.820  0.380   -0.70952E-01
  0.500  0.840  0.380   -0.78021E-01
  0.500  0.860  0.380   -0.80090E-01
  0.500  0.880  0.380   -0.73445E-01
  0.500  0.900  0.380   -0.55187E-01
  0.500  0.920  0.380   -0.24799E-01
  0.500  0.940  0.380    0.14804E-01
  0.500  0.960  0.380    0.57503E-01
  0.500  0.980  0.380    0.95645E-01
  0.500  1.000  0.380    0.12250E+00
  0.500  0.000  0.400    0.11789E+00
  0.500  0.020  0.400    0.87901E-01
  0.500  0.040  0.400    0.47818E-01
  0.500  0.060  0.400    0.49199E-02
  0.500  0.080  0.400   -0.33140E-01
  0.500  0.100  0.400   -0.60779E-01
  0.500  0.120  0.400   -0.75902E-01
  0.500  0.140  0.400   -0.79793E-01
  0.500  0.160  0.400   -0.75817E-01
  0.500  0.180  0.400   -0.67782E-01
  0.500  0.200  0.400   -0.58726E-01
  0.500  0.220  0.400   -0.50459E-01
  0.500  0.240  0.400   -0.43697E-01
  0.500  0.260  0.400   -0.38475E-01
  0.500  0.280  0.400   -0.34531E-01
  0.500  0.300  0.400   -0.31549E-01
  0.500  0.320  0.400   -0.29267E-01
  0.500  0.340  0.400   -0.27494E-01
  0.500  0.360  0.400   -0.26102E-01
  0.500  0.380  0.400   -0.25005E-01
  0.500  0.400  0.400   -0.24146E-01
  0.500  0.420  0.400   -0.23484E-01
  0.500  0.440  0.400   -0.22993E-01
  0.500  0.460  0.400   -0.22654E-01
  0.500  0.480  0.400   -0.22456E-01
  0.500  0.500  0.400   -0.22390E-01
  0.500  0.520  0.400   -0.22456E-01
  0.500  0.540  0.400   -0.22654E-01
  0.500  0.560  0.400   -0.22993E-01
  0.500  0.580  0.400   -0.23484E-01
  0.500  0.600  0.400   -0.24146E-01
  0.500  0.620  0.400   -0.25005E-01
  0.500  0.640  0.400   -0.26102E-01
  0.500  0.660  0.400   -0.27494E-01
  0.500  0.680  0.400   -0.29267E-01
  0.500  0.700  0.400   -0.31549E-01
  0.500  0.720  0.400   -0.34531E-01
  0.500  0.740  0.400   -0.38475E-01
  0.500  0.760  0.400   -0.43697E-01
  0.500  0.780  0.400   -0.50459E-01
  0.500  0.800  0.400   -0.58726E-01
  0.500  0.820  0.400   -0.67782E-01
  0.500  0.840  0.400   -0.75817E-01
  0.500  0.860  0.400   -0.79793E-01
  0.500  0.880  0.400   -0.75902E-01
  0.500  0.900  0.400   -0.60779E-01
  0.500  0.920  0.400   -0.33140E-01
  0.500  0.940  0.400    0.49199E-02
  0.500  0.960  0.400    0.47818E-01
  0.500  0.980  0.400    0.87901E-01
  0.500  1.000  0.400    0.11789E+00
  0.500  0.000  0.420    0.11354E+00
  0.500  0.020  0.420    0.81120E-01
  0.500  0.040  0.420    0.39723E-01
  0.500  0.060  0.420   -0.29982E-02
  0.500  0.080  0.420   -0.39496E-01
  0.500  0.100  0.420   -0.64712E-01
  0.500  0.120  0.420   -0.77258E-01
  0.500  0.140  0.420   -0.79020E-01
  0.500  0.160  0.420   -0.73680E-01
  0.500  0.180  0.420   -0.65052E-01
  0.500  0.200  0.420   -0.55977E-01
  0.500  0.220  0.420   -0.48007E-01
  0.500  0.240  0.420   -0.41646E-01
  0.500  0.260  0.420   -0.36802E-01
  0.500  0.280  0.420   -0.33164E-01
  0.500  0.300  0.420   -0.30410E-01
  0.500  0.320  0.420   -0.28292E-01
  0.500  0.340  0.420   -0.26637E-01
  0.500  0.360  0.420   -0.25331E-01
  0.500  0.380  0.420   -0.24297E-01
  0.500  0.400  0.420   -0.23484E-01
  0.500  0.420  0.420   -0.22857E-01
  0.500  0.440  0.420   -0.22391E-01
  0.500  0.460  0.420   -0.22068E-01
  0.500  0.480  0.420   -0.21879E-01
  0.500  0.500  0.420   -0.21817E-01
  0.500  0.520  0.420   -0.21879E-01
  0.500  0.540  0.420   -0.22068E-01
  0.500  0.560  0.420   -0.22391E-01
  0.500  0.580  0.420   -0.22857E-01
  0.500  0.600  0.420   -0.23484E-01
  0.500  0.620  0.420   -0.24297E-01
  0.500  0.640  0.420   -0.25331E-01
  0.500  0.660  0.420   -0.26637E-01
  0.500  0.680  0.420   -0.28292E-01
  0.500  0.700  0.420   -0.30410E-01
  0.500  0.720  0.420   -0.33164E-01
  0.500  0.740  0.420   -0.36802E-01
  0.500  0.760  0.420   -0.41646E-01
  0.500  0.780  0.420   -0.48007E-01
  0.500  0.800  0.420   -0.55977E-01
  0.500  0.820  0.420   -0.65052E-01
  0.500  0.840  0.420   -0.73680E-01
  0.500  0.860  0.420   -0.79020E-01
  0.500  0.880  0.420   -0.77258E-01
  0.500  0.900  0.420   -0.64712E-01
  0.500  0.920  0.420   -0.39496E-01
  0.500  0.940  0.420   -0.29982E-02
  0.500  0.960  0.420    0.39723E-01
  0.500  0.980  0.420    0.81120E-01
  0.500  1.000  0.420    0.11354E+00
  0.500  0.000  0.440    0.10979E+00
  0.500  0.020  0.440    0.75591E-01
  0.500  0.040  0.440    0.33357E-01
  0.500  0.060  0.440   -0.90153E-02
  0.500  0.080  0.440   -0.44122E-01
  0.500  0.100  0.440   -0.67365E-01
  0.500  0.120  0.440   -0.77918E-01
  0.500  0.140  0.440   -0.78116E-01
  0.500  0.160  0.440   -0.71842E-01
  0.500  0.180  0.440   -0.62873E-01
  0.500  0.200  0.440   -0.53868E-01
  0.500  0.220  0.440   -0.46174E-01
  0.500  0.240  0.440   -0.40138E-01
  0.500  0.260  0.440   -0.35584E-01
  0.500  0.280  0.440   -0.32171E-01
  0.500  0.300  0.440   -0.29581E-01
  0.500  0.320  0.440   -0.27580E-01
  0.500  0.340  0.440   -0.26008E-01
  0.500  0.360  0.440   -0.24762E-01
  0.500  0.380  0.440   -0.23773E-01
  0.500  0.400  0.440   -0.22993E-01
  0.500  0.420  0.440   -0.22391E-01
  0.500  0.440  0.440   -0.21942E-01
  0.500  0.460  0.440   -0.21632E-01
  0.500  0.480  0.440   -0.21450E-01
  0.500  0.500  0.440   -0.21390E-01
  0.500  0.520  0.440   -0.21450E-01
  0.500  0.540  0.440   -0.21632E-01
  0.500  0.560  0.440   -0.21942E-01
  0.500  0.580  0.440   -0.22391E-01
  0.500  0.600  0.440   -0.22993E-01
  0.500  0.620  0.440   -0.23773E-01
  0.500  0.640  0.440   -0.24762E-01
  0.500  0.660  0.440   -0.26008E-01
  0.500  0.680  0.440   -0.27580E-01
  0.500  0.700  0.440   -0.29581E-01
  0.500  0.720  0.440   -0.32171E-01
  0.500  0.740  0.440   -0.35584E-01
  0.500  0.760  0.440   -0.40138E-01
  0.500  0.780  0.440   -0.46174E-01
  0.500  0.800  0.440   -0.53868E-01
  0.500  0.820  0.440   -0.62873E-01
  0.500  0.840  0.440   -0.71842E-01
  0.500  0.860  0.440   -0.78116E-01
  0.500  0.880  0.440   -0.77918E-01
  0.500  0.900  0.440   -0.67365E-01
  0.500  0.920  0.440   -0.44122E-01
  0.500  0.940  0.440   -0.90153E-02
  0.500  0.960  0.440    0.33357E-01
  0.500  0.980  0.440    0.75591E-01
  0.500  1.000  0.440    0.10979E+00
  0.500  0.000  0.460    0.10693E+00
  0.500  0.020  0.460    0.71516E-01
  0.500  0.040  0.460    0.28786E-01
  0.500  0.060  0.460   -0.13223E-01
  0.500  0.080  0.460   -0.47247E-01
  0.500  0.100  0.460   -0.69040E-01
  0.500  0.120  0.460   -0.78185E-01
  0.500  0.140  0.460   -0.77320E-01
  0.500  0.160  0.460   -0.70449E-01
  0.500  0.180  0.460   -0.61297E-01
  0.500  0.200  0.460   -0.52384E-01
  0.500  0.220  0.460   -0.44907E-01
  0.500  0.240  0.460   -0.39108E-01
  0.500  0.260  0.460   -0.34756E-01
  0.500  0.280  0.460   -0.31496E-01
  0.500  0.300  0.460   -0.29017E-01
  0.500  0.320  0.460   -0.27093E-01
  0.500  0.340  0.460   -0.25577E-01
  0.500  0.360  0.460   -0.24371E-01
  0.500  0.380  0.460   -0.23412E-01
  0.500  0.400  0.460   -0.22654E-01
  0.500  0.420  0.460   -0.22068E-01
  0.500  0.440  0.460   -0.21632E-01
  0.500  0.460  0.460   -0.21330E-01
  0.500  0.480  0.460   -0.21152E-01
  0.500  0.500  0.460   -0.21094E-01
  0.500  0.520  0.460   -0.21152E-01
  0.500  0.540  0.460   -0.21330E-01
  0.500  0.560  0.460   -0.21632E-01
  0.500  0.580  0.460   -0.22068E-01
  0.500  0.600  0.460   -0.22654E-01
  0.500  0.620  0.460   -0.23412E-01
  0.500  0.640  0.460   -0.24371E-01
  0.500  0.660  0.460   -0.25577E-01
  0.500  0.680  0.460   -0.27093E-01
  0.500  0.700  0.460   -0.29017E-01
  0.500  0.720  0.460   -0.31496E-01
  0.500  0.740  0.460   -0.34756E-01
  0.500  0.760  0.460   -0.39108E-01
  0.500  0.780  0.460   -0.44907E-01
  0.500  0.800  0.460   -0.52384E-01
  0.500  0.820  0.460   -0.61297E-01
  0.500  0.840  0.460   -0.70449E-01
  0.500  0.860  0.460   -0.77320E-01
  0.500  0.880  0.460   -0.78185E-01
  0.500  0.900  0.460   -0.69040E-01
  0.500  0.920  0.460   -0.47247E-01
  0.500  0.940  0.460   -0.13223E-01
  0.500  0.960  0.460    0.28786E-01
  0.500  0.980  0.460    0.71516E-01
  0.500  1.000  0.460    0.10693E+00
  0.500  0.000  0.480    0.10513E+00
  0.500  0.020  0.480    0.69025E-01
  0.500  0.040  0.480    0.26039E-01
  0.500  0.060  0.480   -0.15707E-01
  0.500  0.080  0.480   -0.49048E-01
  0.500  0.100  0.480   -0.69958E-01
  0.500  0.120  0.480   -0.78266E-01
  0.500  0.140  0.480   -0.76787E-01
  0.500  0.160  0.480   -0.69584E-01
  0.500  0.180  0.480   -0.60346E-01
  0.500  0.200  0.480   -0.51504E-01
  0.500  0.220  0.480   -0.44165E-01
  0.500  0.240  0.480   -0.38508E-01
  0.500  0.260  0.480   -0.34276E-01
  0.500  0.280  0.480   -0.31105E-01
  0.500  0.300  0.480   -0.28689E-01
  0.500  0.320  0.480   -0.26809E-01
  0.500  0.340  0.480   -0.25325E-01
  0.500  0.360  0.480   -0.24142E-01
  0.500  0.380  0.480   -0.23200E-01
  0.500  0.400  0.480   -0.22456E-01
  0.500  0.420  0.480   -0.21879E-01
  0.500  0.440  0.480   -0.21450E-01
  0.500  0.460  0.480   -0.21152E-01
  0.500  0.480  0.480   -0.20978E-01
  0.500  0.500  0.480   -0.20920E-01
  0.500  0.520  0.480   -0.20978E-01
  0.500  0.540  0.480   -0.21152E-01
  0.500  0.560  0.480   -0.21450E-01
  0.500  0.580  0.480   -0.21879E-01
  0.500  0.600  0.480   -0.22456E-01
  0.500  0.620  0.480   -0.23200E-01
  0.500  0.640  0.480   -0.24142E-01
  0.500  0.660  0.480   -0.25325E-01
  0.500  0.680  0.480   -0.26809E-01
  0.500  0.700  0.480   -0.28689E-01
  0.500  0.720  0.480   -0.31105E-01
  0.500  0.740  0.480   -0.34276E-01
  0.500  0.760  0.480   -0.38508E-01
  0.500  0.780  0.480   -0.44165E-01
  0.500  0.800  0.480   -0.51504E-01
  0.500  0.820  0.480   -0.60346E-01
  0.500  0.840  0.480   -0.69584E-01
  0.500  0.860  0.480   -0.76787E-01
  0.500  0.880  0.480   -0.78266E-01
  0.500  0.900  0.480   -0.69958E-01
  0.500  0.920  0.480   -0.49048E-01
  0.500  0.940  0.480   -0.15707E-01
  0.500  0.960  0.480    0.26039E-01
  0.500  0.980  0.480    0.69025E-01
  0.500  1.000  0.480    0.10513E+00
  0.500  0.000  0.500    0.10452E+00
  0.500  0.020  0.500    0.68187E-01
  0.500  0.040  0.500    0.25123E-01
  0.500  0.060  0.500   -0.16528E-01
  0.500  0.080  0.500   -0.49636E-01
  0.500  0.100  0.500   -0.70249E-01
  0.500  0.120  0.500   -0.78280E-01
  0.500  0.140  0.500   -0.76600E-01
  0.500  0.160  0.500   -0.69292E-01
  0.500  0.180  0.500   -0.60029E-01
  0.500  0.200  0.500   -0.51213E-01
  0.500  0.220  0.500   -0.43920E-01
  0.500  0.240  0.500   -0.38311E-01
  0.500  0.260  0.500   -0.34118E-01
  0.500  0.280  0.500   -0.30977E-01
  0.500  0.300  0.500   -0.28581E-01
  0.500  0.320  0.500   -0.26716E-01
  0.500  0.340  0.500   -0.25242E-01
  0.500  0.360  0.500   -0.24067E-01
  0.500  0.380  0.500   -0.23130E-01
  0.500  0.400  0.500   -0.22390E-01
  0.500  0.420  0.500   -0.21817E-01
  0.500  0.440  0.500   -0.21390E-01
  0.500  0.460  0.500   -0.21094E-01
  0.500  0.480  0.500   -0.20920E-01
  0.500  0.500  0.500   -0.20863E-01
  0.500  0.520  0.500   -0.20920E-01
  0.500  0.540  0.500   -0.21094E-01
  0.500  0.560  0.500   -0.21390E-01
  0.500  0.580  0.500   -0.21817E-01
  0.500  0.600  0.500   -0.22390E-01
  0.500  0.620  0.500   -0.23130E-01
  0.500  0.640  0.500   -0.24067E-01
  0.500  0.660  0.500   -0.25242E-01
  0.500  0.680  0.500   -0.26716E-01
  0.500  0.700  0.500   -0.28581E-01
  0.500  0.720  0.500   -0.30977E-01
  0.500  0.740  0.500   -0.34118E-01
  0.500  0.760  0.500   -0.38311E-01
  0.500  0.780  0.500   -0.43920E-01
  0.500  0.800  0.500   -0.51213E-01
  0.500  0.820  0.500   -0.60029E-01
  0.500  0.840  0.500   -0.69292E-01
  0.500  0.860  0.500   -0.76600E-01
  0.500  0.880  0.500   -0.78280E-01
  0.500  0.900  0.500   -0.70249E-01
  0.500  0.920  0.500   -0.49636E-01
  0.500  0.940  0.500   -0.16528E-01
  0.500  0.960  0.500    0.25123E-01
  0.500  0.980  0.500    0.68187E-01
  0.500  1.000  0.500    0.10452E+00
  0.500  0.000  0.520    0.10513E+00
  0.500  0.020  0.520    0.69025E-01
  0.500  0.040  0.520    0.26039E-01
  0.500  0.060  0.520   -0.15707E-01
  0.500  0.080  0.520   -0.49048E-01
  0.500  0.100  0.520   -0.69958E-01
  0.500  0.120  0.520   -0.78266E-01
  0.500  0.140  0.520   -0.76787E-01
  0.500  0.160  0.520   -0.69584E-01
  0.500  0.180  0.520   -0.60346E-01
  0.500  0.200  0.520   -0.51504E-01
  0.500  0.220  0.520   -0.44165E-01
  0.500  0.240  0.520   -0.38508E-01
  0.500  0.260  0.520   -0.34276E-01
  0.500  0.280  0.520   -0.31105E-01
  0.500  0.300  0.520   -0.28689E-01
  0.500  0.320  0.520   -0.26809E-01
  0.500  0.340  0.520   -0.25325E-01
  0.500  0.360  0.520   -0.24142E-01
  0.500  0.380  0.520   -0.23200E-01
  0.500  0.400  0.520   -0.22456E-01
  0.500  0.420  0.520   -0.21879E-01
  0.500  0.440  0.520   -0.21450E-01
  0.500  0.460  0.520   -0.21152E-01
  0.500  0.480  0.520   -0.20978E-01
  0.500  0.500  0.520   -0.20920E-01
  0.500  0.520  0.520   -0.20978E-01
  0.500  0.540  0.520   -0.21152E-01
  0.500  0.560  0.520   -0.21450E-01
  0.500  0.580  0.520   -0.21879E-01
  0.500  0.600  0.520   -0.22456E-01
  0.500  0.620  0.520   -0.23200E-01
  0.500  0.640  0.520   -0.24142E-01
  0.500  0.660  0.520   -0.25325E-01
  0.500  0.680  0.520   -0.26809E-01
  0.500  0.700  0.520   -0.28689E-01
  0.500  0.720  0.520   -0.31105E-01
  0.500  0.740  0.520   -0.34276E-01
  0.500  0.760  0.520   -0.38508E-01
  0.500  0.780  0.520   -0.44165E-01
  0.500  0.800  0.520   -0.51504E-01
  0.500  0.820  0.520   -0.60346E-01
  0.500  0.840  0.520   -0.69584E-01
  0.500  0.860  0.520   -0.76787E-01
  0.500  0.880  0.520   -0.78266E-01
  0.500  0.900  0.520   -0.69958E-01
  0.500  0.920  0.520   -0.49048E-01
  0.500  0.940  0.520   -0.15707E-01
  0.500  0.960  0.520    0.26039E-01
  0.500  0.980  0.520    0.69025E-01
  0.500  1.000  0.520    0.10513E+00
  0.500  0.000  0.540    0.10693E+00
  0.500  0.020  0.540    0.71516E-01
  0.500  0.040  0.540    0.28786E-01
  0.500  0.060  0.540   -0.13223E-01
  0.500  0.080  0.540   -0.47247E-01
  0.500  0.100  0.540   -0.69040E-01
  0.500  0.120  0.540   -0.78185E-01
  0.500  0.140  0.540   -0.77320E-01
  0.500  0.160  0.540   -0.70449E-01
  0.500  0.180  0.540   -0.61297E-01
  0.500  0.200  0.540   -0.52384E-01
  0.500  0.220  0.540   -0.44907E-01
  0.500  0.240  0.540   -0.39108E-01
  0.500  0.260  0.540   -0.34756E-01
  0.500  0.280  0.540   -0.31496E-01
  0.500  0.300  0.540   -0.29017E-01
  0.500  0.320  0.540   -0.27093E-01
  0.500  0.340  0.540   -0.25577E-01
  0.500  0.360  0.540   -0.24371E-01
  0.500  0.380  0.540   -0.23412E-01
  0.500  0.400  0.540   -0.22654E-01
  0.500  0.420  0.540   -0.22068E-01
  0.500  0.440  0.540   -0.21632E-01
  0.500  0.460  0.540   -0.21330E-01
  0.500  0.480  0.540   -0.21152E-01
  0.500  0.500  0.540   -0.21094E-01
  0.500  0.520  0.540   -0.21152E-01
  0.500  0.540  0.540   -0.21330E-01
  0.500  0.560  0.540   -0.21632E-01
  0.500  0.580  0.540   -0.22068E-01
  0.500  0.600  0.540   -0.22654E-01
  0.500  0.620  0.540   -0.23412E-01
  0.500  0.640  0.540   -0.24371E-01
  0.500  0.660  0.540   -0.25577E-01
  0.500  0.680  0.540   -0.27093E-01
  0.500  0.700  0.540   -0.29017E-01
  0.500  0.720  0.540   -0.31496E-01
  0.500  0.740  0.540   -0.34756E-01
  0.500  0.760  0.540   -0.39108E-01
  0.500  0.780  0.540   -0.44907E-01
  0.500  0.800  0.540   -0.52384E-01
  0.500  0.820  0.540   -0.61297E-01
  0.500  0.840  0.540   -0.70449E-01
  0.500  0.860  0.540   -0.77320E-01
  0.500  0.880  0.540   -0.78185E-01
  0.500  0.900  0.540   -0.69040E-01
  0.500  0.920  0.540   -0.47247E-01
  0.500  0.940  0.540   -0.13223E-01
  0.500  0.960  0.540    0.28786E-01
  0.500  0.980  0.540    0.71516E-01
  0.500  1.000  0.540    0.10693E+00
  0.500  0.000  0.560    0.10979E+00
  0.500  0.020  0.560    0.75591E-01
  0.500  0.040  0.560    0.33357E-01
  0.500  0.060  0.560   -0.90153E-02
  0.500  0.080  0.560   -0.44122E-01
  0.500  0.100  0.560   -0.67365E-01
  0.500  0.120  0.560   -0.77918E-01
  0.500  0.140  0.560   -0.78116E-01
  0.500  0.160  0.560   -0.71842E-01
  0.500  0.180  0.560   -0.62873E-01
  0.500  0.200  0.560   -0.53868E-01
  0.500  0.220  0.560   -0.46174E-01
  0.500  0.240  0.560   -0.40138E-01
  0.500  0.260  0.560   -0.35584E-01
  0.500  0.280  0.560   -0.32171E-01
  0.500  0.300  0.560   -0.29581E-01
  0.500  0.320  0.560   -0.27580E-01
  0.500  0.340  0.560   -0.26008E-01
  0.500  0.360  0.560   -0.24762E-01
  0.500  0.380  0.560   -0.23773E-01
  0.500  0.400  0.560   -0.22993E-01
  0.500  0.420  0.560   -0.22391E-01
  0.500  0.440  0.560   -0.21942E-01
  0.500  0.460  0.560   -0.21632E-01
  0.500  0.480  0.560   -0.21450E-01
  0.500  0.500  0.560   -0.21390E-01
  0.500  0.520  0.560   -0.21450E-01
  0.500  0.540  0.560   -0.21632E-01
  0.500  0.560  0.560   -0.21942E-01
  0.500  0.580  0.560   -0.22391E-01
  0.500  0.600  0.560   -0.22993E-01
  0.500  0.620  0.560   -0.23773E-01
  0.500  0.640  0.560   -0.24762E-01
  0.500  0.660  0.560   -0.26008E-01
  0.500  0.680  0.560   -0.27580E-01
  0.500  0.700  0.560   -0.29581E-01
  0.500  0.720  0.560   -0.32171E-01
  0.500  0.740  0.560   -0.35584E-01
  0.500  0.760  0.560   -0.40138E-01
  0.500  0.780  0.560   -0.46174E-01
  0.500  0.800  0.560   -0.53868E-01
  0.500  0.820  0.560   -0.62873E-01
  0.500  0.840  0.560   -0.71842E-01
  0.500  0.860  0.560   -0.78116E-01
  0.500  0.880  0.560   -0.77918E-01
  0.500  0.900  0.560   -0.67365E-01
  0.500  0.920  0.560   -0.44122E-01
  0.500  0.940  0.560   -0.90153E-02
  0.500  0.960  0.560    0.33357E-01
  0.500  0.980  0.560    0.75591E-01
  0.500  1.000  0.560    0.10979E+00
  0.500  0.000  0.580    0.11354E+00
  0.500  0.020  0.580    0.81120E-01
  0.500  0.040  0.580    0.39723E-01
  0.500  0.060  0.580   -0.29982E-02
  0.500  0.080  0.580   -0.39496E-01
  0.500  0.100  0.580   -0.64712E-01
  0.500  0.120  0.580   -0.77258E-01
  0.500  0.140  0.580   -0.79020E-01
  0.500  0.160  0.580   -0.73680E-01
  0.500  0.180  0.580   -0.65052E-01
  0.500  0.200  0.580   -0.55977E-01
  0.500  0.220  0.580   -0.48007E-01
  0.500  0.240  0.580   -0.41646E-01
  0.500  0.260  0.580   -0.36802E-01
  0.500  0.280  0.580   -0.33164E-01
  0.500  0.300  0.580   -0.30410E-01
  0.500  0.320  0.580   -0.28292E-01
  0.500  0.340  0.580   -0.26637E-01
  0.500  0.360  0.580   -0.25331E-01
  0.500  0.380  0.580   -0.24297E-01
  0.500  0.400  0.580   -0.23484E-01
  0.500  0.420  0.580   -0.22857E-01
  0.500  0.440  0.580   -0.22391E-01
  0.500  0.460  0.580   -0.22068E-01
  0.500  0.480  0.580   -0.21879E-01
  0.500  0.500  0.580   -0.21817E-01
  0.500  0.520  0.580   -0.21879E-01
  0.500  0.540  0.580   -0.22068E-01
  0.500  0.560  0.580   -0.22391E-01
  0.500  0.580  0.580   -0.22857E-01
  0.500  0.600  0.580   -0.23484E-01
  0.500  0.620  0.580   -0.24297E-01
  0.500  0.640  0.580   -0.25331E-01
  0.500  0.660  0.580   -0.26637E-01
  0.500  0.680  0.580   -0.28292E-01
  0.500  0.700  0.580   -0.30410E-01
  0.500  0.720  0.580   -0.33164E-01
  0.500  0.740  0.580   -0.36802E-01
  0.500  0.760  0.580   -0.41646E-01
  0.500  0.780  0.580   -0.48007E-01
  0.500  0.800  0.580   -0.55977E-01
  0.500  0.820  0.580   -0.65052E-01
  0.500  0.840  0.580   -0.73680E-01
  0.500  0.860  0.580   -0.79020E-01
  0.500  0.880  0.580   -0.77258E-01
  0.500  0.900  0.580   -0.64712E-01
  0.500  0.920  0.580   -0.39496E-01
  0.500  0.940  0.580   -0.29982E-02
  0.500  0.960  0.580    0.39723E-01
  0.500  0.980  0.580    0.81120E-01
  0.500  1.000  0.580    0.11354E+00
  0.500  0.000  0.600    0.11789E+00
  0.500  0.020  0.600    0.87901E-01
  0.500  0.040  0.600    0.47818E-01
  0.500  0.060  0.600    0.49199E-02
  0.500  0.080  0.600   -0.33140E-01
  0.500  0.100  0.600   -0.60779E-01
  0.500  0.120  0.600   -0.75902E-01
  0.500  0.140  0.600   -0.79793E-01
  0.500  0.160  0.600   -0.75817E-01
  0.500  0.180  0.600   -0.67782E-01
  0.500  0.200  0.600   -0.58726E-01
  0.500  0.220  0.600   -0.50459E-01
  0.500  0.240  0.600   -0.43697E-01
  0.500  0.260  0.600   -0.38475E-01
  0.500  0.280  0.600   -0.34531E-01
  0.500  0.300  0.600   -0.31549E-01
  0.500  0.320  0.600   -0.29267E-01
  0.500  0.340  0.600   -0.27494E-01
  0.500  0.360  0.600   -0.26102E-01
  0.500  0.380  0.600   -0.25005E-01
  0.500  0.400  0.600   -0.24146E-01
  0.500  0.420  0.600   -0.23484E-01
  0.500  0.440  0.600   -0.22993E-01
  0.500  0.460  0.600   -0.22654E-01
  0.500  0.480  0.600   -0.22456E-01
  0.500  0.500  0.600   -0.22390E-01
  0.500  0.520  0.600   -0.22456E-01
  0.500  0.540  0.600   -0.22654E-01
  0.500  0.560  0.600   -0.22993E-01
  0.500  0.580  0.600   -0.23484E-01
  0.500  0.600  0.600   -0.24146E-01
  0.500  0.620  0.600   -0.25005E-01
  0.500  0.640  0.600   -0.26102E-01
  0.500  0.660  0.600   -0.27494E-01
  0.500  0.680  0.600   -0.29267E-01
  0.500  0.700  0.600   -0.31549E-01
  0.500  0.720  0.600   -0.34531E-01
  0.500  0.740  0.600   -0.38475E-01
  0.500  0.760  0.600   -0.43697E-01
  0.500  0.780  0.600   -0.50459E-01
  0.500  0.800  0.600   -0.58726E-01
  0.500  0.820  0.600   -0.67782E-01
  0.500  0.840  0.600   -0.75817E-01
  0.500  0.860  0.600   -0.79793E-01
  0.500  0.880  0.600   -0.75902E-01
  0.500  0.900  0.600   -0.60779E-01
  0.500  0.920  0.600   -0.33140E-01
  0.500  0.940  0.600    0.49199E-02
  0.500  0.960  0.600    0.47818E-01
  0.500  0.980  0.600    0.87901E-01
  0.500  1.000  0.600    0.11789E+00
  0.500  0.000  0.620    0.12250E+00
  0.500  0.020  0.620    0.95645E-01
  0.500  0.040  0.620    0.57503E-01
  0.500  0.060  0.620    0.14804E-01
  0.500  0.080  0.620   -0.24799E-01
  0.500  0.100  0.620   -0.55187E-01
  0.500  0.120  0.620   -0.73445E-01
  0.500  0.140  0.620   -0.80090E-01
  0.500  0.160  0.620   -0.78021E-01
  0.500  0.180  0.620   -0.70952E-01
  0.500  0.200  0.620   -0.62106E-01
  0.500  0.220  0.620   -0.53585E-01
  0.500  0.240  0.620   -0.46375E-01
  0.500  0.260  0.620   -0.40689E-01
  0.500  0.280  0.620   -0.36350E-01
  0.500  0.300  0.620   -0.33063E-01
  0.500  0.320  0.620   -0.30556E-01
  0.500  0.340  0.620   -0.28621E-01
  0.500  0.360  0.620   -0.27111E-01
  0.500  0.380  0.620   -0.25928E-01
  0.500  0.400  0.620   -0.25005E-01
  0.500  0.420  0.620   -0.24297E-01
  0.500  0.440  0.620   -0.23773E-01
  0.500  0.460  0.620   -0.23412E-01
  0.500  0.480  0.620   -0.23200E-01
  0.500  0.500  0.620   -0.23130E-01
  0.500  0.520  0.620   -0.23200E-01
  0.500  0.540  0.620   -0.23412E-01
  0.500  0.560  0.620   -0.23773E-01
  0.500  0.580  0.620   -0.24297E-01
  0.500  0.600  0.620   -0.25005E-01
  0.500  0.620  0.620   -0.25928E-01
  0.500  0.640  0.620   -0.27111E-01
  0.500  0.660  0.620   -0.28621E-01
  0.500  0.680  0.620   -0.30556E-01
  0.500  0.700  0.620   -0.33063E-01
  0.500  0.720  0.620   -0.36350E-01
  0.500  0.740  0.620   -0.40689E-01
  0.500  0.760  0.620   -0.46375E-01
  0.500  0.780  0.620   -0.53585E-01
  0.500  0.800  0.620   -0.62106E-01
  0.500  0.820  0.620   -0.70952E-01
  0.500  0.840  0.620   -0.78021E-01
  0.500  0.860  0.620   -0.80090E-01
  0.500  0.880  0.620   -0.73445E-01
  0.500  0.900  0.620   -0.55187E-01
  0.500  0.920  0.620   -0.24799E-01
  0.500  0.940  0.620    0.14804E-01
  0.500  0.960  0.620    0.57503E-01
  0.500  0.980  0.620    0.95645E-01
  0.500  1.000  0.620    0.12250E+00
  0.500  0.000  0.640    0.12691E+00
  0.500  0.020  0.640    0.10396E+00
  0.500  0.040  0.640    0.68542E-01
  0.500  0.060  0.640    0.26648E-01
  0.500  0.080  0.640   -0.14232E-01
  0.500  0.100  0.640   -0.47508E-01
  0.500  0.120  0.640   -0.69382E-01
  0.500  0.140  0.640   -0.79442E-01
  0.500  0.160  0.640   -0.79941E-01
  0.500  0.180  0.640   -0.74363E-01
  0.500  0.200  0.640   -0.66053E-01
  0.500  0.220  0.640   -0.57419E-01
  0.500  0.240  0.640   -0.49769E-01
  0.500  0.260  0.640   -0.43553E-01
  0.500  0.280  0.640   -0.38726E-01
  0.500  0.300  0.640   -0.35044E-01
  0.500  0.320  0.640   -0.32238E-01
  0.500  0.340  0.640   -0.30082E-01
  0.500  0.360  0.640   -0.28412E-01
  0.500  0.380  0.640   -0.27111E-01
  0.500  0.400  0.640   -0.26102E-01
  0.500  0.420  0.640   -0.25331E-01
  0.500  0.440  0.640   -0.24762E-01
  0.500  0.460  0.640   -0.24371E-01
  0.500  0.480  0.640   -0.24142E-01
  0.500  0.500  0.640   -0.24067E-01
  0.500  0.520  0.640   -0.24142E-01
  0.500  0.540  0.640   -0.24371E-01
  0.500  0.560  0.640   -0.24762E-01
  0.500  0.580  0.640   -0.25331E-01
  0.500  0.600  0.640   -0.26102E-01
  0.500  0.620  0.640   -0.27111E-01
  0.500  0.640  0.640   -0.28412E-01
  0.500  0.660  0.640   -0.30082E-01
  0.500  0.680  0.640   -0.32238E-01
  0.500  0.700  0.640   -0.35044E-01
  0.500  0.720  0.640   -0.38726E-01
  0.500  0.740  0.640   -0.43553E-01
  0.500  0.760  0.640   -0.49769E-01
  0.500  0.780  0.640   -0.57419E-01
  0.500  0.800  0.640   -0.66053E-01
  0.500  0.820  0.640   -0.74363E-01
  0.500  0.840  0.640   -0.79941E-01
  0.500  0.860  0.640   -0.79442E-01
  0.500  0.880  0.640   -0.69382E-01
  0.500  0.900  0.640   -0.47508E-01
  0.500  0.920  0.640   -0.14232E-01
  0.500  0.940  0.640    0.26648E-01
  0.500  0.960  0.640    0.68542E-01
  0.500  0.980  0.640    0.10396E+00
  0.500  1.000  0.640    0.12691E+00
  0.500  0.000  0.660    0.13062E+00
  0.500  0.020  0.660    0.11233E+00
  0.500  0.040  0.660    0.80558E-01
  0.500  0.060  0.660    0.40327E-01
  0.500  0.080  0.660   -0.12686E-02
  0.500  0.100  0.660   -0.37311E-01
  0.500  0.120  0.660   -0.63124E-01
  0.500  0.140  0.660   -0.77241E-01
  0.500  0.160  0.660   -0.81070E-01
  0.500  0.180  0.660   -0.77673E-01
  0.500  0.200  0.660   -0.70403E-01
  0.500  0.220  0.660   -0.61942E-01
  0.500  0.240  0.660   -0.53953E-01
  0.500  0.260  0.660   -0.47188E-01
  0.500  0.280  0.660   -0.41794E-01
  0.500  0.300  0.660   -0.37620E-01
  0.500  0.320  0.660   -0.34423E-01
  0.500  0.340  0.660   -0.31972E-01
  0.500  0.360  0.660   -0.30082E-01
  0.500  0.380  0.660   -0.28621E-01
  0.500  0.400  0.660   -0.27494E-01
  0.500  0.420  0.660   -0.26637E-01
  0.500  0.440  0.660   -0.26008E-01
  0.500  0.460  0.660   -0.25577E-01
  0.500  0.480  0.660   -0.25325E-01
  0.500  0.500  0.660   -0.25242E-01
  0.500  0.520  0.660   -0.25325E-01
  0.500  0.540  0.660   -0.25577E-01
  0.500  0.560  0.660   -0.26008E-01
  0.500  0.580  0.660   -0.26637E-01
  0.500  0.600  0.660   -0.27494E-01
  0.500  0.620  0.660   -0.28621E-01
  0.500  0.640  0.660   -0.30082E-01
  0.500  0.660  0.660   -0.31972E-01
  0.500  0.680  0.660   -0.34423E-01
  0.500  0.700  0.660   -0.37620E-01
  0.500  0.720  0.660   -0.41794E-01
  0.500  0.740  0.660   -0.47188E-01
  0.500  0.760  0.660   -0.53953E-01
  0.500  0.780  0.660   -0.61942E-01
  0.500  0.800  0.660   -0.70403E-01
  0.500  0.820  0.660   -0.77673E-01
  0.500  0.840  0.660   -0.81070E-01
  0.500  0.860  0.660   -0.77241E-01
  0.500  0.880  0.660   -0.63124E-01
  0.500  0.900  0.660   -0.37311E-01
  0.500  0.920  0.660   -0.12686E-02
  0.500  0.940  0.660    0.40327E-01
  0.500  0.960  0.660    0.80558E-01
  0.500  0.980  0.660    0.11233E+00
  0.500  1.000  0.660    0.13062E+00
  0.500  0.000  0.680    0.13308E+00
  0.500  0.020  0.680    0.12014E+00
  0.500  0.040  0.680    0.93019E-01
  0.500  0.060  0.680    0.55534E-01
  0.500  0.080  0.680    0.14117E-01
  0.500  0.100  0.680   -0.24227E-01
  0.500  0.120  0.680   -0.54046E-01
  0.500  0.140  0.680   -0.72753E-01
  0.500  0.160  0.680   -0.80717E-01
  0.500  0.180  0.680   -0.80351E-01
  0.500  0.200  0.680   -0.74831E-01
  0.500  0.220  0.680   -0.67024E-01
  0.500  0.240  0.680   -0.58948E-01
  0.500  0.260  0.680   -0.51706E-01
  0.500  0.280  0.680   -0.45707E-01
  0.500  0.300  0.680   -0.40952E-01
  0.500  0.320  0.680   -0.37263E-01
  0.500  0.340  0.680   -0.34423E-01
  0.500  0.360  0.680   -0.32238E-01
  0.500  0.380  0.680   -0.30556E-01
  0.500  0.400  0.680   -0.29267E-01
  0.500  0.420  0.680   -0.28292E-01
  0.500  0.440  0.680   -0.27580E-01
  0.500  0.460  0.680   -0.27093E-01
  0.500  0.480  0.680   -0.26809E-01
  0.500  0.500  0.680   -0.26716E-01
  0.500  0.520  0.680   -0.26809E-01
  0.500  0.540  0.680   -0.27093E-01
  0.500  0.560  0.680   -0.27580E-01
  0.500  0.580  0.680   -0.28292E-01
  0.500  0.600  0.680   -0.29267E-01
  0.500  0.620  0.680   -0.30556E-01
  0.500  0.640  0.680   -0.32238E-01
  0.500  0.660  0.680   -0.34423E-01
  0.500  0.680  0.680   -0.37263E-01
  0.500  0.700  0.680   -0.40952E-01
  0.500  0.720  0.680   -0.45707E-01
  0.500  0.740  0.680   -0.51706E-01
  0.500  0.760  0.680   -0.58948E-01
  0.500  0.780  0.680   -0.67024E-01
  0.500  0.800  0.680   -0.74831E-01
  0.500  0.820  0.680   -0.80351E-01
  0.500  0.840  0.680   -0.80717E-01
  0.500  0.860  0.680   -0.72753E-01
  0.500  0.880  0.680   -0.54046E-01
  0.500  0.900  0.680   -0.24227E-01
  0.500  0.920  0.680    0.14117E-01
  0.500  0.940  0.680    0.55534E-01
  0.500  0.960  0.680    0.93019E-01
  0.500  0.980  0.680    0.12014E+00
  0.500  1.000  0.680    0.13308E+00
  0.500  0.000  0.700    0.13375E+00
  0.500  0.020  0.700    0.12671E+00
  0.500  0.040  0.700    0.10522E+00
  0.500  0.060  0.700    0.71737E-01
  0.500  0.080  0.700    0.31722E-01
  0.500  0.100  0.700   -0.80524E-02
  0.500  0.120  0.700   -0.41573E-01
  0.500  0.140  0.700   -0.65165E-01
  0.500  0.160  0.700   -0.78010E-01
  0.500  0.180  0.700   -0.81629E-01
  0.500  0.200  0.700   -0.78777E-01
  0.500  0.220  0.700   -0.72346E-01
  0.500  0.240  0.700   -0.64646E-01
  0.500  0.260  0.700   -0.57155E-01
  0.500  0.280  0.700   -0.50607E-01
  0.500  0.300  0.700   -0.45225E-01
  0.500  0.320  0.700   -0.40952E-01
  0.500  0.340  0.700   -0.37620E-01
  0.500  0.360  0.700   -0.35044E-01
  0.500  0.380  0.700   -0.33063E-01
  0.500  0.400  0.700   -0.31549E-01
  0.500  0.420  0.700   -0.30410E-01
  0.500  0.440  0.700   -0.29581E-01
  0.500  0.460  0.700   -0.29017E-01
  0.500  0.480  0.700   -0.28689E-01
  0.500  0.500  0.700   -0.28581E-01
  0.500  0.520  0.700   -0.28689E-01
  0.500  0.540  0.700   -0.29017E-01
  0.500  0.560  0.700   -0.29581E-01
  0.500  0.580  0.700   -0.30410E-01
  0.500  0.600  0.700   -0.31549E-01
  0.500  0.620  0.700   -0.33063E-01
  0.500  0.640  0.700   -0.35044E-01
  0.500  0.660  0.700   -0.37620E-01
  0.500  0.680  0.700   -0.40952E-01
  0.500  0.700  0.700   -0.45225E-01
  0.500  0.720  0.700   -0.50607E-01
  0.500  0.740  0.700   -0.57155E-01
  0.500  0.760  0.700   -0.64646E-01
  0.500  0.780  0.700   -0.72346E-01
  0.500  0.800  0.700   -0.78777E-01
  0.500  0.820  0.700   -0.81629E-01
  0.500  0.840  0.700   -0.78010E-01
  0.500  0.860  0.700   -0.65165E-01
  0.500  0.880  0.700   -0.41573E-01
  0.500  0.900  0.700   -0.80524E-02
  0.500  0.920  0.700    0.31722E-01
  0.500  0.940  0.700    0.71737E-01
  0.500  0.960  0.700    0.10522E+00
  0.500  0.980  0.700    0.12671E+00
  0.500  1.000  0.700    0.13375E+00
  0.500  0.000  0.720    0.13214E+00
  0.500  0.020  0.720    0.13132E+00
  0.500  0.040  0.720    0.11631E+00
  0.500  0.060  0.720    0.88146E-01
  0.500  0.080  0.720    0.51032E-01
  0.500  0.100  0.720    0.11134E-01
  0.500  0.120  0.720   -0.25305E-01
  0.500  0.140  0.720   -0.53682E-01
  0.500  0.160  0.720   -0.71939E-01
  0.500  0.180  0.720   -0.80486E-01
  0.500  0.200  0.720   -0.81380E-01
  0.500  0.220  0.720   -0.77300E-01
  0.500  0.240  0.720   -0.70711E-01
  0.500  0.260  0.720   -0.63433E-01
  0.500  0.280  0.720   -0.56561E-01
  0.500  0.300  0.720   -0.50607E-01
  0.500  0.320  0.720   -0.45707E-01
  0.500  0.340  0.720   -0.41794E-01
  0.500  0.360  0.720   -0.38726E-01
  0.500  0.380  0.720   -0.36350E-01
  0.500  0.400  0.720   -0.34531E-01
  0.500  0.420  0.720   -0.33164E-01
  0.500  0.440  0.720   -0.32171E-01
  0.500  0.460  0.720   -0.31496E-01
  0.500  0.480  0.720   -0.31105E-01
  0.500  0.500  0.720   -0.30977E-01
  0.500  0.520  0.720   -0.31105E-01
  0.500  0.540  0.720   -0.31496E-01
  0.500  0.560  0.720   -0.32171E-01
  0.500  0.580  0.720   -0.33164E-01
  0.500  0.600  0.720   -0.34531E-01
  0.500  0.620  0.720   -0.36350E-01
  0.500  0.640  0.720   -0.38726E-01
  0.500  0.660  0.720   -0.41794E-01
  0.500  0.680  0.720   -0.45707E-01
  0.500  0.700  0.720   -0.50607E-01
  0.500  0.720  0.720   -0.56561E-01
  0.500  0.740  0.720   -0.63433E-01
  0.500  0.760  0.720   -0.70711E-01
  0.500  0.780  0.720   -0.77300E-01
  0.500  0.800  0.720   -0.81380E-01
  0.500  0.820  0.720   -0.80486E-01
  0.500  0.840  0.720   -0.71939E-01
  0.500  0.860  0.720   -0.53682E-01
  0.500  0.880  0.720   -0.25305E-01
  0.500  0.900  0.720    0.11134E-01
  0.500  0.920  0.720    0.51032E-01
  0.500  0.940  0.720    0.88146E-01
  0.500  0.960  0.720    0.11631E+00
  0.500  0.980  0.720    0.13132E+00
  0.500  1.000  0.720    0.13214E+00
  0.500  0.000  0.740    0.12793E+00
  0.500  0.020  0.740    0.13328E+00
  0.500  0.040  0.740    0.12535E+00
  0.500  0.060  0.740    0.10372E+00
  0.500  0.080  0.740    0.71167E-01
  0.500  0.100  0.740    0.32848E-01
  0.500  0.120  0.740   -0.51818E-02
  0.500  0.140  0.740   -0.37693E-01
  0.500  0.160  0.740   -0.61478E-01
  0.500  0.180  0.740   -0.75697E-01
  0.500  0.200  0.740   -0.81445E-01
  0.500  0.220  0.740   -0.80895E-01
  0.500  0.240  0.740   -0.76447E-01
  0.500  0.260  0.740   -0.70146E-01
  0.500  0.280  0.740   -0.63433E-01
  0.500  0.300  0.740   -0.57155E-01
  0.500  0.320  0.740   -0.51706E-01
  0.500  0.340  0.740   -0.47188E-01
  0.500  0.360  0.740   -0.43553E-01
  0.500  0.380  0.740   -0.40689E-01
  0.500  0.400  0.740   -0.38475E-01
  0.500  0.420  0.740   -0.36802E-01
  0.500  0.440  0.740   -0.35584E-01
  0.500  0.460  0.740   -0.34756E-01
  0.500  0.480  0.740   -0.34276E-01
  0.500  0.500  0.740   -0.34118E-01
  0.500  0.520  0.740   -0.34276E-01
  0.500  0.540  0.740   -0.34756E-01
  0.500  0.560  0.740   -0.35584E-01
  0.500  0.580  0.740   -0.36802E-01
  0.500  0.600  0.740   -0.38475E-01
  0.500  0.620  0.740   -0.40689E-01
  0.500  0.640  0.740   -0.43553E-01
  0.500  0.660  0.740   -0.47188E-01
  0.500  0.680  0.740   -0.51706E-01
  0.500  0.700  0.740   -0.57155E-01
  0.500  0.720  0.740   -0.63433E-01
  0.500  0.740  0.740   -0.70146E-01
  0.500  0.760  0.740   -0.76447E-01
  0.500  0.780  0.740   -0.80895E-01
  0.500  0.800  0.740   -0.81445E-01
  0.500  0.820  0.740   -0.75697E-01
  0.500  0.840  0.740   -0.61478E-01
  0.500  0.860  0.740   -0.37693E-01
  0.500  0.880  0.740   -0.51818E-02
  0.500  0.900  0.740    0.32848E-01
  0.500  0.920  0.740    0.71167E-01
  0.500  0.940  0.740    0.10372E+00
  0.500  0.960  0.740    0.12535E+00
  0.500  0.980  0.740    0.13328E+00
  0.500  1.000  0.740    0.12793E+00
  0.500  0.000  0.760    0.12098E+00
  0.500  0.020  0.760    0.13208E+00
  0.500  0.040  0.760    0.13139E+00
  0.500  0.060  0.760    0.11726E+00
  0.500  0.080  0.760    0.90879E-01
  0.500  0.100  0.760    0.56111E-01
  0.500  0.120  0.760    0.18348E-01
  0.500  0.140  0.760   -0.16988E-01
  0.500  0.160  0.760   -0.45791E-01
  0.500  0.180  0.760   -0.65987E-01
  0.500  0.200  0.760   -0.77508E-01
  0.500  0.220  0.760   -0.81724E-01
  0.500  0.240  0.760   -0.80681E-01
  0.500  0.260  0.760   -0.76447E-01
  0.500  0.280  0.760   -0.70711E-01
  0.500  0.300  0.760   -0.64646E-01
  0.500  0.320  0.760   -0.58948E-01
  0.500  0.340  0.760   -0.53953E-01
  0.500  0.360  0.760   -0.49769E-01
  0.500  0.380  0.760   -0.46375E-01
  0.500  0.400  0.760   -0.43697E-01
  0.500  0.420  0.760   -0.41646E-01
  0.500  0.440  0.760   -0.40138E-01
  0.500  0.460  0.760   -0.39108E-01
  0.500  0.480  0.760   -0.38508E-01
  0.500  0.500  0.760   -0.38311E-01
  0.500  0.520  0.760   -0.38508E-01
  0.500  0.540  0.760   -0.39108E-01
  0.500  0.560  0.760   -0.40138E-01
  0.500  0.580  0.760   -0.41646E-01
  0.500  0.600  0.760   -0.43697E-01
  0.500  0.620  0.760   -0.46375E-01
  0.500  0.640  0.760   -0.49769E-01
  0.500  0.660  0.760   -0.53953E-01
  0.500  0.680  0.760   -0.58948E-01
  0.500  0.700  0.760   -0.64646E-01
  0.500  0.720  0.760   -0.70711E-01
  0.500  0.740  0.760   -0.76447E-01
  0.500  0.760  0.760   -0.80681E-01
  0.500  0.780  0.760   -0.81724E-01
  0.500  0.800  0.760   -0.77508E-01
  0.500  0.820  0.760   -0.65987E-01
  0.500  0.840  0.760   -0.45791E-01
  0.500  0.860  0.760   -0.16988E-01
  0.500  0.880  0.760    0.18348E-01
  0.500  0.900  0.760    0.56111E-01
  0.500  0.920  0.760    0.90879E-01
  0.500  0.940  0.760    0.11726E+00
  0.500  0.960  0.760    0.13139E+00
  0.500  0.980  0.760    0.13208E+00
  0.500  1.000  0.760    0.12098E+00
  0.500  0.000  0.780    0.11142E+00
  0.500  0.020  0.780    0.12741E+00
  0.500  0.040  0.780    0.13365E+00
  0.500  0.060  0.780    0.12748E+00
  0.500  0.080  0.780    0.10863E+00
  0.500  0.100  0.780    0.79433E-01
  0.500  0.120  0.780    0.44190E-01
  0.500  0.140  0.780    0.80071E-02
  0.500  0.160  0.780   -0.24527E-01
  0.500  0.180  0.780   -0.50298E-01
  0.500  0.200  0.780   -0.68023E-01
  0.500  0.220  0.780   -0.78037E-01
  0.500  0.240  0.780   -0.81724E-01
  0.500  0.260  0.780   -0.80895E-01
  0.500  0.280  0.780   -0.77300E-01
  0.500  0.300  0.780   -0.72346E-01
  0.500  0.320  0.780   -0.67024E-01
  0.500  0.340  0.780   -0.61942E-01
  0.500  0.360  0.780   -0.57419E-01
  0.500  0.380  0.780   -0.53585E-01
  0.500  0.400  0.780   -0.50459E-01
  0.500  0.420  0.780   -0.48007E-01
  0.500  0.440  0.780   -0.46174E-01
  0.500  0.460  0.780   -0.44907E-01
  0.500  0.480  0.780   -0.44165E-01
  0.500  0.500  0.780   -0.43920E-01
  0.500  0.520  0.780   -0.44165E-01
  0.500  0.540  0.780   -0.44907E-01
  0.500  0.560  0.780   -0.46174E-01
  0.500  0.580  0.780   -0.48007E-01
  0.500  0.600  0.780   -0.50459E-01
  0.500  0.620  0.780   -0.53585E-01
  0.500  0.640  0.780   -0.57419E-01
  0.500  0.660  0.780   -0.61942E-01
  0.500  0.680  0.780   -0.67024E-01
  0.500  0.700  0.780   -0.72346E-01
  0.500  0.720  0.780   -0.77300E-01
  0.500  0.740  0.780   -0.80895E-01
  0.500  0.760  0.780   -0.81724E-01
  0.500  0.780  0.780   -0.78037E-01
  0.500  0.800  0.780   -0.68023E-01
  0.500  0.820  0.780   -0.50298E-01
  0.500  0.840  0.780   -0.24527E-01
  0.500  0.860  0.780    0.80071E-02
  0.500  0.880  0.780    0.44190E-01
  0.500  0.900  0.780    0.79433E-01
  0.500  0.920  0.780    0.10863E+00
  0.500  0.940  0.780    0.12748E+00
  0.500  0.960  0.780    0.13365E+00
  0.500  0.980  0.780    0.12741E+00
  0.500  1.000  0.780    0.11142E+00
  0.500  0.000  0.800    0.99653E-01
  0.500  0.020  0.800    0.11932E+00
  0.500  0.040  0.800    0.13162E+00
  0.500  0.060  0.800    0.13328E+00
  0.500  0.080  0.800    0.12279E+00
  0.500  0.100  0.800    0.10092E+00
  0.500  0.120  0.800    0.70579E-01
  0.500  0.140  0.800    0.36049E-01
  0.500  0.160  0.800    0.18743E-02
  0.500  0.180  0.800   -0.28172E-01
  0.500  0.200  0.800   -0.51737E-01
  0.500  0.220  0.800   -0.68023E-01
  0.500  0.240  0.800   -0.77508E-01
  0.500  0.260  0.800   -0.81445E-01
  0.500  0.280  0.800   -0.81380E-01
  0.500  0.300  0.800   -0.78777E-01
  0.500  0.320  0.800   -0.74831E-01
  0.500  0.340  0.800   -0.70403E-01
  0.500  0.360  0.800   -0.66053E-01
  0.500  0.380  0.800   -0.62106E-01
  0.500  0.400  0.800   -0.58726E-01
  0.500  0.420  0.800   -0.55977E-01
  0.500  0.440  0.800   -0.53868E-01
  0.500  0.460  0.800   -0.52384E-01
  0.500  0.480  0.800   -0.51504E-01
  0.500  0.500  0.800   -0.51213E-01
  0.500  0.520  0.800   -0.51504E-01
  0.500  0.540  0.800   -0.52384E-01
  0.500  0.560  0.800   -0.53868E-01
  0.500  0.580  0.800   -0.55977E-01
  0.500  0.600  0.800   -0.58726E-01
  0.500  0.620  0.800   -0.62106E-01
  0.500  0.640  0.800   -0.66053E-01
  0.500  0.660  0.800   -0.70403E-01
  0.500  0.680  0.800   -0.74831E-01
  0.500  0.700  0.800   -0.78777E-01
  0.500  0.720  0.800   -0.81380E-01
  0.500  0.740  0.800   -0.81445E-01
  0.500  0.760  0.800   -0.77508E-01
  0.500  0.780  0.800   -0.68023E-01
  0.500  0.800  0.800   -0.51737E-01
  0.500  0.820  0.800   -0.28172E-01
  0.500  0.840  0.800    0.18743E-02
  0.500  0.860  0.800    0.36049E-01
  0.500  0.880  0.800    0.70579E-01
  0.500  0.900  0.800    0.10092E+00
  0.500  0.920  0.800    0.12279E+00
  0.500  0.940  0.800    0.13328E+00
  0.500  0.960  0.800    0.13162E+00
  0.500  0.980  0.800    0.11932E+00
  0.500  1.000  0.800    0.99653E-01
  0.500  0.000  0.820    0.86315E-01
  0.500  0.020  0.820    0.10818E+00
  0.500  0.040  0.820    0.12519E+00
  0.500  0.060  0.820    0.13388E+00
  0.500  0.080  0.820    0.13186E+00
  0.500  0.100  0.820    0.11850E+00
  0.500  0.120  0.820    0.95210E-01
  0.500  0.140  0.820    0.65036E-01
  0.500  0.160  0.820    0.31944E-01
  0.500  0.180  0.820   -0.15133E-03
  0.500  0.200  0.820   -0.28172E-01
  0.500  0.220  0.820   -0.50298E-01
  0.500  0.240  0.820   -0.65987E-01
  0.500  0.260  0.820   -0.75697E-01
  0.500  0.280  0.820   -0.80486E-01
  0.500  0.300  0.820   -0.81629E-01
  0.500  0.320  0.820   -0.80351E-01
  0.500  0.340  0.820   -0.77673E-01
  0.500  0.360  0.820   -0.74363E-01
  0.500  0.380  0.820   -0.70952E-01
  0.500  0.400  0.820   -0.67782E-01
  0.500  0.420  0.820   -0.65052E-01
  0.500  0.440  0.820   -0.62873E-01
  0.500  0.460  0.820   -0.61297E-01
  0.500  0.480  0.820   -0.60346E-01
  0.500  0.500  0.820   -0.60029E-01
  0.500  0.520  0.820   -0.60346E-01
  0.500  0.540  0.820   -0.61297E-01
  0.500  0.560  0.820   -0.62873E-01
  0.500  0.580  0.820   -0.65052E-01
  0.500  0.600  0.820   -0.67782E-01
  0.500  0.620  0.820   -0.70952E-01
  0.500  0.640  0.820   -0.74363E-01
  0.500  0.660  0.820   -0.77673E-01
  0.500  0.680  0.820   -0.80351E-01
  0.500  0.700  0.820   -0.81629E-01
  0.500  0.720  0.820   -0.80486E-01
  0.500  0.740  0.820   -0.75697E-01
  0.500  0.760  0.820   -0.65987E-01
  0.500  0.780  0.820   -0.50298E-01
  0.500  0.800  0.820   -0.28172E-01
  0.500  0.820  0.820   -0.15133E-03
  0.500  0.840  0.820    0.31944E-01
  0.500  0.860  0.820    0.65036E-01
  0.500  0.880  0.820    0.95210E-01
  0.500  0.900  0.820    0.11850E+00
  0.500  0.920  0.820    0.13186E+00
  0.500  0.940  0.820    0.13388E+00
  0.500  0.960  0.820    0.12519E+00
  0.500  0.980  0.820    0.10818E+00
  0.500  1.000  0.820    0.86315E-01
  0.500  0.000  0.840    0.72220E-01
  0.500  0.020  0.840    0.94725E-01
  0.500  0.040  0.840    0.11475E+00
  0.500  0.060  0.840    0.12904E+00
  0.500  0.080  0.840    0.13479E+00
  0.500  0.100  0.840    0.13031E+00
  0.500  0.120  0.840    0.11556E+00
  0.500  0.140  0.840    0.92195E-01
  0.500  0.160  0.840    0.63154E-01
  0.500  0.180  0.840    0.31944E-01
  0.500  0.200  0.840    0.18743E-02
  0.500  0.220  0.840   -0.24527E-01
  0.500  0.240  0.840   -0.45791E-01
  0.500  0.260  0.840   -0.61478E-01
  0.500  0.280  0.840   -0.71939E-01
  0.500  0.300  0.840   -0.78010E-01
  0.500  0.320  0.840   -0.80717E-01
  0.500  0.340  0.840   -0.81070E-01
  0.500  0.360  0.840   -0.79941E-01
  0.500  0.380  0.840   -0.78021E-01
  0.500  0.400  0.840   -0.75817E-01
  0.500  0.420  0.840   -0.73680E-01
  0.500  0.440  0.840   -0.71842E-01
  0.500  0.460  0.840   -0.70449E-01
  0.500  0.480  0.840   -0.69584E-01
  0.500  0.500  0.840   -0.69292E-01
  0.500  0.520  0.840   -0.69584E-01
  0.500  0.540  0.840   -0.70449E-01
  0.500  0.560  0.840   -0.71842E-01
  0.500  0.580  0.840   -0.73680E-01
  0.500  0.600  0.840   -0.75817E-01
  0.500  0.620  0.840   -0.78021E-01
  0.500  0.640  0.840   -0.79941E-01
  0.500  0.660  0.840   -0.81070E-01
  0.500  0.680  0.840   -0.80717E-01
  0.500  0.700  0.840   -0.78010E-01
  0.500  0.720  0.840   -0.71939E-01
  0.500  0.740  0.840   -0.61478E-01
  0.500  0.760  0.840   -0.45791E-01
  0.500  0.780  0.840   -0.24527E-01
  0.500  0.800  0.840    0.18743E-02
  0.500  0.820  0.840    0.31944E-01
  0.500  0.840  0.840    0.63154E-01
  0.500  0.860  0.840    0.92195E-01
  0.500  0.880  0.840    0.11556E+00
  0.500  0.900  0.840    0.13031E+00
  0.500  0.920  0.840    0.13479E+00
  0.500  0.940  0.840    0.12904E+00
  0.500  0.960  0.840    0.11475E+00
  0.500  0.980  0.840    0.94725E-01
  0.500  1.000  0.840    0.72220E-01
  0.500  0.000  0.860    0.58232E-01
  0.500  0.020  0.860    0.79911E-01
  0.500  0.040  0.860    0.10114E+00
  0.500  0.060  0.860    0.11918E+00
  0.500  0.080  0.860    0.13124E+00
  0.500  0.100  0.860    0.13501E+00
  0.500  0.120  0.860    0.12934E+00
  0.500  0.140  0.860    0.11451E+00
  0.500  0.160  0.860    0.92195E-01
  0.500  0.180  0.860    0.65036E-01
  0.500  0.200  0.860    0.36049E-01
  0.500  0.220  0.860    0.80071E-02
  0.500  0.240  0.860   -0.16988E-01
  0.500  0.260  0.860   -0.37693E-01
  0.500  0.280  0.860   -0.53682E-01
  0.500  0.300  0.860   -0.65165E-01
  0.500  0.320  0.860   -0.72753E-01
  0.500  0.340  0.860   -0.77241E-01
  0.500  0.360  0.860   -0.79442E-01
  0.500  0.380  0.860   -0.80090E-01
  0.500  0.400  0.860   -0.79793E-01
  0.500  0.420  0.860   -0.79020E-01
  0.500  0.440  0.860   -0.78116E-01
  0.500  0.460  0.860   -0.77320E-01
  0.500  0.480  0.860   -0.76787E-01
  0.500  0.500  0.860   -0.76600E-01
  0.500  0.520  0.860   -0.76787E-01
  0.500  0.540  0.860   -0.77320E-01
  0.500  0.560  0.860   -0.78116E-01
  0.500  0.580  0.860   -0.79020E-01
  0.500  0.600  0.860   -0.79793E-01
  0.500  0.620  0.860   -0.80090E-01
  0.500  0.640  0.860   -0.79442E-01
  0.500  0.660  0.860   -0.77241E-01
  0.500  0.680  0.860   -0.72753E-01
  0.500  0.700  0.860   -0.65165E-01
  0.500  0.720  0.860   -0.53682E-01
  0.500  0.740  0.860   -0.37693E-01
  0.500  0.760  0.860   -0.16988E-01
  0.500  0.780  0.860    0.80071E-02
  0.500  0.800  0.860    0.36049E-01
  0.500  0.820  0.860    0.65036E-01
  0.500  0.840  0.860    0.92195E-01
  0.500  0.860  0.860    0.11451E+00
  0.500  0.880  0.860    0.12934E+00
  0.500  0.900  0.860    0.13501E+00
  0.500  0.920  0.860    0.13124E+00
  0.500  0.940  0.860    0.11918E+00
  0.500  0.960  0.860    0.10114E+00
  0.500  0.980  0.860    0.79911E-01
  0.500  1.000  0.860    0.58232E-01
  0.500  0.000  0.880    0.45149E-01
  0.500  0.020  0.880    0.64806E-01
  0.500  0.040  0.880    0.85529E-01
  0.500  0.060  0.880    0.10530E+00
  0.500  0.080  0.880    0.12167E+00
  0.500  0.100  0.880    0.13220E+00
  0.500  0.120  0.880    0.13503E+00
  0.500  0.140  0.880    0.12934E+00
  0.500  0.160  0.880    0.11556E+00
  0.500  0.180  0.880    0.95210E-01
  0.500  0.200  0.880    0.70579E-01
  0.500  0.220  0.880    0.44190E-01
  0.500  0.240  0.880    0.18348E-01
  0.500  0.260  0.880   -0.51818E-02
  0.500  0.280  0.880   -0.25305E-01
  0.500  0.300  0.880   -0.41573E-01
  0.500  0.320  0.880   -0.54046E-01
  0.500  0.340  0.880   -0.63124E-01
  0.500  0.360  0.880   -0.69382E-01
  0.500  0.380  0.880   -0.73445E-01
  0.500  0.400  0.880   -0.75902E-01
  0.500  0.420  0.880   -0.77258E-01
  0.500  0.440  0.880   -0.77918E-01
  0.500  0.460  0.880   -0.78185E-01
  0.500  0.480  0.880   -0.78266E-01
  0.500  0.500  0.880   -0.78280E-01
  0.500  0.520  0.880   -0.78266E-01
  0.500  0.540  0.880   -0.78185E-01
  0.500  0.560  0.880   -0.77918E-01
  0.500  0.580  0.880   -0.77258E-01
  0.500  0.600  0.880   -0.75902E-01
  0.500  0.620  0.880   -0.73445E-01
  0.500  0.640  0.880   -0.69382E-01
  0.500  0.660  0.880   -0.63124E-01
  0.500  0.680  0.880   -0.54046E-01
  0.500  0.700  0.880   -0.41573E-01
  0.500  0.720  0.880   -0.25305E-01
  0.500  0.740  0.880   -0.51818E-02
  0.500  0.760  0.880    0.18348E-01
  0.500  0.780  0.880    0.44190E-01
  0.500  0.800  0.880    0.70579E-01
  0.500  0.820  0.880    0.95210E-01
  0.500  0.840  0.880    0.11556E+00
  0.500  0.860  0.880    0.12934E+00
  0.500  0.880  0.880    0.13503E+00
  0.500  0.900  0.880    0.13220E+00
  0.500  0.920  0.880    0.12167E+00
  0.500  0.940  0.880    0.10530E+00
  0.500  0.960  0.880    0.85529E-01
  0.500  0.980  0.880    0.64806E-01
  0.500  1.000  0.880    0.45149E-01
  0.500  0.000  0.900    0.33588E-01
  0.500  0.020  0.900    0.50413E-01
  0.500  0.040  0.900    0.69259E-01
  0.500  0.060  0.900    0.88852E-01
  0.500  0.080  0.900    0.10732E+00
  0.500  0.100  0.900    0.12246E+00
  0.500  0.120  0.900    0.13220E+00
  0.500  0.140  0.900    0.13501E+00
  0.500  0.160  0.900    0.13031E+00
  0.500  0.180  0.900    0.11850E+00
  0.500  0.200  0.900    0.10092E+00
  0.500  0.220  0.900    0.79433E-01
  0.500  0.240  0.900    0.56111E-01
  0.500  0.260  0.900    0.32848E-01
  0.500  0.280  0.900    0.11134E-01
  0.500  0.300  0.900   -0.80524E-02
  0.500  0.320  0.900   -0.24227E-01
  0.500  0.340  0.900   -0.37311E-01
  0.500  0.360  0.900   -0.47508E-01
  0.500  0.380  0.900   -0.55187E-01
  0.500  0.400  0.900   -0.60779E-01
  0.500  0.420  0.900   -0.64712E-01
  0.500  0.440  0.900   -0.67365E-01
  0.500  0.460  0.900   -0.69040E-01
  0.500  0.480  0.900   -0.69958E-01
  0.500  0.500  0.900   -0.70249E-01
  0.500  0.520  0.900   -0.69958E-01
  0.500  0.540  0.900   -0.69040E-01
  0.500  0.560  0.900   -0.67365E-01
  0.500  0.580  0.900   -0.64712E-01
  0.500  0.600  0.900   -0.60779E-01
  0.500  0.620  0.900   -0.55187E-01
  0.500  0.640  0.900   -0.47508E-01
  0.500  0.660  0.900   -0.37311E-01
  0.500  0.680  0.900   -0.24227E-01
  0.500  0.700  0.900   -0.80524E-02
  0.500  0.720  0.900    0.11134E-01
  0.500  0.740  0.900    0.32848E-01
  0.500  0.760  0.900    0.56111E-01
  0.500  0.780  0.900    0.79433E-01
  0.500  0.800  0.900    0.10092E+00
  0.500  0.820  0.900    0.11850E+00
  0.500  0.840  0.900    0.13031E+00
  0.500  0.860  0.900    0.13501E+00
  0.500  0.880  0.900    0.13220E+00
  0.500  0.900  0.900    0.12246E+00
  0.500  0.920  0.900    0.10732E+00
  0.500  0.940  0.900    0.88852E-01
  0.500  0.960  0.900    0.69259E-01
  0.500  0.980  0.900    0.50413E-01
  0.500  1.000  0.900    0.33588E-01
  0.500  0.000  0.920    0.23925E-01
  0.500  0.020  0.920    0.37533E-01
  0.500  0.040  0.920    0.53581E-01
  0.500  0.060  0.920    0.71458E-01
  0.500  0.080  0.920    0.89942E-01
  0.500  0.100  0.920    0.10732E+00
  0.500  0.120  0.920    0.12167E+00
  0.500  0.140  0.920    0.13124E+00
  0.500  0.160  0.920    0.13479E+00
  0.500  0.180  0.920    0.13186E+00
  0.500  0.200  0.920    0.12279E+00
  0.500  0.220  0.920    0.10863E+00
  0.500  0.240  0.920    0.90879E-01
  0.500  0.260  0.920    0.71167E-01
  0.500  0.280  0.920    0.51032E-01
  0.500  0.300  0.920    0.31722E-01
  0.500  0.320  0.920    0.14117E-01
  0.500  0.340  0.920   -0.12686E-02
  0.500  0.360  0.920   -0.14232E-01
  0.500  0.380  0.920   -0.24799E-01
  0.500  0.400  0.920   -0.33140E-01
  0.500  0.420  0.920   -0.39496E-01
  0.500  0.440  0.920   -0.44122E-01
  0.500  0.460  0.920   -0.47247E-01
  0.500  0.480  0.920   -0.49048E-01
  0.500  0.500  0.920   -0.49636E-01
  0.500  0.520  0.920   -0.49048E-01
  0.500  0.540  0.920   -0.47247E-01
  0.500  0.560  0.920   -0.44122E-01
  0.500  0.580  0.920   -0.39496E-01
  0.500  0.600  0.920   -0.33140E-01
  0.500  0.620  0.920   -0.24799E-01
  0.500  0.640  0.920   -0.14232E-01
  0.500  0.660  0.920   -0.12686E-02
  0.500  0.680  0.920    0.14117E-01
  0.500  0.700  0.920    0.31722E-01
  0.500  0.720  0.920    0.51032E-01
  0.500  0.740  0.920    0.71167E-01
  0.500  0.760  0.920    0.90879E-01
  0.500  0.780  0.920    0.10863E+00
  0.500  0.800  0.920    0.12279E+00
  0.500  0.820  0.920    0.13186E+00
  0.500  0.840  0.920    0.13479E+00
  0.500  0.860  0.920    0.13124E+00
  0.500  0.880  0.920    0.12167E+00
  0.500  0.900  0.920    0.10732E+00
  0.500  0.920  0.920    0.89942E-01
  0.500  0.940  0.920    0.71458E-01
  0.500  0.960  0.920    0.53581E-01
  0.500  0.980  0.920    0.37533E-01
  0.500  1.000  0.920    0.23925E-01
  0.500  0.000  0.940    0.16271E-01
  0.500  0.020  0.940    0.26661E-01
  0.500  0.040  0.940    0.39483E-01
  0.500  0.060  0.940    0.54624E-01
  0.500  0.080  0.940    0.71458E-01
  0.500  0.100  0.940    0.88852E-01
  0.500  0.120  0.940    0.10530E+00
  0.500  0.140  0.940    0.11918E+00
  0.500  0.160  0.940    0.12904E+00
  0.500  0.180  0.940    0.13388E+00
  0.500  0.200  0.940    0.13328E+00
  0.500  0.220  0.940    0.12748E+00
  0.500  0.240  0.940    0.11726E+00
  0.500  0.260  0.940    0.10372E+00
  0.500  0.280  0.940    0.88146E-01
  0.500  0.300  0.940    0.71737E-01
  0.500  0.320  0.940    0.55534E-01
  0.500  0.340  0.940    0.40327E-01
  0.500  0.360  0.940    0.26648E-01
  0.500  0.380  0.940    0.14804E-01
  0.500  0.400  0.940    0.49199E-02
  0.500  0.420  0.940   -0.29982E-02
  0.500  0.440  0.940   -0.90153E-02
  0.500  0.460  0.940   -0.13223E-01
  0.500  0.480  0.940   -0.15707E-01
  0.500  0.500  0.940   -0.16528E-01
  0.500  0.520  0.940   -0.15707E-01
  0.500  0.540  0.940   -0.13223E-01
  0.500  0.560  0.940   -0.90153E-02
  0.500  0.580  0.940   -0.29982E-02
  0.500  0.600  0.940    0.49199E-02
  0.500  0.620  0.940    0.14804E-01
  0.500  0.640  0.940    0.26648E-01
  0.500  0.660  0.940    0.40327E-01
  0.500  0.680  0.940    0.55534E-01
  0.500  0.700  0.940    0.71737E-01
  0.500  0.720  0.940    0.88146E-01
  0.500  0.740  0.940    0.10372E+00
  0.500  0.760  0.940    0.11726E+00
  0.500  0.780  0.940    0.12748E+00
  0.500  0.800  0.940    0.13328E+00
  0.500  0.820  0.940    0.13388E+00
  0.500  0.840  0.940    0.12904E+00
  0.500  0.860  0.940    0.11918E+00
  0.500  0.880  0.940    0.10530E+00
  0.500  0.900  0.940    0.88852E-01
  0.500  0.920  0.940    0.71458E-01
  0.500  0.940  0.940    0.54624E-01
  0.500  0.960  0.940    0.39483E-01
  0.500  0.980  0.940    0.26661E-01
  0.500  1.000  0.940    0.16271E-01
  0.500  0.000  0.960    0.10506E-01
  0.500  0.020  0.960    0.17963E-01
  0.500  0.040  0.960    0.27555E-01
  0.500  0.060  0.960    0.39483E-01
  0.500  0.080  0.960    0.53581E-01
  0.500  0.100  0.960    0.69259E-01
  0.500  0.120  0.960    0.85529E-01
  0.500  0.140  0.960    0.10114E+00
  0.500  0.160  0.960    0.11475E+00
  0.500  0.180  0.960    0.12519E+00
  0.500  0.200  0.960    0.13162E+00
  0.500  0.220  0.960    0.13365E+00
  0.500  0.240  0.960    0.13139E+00
  0.500  0.260  0.960    0.12535E+00
  0.500  0.280  0.960    0.11631E+00
  0.500  0.300  0.960    0.10522E+00
  0.500  0.320  0.960    0.93019E-01
  0.500  0.340  0.960    0.80558E-01
  0.500  0.360  0.960    0.68542E-01
  0.500  0.380  0.960    0.57503E-01
  0.500  0.400  0.960    0.47818E-01
  0.500  0.420  0.960    0.39723E-01
  0.500  0.440  0.960    0.33357E-01
  0.500  0.460  0.960    0.28786E-01
  0.500  0.480  0.960    0.26039E-01
  0.500  0.500  0.960    0.25123E-01
  0.500  0.520  0.960    0.26039E-01
  0.500  0.540  0.960    0.28786E-01
  0.500  0.560  0.960    0.33357E-01
  0.500  0.580  0.960    0.39723E-01
  0.500  0.600  0.960    0.47818E-01
  0.500  0.620  0.960    0.57503E-01
  0.500  0.640  0.960    0.68542E-01
  0.500  0.660  0.960    0.80558E-01
  0.500  0.680  0.960    0.93019E-01
  0.500  0.700  0.960    0.10522E+00
  0.500  0.720  0.960    0.11631E+00
  0.500  0.740  0.960    0.12535E+00
  0.500  0.760  0.960    0.13139E+00
  0.500  0.780  0.960    0.13365E+00
  0.500  0.800  0.960    0.13162E+00
  0.500  0.820  0.960    0.12519E+00
  0.500  0.840  0.960    0.11475E+00
  0.500  0.860  0.960    0.10114E+00
  0.500  0.880  0.960    0.85529E-01
  0.500  0.900  0.960    0.69259E-01
  0.500  0.920  0.960    0.53581E-01
  0.500  0.940  0.960    0.39483E-01
  0.500  0.960  0.960    0.27555E-01
  0.500  0.980  0.960    0.17963E-01
  0.500  1.000  0.960    0.10506E-01
  0.500  0.000  0.980    0.63409E-02
  0.500  0.020  0.980    0.11307E-01
  0.500  0.040  0.980    0.17963E-01
  0.500  0.060  0.980    0.26661E-01
  0.500  0.080  0.980    0.37533E-01
  0.500  0.100  0.980    0.50413E-01
  0.500  0.120  0.980    0.64806E-01
  0.500  0.140  0.980    0.79911E-01
  0.500  0.160  0.980    0.94725E-01
  0.500  0.180  0.980    0.10818E+00
  0.500  0.200  0.980    0.11932E+00
  0.500  0.220  0.980    0.12741E+00
  0.500  0.240  0.980    0.13208E+00
  0.500  0.260  0.980    0.13328E+00
  0.500  0.280  0.980    0.13132E+00
  0.500  0.300  0.980    0.12671E+00
  0.500  0.320  0.980    0.12014E+00
  0.500  0.340  0.980    0.11233E+00
  0.500  0.360  0.980    0.10396E+00
  0.500  0.380  0.980    0.95645E-01
  0.500  0.400  0.980    0.87901E-01
  0.500  0.420  0.980    0.81120E-01
  0.500  0.440  0.980    0.75591E-01
  0.500  0.460  0.980    0.71516E-01
  0.500  0.480  0.980    0.69025E-01
  0.500  0.500  0.980    0.68187E-01
  0.500  0.520  0.980    0.69025E-01
  0.500  0.540  0.980    0.71516E-01
  0.500  0.560  0.980    0.75591E-01
  0.500  0.580  0.980    0.81120E-01
  0.500  0.600  0.980    0.87901E-01
  0.500  0.620  0.980    0.95645E-01
  0.500  0.640  0.980    0.10396E+00
  0.500  0.660  0.980    0.11233E+00
  0.500  0.680  0.980    0.12014E+00
  0.500  0.700  0.980    0.12671E+00
  0.500  0.720  0.980    0.13132E+00
  0.500  0.740  0.980    0.13328E+00
  0.500  0.760  0.980    0.13208E+00
  0.500  0.780  0.980    0.12741E+00
  0.500  0.800  0.980    0.11932E+00
  0.500  0.820  0.980    0.10818E+00
  0.500  0.840  0.980    0.94725E-01
  0.500  0.860  0.980    0.79911E-01
  0.500  0.880  0.980    0.64806E-01
  0.500  0.900  0.980    0.50413E-01
  0.500  0.920  0.980    0.37533E-01
  0.500  0.940  0.980    0.26661E-01
  0.500  0.960  0.980    0.17963E-01
  0.500  0.980  0.980    0.11307E-01
  0.500  1.000  0.980    0.63409E-02
  0.500  0.000  1.000    0.00000E+00
  0.500  0.020  1.000    0.63409E-02
  0.500  0.040  1.000    0.10506E-01
  0.500  0.060  1.000    0.16271E-01
  0.500  0.080  1.000    0.23925E-01
  0.500  0.100  1.000    0.33588E-01
  0.500  0.120  1.000    0.45149E-01
  0.500  0.140  1.000    0.58232E-01
  0.500  0.160  1.000    0.72220E-01
  0.500  0.180  1.000    0.86315E-01
  0.500  0.200  1.000    0.99653E-01
  0.500  0.220  1.000    0.11142E+00
  0.500  0.240  1.000    0.12098E+00
  0.500  0.260  1.000    0.12793E+00
  0.500  0.280  1.000    0.13214E+00
  0.500  0.300  1.000    0.13375E+00
  0.500  0.320  1.000    0.13308E+00
  0.500  0.340  1.000    0.13062E+00
  0.500  0.360  1.000    0.12691E+00
  0.500  0.380  1.000    0.12250E+00
  0.500  0.400  1.000    0.11789E+00
  0.500  0.420  1.000    0.11354E+00
  0.500  0.440  1.000    0.10979E+00
  0.500  0.460  1.000    0.10693E+00
  0.500  0.480  1.000    0.10513E+00
  0.500  0.500  1.000    0.10452E+00
  0.500  0.520  1.000    0.10513E+00
  0.500  0.540  1.000    0.10693E+00
  0.500  0.560  1.000    0.10979E+00
  0.500  0.580  1.000    0.11354E+00
  0.500  0.600  1.000    0.11789E+00
  0.500  0.620  1.000    0.12250E+00
  0.500  0.640  1.000    0.12691E+00
  0.500  0.660  1.000    0.13062E+00
  0.500  0.680  1.000    0.13308E+00
  0.500  0.700  1.000    0.13375E+00
  0.500  0.720  1.000    0.13214E+00
  0.500  0.740  1.000    0.12793E+00
  0.500  0.760  1.000    0.12098E+00
  0.500  0.780  1.000    0.11142E+00
  0.500  0.800  1.000    0.99653E-01
  0.500  0.820  1.000    0.86315E-01
  0.500  0.840  1.000    0.72220E-01
  0.500  0.860  1.000    0.58232E-01
  0.500  0.880  1.000    0.45149E-01
  0.500  0.900  1.000    0.33588E-01
  0.500  0.920  1.000    0.23925E-01
  0.500  0.940  1.000    0.16271E-01
  0.500  0.960  1.000    0.10506E-01
  0.500  0.980  1.000    0.63409E-02
  0.500  1.000  1.000    0.00000E+00
