4 processes:
    1    0.17091E+01
    2    0.13867E+01
    3    0.11300E+01
    4    0.92285E+00
    5    0.75583E+00
    6    0.62144E+00
    7    0.51355E+00
    8    0.42713E+00
    9    0.35806E+00
   10    0.30299E+00
   11    0.25917E+00
   12    0.22435E+00
   13    0.19668E+00
   14    0.17465E+00
   15    0.15705E+00
   16    0.14288E+00
   17    0.13137E+00
   18    0.12191E+00
   19    0.11401E+00
   20    0.10734E+00
   21    0.10160E+00
   22    0.96601E-01
   23    0.92189E-01
   24    0.88249E-01
   25    0.84694E-01
   26    0.81459E-01
   27    0.78492E-01
   28    0.75755E-01
   29    0.73216E-01
   30    0.70850E-01
   31    0.68638E-01
   32    0.66562E-01
   33    0.64608E-01
   34    0.62765E-01
   35    0.61022E-01
   36    0.59371E-01
   37    0.57804E-01
   38    0.56314E-01
   39    0.54895E-01
   40    0.53542E-01
   41    0.52251E-01
   42    0.51016E-01
   43    0.49834E-01
   44    0.48701E-01
   45    0.47615E-01
   46    0.46572E-01
   47    0.45570E-01
   48    0.44606E-01
   49    0.43678E-01
   50    0.42784E-01
   51    0.41922E-01
   52    0.41091E-01
   53    0.40288E-01
   54    0.39512E-01
   55    0.38762E-01
   56    0.38036E-01
   57    0.37333E-01
   58    0.36653E-01
   59    0.35994E-01
   60    0.35354E-01
   61    0.34734E-01
   62    0.34132E-01
   63    0.33547E-01
   64    0.32979E-01
   65    0.32427E-01
   66    0.31891E-01
   67    0.31369E-01
   68    0.30861E-01
   69    0.30366E-01
   70    0.29884E-01
   71    0.29415E-01
   72    0.28958E-01
   73    0.28512E-01
   74    0.28077E-01
   75    0.27653E-01
   76    0.27239E-01
   77    0.26835E-01
   78    0.26440E-01
   79    0.26055E-01
   80    0.25678E-01
   81    0.25310E-01
   82    0.24950E-01
   83    0.24599E-01
   84    0.24255E-01
   85    0.23918E-01
   86    0.23589E-01
   87    0.23266E-01
   88    0.22951E-01
   89    0.22642E-01
   90    0.22339E-01
   91    0.22043E-01
   92    0.21752E-01
   93    0.21468E-01
   94    0.21189E-01
   95    0.20915E-01
   96    0.20647E-01
   97    0.20384E-01
   98    0.20126E-01
   99    0.19873E-01
  100    0.19625E-01
  101    0.19381E-01
  102    0.19141E-01
  103    0.18907E-01
  104    0.18676E-01
  105    0.18449E-01
  106    0.18227E-01
  107    0.18008E-01
  108    0.17794E-01
  109    0.17583E-01
  110    0.17375E-01
  111    0.17171E-01
  112    0.16971E-01
  113    0.16774E-01
  114    0.16580E-01
  115    0.16390E-01
  116    0.16202E-01
  117    0.16018E-01
  118    0.15837E-01
  119    0.15658E-01
  120    0.15483E-01
  121    0.15310E-01
  122    0.15140E-01
  123    0.14973E-01
  124    0.14808E-01
  125    0.14646E-01
  126    0.14486E-01
  127    0.14329E-01
  128    0.14174E-01
  129    0.14022E-01
  130    0.13871E-01
  131    0.13723E-01
  132    0.13578E-01
  133    0.13434E-01
  134    0.13292E-01
  135    0.13153E-01
  136    0.13015E-01
  137    0.12880E-01
  138    0.12746E-01
  139    0.12614E-01
  140    0.12485E-01
  141    0.12357E-01
  142    0.12230E-01
  143    0.12106E-01
  144    0.11983E-01
  145    0.11862E-01
  146    0.11743E-01
  147    0.11625E-01
  148    0.11508E-01
  149    0.11394E-01
  150    0.11281E-01
  151    0.11169E-01
  152    0.11059E-01
  153    0.10950E-01
  154    0.10843E-01
  155    0.10737E-01
  156    0.10632E-01
  157    0.10529E-01
  158    0.10427E-01
  159    0.10327E-01
  160    0.10228E-01
  161    0.10130E-01
  162    0.10033E-01
  163    0.99373E-02
  164    0.98429E-02
  165    0.97497E-02
  166    0.96576E-02
  167    0.95667E-02
  168    0.94769E-02
  169    0.93882E-02
  170    0.93005E-02
  171    0.92140E-02
  172    0.91284E-02
  173    0.90439E-02
  174    0.89604E-02
  175    0.88779E-02
  176    0.87963E-02
  177    0.87157E-02
  178    0.86361E-02
  179    0.85574E-02
  180    0.84796E-02
  181    0.84027E-02
  182    0.83267E-02
  183    0.82516E-02
  184    0.81773E-02
  185    0.81039E-02
  186    0.80313E-02
  187    0.79595E-02
  188    0.78885E-02
  189    0.78183E-02
  190    0.77489E-02
  191    0.76803E-02
  192    0.76124E-02
  193    0.75453E-02
  194    0.74789E-02
  195    0.74133E-02
  196    0.73484E-02
  197    0.72841E-02
  198    0.72206E-02
  199    0.71578E-02
  200    0.70956E-02
  201    0.70341E-02
  202    0.69732E-02
  203    0.69130E-02
  204    0.68535E-02
  205    0.67945E-02
  206    0.67362E-02
  207    0.66785E-02
  208    0.66214E-02
  209    0.65649E-02
  210    0.65090E-02
  211    0.64536E-02
  212    0.63988E-02
  213    0.63446E-02
  214    0.62910E-02
  215    0.62378E-02
  216    0.61853E-02
  217    0.61332E-02
  218    0.60817E-02
  219    0.60307E-02
  220    0.59802E-02
  221    0.59303E-02
  222    0.58808E-02
  223    0.58318E-02
  224    0.57833E-02
  225    0.57353E-02
  226    0.56877E-02
  227    0.56406E-02
  228    0.55940E-02
  229    0.55478E-02
  230    0.55021E-02
  231    0.54568E-02
  232    0.54120E-02
  233    0.53676E-02
  234    0.53236E-02
  235    0.52801E-02
  236    0.52369E-02
  237    0.51942E-02
  238    0.51519E-02
  239    0.51099E-02
  240    0.50684E-02
  241    0.50273E-02
  242    0.49865E-02
  243    0.49461E-02
  244    0.49062E-02
  245    0.48665E-02
  246    0.48273E-02
  247    0.47884E-02
  248    0.47499E-02
  249    0.47117E-02
  250    0.46739E-02
  251    0.46364E-02
  252    0.45993E-02
  253    0.45625E-02
  254    0.45260E-02
  255    0.44899E-02
  256    0.44541E-02
  257    0.44186E-02
  258    0.43835E-02
  259    0.43486E-02
  260    0.43141E-02
  261    0.42799E-02
  262    0.42460E-02
  263    0.42124E-02
  264    0.41791E-02
  265    0.41461E-02
  266    0.41133E-02
  267    0.40809E-02
  268    0.40488E-02
  269    0.40169E-02
  270    0.39853E-02
  271    0.39540E-02
  272    0.39230E-02
  273    0.38922E-02
  274    0.38617E-02
  275    0.38315E-02
  276    0.38015E-02
  277    0.37718E-02
  278    0.37424E-02
  279    0.37132E-02
  280    0.36842E-02
  281    0.36555E-02
  282    0.36271E-02
  283    0.35989E-02
  284    0.35709E-02
  285    0.35432E-02
  286    0.35157E-02
  287    0.34884E-02
  288    0.34614E-02
  289    0.34346E-02
  290    0.34080E-02
  291    0.33816E-02
  292    0.33555E-02
  293    0.33296E-02
  294    0.33039E-02
  295    0.32784E-02
  296    0.32532E-02
  297    0.32281E-02
  298    0.32033E-02
  299    0.31786E-02
  300    0.31542E-02
  301    0.31300E-02
  302    0.31059E-02
  303    0.30821E-02
  304    0.30585E-02
  305    0.30350E-02
  306    0.30118E-02
  307    0.29887E-02
  308    0.29658E-02
  309    0.29432E-02
  310    0.29207E-02
  311    0.28984E-02
  312    0.28762E-02
  313    0.28543E-02
  314    0.28325E-02
  315    0.28109E-02
  316    0.27895E-02
  317    0.27682E-02
  318    0.27472E-02
  319    0.27263E-02
  320    0.27055E-02
  321    0.26850E-02
  322    0.26646E-02
  323    0.26443E-02
  324    0.26243E-02
  325    0.26043E-02
  326    0.25846E-02
  327    0.25650E-02
  328    0.25456E-02
  329    0.25263E-02
  330    0.25071E-02
  331    0.24882E-02
  332    0.24693E-02
  333    0.24507E-02
  334    0.24321E-02
  335    0.24137E-02
  336    0.23955E-02
  337    0.23774E-02
  338    0.23595E-02
  339    0.23417E-02
  340    0.23240E-02
  341    0.23065E-02
  342    0.22891E-02
  343    0.22718E-02
  344    0.22547E-02
  345    0.22377E-02
  346    0.22209E-02
  347    0.22042E-02
  348    0.21876E-02
  349    0.21711E-02
  350    0.21548E-02
  351    0.21386E-02
  352    0.21225E-02
  353    0.21066E-02
  354    0.20908E-02
  355    0.20751E-02
  356    0.20595E-02
  357    0.20440E-02
  358    0.20287E-02
  359    0.20135E-02
  360    0.19984E-02
  361    0.19834E-02
  362    0.19685E-02
  363    0.19538E-02
  364    0.19392E-02
  365    0.19246E-02
  366    0.19102E-02
  367    0.18959E-02
  368    0.18817E-02
  369    0.18677E-02
  370    0.18537E-02
  371    0.18398E-02
  372    0.18261E-02
  373    0.18124E-02
  374    0.17989E-02
  375    0.17854E-02
  376    0.17721E-02
  377    0.17589E-02
  378    0.17457E-02
  379    0.17327E-02
  380    0.17198E-02
  381    0.17069E-02
  382    0.16942E-02
  383    0.16816E-02
  384    0.16690E-02
  385    0.16566E-02
  386    0.16442E-02
  387    0.16320E-02
  388    0.16198E-02
  389    0.16077E-02
  390    0.15957E-02
  391    0.15839E-02
  392    0.15721E-02
  393    0.15604E-02
  394    0.15487E-02
  395    0.15372E-02
  396    0.15258E-02
  397    0.15144E-02
  398    0.15031E-02
  399    0.14920E-02
  400    0.14809E-02
  401    0.14698E-02
  402    0.14589E-02
  403    0.14481E-02
  404    0.14373E-02
  405    0.14266E-02
  406    0.14160E-02
  407    0.14055E-02
  408    0.13950E-02
  409    0.13847E-02
  410    0.13744E-02
  411    0.13642E-02
  412    0.13540E-02
  413    0.13440E-02
  414    0.13340E-02
  415    0.13241E-02
  416    0.13143E-02
  417    0.13045E-02
  418    0.12948E-02
  419    0.12852E-02
  420    0.12757E-02
  421    0.12662E-02
  422    0.12568E-02
  423    0.12475E-02
  424    0.12383E-02
  425    0.12291E-02
  426    0.12200E-02
  427    0.12109E-02
  428    0.12019E-02
  429    0.11930E-02
  430    0.11842E-02
  431    0.11754E-02
  432    0.11667E-02
  433    0.11580E-02
  434    0.11495E-02
  435    0.11409E-02
  436    0.11325E-02
  437    0.11241E-02
  438    0.11158E-02
  439    0.11075E-02
  440    0.10993E-02
  441    0.10912E-02
  442    0.10831E-02
  443    0.10751E-02
  444    0.10671E-02
  445    0.10592E-02
  446    0.10514E-02
  447    0.10436E-02
  448    0.10358E-02
  449    0.10282E-02
  450    0.10206E-02
  451    0.10130E-02
  452    0.10055E-02
  453    0.99808E-03
  454    0.99070E-03
  455    0.98337E-03
  456    0.97609E-03
  457    0.96887E-03
  458    0.96170E-03
  459    0.95459E-03
  460    0.94753E-03
  461    0.94052E-03
  462    0.93357E-03
  463    0.92666E-03
  464    0.91981E-03
  465    0.91301E-03
  466    0.90626E-03
  467    0.89956E-03
  468    0.89291E-03
  469    0.88630E-03
  470    0.87975E-03
  471    0.87325E-03
  472    0.86679E-03
  473    0.86039E-03
  474    0.85403E-03
  475    0.84772E-03
  476    0.84145E-03
  477    0.83523E-03
  478    0.82906E-03
  479    0.82294E-03
  480    0.81685E-03
  481    0.81082E-03
  482    0.80483E-03
  483    0.79888E-03
  484    0.79298E-03
  485    0.78712E-03
  486    0.78131E-03
  487    0.77554E-03
  488    0.76981E-03
  489    0.76412E-03
  490    0.75848E-03
  491    0.75288E-03
  492    0.74732E-03
  493    0.74180E-03
  494    0.73632E-03
  495    0.73088E-03
  496    0.72548E-03
  497    0.72013E-03
  498    0.71481E-03
  499    0.70953E-03
  500    0.70429E-03
  501    0.69909E-03
  502    0.69393E-03
  503    0.68881E-03
  504    0.68372E-03
  505    0.67868E-03
  506    0.67367E-03
  507    0.66869E-03
  508    0.66376E-03
  509    0.65886E-03
  510    0.65399E-03
  511    0.64917E-03
  512    0.64438E-03
  513    0.63962E-03
  514    0.63490E-03
  515    0.63021E-03
  516    0.62556E-03
  517    0.62095E-03
  518    0.61636E-03
  519    0.61181E-03
  520    0.60730E-03
  521    0.60282E-03
  522    0.59837E-03
  523    0.59395E-03
  524    0.58957E-03
  525    0.58522E-03
  526    0.58090E-03
  527    0.57662E-03
  528    0.57236E-03
  529    0.56814E-03
  530    0.56395E-03
  531    0.55979E-03
  532    0.55566E-03
  533    0.55156E-03
  534    0.54749E-03
  535    0.54345E-03
  536    0.53944E-03
  537    0.53546E-03
  538    0.53151E-03
  539    0.52759E-03
  540    0.52370E-03
  541    0.51984E-03
  542    0.51600E-03
  543    0.51220E-03
  544    0.50842E-03
  545    0.50467E-03
  546    0.50095E-03
  547    0.49725E-03
  548    0.49359E-03
  549    0.48995E-03
  550    0.48633E-03
  551    0.48274E-03
  552    0.47918E-03
  553    0.47565E-03
  554    0.47214E-03
  555    0.46866E-03
  556    0.46520E-03
  557    0.46177E-03
  558    0.45837E-03
  559    0.45499E-03
  560    0.45163E-03
  561    0.44830E-03
  562    0.44500E-03
  563    0.44172E-03
  564    0.43846E-03
  565    0.43523E-03
  566    0.43202E-03
  567    0.42883E-03
  568    0.42567E-03
  569    0.42253E-03
  570    0.41942E-03
  571    0.41632E-03
  572    0.41325E-03
  573    0.41021E-03
  574    0.40718E-03
  575    0.40418E-03
  576    0.40120E-03
  577    0.39824E-03
  578    0.39531E-03
  579    0.39239E-03
  580    0.38950E-03
  581    0.38663E-03
  582    0.38378E-03
  583    0.38095E-03
  584    0.37814E-03
  585    0.37535E-03
  586    0.37258E-03
  587    0.36984E-03
  588    0.36711E-03
  589    0.36440E-03
  590    0.36172E-03
  591    0.35905E-03
  592    0.35640E-03
  593    0.35378E-03
  594    0.35117E-03
  595    0.34858E-03
  596    0.34601E-03
  597    0.34346E-03
  598    0.34093E-03
  599    0.33842E-03
  600    0.33592E-03
  601    0.33345E-03
  602    0.33099E-03
  603    0.32855E-03
  604    0.32613E-03
  605    0.32372E-03
  606    0.32134E-03
  607    0.31897E-03
  608    0.31662E-03
  609    0.31428E-03
  610    0.31197E-03
  611    0.30967E-03
  612    0.30738E-03
  613    0.30512E-03
  614    0.30287E-03
  615    0.30064E-03
  616    0.29842E-03
  617    0.29622E-03
  618    0.29404E-03
  619    0.29187E-03
  620    0.28972E-03
  621    0.28758E-03
  622    0.28547E-03
  623    0.28336E-03
  624    0.28127E-03
  625    0.27920E-03
  626    0.27714E-03
  627    0.27510E-03
  628    0.27307E-03
  629    0.27106E-03
  630    0.26906E-03
  631    0.26708E-03
  632    0.26511E-03
  633    0.26316E-03
  634    0.26122E-03
  635    0.25929E-03
  636    0.25738E-03
  637    0.25548E-03
  638    0.25360E-03
  639    0.25173E-03
  640    0.24988E-03
  641    0.24804E-03
  642    0.24621E-03
  643    0.24439E-03
  644    0.24259E-03
  645    0.24080E-03
  646    0.23903E-03
  647    0.23727E-03
  648    0.23552E-03
  649    0.23378E-03
  650    0.23206E-03
  651    0.23035E-03
  652    0.22865E-03
  653    0.22697E-03
  654    0.22530E-03
  655    0.22363E-03
  656    0.22199E-03
  657    0.22035E-03
  658    0.21873E-03
  659    0.21712E-03
  660    0.21552E-03
  661    0.21393E-03
  662    0.21235E-03
  663    0.21079E-03
  664    0.20923E-03
  665    0.20769E-03
  666    0.20616E-03
  667    0.20464E-03
  668    0.20313E-03
  669    0.20164E-03
  670    0.20015E-03
  671    0.19868E-03
  672    0.19721E-03
  673    0.19576E-03
  674    0.19432E-03
  675    0.19288E-03
  676    0.19146E-03
  677    0.19005E-03
  678    0.18865E-03
  679    0.18726E-03
  680    0.18588E-03
  681    0.18451E-03
  682    0.18315E-03
  683    0.18180E-03
  684    0.18046E-03
  685    0.17913E-03
  686    0.17781E-03
  687    0.17650E-03
  688    0.17520E-03
  689    0.17391E-03
  690    0.17263E-03
  691    0.17136E-03
  692    0.17009E-03
  693    0.16884E-03
  694    0.16760E-03
  695    0.16636E-03
  696    0.16514E-03
  697    0.16392E-03
  698    0.16271E-03
  699    0.16151E-03
  700    0.16032E-03
  701    0.15914E-03
  702    0.15797E-03
  703    0.15680E-03
  704    0.15565E-03
  705    0.15450E-03
  706    0.15336E-03
  707    0.15223E-03
  708    0.15111E-03
  709    0.15000E-03
  710    0.14889E-03
  711    0.14780E-03
  712    0.14671E-03
  713    0.14563E-03
  714    0.14455E-03
  715    0.14349E-03
  716    0.14243E-03
  717    0.14138E-03
  718    0.14034E-03
  719    0.13930E-03
  720    0.13828E-03
  721    0.13726E-03
  722    0.13625E-03
  723    0.13524E-03
  724    0.13425E-03
  725    0.13326E-03
  726    0.13228E-03
  727    0.13130E-03
  728    0.13033E-03
  729    0.12937E-03
  730    0.12842E-03
  731    0.12747E-03
  732    0.12653E-03
  733    0.12560E-03
  734    0.12468E-03
  735    0.12376E-03
  736    0.12285E-03
  737    0.12194E-03
  738    0.12104E-03
  739    0.12015E-03
  740    0.11927E-03
  741    0.11839E-03
  742    0.11751E-03
  743    0.11665E-03
  744    0.11579E-03
  745    0.11494E-03
  746    0.11409E-03
  747    0.11325E-03
  748    0.11241E-03
  749    0.11159E-03
  750    0.11076E-03
  751    0.10995E-03
  752    0.10914E-03
  753    0.10833E-03
  754    0.10753E-03
  755    0.10674E-03
  756    0.10596E-03
  757    0.10518E-03
  758    0.10440E-03
  759    0.10363E-03
  760    0.10287E-03
  761    0.10211E-03
  762    0.10136E-03
  763    0.10061E-03
  764    0.99869E-04
  765    0.99133E-04
  766    0.98403E-04
  767    0.97678E-04
  768    0.96958E-04
  769    0.96243E-04
  770    0.95534E-04
  771    0.94830E-04
  772    0.94132E-04
  773    0.93438E-04
  774    0.92750E-04
  775    0.92066E-04
  776    0.91388E-04
  777    0.90715E-04
  778    0.90046E-04
  779    0.89383E-04
  780    0.88724E-04
  781    0.88070E-04
  782    0.87421E-04
  783    0.86777E-04
  784    0.86138E-04
  785    0.85503E-04
  786    0.84873E-04
  787    0.84248E-04
  788    0.83627E-04
  789    0.83011E-04
  790    0.82399E-04
  791    0.81792E-04
  792    0.81190E-04
  793    0.80591E-04
  794    0.79998E-04
  795    0.79408E-04
  796    0.78823E-04
  797    0.78242E-04
  798    0.77666E-04
  799    0.77093E-04
  800    0.76525E-04
  801    0.75962E-04
  802    0.75402E-04
  803    0.74846E-04
  804    0.74295E-04
  805    0.73747E-04
  806    0.73204E-04
  807    0.72665E-04
  808    0.72129E-04
  809    0.71598E-04
  810    0.71070E-04
  811    0.70547E-04
  812    0.70027E-04
  813    0.69511E-04
  814    0.68999E-04
  815    0.68490E-04
  816    0.67986E-04
  817    0.67485E-04
  818    0.66988E-04
  819    0.66494E-04
  820    0.66004E-04
  821    0.65518E-04
  822    0.65035E-04
  823    0.64556E-04
  824    0.64080E-04
  825    0.63608E-04
  826    0.63139E-04
  827    0.62674E-04
  828    0.62212E-04
  829    0.61754E-04
  830    0.61299E-04
  831    0.60847E-04
  832    0.60399E-04
  833    0.59954E-04
  834    0.59512E-04
  835    0.59074E-04
  836    0.58638E-04
  837    0.58206E-04
  838    0.57778E-04
  839    0.57352E-04
  840    0.56929E-04
  841    0.56510E-04
  842    0.56093E-04
  843    0.55680E-04
  844    0.55270E-04
  845    0.54863E-04
  846    0.54458E-04
  847    0.54057E-04
  848    0.53659E-04
  849    0.53264E-04
  850    0.52871E-04
  851    0.52482E-04
  852    0.52095E-04
  853    0.51711E-04
  854    0.51330E-04
  855    0.50952E-04
  856    0.50576E-04
  857    0.50204E-04
  858    0.49834E-04
  859    0.49467E-04
  860    0.49102E-04
  861    0.48740E-04
  862    0.48381E-04
  863    0.48025E-04
  864    0.47671E-04
  865    0.47320E-04
  866    0.46971E-04
  867    0.46625E-04
  868    0.46281E-04
  869    0.45940E-04
  870    0.45602E-04
  871    0.45266E-04
  872    0.44932E-04
  873    0.44601E-04
  874    0.44273E-04
  875    0.43947E-04
  876    0.43623E-04
  877    0.43301E-04
  878    0.42982E-04
  879    0.42666E-04
  880    0.42351E-04
  881    0.42039E-04
  882    0.41729E-04
  883    0.41422E-04
  884    0.41117E-04
  885    0.40814E-04
  886    0.40513E-04
  887    0.40215E-04
  888    0.39918E-04
  889    0.39624E-04
  890    0.39332E-04
  891    0.39042E-04
  892    0.38755E-04
  893    0.38469E-04
  894    0.38186E-04
  895    0.37904E-04
  896    0.37625E-04
  897    0.37348E-04
  898    0.37073E-04
  899    0.36800E-04
  900    0.36528E-04
  901    0.36259E-04
  902    0.35992E-04
  903    0.35727E-04
  904    0.35464E-04
  905    0.35202E-04
  906    0.34943E-04
  907    0.34686E-04
  908    0.34430E-04
  909    0.34176E-04
  910    0.33925E-04
  911    0.33675E-04
  912    0.33427E-04
  913    0.33180E-04
  914    0.32936E-04
  915    0.32693E-04
  916    0.32452E-04
  917    0.32213E-04
  918    0.31976E-04
  919    0.31740E-04
  920    0.31506E-04
  921    0.31274E-04
  922    0.31044E-04
  923    0.30815E-04
  924    0.30588E-04
  925    0.30363E-04
  926    0.30139E-04
  927    0.29917E-04
  928    0.29696E-04
  929    0.29478E-04
  930    0.29260E-04
  931    0.29045E-04
  932    0.28831E-04
  933    0.28618E-04
  934    0.28408E-04
  935    0.28198E-04
  936    0.27990E-04
  937    0.27784E-04
  938    0.27580E-04
  939    0.27376E-04
  940    0.27175E-04
  941    0.26974E-04
  942    0.26776E-04
  943    0.26578E-04
  944    0.26383E-04
  945    0.26188E-04
  946    0.25995E-04
  947    0.25804E-04
  948    0.25614E-04
  949    0.25425E-04
  950    0.25237E-04
  951    0.25052E-04
  952    0.24867E-04
  953    0.24684E-04
  954    0.24502E-04
  955    0.24321E-04
  956    0.24142E-04
  957    0.23964E-04
  958    0.23788E-04
  959    0.23612E-04
  960    0.23438E-04
  961    0.23266E-04
  962    0.23094E-04
  963    0.22924E-04
  964    0.22755E-04
  965    0.22588E-04
  966    0.22421E-04
  967    0.22256E-04
  968    0.22092E-04
  969    0.21929E-04
  970    0.21768E-04
  971    0.21607E-04
  972    0.21448E-04
  973    0.21290E-04
  974    0.21133E-04
  975    0.20977E-04
  976    0.20823E-04
  977    0.20669E-04
  978    0.20517E-04
  979    0.20366E-04
  980    0.20216E-04
  981    0.20067E-04
  982    0.19919E-04
  983    0.19772E-04
  984    0.19627E-04
  985    0.19482E-04
  986    0.19339E-04
  987    0.19196E-04
  988    0.19055E-04
  989    0.18914E-04
  990    0.18775E-04
  991    0.18637E-04
  992    0.18499E-04
  993    0.18363E-04
  994    0.18228E-04
  995    0.18093E-04
  996    0.17960E-04
  997    0.17828E-04
  998    0.17696E-04
  999    0.17566E-04
 1000    0.17437E-04
 1001    0.17308E-04
 1002    0.17181E-04
 1003    0.17054E-04
 1004    0.16928E-04
 1005    0.16804E-04
 1006    0.16680E-04
 1007    0.16557E-04
 1008    0.16435E-04
 1009    0.16314E-04
 1010    0.16194E-04
 1011    0.16074E-04
 1012    0.15956E-04
 1013    0.15838E-04
 1014    0.15722E-04
 1015    0.15606E-04
 1016    0.15491E-04
 1017    0.15377E-04
 1018    0.15263E-04
 1019    0.15151E-04
 1020    0.15039E-04
 1021    0.14928E-04
 1022    0.14818E-04
 1023    0.14709E-04
 1024    0.14601E-04
 1025    0.14493E-04
 1026    0.14387E-04
 1027    0.14281E-04
 1028    0.14175E-04
 1029    0.14071E-04
 1030    0.13967E-04
 1031    0.13864E-04
 1032    0.13762E-04
 1033    0.13661E-04
 1034    0.13560E-04
 1035    0.13460E-04
 1036    0.13361E-04
 1037    0.13263E-04
 1038    0.13165E-04
 1039    0.13068E-04
 1040    0.12972E-04
 1041    0.12876E-04
 1042    0.12781E-04
 1043    0.12687E-04
 1044    0.12593E-04
 1045    0.12501E-04
 1046    0.12409E-04
 1047    0.12317E-04
 1048    0.12226E-04
 1049    0.12136E-04
 1050    0.12047E-04
 1051    0.11958E-04
 1052    0.11870E-04
 1053    0.11783E-04
 1054    0.11696E-04
 1055    0.11610E-04
 1056    0.11524E-04
 1057    0.11439E-04
 1058    0.11355E-04
 1059    0.11271E-04
 1060    0.11188E-04
 1061    0.11106E-04
 1062    0.11024E-04
 1063    0.10943E-04
 1064    0.10862E-04
 1065    0.10782E-04
 1066    0.10703E-04
 1067    0.10624E-04
 1068    0.10545E-04
 1069    0.10468E-04
 1070    0.10391E-04
 1071    0.10314E-04
 1072    0.10238E-04
 1073    0.10163E-04
 1074    0.10088E-04
 1075    0.10013E-04
 1076    0.99396E-05
 1077    0.98664E-05
 1078    0.97937E-05
 1079    0.97216E-05
 1080    0.96499E-05
 1081    0.95788E-05
 1082    0.95082E-05
 1083    0.94382E-05
 1084    0.93687E-05
 1085    0.92996E-05
 1086    0.92311E-05
 1087    0.91631E-05
 1088    0.90956E-05
 1089    0.90286E-05
 1090    0.89620E-05
 1091    0.88960E-05
 1092    0.88305E-05
 1093    0.87654E-05
 1094    0.87008E-05
 1095    0.86367E-05
 1096    0.85731E-05
 1097    0.85099E-05
 1098    0.84472E-05
 1099    0.83850E-05
 1100    0.83232E-05
 1101    0.82619E-05
 1102    0.82010E-05
 1103    0.81406E-05
 1104    0.80806E-05
 1105    0.80210E-05
 1106    0.79620E-05
 1107    0.79033E-05
 1108    0.78451E-05
 1109    0.77873E-05
 1110    0.77299E-05
 1111    0.76729E-05
 1112    0.76164E-05
 1113    0.75603E-05
 1114    0.75046E-05
 1115    0.74493E-05
 1116    0.73944E-05
 1117    0.73399E-05
 1118    0.72858E-05
 1119    0.72321E-05
 1120    0.71789E-05
 1121    0.71260E-05
 1122    0.70735E-05
 1123    0.70213E-05
 1124    0.69696E-05
 1125    0.69183E-05
 1126    0.68673E-05
 1127    0.68167E-05
 1128    0.67665E-05
 1129    0.67166E-05
 1130    0.66671E-05
 1131    0.66180E-05
 1132    0.65692E-05
 1133    0.65208E-05
 1134    0.64728E-05
 1135    0.64251E-05
 1136    0.63778E-05
 1137    0.63308E-05
 1138    0.62841E-05
 1139    0.62378E-05
 1140    0.61919E-05
 1141    0.61462E-05
 1142    0.61010E-05
 1143    0.60560E-05
 1144    0.60114E-05
 1145    0.59671E-05
 1146    0.59231E-05
 1147    0.58795E-05
 1148    0.58362E-05
 1149    0.57932E-05
 1150    0.57505E-05
 1151    0.57081E-05
 1152    0.56661E-05
 1153    0.56243E-05
 1154    0.55829E-05
 1155    0.55417E-05
 1156    0.55009E-05
 1157    0.54604E-05
 1158    0.54201E-05
 1159    0.53802E-05
 1160    0.53406E-05
 1161    0.53012E-05
 1162    0.52622E-05
 1163    0.52234E-05
 1164    0.51849E-05
 1165    0.51467E-05
 1166    0.51088E-05
 1167    0.50711E-05
 1168    0.50338E-05
 1169    0.49967E-05
 1170    0.49599E-05
 1171    0.49233E-05
 1172    0.48871E-05
 1173    0.48510E-05
 1174    0.48153E-05
 1175    0.47798E-05
 1176    0.47446E-05
 1177    0.47096E-05
 1178    0.46749E-05
 1179    0.46405E-05
 1180    0.46063E-05
 1181    0.45724E-05
 1182    0.45387E-05
 1183    0.45052E-05
 1184    0.44720E-05
 1185    0.44391E-05
 1186    0.44064E-05
 1187    0.43739E-05
 1188    0.43417E-05
 1189    0.43097E-05
 1190    0.42780E-05
 1191    0.42464E-05
 1192    0.42151E-05
 1193    0.41841E-05
 1194    0.41533E-05
 1195    0.41227E-05
 1196    0.40923E-05
 1197    0.40621E-05
 1198    0.40322E-05
 1199    0.40025E-05
 1200    0.39730E-05
 1201    0.39437E-05
 1202    0.39147E-05
 1203    0.38858E-05
 1204    0.38572E-05
 1205    0.38288E-05
 1206    0.38006E-05
 1207    0.37726E-05
 1208    0.37448E-05
 1209    0.37172E-05
 1210    0.36898E-05
 1211    0.36626E-05
 1212    0.36356E-05
 1213    0.36088E-05
 1214    0.35822E-05
 1215    0.35559E-05
 1216    0.35297E-05
 1217    0.35036E-05
 1218    0.34778E-05
 1219    0.34522E-05
 1220    0.34268E-05
 1221    0.34015E-05
 1222    0.33765E-05
 1223    0.33516E-05
 1224    0.33269E-05
 1225    0.33024E-05
 1226    0.32780E-05
 1227    0.32539E-05
 1228    0.32299E-05
 1229    0.32061E-05
 1230    0.31825E-05
 1231    0.31590E-05
 1232    0.31358E-05
 1233    0.31127E-05
 1234    0.30897E-05
 1235    0.30670E-05
 1236    0.30444E-05
 1237    0.30219E-05
 1238    0.29997E-05
 1239    0.29776E-05
 1240    0.29556E-05
 1241    0.29339E-05
 1242    0.29122E-05
 1243    0.28908E-05
 1244    0.28695E-05
 1245    0.28483E-05
 1246    0.28274E-05
 1247    0.28065E-05
 1248    0.27858E-05
 1249    0.27653E-05
 1250    0.27449E-05
 1251    0.27247E-05
 1252    0.27046E-05
 1253    0.26847E-05
 1254    0.26649E-05
 1255    0.26453E-05
 1256    0.26258E-05
 1257    0.26065E-05
 1258    0.25873E-05
 1259    0.25682E-05
 1260    0.25493E-05
 1261    0.25305E-05
 1262    0.25118E-05
 1263    0.24933E-05
 1264    0.24750E-05
 1265    0.24567E-05
 1266    0.24386E-05
 1267    0.24207E-05
 1268    0.24028E-05
 1269    0.23851E-05
 1270    0.23676E-05
 1271    0.23501E-05
 1272    0.23328E-05
 1273    0.23156E-05
 1274    0.22985E-05
 1275    0.22816E-05
 1276    0.22648E-05
 1277    0.22481E-05
 1278    0.22315E-05
 1279    0.22151E-05
 1280    0.21988E-05
 1281    0.21826E-05
 1282    0.21665E-05
 1283    0.21505E-05
 1284    0.21347E-05
 1285    0.21190E-05
 1286    0.21034E-05
 1287    0.20879E-05
 1288    0.20725E-05
 1289    0.20572E-05
 1290    0.20420E-05
 1291    0.20270E-05
 1292    0.20121E-05
 1293    0.19972E-05
 1294    0.19825E-05
 1295    0.19679E-05
 1296    0.19534E-05
 1297    0.19390E-05
 1298    0.19247E-05
 1299    0.19106E-05
 1300    0.18965E-05
 1301    0.18825E-05
 1302    0.18686E-05
 1303    0.18549E-05
 1304    0.18412E-05
 1305    0.18276E-05
 1306    0.18142E-05
 1307    0.18008E-05
 1308    0.17875E-05
 1309    0.17744E-05
 1310    0.17613E-05
 1311    0.17483E-05
 1312    0.17354E-05
 1313    0.17226E-05
 1314    0.17100E-05
 1315    0.16974E-05
 1316    0.16849E-05
 1317    0.16724E-05
 1318    0.16601E-05
 1319    0.16479E-05
 1320    0.16357E-05
 1321    0.16237E-05
 1322    0.16117E-05
 1323    0.15999E-05
 1324    0.15881E-05
 1325    0.15764E-05
 1326    0.15647E-05
 1327    0.15532E-05
 1328    0.15418E-05
 1329    0.15304E-05
 1330    0.15191E-05
 1331    0.15079E-05
 1332    0.14968E-05
 1333    0.14858E-05
 1334    0.14749E-05
 1335    0.14640E-05
 1336    0.14532E-05
 1337    0.14425E-05
 1338    0.14319E-05
 1339    0.14213E-05
 1340    0.14108E-05
 1341    0.14005E-05
 1342    0.13901E-05
 1343    0.13799E-05
 1344    0.13697E-05
 1345    0.13596E-05
 1346    0.13496E-05
 1347    0.13397E-05
 1348    0.13298E-05
 1349    0.13200E-05
 1350    0.13103E-05
 1351    0.13006E-05
 1352    0.12910E-05
 1353    0.12815E-05
 1354    0.12721E-05
 1355    0.12627E-05
 1356    0.12534E-05
 1357    0.12442E-05
 1358    0.12350E-05
 1359    0.12259E-05
 1360    0.12169E-05
 1361    0.12079E-05
 1362    0.11990E-05
 1363    0.11902E-05
 1364    0.11814E-05
 1365    0.11727E-05
 1366    0.11641E-05
 1367    0.11555E-05
 1368    0.11470E-05
 1369    0.11385E-05
 1370    0.11301E-05
 1371    0.11218E-05
 1372    0.11135E-05
 1373    0.11053E-05
 1374    0.10972E-05
 1375    0.10891E-05
 1376    0.10811E-05
 1377    0.10731E-05
 1378    0.10652E-05
 1379    0.10574E-05
 1380    0.10496E-05
 1381    0.10418E-05
 1382    0.10342E-05
 1383    0.10265E-05
 1384    0.10190E-05
 1385    0.10115E-05
 1386    0.10040E-05
 1387    0.99662E-06
 1388    0.98928E-06
 1389    0.98199E-06
 1390    0.97475E-06
 1391    0.96757E-06
 1392    0.96044E-06
 1393    0.95337E-06
 1394    0.94634E-06
 1395    0.93937E-06
 1396    0.93245E-06
 1397    0.92558E-06
 1398    0.91876E-06
 1399    0.91199E-06
 1400    0.90527E-06
 1401    0.89860E-06
 1402    0.89198E-06
 1403    0.88541E-06
 1404    0.87888E-06
 1405    0.87241E-06
 1406    0.86598E-06
 1407    0.85960E-06
 1408    0.85327E-06
 1409    0.84698E-06
 1410    0.84074E-06
 1411    0.83454E-06
 1412    0.82840E-06
 1413    0.82229E-06
 1414    0.81623E-06
 1415    0.81022E-06
 1416    0.80425E-06
 1417    0.79832E-06
 1418    0.79244E-06
 1419    0.78660E-06
 1420    0.78081E-06
 1421    0.77505E-06
 1422    0.76934E-06
 1423    0.76368E-06
 1424    0.75805E-06
 1425    0.75246E-06
 1426    0.74692E-06
 1427    0.74142E-06
 1428    0.73595E-06
 1429    0.73053E-06
 1430    0.72515E-06
 1431    0.71981E-06
 1432    0.71450E-06
 1433    0.70924E-06
 1434    0.70401E-06
 1435    0.69882E-06
 1436    0.69368E-06
 1437    0.68856E-06
 1438    0.68349E-06
 1439    0.67846E-06
 1440    0.67346E-06
 1441    0.66849E-06
 1442    0.66357E-06
 1443    0.65868E-06
 1444    0.65383E-06
 1445    0.64901E-06
 1446    0.64423E-06
 1447    0.63948E-06
 1448    0.63477E-06
 1449    0.63009E-06
 1450    0.62545E-06
 1451    0.62084E-06
 1452    0.61627E-06
 1453    0.61173E-06
 1454    0.60722E-06
 1455    0.60275E-06
 1456    0.59830E-06
 1457    0.59390E-06
 1458    0.58952E-06
 1459    0.58518E-06
 1460    0.58087E-06
 1461    0.57659E-06
 1462    0.57234E-06
 1463    0.56812E-06
 1464    0.56393E-06
 1465    0.55978E-06
 1466    0.55566E-06
 1467    0.55156E-06
 1468    0.54750E-06
 1469    0.54346E-06
 1470    0.53946E-06
 1471    0.53548E-06
 1472    0.53154E-06
 1473    0.52762E-06
 1474    0.52374E-06
 1475    0.51988E-06
 1476    0.51605E-06
 1477    0.51224E-06
 1478    0.50847E-06
 1479    0.50472E-06
 1480    0.50100E-06
 1481    0.49731E-06
 1482    0.49365E-06
 1483    0.49001E-06
 1484    0.48640E-06
 1485    0.48282E-06
 1486    0.47926E-06
 1487    0.47573E-06
 1488    0.47222E-06
 1489    0.46874E-06
 1490    0.46529E-06
 1491    0.46186E-06
 1492    0.45846E-06
 1493    0.45508E-06
 1494    0.45173E-06
 1495    0.44840E-06
 1496    0.44510E-06
 1497    0.44182E-06
 1498    0.43856E-06
 1499    0.43533E-06
 1500    0.43212E-06
 1501    0.42894E-06
 1502    0.42578E-06
 1503    0.42264E-06
 1504    0.41953E-06
 1505    0.41644E-06
 1506    0.41337E-06
 1507    0.41032E-06
 1508    0.40730E-06
 1509    0.40430E-06
 1510    0.40132E-06
 1511    0.39836E-06
 1512    0.39543E-06
 1513    0.39251E-06
 1514    0.38962E-06
 1515    0.38675E-06
 1516    0.38390E-06
 1517    0.38107E-06
 1518    0.37827E-06
 1519    0.37548E-06
 1520    0.37271E-06
 1521    0.36997E-06
 1522    0.36724E-06
 1523    0.36453E-06
 1524    0.36185E-06
 1525    0.35918E-06
 1526    0.35654E-06
 1527    0.35391E-06
 1528    0.35130E-06
 1529    0.34871E-06
 1530    0.34614E-06
 1531    0.34359E-06
 1532    0.34106E-06
 1533    0.33855E-06
 1534    0.33605E-06
 1535    0.33358E-06
 1536    0.33112E-06
 1537    0.32868E-06
 1538    0.32626E-06
 1539    0.32386E-06
 1540    0.32147E-06
 1541    0.31910E-06
 1542    0.31675E-06
 1543    0.31442E-06
 1544    0.31210E-06
 1545    0.30980E-06
 1546    0.30752E-06
 1547    0.30525E-06
 1548    0.30300E-06
 1549    0.30077E-06
 1550    0.29855E-06
 1551    0.29635E-06
 1552    0.29417E-06
 1553    0.29200E-06
 1554    0.28985E-06
 1555    0.28772E-06
 1556    0.28560E-06
 1557    0.28349E-06
 1558    0.28140E-06
 1559    0.27933E-06
 1560    0.27727E-06
 1561    0.27523E-06
 1562    0.27320E-06
 1563    0.27119E-06
 1564    0.26919E-06
 1565    0.26721E-06
 1566    0.26524E-06
 1567    0.26328E-06
 1568    0.26134E-06
 1569    0.25942E-06
 1570    0.25751E-06
 1571    0.25561E-06
 1572    0.25373E-06
 1573    0.25186E-06
 1574    0.25000E-06
 1575    0.24816E-06
 1576    0.24633E-06
 1577    0.24452E-06
 1578    0.24271E-06
 1579    0.24093E-06
 1580    0.23915E-06
 1581    0.23739E-06
 1582    0.23564E-06
 1583    0.23390E-06
 1584    0.23218E-06
 1585    0.23047E-06
 1586    0.22877E-06
 1587    0.22709E-06
 1588    0.22541E-06
 1589    0.22375E-06
 1590    0.22210E-06
 1591    0.22047E-06
 1592    0.21884E-06
 1593    0.21723E-06
 1594    0.21563E-06
 1595    0.21404E-06
 1596    0.21246E-06
 1597    0.21090E-06
 1598    0.20934E-06
 1599    0.20780E-06
 1600    0.20627E-06
 1601    0.20475E-06
 1602    0.20324E-06
 1603    0.20174E-06
 1604    0.20026E-06
 1605    0.19878E-06
 1606    0.19732E-06
 1607    0.19586E-06
 1608    0.19442E-06
 1609    0.19299E-06
 1610    0.19157E-06
 1611    0.19016E-06
 1612    0.18875E-06
 1613    0.18736E-06
 1614    0.18598E-06
 1615    0.18461E-06
 1616    0.18325E-06
 1617    0.18190E-06
 1618    0.18056E-06
 1619    0.17923E-06
 1620    0.17791E-06
 1621    0.17660E-06
 1622    0.17530E-06
 1623    0.17401E-06
 1624    0.17273E-06
 1625    0.17145E-06
 1626    0.17019E-06
 1627    0.16894E-06
 1628    0.16769E-06
 1629    0.16646E-06
 1630    0.16523E-06
 1631    0.16401E-06
 1632    0.16280E-06
 1633    0.16160E-06
 1634    0.16041E-06
 1635    0.15923E-06
 1636    0.15806E-06
 1637    0.15689E-06
 1638    0.15574E-06
 1639    0.15459E-06
 1640    0.15345E-06
 1641    0.15232E-06
 1642    0.15120E-06
 1643    0.15008E-06
 1644    0.14898E-06
 1645    0.14788E-06
 1646    0.14679E-06
 1647    0.14571E-06
 1648    0.14464E-06
 1649    0.14357E-06
 1650    0.14251E-06
 1651    0.14146E-06
 1652    0.14042E-06
 1653    0.13939E-06
 1654    0.13836E-06
 1655    0.13734E-06
 1656    0.13633E-06
 1657    0.13532E-06
 1658    0.13433E-06
 1659    0.13334E-06
 1660    0.13235E-06
 1661    0.13138E-06
 1662    0.13041E-06
 1663    0.12945E-06
 1664    0.12850E-06
 1665    0.12755E-06
 1666    0.12661E-06
 1667    0.12568E-06
 1668    0.12475E-06
 1669    0.12383E-06
 1670    0.12292E-06
 1671    0.12201E-06
 1672    0.12111E-06
 1673    0.12022E-06
 1674    0.11934E-06
 1675    0.11846E-06
 1676    0.11758E-06
 1677    0.11672E-06
 1678    0.11586E-06
 1679    0.11500E-06
 1680    0.11416E-06
 1681    0.11332E-06
 1682    0.11248E-06
 1683    0.11165E-06
 1684    0.11083E-06
 1685    0.11001E-06
 1686    0.10920E-06
 1687    0.10840E-06
 1688    0.10760E-06
 1689    0.10681E-06
 1690    0.10602E-06
 1691    0.10524E-06
 1692    0.10446E-06
 1693    0.10369E-06
 1694    0.10293E-06
 1695    0.10217E-06
 1696    0.10142E-06
 1697    0.10067E-06
 1698    0.99929E-07
 1699    0.99192E-07
 1700    0.98461E-07
 1701    0.97736E-07
 1702    0.97016E-07
 1703    0.96301E-07
 1704    0.95592E-07
 1705    0.94887E-07
 1706    0.94188E-07
 1707    0.93494E-07
 1708    0.92805E-07
 1709    0.92122E-07
 1710    0.91443E-07
 1711    0.90769E-07
 1712    0.90100E-07
 1713    0.89436E-07
 1714    0.88777E-07
 1715    0.88123E-07
 1716    0.87474E-07
 1717    0.86830E-07
 1718    0.86190E-07
 1719    0.85555E-07
 1720    0.84924E-07
 1721    0.84299E-07
 1722    0.83678E-07
 1723    0.83061E-07
 1724    0.82449E-07
 1725    0.81842E-07
 1726    0.81239E-07
 1727    0.80640E-07
 1728    0.80046E-07
 1729    0.79456E-07
 1730    0.78871E-07
 1731    0.78289E-07
 1732    0.77713E-07
 1733    0.77140E-07
 1734    0.76572E-07
 1735    0.76008E-07
 1736    0.75448E-07
 1737    0.74892E-07
 1738    0.74340E-07
 1739    0.73792E-07
 1740    0.73248E-07
 1741    0.72709E-07
 1742    0.72173E-07
 1743    0.71641E-07
 1744    0.71113E-07
 1745    0.70589E-07
 1746    0.70069E-07
 1747    0.69553E-07
 1748    0.69041E-07
 1749    0.68532E-07
 1750    0.68027E-07
 1751    0.67526E-07
 1752    0.67028E-07
 1753    0.66534E-07
 1754    0.66044E-07
 1755    0.65558E-07
 1756    0.65075E-07
 1757    0.64595E-07
 1758    0.64119E-07
 1759    0.63647E-07
 1760    0.63178E-07
 1761    0.62712E-07
 1762    0.62250E-07
 1763    0.61792E-07
 1764    0.61336E-07
 1765    0.60884E-07
 1766    0.60436E-07
 1767    0.59990E-07
 1768    0.59548E-07
 1769    0.59110E-07
 1770    0.58674E-07
 1771    0.58242E-07
 1772    0.57813E-07
 1773    0.57387E-07
 1774    0.56964E-07
 1775    0.56544E-07
 1776    0.56128E-07
 1777    0.55714E-07
 1778    0.55304E-07
 1779    0.54896E-07
 1780    0.54492E-07
 1781    0.54090E-07
 1782    0.53692E-07
 1783    0.53296E-07
 1784    0.52903E-07
 1785    0.52514E-07
 1786    0.52127E-07
 1787    0.51743E-07
 1788    0.51361E-07
 1789    0.50983E-07
 1790    0.50607E-07
 1791    0.50234E-07
 1792    0.49864E-07
 1793    0.49497E-07
 1794    0.49132E-07
 1795    0.48770E-07
 1796    0.48411E-07
 1797    0.48054E-07
 1798    0.47700E-07
 1799    0.47349E-07
 1800    0.47000E-07
 1801    0.46653E-07
 1802    0.46310E-07
 1803    0.45969E-07
 1804    0.45630E-07
 1805    0.45294E-07
 1806    0.44960E-07
 1807    0.44629E-07
 1808    0.44300E-07
 1809    0.43973E-07
 1810    0.43649E-07
 1811    0.43328E-07
 1812    0.43009E-07
 1813    0.42692E-07
 1814    0.42377E-07
 1815    0.42065E-07
 1816    0.41755E-07
 1817    0.41447E-07
 1818    0.41142E-07
 1819    0.40839E-07
 1820    0.40538E-07
 1821    0.40239E-07
 1822    0.39943E-07
 1823    0.39648E-07
 1824    0.39356E-07
 1825    0.39066E-07
 1826    0.38779E-07
 1827    0.38493E-07
 1828    0.38209E-07
 1829    0.37928E-07
 1830    0.37648E-07
 1831    0.37371E-07
 1832    0.37096E-07
 1833    0.36822E-07
 1834    0.36551E-07
 1835    0.36282E-07
 1836    0.36014E-07
 1837    0.35749E-07
 1838    0.35486E-07
 1839    0.35224E-07
 1840    0.34965E-07
 1841    0.34707E-07
 1842    0.34451E-07
 1843    0.34197E-07
 1844    0.33945E-07
 1845    0.33695E-07
 1846    0.33447E-07
 1847    0.33201E-07
 1848    0.32956E-07
 1849    0.32713E-07
 1850    0.32472E-07
 1851    0.32233E-07
 1852    0.31995E-07
 1853    0.31760E-07
 1854    0.31526E-07
 1855    0.31293E-07
 1856    0.31063E-07
 1857    0.30834E-07
 1858    0.30607E-07
 1859    0.30381E-07
 1860    0.30157E-07
 1861    0.29935E-07
 1862    0.29715E-07
 1863    0.29496E-07
 1864    0.29278E-07
 1865    0.29063E-07
 1866    0.28849E-07
 1867    0.28636E-07
 1868    0.28425E-07
 1869    0.28216E-07
 1870    0.28008E-07
 1871    0.27801E-07
 1872    0.27596E-07
 1873    0.27393E-07
 1874    0.27191E-07
 1875    0.26991E-07
 1876    0.26792E-07
 1877    0.26595E-07
 1878    0.26399E-07
 1879    0.26204E-07
 1880    0.26011E-07
 1881    0.25819E-07
 1882    0.25629E-07
 1883    0.25440E-07
 1884    0.25253E-07
 1885    0.25067E-07
 1886    0.24882E-07
 1887    0.24699E-07
 1888    0.24517E-07
 1889    0.24336E-07
 1890    0.24157E-07
 1891    0.23979E-07
 1892    0.23802E-07
 1893    0.23627E-07
 1894    0.23453E-07
 1895    0.23280E-07
 1896    0.23109E-07
 1897    0.22938E-07
 1898    0.22769E-07
 1899    0.22601E-07
 1900    0.22435E-07
 1901    0.22270E-07
 1902    0.22106E-07
 1903    0.21943E-07
 1904    0.21781E-07
 1905    0.21621E-07
 1906    0.21461E-07
 1907    0.21303E-07
 1908    0.21146E-07
 1909    0.20990E-07
 1910    0.20836E-07
 1911    0.20682E-07
 1912    0.20530E-07
 1913    0.20379E-07
 1914    0.20228E-07
 1915    0.20079E-07
 1916    0.19931E-07
 1917    0.19785E-07
 1918    0.19639E-07
 1919    0.19494E-07
 1920    0.19350E-07
 1921    0.19208E-07
 1922    0.19066E-07
 1923    0.18926E-07
 1924    0.18786E-07
 1925    0.18648E-07
 1926    0.18511E-07
 1927    0.18374E-07
 1928    0.18239E-07
 1929    0.18104E-07
 1930    0.17971E-07
 1931    0.17839E-07
 1932    0.17707E-07
 1933    0.17577E-07
 1934    0.17447E-07
 1935    0.17319E-07
 1936    0.17191E-07
 1937    0.17064E-07
 1938    0.16939E-07
 1939    0.16814E-07
 1940    0.16690E-07
 1941    0.16567E-07
 1942    0.16445E-07
 1943    0.16324E-07
 1944    0.16204E-07
 1945    0.16084E-07
 1946    0.15966E-07
 1947    0.15848E-07
 1948    0.15731E-07
 1949    0.15615E-07
 1950    0.15500E-07
 1951    0.15386E-07
 1952    0.15273E-07
 1953    0.15160E-07
 1954    0.15048E-07
 1955    0.14938E-07
 1956    0.14828E-07
 1957    0.14718E-07
 1958    0.14610E-07
 1959    0.14502E-07
 1960    0.14395E-07
 1961    0.14289E-07
 1962    0.14184E-07
 1963    0.14080E-07
 1964    0.13976E-07
 1965    0.13873E-07
 1966    0.13771E-07
 1967    0.13669E-07
 1968    0.13568E-07
 1969    0.13468E-07
 1970    0.13369E-07
 1971    0.13271E-07
 1972    0.13173E-07
 1973    0.13076E-07
 1974    0.12980E-07
 1975    0.12884E-07
 1976    0.12789E-07
 1977    0.12695E-07
 1978    0.12601E-07
 1979    0.12508E-07
 1980    0.12416E-07
 1981    0.12325E-07
 1982    0.12234E-07
 1983    0.12144E-07
 1984    0.12054E-07
 1985    0.11965E-07
 1986    0.11877E-07
 1987    0.11790E-07
 1988    0.11703E-07
 1989    0.11617E-07
 1990    0.11531E-07
 1991    0.11446E-07
 1992    0.11362E-07
 1993    0.11278E-07
 1994    0.11195E-07
 1995    0.11113E-07
 1996    0.11031E-07
 1997    0.10949E-07
 1998    0.10869E-07
 1999    0.10789E-07
 2000    0.10709E-07
 2001    0.10630E-07
 2002    0.10552E-07
 2003    0.10474E-07
 2004    0.10397E-07
 2005    0.10320E-07
 2006    0.10244E-07
 2007    0.10169E-07
 2008    0.10094E-07
 2009    0.10020E-07
 2010    0.99458E-08

iteration:   2010

epsilon =     0.10000E-07
omega =     0.18000E+01
tick =     0.10000E-06

norm_x =     0.18704E+03, norm_analysis =     0.18703E+03
diff =     0.92986E+01

caltime =    7.0955, comtime =    0.4223, checktime =    3.4988
alltime =   11.0166

