8 processes:
    1    0.11494E+01
    2    0.99509E+00
    3    0.86153E+00
    4    0.74591E+00
    5    0.64583E+00
    6    0.55920E+00
    7    0.48421E+00
    8    0.41930E+00
    9    0.36312E+00
   10    0.31448E+00
   11    0.27238E+00
   12    0.23595E+00
   13    0.20441E+00
   14    0.17711E+00
   15    0.15349E+00
   16    0.13304E+00
   17    0.11535E+00
   18    0.10004E+00
   19    0.86796E-01
   20    0.75339E-01
   21    0.65430E-01
   22    0.56862E-01
   23    0.49456E-01
   24    0.43058E-01
   25    0.37533E-01
   26    0.32764E-01
   27    0.28653E-01
   28    0.25111E-01
   29    0.22063E-01
   30    0.19445E-01
   31    0.17198E-01
   32    0.15275E-01
   33    0.22691E-01
   34    0.21408E-01
   35    0.23918E-01
   36    0.21198E-01
   37    0.22220E-01
   38    0.19204E-01
   39    0.19663E-01
   40    0.16774E-01
   41    0.17032E-01
   42    0.14441E-01
   43    0.14650E-01
   44    0.12415E-01
   45    0.12629E-01
   46    0.10756E-01
   47    0.10985E-01
   48    0.94538E-02
   49    0.96862E-02
   50    0.84596E-02
   51    0.86802E-02
   52    0.77133E-02
   53    0.79082E-02
   54    0.71546E-02
   55    0.73151E-02
   56    0.67309E-02
   57    0.68542E-02
   58    0.64008E-02
   59    0.64881E-02
   60    0.61339E-02
   61    0.61891E-02
   62    0.59093E-02
   63    0.59374E-02
   64    0.57141E-02
   65    0.57278E-02
   66    0.55527E-02
   67    0.55554E-02
   68    0.54115E-02
   69    0.54023E-02
   70    0.52769E-02
   71    0.52567E-02
   72    0.51427E-02
   73    0.51139E-02
   74    0.50081E-02
   75    0.49733E-02
   76    0.48744E-02
   77    0.48361E-02
   78    0.47438E-02
   79    0.47038E-02
   80    0.46179E-02
   81    0.45775E-02
   82    0.44978E-02
   83    0.44576E-02
   84    0.43840E-02
   85    0.43444E-02
   86    0.42763E-02
   87    0.42376E-02
   88    0.41747E-02
   89    0.41369E-02
   90    0.40787E-02
   91    0.40417E-02
   92    0.39878E-02
   93    0.39517E-02
   94    0.39015E-02
   95    0.38663E-02
   96    0.38194E-02
   97    0.37851E-02
   98    0.37412E-02
   99    0.37077E-02
  100    0.36666E-02
  101    0.36338E-02
  102    0.35951E-02
  103    0.35630E-02
  104    0.35265E-02
  105    0.34952E-02
  106    0.34607E-02
  107    0.34302E-02
  108    0.33973E-02
  109    0.33676E-02
  110    0.33363E-02
  111    0.33073E-02
  112    0.32773E-02
  113    0.32491E-02
  114    0.32204E-02
  115    0.31930E-02
  116    0.31654E-02
  117    0.31388E-02
  118    0.31122E-02
  119    0.30863E-02
  120    0.30607E-02
  121    0.30356E-02
  122    0.30108E-02
  123    0.29864E-02
  124    0.29624E-02
  125    0.29387E-02
  126    0.29155E-02
  127    0.28925E-02
  128    0.28700E-02
  129    0.28476E-02
  130    0.28257E-02
  131    0.28040E-02
  132    0.27827E-02
  133    0.27616E-02
  134    0.27409E-02
  135    0.27204E-02
  136    0.27003E-02
  137    0.26803E-02
  138    0.26607E-02
  139    0.26413E-02
  140    0.26222E-02
  141    0.26033E-02
  142    0.25847E-02
  143    0.25662E-02
  144    0.25481E-02
  145    0.25301E-02
  146    0.25125E-02
  147    0.24949E-02
  148    0.24777E-02
  149    0.24606E-02
  150    0.24438E-02
  151    0.24271E-02
  152    0.24107E-02
  153    0.23944E-02
  154    0.23784E-02
  155    0.23625E-02
  156    0.23468E-02
  157    0.23313E-02
  158    0.23159E-02
  159    0.23008E-02
  160    0.22858E-02
  161    0.22710E-02
  162    0.22564E-02
  163    0.22419E-02
  164    0.22275E-02
  165    0.22134E-02
  166    0.21994E-02
  167    0.21855E-02
  168    0.21718E-02
  169    0.21582E-02
  170    0.21448E-02
  171    0.21316E-02
  172    0.21184E-02
  173    0.21054E-02
  174    0.20926E-02
  175    0.20799E-02
  176    0.20673E-02
  177    0.20548E-02
  178    0.20425E-02
  179    0.20303E-02
  180    0.20182E-02
  181    0.20062E-02
  182    0.19944E-02
  183    0.19826E-02
  184    0.19710E-02
  185    0.19595E-02
  186    0.19481E-02
  187    0.19369E-02
  188    0.19257E-02
  189    0.19147E-02
  190    0.19037E-02
  191    0.18929E-02
  192    0.18821E-02
  193    0.18715E-02
  194    0.18609E-02
  195    0.18505E-02
  196    0.18401E-02
  197    0.18299E-02
  198    0.18197E-02
  199    0.18097E-02
  200    0.17997E-02
  201    0.17898E-02
  202    0.17800E-02
  203    0.17703E-02
  204    0.17607E-02
  205    0.17512E-02
  206    0.17418E-02
  207    0.17324E-02
  208    0.17231E-02
  209    0.17139E-02
  210    0.17048E-02
  211    0.16958E-02
  212    0.16868E-02
  213    0.16779E-02
  214    0.16691E-02
  215    0.16604E-02
  216    0.16517E-02
  217    0.16431E-02
  218    0.16346E-02
  219    0.16262E-02
  220    0.16178E-02
  221    0.16095E-02
  222    0.16013E-02
  223    0.15931E-02
  224    0.15850E-02
  225    0.15770E-02
  226    0.15690E-02
  227    0.15611E-02
  228    0.15533E-02
  229    0.15455E-02
  230    0.15378E-02
  231    0.15301E-02
  232    0.15225E-02
  233    0.15150E-02
  234    0.15075E-02
  235    0.15001E-02
  236    0.14927E-02
  237    0.14854E-02
  238    0.14782E-02
  239    0.14710E-02
  240    0.14639E-02
  241    0.14568E-02
  242    0.14498E-02
  243    0.14428E-02
  244    0.14359E-02
  245    0.14290E-02
  246    0.14222E-02
  247    0.14154E-02
  248    0.14087E-02
  249    0.14020E-02
  250    0.13954E-02
  251    0.13889E-02
  252    0.13823E-02
  253    0.13759E-02
  254    0.13694E-02
  255    0.13631E-02
  256    0.13567E-02
  257    0.13505E-02
  258    0.13442E-02
  259    0.13380E-02
  260    0.13319E-02
  261    0.13258E-02
  262    0.13197E-02
  263    0.13137E-02
  264    0.13077E-02
  265    0.13018E-02
  266    0.12959E-02
  267    0.12900E-02
  268    0.12842E-02
  269    0.12784E-02
  270    0.12727E-02
  271    0.12670E-02
  272    0.12613E-02
  273    0.12557E-02
  274    0.12501E-02
  275    0.12446E-02
  276    0.12391E-02
  277    0.12336E-02
  278    0.12282E-02
  279    0.12228E-02
  280    0.12174E-02
  281    0.12121E-02
  282    0.12068E-02
  283    0.12016E-02
  284    0.11964E-02
  285    0.11912E-02
  286    0.11860E-02
  287    0.11809E-02
  288    0.11758E-02
  289    0.11708E-02
  290    0.11657E-02
  291    0.11608E-02
  292    0.11558E-02
  293    0.11509E-02
  294    0.11460E-02
  295    0.11411E-02
  296    0.11363E-02
  297    0.11315E-02
  298    0.11267E-02
  299    0.11220E-02
  300    0.11173E-02
  301    0.11126E-02
  302    0.11080E-02
  303    0.11033E-02
  304    0.10987E-02
  305    0.10942E-02
  306    0.10896E-02
  307    0.10851E-02
  308    0.10807E-02
  309    0.10762E-02
  310    0.10718E-02
  311    0.10674E-02
  312    0.10630E-02
  313    0.10587E-02
  314    0.10543E-02
  315    0.10500E-02
  316    0.10458E-02
  317    0.10415E-02
  318    0.10373E-02
  319    0.10331E-02
  320    0.10290E-02
  321    0.10248E-02
  322    0.10207E-02
  323    0.10166E-02
  324    0.10125E-02
  325    0.10085E-02
  326    0.10045E-02
  327    0.10005E-02
  328    0.99648E-03
  329    0.99252E-03
  330    0.98859E-03
  331    0.98468E-03
  332    0.98080E-03
  333    0.97693E-03
  334    0.97309E-03
  335    0.96927E-03
  336    0.96547E-03
  337    0.96169E-03
  338    0.95794E-03
  339    0.95420E-03
  340    0.95049E-03
  341    0.94680E-03
  342    0.94312E-03
  343    0.93947E-03
  344    0.93584E-03
  345    0.93223E-03
  346    0.92864E-03
  347    0.92507E-03
  348    0.92152E-03
  349    0.91798E-03
  350    0.91447E-03
  351    0.91098E-03
  352    0.90750E-03
  353    0.90405E-03
  354    0.90061E-03
  355    0.89719E-03
  356    0.89379E-03
  357    0.89041E-03
  358    0.88705E-03
  359    0.88370E-03
  360    0.88037E-03
  361    0.87706E-03
  362    0.87377E-03
  363    0.87050E-03
  364    0.86724E-03
  365    0.86400E-03
  366    0.86078E-03
  367    0.85757E-03
  368    0.85438E-03
  369    0.85121E-03
  370    0.84805E-03
  371    0.84491E-03
  372    0.84179E-03
  373    0.83868E-03
  374    0.83559E-03
  375    0.83252E-03
  376    0.82946E-03
  377    0.82642E-03
  378    0.82339E-03
  379    0.82038E-03
  380    0.81738E-03
  381    0.81440E-03
  382    0.81143E-03
  383    0.80848E-03
  384    0.80555E-03
  385    0.80262E-03
  386    0.79972E-03
  387    0.79683E-03
  388    0.79395E-03
  389    0.79109E-03
  390    0.78824E-03
  391    0.78540E-03
  392    0.78258E-03
  393    0.77978E-03
  394    0.77699E-03
  395    0.77421E-03
  396    0.77144E-03
  397    0.76869E-03
  398    0.76596E-03
  399    0.76323E-03
  400    0.76052E-03
  401    0.75782E-03
  402    0.75514E-03
  403    0.75247E-03
  404    0.74981E-03
  405    0.74717E-03
  406    0.74453E-03
  407    0.74192E-03
  408    0.73931E-03
  409    0.73671E-03
  410    0.73413E-03
  411    0.73156E-03
  412    0.72901E-03
  413    0.72646E-03
  414    0.72393E-03
  415    0.72141E-03
  416    0.71890E-03
  417    0.71640E-03
  418    0.71392E-03
  419    0.71145E-03
  420    0.70898E-03
  421    0.70654E-03
  422    0.70410E-03
  423    0.70167E-03
  424    0.69925E-03
  425    0.69685E-03
  426    0.69446E-03
  427    0.69208E-03
  428    0.68971E-03
  429    0.68735E-03
  430    0.68500E-03
  431    0.68266E-03
  432    0.68033E-03
  433    0.67802E-03
  434    0.67571E-03
  435    0.67341E-03
  436    0.67113E-03
  437    0.66886E-03
  438    0.66659E-03
  439    0.66434E-03
  440    0.66210E-03
  441    0.65986E-03
  442    0.65764E-03
  443    0.65543E-03
  444    0.65322E-03
  445    0.65103E-03
  446    0.64885E-03
  447    0.64667E-03
  448    0.64451E-03
  449    0.64236E-03
  450    0.64021E-03
  451    0.63808E-03
  452    0.63595E-03
  453    0.63384E-03
  454    0.63173E-03
  455    0.62963E-03
  456    0.62755E-03
  457    0.62547E-03
  458    0.62340E-03
  459    0.62134E-03
  460    0.61929E-03
  461    0.61725E-03
  462    0.61521E-03
  463    0.61319E-03
  464    0.61117E-03
  465    0.60917E-03
  466    0.60717E-03
  467    0.60518E-03
  468    0.60320E-03
  469    0.60123E-03
  470    0.59926E-03
  471    0.59731E-03
  472    0.59536E-03
  473    0.59342E-03
  474    0.59150E-03
  475    0.58957E-03
  476    0.58766E-03
  477    0.58576E-03
  478    0.58386E-03
  479    0.58197E-03
  480    0.58009E-03
  481    0.57822E-03
  482    0.57635E-03
  483    0.57449E-03
  484    0.57264E-03
  485    0.57080E-03
  486    0.56897E-03
  487    0.56714E-03
  488    0.56533E-03
  489    0.56352E-03
  490    0.56171E-03
  491    0.55992E-03
  492    0.55813E-03
  493    0.55635E-03
  494    0.55458E-03
  495    0.55281E-03
  496    0.55105E-03
  497    0.54930E-03
  498    0.54756E-03
  499    0.54582E-03
  500    0.54409E-03
  501    0.54237E-03
  502    0.54065E-03
  503    0.53895E-03
  504    0.53724E-03
  505    0.53555E-03
  506    0.53386E-03
  507    0.53218E-03
  508    0.53051E-03
  509    0.52884E-03
  510    0.52718E-03
  511    0.52553E-03
  512    0.52388E-03
  513    0.52224E-03
  514    0.52061E-03
  515    0.51898E-03
  516    0.51736E-03
  517    0.51575E-03
  518    0.51414E-03
  519    0.51254E-03
  520    0.51095E-03
  521    0.50936E-03
  522    0.50778E-03
  523    0.50620E-03
  524    0.50464E-03
  525    0.50307E-03
  526    0.50152E-03
  527    0.49997E-03
  528    0.49842E-03
  529    0.49688E-03
  530    0.49535E-03
  531    0.49383E-03
  532    0.49231E-03
  533    0.49079E-03
  534    0.48929E-03
  535    0.48778E-03
  536    0.48629E-03
  537    0.48480E-03
  538    0.48331E-03
  539    0.48183E-03
  540    0.48036E-03
  541    0.47890E-03
  542    0.47743E-03
  543    0.47598E-03
  544    0.47453E-03
  545    0.47308E-03
  546    0.47164E-03
  547    0.47021E-03
  548    0.46878E-03
  549    0.46736E-03
  550    0.46594E-03
  551    0.46453E-03
  552    0.46313E-03
  553    0.46173E-03
  554    0.46033E-03
  555    0.45894E-03
  556    0.45756E-03
  557    0.45618E-03
  558    0.45480E-03
  559    0.45344E-03
  560    0.45207E-03
  561    0.45071E-03
  562    0.44936E-03
  563    0.44801E-03
  564    0.44667E-03
  565    0.44533E-03
  566    0.44400E-03
  567    0.44267E-03
  568    0.44135E-03
  569    0.44003E-03
  570    0.43872E-03
  571    0.43741E-03
  572    0.43610E-03
  573    0.43481E-03
  574    0.43351E-03
  575    0.43222E-03
  576    0.43094E-03
  577    0.42966E-03
  578    0.42839E-03
  579    0.42712E-03
  580    0.42585E-03
  581    0.42459E-03
  582    0.42334E-03
  583    0.42209E-03
  584    0.42084E-03
  585    0.41960E-03
  586    0.41836E-03
  587    0.41713E-03
  588    0.41590E-03
  589    0.41467E-03
  590    0.41346E-03
  591    0.41224E-03
  592    0.41103E-03
  593    0.40982E-03
  594    0.40862E-03
  595    0.40743E-03
  596    0.40623E-03
  597    0.40504E-03
  598    0.40386E-03
  599    0.40268E-03
  600    0.40150E-03
  601    0.40033E-03
  602    0.39916E-03
  603    0.39800E-03
  604    0.39684E-03
  605    0.39569E-03
  606    0.39454E-03
  607    0.39339E-03
  608    0.39225E-03
  609    0.39111E-03
  610    0.38998E-03
  611    0.38885E-03
  612    0.38772E-03
  613    0.38660E-03
  614    0.38548E-03
  615    0.38436E-03
  616    0.38325E-03
  617    0.38215E-03
  618    0.38105E-03
  619    0.37995E-03
  620    0.37885E-03
  621    0.37776E-03
  622    0.37667E-03
  623    0.37559E-03
  624    0.37451E-03
  625    0.37344E-03
  626    0.37236E-03
  627    0.37130E-03
  628    0.37023E-03
  629    0.36917E-03
  630    0.36811E-03
  631    0.36706E-03
  632    0.36601E-03
  633    0.36496E-03
  634    0.36392E-03
  635    0.36288E-03
  636    0.36185E-03
  637    0.36082E-03
  638    0.35979E-03
  639    0.35876E-03
  640    0.35774E-03
  641    0.35673E-03
  642    0.35571E-03
  643    0.35470E-03
  644    0.35369E-03
  645    0.35269E-03
  646    0.35169E-03
  647    0.35069E-03
  648    0.34970E-03
  649    0.34871E-03
  650    0.34772E-03
  651    0.34674E-03
  652    0.34576E-03
  653    0.34478E-03
  654    0.34381E-03
  655    0.34284E-03
  656    0.34187E-03
  657    0.34091E-03
  658    0.33995E-03
  659    0.33899E-03
  660    0.33804E-03
  661    0.33709E-03
  662    0.33614E-03
  663    0.33520E-03
  664    0.33426E-03
  665    0.33332E-03
  666    0.33239E-03
  667    0.33145E-03
  668    0.33053E-03
  669    0.32960E-03
  670    0.32868E-03
  671    0.32776E-03
  672    0.32684E-03
  673    0.32593E-03
  674    0.32502E-03
  675    0.32411E-03
  676    0.32321E-03
  677    0.32231E-03
  678    0.32141E-03
  679    0.32051E-03
  680    0.31962E-03
  681    0.31873E-03
  682    0.31785E-03
  683    0.31696E-03
  684    0.31608E-03
  685    0.31521E-03
  686    0.31433E-03
  687    0.31346E-03
  688    0.31259E-03
  689    0.31172E-03
  690    0.31086E-03
  691    0.31000E-03
  692    0.30914E-03
  693    0.30829E-03
  694    0.30744E-03
  695    0.30659E-03
  696    0.30574E-03
  697    0.30490E-03
  698    0.30405E-03
  699    0.30322E-03
  700    0.30238E-03
  701    0.30155E-03
  702    0.30072E-03
  703    0.29989E-03
  704    0.29906E-03
  705    0.29824E-03
  706    0.29742E-03
  707    0.29660E-03
  708    0.29579E-03
  709    0.29498E-03
  710    0.29417E-03
  711    0.29336E-03
  712    0.29256E-03
  713    0.29176E-03
  714    0.29096E-03
  715    0.29016E-03
  716    0.28937E-03
  717    0.28858E-03
  718    0.28779E-03
  719    0.28700E-03
  720    0.28622E-03
  721    0.28544E-03
  722    0.28466E-03
  723    0.28388E-03
  724    0.28311E-03
  725    0.28233E-03
  726    0.28157E-03
  727    0.28080E-03
  728    0.28003E-03
  729    0.27927E-03
  730    0.27851E-03
  731    0.27776E-03
  732    0.27700E-03
  733    0.27625E-03
  734    0.27550E-03
  735    0.27475E-03
  736    0.27401E-03
  737    0.27326E-03
  738    0.27252E-03
  739    0.27178E-03
  740    0.27105E-03
  741    0.27031E-03
  742    0.26958E-03
  743    0.26885E-03
  744    0.26812E-03
  745    0.26740E-03
  746    0.26668E-03
  747    0.26596E-03
  748    0.26524E-03
  749    0.26452E-03
  750    0.26381E-03
  751    0.26310E-03
  752    0.26239E-03
  753    0.26168E-03
  754    0.26098E-03
  755    0.26027E-03
  756    0.25957E-03
  757    0.25887E-03
  758    0.25818E-03
  759    0.25748E-03
  760    0.25679E-03
  761    0.25610E-03
  762    0.25541E-03
  763    0.25473E-03
  764    0.25404E-03
  765    0.25336E-03
  766    0.25268E-03
  767    0.25200E-03
  768    0.25133E-03
  769    0.25066E-03
  770    0.24998E-03
  771    0.24932E-03
  772    0.24865E-03
  773    0.24798E-03
  774    0.24732E-03
  775    0.24666E-03
  776    0.24600E-03
  777    0.24534E-03
  778    0.24469E-03
  779    0.24403E-03
  780    0.24338E-03
  781    0.24273E-03
  782    0.24208E-03
  783    0.24144E-03
  784    0.24079E-03
  785    0.24015E-03
  786    0.23951E-03
  787    0.23887E-03
  788    0.23824E-03
  789    0.23760E-03
  790    0.23697E-03
  791    0.23634E-03
  792    0.23571E-03
  793    0.23509E-03
  794    0.23446E-03
  795    0.23384E-03
  796    0.23322E-03
  797    0.23260E-03
  798    0.23198E-03
  799    0.23137E-03
  800    0.23075E-03
  801    0.23014E-03
  802    0.22953E-03
  803    0.22892E-03
  804    0.22831E-03
  805    0.22771E-03
  806    0.22711E-03
  807    0.22651E-03
  808    0.22591E-03
  809    0.22531E-03
  810    0.22471E-03
  811    0.22412E-03
  812    0.22353E-03
  813    0.22294E-03
  814    0.22235E-03
  815    0.22176E-03
  816    0.22117E-03
  817    0.22059E-03
  818    0.22001E-03
  819    0.21943E-03
  820    0.21885E-03
  821    0.21827E-03
  822    0.21770E-03
  823    0.21712E-03
  824    0.21655E-03
  825    0.21598E-03
  826    0.21541E-03
  827    0.21484E-03
  828    0.21428E-03
  829    0.21371E-03
  830    0.21315E-03
  831    0.21259E-03
  832    0.21203E-03
  833    0.21147E-03
  834    0.21092E-03
  835    0.21036E-03
  836    0.20981E-03
  837    0.20926E-03
  838    0.20871E-03
  839    0.20816E-03
  840    0.20762E-03
  841    0.20707E-03
  842    0.20653E-03
  843    0.20599E-03
  844    0.20545E-03
  845    0.20491E-03
  846    0.20437E-03
  847    0.20384E-03
  848    0.20330E-03
  849    0.20277E-03
  850    0.20224E-03
  851    0.20171E-03
  852    0.20118E-03
  853    0.20066E-03
  854    0.20013E-03
  855    0.19961E-03
  856    0.19909E-03
  857    0.19857E-03
  858    0.19805E-03
  859    0.19753E-03
  860    0.19701E-03
  861    0.19650E-03
  862    0.19599E-03
  863    0.19547E-03
  864    0.19496E-03
  865    0.19446E-03
  866    0.19395E-03
  867    0.19344E-03
  868    0.19294E-03
  869    0.19244E-03
  870    0.19193E-03
  871    0.19143E-03
  872    0.19094E-03
  873    0.19044E-03
  874    0.18994E-03
  875    0.18945E-03
  876    0.18895E-03
  877    0.18846E-03
  878    0.18797E-03
  879    0.18748E-03
  880    0.18699E-03
  881    0.18651E-03
  882    0.18602E-03
  883    0.18554E-03
  884    0.18506E-03
  885    0.18458E-03
  886    0.18410E-03
  887    0.18362E-03
  888    0.18314E-03
  889    0.18267E-03
  890    0.18219E-03
  891    0.18172E-03
  892    0.18125E-03
  893    0.18078E-03
  894    0.18031E-03
  895    0.17984E-03
  896    0.17937E-03
  897    0.17891E-03
  898    0.17845E-03
  899    0.17798E-03
  900    0.17752E-03
  901    0.17706E-03
  902    0.17660E-03
  903    0.17615E-03
  904    0.17569E-03
  905    0.17523E-03
  906    0.17478E-03
  907    0.17433E-03
  908    0.17388E-03
  909    0.17343E-03
  910    0.17298E-03
  911    0.17253E-03
  912    0.17208E-03
  913    0.17164E-03
  914    0.17120E-03
  915    0.17075E-03
  916    0.17031E-03
  917    0.16987E-03
  918    0.16943E-03
  919    0.16899E-03
  920    0.16856E-03
  921    0.16812E-03
  922    0.16769E-03
  923    0.16726E-03
  924    0.16682E-03
  925    0.16639E-03
  926    0.16596E-03
  927    0.16554E-03
  928    0.16511E-03
  929    0.16468E-03
  930    0.16426E-03
  931    0.16383E-03
  932    0.16341E-03
  933    0.16299E-03
  934    0.16257E-03
  935    0.16215E-03
  936    0.16173E-03
  937    0.16132E-03
  938    0.16090E-03
  939    0.16049E-03
  940    0.16007E-03
  941    0.15966E-03
  942    0.15925E-03
  943    0.15884E-03
  944    0.15843E-03
  945    0.15802E-03
  946    0.15762E-03
  947    0.15721E-03
  948    0.15681E-03
  949    0.15640E-03
  950    0.15600E-03
  951    0.15560E-03
  952    0.15520E-03
  953    0.15480E-03
  954    0.15440E-03
  955    0.15401E-03
  956    0.15361E-03
  957    0.15321E-03
  958    0.15282E-03
  959    0.15243E-03
  960    0.15204E-03
  961    0.15165E-03
  962    0.15126E-03
  963    0.15087E-03
  964    0.15048E-03
  965    0.15009E-03
  966    0.14971E-03
  967    0.14932E-03
  968    0.14894E-03
  969    0.14856E-03
  970    0.14818E-03
  971    0.14780E-03
  972    0.14742E-03
  973    0.14704E-03
  974    0.14666E-03
  975    0.14629E-03
  976    0.14591E-03
  977    0.14554E-03
  978    0.14516E-03
  979    0.14479E-03
  980    0.14442E-03
  981    0.14405E-03
  982    0.14368E-03
  983    0.14331E-03
  984    0.14295E-03
  985    0.14258E-03
  986    0.14222E-03
  987    0.14185E-03
  988    0.14149E-03
  989    0.14113E-03
  990    0.14076E-03
  991    0.14040E-03
  992    0.14004E-03
  993    0.13969E-03
  994    0.13933E-03
  995    0.13897E-03
  996    0.13862E-03
  997    0.13826E-03
  998    0.13791E-03
  999    0.13755E-03
 1000    0.13720E-03
 1001    0.13685E-03
 1002    0.13650E-03
 1003    0.13615E-03
 1004    0.13580E-03
 1005    0.13546E-03
 1006    0.13511E-03
 1007    0.13477E-03
 1008    0.13442E-03
 1009    0.13408E-03
 1010    0.13373E-03
 1011    0.13339E-03
 1012    0.13305E-03
 1013    0.13271E-03
 1014    0.13237E-03
 1015    0.13203E-03
 1016    0.13170E-03
 1017    0.13136E-03
 1018    0.13103E-03
 1019    0.13069E-03
 1020    0.13036E-03
 1021    0.13002E-03
 1022    0.12969E-03
 1023    0.12936E-03
 1024    0.12903E-03
 1025    0.12870E-03
 1026    0.12837E-03
 1027    0.12805E-03
 1028    0.12772E-03
 1029    0.12739E-03
 1030    0.12707E-03
 1031    0.12674E-03
 1032    0.12642E-03
 1033    0.12610E-03
 1034    0.12578E-03
 1035    0.12545E-03
 1036    0.12513E-03
 1037    0.12482E-03
 1038    0.12450E-03
 1039    0.12418E-03
 1040    0.12386E-03
 1041    0.12355E-03
 1042    0.12323E-03
 1043    0.12292E-03
 1044    0.12260E-03
 1045    0.12229E-03
 1046    0.12198E-03
 1047    0.12167E-03
 1048    0.12136E-03
 1049    0.12105E-03
 1050    0.12074E-03
 1051    0.12043E-03
 1052    0.12013E-03
 1053    0.11982E-03
 1054    0.11952E-03
 1055    0.11921E-03
 1056    0.11891E-03
 1057    0.11860E-03
 1058    0.11830E-03
 1059    0.11800E-03
 1060    0.11770E-03
 1061    0.11740E-03
 1062    0.11710E-03
 1063    0.11680E-03
 1064    0.11651E-03
 1065    0.11621E-03
 1066    0.11591E-03
 1067    0.11562E-03
 1068    0.11532E-03
 1069    0.11503E-03
 1070    0.11474E-03
 1071    0.11445E-03
 1072    0.11415E-03
 1073    0.11386E-03
 1074    0.11357E-03
 1075    0.11329E-03
 1076    0.11300E-03
 1077    0.11271E-03
 1078    0.11242E-03
 1079    0.11214E-03
 1080    0.11185E-03
 1081    0.11157E-03
 1082    0.11128E-03
 1083    0.11100E-03
 1084    0.11072E-03
 1085    0.11044E-03
 1086    0.11016E-03
 1087    0.10988E-03
 1088    0.10960E-03
 1089    0.10932E-03
 1090    0.10904E-03
 1091    0.10876E-03
 1092    0.10849E-03
 1093    0.10821E-03
 1094    0.10793E-03
 1095    0.10766E-03
 1096    0.10739E-03
 1097    0.10711E-03
 1098    0.10684E-03
 1099    0.10657E-03
 1100    0.10630E-03
 1101    0.10603E-03
 1102    0.10576E-03
 1103    0.10549E-03
 1104    0.10522E-03
 1105    0.10495E-03
 1106    0.10469E-03
 1107    0.10442E-03
 1108    0.10416E-03
 1109    0.10389E-03
 1110    0.10363E-03
 1111    0.10336E-03
 1112    0.10310E-03
 1113    0.10284E-03
 1114    0.10258E-03
 1115    0.10232E-03
 1116    0.10206E-03
 1117    0.10180E-03
 1118    0.10154E-03
 1119    0.10128E-03
 1120    0.10103E-03
 1121    0.10077E-03
 1122    0.10051E-03
 1123    0.10026E-03
 1124    0.10000E-03
 1125    0.99749E-04
 1126    0.99496E-04
 1127    0.99243E-04
 1128    0.98991E-04
 1129    0.98740E-04
 1130    0.98489E-04
 1131    0.98239E-04
 1132    0.97990E-04
 1133    0.97741E-04
 1134    0.97493E-04
 1135    0.97245E-04
 1136    0.96998E-04
 1137    0.96752E-04
 1138    0.96507E-04
 1139    0.96262E-04
 1140    0.96017E-04
 1141    0.95774E-04
 1142    0.95531E-04
 1143    0.95288E-04
 1144    0.95046E-04
 1145    0.94805E-04
 1146    0.94564E-04
 1147    0.94325E-04
 1148    0.94085E-04
 1149    0.93846E-04
 1150    0.93608E-04
 1151    0.93371E-04
 1152    0.93134E-04
 1153    0.92898E-04
 1154    0.92662E-04
 1155    0.92427E-04
 1156    0.92192E-04
 1157    0.91958E-04
 1158    0.91725E-04
 1159    0.91492E-04
 1160    0.91260E-04
 1161    0.91029E-04
 1162    0.90798E-04
 1163    0.90567E-04
 1164    0.90338E-04
 1165    0.90109E-04
 1166    0.89880E-04
 1167    0.89652E-04
 1168    0.89425E-04
 1169    0.89198E-04
 1170    0.88972E-04
 1171    0.88746E-04
 1172    0.88521E-04
 1173    0.88296E-04
 1174    0.88072E-04
 1175    0.87849E-04
 1176    0.87626E-04
 1177    0.87404E-04
 1178    0.87182E-04
 1179    0.86961E-04
 1180    0.86741E-04
 1181    0.86521E-04
 1182    0.86302E-04
 1183    0.86083E-04
 1184    0.85864E-04
 1185    0.85647E-04
 1186    0.85430E-04
 1187    0.85213E-04
 1188    0.84997E-04
 1189    0.84781E-04
 1190    0.84566E-04
 1191    0.84352E-04
 1192    0.84138E-04
 1193    0.83925E-04
 1194    0.83712E-04
 1195    0.83500E-04
 1196    0.83288E-04
 1197    0.83077E-04
 1198    0.82866E-04
 1199    0.82656E-04
 1200    0.82447E-04
 1201    0.82238E-04
 1202    0.82029E-04
 1203    0.81821E-04
 1204    0.81614E-04
 1205    0.81407E-04
 1206    0.81201E-04
 1207    0.80995E-04
 1208    0.80790E-04
 1209    0.80585E-04
 1210    0.80381E-04
 1211    0.80177E-04
 1212    0.79974E-04
 1213    0.79771E-04
 1214    0.79569E-04
 1215    0.79367E-04
 1216    0.79166E-04
 1217    0.78965E-04
 1218    0.78765E-04
 1219    0.78566E-04
 1220    0.78367E-04
 1221    0.78168E-04
 1222    0.77970E-04
 1223    0.77772E-04
 1224    0.77575E-04
 1225    0.77379E-04
 1226    0.77182E-04
 1227    0.76987E-04
 1228    0.76792E-04
 1229    0.76597E-04
 1230    0.76403E-04
 1231    0.76209E-04
 1232    0.76016E-04
 1233    0.75824E-04
 1234    0.75632E-04
 1235    0.75440E-04
 1236    0.75249E-04
 1237    0.75058E-04
 1238    0.74868E-04
 1239    0.74678E-04
 1240    0.74489E-04
 1241    0.74300E-04
 1242    0.74112E-04
 1243    0.73924E-04
 1244    0.73737E-04
 1245    0.73550E-04
 1246    0.73364E-04
 1247    0.73178E-04
 1248    0.72992E-04
 1249    0.72807E-04
 1250    0.72623E-04
 1251    0.72439E-04
 1252    0.72255E-04
 1253    0.72072E-04
 1254    0.71890E-04
 1255    0.71707E-04
 1256    0.71526E-04
 1257    0.71345E-04
 1258    0.71164E-04
 1259    0.70983E-04
 1260    0.70804E-04
 1261    0.70624E-04
 1262    0.70445E-04
 1263    0.70267E-04
 1264    0.70089E-04
 1265    0.69911E-04
 1266    0.69734E-04
 1267    0.69557E-04
 1268    0.69381E-04
 1269    0.69205E-04
 1270    0.69030E-04
 1271    0.68855E-04
 1272    0.68681E-04
 1273    0.68507E-04
 1274    0.68333E-04
 1275    0.68160E-04
 1276    0.67987E-04
 1277    0.67815E-04
 1278    0.67643E-04
 1279    0.67472E-04
 1280    0.67301E-04
 1281    0.67131E-04
 1282    0.66960E-04
 1283    0.66791E-04
 1284    0.66622E-04
 1285    0.66453E-04
 1286    0.66284E-04
 1287    0.66117E-04
 1288    0.65949E-04
 1289    0.65782E-04
 1290    0.65615E-04
 1291    0.65449E-04
 1292    0.65283E-04
 1293    0.65118E-04
 1294    0.64953E-04
 1295    0.64788E-04
 1296    0.64624E-04
 1297    0.64460E-04
 1298    0.64297E-04
 1299    0.64134E-04
 1300    0.63972E-04
 1301    0.63810E-04
 1302    0.63648E-04
 1303    0.63487E-04
 1304    0.63326E-04
 1305    0.63166E-04
 1306    0.63005E-04
 1307    0.62846E-04
 1308    0.62687E-04
 1309    0.62528E-04
 1310    0.62369E-04
 1311    0.62211E-04
 1312    0.62054E-04
 1313    0.61897E-04
 1314    0.61740E-04
 1315    0.61583E-04
 1316    0.61427E-04
 1317    0.61272E-04
 1318    0.61116E-04
 1319    0.60962E-04
 1320    0.60807E-04
 1321    0.60653E-04
 1322    0.60499E-04
 1323    0.60346E-04
 1324    0.60193E-04
 1325    0.60041E-04
 1326    0.59889E-04
 1327    0.59737E-04
 1328    0.59586E-04
 1329    0.59435E-04
 1330    0.59284E-04
 1331    0.59134E-04
 1332    0.58984E-04
 1333    0.58835E-04
 1334    0.58686E-04
 1335    0.58537E-04
 1336    0.58389E-04
 1337    0.58241E-04
 1338    0.58093E-04
 1339    0.57946E-04
 1340    0.57799E-04
 1341    0.57653E-04
 1342    0.57507E-04
 1343    0.57361E-04
 1344    0.57215E-04
 1345    0.57071E-04
 1346    0.56926E-04
 1347    0.56782E-04
 1348    0.56638E-04
 1349    0.56494E-04
 1350    0.56351E-04
 1351    0.56208E-04
 1352    0.56066E-04
 1353    0.55924E-04
 1354    0.55782E-04
 1355    0.55641E-04
 1356    0.55500E-04
 1357    0.55359E-04
 1358    0.55219E-04
 1359    0.55079E-04
 1360    0.54939E-04
 1361    0.54800E-04
 1362    0.54661E-04
 1363    0.54523E-04
 1364    0.54385E-04
 1365    0.54247E-04
 1366    0.54109E-04
 1367    0.53972E-04
 1368    0.53836E-04
 1369    0.53699E-04
 1370    0.53563E-04
 1371    0.53427E-04
 1372    0.53292E-04
 1373    0.53157E-04
 1374    0.53022E-04
 1375    0.52888E-04
 1376    0.52754E-04
 1377    0.52620E-04
 1378    0.52487E-04
 1379    0.52354E-04
 1380    0.52221E-04
 1381    0.52089E-04
 1382    0.51957E-04
 1383    0.51825E-04
 1384    0.51694E-04
 1385    0.51563E-04
 1386    0.51432E-04
 1387    0.51302E-04
 1388    0.51172E-04
 1389    0.51042E-04
 1390    0.50913E-04
 1391    0.50784E-04
 1392    0.50655E-04
 1393    0.50527E-04
 1394    0.50399E-04
 1395    0.50271E-04
 1396    0.50143E-04
 1397    0.50016E-04
 1398    0.49890E-04
 1399    0.49763E-04
 1400    0.49637E-04
 1401    0.49511E-04
 1402    0.49386E-04
 1403    0.49261E-04
 1404    0.49136E-04
 1405    0.49011E-04
 1406    0.48887E-04
 1407    0.48763E-04
 1408    0.48639E-04
 1409    0.48516E-04
 1410    0.48393E-04
 1411    0.48270E-04
 1412    0.48148E-04
 1413    0.48026E-04
 1414    0.47904E-04
 1415    0.47783E-04
 1416    0.47662E-04
 1417    0.47541E-04
 1418    0.47420E-04
 1419    0.47300E-04
 1420    0.47180E-04
 1421    0.47061E-04
 1422    0.46942E-04
 1423    0.46823E-04
 1424    0.46704E-04
 1425    0.46585E-04
 1426    0.46467E-04
 1427    0.46350E-04
 1428    0.46232E-04
 1429    0.46115E-04
 1430    0.45998E-04
 1431    0.45881E-04
 1432    0.45765E-04
 1433    0.45649E-04
 1434    0.45533E-04
 1435    0.45418E-04
 1436    0.45303E-04
 1437    0.45188E-04
 1438    0.45073E-04
 1439    0.44959E-04
 1440    0.44845E-04
 1441    0.44731E-04
 1442    0.44618E-04
 1443    0.44505E-04
 1444    0.44392E-04
 1445    0.44279E-04
 1446    0.44167E-04
 1447    0.44055E-04
 1448    0.43943E-04
 1449    0.43832E-04
 1450    0.43721E-04
 1451    0.43610E-04
 1452    0.43499E-04
 1453    0.43389E-04
 1454    0.43279E-04
 1455    0.43169E-04
 1456    0.43060E-04
 1457    0.42951E-04
 1458    0.42842E-04
 1459    0.42733E-04
 1460    0.42625E-04
 1461    0.42517E-04
 1462    0.42409E-04
 1463    0.42301E-04
 1464    0.42194E-04
 1465    0.42087E-04
 1466    0.41980E-04
 1467    0.41874E-04
 1468    0.41768E-04
 1469    0.41662E-04
 1470    0.41556E-04
 1471    0.41451E-04
 1472    0.41346E-04
 1473    0.41241E-04
 1474    0.41136E-04
 1475    0.41032E-04
 1476    0.40928E-04
 1477    0.40824E-04
 1478    0.40721E-04
 1479    0.40617E-04
 1480    0.40514E-04
 1481    0.40412E-04
 1482    0.40309E-04
 1483    0.40207E-04
 1484    0.40105E-04
 1485    0.40003E-04
 1486    0.39902E-04
 1487    0.39800E-04
 1488    0.39699E-04
 1489    0.39599E-04
 1490    0.39498E-04
 1491    0.39398E-04
 1492    0.39298E-04
 1493    0.39199E-04
 1494    0.39099E-04
 1495    0.39000E-04
 1496    0.38901E-04
 1497    0.38802E-04
 1498    0.38704E-04
 1499    0.38606E-04
 1500    0.38508E-04
 1501    0.38410E-04
 1502    0.38313E-04
 1503    0.38216E-04
 1504    0.38119E-04
 1505    0.38022E-04
 1506    0.37925E-04
 1507    0.37829E-04
 1508    0.37733E-04
 1509    0.37638E-04
 1510    0.37542E-04
 1511    0.37447E-04
 1512    0.37352E-04
 1513    0.37257E-04
 1514    0.37163E-04
 1515    0.37068E-04
 1516    0.36974E-04
 1517    0.36880E-04
 1518    0.36787E-04
 1519    0.36693E-04
 1520    0.36600E-04
 1521    0.36508E-04
 1522    0.36415E-04
 1523    0.36322E-04
 1524    0.36230E-04
 1525    0.36138E-04
 1526    0.36047E-04
 1527    0.35955E-04
 1528    0.35864E-04
 1529    0.35773E-04
 1530    0.35682E-04
 1531    0.35592E-04
 1532    0.35501E-04
 1533    0.35411E-04
 1534    0.35321E-04
 1535    0.35232E-04
 1536    0.35142E-04
 1537    0.35053E-04
 1538    0.34964E-04
 1539    0.34876E-04
 1540    0.34787E-04
 1541    0.34699E-04
 1542    0.34611E-04
 1543    0.34523E-04
 1544    0.34435E-04
 1545    0.34348E-04
 1546    0.34261E-04
 1547    0.34174E-04
 1548    0.34087E-04
 1549    0.34001E-04
 1550    0.33914E-04
 1551    0.33828E-04
 1552    0.33742E-04
 1553    0.33657E-04
 1554    0.33571E-04
 1555    0.33486E-04
 1556    0.33401E-04
 1557    0.33316E-04
 1558    0.33232E-04
 1559    0.33147E-04
 1560    0.33063E-04
 1561    0.32979E-04
 1562    0.32896E-04
 1563    0.32812E-04
 1564    0.32729E-04
 1565    0.32646E-04
 1566    0.32563E-04
 1567    0.32480E-04
 1568    0.32398E-04
 1569    0.32316E-04
 1570    0.32234E-04
 1571    0.32152E-04
 1572    0.32070E-04
 1573    0.31989E-04
 1574    0.31908E-04
 1575    0.31827E-04
 1576    0.31746E-04
 1577    0.31665E-04
 1578    0.31585E-04
 1579    0.31505E-04
 1580    0.31425E-04
 1581    0.31345E-04
 1582    0.31265E-04
 1583    0.31186E-04
 1584    0.31107E-04
 1585    0.31028E-04
 1586    0.30949E-04
 1587    0.30870E-04
 1588    0.30792E-04
 1589    0.30714E-04
 1590    0.30636E-04
 1591    0.30558E-04
 1592    0.30481E-04
 1593    0.30403E-04
 1594    0.30326E-04
 1595    0.30249E-04
 1596    0.30172E-04
 1597    0.30096E-04
 1598    0.30019E-04
 1599    0.29943E-04
 1600    0.29867E-04
 1601    0.29791E-04
 1602    0.29715E-04
 1603    0.29640E-04
 1604    0.29565E-04
 1605    0.29490E-04
 1606    0.29415E-04
 1607    0.29340E-04
 1608    0.29266E-04
 1609    0.29191E-04
 1610    0.29117E-04
 1611    0.29043E-04
 1612    0.28969E-04
 1613    0.28896E-04
 1614    0.28822E-04
 1615    0.28749E-04
 1616    0.28676E-04
 1617    0.28603E-04
 1618    0.28531E-04
 1619    0.28458E-04
 1620    0.28386E-04
 1621    0.28314E-04
 1622    0.28242E-04
 1623    0.28170E-04
 1624    0.28099E-04
 1625    0.28027E-04
 1626    0.27956E-04
 1627    0.27885E-04
 1628    0.27814E-04
 1629    0.27744E-04
 1630    0.27673E-04
 1631    0.27603E-04
 1632    0.27533E-04
 1633    0.27463E-04
 1634    0.27393E-04
 1635    0.27324E-04
 1636    0.27254E-04
 1637    0.27185E-04
 1638    0.27116E-04
 1639    0.27047E-04
 1640    0.26978E-04
 1641    0.26910E-04
 1642    0.26841E-04
 1643    0.26773E-04
 1644    0.26705E-04
 1645    0.26637E-04
 1646    0.26570E-04
 1647    0.26502E-04
 1648    0.26435E-04
 1649    0.26368E-04
 1650    0.26301E-04
 1651    0.26234E-04
 1652    0.26167E-04
 1653    0.26101E-04
 1654    0.26035E-04
 1655    0.25968E-04
 1656    0.25902E-04
 1657    0.25837E-04
 1658    0.25771E-04
 1659    0.25706E-04
 1660    0.25640E-04
 1661    0.25575E-04
 1662    0.25510E-04
 1663    0.25445E-04
 1664    0.25381E-04
 1665    0.25316E-04
 1666    0.25252E-04
 1667    0.25188E-04
 1668    0.25124E-04
 1669    0.25060E-04
 1670    0.24996E-04
 1671    0.24933E-04
 1672    0.24869E-04
 1673    0.24806E-04
 1674    0.24743E-04
 1675    0.24680E-04
 1676    0.24618E-04
 1677    0.24555E-04
 1678    0.24493E-04
 1679    0.24430E-04
 1680    0.24368E-04
 1681    0.24306E-04
 1682    0.24245E-04
 1683    0.24183E-04
 1684    0.24122E-04
 1685    0.24060E-04
 1686    0.23999E-04
 1687    0.23938E-04
 1688    0.23877E-04
 1689    0.23817E-04
 1690    0.23756E-04
 1691    0.23696E-04
 1692    0.23636E-04
 1693    0.23575E-04
 1694    0.23516E-04
 1695    0.23456E-04
 1696    0.23396E-04
 1697    0.23337E-04
 1698    0.23277E-04
 1699    0.23218E-04
 1700    0.23159E-04
 1701    0.23100E-04
 1702    0.23042E-04
 1703    0.22983E-04
 1704    0.22925E-04
 1705    0.22866E-04
 1706    0.22808E-04
 1707    0.22750E-04
 1708    0.22692E-04
 1709    0.22635E-04
 1710    0.22577E-04
 1711    0.22520E-04
 1712    0.22463E-04
 1713    0.22406E-04
 1714    0.22349E-04
 1715    0.22292E-04
 1716    0.22235E-04
 1717    0.22179E-04
 1718    0.22122E-04
 1719    0.22066E-04
 1720    0.22010E-04
 1721    0.21954E-04
 1722    0.21898E-04
 1723    0.21843E-04
 1724    0.21787E-04
 1725    0.21732E-04
 1726    0.21676E-04
 1727    0.21621E-04
 1728    0.21566E-04
 1729    0.21511E-04
 1730    0.21457E-04
 1731    0.21402E-04
 1732    0.21348E-04
 1733    0.21294E-04
 1734    0.21239E-04
 1735    0.21185E-04
 1736    0.21132E-04
 1737    0.21078E-04
 1738    0.21024E-04
 1739    0.20971E-04
 1740    0.20917E-04
 1741    0.20864E-04
 1742    0.20811E-04
 1743    0.20758E-04
 1744    0.20706E-04
 1745    0.20653E-04
 1746    0.20600E-04
 1747    0.20548E-04
 1748    0.20496E-04
 1749    0.20444E-04
 1750    0.20392E-04
 1751    0.20340E-04
 1752    0.20288E-04
 1753    0.20237E-04
 1754    0.20185E-04
 1755    0.20134E-04
 1756    0.20083E-04
 1757    0.20032E-04
 1758    0.19981E-04
 1759    0.19930E-04
 1760    0.19879E-04
 1761    0.19829E-04
 1762    0.19778E-04
 1763    0.19728E-04
 1764    0.19678E-04
 1765    0.19628E-04
 1766    0.19578E-04
 1767    0.19528E-04
 1768    0.19478E-04
 1769    0.19429E-04
 1770    0.19379E-04
 1771    0.19330E-04
 1772    0.19281E-04
 1773    0.19232E-04
 1774    0.19183E-04
 1775    0.19134E-04
 1776    0.19086E-04
 1777    0.19037E-04
 1778    0.18989E-04
 1779    0.18940E-04
 1780    0.18892E-04
 1781    0.18844E-04
 1782    0.18796E-04
 1783    0.18748E-04
 1784    0.18701E-04
 1785    0.18653E-04
 1786    0.18606E-04
 1787    0.18558E-04
 1788    0.18511E-04
 1789    0.18464E-04
 1790    0.18417E-04
 1791    0.18370E-04
 1792    0.18324E-04
 1793    0.18277E-04
 1794    0.18230E-04
 1795    0.18184E-04
 1796    0.18138E-04
 1797    0.18092E-04
 1798    0.18046E-04
 1799    0.18000E-04
 1800    0.17954E-04
 1801    0.17908E-04
 1802    0.17863E-04
 1803    0.17817E-04
 1804    0.17772E-04
 1805    0.17727E-04
 1806    0.17682E-04
 1807    0.17637E-04
 1808    0.17592E-04
 1809    0.17547E-04
 1810    0.17502E-04
 1811    0.17458E-04
 1812    0.17414E-04
 1813    0.17369E-04
 1814    0.17325E-04
 1815    0.17281E-04
 1816    0.17237E-04
 1817    0.17193E-04
 1818    0.17149E-04
 1819    0.17106E-04
 1820    0.17062E-04
 1821    0.17019E-04
 1822    0.16976E-04
 1823    0.16932E-04
 1824    0.16889E-04
 1825    0.16846E-04
 1826    0.16803E-04
 1827    0.16761E-04
 1828    0.16718E-04
 1829    0.16676E-04
 1830    0.16633E-04
 1831    0.16591E-04
 1832    0.16549E-04
 1833    0.16506E-04
 1834    0.16464E-04
 1835    0.16423E-04
 1836    0.16381E-04
 1837    0.16339E-04
 1838    0.16298E-04
 1839    0.16256E-04
 1840    0.16215E-04
 1841    0.16173E-04
 1842    0.16132E-04
 1843    0.16091E-04
 1844    0.16050E-04
 1845    0.16009E-04
 1846    0.15969E-04
 1847    0.15928E-04
 1848    0.15888E-04
 1849    0.15847E-04
 1850    0.15807E-04
 1851    0.15767E-04
 1852    0.15727E-04
 1853    0.15686E-04
 1854    0.15647E-04
 1855    0.15607E-04
 1856    0.15567E-04
 1857    0.15527E-04
 1858    0.15488E-04
 1859    0.15449E-04
 1860    0.15409E-04
 1861    0.15370E-04
 1862    0.15331E-04
 1863    0.15292E-04
 1864    0.15253E-04
 1865    0.15214E-04
 1866    0.15175E-04
 1867    0.15137E-04
 1868    0.15098E-04
 1869    0.15060E-04
 1870    0.15022E-04
 1871    0.14983E-04
 1872    0.14945E-04
 1873    0.14907E-04
 1874    0.14869E-04
 1875    0.14831E-04
 1876    0.14794E-04
 1877    0.14756E-04
 1878    0.14718E-04
 1879    0.14681E-04
 1880    0.14644E-04
 1881    0.14606E-04
 1882    0.14569E-04
 1883    0.14532E-04
 1884    0.14495E-04
 1885    0.14458E-04
 1886    0.14421E-04
 1887    0.14385E-04
 1888    0.14348E-04
 1889    0.14312E-04
 1890    0.14275E-04
 1891    0.14239E-04
 1892    0.14203E-04
 1893    0.14166E-04
 1894    0.14130E-04
 1895    0.14094E-04
 1896    0.14058E-04
 1897    0.14023E-04
 1898    0.13987E-04
 1899    0.13951E-04
 1900    0.13916E-04
 1901    0.13880E-04
 1902    0.13845E-04
 1903    0.13810E-04
 1904    0.13775E-04
 1905    0.13740E-04
 1906    0.13705E-04
 1907    0.13670E-04
 1908    0.13635E-04
 1909    0.13600E-04
 1910    0.13566E-04
 1911    0.13531E-04
 1912    0.13497E-04
 1913    0.13462E-04
 1914    0.13428E-04
 1915    0.13394E-04
 1916    0.13360E-04
 1917    0.13326E-04
 1918    0.13292E-04
 1919    0.13258E-04
 1920    0.13224E-04
 1921    0.13191E-04
 1922    0.13157E-04
 1923    0.13124E-04
 1924    0.13090E-04
 1925    0.13057E-04
 1926    0.13024E-04
 1927    0.12990E-04
 1928    0.12957E-04
 1929    0.12924E-04
 1930    0.12891E-04
 1931    0.12859E-04
 1932    0.12826E-04
 1933    0.12793E-04
 1934    0.12761E-04
 1935    0.12728E-04
 1936    0.12696E-04
 1937    0.12663E-04
 1938    0.12631E-04
 1939    0.12599E-04
 1940    0.12567E-04
 1941    0.12535E-04
 1942    0.12503E-04
 1943    0.12471E-04
 1944    0.12439E-04
 1945    0.12408E-04
 1946    0.12376E-04
 1947    0.12345E-04
 1948    0.12313E-04
 1949    0.12282E-04
 1950    0.12251E-04
 1951    0.12219E-04
 1952    0.12188E-04
 1953    0.12157E-04
 1954    0.12126E-04
 1955    0.12095E-04
 1956    0.12065E-04
 1957    0.12034E-04
 1958    0.12003E-04
 1959    0.11973E-04
 1960    0.11942E-04
 1961    0.11912E-04
 1962    0.11882E-04
 1963    0.11851E-04
 1964    0.11821E-04
 1965    0.11791E-04
 1966    0.11761E-04
 1967    0.11731E-04
 1968    0.11701E-04
 1969    0.11671E-04
 1970    0.11642E-04
 1971    0.11612E-04
 1972    0.11582E-04
 1973    0.11553E-04
 1974    0.11523E-04
 1975    0.11494E-04
 1976    0.11465E-04
 1977    0.11436E-04
 1978    0.11407E-04
 1979    0.11377E-04
 1980    0.11349E-04
 1981    0.11320E-04
 1982    0.11291E-04
 1983    0.11262E-04
 1984    0.11233E-04
 1985    0.11205E-04
 1986    0.11176E-04
 1987    0.11148E-04
 1988    0.11119E-04
 1989    0.11091E-04
 1990    0.11063E-04
 1991    0.11035E-04
 1992    0.11007E-04
 1993    0.10978E-04
 1994    0.10951E-04
 1995    0.10923E-04
 1996    0.10895E-04
 1997    0.10867E-04
 1998    0.10839E-04
 1999    0.10812E-04
 2000    0.10784E-04
 2001    0.10757E-04
 2002    0.10729E-04
 2003    0.10702E-04
 2004    0.10675E-04
 2005    0.10648E-04
 2006    0.10620E-04
 2007    0.10593E-04
 2008    0.10566E-04
 2009    0.10540E-04
 2010    0.10513E-04
 2011    0.10486E-04
 2012    0.10459E-04
 2013    0.10433E-04
 2014    0.10406E-04
 2015    0.10380E-04
 2016    0.10353E-04
 2017    0.10327E-04
 2018    0.10300E-04
 2019    0.10274E-04
 2020    0.10248E-04
 2021    0.10222E-04
 2022    0.10196E-04
 2023    0.10170E-04
 2024    0.10144E-04
 2025    0.10118E-04
 2026    0.10092E-04
 2027    0.10067E-04
 2028    0.10041E-04
 2029    0.10015E-04
 2030    0.99899E-05
 2031    0.99645E-05
 2032    0.99391E-05
 2033    0.99138E-05
 2034    0.98885E-05
 2035    0.98633E-05
 2036    0.98382E-05
 2037    0.98131E-05
 2038    0.97881E-05
 2039    0.97632E-05
 2040    0.97383E-05
 2041    0.97135E-05
 2042    0.96888E-05
 2043    0.96641E-05
 2044    0.96395E-05
 2045    0.96149E-05
 2046    0.95904E-05
 2047    0.95660E-05
 2048    0.95416E-05
 2049    0.95173E-05
 2050    0.94931E-05
 2051    0.94689E-05
 2052    0.94448E-05
 2053    0.94207E-05
 2054    0.93967E-05
 2055    0.93728E-05
 2056    0.93489E-05
 2057    0.93251E-05
 2058    0.93013E-05
 2059    0.92776E-05
 2060    0.92540E-05
 2061    0.92304E-05
 2062    0.92069E-05
 2063    0.91834E-05
 2064    0.91600E-05
 2065    0.91367E-05
 2066    0.91134E-05
 2067    0.90902E-05
 2068    0.90670E-05
 2069    0.90439E-05
 2070    0.90209E-05
 2071    0.89979E-05
 2072    0.89750E-05
 2073    0.89521E-05
 2074    0.89293E-05
 2075    0.89066E-05
 2076    0.88839E-05
 2077    0.88612E-05
 2078    0.88387E-05
 2079    0.88161E-05
 2080    0.87937E-05
 2081    0.87713E-05
 2082    0.87489E-05
 2083    0.87266E-05
 2084    0.87044E-05
 2085    0.86822E-05
 2086    0.86601E-05
 2087    0.86380E-05
 2088    0.86160E-05
 2089    0.85941E-05
 2090    0.85722E-05
 2091    0.85503E-05
 2092    0.85285E-05
 2093    0.85068E-05
 2094    0.84851E-05
 2095    0.84635E-05
 2096    0.84419E-05
 2097    0.84204E-05
 2098    0.83990E-05
 2099    0.83776E-05
 2100    0.83562E-05
 2101    0.83349E-05
 2102    0.83137E-05
 2103    0.82925E-05
 2104    0.82714E-05
 2105    0.82503E-05
 2106    0.82293E-05
 2107    0.82083E-05
 2108    0.81874E-05
 2109    0.81665E-05
 2110    0.81457E-05
 2111    0.81250E-05
 2112    0.81043E-05
 2113    0.80836E-05
 2114    0.80630E-05
 2115    0.80425E-05
 2116    0.80220E-05
 2117    0.80015E-05
 2118    0.79811E-05
 2119    0.79608E-05
 2120    0.79405E-05
 2121    0.79203E-05
 2122    0.79001E-05
 2123    0.78800E-05
 2124    0.78599E-05
 2125    0.78399E-05
 2126    0.78199E-05
 2127    0.77999E-05
 2128    0.77801E-05
 2129    0.77602E-05
 2130    0.77405E-05
 2131    0.77207E-05
 2132    0.77011E-05
 2133    0.76814E-05
 2134    0.76619E-05
 2135    0.76423E-05
 2136    0.76229E-05
 2137    0.76034E-05
 2138    0.75841E-05
 2139    0.75647E-05
 2140    0.75454E-05
 2141    0.75262E-05
 2142    0.75070E-05
 2143    0.74879E-05
 2144    0.74688E-05
 2145    0.74498E-05
 2146    0.74308E-05
 2147    0.74119E-05
 2148    0.73930E-05
 2149    0.73741E-05
 2150    0.73553E-05
 2151    0.73366E-05
 2152    0.73179E-05
 2153    0.72992E-05
 2154    0.72806E-05
 2155    0.72621E-05
 2156    0.72436E-05
 2157    0.72251E-05
 2158    0.72067E-05
 2159    0.71883E-05
 2160    0.71700E-05
 2161    0.71517E-05
 2162    0.71335E-05
 2163    0.71153E-05
 2164    0.70972E-05
 2165    0.70791E-05
 2166    0.70611E-05
 2167    0.70431E-05
 2168    0.70251E-05
 2169    0.70072E-05
 2170    0.69893E-05
 2171    0.69715E-05
 2172    0.69538E-05
 2173    0.69360E-05
 2174    0.69184E-05
 2175    0.69007E-05
 2176    0.68831E-05
 2177    0.68656E-05
 2178    0.68481E-05
 2179    0.68306E-05
 2180    0.68132E-05
 2181    0.67959E-05
 2182    0.67785E-05
 2183    0.67613E-05
 2184    0.67440E-05
 2185    0.67268E-05
 2186    0.67097E-05
 2187    0.66926E-05
 2188    0.66755E-05
 2189    0.66585E-05
 2190    0.66415E-05
 2191    0.66246E-05
 2192    0.66077E-05
 2193    0.65909E-05
 2194    0.65741E-05
 2195    0.65573E-05
 2196    0.65406E-05
 2197    0.65239E-05
 2198    0.65073E-05
 2199    0.64907E-05
 2200    0.64742E-05
 2201    0.64577E-05
 2202    0.64412E-05
 2203    0.64248E-05
 2204    0.64084E-05
 2205    0.63921E-05
 2206    0.63758E-05
 2207    0.63595E-05
 2208    0.63433E-05
 2209    0.63271E-05
 2210    0.63110E-05
 2211    0.62949E-05
 2212    0.62789E-05
 2213    0.62629E-05
 2214    0.62469E-05
 2215    0.62310E-05
 2216    0.62151E-05
 2217    0.61992E-05
 2218    0.61834E-05
 2219    0.61677E-05
 2220    0.61520E-05
 2221    0.61363E-05
 2222    0.61206E-05
 2223    0.61050E-05
 2224    0.60895E-05
 2225    0.60739E-05
 2226    0.60585E-05
 2227    0.60430E-05
 2228    0.60276E-05
 2229    0.60122E-05
 2230    0.59969E-05
 2231    0.59816E-05
 2232    0.59664E-05
 2233    0.59512E-05
 2234    0.59360E-05
 2235    0.59209E-05
 2236    0.59058E-05
 2237    0.58907E-05
 2238    0.58757E-05
 2239    0.58607E-05
 2240    0.58458E-05
 2241    0.58309E-05
 2242    0.58160E-05
 2243    0.58012E-05
 2244    0.57864E-05
 2245    0.57716E-05
 2246    0.57569E-05
 2247    0.57422E-05
 2248    0.57276E-05
 2249    0.57130E-05
 2250    0.56984E-05
 2251    0.56839E-05
 2252    0.56694E-05
 2253    0.56550E-05
 2254    0.56405E-05
 2255    0.56262E-05
 2256    0.56118E-05
 2257    0.55975E-05
 2258    0.55832E-05
 2259    0.55690E-05
 2260    0.55548E-05
 2261    0.55406E-05
 2262    0.55265E-05
 2263    0.55124E-05
 2264    0.54984E-05
 2265    0.54843E-05
 2266    0.54704E-05
 2267    0.54564E-05
 2268    0.54425E-05
 2269    0.54286E-05
 2270    0.54148E-05
 2271    0.54010E-05
 2272    0.53872E-05
 2273    0.53735E-05
 2274    0.53598E-05
 2275    0.53461E-05
 2276    0.53325E-05
 2277    0.53189E-05
 2278    0.53053E-05
 2279    0.52918E-05
 2280    0.52783E-05
 2281    0.52648E-05
 2282    0.52514E-05
 2283    0.52380E-05
 2284    0.52247E-05
 2285    0.52114E-05
 2286    0.51981E-05
 2287    0.51848E-05
 2288    0.51716E-05
 2289    0.51584E-05
 2290    0.51453E-05
 2291    0.51321E-05
 2292    0.51190E-05
 2293    0.51060E-05
 2294    0.50930E-05
 2295    0.50800E-05
 2296    0.50670E-05
 2297    0.50541E-05
 2298    0.50412E-05
 2299    0.50284E-05
 2300    0.50156E-05
 2301    0.50028E-05
 2302    0.49900E-05
 2303    0.49773E-05
 2304    0.49646E-05
 2305    0.49519E-05
 2306    0.49393E-05
 2307    0.49267E-05
 2308    0.49141E-05
 2309    0.49016E-05
 2310    0.48891E-05
 2311    0.48767E-05
 2312    0.48642E-05
 2313    0.48518E-05
 2314    0.48394E-05
 2315    0.48271E-05
 2316    0.48148E-05
 2317    0.48025E-05
 2318    0.47903E-05
 2319    0.47781E-05
 2320    0.47659E-05
 2321    0.47537E-05
 2322    0.47416E-05
 2323    0.47295E-05
 2324    0.47174E-05
 2325    0.47054E-05
 2326    0.46934E-05
 2327    0.46814E-05
 2328    0.46695E-05
 2329    0.46576E-05
 2330    0.46457E-05
 2331    0.46339E-05
 2332    0.46221E-05
 2333    0.46103E-05
 2334    0.45985E-05
 2335    0.45868E-05
 2336    0.45751E-05
 2337    0.45634E-05
 2338    0.45518E-05
 2339    0.45402E-05
 2340    0.45286E-05
 2341    0.45171E-05
 2342    0.45055E-05
 2343    0.44940E-05
 2344    0.44826E-05
 2345    0.44712E-05
 2346    0.44597E-05
 2347    0.44484E-05
 2348    0.44370E-05
 2349    0.44257E-05
 2350    0.44144E-05
 2351    0.44032E-05
 2352    0.43919E-05
 2353    0.43807E-05
 2354    0.43696E-05
 2355    0.43584E-05
 2356    0.43473E-05
 2357    0.43362E-05
 2358    0.43252E-05
 2359    0.43141E-05
 2360    0.43031E-05
 2361    0.42922E-05
 2362    0.42812E-05
 2363    0.42703E-05
 2364    0.42594E-05
 2365    0.42485E-05
 2366    0.42377E-05
 2367    0.42269E-05
 2368    0.42161E-05
 2369    0.42054E-05
 2370    0.41946E-05
 2371    0.41839E-05
 2372    0.41733E-05
 2373    0.41626E-05
 2374    0.41520E-05
 2375    0.41414E-05
 2376    0.41309E-05
 2377    0.41203E-05
 2378    0.41098E-05
 2379    0.40993E-05
 2380    0.40889E-05
 2381    0.40785E-05
 2382    0.40681E-05
 2383    0.40577E-05
 2384    0.40473E-05
 2385    0.40370E-05
 2386    0.40267E-05
 2387    0.40164E-05
 2388    0.40062E-05
 2389    0.39960E-05
 2390    0.39858E-05
 2391    0.39756E-05
 2392    0.39655E-05
 2393    0.39554E-05
 2394    0.39453E-05
 2395    0.39352E-05
 2396    0.39252E-05
 2397    0.39152E-05
 2398    0.39052E-05
 2399    0.38952E-05
 2400    0.38853E-05
 2401    0.38754E-05
 2402    0.38655E-05
 2403    0.38556E-05
 2404    0.38458E-05
 2405    0.38360E-05
 2406    0.38262E-05
 2407    0.38165E-05
 2408    0.38067E-05
 2409    0.37970E-05
 2410    0.37873E-05
 2411    0.37777E-05
 2412    0.37680E-05
 2413    0.37584E-05
 2414    0.37488E-05
 2415    0.37393E-05
 2416    0.37297E-05
 2417    0.37202E-05
 2418    0.37107E-05
 2419    0.37013E-05
 2420    0.36918E-05
 2421    0.36824E-05
 2422    0.36730E-05
 2423    0.36637E-05
 2424    0.36543E-05
 2425    0.36450E-05
 2426    0.36357E-05
 2427    0.36264E-05
 2428    0.36172E-05
 2429    0.36079E-05
 2430    0.35987E-05
 2431    0.35896E-05
 2432    0.35804E-05
 2433    0.35713E-05
 2434    0.35622E-05
 2435    0.35531E-05
 2436    0.35440E-05
 2437    0.35350E-05
 2438    0.35260E-05
 2439    0.35170E-05
 2440    0.35080E-05
 2441    0.34990E-05
 2442    0.34901E-05
 2443    0.34812E-05
 2444    0.34723E-05
 2445    0.34635E-05
 2446    0.34546E-05
 2447    0.34458E-05
 2448    0.34370E-05
 2449    0.34283E-05
 2450    0.34195E-05
 2451    0.34108E-05
 2452    0.34021E-05
 2453    0.33934E-05
 2454    0.33848E-05
 2455    0.33761E-05
 2456    0.33675E-05
 2457    0.33589E-05
 2458    0.33504E-05
 2459    0.33418E-05
 2460    0.33333E-05
 2461    0.33248E-05
 2462    0.33163E-05
 2463    0.33079E-05
 2464    0.32994E-05
 2465    0.32910E-05
 2466    0.32826E-05
 2467    0.32742E-05
 2468    0.32659E-05
 2469    0.32576E-05
 2470    0.32493E-05
 2471    0.32410E-05
 2472    0.32327E-05
 2473    0.32244E-05
 2474    0.32162E-05
 2475    0.32080E-05
 2476    0.31998E-05
 2477    0.31917E-05
 2478    0.31835E-05
 2479    0.31754E-05
 2480    0.31673E-05
 2481    0.31592E-05
 2482    0.31512E-05
 2483    0.31431E-05
 2484    0.31351E-05
 2485    0.31271E-05
 2486    0.31191E-05
 2487    0.31112E-05
 2488    0.31033E-05
 2489    0.30953E-05
 2490    0.30874E-05
 2491    0.30796E-05
 2492    0.30717E-05
 2493    0.30639E-05
 2494    0.30561E-05
 2495    0.30483E-05
 2496    0.30405E-05
 2497    0.30327E-05
 2498    0.30250E-05
 2499    0.30173E-05
 2500    0.30096E-05
 2501    0.30019E-05
 2502    0.29942E-05
 2503    0.29866E-05
 2504    0.29790E-05
 2505    0.29714E-05
 2506    0.29638E-05
 2507    0.29562E-05
 2508    0.29487E-05
 2509    0.29412E-05
 2510    0.29337E-05
 2511    0.29262E-05
 2512    0.29187E-05
 2513    0.29113E-05
 2514    0.29039E-05
 2515    0.28965E-05
 2516    0.28891E-05
 2517    0.28817E-05
 2518    0.28743E-05
 2519    0.28670E-05
 2520    0.28597E-05
 2521    0.28524E-05
 2522    0.28451E-05
 2523    0.28379E-05
 2524    0.28306E-05
 2525    0.28234E-05
 2526    0.28162E-05
 2527    0.28090E-05
 2528    0.28018E-05
 2529    0.27947E-05
 2530    0.27876E-05
 2531    0.27805E-05
 2532    0.27734E-05
 2533    0.27663E-05
 2534    0.27592E-05
 2535    0.27522E-05
 2536    0.27452E-05
 2537    0.27382E-05
 2538    0.27312E-05
 2539    0.27242E-05
 2540    0.27173E-05
 2541    0.27103E-05
 2542    0.27034E-05
 2543    0.26965E-05
 2544    0.26896E-05
 2545    0.26828E-05
 2546    0.26759E-05
 2547    0.26691E-05
 2548    0.26623E-05
 2549    0.26555E-05
 2550    0.26487E-05
 2551    0.26420E-05
 2552    0.26352E-05
 2553    0.26285E-05
 2554    0.26218E-05
 2555    0.26151E-05
 2556    0.26085E-05
 2557    0.26018E-05
 2558    0.25952E-05
 2559    0.25885E-05
 2560    0.25819E-05
 2561    0.25753E-05
 2562    0.25688E-05
 2563    0.25622E-05
 2564    0.25557E-05
 2565    0.25492E-05
 2566    0.25427E-05
 2567    0.25362E-05
 2568    0.25297E-05
 2569    0.25233E-05
 2570    0.25168E-05
 2571    0.25104E-05
 2572    0.25040E-05
 2573    0.24976E-05
 2574    0.24912E-05
 2575    0.24849E-05
 2576    0.24785E-05
 2577    0.24722E-05
 2578    0.24659E-05
 2579    0.24596E-05
 2580    0.24533E-05
 2581    0.24471E-05
 2582    0.24408E-05
 2583    0.24346E-05
 2584    0.24284E-05
 2585    0.24222E-05
 2586    0.24160E-05
 2587    0.24099E-05
 2588    0.24037E-05
 2589    0.23976E-05
 2590    0.23915E-05
 2591    0.23854E-05
 2592    0.23793E-05
 2593    0.23732E-05
 2594    0.23671E-05
 2595    0.23611E-05
 2596    0.23551E-05
 2597    0.23491E-05
 2598    0.23431E-05
 2599    0.23371E-05
 2600    0.23311E-05
 2601    0.23252E-05
 2602    0.23193E-05
 2603    0.23133E-05
 2604    0.23074E-05
 2605    0.23016E-05
 2606    0.22957E-05
 2607    0.22898E-05
 2608    0.22840E-05
 2609    0.22782E-05
 2610    0.22723E-05
 2611    0.22665E-05
 2612    0.22608E-05
 2613    0.22550E-05
 2614    0.22492E-05
 2615    0.22435E-05
 2616    0.22378E-05
 2617    0.22321E-05
 2618    0.22264E-05
 2619    0.22207E-05
 2620    0.22150E-05
 2621    0.22094E-05
 2622    0.22037E-05
 2623    0.21981E-05
 2624    0.21925E-05
 2625    0.21869E-05
 2626    0.21813E-05
 2627    0.21758E-05
 2628    0.21702E-05
 2629    0.21647E-05
 2630    0.21592E-05
 2631    0.21537E-05
 2632    0.21482E-05
 2633    0.21427E-05
 2634    0.21372E-05
 2635    0.21318E-05
 2636    0.21263E-05
 2637    0.21209E-05
 2638    0.21155E-05
 2639    0.21101E-05
 2640    0.21047E-05
 2641    0.20993E-05
 2642    0.20940E-05
 2643    0.20886E-05
 2644    0.20833E-05
 2645    0.20780E-05
 2646    0.20727E-05
 2647    0.20674E-05
 2648    0.20621E-05
 2649    0.20569E-05
 2650    0.20516E-05
 2651    0.20464E-05
 2652    0.20412E-05
 2653    0.20359E-05
 2654    0.20308E-05
 2655    0.20256E-05
 2656    0.20204E-05
 2657    0.20152E-05
 2658    0.20101E-05
 2659    0.20050E-05
 2660    0.19999E-05
 2661    0.19948E-05
 2662    0.19897E-05
 2663    0.19846E-05
 2664    0.19795E-05
 2665    0.19745E-05
 2666    0.19694E-05
 2667    0.19644E-05
 2668    0.19594E-05
 2669    0.19544E-05
 2670    0.19494E-05
 2671    0.19444E-05
 2672    0.19395E-05
 2673    0.19345E-05
 2674    0.19296E-05
 2675    0.19247E-05
 2676    0.19198E-05
 2677    0.19149E-05
 2678    0.19100E-05
 2679    0.19051E-05
 2680    0.19002E-05
 2681    0.18954E-05
 2682    0.18906E-05
 2683    0.18857E-05
 2684    0.18809E-05
 2685    0.18761E-05
 2686    0.18713E-05
 2687    0.18666E-05
 2688    0.18618E-05
 2689    0.18570E-05
 2690    0.18523E-05
 2691    0.18476E-05
 2692    0.18429E-05
 2693    0.18382E-05
 2694    0.18335E-05
 2695    0.18288E-05
 2696    0.18241E-05
 2697    0.18195E-05
 2698    0.18148E-05
 2699    0.18102E-05
 2700    0.18056E-05
 2701    0.18010E-05
 2702    0.17964E-05
 2703    0.17918E-05
 2704    0.17872E-05
 2705    0.17827E-05
 2706    0.17781E-05
 2707    0.17736E-05
 2708    0.17691E-05
 2709    0.17645E-05
 2710    0.17600E-05
 2711    0.17555E-05
 2712    0.17511E-05
 2713    0.17466E-05
 2714    0.17421E-05
 2715    0.17377E-05
 2716    0.17333E-05
 2717    0.17288E-05
 2718    0.17244E-05
 2719    0.17200E-05
 2720    0.17156E-05
 2721    0.17113E-05
 2722    0.17069E-05
 2723    0.17025E-05
 2724    0.16982E-05
 2725    0.16939E-05
 2726    0.16895E-05
 2727    0.16852E-05
 2728    0.16809E-05
 2729    0.16766E-05
 2730    0.16724E-05
 2731    0.16681E-05
 2732    0.16638E-05
 2733    0.16596E-05
 2734    0.16554E-05
 2735    0.16511E-05
 2736    0.16469E-05
 2737    0.16427E-05
 2738    0.16385E-05
 2739    0.16343E-05
 2740    0.16302E-05
 2741    0.16260E-05
 2742    0.16219E-05
 2743    0.16177E-05
 2744    0.16136E-05
 2745    0.16095E-05
 2746    0.16054E-05
 2747    0.16013E-05
 2748    0.15972E-05
 2749    0.15931E-05
 2750    0.15890E-05
 2751    0.15850E-05
 2752    0.15809E-05
 2753    0.15769E-05
 2754    0.15729E-05
 2755    0.15689E-05
 2756    0.15649E-05
 2757    0.15609E-05
 2758    0.15569E-05
 2759    0.15529E-05
 2760    0.15490E-05
 2761    0.15450E-05
 2762    0.15411E-05
 2763    0.15371E-05
 2764    0.15332E-05
 2765    0.15293E-05
 2766    0.15254E-05
 2767    0.15215E-05
 2768    0.15176E-05
 2769    0.15138E-05
 2770    0.15099E-05
 2771    0.15060E-05
 2772    0.15022E-05
 2773    0.14984E-05
 2774    0.14945E-05
 2775    0.14907E-05
 2776    0.14869E-05
 2777    0.14831E-05
 2778    0.14793E-05
 2779    0.14756E-05
 2780    0.14718E-05
 2781    0.14680E-05
 2782    0.14643E-05
 2783    0.14606E-05
 2784    0.14568E-05
 2785    0.14531E-05
 2786    0.14494E-05
 2787    0.14457E-05
 2788    0.14420E-05
 2789    0.14383E-05
 2790    0.14347E-05
 2791    0.14310E-05
 2792    0.14274E-05
 2793    0.14237E-05
 2794    0.14201E-05
 2795    0.14165E-05
 2796    0.14128E-05
 2797    0.14092E-05
 2798    0.14056E-05
 2799    0.14021E-05
 2800    0.13985E-05
 2801    0.13949E-05
 2802    0.13913E-05
 2803    0.13878E-05
 2804    0.13843E-05
 2805    0.13807E-05
 2806    0.13772E-05
 2807    0.13737E-05
 2808    0.13702E-05
 2809    0.13667E-05
 2810    0.13632E-05
 2811    0.13597E-05
 2812    0.13562E-05
 2813    0.13528E-05
 2814    0.13493E-05
 2815    0.13459E-05
 2816    0.13425E-05
 2817    0.13390E-05
 2818    0.13356E-05
 2819    0.13322E-05
 2820    0.13288E-05
 2821    0.13254E-05
 2822    0.13220E-05
 2823    0.13187E-05
 2824    0.13153E-05
 2825    0.13119E-05
 2826    0.13086E-05
 2827    0.13052E-05
 2828    0.13019E-05
 2829    0.12986E-05
 2830    0.12953E-05
 2831    0.12920E-05
 2832    0.12887E-05
 2833    0.12854E-05
 2834    0.12821E-05
 2835    0.12788E-05
 2836    0.12756E-05
 2837    0.12723E-05
 2838    0.12691E-05
 2839    0.12658E-05
 2840    0.12626E-05
 2841    0.12594E-05
 2842    0.12562E-05
 2843    0.12530E-05
 2844    0.12498E-05
 2845    0.12466E-05
 2846    0.12434E-05
 2847    0.12402E-05
 2848    0.12371E-05
 2849    0.12339E-05
 2850    0.12308E-05
 2851    0.12276E-05
 2852    0.12245E-05
 2853    0.12214E-05
 2854    0.12182E-05
 2855    0.12151E-05
 2856    0.12120E-05
 2857    0.12089E-05
 2858    0.12058E-05
 2859    0.12028E-05
 2860    0.11997E-05
 2861    0.11966E-05
 2862    0.11936E-05
 2863    0.11905E-05
 2864    0.11875E-05
 2865    0.11845E-05
 2866    0.11814E-05
 2867    0.11784E-05
 2868    0.11754E-05
 2869    0.11724E-05
 2870    0.11694E-05
 2871    0.11664E-05
 2872    0.11635E-05
 2873    0.11605E-05
 2874    0.11575E-05
 2875    0.11546E-05
 2876    0.11516E-05
 2877    0.11487E-05
 2878    0.11458E-05
 2879    0.11428E-05
 2880    0.11399E-05
 2881    0.11370E-05
 2882    0.11341E-05
 2883    0.11312E-05
 2884    0.11283E-05
 2885    0.11255E-05
 2886    0.11226E-05
 2887    0.11197E-05
 2888    0.11169E-05
 2889    0.11140E-05
 2890    0.11112E-05
 2891    0.11083E-05
 2892    0.11055E-05
 2893    0.11027E-05
 2894    0.10999E-05
 2895    0.10971E-05
 2896    0.10943E-05
 2897    0.10915E-05
 2898    0.10887E-05
 2899    0.10859E-05
 2900    0.10831E-05
 2901    0.10804E-05
 2902    0.10776E-05
 2903    0.10749E-05
 2904    0.10721E-05
 2905    0.10694E-05
 2906    0.10667E-05
 2907    0.10639E-05
 2908    0.10612E-05
 2909    0.10585E-05
 2910    0.10558E-05
 2911    0.10531E-05
 2912    0.10504E-05
 2913    0.10477E-05
 2914    0.10451E-05
 2915    0.10424E-05
 2916    0.10397E-05
 2917    0.10371E-05
 2918    0.10344E-05
 2919    0.10318E-05
 2920    0.10292E-05
 2921    0.10265E-05
 2922    0.10239E-05
 2923    0.10213E-05
 2924    0.10187E-05
 2925    0.10161E-05
 2926    0.10135E-05
 2927    0.10109E-05
 2928    0.10083E-05
 2929    0.10058E-05
 2930    0.10032E-05
 2931    0.10006E-05
 2932    0.99809E-06
 2933    0.99555E-06
 2934    0.99301E-06
 2935    0.99047E-06
 2936    0.98794E-06
 2937    0.98542E-06
 2938    0.98291E-06
 2939    0.98040E-06
 2940    0.97790E-06
 2941    0.97540E-06
 2942    0.97291E-06
 2943    0.97043E-06
 2944    0.96795E-06
 2945    0.96548E-06
 2946    0.96302E-06
 2947    0.96056E-06
 2948    0.95811E-06
 2949    0.95566E-06
 2950    0.95322E-06
 2951    0.95079E-06
 2952    0.94837E-06
 2953    0.94595E-06
 2954    0.94353E-06
 2955    0.94112E-06
 2956    0.93872E-06
 2957    0.93633E-06
 2958    0.93394E-06
 2959    0.93155E-06
 2960    0.92917E-06
 2961    0.92680E-06
 2962    0.92444E-06
 2963    0.92208E-06
 2964    0.91973E-06
 2965    0.91738E-06
 2966    0.91504E-06
 2967    0.91270E-06
 2968    0.91037E-06
 2969    0.90805E-06
 2970    0.90573E-06
 2971    0.90342E-06
 2972    0.90111E-06
 2973    0.89881E-06
 2974    0.89652E-06
 2975    0.89423E-06
 2976    0.89195E-06
 2977    0.88967E-06
 2978    0.88740E-06
 2979    0.88514E-06
 2980    0.88288E-06
 2981    0.88063E-06
 2982    0.87838E-06
 2983    0.87614E-06
 2984    0.87390E-06
 2985    0.87167E-06
 2986    0.86945E-06
 2987    0.86723E-06
 2988    0.86501E-06
 2989    0.86281E-06
 2990    0.86060E-06
 2991    0.85841E-06
 2992    0.85622E-06
 2993    0.85403E-06
 2994    0.85185E-06
 2995    0.84968E-06
 2996    0.84751E-06
 2997    0.84535E-06
 2998    0.84319E-06
 2999    0.84104E-06
 3000    0.83889E-06
 3001    0.83675E-06
 3002    0.83461E-06
 3003    0.83248E-06
 3004    0.83036E-06
 3005    0.82824E-06
 3006    0.82613E-06
 3007    0.82402E-06
 3008    0.82192E-06
 3009    0.81982E-06
 3010    0.81773E-06
 3011    0.81564E-06
 3012    0.81356E-06
 3013    0.81148E-06
 3014    0.80941E-06
 3015    0.80734E-06
 3016    0.80528E-06
 3017    0.80323E-06
 3018    0.80118E-06
 3019    0.79913E-06
 3020    0.79709E-06
 3021    0.79506E-06
 3022    0.79303E-06
 3023    0.79101E-06
 3024    0.78899E-06
 3025    0.78697E-06
 3026    0.78496E-06
 3027    0.78296E-06
 3028    0.78096E-06
 3029    0.77897E-06
 3030    0.77698E-06
 3031    0.77500E-06
 3032    0.77302E-06
 3033    0.77105E-06
 3034    0.76908E-06
 3035    0.76712E-06
 3036    0.76516E-06
 3037    0.76321E-06
 3038    0.76126E-06
 3039    0.75932E-06
 3040    0.75738E-06
 3041    0.75545E-06
 3042    0.75352E-06
 3043    0.75159E-06
 3044    0.74968E-06
 3045    0.74776E-06
 3046    0.74585E-06
 3047    0.74395E-06
 3048    0.74205E-06
 3049    0.74016E-06
 3050    0.73827E-06
 3051    0.73638E-06
 3052    0.73450E-06
 3053    0.73263E-06
 3054    0.73076E-06
 3055    0.72890E-06
 3056    0.72704E-06
 3057    0.72518E-06
 3058    0.72333E-06
 3059    0.72148E-06
 3060    0.71964E-06
 3061    0.71780E-06
 3062    0.71597E-06
 3063    0.71415E-06
 3064    0.71232E-06
 3065    0.71050E-06
 3066    0.70869E-06
 3067    0.70688E-06
 3068    0.70508E-06
 3069    0.70328E-06
 3070    0.70148E-06
 3071    0.69969E-06
 3072    0.69791E-06
 3073    0.69613E-06
 3074    0.69435E-06
 3075    0.69258E-06
 3076    0.69081E-06
 3077    0.68905E-06
 3078    0.68729E-06
 3079    0.68553E-06
 3080    0.68378E-06
 3081    0.68204E-06
 3082    0.68030E-06
 3083    0.67856E-06
 3084    0.67683E-06
 3085    0.67510E-06
 3086    0.67338E-06
 3087    0.67166E-06
 3088    0.66995E-06
 3089    0.66824E-06
 3090    0.66653E-06
 3091    0.66483E-06
 3092    0.66313E-06
 3093    0.66144E-06
 3094    0.65975E-06
 3095    0.65807E-06
 3096    0.65639E-06
 3097    0.65471E-06
 3098    0.65304E-06
 3099    0.65138E-06
 3100    0.64971E-06
 3101    0.64806E-06
 3102    0.64640E-06
 3103    0.64475E-06
 3104    0.64311E-06
 3105    0.64146E-06
 3106    0.63983E-06
 3107    0.63819E-06
 3108    0.63657E-06
 3109    0.63494E-06
 3110    0.63332E-06
 3111    0.63170E-06
 3112    0.63009E-06
 3113    0.62848E-06
 3114    0.62688E-06
 3115    0.62528E-06
 3116    0.62368E-06
 3117    0.62209E-06
 3118    0.62050E-06
 3119    0.61892E-06
 3120    0.61734E-06
 3121    0.61577E-06
 3122    0.61419E-06
 3123    0.61263E-06
 3124    0.61106E-06
 3125    0.60950E-06
 3126    0.60795E-06
 3127    0.60640E-06
 3128    0.60485E-06
 3129    0.60330E-06
 3130    0.60176E-06
 3131    0.60023E-06
 3132    0.59870E-06
 3133    0.59717E-06
 3134    0.59564E-06
 3135    0.59412E-06
 3136    0.59261E-06
 3137    0.59109E-06
 3138    0.58959E-06
 3139    0.58808E-06
 3140    0.58658E-06
 3141    0.58508E-06
 3142    0.58359E-06
 3143    0.58210E-06
 3144    0.58061E-06
 3145    0.57913E-06
 3146    0.57765E-06
 3147    0.57618E-06
 3148    0.57471E-06
 3149    0.57324E-06
 3150    0.57178E-06
 3151    0.57032E-06
 3152    0.56886E-06
 3153    0.56741E-06
 3154    0.56596E-06
 3155    0.56452E-06
 3156    0.56308E-06
 3157    0.56164E-06
 3158    0.56021E-06
 3159    0.55878E-06
 3160    0.55735E-06
 3161    0.55593E-06
 3162    0.55451E-06
 3163    0.55310E-06
 3164    0.55168E-06
 3165    0.55028E-06
 3166    0.54887E-06
 3167    0.54747E-06
 3168    0.54607E-06
 3169    0.54468E-06
 3170    0.54329E-06
 3171    0.54190E-06
 3172    0.54052E-06
 3173    0.53914E-06
 3174    0.53776E-06
 3175    0.53639E-06
 3176    0.53502E-06
 3177    0.53366E-06
 3178    0.53229E-06
 3179    0.53094E-06
 3180    0.52958E-06
 3181    0.52823E-06
 3182    0.52688E-06
 3183    0.52554E-06
 3184    0.52420E-06
 3185    0.52286E-06
 3186    0.52152E-06
 3187    0.52019E-06
 3188    0.51886E-06
 3189    0.51754E-06
 3190    0.51622E-06
 3191    0.51490E-06
 3192    0.51359E-06
 3193    0.51228E-06
 3194    0.51097E-06
 3195    0.50966E-06
 3196    0.50836E-06
 3197    0.50707E-06
 3198    0.50577E-06
 3199    0.50448E-06
 3200    0.50319E-06
 3201    0.50191E-06
 3202    0.50063E-06
 3203    0.49935E-06
 3204    0.49808E-06
 3205    0.49680E-06
 3206    0.49554E-06
 3207    0.49427E-06
 3208    0.49301E-06
 3209    0.49175E-06
 3210    0.49050E-06
 3211    0.48924E-06
 3212    0.48800E-06
 3213    0.48675E-06
 3214    0.48551E-06
 3215    0.48427E-06
 3216    0.48303E-06
 3217    0.48180E-06
 3218    0.48057E-06
 3219    0.47934E-06
 3220    0.47812E-06
 3221    0.47690E-06
 3222    0.47568E-06
 3223    0.47447E-06
 3224    0.47326E-06
 3225    0.47205E-06
 3226    0.47084E-06
 3227    0.46964E-06
 3228    0.46844E-06
 3229    0.46725E-06
 3230    0.46606E-06
 3231    0.46487E-06
 3232    0.46368E-06
 3233    0.46250E-06
 3234    0.46132E-06
 3235    0.46014E-06
 3236    0.45896E-06
 3237    0.45779E-06
 3238    0.45662E-06
 3239    0.45546E-06
 3240    0.45430E-06
 3241    0.45314E-06
 3242    0.45198E-06
 3243    0.45083E-06
 3244    0.44968E-06
 3245    0.44853E-06
 3246    0.44738E-06
 3247    0.44624E-06
 3248    0.44510E-06
 3249    0.44397E-06
 3250    0.44283E-06
 3251    0.44170E-06
 3252    0.44058E-06
 3253    0.43945E-06
 3254    0.43833E-06
 3255    0.43721E-06
 3256    0.43609E-06
 3257    0.43498E-06
 3258    0.43387E-06
 3259    0.43276E-06
 3260    0.43166E-06
 3261    0.43056E-06
 3262    0.42946E-06
 3263    0.42836E-06
 3264    0.42727E-06
 3265    0.42618E-06
 3266    0.42509E-06
 3267    0.42401E-06
 3268    0.42292E-06
 3269    0.42184E-06
 3270    0.42077E-06
 3271    0.41969E-06
 3272    0.41862E-06
 3273    0.41755E-06
 3274    0.41649E-06
 3275    0.41542E-06
 3276    0.41436E-06
 3277    0.41331E-06
 3278    0.41225E-06
 3279    0.41120E-06
 3280    0.41015E-06
 3281    0.40910E-06
 3282    0.40806E-06
 3283    0.40702E-06
 3284    0.40598E-06
 3285    0.40494E-06
 3286    0.40391E-06
 3287    0.40288E-06
 3288    0.40185E-06
 3289    0.40082E-06
 3290    0.39980E-06
 3291    0.39878E-06
 3292    0.39776E-06
 3293    0.39675E-06
 3294    0.39573E-06
 3295    0.39472E-06
 3296    0.39372E-06
 3297    0.39271E-06
 3298    0.39171E-06
 3299    0.39071E-06
 3300    0.38971E-06
 3301    0.38872E-06
 3302    0.38773E-06
 3303    0.38674E-06
 3304    0.38575E-06
 3305    0.38476E-06
 3306    0.38378E-06
 3307    0.38280E-06
 3308    0.38183E-06
 3309    0.38085E-06
 3310    0.37988E-06
 3311    0.37891E-06
 3312    0.37794E-06
 3313    0.37698E-06
 3314    0.37602E-06
 3315    0.37506E-06
 3316    0.37410E-06
 3317    0.37314E-06
 3318    0.37219E-06
 3319    0.37124E-06
 3320    0.37029E-06
 3321    0.36935E-06
 3322    0.36841E-06
 3323    0.36746E-06
 3324    0.36653E-06
 3325    0.36559E-06
 3326    0.36466E-06
 3327    0.36373E-06
 3328    0.36280E-06
 3329    0.36187E-06
 3330    0.36095E-06
 3331    0.36003E-06
 3332    0.35911E-06
 3333    0.35819E-06
 3334    0.35728E-06
 3335    0.35637E-06
 3336    0.35546E-06
 3337    0.35455E-06
 3338    0.35364E-06
 3339    0.35274E-06
 3340    0.35184E-06
 3341    0.35094E-06
 3342    0.35005E-06
 3343    0.34915E-06
 3344    0.34826E-06
 3345    0.34737E-06
 3346    0.34649E-06
 3347    0.34560E-06
 3348    0.34472E-06
 3349    0.34384E-06
 3350    0.34296E-06
 3351    0.34209E-06
 3352    0.34121E-06
 3353    0.34034E-06
 3354    0.33948E-06
 3355    0.33861E-06
 3356    0.33774E-06
 3357    0.33688E-06
 3358    0.33602E-06
 3359    0.33516E-06
 3360    0.33431E-06
 3361    0.33346E-06
 3362    0.33260E-06
 3363    0.33176E-06
 3364    0.33091E-06
 3365    0.33006E-06
 3366    0.32922E-06
 3367    0.32838E-06
 3368    0.32754E-06
 3369    0.32671E-06
 3370    0.32587E-06
 3371    0.32504E-06
 3372    0.32421E-06
 3373    0.32338E-06
 3374    0.32256E-06
 3375    0.32174E-06
 3376    0.32091E-06
 3377    0.32010E-06
 3378    0.31928E-06
 3379    0.31846E-06
 3380    0.31765E-06
 3381    0.31684E-06
 3382    0.31603E-06
 3383    0.31522E-06
 3384    0.31442E-06
 3385    0.31362E-06
 3386    0.31282E-06
 3387    0.31202E-06
 3388    0.31122E-06
 3389    0.31043E-06
 3390    0.30964E-06
 3391    0.30884E-06
 3392    0.30806E-06
 3393    0.30727E-06
 3394    0.30649E-06
 3395    0.30570E-06
 3396    0.30492E-06
 3397    0.30415E-06
 3398    0.30337E-06
 3399    0.30259E-06
 3400    0.30182E-06
 3401    0.30105E-06
 3402    0.30028E-06
 3403    0.29952E-06
 3404    0.29875E-06
 3405    0.29799E-06
 3406    0.29723E-06
 3407    0.29647E-06
 3408    0.29571E-06
 3409    0.29496E-06
 3410    0.29421E-06
 3411    0.29346E-06
 3412    0.29271E-06
 3413    0.29196E-06
 3414    0.29121E-06
 3415    0.29047E-06
 3416    0.28973E-06
 3417    0.28899E-06
 3418    0.28825E-06
 3419    0.28752E-06
 3420    0.28678E-06
 3421    0.28605E-06
 3422    0.28532E-06
 3423    0.28459E-06
 3424    0.28387E-06
 3425    0.28314E-06
 3426    0.28242E-06
 3427    0.28170E-06
 3428    0.28098E-06
 3429    0.28026E-06
 3430    0.27955E-06
 3431    0.27883E-06
 3432    0.27812E-06
 3433    0.27741E-06
 3434    0.27670E-06
 3435    0.27600E-06
 3436    0.27529E-06
 3437    0.27459E-06
 3438    0.27389E-06
 3439    0.27319E-06
 3440    0.27249E-06
 3441    0.27180E-06
 3442    0.27110E-06
 3443    0.27041E-06
 3444    0.26972E-06
 3445    0.26903E-06
 3446    0.26835E-06
 3447    0.26766E-06
 3448    0.26698E-06
 3449    0.26630E-06
 3450    0.26562E-06
 3451    0.26494E-06
 3452    0.26426E-06
 3453    0.26359E-06
 3454    0.26291E-06
 3455    0.26224E-06
 3456    0.26157E-06
 3457    0.26091E-06
 3458    0.26024E-06
 3459    0.25958E-06
 3460    0.25891E-06
 3461    0.25825E-06
 3462    0.25759E-06
 3463    0.25694E-06
 3464    0.25628E-06
 3465    0.25563E-06
 3466    0.25497E-06
 3467    0.25432E-06
 3468    0.25367E-06
 3469    0.25303E-06
 3470    0.25238E-06
 3471    0.25174E-06
 3472    0.25109E-06
 3473    0.25045E-06
 3474    0.24981E-06
 3475    0.24918E-06
 3476    0.24854E-06
 3477    0.24790E-06
 3478    0.24727E-06
 3479    0.24664E-06
 3480    0.24601E-06
 3481    0.24538E-06
 3482    0.24476E-06
 3483    0.24413E-06
 3484    0.24351E-06
 3485    0.24289E-06
 3486    0.24227E-06
 3487    0.24165E-06
 3488    0.24103E-06
 3489    0.24042E-06
 3490    0.23980E-06
 3491    0.23919E-06
 3492    0.23858E-06
 3493    0.23797E-06
 3494    0.23736E-06
 3495    0.23676E-06
 3496    0.23615E-06
 3497    0.23555E-06
 3498    0.23495E-06
 3499    0.23435E-06
 3500    0.23375E-06
 3501    0.23316E-06
 3502    0.23256E-06
 3503    0.23197E-06
 3504    0.23137E-06
 3505    0.23078E-06
 3506    0.23020E-06
 3507    0.22961E-06
 3508    0.22902E-06
 3509    0.22844E-06
 3510    0.22785E-06
 3511    0.22727E-06
 3512    0.22669E-06
 3513    0.22611E-06
 3514    0.22554E-06
 3515    0.22496E-06
 3516    0.22439E-06
 3517    0.22381E-06
 3518    0.22324E-06
 3519    0.22267E-06
 3520    0.22210E-06
 3521    0.22154E-06
 3522    0.22097E-06
 3523    0.22041E-06
 3524    0.21985E-06
 3525    0.21928E-06
 3526    0.21872E-06
 3527    0.21817E-06
 3528    0.21761E-06
 3529    0.21705E-06
 3530    0.21650E-06
 3531    0.21595E-06
 3532    0.21540E-06
 3533    0.21485E-06
 3534    0.21430E-06
 3535    0.21375E-06
 3536    0.21321E-06
 3537    0.21266E-06
 3538    0.21212E-06
 3539    0.21158E-06
 3540    0.21104E-06
 3541    0.21050E-06
 3542    0.20996E-06
 3543    0.20942E-06
 3544    0.20889E-06
 3545    0.20836E-06
 3546    0.20783E-06
 3547    0.20729E-06
 3548    0.20677E-06
 3549    0.20624E-06
 3550    0.20571E-06
 3551    0.20519E-06
 3552    0.20466E-06
 3553    0.20414E-06
 3554    0.20362E-06
 3555    0.20310E-06
 3556    0.20258E-06
 3557    0.20206E-06
 3558    0.20155E-06
 3559    0.20103E-06
 3560    0.20052E-06
 3561    0.20001E-06
 3562    0.19950E-06
 3563    0.19899E-06
 3564    0.19848E-06
 3565    0.19797E-06
 3566    0.19747E-06
 3567    0.19696E-06
 3568    0.19646E-06
 3569    0.19596E-06
 3570    0.19546E-06
 3571    0.19496E-06
 3572    0.19446E-06
 3573    0.19397E-06
 3574    0.19347E-06
 3575    0.19298E-06
 3576    0.19249E-06
 3577    0.19199E-06
 3578    0.19150E-06
 3579    0.19102E-06
 3580    0.19053E-06
 3581    0.19004E-06
 3582    0.18956E-06
 3583    0.18907E-06
 3584    0.18859E-06
 3585    0.18811E-06
 3586    0.18763E-06
 3587    0.18715E-06
 3588    0.18667E-06
 3589    0.18620E-06
 3590    0.18572E-06
 3591    0.18525E-06
 3592    0.18477E-06
 3593    0.18430E-06
 3594    0.18383E-06
 3595    0.18336E-06
 3596    0.18289E-06
 3597    0.18243E-06
 3598    0.18196E-06
 3599    0.18150E-06
 3600    0.18103E-06
 3601    0.18057E-06
 3602    0.18011E-06
 3603    0.17965E-06
 3604    0.17919E-06
 3605    0.17874E-06
 3606    0.17828E-06
 3607    0.17782E-06
 3608    0.17737E-06
 3609    0.17692E-06
 3610    0.17647E-06
 3611    0.17602E-06
 3612    0.17557E-06
 3613    0.17512E-06
 3614    0.17467E-06
 3615    0.17422E-06
 3616    0.17378E-06
 3617    0.17334E-06
 3618    0.17289E-06
 3619    0.17245E-06
 3620    0.17201E-06
 3621    0.17157E-06
 3622    0.17114E-06
 3623    0.17070E-06
 3624    0.17026E-06
 3625    0.16983E-06
 3626    0.16939E-06
 3627    0.16896E-06
 3628    0.16853E-06
 3629    0.16810E-06
 3630    0.16767E-06
 3631    0.16724E-06
 3632    0.16682E-06
 3633    0.16639E-06
 3634    0.16597E-06
 3635    0.16554E-06
 3636    0.16512E-06
 3637    0.16470E-06
 3638    0.16428E-06
 3639    0.16386E-06
 3640    0.16344E-06
 3641    0.16302E-06
 3642    0.16261E-06
 3643    0.16219E-06
 3644    0.16178E-06
 3645    0.16137E-06
 3646    0.16095E-06
 3647    0.16054E-06
 3648    0.16013E-06
 3649    0.15972E-06
 3650    0.15932E-06
 3651    0.15891E-06
 3652    0.15850E-06
 3653    0.15810E-06
 3654    0.15770E-06
 3655    0.15729E-06
 3656    0.15689E-06
 3657    0.15649E-06
 3658    0.15609E-06
 3659    0.15569E-06
 3660    0.15530E-06
 3661    0.15490E-06
 3662    0.15450E-06
 3663    0.15411E-06
 3664    0.15372E-06
 3665    0.15332E-06
 3666    0.15293E-06
 3667    0.15254E-06
 3668    0.15215E-06
 3669    0.15176E-06
 3670    0.15138E-06
 3671    0.15099E-06
 3672    0.15061E-06
 3673    0.15022E-06
 3674    0.14984E-06
 3675    0.14946E-06
 3676    0.14907E-06
 3677    0.14869E-06
 3678    0.14831E-06
 3679    0.14794E-06
 3680    0.14756E-06
 3681    0.14718E-06
 3682    0.14681E-06
 3683    0.14643E-06
 3684    0.14606E-06
 3685    0.14568E-06
 3686    0.14531E-06
 3687    0.14494E-06
 3688    0.14457E-06
 3689    0.14420E-06
 3690    0.14383E-06
 3691    0.14347E-06
 3692    0.14310E-06
 3693    0.14274E-06
 3694    0.14237E-06
 3695    0.14201E-06
 3696    0.14165E-06
 3697    0.14128E-06
 3698    0.14092E-06
 3699    0.14056E-06
 3700    0.14020E-06
 3701    0.13985E-06
 3702    0.13949E-06
 3703    0.13913E-06
 3704    0.13878E-06
 3705    0.13842E-06
 3706    0.13807E-06
 3707    0.13772E-06
 3708    0.13737E-06
 3709    0.13702E-06
 3710    0.13667E-06
 3711    0.13632E-06
 3712    0.13597E-06
 3713    0.13562E-06
 3714    0.13528E-06
 3715    0.13493E-06
 3716    0.13459E-06
 3717    0.13424E-06
 3718    0.13390E-06
 3719    0.13356E-06
 3720    0.13322E-06
 3721    0.13288E-06
 3722    0.13254E-06
 3723    0.13220E-06
 3724    0.13186E-06
 3725    0.13153E-06
 3726    0.13119E-06
 3727    0.13086E-06
 3728    0.13052E-06
 3729    0.13019E-06
 3730    0.12986E-06
 3731    0.12952E-06
 3732    0.12919E-06
 3733    0.12886E-06
 3734    0.12854E-06
 3735    0.12821E-06
 3736    0.12788E-06
 3737    0.12755E-06
 3738    0.12723E-06
 3739    0.12690E-06
 3740    0.12658E-06
 3741    0.12626E-06
 3742    0.12593E-06
 3743    0.12561E-06
 3744    0.12529E-06
 3745    0.12497E-06
 3746    0.12465E-06
 3747    0.12433E-06
 3748    0.12402E-06
 3749    0.12370E-06
 3750    0.12339E-06
 3751    0.12307E-06
 3752    0.12276E-06
 3753    0.12244E-06
 3754    0.12213E-06
 3755    0.12182E-06
 3756    0.12151E-06
 3757    0.12120E-06
 3758    0.12089E-06
 3759    0.12058E-06
 3760    0.12027E-06
 3761    0.11996E-06
 3762    0.11966E-06
 3763    0.11935E-06
 3764    0.11905E-06
 3765    0.11874E-06
 3766    0.11844E-06
 3767    0.11814E-06
 3768    0.11784E-06
 3769    0.11754E-06
 3770    0.11724E-06
 3771    0.11694E-06
 3772    0.11664E-06
 3773    0.11634E-06
 3774    0.11604E-06
 3775    0.11575E-06
 3776    0.11545E-06
 3777    0.11516E-06
 3778    0.11486E-06
 3779    0.11457E-06
 3780    0.11428E-06
 3781    0.11399E-06
 3782    0.11370E-06
 3783    0.11341E-06
 3784    0.11312E-06
 3785    0.11283E-06
 3786    0.11254E-06
 3787    0.11225E-06
 3788    0.11197E-06
 3789    0.11168E-06
 3790    0.11139E-06
 3791    0.11111E-06
 3792    0.11083E-06
 3793    0.11054E-06
 3794    0.11026E-06
 3795    0.10998E-06
 3796    0.10970E-06
 3797    0.10942E-06
 3798    0.10914E-06
 3799    0.10886E-06
 3800    0.10858E-06
 3801    0.10831E-06
 3802    0.10803E-06
 3803    0.10775E-06
 3804    0.10748E-06
 3805    0.10720E-06
 3806    0.10693E-06
 3807    0.10666E-06
 3808    0.10639E-06
 3809    0.10611E-06
 3810    0.10584E-06
 3811    0.10557E-06
 3812    0.10530E-06
 3813    0.10503E-06
 3814    0.10477E-06
 3815    0.10450E-06
 3816    0.10423E-06
 3817    0.10397E-06
 3818    0.10370E-06
 3819    0.10344E-06
 3820    0.10317E-06
 3821    0.10291E-06
 3822    0.10265E-06
 3823    0.10238E-06
 3824    0.10212E-06
 3825    0.10186E-06
 3826    0.10160E-06
 3827    0.10134E-06
 3828    0.10108E-06
 3829    0.10083E-06
 3830    0.10057E-06
 3831    0.10031E-06
 3832    0.10006E-06
 3833    0.99801E-07
 3834    0.99546E-07
 3835    0.99292E-07
 3836    0.99039E-07
 3837    0.98786E-07
 3838    0.98534E-07
 3839    0.98282E-07
 3840    0.98031E-07
 3841    0.97781E-07
 3842    0.97531E-07
 3843    0.97282E-07
 3844    0.97034E-07
 3845    0.96786E-07
 3846    0.96539E-07
 3847    0.96293E-07
 3848    0.96047E-07
 3849    0.95802E-07
 3850    0.95557E-07
 3851    0.95313E-07
 3852    0.95070E-07
 3853    0.94827E-07
 3854    0.94585E-07
 3855    0.94344E-07
 3856    0.94103E-07
 3857    0.93863E-07
 3858    0.93623E-07
 3859    0.93384E-07
 3860    0.93146E-07
 3861    0.92908E-07
 3862    0.92671E-07
 3863    0.92435E-07
 3864    0.92199E-07
 3865    0.91963E-07
 3866    0.91729E-07
 3867    0.91494E-07
 3868    0.91261E-07
 3869    0.91028E-07
 3870    0.90796E-07
 3871    0.90564E-07
 3872    0.90333E-07
 3873    0.90102E-07
 3874    0.89872E-07
 3875    0.89643E-07
 3876    0.89414E-07
 3877    0.89186E-07
 3878    0.88958E-07
 3879    0.88731E-07
 3880    0.88504E-07
 3881    0.88278E-07
 3882    0.88053E-07
 3883    0.87828E-07
 3884    0.87604E-07
 3885    0.87381E-07
 3886    0.87157E-07
 3887    0.86935E-07
 3888    0.86713E-07
 3889    0.86492E-07
 3890    0.86271E-07
 3891    0.86051E-07
 3892    0.85831E-07
 3893    0.85612E-07
 3894    0.85393E-07
 3895    0.85175E-07
 3896    0.84958E-07
 3897    0.84741E-07
 3898    0.84525E-07
 3899    0.84309E-07
 3900    0.84094E-07
 3901    0.83879E-07
 3902    0.83665E-07
 3903    0.83452E-07
 3904    0.83239E-07
 3905    0.83026E-07
 3906    0.82814E-07
 3907    0.82603E-07
 3908    0.82392E-07
 3909    0.82182E-07
 3910    0.81972E-07
 3911    0.81763E-07
 3912    0.81554E-07
 3913    0.81346E-07
 3914    0.81138E-07
 3915    0.80931E-07
 3916    0.80724E-07
 3917    0.80518E-07
 3918    0.80313E-07
 3919    0.80108E-07
 3920    0.79903E-07
 3921    0.79699E-07
 3922    0.79496E-07
 3923    0.79293E-07
 3924    0.79091E-07
 3925    0.78889E-07
 3926    0.78687E-07
 3927    0.78486E-07
 3928    0.78286E-07
 3929    0.78086E-07
 3930    0.77887E-07
 3931    0.77688E-07
 3932    0.77490E-07
 3933    0.77292E-07
 3934    0.77095E-07
 3935    0.76898E-07
 3936    0.76702E-07
 3937    0.76506E-07
 3938    0.76311E-07
 3939    0.76116E-07
 3940    0.75922E-07
 3941    0.75728E-07
 3942    0.75534E-07
 3943    0.75342E-07
 3944    0.75149E-07
 3945    0.74957E-07
 3946    0.74766E-07
 3947    0.74575E-07
 3948    0.74385E-07
 3949    0.74195E-07
 3950    0.74006E-07
 3951    0.73817E-07
 3952    0.73628E-07
 3953    0.73440E-07
 3954    0.73253E-07
 3955    0.73066E-07
 3956    0.72879E-07
 3957    0.72693E-07
 3958    0.72508E-07
 3959    0.72323E-07
 3960    0.72138E-07
 3961    0.71954E-07
 3962    0.71770E-07
 3963    0.71587E-07
 3964    0.71404E-07
 3965    0.71222E-07
 3966    0.71040E-07
 3967    0.70859E-07
 3968    0.70678E-07
 3969    0.70498E-07
 3970    0.70318E-07
 3971    0.70138E-07
 3972    0.69959E-07
 3973    0.69781E-07
 3974    0.69603E-07
 3975    0.69425E-07
 3976    0.69248E-07
 3977    0.69071E-07
 3978    0.68895E-07
 3979    0.68719E-07
 3980    0.68543E-07
 3981    0.68368E-07
 3982    0.68194E-07
 3983    0.68020E-07
 3984    0.67846E-07
 3985    0.67673E-07
 3986    0.67500E-07
 3987    0.67328E-07
 3988    0.67156E-07
 3989    0.66985E-07
 3990    0.66814E-07
 3991    0.66643E-07
 3992    0.66473E-07
 3993    0.66303E-07
 3994    0.66134E-07
 3995    0.65965E-07
 3996    0.65797E-07
 3997    0.65629E-07
 3998    0.65461E-07
 3999    0.65294E-07
 4000    0.65128E-07
 4001    0.64961E-07
 4002    0.64796E-07
 4003    0.64630E-07
 4004    0.64465E-07
 4005    0.64301E-07
 4006    0.64136E-07
 4007    0.63973E-07
 4008    0.63809E-07
 4009    0.63647E-07
 4010    0.63484E-07
 4011    0.63322E-07
 4012    0.63160E-07
 4013    0.62999E-07
 4014    0.62838E-07
 4015    0.62678E-07
 4016    0.62518E-07
 4017    0.62358E-07
 4018    0.62199E-07
 4019    0.62040E-07
 4020    0.61882E-07
 4021    0.61724E-07
 4022    0.61567E-07
 4023    0.61409E-07
 4024    0.61253E-07
 4025    0.61096E-07
 4026    0.60940E-07
 4027    0.60785E-07
 4028    0.60630E-07
 4029    0.60475E-07
 4030    0.60321E-07
 4031    0.60167E-07
 4032    0.60013E-07
 4033    0.59860E-07
 4034    0.59707E-07
 4035    0.59555E-07
 4036    0.59403E-07
 4037    0.59251E-07
 4038    0.59100E-07
 4039    0.58949E-07
 4040    0.58798E-07
 4041    0.58648E-07
 4042    0.58499E-07
 4043    0.58349E-07
 4044    0.58200E-07
 4045    0.58052E-07
 4046    0.57904E-07
 4047    0.57756E-07
 4048    0.57608E-07
 4049    0.57461E-07
 4050    0.57315E-07
 4051    0.57168E-07
 4052    0.57022E-07
 4053    0.56877E-07
 4054    0.56732E-07
 4055    0.56587E-07
 4056    0.56442E-07
 4057    0.56298E-07
 4058    0.56155E-07
 4059    0.56011E-07
 4060    0.55868E-07
 4061    0.55726E-07
 4062    0.55583E-07
 4063    0.55442E-07
 4064    0.55300E-07
 4065    0.55159E-07
 4066    0.55018E-07
 4067    0.54878E-07
 4068    0.54738E-07
 4069    0.54598E-07
 4070    0.54458E-07
 4071    0.54319E-07
 4072    0.54181E-07
 4073    0.54042E-07
 4074    0.53904E-07
 4075    0.53767E-07
 4076    0.53630E-07
 4077    0.53493E-07
 4078    0.53356E-07
 4079    0.53220E-07
 4080    0.53084E-07
 4081    0.52949E-07
 4082    0.52814E-07
 4083    0.52679E-07
 4084    0.52544E-07
 4085    0.52410E-07
 4086    0.52276E-07
 4087    0.52143E-07
 4088    0.52010E-07
 4089    0.51877E-07
 4090    0.51745E-07
 4091    0.51613E-07
 4092    0.51481E-07
 4093    0.51349E-07
 4094    0.51218E-07
 4095    0.51088E-07
 4096    0.50957E-07
 4097    0.50827E-07
 4098    0.50697E-07
 4099    0.50568E-07
 4100    0.50439E-07
 4101    0.50310E-07
 4102    0.50182E-07
 4103    0.50054E-07
 4104    0.49926E-07
 4105    0.49798E-07
 4106    0.49671E-07
 4107    0.49544E-07
 4108    0.49418E-07
 4109    0.49292E-07
 4110    0.49166E-07
 4111    0.49041E-07
 4112    0.48915E-07
 4113    0.48790E-07
 4114    0.48666E-07
 4115    0.48542E-07
 4116    0.48418E-07
 4117    0.48294E-07
 4118    0.48171E-07
 4119    0.48048E-07
 4120    0.47925E-07
 4121    0.47803E-07
 4122    0.47681E-07
 4123    0.47559E-07
 4124    0.47438E-07
 4125    0.47317E-07
 4126    0.47196E-07
 4127    0.47075E-07
 4128    0.46955E-07
 4129    0.46835E-07
 4130    0.46716E-07
 4131    0.46597E-07
 4132    0.46478E-07
 4133    0.46359E-07
 4134    0.46241E-07
 4135    0.46123E-07
 4136    0.46005E-07
 4137    0.45888E-07
 4138    0.45770E-07
 4139    0.45654E-07
 4140    0.45537E-07
 4141    0.45421E-07
 4142    0.45305E-07
 4143    0.45189E-07
 4144    0.45074E-07
 4145    0.44959E-07
 4146    0.44844E-07
 4147    0.44730E-07
 4148    0.44615E-07
 4149    0.44502E-07
 4150    0.44388E-07
 4151    0.44275E-07
 4152    0.44162E-07
 4153    0.44049E-07
 4154    0.43936E-07
 4155    0.43824E-07
 4156    0.43712E-07
 4157    0.43601E-07
 4158    0.43490E-07
 4159    0.43379E-07
 4160    0.43268E-07
 4161    0.43157E-07
 4162    0.43047E-07
 4163    0.42937E-07
 4164    0.42828E-07
 4165    0.42718E-07
 4166    0.42609E-07
 4167    0.42501E-07
 4168    0.42392E-07
 4169    0.42284E-07
 4170    0.42176E-07
 4171    0.42068E-07
 4172    0.41961E-07
 4173    0.41854E-07
 4174    0.41747E-07
 4175    0.41640E-07
 4176    0.41534E-07
 4177    0.41428E-07
 4178    0.41322E-07
 4179    0.41217E-07
 4180    0.41112E-07
 4181    0.41007E-07
 4182    0.40902E-07
 4183    0.40798E-07
 4184    0.40693E-07
 4185    0.40590E-07
 4186    0.40486E-07
 4187    0.40383E-07
 4188    0.40280E-07
 4189    0.40177E-07
 4190    0.40074E-07
 4191    0.39972E-07
 4192    0.39870E-07
 4193    0.39768E-07
 4194    0.39667E-07
 4195    0.39565E-07
 4196    0.39464E-07
 4197    0.39364E-07
 4198    0.39263E-07
 4199    0.39163E-07
 4200    0.39063E-07
 4201    0.38963E-07
 4202    0.38864E-07
 4203    0.38765E-07
 4204    0.38666E-07
 4205    0.38567E-07
 4206    0.38468E-07
 4207    0.38370E-07
 4208    0.38272E-07
 4209    0.38175E-07
 4210    0.38077E-07
 4211    0.37980E-07
 4212    0.37883E-07
 4213    0.37786E-07
 4214    0.37690E-07
 4215    0.37594E-07
 4216    0.37498E-07
 4217    0.37402E-07
 4218    0.37307E-07
 4219    0.37211E-07
 4220    0.37116E-07
 4221    0.37022E-07
 4222    0.36927E-07
 4223    0.36833E-07
 4224    0.36739E-07
 4225    0.36645E-07
 4226    0.36551E-07
 4227    0.36458E-07
 4228    0.36365E-07
 4229    0.36272E-07
 4230    0.36180E-07
 4231    0.36087E-07
 4232    0.35995E-07
 4233    0.35903E-07
 4234    0.35812E-07
 4235    0.35720E-07
 4236    0.35629E-07
 4237    0.35538E-07
 4238    0.35447E-07
 4239    0.35357E-07
 4240    0.35267E-07
 4241    0.35177E-07
 4242    0.35087E-07
 4243    0.34997E-07
 4244    0.34908E-07
 4245    0.34819E-07
 4246    0.34730E-07
 4247    0.34641E-07
 4248    0.34553E-07
 4249    0.34465E-07
 4250    0.34377E-07
 4251    0.34289E-07
 4252    0.34201E-07
 4253    0.34114E-07
 4254    0.34027E-07
 4255    0.33940E-07
 4256    0.33854E-07
 4257    0.33767E-07
 4258    0.33681E-07
 4259    0.33595E-07
 4260    0.33509E-07
 4261    0.33424E-07
 4262    0.33338E-07
 4263    0.33253E-07
 4264    0.33168E-07
 4265    0.33084E-07
 4266    0.32999E-07
 4267    0.32915E-07
 4268    0.32831E-07
 4269    0.32747E-07
 4270    0.32664E-07
 4271    0.32580E-07
 4272    0.32497E-07
 4273    0.32414E-07
 4274    0.32331E-07
 4275    0.32249E-07
 4276    0.32167E-07
 4277    0.32084E-07
 4278    0.32003E-07
 4279    0.31921E-07
 4280    0.31839E-07
 4281    0.31758E-07
 4282    0.31677E-07
 4283    0.31596E-07
 4284    0.31515E-07
 4285    0.31435E-07
 4286    0.31355E-07
 4287    0.31275E-07
 4288    0.31195E-07
 4289    0.31115E-07
 4290    0.31036E-07
 4291    0.30957E-07
 4292    0.30878E-07
 4293    0.30799E-07
 4294    0.30720E-07
 4295    0.30642E-07
 4296    0.30564E-07
 4297    0.30486E-07
 4298    0.30408E-07
 4299    0.30330E-07
 4300    0.30253E-07
 4301    0.30175E-07
 4302    0.30098E-07
 4303    0.30022E-07
 4304    0.29945E-07
 4305    0.29869E-07
 4306    0.29792E-07
 4307    0.29716E-07
 4308    0.29640E-07
 4309    0.29565E-07
 4310    0.29489E-07
 4311    0.29414E-07
 4312    0.29339E-07
 4313    0.29264E-07
 4314    0.29189E-07
 4315    0.29115E-07
 4316    0.29040E-07
 4317    0.28966E-07
 4318    0.28892E-07
 4319    0.28819E-07
 4320    0.28745E-07
 4321    0.28672E-07
 4322    0.28599E-07
 4323    0.28526E-07
 4324    0.28453E-07
 4325    0.28380E-07
 4326    0.28308E-07
 4327    0.28235E-07
 4328    0.28163E-07
 4329    0.28091E-07
 4330    0.28020E-07
 4331    0.27948E-07
 4332    0.27877E-07
 4333    0.27806E-07
 4334    0.27735E-07
 4335    0.27664E-07
 4336    0.27593E-07
 4337    0.27523E-07
 4338    0.27453E-07
 4339    0.27383E-07
 4340    0.27313E-07
 4341    0.27243E-07
 4342    0.27173E-07
 4343    0.27104E-07
 4344    0.27035E-07
 4345    0.26966E-07
 4346    0.26897E-07
 4347    0.26828E-07
 4348    0.26760E-07
 4349    0.26692E-07
 4350    0.26623E-07
 4351    0.26555E-07
 4352    0.26488E-07
 4353    0.26420E-07
 4354    0.26353E-07
 4355    0.26285E-07
 4356    0.26218E-07
 4357    0.26151E-07
 4358    0.26085E-07
 4359    0.26018E-07
 4360    0.25952E-07
 4361    0.25885E-07
 4362    0.25819E-07
 4363    0.25753E-07
 4364    0.25688E-07
 4365    0.25622E-07
 4366    0.25557E-07
 4367    0.25491E-07
 4368    0.25426E-07
 4369    0.25361E-07
 4370    0.25297E-07
 4371    0.25232E-07
 4372    0.25168E-07
 4373    0.25103E-07
 4374    0.25039E-07
 4375    0.24975E-07
 4376    0.24912E-07
 4377    0.24848E-07
 4378    0.24785E-07
 4379    0.24721E-07
 4380    0.24658E-07
 4381    0.24595E-07
 4382    0.24533E-07
 4383    0.24470E-07
 4384    0.24408E-07
 4385    0.24345E-07
 4386    0.24283E-07
 4387    0.24221E-07
 4388    0.24159E-07
 4389    0.24098E-07
 4390    0.24036E-07
 4391    0.23975E-07
 4392    0.23914E-07
 4393    0.23852E-07
 4394    0.23792E-07
 4395    0.23731E-07
 4396    0.23670E-07
 4397    0.23610E-07
 4398    0.23550E-07
 4399    0.23489E-07
 4400    0.23430E-07
 4401    0.23370E-07
 4402    0.23310E-07
 4403    0.23251E-07
 4404    0.23191E-07
 4405    0.23132E-07
 4406    0.23073E-07
 4407    0.23014E-07
 4408    0.22955E-07
 4409    0.22897E-07
 4410    0.22838E-07
 4411    0.22780E-07
 4412    0.22722E-07
 4413    0.22664E-07
 4414    0.22606E-07
 4415    0.22548E-07
 4416    0.22491E-07
 4417    0.22433E-07
 4418    0.22376E-07
 4419    0.22319E-07
 4420    0.22262E-07
 4421    0.22205E-07
 4422    0.22148E-07
 4423    0.22092E-07
 4424    0.22036E-07
 4425    0.21979E-07
 4426    0.21923E-07
 4427    0.21867E-07
 4428    0.21811E-07
 4429    0.21756E-07
 4430    0.21700E-07
 4431    0.21645E-07
 4432    0.21590E-07
 4433    0.21534E-07
 4434    0.21479E-07
 4435    0.21425E-07
 4436    0.21370E-07
 4437    0.21315E-07
 4438    0.21261E-07
 4439    0.21207E-07
 4440    0.21153E-07
 4441    0.21099E-07
 4442    0.21045E-07
 4443    0.20991E-07
 4444    0.20937E-07
 4445    0.20884E-07
 4446    0.20831E-07
 4447    0.20777E-07
 4448    0.20724E-07
 4449    0.20672E-07
 4450    0.20619E-07
 4451    0.20566E-07
 4452    0.20514E-07
 4453    0.20461E-07
 4454    0.20409E-07
 4455    0.20357E-07
 4456    0.20305E-07
 4457    0.20253E-07
 4458    0.20201E-07
 4459    0.20150E-07
 4460    0.20098E-07
 4461    0.20047E-07
 4462    0.19996E-07
 4463    0.19945E-07
 4464    0.19894E-07
 4465    0.19843E-07
 4466    0.19793E-07
 4467    0.19742E-07
 4468    0.19692E-07
 4469    0.19641E-07
 4470    0.19591E-07
 4471    0.19541E-07
 4472    0.19491E-07
 4473    0.19442E-07
 4474    0.19392E-07
 4475    0.19342E-07
 4476    0.19293E-07
 4477    0.19244E-07
 4478    0.19195E-07
 4479    0.19146E-07
 4480    0.19097E-07
 4481    0.19048E-07
 4482    0.19000E-07
 4483    0.18951E-07
 4484    0.18903E-07
 4485    0.18854E-07
 4486    0.18806E-07
 4487    0.18758E-07
 4488    0.18710E-07
 4489    0.18663E-07
 4490    0.18615E-07
 4491    0.18567E-07
 4492    0.18520E-07
 4493    0.18473E-07
 4494    0.18426E-07
 4495    0.18379E-07
 4496    0.18332E-07
 4497    0.18285E-07
 4498    0.18238E-07
 4499    0.18192E-07
 4500    0.18145E-07
 4501    0.18099E-07
 4502    0.18053E-07
 4503    0.18007E-07
 4504    0.17961E-07
 4505    0.17915E-07
 4506    0.17869E-07
 4507    0.17823E-07
 4508    0.17778E-07
 4509    0.17733E-07
 4510    0.17687E-07
 4511    0.17642E-07
 4512    0.17597E-07
 4513    0.17552E-07
 4514    0.17507E-07
 4515    0.17463E-07
 4516    0.17418E-07
 4517    0.17374E-07
 4518    0.17329E-07
 4519    0.17285E-07
 4520    0.17241E-07
 4521    0.17197E-07
 4522    0.17153E-07
 4523    0.17109E-07
 4524    0.17066E-07
 4525    0.17022E-07
 4526    0.16979E-07
 4527    0.16935E-07
 4528    0.16892E-07
 4529    0.16849E-07
 4530    0.16806E-07
 4531    0.16763E-07
 4532    0.16720E-07
 4533    0.16678E-07
 4534    0.16635E-07
 4535    0.16593E-07
 4536    0.16550E-07
 4537    0.16508E-07
 4538    0.16466E-07
 4539    0.16424E-07
 4540    0.16382E-07
 4541    0.16340E-07
 4542    0.16298E-07
 4543    0.16257E-07
 4544    0.16215E-07
 4545    0.16174E-07
 4546    0.16133E-07
 4547    0.16091E-07
 4548    0.16050E-07
 4549    0.16009E-07
 4550    0.15968E-07
 4551    0.15928E-07
 4552    0.15887E-07
 4553    0.15846E-07
 4554    0.15806E-07
 4555    0.15766E-07
 4556    0.15725E-07
 4557    0.15685E-07
 4558    0.15645E-07
 4559    0.15605E-07
 4560    0.15565E-07
 4561    0.15526E-07
 4562    0.15486E-07
 4563    0.15447E-07
 4564    0.15407E-07
 4565    0.15368E-07
 4566    0.15329E-07
 4567    0.15289E-07
 4568    0.15250E-07
 4569    0.15211E-07
 4570    0.15173E-07
 4571    0.15134E-07
 4572    0.15095E-07
 4573    0.15057E-07
 4574    0.15018E-07
 4575    0.14980E-07
 4576    0.14942E-07
 4577    0.14904E-07
 4578    0.14866E-07
 4579    0.14828E-07
 4580    0.14790E-07
 4581    0.14752E-07
 4582    0.14714E-07
 4583    0.14677E-07
 4584    0.14639E-07
 4585    0.14602E-07
 4586    0.14565E-07
 4587    0.14528E-07
 4588    0.14490E-07
 4589    0.14453E-07
 4590    0.14417E-07
 4591    0.14380E-07
 4592    0.14343E-07
 4593    0.14306E-07
 4594    0.14270E-07
 4595    0.14233E-07
 4596    0.14197E-07
 4597    0.14161E-07
 4598    0.14125E-07
 4599    0.14089E-07
 4600    0.14053E-07
 4601    0.14017E-07
 4602    0.13981E-07
 4603    0.13945E-07
 4604    0.13910E-07
 4605    0.13874E-07
 4606    0.13839E-07
 4607    0.13804E-07
 4608    0.13768E-07
 4609    0.13733E-07
 4610    0.13698E-07
 4611    0.13663E-07
 4612    0.13628E-07
 4613    0.13593E-07
 4614    0.13559E-07
 4615    0.13524E-07
 4616    0.13490E-07
 4617    0.13455E-07
 4618    0.13421E-07
 4619    0.13387E-07
 4620    0.13352E-07
 4621    0.13318E-07
 4622    0.13284E-07
 4623    0.13250E-07
 4624    0.13217E-07
 4625    0.13183E-07
 4626    0.13149E-07
 4627    0.13116E-07
 4628    0.13082E-07
 4629    0.13049E-07
 4630    0.13016E-07
 4631    0.12982E-07
 4632    0.12949E-07
 4633    0.12916E-07
 4634    0.12883E-07
 4635    0.12850E-07
 4636    0.12817E-07
 4637    0.12785E-07
 4638    0.12752E-07
 4639    0.12720E-07
 4640    0.12687E-07
 4641    0.12655E-07
 4642    0.12622E-07
 4643    0.12590E-07
 4644    0.12558E-07
 4645    0.12526E-07
 4646    0.12494E-07
 4647    0.12462E-07
 4648    0.12430E-07
 4649    0.12399E-07
 4650    0.12367E-07
 4651    0.12335E-07
 4652    0.12304E-07
 4653    0.12272E-07
 4654    0.12241E-07
 4655    0.12210E-07
 4656    0.12179E-07
 4657    0.12148E-07
 4658    0.12117E-07
 4659    0.12086E-07
 4660    0.12055E-07
 4661    0.12024E-07
 4662    0.11993E-07
 4663    0.11963E-07
 4664    0.11932E-07
 4665    0.11902E-07
 4666    0.11871E-07
 4667    0.11841E-07
 4668    0.11811E-07
 4669    0.11781E-07
 4670    0.11751E-07
 4671    0.11721E-07
 4672    0.11691E-07
 4673    0.11661E-07
 4674    0.11631E-07
 4675    0.11601E-07
 4676    0.11572E-07
 4677    0.11542E-07
 4678    0.11513E-07
 4679    0.11483E-07
 4680    0.11454E-07
 4681    0.11425E-07
 4682    0.11396E-07
 4683    0.11367E-07
 4684    0.11338E-07
 4685    0.11309E-07
 4686    0.11280E-07
 4687    0.11251E-07
 4688    0.11222E-07
 4689    0.11194E-07
 4690    0.11165E-07
 4691    0.11137E-07
 4692    0.11108E-07
 4693    0.11080E-07
 4694    0.11051E-07
 4695    0.11023E-07
 4696    0.10995E-07
 4697    0.10967E-07
 4698    0.10939E-07
 4699    0.10911E-07
 4700    0.10883E-07
 4701    0.10856E-07
 4702    0.10828E-07
 4703    0.10800E-07
 4704    0.10773E-07
 4705    0.10745E-07
 4706    0.10718E-07
 4707    0.10690E-07
 4708    0.10663E-07
 4709    0.10636E-07
 4710    0.10609E-07
 4711    0.10582E-07
 4712    0.10555E-07
 4713    0.10528E-07
 4714    0.10501E-07
 4715    0.10474E-07
 4716    0.10447E-07
 4717    0.10421E-07
 4718    0.10394E-07
 4719    0.10367E-07
 4720    0.10341E-07
 4721    0.10315E-07
 4722    0.10288E-07
 4723    0.10262E-07
 4724    0.10236E-07
 4725    0.10210E-07
 4726    0.10184E-07
 4727    0.10158E-07
 4728    0.10132E-07
 4729    0.10106E-07
 4730    0.10080E-07
 4731    0.10054E-07
 4732    0.10029E-07
 4733    0.10003E-07
 4734    0.99775E-08

iteration:   4734

epsilon =     0.10000E-07
omega =     0.18000E+01
tick =     0.10000E-06

norm_x =     0.26629E+03, norm_analysis =     0.26628E+03
diff =     0.10089E+02

caltime =  107.3326, comtime =    0.3497, checktime =  109.8049
alltime =  217.4872

