    1    0.15251E+01
    2    0.13741E+01
    3    0.10174E+01
    4    0.90431E+00
    5    0.88535E+00
    6    0.75864E+00
    7    0.60144E+00
    8    0.53324E+00
    9    0.50338E+00
   10    0.43588E+00
   11    0.35733E+00
   12    0.31572E+00
   13    0.29324E+00
   14    0.25711E+00
   15    0.21644E+00
   16    0.19177E+00
   17    0.17692E+00
   18    0.15743E+00
   19    0.13619E+00
   20    0.12197E+00
   21    0.11270E+00
   22    0.10215E+00
   23    0.91091E-01
   24    0.83093E-01
   25    0.77489E-01
   26    0.71738E-01
   27    0.65949E-01
   28    0.61470E-01
   29    0.58095E-01
   30    0.54850E-01
   31    0.51696E-01
   32    0.49092E-01
   33    0.46979E-01
   34    0.45006E-01
   35    0.43127E-01
   36    0.41484E-01
   37    0.40061E-01
   38    0.38736E-01
   39    0.37481E-01
   40    0.36337E-01
   41    0.35298E-01
   42    0.34323E-01
   43    0.33396E-01
   44    0.32529E-01
   45    0.31719E-01
   46    0.30950E-01
   47    0.30216E-01
   48    0.29519E-01
   49    0.28856E-01
   50    0.28223E-01
   51    0.27615E-01
   52    0.27033E-01
   53    0.26474E-01
   54    0.25937E-01
   55    0.25420E-01
   56    0.24922E-01
   57    0.24441E-01
   58    0.23978E-01
   59    0.23529E-01
   60    0.23096E-01
   61    0.22677E-01
   62    0.22271E-01
   63    0.21877E-01
   64    0.21496E-01
   65    0.21125E-01
   66    0.20766E-01
   67    0.20417E-01
   68    0.20078E-01
   69    0.19749E-01
   70    0.19429E-01
   71    0.19117E-01
   72    0.18813E-01
   73    0.18518E-01
   74    0.18230E-01
   75    0.17950E-01
   76    0.17676E-01
   77    0.17410E-01
   78    0.17150E-01
   79    0.16896E-01
   80    0.16648E-01
   81    0.16407E-01
   82    0.16170E-01
   83    0.15940E-01
   84    0.15714E-01
   85    0.15494E-01
   86    0.15278E-01
   87    0.15067E-01
   88    0.14861E-01
   89    0.14659E-01
   90    0.14462E-01
   91    0.14269E-01
   92    0.14079E-01
   93    0.13894E-01
   94    0.13712E-01
   95    0.13534E-01
   96    0.13360E-01
   97    0.13189E-01
   98    0.13021E-01
   99    0.12857E-01
  100    0.12696E-01
  101    0.12537E-01
  102    0.12382E-01
  103    0.12230E-01
  104    0.12081E-01
  105    0.11934E-01
  106    0.11790E-01
  107    0.11648E-01
  108    0.11509E-01
  109    0.11373E-01
  110    0.11239E-01
  111    0.11107E-01
  112    0.10978E-01
  113    0.10850E-01
  114    0.10725E-01
  115    0.10602E-01
  116    0.10482E-01
  117    0.10363E-01
  118    0.10246E-01
  119    0.10131E-01
  120    0.10018E-01
  121    0.99063E-02
  122    0.97968E-02
  123    0.96890E-02
  124    0.95829E-02
  125    0.94785E-02
  126    0.93757E-02
  127    0.92744E-02
  128    0.91748E-02
  129    0.90767E-02
  130    0.89800E-02
  131    0.88848E-02
  132    0.87910E-02
  133    0.86987E-02
  134    0.86077E-02
  135    0.85180E-02
  136    0.84296E-02
  137    0.83425E-02
  138    0.82567E-02
  139    0.81721E-02
  140    0.80887E-02
  141    0.80065E-02
  142    0.79254E-02
  143    0.78455E-02
  144    0.77666E-02
  145    0.76889E-02
  146    0.76122E-02
  147    0.75366E-02
  148    0.74620E-02
  149    0.73884E-02
  150    0.73159E-02
  151    0.72442E-02
  152    0.71736E-02
  153    0.71038E-02
  154    0.70350E-02
  155    0.69671E-02
  156    0.69001E-02
  157    0.68339E-02
  158    0.67686E-02
  159    0.67041E-02
  160    0.66405E-02
  161    0.65776E-02
  162    0.65156E-02
  163    0.64543E-02
  164    0.63938E-02
  165    0.63341E-02
  166    0.62751E-02
  167    0.62168E-02
  168    0.61592E-02
  169    0.61024E-02
  170    0.60462E-02
  171    0.59907E-02
  172    0.59359E-02
  173    0.58817E-02
  174    0.58282E-02
  175    0.57754E-02
  176    0.57231E-02
  177    0.56715E-02
  178    0.56205E-02
  179    0.55701E-02
  180    0.55202E-02
  181    0.54710E-02
  182    0.54223E-02
  183    0.53742E-02
  184    0.53266E-02
  185    0.52796E-02
  186    0.52331E-02
  187    0.51871E-02
  188    0.51416E-02
  189    0.50967E-02
  190    0.50523E-02
  191    0.50083E-02
  192    0.49649E-02
  193    0.49219E-02
  194    0.48794E-02
  195    0.48374E-02
  196    0.47958E-02
  197    0.47547E-02
  198    0.47140E-02
  199    0.46738E-02
  200    0.46340E-02
  201    0.45947E-02
  202    0.45557E-02
  203    0.45172E-02
  204    0.44791E-02
  205    0.44414E-02
  206    0.44040E-02
  207    0.43671E-02
  208    0.43306E-02
  209    0.42944E-02
  210    0.42586E-02
  211    0.42232E-02
  212    0.41882E-02
  213    0.41535E-02
  214    0.41192E-02
  215    0.40852E-02
  216    0.40516E-02
  217    0.40183E-02
  218    0.39854E-02
  219    0.39527E-02
  220    0.39204E-02
  221    0.38885E-02
  222    0.38568E-02
  223    0.38255E-02
  224    0.37945E-02
  225    0.37638E-02
  226    0.37334E-02
  227    0.37033E-02
  228    0.36734E-02
  229    0.36439E-02
  230    0.36147E-02
  231    0.35857E-02
  232    0.35570E-02
  233    0.35286E-02
  234    0.35005E-02
  235    0.34727E-02
  236    0.34451E-02
  237    0.34177E-02
  238    0.33907E-02
  239    0.33639E-02
  240    0.33373E-02
  241    0.33110E-02
  242    0.32849E-02
  243    0.32591E-02
  244    0.32335E-02
  245    0.32082E-02
  246    0.31831E-02
  247    0.31582E-02
  248    0.31336E-02
  249    0.31091E-02
  250    0.30849E-02
  251    0.30610E-02
  252    0.30372E-02
  253    0.30136E-02
  254    0.29903E-02
  255    0.29672E-02
  256    0.29443E-02
  257    0.29216E-02
  258    0.28991E-02
  259    0.28767E-02
  260    0.28546E-02
  261    0.28327E-02
  262    0.28110E-02
  263    0.27895E-02
  264    0.27681E-02
  265    0.27470E-02
  266    0.27260E-02
  267    0.27052E-02
  268    0.26846E-02
  269    0.26642E-02
  270    0.26439E-02
  271    0.26239E-02
  272    0.26040E-02
  273    0.25842E-02
  274    0.25647E-02
  275    0.25453E-02
  276    0.25260E-02
  277    0.25070E-02
  278    0.24880E-02
  279    0.24693E-02
  280    0.24507E-02
  281    0.24323E-02
  282    0.24140E-02
  283    0.23959E-02
  284    0.23779E-02
  285    0.23601E-02
  286    0.23424E-02
  287    0.23248E-02
  288    0.23074E-02
  289    0.22902E-02
  290    0.22731E-02
  291    0.22561E-02
  292    0.22393E-02
  293    0.22226E-02
  294    0.22061E-02
  295    0.21896E-02
  296    0.21734E-02
  297    0.21572E-02
  298    0.21412E-02
  299    0.21253E-02
  300    0.21095E-02
  301    0.20939E-02
  302    0.20784E-02
  303    0.20630E-02
  304    0.20477E-02
  305    0.20326E-02
  306    0.20176E-02
  307    0.20027E-02
  308    0.19879E-02
  309    0.19732E-02
  310    0.19586E-02
  311    0.19442E-02
  312    0.19299E-02
  313    0.19157E-02
  314    0.19016E-02
  315    0.18876E-02
  316    0.18737E-02
  317    0.18599E-02
  318    0.18462E-02
  319    0.18327E-02
  320    0.18192E-02
  321    0.18059E-02
  322    0.17926E-02
  323    0.17795E-02
  324    0.17664E-02
  325    0.17535E-02
  326    0.17407E-02
  327    0.17279E-02
  328    0.17153E-02
  329    0.17027E-02
  330    0.16903E-02
  331    0.16779E-02
  332    0.16656E-02
  333    0.16535E-02
  334    0.16414E-02
  335    0.16294E-02
  336    0.16175E-02
  337    0.16057E-02
  338    0.15940E-02
  339    0.15824E-02
  340    0.15708E-02
  341    0.15594E-02
  342    0.15480E-02
  343    0.15367E-02
  344    0.15255E-02
  345    0.15144E-02
  346    0.15034E-02
  347    0.14924E-02
  348    0.14816E-02
  349    0.14708E-02
  350    0.14601E-02
  351    0.14495E-02
  352    0.14389E-02
  353    0.14284E-02
  354    0.14181E-02
  355    0.14078E-02
  356    0.13975E-02
  357    0.13874E-02
  358    0.13773E-02
  359    0.13673E-02
  360    0.13573E-02
  361    0.13475E-02
  362    0.13377E-02
  363    0.13280E-02
  364    0.13183E-02
  365    0.13088E-02
  366    0.12993E-02
  367    0.12898E-02
  368    0.12805E-02
  369    0.12712E-02
  370    0.12620E-02
  371    0.12528E-02
  372    0.12437E-02
  373    0.12347E-02
  374    0.12258E-02
  375    0.12169E-02
  376    0.12080E-02
  377    0.11993E-02
  378    0.11906E-02
  379    0.11820E-02
  380    0.11734E-02
  381    0.11649E-02
  382    0.11564E-02
  383    0.11481E-02
  384    0.11397E-02
  385    0.11315E-02
  386    0.11233E-02
  387    0.11151E-02
  388    0.11071E-02
  389    0.10990E-02
  390    0.10911E-02
  391    0.10832E-02
  392    0.10753E-02
  393    0.10675E-02
  394    0.10598E-02
  395    0.10521E-02
  396    0.10445E-02
  397    0.10369E-02
  398    0.10294E-02
  399    0.10220E-02
  400    0.10145E-02
  401    0.10072E-02
  402    0.99990E-03
  403    0.99266E-03
  404    0.98546E-03
  405    0.97833E-03
  406    0.97124E-03
  407    0.96420E-03
  408    0.95722E-03
  409    0.95028E-03
  410    0.94340E-03
  411    0.93656E-03
  412    0.92978E-03
  413    0.92304E-03
  414    0.91635E-03
  415    0.90971E-03
  416    0.90312E-03
  417    0.89658E-03
  418    0.89008E-03
  419    0.88363E-03
  420    0.87723E-03
  421    0.87087E-03
  422    0.86456E-03
  423    0.85830E-03
  424    0.85208E-03
  425    0.84590E-03
  426    0.83977E-03
  427    0.83368E-03
  428    0.82764E-03
  429    0.82164E-03
  430    0.81569E-03
  431    0.80977E-03
  432    0.80390E-03
  433    0.79808E-03
  434    0.79229E-03
  435    0.78655E-03
  436    0.78084E-03
  437    0.77518E-03
  438    0.76956E-03
  439    0.76398E-03
  440    0.75844E-03
  441    0.75294E-03
  442    0.74748E-03
  443    0.74206E-03
  444    0.73667E-03
  445    0.73133E-03
  446    0.72603E-03
  447    0.72076E-03
  448    0.71553E-03
  449    0.71034E-03
  450    0.70518E-03
  451    0.70007E-03
  452    0.69499E-03
  453    0.68994E-03
  454    0.68494E-03
  455    0.67997E-03
  456    0.67503E-03
  457    0.67013E-03
  458    0.66527E-03
  459    0.66044E-03
  460    0.65564E-03
  461    0.65088E-03
  462    0.64616E-03
  463    0.64146E-03
  464    0.63681E-03
  465    0.63218E-03
  466    0.62759E-03
  467    0.62303E-03
  468    0.61851E-03
  469    0.61401E-03
  470    0.60955E-03
  471    0.60513E-03
  472    0.60073E-03
  473    0.59637E-03
  474    0.59203E-03
  475    0.58773E-03
  476    0.58346E-03
  477    0.57922E-03
  478    0.57501E-03
  479    0.57083E-03
  480    0.56668E-03
  481    0.56256E-03
  482    0.55847E-03
  483    0.55441E-03
  484    0.55038E-03
  485    0.54638E-03
  486    0.54240E-03
  487    0.53846E-03
  488    0.53454E-03
  489    0.53066E-03
  490    0.52680E-03
  491    0.52296E-03
  492    0.51916E-03
  493    0.51538E-03
  494    0.51163E-03
  495    0.50791E-03
  496    0.50421E-03
  497    0.50054E-03
  498    0.49690E-03
  499    0.49329E-03
  500    0.48970E-03
  501    0.48613E-03
  502    0.48259E-03
  503    0.47908E-03
  504    0.47559E-03
  505    0.47213E-03
  506    0.46869E-03
  507    0.46528E-03
  508    0.46189E-03
  509    0.45853E-03
  510    0.45519E-03
  511    0.45187E-03
  512    0.44858E-03
  513    0.44531E-03
  514    0.44207E-03
  515    0.43885E-03
  516    0.43565E-03
  517    0.43247E-03
  518    0.42932E-03
  519    0.42619E-03
  520    0.42309E-03
  521    0.42000E-03
  522    0.41694E-03
  523    0.41390E-03
  524    0.41089E-03
  525    0.40789E-03
  526    0.40492E-03
  527    0.40197E-03
  528    0.39903E-03
  529    0.39612E-03
  530    0.39324E-03
  531    0.39037E-03
  532    0.38752E-03
  533    0.38469E-03
  534    0.38189E-03
  535    0.37910E-03
  536    0.37634E-03
  537    0.37359E-03
  538    0.37087E-03
  539    0.36816E-03
  540    0.36547E-03
  541    0.36281E-03
  542    0.36016E-03
  543    0.35753E-03
  544    0.35492E-03
  545    0.35233E-03
  546    0.34976E-03
  547    0.34721E-03
  548    0.34467E-03
  549    0.34215E-03
  550    0.33966E-03
  551    0.33718E-03
  552    0.33471E-03
  553    0.33227E-03
  554    0.32984E-03
  555    0.32743E-03
  556    0.32504E-03
  557    0.32267E-03
  558    0.32031E-03
  559    0.31797E-03
  560    0.31565E-03
  561    0.31334E-03
  562    0.31105E-03
  563    0.30878E-03
  564    0.30653E-03
  565    0.30429E-03
  566    0.30206E-03
  567    0.29985E-03
  568    0.29766E-03
  569    0.29549E-03
  570    0.29333E-03
  571    0.29118E-03
  572    0.28906E-03
  573    0.28694E-03
  574    0.28484E-03
  575    0.28276E-03
  576    0.28069E-03
  577    0.27864E-03
  578    0.27660E-03
  579    0.27458E-03
  580    0.27257E-03
  581    0.27058E-03
  582    0.26860E-03
  583    0.26664E-03
  584    0.26469E-03
  585    0.26275E-03
  586    0.26083E-03
  587    0.25892E-03
  588    0.25703E-03
  589    0.25515E-03
  590    0.25328E-03
  591    0.25143E-03
  592    0.24959E-03
  593    0.24776E-03
  594    0.24595E-03
  595    0.24415E-03
  596    0.24236E-03
  597    0.24059E-03
  598    0.23883E-03
  599    0.23708E-03
  600    0.23534E-03
  601    0.23362E-03
  602    0.23191E-03
  603    0.23021E-03
  604    0.22853E-03
  605    0.22685E-03
  606    0.22519E-03
  607    0.22354E-03
  608    0.22191E-03
  609    0.22028E-03
  610    0.21867E-03
  611    0.21707E-03
  612    0.21548E-03
  613    0.21390E-03
  614    0.21233E-03
  615    0.21078E-03
  616    0.20923E-03
  617    0.20770E-03
  618    0.20618E-03
  619    0.20467E-03
  620    0.20317E-03
  621    0.20168E-03
  622    0.20020E-03
  623    0.19874E-03
  624    0.19728E-03
  625    0.19584E-03
  626    0.19440E-03
  627    0.19298E-03
  628    0.19156E-03
  629    0.19016E-03
  630    0.18876E-03
  631    0.18738E-03
  632    0.18601E-03
  633    0.18464E-03
  634    0.18329E-03
  635    0.18195E-03
  636    0.18061E-03
  637    0.17929E-03
  638    0.17798E-03
  639    0.17667E-03
  640    0.17538E-03
  641    0.17409E-03
  642    0.17281E-03
  643    0.17155E-03
  644    0.17029E-03
  645    0.16904E-03
  646    0.16780E-03
  647    0.16657E-03
  648    0.16535E-03
  649    0.16414E-03
  650    0.16293E-03
  651    0.16174E-03
  652    0.16055E-03
  653    0.15937E-03
  654    0.15820E-03
  655    0.15704E-03
  656    0.15589E-03
  657    0.15475E-03
  658    0.15361E-03
  659    0.15249E-03
  660    0.15137E-03
  661    0.15026E-03
  662    0.14915E-03
  663    0.14806E-03
  664    0.14697E-03
  665    0.14590E-03
  666    0.14483E-03
  667    0.14376E-03
  668    0.14271E-03
  669    0.14166E-03
  670    0.14062E-03
  671    0.13959E-03
  672    0.13856E-03
  673    0.13755E-03
  674    0.13654E-03
  675    0.13554E-03
  676    0.13454E-03
  677    0.13355E-03
  678    0.13257E-03
  679    0.13160E-03
  680    0.13063E-03
  681    0.12968E-03
  682    0.12872E-03
  683    0.12778E-03
  684    0.12684E-03
  685    0.12591E-03
  686    0.12498E-03
  687    0.12407E-03
  688    0.12316E-03
  689    0.12225E-03
  690    0.12135E-03
  691    0.12046E-03
  692    0.11958E-03
  693    0.11870E-03
  694    0.11783E-03
  695    0.11696E-03
  696    0.11610E-03
  697    0.11525E-03
  698    0.11441E-03
  699    0.11357E-03
  700    0.11273E-03
  701    0.11190E-03
  702    0.11108E-03
  703    0.11027E-03
  704    0.10946E-03
  705    0.10865E-03
  706    0.10785E-03
  707    0.10706E-03
  708    0.10628E-03
  709    0.10549E-03
  710    0.10472E-03
  711    0.10395E-03
  712    0.10319E-03
  713    0.10243E-03
  714    0.10168E-03
  715    0.10093E-03
  716    0.10019E-03
  717    0.99452E-04
  718    0.98721E-04
  719    0.97996E-04
  720    0.97276E-04
  721    0.96561E-04
  722    0.95852E-04
  723    0.95147E-04
  724    0.94448E-04
  725    0.93754E-04
  726    0.93065E-04
  727    0.92381E-04
  728    0.91703E-04
  729    0.91029E-04
  730    0.90360E-04
  731    0.89696E-04
  732    0.89036E-04
  733    0.88382E-04
  734    0.87733E-04
  735    0.87088E-04
  736    0.86448E-04
  737    0.85812E-04
  738    0.85182E-04
  739    0.84556E-04
  740    0.83934E-04
  741    0.83317E-04
  742    0.82705E-04
  743    0.82097E-04
  744    0.81493E-04
  745    0.80894E-04
  746    0.80300E-04
  747    0.79709E-04
  748    0.79123E-04
  749    0.78542E-04
  750    0.77964E-04
  751    0.77391E-04
  752    0.76822E-04
  753    0.76257E-04
  754    0.75697E-04
  755    0.75140E-04
  756    0.74588E-04
  757    0.74039E-04
  758    0.73495E-04
  759    0.72955E-04
  760    0.72418E-04
  761    0.71886E-04
  762    0.71357E-04
  763    0.70833E-04
  764    0.70312E-04
  765    0.69795E-04
  766    0.69281E-04
  767    0.68772E-04
  768    0.68266E-04
  769    0.67764E-04
  770    0.67266E-04
  771    0.66771E-04
  772    0.66280E-04
  773    0.65793E-04
  774    0.65309E-04
  775    0.64829E-04
  776    0.64352E-04
  777    0.63879E-04
  778    0.63409E-04
  779    0.62942E-04
  780    0.62480E-04
  781    0.62020E-04
  782    0.61564E-04
  783    0.61111E-04
  784    0.60662E-04
  785    0.60215E-04
  786    0.59773E-04
  787    0.59333E-04
  788    0.58896E-04
  789    0.58463E-04
  790    0.58033E-04
  791    0.57606E-04
  792    0.57183E-04
  793    0.56762E-04
  794    0.56344E-04
  795    0.55930E-04
  796    0.55518E-04
  797    0.55110E-04
  798    0.54705E-04
  799    0.54302E-04
  800    0.53903E-04
  801    0.53506E-04
  802    0.53113E-04
  803    0.52722E-04
  804    0.52334E-04
  805    0.51949E-04
  806    0.51567E-04
  807    0.51187E-04
  808    0.50811E-04
  809    0.50437E-04
  810    0.50066E-04
  811    0.49697E-04
  812    0.49332E-04
  813    0.48969E-04
  814    0.48609E-04
  815    0.48251E-04
  816    0.47896E-04
  817    0.47543E-04
  818    0.47194E-04
  819    0.46846E-04
  820    0.46502E-04
  821    0.46160E-04
  822    0.45820E-04
  823    0.45483E-04
  824    0.45148E-04
  825    0.44816E-04
  826    0.44486E-04
  827    0.44159E-04
  828    0.43834E-04
  829    0.43511E-04
  830    0.43191E-04
  831    0.42873E-04
  832    0.42558E-04
  833    0.42244E-04
  834    0.41934E-04
  835    0.41625E-04
  836    0.41319E-04
  837    0.41015E-04
  838    0.40713E-04
  839    0.40413E-04
  840    0.40116E-04
  841    0.39820E-04
  842    0.39527E-04
  843    0.39236E-04
  844    0.38948E-04
  845    0.38661E-04
  846    0.38376E-04
  847    0.38094E-04
  848    0.37814E-04
  849    0.37535E-04
  850    0.37259E-04
  851    0.36985E-04
  852    0.36713E-04
  853    0.36442E-04
  854    0.36174E-04
  855    0.35908E-04
  856    0.35644E-04
  857    0.35381E-04
  858    0.35121E-04
  859    0.34862E-04
  860    0.34606E-04
  861    0.34351E-04
  862    0.34098E-04
  863    0.33847E-04
  864    0.33598E-04
  865    0.33351E-04
  866    0.33105E-04
  867    0.32862E-04
  868    0.32620E-04
  869    0.32380E-04
  870    0.32141E-04
  871    0.31905E-04
  872    0.31670E-04
  873    0.31437E-04
  874    0.31205E-04
  875    0.30975E-04
  876    0.30747E-04
  877    0.30521E-04
  878    0.30296E-04
  879    0.30073E-04
  880    0.29852E-04
  881    0.29632E-04
  882    0.29414E-04
  883    0.29197E-04
  884    0.28983E-04
  885    0.28769E-04
  886    0.28557E-04
  887    0.28347E-04
  888    0.28138E-04
  889    0.27931E-04
  890    0.27726E-04
  891    0.27522E-04
  892    0.27319E-04
  893    0.27118E-04
  894    0.26918E-04
  895    0.26720E-04
  896    0.26523E-04
  897    0.26328E-04
  898    0.26134E-04
  899    0.25942E-04
  900    0.25751E-04
  901    0.25561E-04
  902    0.25373E-04
  903    0.25186E-04
  904    0.25001E-04
  905    0.24817E-04
  906    0.24634E-04
  907    0.24452E-04
  908    0.24272E-04
  909    0.24094E-04
  910    0.23916E-04
  911    0.23740E-04
  912    0.23565E-04
  913    0.23392E-04
  914    0.23220E-04
  915    0.23049E-04
  916    0.22879E-04
  917    0.22711E-04
  918    0.22543E-04
  919    0.22377E-04
  920    0.22213E-04
  921    0.22049E-04
  922    0.21887E-04
  923    0.21725E-04
  924    0.21565E-04
  925    0.21407E-04
  926    0.21249E-04
  927    0.21093E-04
  928    0.20937E-04
  929    0.20783E-04
  930    0.20630E-04
  931    0.20478E-04
  932    0.20327E-04
  933    0.20178E-04
  934    0.20029E-04
  935    0.19882E-04
  936    0.19735E-04
  937    0.19590E-04
  938    0.19446E-04
  939    0.19302E-04
  940    0.19160E-04
  941    0.19019E-04
  942    0.18879E-04
  943    0.18740E-04
  944    0.18602E-04
  945    0.18465E-04
  946    0.18329E-04
  947    0.18194E-04
  948    0.18060E-04
  949    0.17927E-04
  950    0.17795E-04
  951    0.17664E-04
  952    0.17534E-04
  953    0.17405E-04
  954    0.17277E-04
  955    0.17149E-04
  956    0.17023E-04
  957    0.16898E-04
  958    0.16773E-04
  959    0.16650E-04
  960    0.16527E-04
  961    0.16405E-04
  962    0.16285E-04
  963    0.16165E-04
  964    0.16046E-04
  965    0.15928E-04
  966    0.15810E-04
  967    0.15694E-04
  968    0.15578E-04
  969    0.15463E-04
  970    0.15350E-04
  971    0.15237E-04
  972    0.15124E-04
  973    0.15013E-04
  974    0.14902E-04
  975    0.14793E-04
  976    0.14684E-04
  977    0.14576E-04
  978    0.14468E-04
  979    0.14362E-04
  980    0.14256E-04
  981    0.14151E-04
  982    0.14047E-04
  983    0.13943E-04
  984    0.13840E-04
  985    0.13739E-04
  986    0.13637E-04
  987    0.13537E-04
  988    0.13437E-04
  989    0.13338E-04
  990    0.13240E-04
  991    0.13142E-04
  992    0.13046E-04
  993    0.12950E-04
  994    0.12854E-04
  995    0.12760E-04
  996    0.12666E-04
  997    0.12572E-04
  998    0.12480E-04
  999    0.12388E-04
 1000    0.12297E-04
 1001    0.12206E-04
 1002    0.12116E-04
 1003    0.12027E-04
 1004    0.11938E-04
 1005    0.11850E-04
 1006    0.11763E-04
 1007    0.11676E-04
 1008    0.11590E-04
 1009    0.11505E-04
 1010    0.11420E-04
 1011    0.11336E-04
 1012    0.11253E-04
 1013    0.11170E-04
 1014    0.11087E-04
 1015    0.11006E-04
 1016    0.10925E-04
 1017    0.10844E-04
 1018    0.10764E-04
 1019    0.10685E-04
 1020    0.10606E-04
 1021    0.10528E-04
 1022    0.10451E-04
 1023    0.10374E-04
 1024    0.10297E-04
 1025    0.10221E-04
 1026    0.10146E-04
 1027    0.10071E-04
 1028    0.99973E-05
 1029    0.99236E-05
 1030    0.98505E-05
 1031    0.97780E-05
 1032    0.97060E-05
 1033    0.96345E-05
 1034    0.95635E-05
 1035    0.94930E-05
 1036    0.94231E-05
 1037    0.93537E-05
 1038    0.92848E-05
 1039    0.92164E-05
 1040    0.91485E-05
 1041    0.90811E-05
 1042    0.90142E-05
 1043    0.89478E-05
 1044    0.88819E-05
 1045    0.88165E-05
 1046    0.87516E-05
 1047    0.86871E-05
 1048    0.86231E-05
 1049    0.85596E-05
 1050    0.84965E-05
 1051    0.84339E-05
 1052    0.83718E-05
 1053    0.83102E-05
 1054    0.82489E-05
 1055    0.81882E-05
 1056    0.81279E-05
 1057    0.80680E-05
 1058    0.80086E-05
 1059    0.79496E-05
 1060    0.78910E-05
 1061    0.78329E-05
 1062    0.77752E-05
 1063    0.77179E-05
 1064    0.76610E-05
 1065    0.76046E-05
 1066    0.75486E-05
 1067    0.74930E-05
 1068    0.74378E-05
 1069    0.73830E-05
 1070    0.73286E-05
 1071    0.72746E-05
 1072    0.72210E-05
 1073    0.71678E-05
 1074    0.71150E-05
 1075    0.70626E-05
 1076    0.70106E-05
 1077    0.69590E-05
 1078    0.69077E-05
 1079    0.68568E-05
 1080    0.68063E-05
 1081    0.67562E-05
 1082    0.67064E-05
 1083    0.66570E-05
 1084    0.66079E-05
 1085    0.65593E-05
 1086    0.65109E-05
 1087    0.64630E-05
 1088    0.64154E-05
 1089    0.63681E-05
 1090    0.63212E-05
 1091    0.62746E-05
 1092    0.62284E-05
 1093    0.61825E-05
 1094    0.61370E-05
 1095    0.60918E-05
 1096    0.60469E-05
 1097    0.60023E-05
 1098    0.59581E-05
 1099    0.59142E-05
 1100    0.58707E-05
 1101    0.58274E-05
 1102    0.57845E-05
 1103    0.57419E-05
 1104    0.56996E-05
 1105    0.56576E-05
 1106    0.56159E-05
 1107    0.55745E-05
 1108    0.55335E-05
 1109    0.54927E-05
 1110    0.54522E-05
 1111    0.54121E-05
 1112    0.53722E-05
 1113    0.53326E-05
 1114    0.52933E-05
 1115    0.52544E-05
 1116    0.52156E-05
 1117    0.51772E-05
 1118    0.51391E-05
 1119    0.51012E-05
 1120    0.50636E-05
 1121    0.50263E-05
 1122    0.49893E-05
 1123    0.49526E-05
 1124    0.49161E-05
 1125    0.48798E-05
 1126    0.48439E-05
 1127    0.48082E-05
 1128    0.47728E-05
 1129    0.47376E-05
 1130    0.47027E-05
 1131    0.46681E-05
 1132    0.46337E-05
 1133    0.45996E-05
 1134    0.45657E-05
 1135    0.45320E-05
 1136    0.44986E-05
 1137    0.44655E-05
 1138    0.44326E-05
 1139    0.44000E-05
 1140    0.43675E-05
 1141    0.43354E-05
 1142    0.43034E-05
 1143    0.42717E-05
 1144    0.42403E-05
 1145    0.42090E-05
 1146    0.41780E-05
 1147    0.41472E-05
 1148    0.41167E-05
 1149    0.40863E-05
 1150    0.40562E-05
 1151    0.40264E-05
 1152    0.39967E-05
 1153    0.39672E-05
 1154    0.39380E-05
 1155    0.39090E-05
 1156    0.38802E-05
 1157    0.38516E-05
 1158    0.38232E-05
 1159    0.37951E-05
 1160    0.37671E-05
 1161    0.37394E-05
 1162    0.37118E-05
 1163    0.36845E-05
 1164    0.36573E-05
 1165    0.36304E-05
 1166    0.36036E-05
 1167    0.35771E-05
 1168    0.35507E-05
 1169    0.35246E-05
 1170    0.34986E-05
 1171    0.34728E-05
 1172    0.34473E-05
 1173    0.34219E-05
 1174    0.33966E-05
 1175    0.33716E-05
 1176    0.33468E-05
 1177    0.33221E-05
 1178    0.32976E-05
 1179    0.32734E-05
 1180    0.32492E-05
 1181    0.32253E-05
 1182    0.32015E-05
 1183    0.31780E-05
 1184    0.31545E-05
 1185    0.31313E-05
 1186    0.31082E-05
 1187    0.30853E-05
 1188    0.30626E-05
 1189    0.30400E-05
 1190    0.30176E-05
 1191    0.29954E-05
 1192    0.29733E-05
 1193    0.29514E-05
 1194    0.29297E-05
 1195    0.29081E-05
 1196    0.28867E-05
 1197    0.28654E-05
 1198    0.28443E-05
 1199    0.28233E-05
 1200    0.28025E-05
 1201    0.27819E-05
 1202    0.27614E-05
 1203    0.27411E-05
 1204    0.27209E-05
 1205    0.27008E-05
 1206    0.26809E-05
 1207    0.26612E-05
 1208    0.26416E-05
 1209    0.26221E-05
 1210    0.26028E-05
 1211    0.25836E-05
 1212    0.25646E-05
 1213    0.25457E-05
 1214    0.25269E-05
 1215    0.25083E-05
 1216    0.24898E-05
 1217    0.24715E-05
 1218    0.24533E-05
 1219    0.24352E-05
 1220    0.24173E-05
 1221    0.23994E-05
 1222    0.23818E-05
 1223    0.23642E-05
 1224    0.23468E-05
 1225    0.23295E-05
 1226    0.23124E-05
 1227    0.22953E-05
 1228    0.22784E-05
 1229    0.22616E-05
 1230    0.22450E-05
 1231    0.22284E-05
 1232    0.22120E-05
 1233    0.21957E-05
 1234    0.21795E-05
 1235    0.21635E-05
 1236    0.21475E-05
 1237    0.21317E-05
 1238    0.21160E-05
 1239    0.21004E-05
 1240    0.20849E-05
 1241    0.20696E-05
 1242    0.20543E-05
 1243    0.20392E-05
 1244    0.20242E-05
 1245    0.20093E-05
 1246    0.19945E-05
 1247    0.19798E-05
 1248    0.19652E-05
 1249    0.19507E-05
 1250    0.19363E-05
 1251    0.19221E-05
 1252    0.19079E-05
 1253    0.18938E-05
 1254    0.18799E-05
 1255    0.18660E-05
 1256    0.18523E-05
 1257    0.18386E-05
 1258    0.18251E-05
 1259    0.18116E-05
 1260    0.17983E-05
 1261    0.17850E-05
 1262    0.17719E-05
 1263    0.17588E-05
 1264    0.17459E-05
 1265    0.17330E-05
 1266    0.17203E-05
 1267    0.17076E-05
 1268    0.16950E-05
 1269    0.16825E-05
 1270    0.16701E-05
 1271    0.16578E-05
 1272    0.16456E-05
 1273    0.16335E-05
 1274    0.16214E-05
 1275    0.16095E-05
 1276    0.15976E-05
 1277    0.15859E-05
 1278    0.15742E-05
 1279    0.15626E-05
 1280    0.15511E-05
 1281    0.15396E-05
 1282    0.15283E-05
 1283    0.15170E-05
 1284    0.15059E-05
 1285    0.14948E-05
 1286    0.14838E-05
 1287    0.14728E-05
 1288    0.14620E-05
 1289    0.14512E-05
 1290    0.14405E-05
 1291    0.14299E-05
 1292    0.14194E-05
 1293    0.14089E-05
 1294    0.13985E-05
 1295    0.13882E-05
 1296    0.13780E-05
 1297    0.13678E-05
 1298    0.13578E-05
 1299    0.13478E-05
 1300    0.13378E-05
 1301    0.13280E-05
 1302    0.13182E-05
 1303    0.13085E-05
 1304    0.12988E-05
 1305    0.12893E-05
 1306    0.12798E-05
 1307    0.12703E-05
 1308    0.12610E-05
 1309    0.12517E-05
 1310    0.12425E-05
 1311    0.12333E-05
 1312    0.12242E-05
 1313    0.12152E-05
 1314    0.12062E-05
 1315    0.11974E-05
 1316    0.11885E-05
 1317    0.11798E-05
 1318    0.11711E-05
 1319    0.11625E-05
 1320    0.11539E-05
 1321    0.11454E-05
 1322    0.11370E-05
 1323    0.11286E-05
 1324    0.11203E-05
 1325    0.11120E-05
 1326    0.11038E-05
 1327    0.10957E-05
 1328    0.10876E-05
 1329    0.10796E-05
 1330    0.10716E-05
 1331    0.10637E-05
 1332    0.10559E-05
 1333    0.10481E-05
 1334    0.10404E-05
 1335    0.10327E-05
 1336    0.10251E-05
 1337    0.10176E-05
 1338    0.10101E-05
 1339    0.10026E-05
 1340    0.99525E-06
 1341    0.98792E-06
 1342    0.98064E-06
 1343    0.97342E-06
 1344    0.96625E-06
 1345    0.95913E-06
 1346    0.95206E-06
 1347    0.94505E-06
 1348    0.93808E-06
 1349    0.93117E-06
 1350    0.92431E-06
 1351    0.91750E-06
 1352    0.91074E-06
 1353    0.90403E-06
 1354    0.89737E-06
 1355    0.89076E-06
 1356    0.88420E-06
 1357    0.87768E-06
 1358    0.87121E-06
 1359    0.86479E-06
 1360    0.85842E-06
 1361    0.85210E-06
 1362    0.84582E-06
 1363    0.83959E-06
 1364    0.83340E-06
 1365    0.82726E-06
 1366    0.82117E-06
 1367    0.81512E-06
 1368    0.80911E-06
 1369    0.80315E-06
 1370    0.79723E-06
 1371    0.79136E-06
 1372    0.78553E-06
 1373    0.77974E-06
 1374    0.77400E-06
 1375    0.76829E-06
 1376    0.76263E-06
 1377    0.75701E-06
 1378    0.75144E-06
 1379    0.74590E-06
 1380    0.74040E-06
 1381    0.73495E-06
 1382    0.72953E-06
 1383    0.72416E-06
 1384    0.71882E-06
 1385    0.71353E-06
 1386    0.70827E-06
 1387    0.70305E-06
 1388    0.69787E-06
 1389    0.69273E-06
 1390    0.68763E-06
 1391    0.68256E-06
 1392    0.67753E-06
 1393    0.67254E-06
 1394    0.66758E-06
 1395    0.66266E-06
 1396    0.65778E-06
 1397    0.65294E-06
 1398    0.64813E-06
 1399    0.64335E-06
 1400    0.63861E-06
 1401    0.63390E-06
 1402    0.62923E-06
 1403    0.62460E-06
 1404    0.62000E-06
 1405    0.61543E-06
 1406    0.61089E-06
 1407    0.60639E-06
 1408    0.60193E-06
 1409    0.59749E-06
 1410    0.59309E-06
 1411    0.58872E-06
 1412    0.58438E-06
 1413    0.58008E-06
 1414    0.57580E-06
 1415    0.57156E-06
 1416    0.56735E-06
 1417    0.56317E-06
 1418    0.55902E-06
 1419    0.55490E-06
 1420    0.55081E-06
 1421    0.54675E-06
 1422    0.54272E-06
 1423    0.53873E-06
 1424    0.53476E-06
 1425    0.53082E-06
 1426    0.52691E-06
 1427    0.52302E-06
 1428    0.51917E-06
 1429    0.51534E-06
 1430    0.51155E-06
 1431    0.50778E-06
 1432    0.50404E-06
 1433    0.50032E-06
 1434    0.49664E-06
 1435    0.49298E-06
 1436    0.48935E-06
 1437    0.48574E-06
 1438    0.48216E-06
 1439    0.47861E-06
 1440    0.47508E-06
 1441    0.47158E-06
 1442    0.46811E-06
 1443    0.46466E-06
 1444    0.46124E-06
 1445    0.45784E-06
 1446    0.45446E-06
 1447    0.45112E-06
 1448    0.44779E-06
 1449    0.44449E-06
 1450    0.44122E-06
 1451    0.43797E-06
 1452    0.43474E-06
 1453    0.43154E-06
 1454    0.42836E-06
 1455    0.42520E-06
 1456    0.42207E-06
 1457    0.41896E-06
 1458    0.41587E-06
 1459    0.41281E-06
 1460    0.40977E-06
 1461    0.40675E-06
 1462    0.40375E-06
 1463    0.40078E-06
 1464    0.39782E-06
 1465    0.39489E-06
 1466    0.39198E-06
 1467    0.38909E-06
 1468    0.38623E-06
 1469    0.38338E-06
 1470    0.38056E-06
 1471    0.37775E-06
 1472    0.37497E-06
 1473    0.37221E-06
 1474    0.36946E-06
 1475    0.36674E-06
 1476    0.36404E-06
 1477    0.36136E-06
 1478    0.35870E-06
 1479    0.35605E-06
 1480    0.35343E-06
 1481    0.35083E-06
 1482    0.34824E-06
 1483    0.34567E-06
 1484    0.34313E-06
 1485    0.34060E-06
 1486    0.33809E-06
 1487    0.33560E-06
 1488    0.33313E-06
 1489    0.33067E-06
 1490    0.32824E-06
 1491    0.32582E-06
 1492    0.32342E-06
 1493    0.32103E-06
 1494    0.31867E-06
 1495    0.31632E-06
 1496    0.31399E-06
 1497    0.31168E-06
 1498    0.30938E-06
 1499    0.30710E-06
 1500    0.30484E-06
 1501    0.30259E-06
 1502    0.30036E-06
 1503    0.29815E-06
 1504    0.29595E-06
 1505    0.29377E-06
 1506    0.29161E-06
 1507    0.28946E-06
 1508    0.28733E-06
 1509    0.28521E-06
 1510    0.28311E-06
 1511    0.28102E-06
 1512    0.27895E-06
 1513    0.27690E-06
 1514    0.27486E-06
 1515    0.27283E-06
 1516    0.27082E-06
 1517    0.26883E-06
 1518    0.26684E-06
 1519    0.26488E-06
 1520    0.26293E-06
 1521    0.26099E-06
 1522    0.25907E-06
 1523    0.25716E-06
 1524    0.25526E-06
 1525    0.25338E-06
 1526    0.25152E-06
 1527    0.24966E-06
 1528    0.24782E-06
 1529    0.24600E-06
 1530    0.24418E-06
 1531    0.24239E-06
 1532    0.24060E-06
 1533    0.23883E-06
 1534    0.23707E-06
 1535    0.23532E-06
 1536    0.23359E-06
 1537    0.23187E-06
 1538    0.23016E-06
 1539    0.22846E-06
 1540    0.22678E-06
 1541    0.22511E-06
 1542    0.22345E-06
 1543    0.22180E-06
 1544    0.22017E-06
 1545    0.21855E-06
 1546    0.21694E-06
 1547    0.21534E-06
 1548    0.21375E-06
 1549    0.21218E-06
 1550    0.21061E-06
 1551    0.20906E-06
 1552    0.20752E-06
 1553    0.20599E-06
 1554    0.20447E-06
 1555    0.20297E-06
 1556    0.20147E-06
 1557    0.19999E-06
 1558    0.19851E-06
 1559    0.19705E-06
 1560    0.19560E-06
 1561    0.19416E-06
 1562    0.19273E-06
 1563    0.19131E-06
 1564    0.18990E-06
 1565    0.18850E-06
 1566    0.18711E-06
 1567    0.18573E-06
 1568    0.18436E-06
 1569    0.18300E-06
 1570    0.18166E-06
 1571    0.18032E-06
 1572    0.17899E-06
 1573    0.17767E-06
 1574    0.17636E-06
 1575    0.17506E-06
 1576    0.17377E-06
 1577    0.17249E-06
 1578    0.17122E-06
 1579    0.16996E-06
 1580    0.16871E-06
 1581    0.16746E-06
 1582    0.16623E-06
 1583    0.16501E-06
 1584    0.16379E-06
 1585    0.16258E-06
 1586    0.16139E-06
 1587    0.16020E-06
 1588    0.15902E-06
 1589    0.15784E-06
 1590    0.15668E-06
 1591    0.15553E-06
 1592    0.15438E-06
 1593    0.15324E-06
 1594    0.15211E-06
 1595    0.15099E-06
 1596    0.14988E-06
 1597    0.14878E-06
 1598    0.14768E-06
 1599    0.14659E-06
 1600    0.14551E-06
 1601    0.14444E-06
 1602    0.14338E-06
 1603    0.14232E-06
 1604    0.14127E-06
 1605    0.14023E-06
 1606    0.13920E-06
 1607    0.13817E-06
 1608    0.13715E-06
 1609    0.13614E-06
 1610    0.13514E-06
 1611    0.13414E-06
 1612    0.13316E-06
 1613    0.13217E-06
 1614    0.13120E-06
 1615    0.13023E-06
 1616    0.12927E-06
 1617    0.12832E-06
 1618    0.12738E-06
 1619    0.12644E-06
 1620    0.12551E-06
 1621    0.12458E-06
 1622    0.12366E-06
 1623    0.12275E-06
 1624    0.12185E-06
 1625    0.12095E-06
 1626    0.12006E-06
 1627    0.11917E-06
 1628    0.11830E-06
 1629    0.11743E-06
 1630    0.11656E-06
 1631    0.11570E-06
 1632    0.11485E-06
 1633    0.11400E-06
 1634    0.11316E-06
 1635    0.11233E-06
 1636    0.11150E-06
 1637    0.11068E-06
 1638    0.10986E-06
 1639    0.10905E-06
 1640    0.10825E-06
 1641    0.10745E-06
 1642    0.10666E-06
 1643    0.10588E-06
 1644    0.10510E-06
 1645    0.10432E-06
 1646    0.10355E-06
 1647    0.10279E-06
 1648    0.10203E-06
 1649    0.10128E-06
 1650    0.10053E-06
 1651    0.99794E-07
 1652    0.99058E-07
 1653    0.98329E-07
 1654    0.97604E-07
 1655    0.96885E-07
 1656    0.96171E-07
 1657    0.95463E-07
 1658    0.94759E-07
 1659    0.94061E-07
 1660    0.93368E-07
 1661    0.92680E-07
 1662    0.91997E-07
 1663    0.91319E-07
 1664    0.90647E-07
 1665    0.89979E-07
 1666    0.89316E-07
 1667    0.88658E-07
 1668    0.88004E-07
 1669    0.87356E-07
 1670    0.86712E-07
 1671    0.86074E-07
 1672    0.85439E-07
 1673    0.84810E-07
 1674    0.84185E-07
 1675    0.83565E-07
 1676    0.82949E-07
 1677    0.82338E-07
 1678    0.81731E-07
 1679    0.81129E-07
 1680    0.80531E-07
 1681    0.79938E-07
 1682    0.79349E-07
 1683    0.78764E-07
 1684    0.78184E-07
 1685    0.77608E-07
 1686    0.77036E-07
 1687    0.76468E-07
 1688    0.75905E-07
 1689    0.75346E-07
 1690    0.74791E-07
 1691    0.74240E-07
 1692    0.73693E-07
 1693    0.73150E-07
 1694    0.72611E-07
 1695    0.72076E-07
 1696    0.71545E-07
 1697    0.71017E-07
 1698    0.70494E-07
 1699    0.69975E-07
 1700    0.69459E-07
 1701    0.68947E-07
 1702    0.68439E-07
 1703    0.67935E-07
 1704    0.67435E-07
 1705    0.66938E-07
 1706    0.66445E-07
 1707    0.65955E-07
 1708    0.65469E-07
 1709    0.64987E-07
 1710    0.64508E-07
 1711    0.64033E-07
 1712    0.63561E-07
 1713    0.63093E-07
 1714    0.62628E-07
 1715    0.62166E-07
 1716    0.61708E-07
 1717    0.61254E-07
 1718    0.60802E-07
 1719    0.60354E-07
 1720    0.59910E-07
 1721    0.59468E-07
 1722    0.59030E-07
 1723    0.58595E-07
 1724    0.58163E-07
 1725    0.57735E-07
 1726    0.57309E-07
 1727    0.56887E-07
 1728    0.56468E-07
 1729    0.56052E-07
 1730    0.55639E-07
 1731    0.55229E-07
 1732    0.54822E-07
 1733    0.54418E-07
 1734    0.54017E-07
 1735    0.53619E-07
 1736    0.53224E-07
 1737    0.52832E-07
 1738    0.52443E-07
 1739    0.52056E-07
 1740    0.51673E-07
 1741    0.51292E-07
 1742    0.50914E-07
 1743    0.50539E-07
 1744    0.50167E-07
 1745    0.49797E-07
 1746    0.49430E-07
 1747    0.49066E-07
 1748    0.48704E-07
 1749    0.48346E-07
 1750    0.47989E-07
 1751    0.47636E-07
 1752    0.47285E-07
 1753    0.46936E-07
 1754    0.46591E-07
 1755    0.46247E-07
 1756    0.45907E-07
 1757    0.45568E-07
 1758    0.45233E-07
 1759    0.44899E-07
 1760    0.44569E-07
 1761    0.44240E-07
 1762    0.43914E-07
 1763    0.43591E-07
 1764    0.43269E-07
 1765    0.42951E-07
 1766    0.42634E-07
 1767    0.42320E-07
 1768    0.42008E-07
 1769    0.41699E-07
 1770    0.41391E-07
 1771    0.41087E-07
 1772    0.40784E-07
 1773    0.40483E-07
 1774    0.40185E-07
 1775    0.39889E-07
 1776    0.39595E-07
 1777    0.39303E-07
 1778    0.39014E-07
 1779    0.38726E-07
 1780    0.38441E-07
 1781    0.38158E-07
 1782    0.37877E-07
 1783    0.37598E-07
 1784    0.37320E-07
 1785    0.37046E-07
 1786    0.36773E-07
 1787    0.36502E-07
 1788    0.36233E-07
 1789    0.35966E-07
 1790    0.35701E-07
 1791    0.35438E-07
 1792    0.35177E-07
 1793    0.34917E-07
 1794    0.34660E-07
 1795    0.34405E-07
 1796    0.34151E-07
 1797    0.33900E-07
 1798    0.33650E-07
 1799    0.33402E-07
 1800    0.33156E-07
 1801    0.32912E-07
 1802    0.32669E-07
 1803    0.32428E-07
 1804    0.32189E-07
 1805    0.31952E-07
 1806    0.31717E-07
 1807    0.31483E-07
 1808    0.31251E-07
 1809    0.31021E-07
 1810    0.30792E-07
 1811    0.30565E-07
 1812    0.30340E-07
 1813    0.30117E-07
 1814    0.29895E-07
 1815    0.29675E-07
 1816    0.29456E-07
 1817    0.29239E-07
 1818    0.29023E-07
 1819    0.28810E-07
 1820    0.28597E-07
 1821    0.28387E-07
 1822    0.28178E-07
 1823    0.27970E-07
 1824    0.27764E-07
 1825    0.27559E-07
 1826    0.27356E-07
 1827    0.27155E-07
 1828    0.26955E-07
 1829    0.26756E-07
 1830    0.26559E-07
 1831    0.26363E-07
 1832    0.26169E-07
 1833    0.25976E-07
 1834    0.25785E-07
 1835    0.25595E-07
 1836    0.25406E-07
 1837    0.25219E-07
 1838    0.25033E-07
 1839    0.24849E-07
 1840    0.24666E-07
 1841    0.24484E-07
 1842    0.24303E-07
 1843    0.24124E-07
 1844    0.23947E-07
 1845    0.23770E-07
 1846    0.23595E-07
 1847    0.23421E-07
 1848    0.23249E-07
 1849    0.23077E-07
 1850    0.22907E-07
 1851    0.22739E-07
 1852    0.22571E-07
 1853    0.22405E-07
 1854    0.22240E-07
 1855    0.22076E-07
 1856    0.21913E-07
 1857    0.21752E-07
 1858    0.21591E-07
 1859    0.21432E-07
 1860    0.21274E-07
 1861    0.21118E-07
 1862    0.20962E-07
 1863    0.20808E-07
 1864    0.20654E-07
 1865    0.20502E-07
 1866    0.20351E-07
 1867    0.20201E-07
 1868    0.20052E-07
 1869    0.19905E-07
 1870    0.19758E-07
 1871    0.19612E-07
 1872    0.19468E-07
 1873    0.19324E-07
 1874    0.19182E-07
 1875    0.19041E-07
 1876    0.18900E-07
 1877    0.18761E-07
 1878    0.18623E-07
 1879    0.18486E-07
 1880    0.18349E-07
 1881    0.18214E-07
 1882    0.18080E-07
 1883    0.17947E-07
 1884    0.17815E-07
 1885    0.17683E-07
 1886    0.17553E-07
 1887    0.17424E-07
 1888    0.17295E-07
 1889    0.17168E-07
 1890    0.17041E-07
 1891    0.16916E-07
 1892    0.16791E-07
 1893    0.16668E-07
 1894    0.16545E-07
 1895    0.16423E-07
 1896    0.16302E-07
 1897    0.16182E-07
 1898    0.16062E-07
 1899    0.15944E-07
 1900    0.15827E-07
 1901    0.15710E-07
 1902    0.15594E-07
 1903    0.15479E-07
 1904    0.15365E-07
 1905    0.15252E-07
 1906    0.15140E-07
 1907    0.15028E-07
 1908    0.14918E-07
 1909    0.14808E-07
 1910    0.14698E-07
 1911    0.14590E-07
 1912    0.14483E-07
 1913    0.14376E-07
 1914    0.14270E-07
 1915    0.14165E-07
 1916    0.14061E-07
 1917    0.13957E-07
 1918    0.13854E-07
 1919    0.13752E-07
 1920    0.13651E-07
 1921    0.13550E-07
 1922    0.13450E-07
 1923    0.13351E-07
 1924    0.13253E-07
 1925    0.13155E-07
 1926    0.13058E-07
 1927    0.12962E-07
 1928    0.12867E-07
 1929    0.12772E-07
 1930    0.12678E-07
 1931    0.12584E-07
 1932    0.12492E-07
 1933    0.12399E-07
 1934    0.12308E-07
 1935    0.12217E-07
 1936    0.12127E-07
 1937    0.12038E-07
 1938    0.11949E-07
 1939    0.11861E-07
 1940    0.11774E-07
 1941    0.11687E-07
 1942    0.11601E-07
 1943    0.11516E-07
 1944    0.11431E-07
 1945    0.11347E-07
 1946    0.11263E-07
 1947    0.11180E-07
 1948    0.11098E-07
 1949    0.11016E-07
 1950    0.10935E-07
 1951    0.10854E-07
 1952    0.10774E-07
 1953    0.10695E-07
 1954    0.10616E-07
 1955    0.10538E-07
 1956    0.10460E-07
 1957    0.10383E-07
 1958    0.10306E-07
 1959    0.10231E-07
 1960    0.10155E-07
 1961    0.10080E-07
 1962    0.10006E-07
 1963    0.99324E-08

iteration:   1963
norm_x =     0.18704E+03
caltime =    2.9969, comtime =    0.0035, alltime =    3.0004

logout
