8 processes:
    1    0.15251E+01
    2    0.13741E+01
    3    0.10174E+01
    4    0.90431E+00
    5    0.88535E+00
    6    0.75864E+00
    7    0.60144E+00
    8    0.53324E+00
    9    0.50338E+00
   10    0.43588E+00
   11    0.35733E+00
   12    0.31572E+00
   13    0.29324E+00
   14    0.25711E+00
   15    0.21644E+00
   16    0.19177E+00
   17    0.17692E+00
   18    0.15738E+00
   19    0.13476E+00
   20    0.11010E+00
   21    0.88244E-01
   22    0.80723E-01
   23    0.88155E-01
   24    0.80253E-01
   25    0.74637E-01
   26    0.77669E-01
   27    0.70335E-01
   28    0.62564E-01
   29    0.65609E-01
   30    0.62636E-01
   31    0.55211E-01
   32    0.52678E-01
   33    0.51378E-01
   34    0.50426E-01
   35    0.45779E-01
   36    0.41601E-01
   37    0.42554E-01
   38    0.40863E-01
   39    0.37765E-01
   40    0.36033E-01
   41    0.34618E-01
   42    0.33945E-01
   43    0.32503E-01
   44    0.31033E-01
   45    0.30664E-01
   46    0.29830E-01
   47    0.28954E-01
   48    0.28169E-01
   49    0.27462E-01
   50    0.27149E-01
   51    0.26401E-01
   52    0.25732E-01
   53    0.25425E-01
   54    0.24824E-01
   55    0.24404E-01
   56    0.23979E-01
   57    0.23399E-01
   58    0.23164E-01
   59    0.22739E-01
   60    0.22203E-01
   61    0.21966E-01
   62    0.21564E-01
   63    0.21177E-01
   64    0.20883E-01
   65    0.20473E-01
   66    0.20211E-01
   67    0.19902E-01
   68    0.19519E-01
   69    0.19287E-01
   70    0.18986E-01
   71    0.18681E-01
   72    0.18433E-01
   73    0.18136E-01
   74    0.17896E-01
   75    0.17647E-01
   76    0.17374E-01
   77    0.17155E-01
   78    0.16912E-01
   79    0.16679E-01
   80    0.16465E-01
   81    0.16231E-01
   82    0.16028E-01
   83    0.15820E-01
   84    0.15604E-01
   85    0.15415E-01
   86    0.15213E-01
   87    0.15020E-01
   88    0.14839E-01
   89    0.14646E-01
   90    0.14471E-01
   91    0.14297E-01
   92    0.14117E-01
   93    0.13954E-01
   94    0.13785E-01
   95    0.13620E-01
   96    0.13464E-01
   97    0.13303E-01
   98    0.13150E-01
   99    0.13001E-01
  100    0.12849E-01
  101    0.12706E-01
  102    0.12562E-01
  103    0.12420E-01
  104    0.12285E-01
  105    0.12147E-01
  106    0.12014E-01
  107    0.11885E-01
  108    0.11754E-01
  109    0.11629E-01
  110    0.11504E-01
  111    0.11381E-01
  112    0.11262E-01
  113    0.11143E-01
  114    0.11026E-01
  115    0.10912E-01
  116    0.10799E-01
  117    0.10688E-01
  118    0.10579E-01
  119    0.10471E-01
  120    0.10366E-01
  121    0.10261E-01
  122    0.10159E-01
  123    0.10058E-01
  124    0.99578E-02
  125    0.98600E-02
  126    0.97634E-02
  127    0.96679E-02
  128    0.95744E-02
  129    0.94818E-02
  130    0.93906E-02
  131    0.93010E-02
  132    0.92122E-02
  133    0.91250E-02
  134    0.90390E-02
  135    0.89540E-02
  136    0.88705E-02
  137    0.87878E-02
  138    0.87064E-02
  139    0.86262E-02
  140    0.85468E-02
  141    0.84687E-02
  142    0.83916E-02
  143    0.83154E-02
  144    0.82404E-02
  145    0.81663E-02
  146    0.80931E-02
  147    0.80209E-02
  148    0.79496E-02
  149    0.78793E-02
  150    0.78098E-02
  151    0.77412E-02
  152    0.76735E-02
  153    0.76066E-02
  154    0.75405E-02
  155    0.74753E-02
  156    0.74108E-02
  157    0.73472E-02
  158    0.72844E-02
  159    0.72222E-02
  160    0.71609E-02
  161    0.71003E-02
  162    0.70403E-02
  163    0.69812E-02
  164    0.69227E-02
  165    0.68649E-02
  166    0.68077E-02
  167    0.67512E-02
  168    0.66954E-02
  169    0.66403E-02
  170    0.65857E-02
  171    0.65318E-02
  172    0.64785E-02
  173    0.64258E-02
  174    0.63737E-02
  175    0.63222E-02
  176    0.62712E-02
  177    0.62208E-02
  178    0.61710E-02
  179    0.61217E-02
  180    0.60730E-02
  181    0.60247E-02
  182    0.59771E-02
  183    0.59299E-02
  184    0.58832E-02
  185    0.58370E-02
  186    0.57914E-02
  187    0.57462E-02
  188    0.57014E-02
  189    0.56572E-02
  190    0.56134E-02
  191    0.55701E-02
  192    0.55272E-02
  193    0.54848E-02
  194    0.54428E-02
  195    0.54012E-02
  196    0.53601E-02
  197    0.53194E-02
  198    0.52791E-02
  199    0.52392E-02
  200    0.51997E-02
  201    0.51606E-02
  202    0.51219E-02
  203    0.50836E-02
  204    0.50456E-02
  205    0.50081E-02
  206    0.49709E-02
  207    0.49340E-02
  208    0.48976E-02
  209    0.48615E-02
  210    0.48257E-02
  211    0.47903E-02
  212    0.47552E-02
  213    0.47205E-02
  214    0.46860E-02
  215    0.46520E-02
  216    0.46182E-02
  217    0.45848E-02
  218    0.45517E-02
  219    0.45189E-02
  220    0.44864E-02
  221    0.44542E-02
  222    0.44223E-02
  223    0.43907E-02
  224    0.43593E-02
  225    0.43283E-02
  226    0.42976E-02
  227    0.42671E-02
  228    0.42370E-02
  229    0.42071E-02
  230    0.41774E-02
  231    0.41481E-02
  232    0.41190E-02
  233    0.40901E-02
  234    0.40616E-02
  235    0.40332E-02
  236    0.40052E-02
  237    0.39773E-02
  238    0.39498E-02
  239    0.39224E-02
  240    0.38953E-02
  241    0.38685E-02
  242    0.38419E-02
  243    0.38155E-02
  244    0.37893E-02
  245    0.37634E-02
  246    0.37377E-02
  247    0.37122E-02
  248    0.36869E-02
  249    0.36619E-02
  250    0.36371E-02
  251    0.36124E-02
  252    0.35880E-02
  253    0.35638E-02
  254    0.35398E-02
  255    0.35160E-02
  256    0.34924E-02
  257    0.34690E-02
  258    0.34458E-02
  259    0.34227E-02
  260    0.33999E-02
  261    0.33773E-02
  262    0.33548E-02
  263    0.33326E-02
  264    0.33105E-02
  265    0.32886E-02
  266    0.32668E-02
  267    0.32453E-02
  268    0.32239E-02
  269    0.32027E-02
  270    0.31817E-02
  271    0.31608E-02
  272    0.31401E-02
  273    0.31196E-02
  274    0.30992E-02
  275    0.30790E-02
  276    0.30590E-02
  277    0.30391E-02
  278    0.30194E-02
  279    0.29998E-02
  280    0.29804E-02
  281    0.29611E-02
  282    0.29420E-02
  283    0.29230E-02
  284    0.29042E-02
  285    0.28855E-02
  286    0.28670E-02
  287    0.28486E-02
  288    0.28304E-02
  289    0.28123E-02
  290    0.27943E-02
  291    0.27765E-02
  292    0.27588E-02
  293    0.27412E-02
  294    0.27238E-02
  295    0.27065E-02
  296    0.26894E-02
  297    0.26723E-02
  298    0.26554E-02
  299    0.26386E-02
  300    0.26220E-02
  301    0.26055E-02
  302    0.25891E-02
  303    0.25728E-02
  304    0.25566E-02
  305    0.25406E-02
  306    0.25246E-02
  307    0.25088E-02
  308    0.24931E-02
  309    0.24776E-02
  310    0.24621E-02
  311    0.24467E-02
  312    0.24315E-02
  313    0.24164E-02
  314    0.24013E-02
  315    0.23864E-02
  316    0.23716E-02
  317    0.23569E-02
  318    0.23423E-02
  319    0.23278E-02
  320    0.23135E-02
  321    0.22992E-02
  322    0.22850E-02
  323    0.22709E-02
  324    0.22569E-02
  325    0.22430E-02
  326    0.22293E-02
  327    0.22156E-02
  328    0.22020E-02
  329    0.21885E-02
  330    0.21751E-02
  331    0.21618E-02
  332    0.21485E-02
  333    0.21354E-02
  334    0.21224E-02
  335    0.21094E-02
  336    0.20966E-02
  337    0.20838E-02
  338    0.20711E-02
  339    0.20585E-02
  340    0.20460E-02
  341    0.20336E-02
  342    0.20213E-02
  343    0.20090E-02
  344    0.19969E-02
  345    0.19848E-02
  346    0.19728E-02
  347    0.19608E-02
  348    0.19490E-02
  349    0.19372E-02
  350    0.19256E-02
  351    0.19139E-02
  352    0.19024E-02
  353    0.18910E-02
  354    0.18796E-02
  355    0.18683E-02
  356    0.18571E-02
  357    0.18459E-02
  358    0.18348E-02
  359    0.18238E-02
  360    0.18129E-02
  361    0.18021E-02
  362    0.17913E-02
  363    0.17806E-02
  364    0.17699E-02
  365    0.17593E-02
  366    0.17488E-02
  367    0.17384E-02
  368    0.17280E-02
  369    0.17177E-02
  370    0.17075E-02
  371    0.16973E-02
  372    0.16872E-02
  373    0.16772E-02
  374    0.16672E-02
  375    0.16573E-02
  376    0.16474E-02
  377    0.16377E-02
  378    0.16279E-02
  379    0.16183E-02
  380    0.16087E-02
  381    0.15992E-02
  382    0.15897E-02
  383    0.15803E-02
  384    0.15709E-02
  385    0.15616E-02
  386    0.15524E-02
  387    0.15432E-02
  388    0.15341E-02
  389    0.15250E-02
  390    0.15160E-02
  391    0.15071E-02
  392    0.14982E-02
  393    0.14894E-02
  394    0.14806E-02
  395    0.14719E-02
  396    0.14632E-02
  397    0.14546E-02
  398    0.14460E-02
  399    0.14375E-02
  400    0.14291E-02
  401    0.14207E-02
  402    0.14123E-02
  403    0.14040E-02
  404    0.13958E-02
  405    0.13876E-02
  406    0.13794E-02
  407    0.13713E-02
  408    0.13633E-02
  409    0.13553E-02
  410    0.13474E-02
  411    0.13395E-02
  412    0.13316E-02
  413    0.13238E-02
  414    0.13161E-02
  415    0.13084E-02
  416    0.13007E-02
  417    0.12931E-02
  418    0.12855E-02
  419    0.12780E-02
  420    0.12706E-02
  421    0.12631E-02
  422    0.12558E-02
  423    0.12484E-02
  424    0.12411E-02
  425    0.12339E-02
  426    0.12267E-02
  427    0.12195E-02
  428    0.12124E-02
  429    0.12053E-02
  430    0.11983E-02
  431    0.11913E-02
  432    0.11844E-02
  433    0.11775E-02
  434    0.11706E-02
  435    0.11638E-02
  436    0.11570E-02
  437    0.11503E-02
  438    0.11436E-02
  439    0.11369E-02
  440    0.11303E-02
  441    0.11238E-02
  442    0.11172E-02
  443    0.11107E-02
  444    0.11043E-02
  445    0.10978E-02
  446    0.10915E-02
  447    0.10851E-02
  448    0.10788E-02
  449    0.10725E-02
  450    0.10663E-02
  451    0.10601E-02
  452    0.10540E-02
  453    0.10478E-02
  454    0.10418E-02
  455    0.10357E-02
  456    0.10297E-02
  457    0.10237E-02
  458    0.10178E-02
  459    0.10119E-02
  460    0.10060E-02
  461    0.10002E-02
  462    0.99438E-03
  463    0.98861E-03
  464    0.98288E-03
  465    0.97718E-03
  466    0.97152E-03
  467    0.96589E-03
  468    0.96029E-03
  469    0.95472E-03
  470    0.94919E-03
  471    0.94369E-03
  472    0.93823E-03
  473    0.93279E-03
  474    0.92739E-03
  475    0.92202E-03
  476    0.91668E-03
  477    0.91137E-03
  478    0.90610E-03
  479    0.90085E-03
  480    0.89564E-03
  481    0.89045E-03
  482    0.88530E-03
  483    0.88018E-03
  484    0.87508E-03
  485    0.87002E-03
  486    0.86498E-03
  487    0.85998E-03
  488    0.85501E-03
  489    0.85006E-03
  490    0.84514E-03
  491    0.84025E-03
  492    0.83540E-03
  493    0.83056E-03
  494    0.82576E-03
  495    0.82099E-03
  496    0.81624E-03
  497    0.81152E-03
  498    0.80683E-03
  499    0.80216E-03
  500    0.79753E-03
  501    0.79292E-03
  502    0.78833E-03
  503    0.78378E-03
  504    0.77925E-03
  505    0.77474E-03
  506    0.77027E-03
  507    0.76581E-03
  508    0.76139E-03
  509    0.75699E-03
  510    0.75261E-03
  511    0.74827E-03
  512    0.74394E-03
  513    0.73964E-03
  514    0.73537E-03
  515    0.73112E-03
  516    0.72690E-03
  517    0.72270E-03
  518    0.71852E-03
  519    0.71437E-03
  520    0.71025E-03
  521    0.70614E-03
  522    0.70207E-03
  523    0.69801E-03
  524    0.69398E-03
  525    0.68997E-03
  526    0.68599E-03
  527    0.68202E-03
  528    0.67808E-03
  529    0.67417E-03
  530    0.67027E-03
  531    0.66640E-03
  532    0.66255E-03
  533    0.65873E-03
  534    0.65492E-03
  535    0.65114E-03
  536    0.64738E-03
  537    0.64364E-03
  538    0.63993E-03
  539    0.63623E-03
  540    0.63256E-03
  541    0.62890E-03
  542    0.62527E-03
  543    0.62166E-03
  544    0.61807E-03
  545    0.61450E-03
  546    0.61095E-03
  547    0.60742E-03
  548    0.60392E-03
  549    0.60043E-03
  550    0.59696E-03
  551    0.59352E-03
  552    0.59009E-03
  553    0.58668E-03
  554    0.58329E-03
  555    0.57992E-03
  556    0.57658E-03
  557    0.57325E-03
  558    0.56994E-03
  559    0.56664E-03
  560    0.56337E-03
  561    0.56012E-03
  562    0.55688E-03
  563    0.55367E-03
  564    0.55047E-03
  565    0.54729E-03
  566    0.54413E-03
  567    0.54099E-03
  568    0.53786E-03
  569    0.53476E-03
  570    0.53167E-03
  571    0.52860E-03
  572    0.52555E-03
  573    0.52251E-03
  574    0.51949E-03
  575    0.51649E-03
  576    0.51351E-03
  577    0.51054E-03
  578    0.50759E-03
  579    0.50466E-03
  580    0.50175E-03
  581    0.49885E-03
  582    0.49597E-03
  583    0.49310E-03
  584    0.49025E-03
  585    0.48742E-03
  586    0.48461E-03
  587    0.48181E-03
  588    0.47902E-03
  589    0.47626E-03
  590    0.47350E-03
  591    0.47077E-03
  592    0.46805E-03
  593    0.46534E-03
  594    0.46266E-03
  595    0.45998E-03
  596    0.45733E-03
  597    0.45468E-03
  598    0.45206E-03
  599    0.44944E-03
  600    0.44685E-03
  601    0.44426E-03
  602    0.44170E-03
  603    0.43915E-03
  604    0.43661E-03
  605    0.43408E-03
  606    0.43158E-03
  607    0.42908E-03
  608    0.42660E-03
  609    0.42414E-03
  610    0.42168E-03
  611    0.41925E-03
  612    0.41682E-03
  613    0.41441E-03
  614    0.41202E-03
  615    0.40964E-03
  616    0.40727E-03
  617    0.40492E-03
  618    0.40258E-03
  619    0.40025E-03
  620    0.39793E-03
  621    0.39563E-03
  622    0.39335E-03
  623    0.39107E-03
  624    0.38881E-03
  625    0.38656E-03
  626    0.38433E-03
  627    0.38211E-03
  628    0.37990E-03
  629    0.37770E-03
  630    0.37552E-03
  631    0.37334E-03
  632    0.37119E-03
  633    0.36904E-03
  634    0.36690E-03
  635    0.36478E-03
  636    0.36267E-03
  637    0.36058E-03
  638    0.35849E-03
  639    0.35642E-03
  640    0.35435E-03
  641    0.35231E-03
  642    0.35027E-03
  643    0.34824E-03
  644    0.34623E-03
  645    0.34422E-03
  646    0.34223E-03
  647    0.34025E-03
  648    0.33828E-03
  649    0.33633E-03
  650    0.33438E-03
  651    0.33245E-03
  652    0.33052E-03
  653    0.32861E-03
  654    0.32671E-03
  655    0.32482E-03
  656    0.32294E-03
  657    0.32107E-03
  658    0.31921E-03
  659    0.31737E-03
  660    0.31553E-03
  661    0.31370E-03
  662    0.31189E-03
  663    0.31008E-03
  664    0.30829E-03
  665    0.30650E-03
  666    0.30473E-03
  667    0.30296E-03
  668    0.30121E-03
  669    0.29947E-03
  670    0.29773E-03
  671    0.29601E-03
  672    0.29430E-03
  673    0.29259E-03
  674    0.29090E-03
  675    0.28921E-03
  676    0.28754E-03
  677    0.28588E-03
  678    0.28422E-03
  679    0.28257E-03
  680    0.28094E-03
  681    0.27931E-03
  682    0.27769E-03
  683    0.27609E-03
  684    0.27449E-03
  685    0.27290E-03
  686    0.27132E-03
  687    0.26975E-03
  688    0.26818E-03
  689    0.26663E-03
  690    0.26509E-03
  691    0.26355E-03
  692    0.26202E-03
  693    0.26051E-03
  694    0.25900E-03
  695    0.25750E-03
  696    0.25601E-03
  697    0.25452E-03
  698    0.25305E-03
  699    0.25158E-03
  700    0.25012E-03
  701    0.24868E-03
  702    0.24723E-03
  703    0.24580E-03
  704    0.24438E-03
  705    0.24296E-03
  706    0.24155E-03
  707    0.24015E-03
  708    0.23876E-03
  709    0.23738E-03
  710    0.23600E-03
  711    0.23464E-03
  712    0.23328E-03
  713    0.23192E-03
  714    0.23058E-03
  715    0.22924E-03
  716    0.22791E-03
  717    0.22659E-03
  718    0.22528E-03
  719    0.22397E-03
  720    0.22268E-03
  721    0.22139E-03
  722    0.22010E-03
  723    0.21883E-03
  724    0.21756E-03
  725    0.21630E-03
  726    0.21504E-03
  727    0.21380E-03
  728    0.21256E-03
  729    0.21132E-03
  730    0.21010E-03
  731    0.20888E-03
  732    0.20767E-03
  733    0.20647E-03
  734    0.20527E-03
  735    0.20408E-03
  736    0.20289E-03
  737    0.20172E-03
  738    0.20055E-03
  739    0.19938E-03
  740    0.19823E-03
  741    0.19708E-03
  742    0.19594E-03
  743    0.19480E-03
  744    0.19367E-03
  745    0.19255E-03
  746    0.19143E-03
  747    0.19032E-03
  748    0.18922E-03
  749    0.18812E-03
  750    0.18703E-03
  751    0.18594E-03
  752    0.18486E-03
  753    0.18379E-03
  754    0.18272E-03
  755    0.18166E-03
  756    0.18061E-03
  757    0.17956E-03
  758    0.17852E-03
  759    0.17749E-03
  760    0.17646E-03
  761    0.17543E-03
  762    0.17441E-03
  763    0.17340E-03
  764    0.17240E-03
  765    0.17140E-03
  766    0.17040E-03
  767    0.16941E-03
  768    0.16843E-03
  769    0.16745E-03
  770    0.16648E-03
  771    0.16551E-03
  772    0.16455E-03
  773    0.16360E-03
  774    0.16265E-03
  775    0.16170E-03
  776    0.16077E-03
  777    0.15983E-03
  778    0.15890E-03
  779    0.15798E-03
  780    0.15707E-03
  781    0.15615E-03
  782    0.15525E-03
  783    0.15435E-03
  784    0.15345E-03
  785    0.15256E-03
  786    0.15167E-03
  787    0.15079E-03
  788    0.14992E-03
  789    0.14905E-03
  790    0.14818E-03
  791    0.14732E-03
  792    0.14647E-03
  793    0.14562E-03
  794    0.14477E-03
  795    0.14393E-03
  796    0.14309E-03
  797    0.14226E-03
  798    0.14144E-03
  799    0.14062E-03
  800    0.13980E-03
  801    0.13899E-03
  802    0.13818E-03
  803    0.13738E-03
  804    0.13658E-03
  805    0.13579E-03
  806    0.13500E-03
  807    0.13421E-03
  808    0.13344E-03
  809    0.13266E-03
  810    0.13189E-03
  811    0.13112E-03
  812    0.13036E-03
  813    0.12960E-03
  814    0.12885E-03
  815    0.12810E-03
  816    0.12736E-03
  817    0.12662E-03
  818    0.12588E-03
  819    0.12515E-03
  820    0.12443E-03
  821    0.12370E-03
  822    0.12298E-03
  823    0.12227E-03
  824    0.12156E-03
  825    0.12085E-03
  826    0.12015E-03
  827    0.11945E-03
  828    0.11876E-03
  829    0.11807E-03
  830    0.11738E-03
  831    0.11670E-03
  832    0.11602E-03
  833    0.11535E-03
  834    0.11468E-03
  835    0.11401E-03
  836    0.11335E-03
  837    0.11269E-03
  838    0.11204E-03
  839    0.11139E-03
  840    0.11074E-03
  841    0.11010E-03
  842    0.10946E-03
  843    0.10882E-03
  844    0.10819E-03
  845    0.10756E-03
  846    0.10693E-03
  847    0.10631E-03
  848    0.10569E-03
  849    0.10508E-03
  850    0.10447E-03
  851    0.10386E-03
  852    0.10326E-03
  853    0.10266E-03
  854    0.10206E-03
  855    0.10147E-03
  856    0.10088E-03
  857    0.10029E-03
  858    0.99709E-04
  859    0.99130E-04
  860    0.98553E-04
  861    0.97980E-04
  862    0.97411E-04
  863    0.96845E-04
  864    0.96282E-04
  865    0.95722E-04
  866    0.95166E-04
  867    0.94612E-04
  868    0.94062E-04
  869    0.93516E-04
  870    0.92972E-04
  871    0.92431E-04
  872    0.91894E-04
  873    0.91360E-04
  874    0.90829E-04
  875    0.90301E-04
  876    0.89776E-04
  877    0.89254E-04
  878    0.88735E-04
  879    0.88219E-04
  880    0.87706E-04
  881    0.87196E-04
  882    0.86689E-04
  883    0.86185E-04
  884    0.85684E-04
  885    0.85186E-04
  886    0.84690E-04
  887    0.84198E-04
  888    0.83708E-04
  889    0.83221E-04
  890    0.82737E-04
  891    0.82256E-04
  892    0.81778E-04
  893    0.81302E-04
  894    0.80830E-04
  895    0.80360E-04
  896    0.79892E-04
  897    0.79428E-04
  898    0.78966E-04
  899    0.78507E-04
  900    0.78050E-04
  901    0.77596E-04
  902    0.77145E-04
  903    0.76696E-04
  904    0.76250E-04
  905    0.75807E-04
  906    0.75366E-04
  907    0.74927E-04
  908    0.74492E-04
  909    0.74058E-04
  910    0.73628E-04
  911    0.73199E-04
  912    0.72774E-04
  913    0.72350E-04
  914    0.71929E-04
  915    0.71511E-04
  916    0.71095E-04
  917    0.70682E-04
  918    0.70270E-04
  919    0.69862E-04
  920    0.69455E-04
  921    0.69051E-04
  922    0.68650E-04
  923    0.68250E-04
  924    0.67853E-04
  925    0.67458E-04
  926    0.67066E-04
  927    0.66676E-04
  928    0.66288E-04
  929    0.65902E-04
  930    0.65519E-04
  931    0.65138E-04
  932    0.64759E-04
  933    0.64382E-04
  934    0.64008E-04
  935    0.63635E-04
  936    0.63265E-04
  937    0.62897E-04
  938    0.62531E-04
  939    0.62167E-04
  940    0.61805E-04
  941    0.61446E-04
  942    0.61088E-04
  943    0.60733E-04
  944    0.60380E-04
  945    0.60028E-04
  946    0.59679E-04
  947    0.59332E-04
  948    0.58986E-04
  949    0.58643E-04
  950    0.58302E-04
  951    0.57963E-04
  952    0.57626E-04
  953    0.57290E-04
  954    0.56957E-04
  955    0.56625E-04
  956    0.56296E-04
  957    0.55968E-04
  958    0.55643E-04
  959    0.55319E-04
  960    0.54997E-04
  961    0.54677E-04
  962    0.54359E-04
  963    0.54042E-04
  964    0.53728E-04
  965    0.53415E-04
  966    0.53104E-04
  967    0.52795E-04
  968    0.52488E-04
  969    0.52183E-04
  970    0.51879E-04
  971    0.51577E-04
  972    0.51277E-04
  973    0.50978E-04
  974    0.50682E-04
  975    0.50387E-04
  976    0.50094E-04
  977    0.49802E-04
  978    0.49512E-04
  979    0.49224E-04
  980    0.48938E-04
  981    0.48653E-04
  982    0.48370E-04
  983    0.48088E-04
  984    0.47808E-04
  985    0.47530E-04
  986    0.47253E-04
  987    0.46978E-04
  988    0.46705E-04
  989    0.46433E-04
  990    0.46163E-04
  991    0.45894E-04
  992    0.45627E-04
  993    0.45361E-04
  994    0.45097E-04
  995    0.44835E-04
  996    0.44574E-04
  997    0.44314E-04
  998    0.44056E-04
  999    0.43800E-04
 1000    0.43545E-04
 1001    0.43291E-04
 1002    0.43039E-04
 1003    0.42789E-04
 1004    0.42540E-04
 1005    0.42292E-04
 1006    0.42046E-04
 1007    0.41801E-04
 1008    0.41558E-04
 1009    0.41316E-04
 1010    0.41075E-04
 1011    0.40836E-04
 1012    0.40599E-04
 1013    0.40362E-04
 1014    0.40127E-04
 1015    0.39894E-04
 1016    0.39661E-04
 1017    0.39431E-04
 1018    0.39201E-04
 1019    0.38973E-04
 1020    0.38746E-04
 1021    0.38520E-04
 1022    0.38296E-04
 1023    0.38073E-04
 1024    0.37851E-04
 1025    0.37631E-04
 1026    0.37412E-04
 1027    0.37194E-04
 1028    0.36978E-04
 1029    0.36762E-04
 1030    0.36548E-04
 1031    0.36336E-04
 1032    0.36124E-04
 1033    0.35914E-04
 1034    0.35705E-04
 1035    0.35497E-04
 1036    0.35290E-04
 1037    0.35085E-04
 1038    0.34880E-04
 1039    0.34677E-04
 1040    0.34475E-04
 1041    0.34275E-04
 1042    0.34075E-04
 1043    0.33877E-04
 1044    0.33679E-04
 1045    0.33483E-04
 1046    0.33288E-04
 1047    0.33094E-04
 1048    0.32902E-04
 1049    0.32710E-04
 1050    0.32520E-04
 1051    0.32330E-04
 1052    0.32142E-04
 1053    0.31955E-04
 1054    0.31769E-04
 1055    0.31584E-04
 1056    0.31400E-04
 1057    0.31217E-04
 1058    0.31035E-04
 1059    0.30855E-04
 1060    0.30675E-04
 1061    0.30496E-04
 1062    0.30319E-04
 1063    0.30142E-04
 1064    0.29967E-04
 1065    0.29792E-04
 1066    0.29619E-04
 1067    0.29446E-04
 1068    0.29275E-04
 1069    0.29104E-04
 1070    0.28935E-04
 1071    0.28766E-04
 1072    0.28599E-04
 1073    0.28432E-04
 1074    0.28267E-04
 1075    0.28102E-04
 1076    0.27938E-04
 1077    0.27776E-04
 1078    0.27614E-04
 1079    0.27453E-04
 1080    0.27293E-04
 1081    0.27134E-04
 1082    0.26976E-04
 1083    0.26819E-04
 1084    0.26663E-04
 1085    0.26508E-04
 1086    0.26353E-04
 1087    0.26200E-04
 1088    0.26047E-04
 1089    0.25896E-04
 1090    0.25745E-04
 1091    0.25595E-04
 1092    0.25446E-04
 1093    0.25298E-04
 1094    0.25150E-04
 1095    0.25004E-04
 1096    0.24858E-04
 1097    0.24713E-04
 1098    0.24570E-04
 1099    0.24426E-04
 1100    0.24284E-04
 1101    0.24143E-04
 1102    0.24002E-04
 1103    0.23862E-04
 1104    0.23723E-04
 1105    0.23585E-04
 1106    0.23448E-04
 1107    0.23311E-04
 1108    0.23176E-04
 1109    0.23041E-04
 1110    0.22906E-04
 1111    0.22773E-04
 1112    0.22640E-04
 1113    0.22508E-04
 1114    0.22377E-04
 1115    0.22247E-04
 1116    0.22117E-04
 1117    0.21989E-04
 1118    0.21861E-04
 1119    0.21733E-04
 1120    0.21607E-04
 1121    0.21481E-04
 1122    0.21356E-04
 1123    0.21231E-04
 1124    0.21108E-04
 1125    0.20985E-04
 1126    0.20862E-04
 1127    0.20741E-04
 1128    0.20620E-04
 1129    0.20500E-04
 1130    0.20381E-04
 1131    0.20262E-04
 1132    0.20144E-04
 1133    0.20027E-04
 1134    0.19910E-04
 1135    0.19794E-04
 1136    0.19679E-04
 1137    0.19564E-04
 1138    0.19450E-04
 1139    0.19337E-04
 1140    0.19224E-04
 1141    0.19112E-04
 1142    0.19001E-04
 1143    0.18890E-04
 1144    0.18780E-04
 1145    0.18671E-04
 1146    0.18562E-04
 1147    0.18454E-04
 1148    0.18346E-04
 1149    0.18239E-04
 1150    0.18133E-04
 1151    0.18028E-04
 1152    0.17923E-04
 1153    0.17818E-04
 1154    0.17714E-04
 1155    0.17611E-04
 1156    0.17509E-04
 1157    0.17407E-04
 1158    0.17305E-04
 1159    0.17204E-04
 1160    0.17104E-04
 1161    0.17005E-04
 1162    0.16906E-04
 1163    0.16807E-04
 1164    0.16709E-04
 1165    0.16612E-04
 1166    0.16515E-04
 1167    0.16419E-04
 1168    0.16323E-04
 1169    0.16228E-04
 1170    0.16134E-04
 1171    0.16040E-04
 1172    0.15946E-04
 1173    0.15853E-04
 1174    0.15761E-04
 1175    0.15669E-04
 1176    0.15578E-04
 1177    0.15487E-04
 1178    0.15397E-04
 1179    0.15307E-04
 1180    0.15218E-04
 1181    0.15129E-04
 1182    0.15041E-04
 1183    0.14954E-04
 1184    0.14866E-04
 1185    0.14780E-04
 1186    0.14694E-04
 1187    0.14608E-04
 1188    0.14523E-04
 1189    0.14438E-04
 1190    0.14354E-04
 1191    0.14271E-04
 1192    0.14188E-04
 1193    0.14105E-04
 1194    0.14023E-04
 1195    0.13941E-04
 1196    0.13860E-04
 1197    0.13779E-04
 1198    0.13699E-04
 1199    0.13619E-04
 1200    0.13540E-04
 1201    0.13461E-04
 1202    0.13382E-04
 1203    0.13304E-04
 1204    0.13227E-04
 1205    0.13150E-04
 1206    0.13073E-04
 1207    0.12997E-04
 1208    0.12921E-04
 1209    0.12846E-04
 1210    0.12771E-04
 1211    0.12697E-04
 1212    0.12623E-04
 1213    0.12549E-04
 1214    0.12476E-04
 1215    0.12404E-04
 1216    0.12331E-04
 1217    0.12259E-04
 1218    0.12188E-04
 1219    0.12117E-04
 1220    0.12046E-04
 1221    0.11976E-04
 1222    0.11906E-04
 1223    0.11837E-04
 1224    0.11768E-04
 1225    0.11700E-04
 1226    0.11631E-04
 1227    0.11564E-04
 1228    0.11496E-04
 1229    0.11429E-04
 1230    0.11363E-04
 1231    0.11296E-04
 1232    0.11231E-04
 1233    0.11165E-04
 1234    0.11100E-04
 1235    0.11036E-04
 1236    0.10971E-04
 1237    0.10907E-04
 1238    0.10844E-04
 1239    0.10781E-04
 1240    0.10718E-04
 1241    0.10655E-04
 1242    0.10593E-04
 1243    0.10532E-04
 1244    0.10470E-04
 1245    0.10409E-04
 1246    0.10349E-04
 1247    0.10288E-04
 1248    0.10228E-04
 1249    0.10169E-04
 1250    0.10109E-04
 1251    0.10051E-04
 1252    0.99920E-05
 1253    0.99338E-05
 1254    0.98759E-05
 1255    0.98183E-05
 1256    0.97611E-05
 1257    0.97043E-05
 1258    0.96477E-05
 1259    0.95915E-05
 1260    0.95356E-05
 1261    0.94801E-05
 1262    0.94248E-05
 1263    0.93699E-05
 1264    0.93153E-05
 1265    0.92611E-05
 1266    0.92071E-05
 1267    0.91535E-05
 1268    0.91001E-05
 1269    0.90471E-05
 1270    0.89944E-05
 1271    0.89420E-05
 1272    0.88899E-05
 1273    0.88381E-05
 1274    0.87866E-05
 1275    0.87354E-05
 1276    0.86845E-05
 1277    0.86339E-05
 1278    0.85836E-05
 1279    0.85336E-05
 1280    0.84839E-05
 1281    0.84344E-05
 1282    0.83853E-05
 1283    0.83364E-05
 1284    0.82878E-05
 1285    0.82396E-05
 1286    0.81915E-05
 1287    0.81438E-05
 1288    0.80964E-05
 1289    0.80492E-05
 1290    0.80023E-05
 1291    0.79557E-05
 1292    0.79093E-05
 1293    0.78632E-05
 1294    0.78174E-05
 1295    0.77719E-05
 1296    0.77266E-05
 1297    0.76816E-05
 1298    0.76368E-05
 1299    0.75923E-05
 1300    0.75481E-05
 1301    0.75041E-05
 1302    0.74604E-05
 1303    0.74169E-05
 1304    0.73737E-05
 1305    0.73307E-05
 1306    0.72880E-05
 1307    0.72455E-05
 1308    0.72033E-05
 1309    0.71613E-05
 1310    0.71196E-05
 1311    0.70781E-05
 1312    0.70369E-05
 1313    0.69959E-05
 1314    0.69551E-05
 1315    0.69146E-05
 1316    0.68743E-05
 1317    0.68342E-05
 1318    0.67944E-05
 1319    0.67548E-05
 1320    0.67155E-05
 1321    0.66763E-05
 1322    0.66374E-05
 1323    0.65988E-05
 1324    0.65603E-05
 1325    0.65221E-05
 1326    0.64841E-05
 1327    0.64463E-05
 1328    0.64087E-05
 1329    0.63714E-05
 1330    0.63343E-05
 1331    0.62974E-05
 1332    0.62607E-05
 1333    0.62242E-05
 1334    0.61879E-05
 1335    0.61519E-05
 1336    0.61160E-05
 1337    0.60804E-05
 1338    0.60450E-05
 1339    0.60097E-05
 1340    0.59747E-05
 1341    0.59399E-05
 1342    0.59053E-05
 1343    0.58709E-05
 1344    0.58367E-05
 1345    0.58027E-05
 1346    0.57688E-05
 1347    0.57352E-05
 1348    0.57018E-05
 1349    0.56686E-05
 1350    0.56356E-05
 1351    0.56027E-05
 1352    0.55701E-05
 1353    0.55376E-05
 1354    0.55053E-05
 1355    0.54733E-05
 1356    0.54414E-05
 1357    0.54097E-05
 1358    0.53781E-05
 1359    0.53468E-05
 1360    0.53156E-05
 1361    0.52847E-05
 1362    0.52539E-05
 1363    0.52233E-05
 1364    0.51928E-05
 1365    0.51626E-05
 1366    0.51325E-05
 1367    0.51026E-05
 1368    0.50728E-05
 1369    0.50433E-05
 1370    0.50139E-05
 1371    0.49847E-05
 1372    0.49556E-05
 1373    0.49268E-05
 1374    0.48980E-05
 1375    0.48695E-05
 1376    0.48411E-05
 1377    0.48129E-05
 1378    0.47849E-05
 1379    0.47570E-05
 1380    0.47293E-05
 1381    0.47017E-05
 1382    0.46743E-05
 1383    0.46471E-05
 1384    0.46200E-05
 1385    0.45931E-05
 1386    0.45663E-05
 1387    0.45397E-05
 1388    0.45132E-05
 1389    0.44869E-05
 1390    0.44608E-05
 1391    0.44348E-05
 1392    0.44090E-05
 1393    0.43833E-05
 1394    0.43577E-05
 1395    0.43323E-05
 1396    0.43071E-05
 1397    0.42820E-05
 1398    0.42570E-05
 1399    0.42322E-05
 1400    0.42076E-05
 1401    0.41831E-05
 1402    0.41587E-05
 1403    0.41344E-05
 1404    0.41103E-05
 1405    0.40864E-05
 1406    0.40626E-05
 1407    0.40389E-05
 1408    0.40154E-05
 1409    0.39920E-05
 1410    0.39687E-05
 1411    0.39456E-05
 1412    0.39226E-05
 1413    0.38997E-05
 1414    0.38770E-05
 1415    0.38544E-05
 1416    0.38320E-05
 1417    0.38096E-05
 1418    0.37874E-05
 1419    0.37654E-05
 1420    0.37434E-05
 1421    0.37216E-05
 1422    0.36999E-05
 1423    0.36784E-05
 1424    0.36569E-05
 1425    0.36356E-05
 1426    0.36144E-05
 1427    0.35934E-05
 1428    0.35724E-05
 1429    0.35516E-05
 1430    0.35309E-05
 1431    0.35103E-05
 1432    0.34899E-05
 1433    0.34695E-05
 1434    0.34493E-05
 1435    0.34292E-05
 1436    0.34092E-05
 1437    0.33894E-05
 1438    0.33696E-05
 1439    0.33500E-05
 1440    0.33305E-05
 1441    0.33111E-05
 1442    0.32918E-05
 1443    0.32726E-05
 1444    0.32535E-05
 1445    0.32345E-05
 1446    0.32157E-05
 1447    0.31970E-05
 1448    0.31783E-05
 1449    0.31598E-05
 1450    0.31414E-05
 1451    0.31231E-05
 1452    0.31049E-05
 1453    0.30868E-05
 1454    0.30688E-05
 1455    0.30509E-05
 1456    0.30331E-05
 1457    0.30155E-05
 1458    0.29979E-05
 1459    0.29804E-05
 1460    0.29631E-05
 1461    0.29458E-05
 1462    0.29286E-05
 1463    0.29116E-05
 1464    0.28946E-05
 1465    0.28777E-05
 1466    0.28610E-05
 1467    0.28443E-05
 1468    0.28277E-05
 1469    0.28112E-05
 1470    0.27948E-05
 1471    0.27786E-05
 1472    0.27624E-05
 1473    0.27463E-05
 1474    0.27303E-05
 1475    0.27144E-05
 1476    0.26985E-05
 1477    0.26828E-05
 1478    0.26672E-05
 1479    0.26516E-05
 1480    0.26362E-05
 1481    0.26208E-05
 1482    0.26055E-05
 1483    0.25904E-05
 1484    0.25753E-05
 1485    0.25603E-05
 1486    0.25453E-05
 1487    0.25305E-05
 1488    0.25158E-05
 1489    0.25011E-05
 1490    0.24865E-05
 1491    0.24720E-05
 1492    0.24576E-05
 1493    0.24433E-05
 1494    0.24291E-05
 1495    0.24149E-05
 1496    0.24008E-05
 1497    0.23868E-05
 1498    0.23729E-05
 1499    0.23591E-05
 1500    0.23454E-05
 1501    0.23317E-05
 1502    0.23181E-05
 1503    0.23046E-05
 1504    0.22912E-05
 1505    0.22778E-05
 1506    0.22645E-05
 1507    0.22513E-05
 1508    0.22382E-05
 1509    0.22252E-05
 1510    0.22122E-05
 1511    0.21993E-05
 1512    0.21865E-05
 1513    0.21738E-05
 1514    0.21611E-05
 1515    0.21485E-05
 1516    0.21360E-05
 1517    0.21235E-05
 1518    0.21112E-05
 1519    0.20989E-05
 1520    0.20866E-05
 1521    0.20745E-05
 1522    0.20624E-05
 1523    0.20504E-05
 1524    0.20384E-05
 1525    0.20265E-05
 1526    0.20147E-05
 1527    0.20030E-05
 1528    0.19913E-05
 1529    0.19797E-05
 1530    0.19682E-05
 1531    0.19567E-05
 1532    0.19453E-05
 1533    0.19340E-05
 1534    0.19227E-05
 1535    0.19115E-05
 1536    0.19003E-05
 1537    0.18893E-05
 1538    0.18783E-05
 1539    0.18673E-05
 1540    0.18564E-05
 1541    0.18456E-05
 1542    0.18349E-05
 1543    0.18242E-05
 1544    0.18135E-05
 1545    0.18030E-05
 1546    0.17925E-05
 1547    0.17820E-05
 1548    0.17716E-05
 1549    0.17613E-05
 1550    0.17510E-05
 1551    0.17408E-05
 1552    0.17307E-05
 1553    0.17206E-05
 1554    0.17106E-05
 1555    0.17006E-05
 1556    0.16907E-05
 1557    0.16808E-05
 1558    0.16710E-05
 1559    0.16613E-05
 1560    0.16516E-05
 1561    0.16420E-05
 1562    0.16324E-05
 1563    0.16229E-05
 1564    0.16135E-05
 1565    0.16041E-05
 1566    0.15947E-05
 1567    0.15854E-05
 1568    0.15762E-05
 1569    0.15670E-05
 1570    0.15579E-05
 1571    0.15488E-05
 1572    0.15398E-05
 1573    0.15308E-05
 1574    0.15219E-05
 1575    0.15130E-05
 1576    0.15042E-05
 1577    0.14954E-05
 1578    0.14867E-05
 1579    0.14780E-05
 1580    0.14694E-05
 1581    0.14609E-05
 1582    0.14523E-05
 1583    0.14439E-05
 1584    0.14355E-05
 1585    0.14271E-05
 1586    0.14188E-05
 1587    0.14105E-05
 1588    0.14023E-05
 1589    0.13941E-05
 1590    0.13860E-05
 1591    0.13779E-05
 1592    0.13699E-05
 1593    0.13619E-05
 1594    0.13540E-05
 1595    0.13461E-05
 1596    0.13382E-05
 1597    0.13304E-05
 1598    0.13227E-05
 1599    0.13150E-05
 1600    0.13073E-05
 1601    0.12997E-05
 1602    0.12921E-05
 1603    0.12846E-05
 1604    0.12771E-05
 1605    0.12697E-05
 1606    0.12623E-05
 1607    0.12549E-05
 1608    0.12476E-05
 1609    0.12403E-05
 1610    0.12331E-05
 1611    0.12259E-05
 1612    0.12188E-05
 1613    0.12117E-05
 1614    0.12046E-05
 1615    0.11976E-05
 1616    0.11906E-05
 1617    0.11837E-05
 1618    0.11768E-05
 1619    0.11699E-05
 1620    0.11631E-05
 1621    0.11563E-05
 1622    0.11496E-05
 1623    0.11429E-05
 1624    0.11362E-05
 1625    0.11296E-05
 1626    0.11230E-05
 1627    0.11165E-05
 1628    0.11100E-05
 1629    0.11035E-05
 1630    0.10971E-05
 1631    0.10907E-05
 1632    0.10843E-05
 1633    0.10780E-05
 1634    0.10717E-05
 1635    0.10655E-05
 1636    0.10592E-05
 1637    0.10531E-05
 1638    0.10469E-05
 1639    0.10408E-05
 1640    0.10348E-05
 1641    0.10287E-05
 1642    0.10227E-05
 1643    0.10168E-05
 1644    0.10109E-05
 1645    0.10050E-05
 1646    0.99911E-06
 1647    0.99329E-06
 1648    0.98750E-06
 1649    0.98174E-06
 1650    0.97602E-06
 1651    0.97033E-06
 1652    0.96468E-06
 1653    0.95906E-06
 1654    0.95347E-06
 1655    0.94791E-06
 1656    0.94239E-06
 1657    0.93690E-06
 1658    0.93144E-06
 1659    0.92601E-06
 1660    0.92061E-06
 1661    0.91525E-06
 1662    0.90991E-06
 1663    0.90461E-06
 1664    0.89934E-06
 1665    0.89410E-06
 1666    0.88889E-06
 1667    0.88371E-06
 1668    0.87856E-06
 1669    0.87344E-06
 1670    0.86835E-06
 1671    0.86329E-06
 1672    0.85825E-06
 1673    0.85325E-06
 1674    0.84828E-06
 1675    0.84334E-06
 1676    0.83842E-06
 1677    0.83354E-06
 1678    0.82868E-06
 1679    0.82385E-06
 1680    0.81905E-06
 1681    0.81427E-06
 1682    0.80953E-06
 1683    0.80481E-06
 1684    0.80012E-06
 1685    0.79546E-06
 1686    0.79082E-06
 1687    0.78621E-06
 1688    0.78163E-06
 1689    0.77708E-06
 1690    0.77255E-06
 1691    0.76804E-06
 1692    0.76357E-06
 1693    0.75912E-06
 1694    0.75469E-06
 1695    0.75030E-06
 1696    0.74592E-06
 1697    0.74158E-06
 1698    0.73726E-06
 1699    0.73296E-06
 1700    0.72869E-06
 1701    0.72444E-06
 1702    0.72022E-06
 1703    0.71602E-06
 1704    0.71185E-06
 1705    0.70770E-06
 1706    0.70358E-06
 1707    0.69948E-06
 1708    0.69540E-06
 1709    0.69135E-06
 1710    0.68732E-06
 1711    0.68331E-06
 1712    0.67933E-06
 1713    0.67537E-06
 1714    0.67143E-06
 1715    0.66752E-06
 1716    0.66363E-06
 1717    0.65976E-06
 1718    0.65592E-06
 1719    0.65210E-06
 1720    0.64830E-06
 1721    0.64452E-06
 1722    0.64076E-06
 1723    0.63703E-06
 1724    0.63331E-06
 1725    0.62962E-06
 1726    0.62595E-06
 1727    0.62231E-06
 1728    0.61868E-06
 1729    0.61507E-06
 1730    0.61149E-06
 1731    0.60793E-06
 1732    0.60438E-06
 1733    0.60086E-06
 1734    0.59736E-06
 1735    0.59388E-06
 1736    0.59042E-06
 1737    0.58698E-06
 1738    0.58356E-06
 1739    0.58015E-06
 1740    0.57677E-06
 1741    0.57341E-06
 1742    0.57007E-06
 1743    0.56675E-06
 1744    0.56345E-06
 1745    0.56016E-06
 1746    0.55690E-06
 1747    0.55365E-06
 1748    0.55043E-06
 1749    0.54722E-06
 1750    0.54403E-06
 1751    0.54086E-06
 1752    0.53771E-06
 1753    0.53457E-06
 1754    0.53146E-06
 1755    0.52836E-06
 1756    0.52528E-06
 1757    0.52222E-06
 1758    0.51918E-06
 1759    0.51615E-06
 1760    0.51314E-06
 1761    0.51015E-06
 1762    0.50718E-06
 1763    0.50422E-06
 1764    0.50128E-06
 1765    0.49836E-06
 1766    0.49546E-06
 1767    0.49257E-06
 1768    0.48970E-06
 1769    0.48685E-06
 1770    0.48401E-06
 1771    0.48119E-06
 1772    0.47838E-06
 1773    0.47560E-06
 1774    0.47282E-06
 1775    0.47007E-06
 1776    0.46733E-06
 1777    0.46461E-06
 1778    0.46190E-06
 1779    0.45921E-06
 1780    0.45653E-06
 1781    0.45387E-06
 1782    0.45122E-06
 1783    0.44859E-06
 1784    0.44598E-06
 1785    0.44338E-06
 1786    0.44080E-06
 1787    0.43823E-06
 1788    0.43567E-06
 1789    0.43314E-06
 1790    0.43061E-06
 1791    0.42810E-06
 1792    0.42561E-06
 1793    0.42313E-06
 1794    0.42066E-06
 1795    0.41821E-06
 1796    0.41577E-06
 1797    0.41335E-06
 1798    0.41094E-06
 1799    0.40854E-06
 1800    0.40616E-06
 1801    0.40380E-06
 1802    0.40144E-06
 1803    0.39910E-06
 1804    0.39678E-06
 1805    0.39447E-06
 1806    0.39217E-06
 1807    0.38988E-06
 1808    0.38761E-06
 1809    0.38535E-06
 1810    0.38310E-06
 1811    0.38087E-06
 1812    0.37865E-06
 1813    0.37645E-06
 1814    0.37425E-06
 1815    0.37207E-06
 1816    0.36990E-06
 1817    0.36775E-06
 1818    0.36560E-06
 1819    0.36347E-06
 1820    0.36135E-06
 1821    0.35925E-06
 1822    0.35715E-06
 1823    0.35507E-06
 1824    0.35300E-06
 1825    0.35095E-06
 1826    0.34890E-06
 1827    0.34687E-06
 1828    0.34485E-06
 1829    0.34284E-06
 1830    0.34084E-06
 1831    0.33885E-06
 1832    0.33688E-06
 1833    0.33491E-06
 1834    0.33296E-06
 1835    0.33102E-06
 1836    0.32909E-06
 1837    0.32717E-06
 1838    0.32527E-06
 1839    0.32337E-06
 1840    0.32149E-06
 1841    0.31961E-06
 1842    0.31775E-06
 1843    0.31590E-06
 1844    0.31406E-06
 1845    0.31223E-06
 1846    0.31041E-06
 1847    0.30860E-06
 1848    0.30680E-06
 1849    0.30501E-06
 1850    0.30324E-06
 1851    0.30147E-06
 1852    0.29971E-06
 1853    0.29797E-06
 1854    0.29623E-06
 1855    0.29450E-06
 1856    0.29279E-06
 1857    0.29108E-06
 1858    0.28938E-06
 1859    0.28770E-06
 1860    0.28602E-06
 1861    0.28435E-06
 1862    0.28270E-06
 1863    0.28105E-06
 1864    0.27941E-06
 1865    0.27778E-06
 1866    0.27616E-06
 1867    0.27455E-06
 1868    0.27295E-06
 1869    0.27136E-06
 1870    0.26978E-06
 1871    0.26821E-06
 1872    0.26665E-06
 1873    0.26509E-06
 1874    0.26355E-06
 1875    0.26201E-06
 1876    0.26048E-06
 1877    0.25897E-06
 1878    0.25746E-06
 1879    0.25596E-06
 1880    0.25447E-06
 1881    0.25298E-06
 1882    0.25151E-06
 1883    0.25004E-06
 1884    0.24858E-06
 1885    0.24714E-06
 1886    0.24570E-06
 1887    0.24426E-06
 1888    0.24284E-06
 1889    0.24143E-06
 1890    0.24002E-06
 1891    0.23862E-06
 1892    0.23723E-06
 1893    0.23585E-06
 1894    0.23447E-06
 1895    0.23311E-06
 1896    0.23175E-06
 1897    0.23040E-06
 1898    0.22905E-06
 1899    0.22772E-06
 1900    0.22639E-06
 1901    0.22507E-06
 1902    0.22376E-06
 1903    0.22246E-06
 1904    0.22116E-06
 1905    0.21987E-06
 1906    0.21859E-06
 1907    0.21732E-06
 1908    0.21605E-06
 1909    0.21479E-06
 1910    0.21354E-06
 1911    0.21229E-06
 1912    0.21106E-06
 1913    0.20983E-06
 1914    0.20860E-06
 1915    0.20739E-06
 1916    0.20618E-06
 1917    0.20498E-06
 1918    0.20378E-06
 1919    0.20260E-06
 1920    0.20141E-06
 1921    0.20024E-06
 1922    0.19907E-06
 1923    0.19791E-06
 1924    0.19676E-06
 1925    0.19561E-06
 1926    0.19447E-06
 1927    0.19334E-06
 1928    0.19221E-06
 1929    0.19109E-06
 1930    0.18998E-06
 1931    0.18887E-06
 1932    0.18777E-06
 1933    0.18668E-06
 1934    0.18559E-06
 1935    0.18451E-06
 1936    0.18343E-06
 1937    0.18236E-06
 1938    0.18130E-06
 1939    0.18024E-06
 1940    0.17919E-06
 1941    0.17815E-06
 1942    0.17711E-06
 1943    0.17608E-06
 1944    0.17505E-06
 1945    0.17403E-06
 1946    0.17302E-06
 1947    0.17201E-06
 1948    0.17101E-06
 1949    0.17001E-06
 1950    0.16902E-06
 1951    0.16804E-06
 1952    0.16706E-06
 1953    0.16608E-06
 1954    0.16511E-06
 1955    0.16415E-06
 1956    0.16320E-06
 1957    0.16224E-06
 1958    0.16130E-06
 1959    0.16036E-06
 1960    0.15942E-06
 1961    0.15850E-06
 1962    0.15757E-06
 1963    0.15665E-06
 1964    0.15574E-06
 1965    0.15483E-06
 1966    0.15393E-06
 1967    0.15303E-06
 1968    0.15214E-06
 1969    0.15125E-06
 1970    0.15037E-06
 1971    0.14950E-06
 1972    0.14863E-06
 1973    0.14776E-06
 1974    0.14690E-06
 1975    0.14604E-06
 1976    0.14519E-06
 1977    0.14434E-06
 1978    0.14350E-06
 1979    0.14267E-06
 1980    0.14184E-06
 1981    0.14101E-06
 1982    0.14019E-06
 1983    0.13937E-06
 1984    0.13856E-06
 1985    0.13775E-06
 1986    0.13695E-06
 1987    0.13615E-06
 1988    0.13536E-06
 1989    0.13457E-06
 1990    0.13378E-06
 1991    0.13300E-06
 1992    0.13223E-06
 1993    0.13146E-06
 1994    0.13069E-06
 1995    0.12993E-06
 1996    0.12917E-06
 1997    0.12842E-06
 1998    0.12767E-06
 1999    0.12693E-06
 2000    0.12619E-06
 2001    0.12545E-06
 2002    0.12472E-06
 2003    0.12399E-06
 2004    0.12327E-06
 2005    0.12255E-06
 2006    0.12184E-06
 2007    0.12113E-06
 2008    0.12042E-06
 2009    0.11972E-06
 2010    0.11902E-06
 2011    0.11833E-06
 2012    0.11764E-06
 2013    0.11695E-06
 2014    0.11627E-06
 2015    0.11560E-06
 2016    0.11492E-06
 2017    0.11425E-06
 2018    0.11359E-06
 2019    0.11292E-06
 2020    0.11227E-06
 2021    0.11161E-06
 2022    0.11096E-06
 2023    0.11031E-06
 2024    0.10967E-06
 2025    0.10903E-06
 2026    0.10840E-06
 2027    0.10777E-06
 2028    0.10714E-06
 2029    0.10651E-06
 2030    0.10589E-06
 2031    0.10528E-06
 2032    0.10466E-06
 2033    0.10405E-06
 2034    0.10345E-06
 2035    0.10284E-06
 2036    0.10224E-06
 2037    0.10165E-06
 2038    0.10105E-06
 2039    0.10047E-06
 2040    0.99880E-07
 2041    0.99298E-07
 2042    0.98720E-07
 2043    0.98144E-07
 2044    0.97572E-07
 2045    0.97004E-07
 2046    0.96438E-07
 2047    0.95876E-07
 2048    0.95318E-07
 2049    0.94762E-07
 2050    0.94210E-07
 2051    0.93661E-07
 2052    0.93115E-07
 2053    0.92572E-07
 2054    0.92033E-07
 2055    0.91496E-07
 2056    0.90963E-07
 2057    0.90433E-07
 2058    0.89906E-07
 2059    0.89382E-07
 2060    0.88861E-07
 2061    0.88343E-07
 2062    0.87828E-07
 2063    0.87317E-07
 2064    0.86808E-07
 2065    0.86302E-07
 2066    0.85799E-07
 2067    0.85299E-07
 2068    0.84802E-07
 2069    0.84307E-07
 2070    0.83816E-07
 2071    0.83328E-07
 2072    0.82842E-07
 2073    0.82359E-07
 2074    0.81879E-07
 2075    0.81402E-07
 2076    0.80928E-07
 2077    0.80456E-07
 2078    0.79987E-07
 2079    0.79521E-07
 2080    0.79057E-07
 2081    0.78597E-07
 2082    0.78139E-07
 2083    0.77683E-07
 2084    0.77231E-07
 2085    0.76780E-07
 2086    0.76333E-07
 2087    0.75888E-07
 2088    0.75446E-07
 2089    0.75006E-07
 2090    0.74569E-07
 2091    0.74134E-07
 2092    0.73702E-07
 2093    0.73273E-07
 2094    0.72846E-07
 2095    0.72421E-07
 2096    0.71999E-07
 2097    0.71580E-07
 2098    0.71163E-07
 2099    0.70748E-07
 2100    0.70335E-07
 2101    0.69926E-07
 2102    0.69518E-07
 2103    0.69113E-07
 2104    0.68710E-07
 2105    0.68310E-07
 2106    0.67912E-07
 2107    0.67516E-07
 2108    0.67122E-07
 2109    0.66731E-07
 2110    0.66342E-07
 2111    0.65956E-07
 2112    0.65571E-07
 2113    0.65189E-07
 2114    0.64809E-07
 2115    0.64431E-07
 2116    0.64056E-07
 2117    0.63683E-07
 2118    0.63312E-07
 2119    0.62943E-07
 2120    0.62576E-07
 2121    0.62211E-07
 2122    0.61848E-07
 2123    0.61488E-07
 2124    0.61130E-07
 2125    0.60773E-07
 2126    0.60419E-07
 2127    0.60067E-07
 2128    0.59717E-07
 2129    0.59369E-07
 2130    0.59023E-07
 2131    0.58679E-07
 2132    0.58337E-07
 2133    0.57997E-07
 2134    0.57659E-07
 2135    0.57323E-07
 2136    0.56989E-07
 2137    0.56657E-07
 2138    0.56327E-07
 2139    0.55998E-07
 2140    0.55672E-07
 2141    0.55348E-07
 2142    0.55025E-07
 2143    0.54704E-07
 2144    0.54386E-07
 2145    0.54069E-07
 2146    0.53753E-07
 2147    0.53440E-07
 2148    0.53129E-07
 2149    0.52819E-07
 2150    0.52511E-07
 2151    0.52205E-07
 2152    0.51901E-07
 2153    0.51599E-07
 2154    0.51298E-07
 2155    0.50999E-07
 2156    0.50702E-07
 2157    0.50406E-07
 2158    0.50112E-07
 2159    0.49820E-07
 2160    0.49530E-07
 2161    0.49241E-07
 2162    0.48954E-07
 2163    0.48669E-07
 2164    0.48385E-07
 2165    0.48103E-07
 2166    0.47823E-07
 2167    0.47544E-07
 2168    0.47267E-07
 2169    0.46992E-07
 2170    0.46718E-07
 2171    0.46446E-07
 2172    0.46175E-07
 2173    0.45906E-07
 2174    0.45638E-07
 2175    0.45372E-07
 2176    0.45108E-07
 2177    0.44845E-07
 2178    0.44584E-07
 2179    0.44324E-07
 2180    0.44066E-07
 2181    0.43809E-07
 2182    0.43553E-07
 2183    0.43300E-07
 2184    0.43047E-07
 2185    0.42796E-07
 2186    0.42547E-07
 2187    0.42299E-07
 2188    0.42053E-07
 2189    0.41807E-07
 2190    0.41564E-07
 2191    0.41322E-07
 2192    0.41081E-07
 2193    0.40841E-07
 2194    0.40603E-07
 2195    0.40367E-07
 2196    0.40131E-07
 2197    0.39898E-07
 2198    0.39665E-07
 2199    0.39434E-07
 2200    0.39204E-07
 2201    0.38976E-07
 2202    0.38748E-07
 2203    0.38523E-07
 2204    0.38298E-07
 2205    0.38075E-07
 2206    0.37853E-07
 2207    0.37632E-07
 2208    0.37413E-07
 2209    0.37195E-07
 2210    0.36978E-07
 2211    0.36763E-07
 2212    0.36549E-07
 2213    0.36336E-07
 2214    0.36124E-07
 2215    0.35913E-07
 2216    0.35704E-07
 2217    0.35496E-07
 2218    0.35289E-07
 2219    0.35083E-07
 2220    0.34879E-07
 2221    0.34676E-07
 2222    0.34474E-07
 2223    0.34273E-07
 2224    0.34073E-07
 2225    0.33874E-07
 2226    0.33677E-07
 2227    0.33481E-07
 2228    0.33286E-07
 2229    0.33092E-07
 2230    0.32899E-07
 2231    0.32707E-07
 2232    0.32516E-07
 2233    0.32327E-07
 2234    0.32138E-07
 2235    0.31951E-07
 2236    0.31765E-07
 2237    0.31580E-07
 2238    0.31396E-07
 2239    0.31213E-07
 2240    0.31031E-07
 2241    0.30850E-07
 2242    0.30670E-07
 2243    0.30491E-07
 2244    0.30314E-07
 2245    0.30137E-07
 2246    0.29961E-07
 2247    0.29787E-07
 2248    0.29613E-07
 2249    0.29441E-07
 2250    0.29269E-07
 2251    0.29099E-07
 2252    0.28929E-07
 2253    0.28760E-07
 2254    0.28593E-07
 2255    0.28426E-07
 2256    0.28260E-07
 2257    0.28096E-07
 2258    0.27932E-07
 2259    0.27769E-07
 2260    0.27607E-07
 2261    0.27446E-07
 2262    0.27287E-07
 2263    0.27128E-07
 2264    0.26969E-07
 2265    0.26812E-07
 2266    0.26656E-07
 2267    0.26501E-07
 2268    0.26346E-07
 2269    0.26193E-07
 2270    0.26040E-07
 2271    0.25888E-07
 2272    0.25737E-07
 2273    0.25587E-07
 2274    0.25438E-07
 2275    0.25290E-07
 2276    0.25143E-07
 2277    0.24996E-07
 2278    0.24850E-07
 2279    0.24706E-07
 2280    0.24562E-07
 2281    0.24418E-07
 2282    0.24276E-07
 2283    0.24135E-07
 2284    0.23994E-07
 2285    0.23854E-07
 2286    0.23715E-07
 2287    0.23577E-07
 2288    0.23440E-07
 2289    0.23303E-07
 2290    0.23167E-07
 2291    0.23032E-07
 2292    0.22898E-07
 2293    0.22764E-07
 2294    0.22632E-07
 2295    0.22500E-07
 2296    0.22369E-07
 2297    0.22238E-07
 2298    0.22109E-07
 2299    0.21980E-07
 2300    0.21852E-07
 2301    0.21724E-07
 2302    0.21598E-07
 2303    0.21472E-07
 2304    0.21347E-07
 2305    0.21222E-07
 2306    0.21099E-07
 2307    0.20976E-07
 2308    0.20854E-07
 2309    0.20732E-07
 2310    0.20611E-07
 2311    0.20491E-07
 2312    0.20372E-07
 2313    0.20253E-07
 2314    0.20135E-07
 2315    0.20018E-07
 2316    0.19901E-07
 2317    0.19785E-07
 2318    0.19670E-07
 2319    0.19555E-07
 2320    0.19441E-07
 2321    0.19328E-07
 2322    0.19215E-07
 2323    0.19103E-07
 2324    0.18992E-07
 2325    0.18881E-07
 2326    0.18771E-07
 2327    0.18662E-07
 2328    0.18553E-07
 2329    0.18445E-07
 2330    0.18337E-07
 2331    0.18230E-07
 2332    0.18124E-07
 2333    0.18019E-07
 2334    0.17914E-07
 2335    0.17809E-07
 2336    0.17705E-07
 2337    0.17602E-07
 2338    0.17500E-07
 2339    0.17398E-07
 2340    0.17296E-07
 2341    0.17195E-07
 2342    0.17095E-07
 2343    0.16996E-07
 2344    0.16897E-07
 2345    0.16798E-07
 2346    0.16700E-07
 2347    0.16603E-07
 2348    0.16506E-07
 2349    0.16410E-07
 2350    0.16314E-07
 2351    0.16219E-07
 2352    0.16125E-07
 2353    0.16031E-07
 2354    0.15937E-07
 2355    0.15844E-07
 2356    0.15752E-07
 2357    0.15660E-07
 2358    0.15569E-07
 2359    0.15478E-07
 2360    0.15388E-07
 2361    0.15298E-07
 2362    0.15209E-07
 2363    0.15121E-07
 2364    0.15032E-07
 2365    0.14945E-07
 2366    0.14858E-07
 2367    0.14771E-07
 2368    0.14685E-07
 2369    0.14599E-07
 2370    0.14514E-07
 2371    0.14430E-07
 2372    0.14346E-07
 2373    0.14262E-07
 2374    0.14179E-07
 2375    0.14096E-07
 2376    0.14014E-07
 2377    0.13932E-07
 2378    0.13851E-07
 2379    0.13771E-07
 2380    0.13690E-07
 2381    0.13611E-07
 2382    0.13531E-07
 2383    0.13452E-07
 2384    0.13374E-07
 2385    0.13296E-07
 2386    0.13219E-07
 2387    0.13141E-07
 2388    0.13065E-07
 2389    0.12989E-07
 2390    0.12913E-07
 2391    0.12838E-07
 2392    0.12763E-07
 2393    0.12689E-07
 2394    0.12615E-07
 2395    0.12541E-07
 2396    0.12468E-07
 2397    0.12395E-07
 2398    0.12323E-07
 2399    0.12251E-07
 2400    0.12180E-07
 2401    0.12109E-07
 2402    0.12038E-07
 2403    0.11968E-07
 2404    0.11898E-07
 2405    0.11829E-07
 2406    0.11760E-07
 2407    0.11692E-07
 2408    0.11624E-07
 2409    0.11556E-07
 2410    0.11488E-07
 2411    0.11421E-07
 2412    0.11355E-07
 2413    0.11289E-07
 2414    0.11223E-07
 2415    0.11158E-07
 2416    0.11093E-07
 2417    0.11028E-07
 2418    0.10964E-07
 2419    0.10900E-07
 2420    0.10836E-07
 2421    0.10773E-07
 2422    0.10710E-07
 2423    0.10648E-07
 2424    0.10586E-07
 2425    0.10524E-07
 2426    0.10463E-07
 2427    0.10402E-07
 2428    0.10341E-07
 2429    0.10281E-07
 2430    0.10221E-07
 2431    0.10161E-07
 2432    0.10102E-07
 2433    0.10043E-07
 2434    0.99848E-08

iteration:   2434

epsilon =     0.10000E-07
omega =     0.18000E+01
tick =     0.10000E-06

norm_x =     0.18704E+03, norm_analysis =     0.18703E+03
diff =     0.92603E+01

caltime =    5.0905, comtime =    0.1471, checktime =    3.2837
alltime =    8.5213

