8 processes:
    1    0.10067E+01
    2    0.79096E+00
    3    0.62169E+00
    4    0.48893E+00
    5    0.38479E+00
    6    0.30314E+00
    7    0.23911E+00
    8    0.18892E+00
    9    0.14960E+00
   10    0.11880E+00
   11    0.94703E-01
   12    0.75871E-01
   13    0.61177E-01
   14    0.49738E-01
   15    0.40855E-01
   16    0.33978E-01
   17    0.44385E-01
   18    0.36624E-01
   19    0.38845E-01
   20    0.31130E-01
   21    0.31535E-01
   22    0.25492E-01
   23    0.25492E-01
   24    0.21181E-01
   25    0.21090E-01
   26    0.18157E-01
   27    0.18017E-01
   28    0.16058E-01
   29    0.15867E-01
   30    0.14547E-01
   31    0.14310E-01
   32    0.13400E-01
   33    0.13194E-01
   34    0.12526E-01
   35    0.12329E-01
   36    0.11787E-01
   37    0.11588E-01
   38    0.11126E-01
   39    0.10928E-01
   40    0.10534E-01
   41    0.10341E-01
   42    0.10004E-01
   43    0.98189E-02
   44    0.95301E-02
   45    0.93534E-02
   46    0.91043E-02
   47    0.89357E-02
   48    0.87185E-02
   49    0.85578E-02
   50    0.83661E-02
   51    0.82133E-02
   52    0.80418E-02
   53    0.78969E-02
   54    0.77414E-02
   55    0.76045E-02
   56    0.74620E-02
   57    0.73327E-02
   58    0.72012E-02
   59    0.70792E-02
   60    0.69569E-02
   61    0.68419E-02
   62    0.67276E-02
   63    0.66191E-02
   64    0.65118E-02
   65    0.64093E-02
   66    0.63083E-02
   67    0.62113E-02
   68    0.61160E-02
   69    0.60240E-02
   70    0.59339E-02
   71    0.58466E-02
   72    0.57612E-02
   73    0.56783E-02
   74    0.55971E-02
   75    0.55182E-02
   76    0.54410E-02
   77    0.53658E-02
   78    0.52922E-02
   79    0.52205E-02
   80    0.51503E-02
   81    0.50818E-02
   82    0.50148E-02
   83    0.49492E-02
   84    0.48851E-02
   85    0.48224E-02
   86    0.47610E-02
   87    0.47009E-02
   88    0.46421E-02
   89    0.45845E-02
   90    0.45280E-02
   91    0.44727E-02
   92    0.44185E-02
   93    0.43654E-02
   94    0.43133E-02
   95    0.42622E-02
   96    0.42120E-02
   97    0.41629E-02
   98    0.41146E-02
   99    0.40673E-02
  100    0.40208E-02
  101    0.39752E-02
  102    0.39304E-02
  103    0.38864E-02
  104    0.38432E-02
  105    0.38007E-02
  106    0.37590E-02
  107    0.37180E-02
  108    0.36777E-02
  109    0.36381E-02
  110    0.35991E-02
  111    0.35608E-02
  112    0.35231E-02
  113    0.34861E-02
  114    0.34496E-02
  115    0.34138E-02
  116    0.33785E-02
  117    0.33438E-02
  118    0.33096E-02
  119    0.32759E-02
  120    0.32428E-02
  121    0.32102E-02
  122    0.31781E-02
  123    0.31464E-02
  124    0.31153E-02
  125    0.30846E-02
  126    0.30544E-02
  127    0.30246E-02
  128    0.29952E-02
  129    0.29663E-02
  130    0.29378E-02
  131    0.29097E-02
  132    0.28820E-02
  133    0.28547E-02
  134    0.28278E-02
  135    0.28012E-02
  136    0.27751E-02
  137    0.27492E-02
  138    0.27238E-02
  139    0.26987E-02
  140    0.26739E-02
  141    0.26494E-02
  142    0.26253E-02
  143    0.26015E-02
  144    0.25780E-02
  145    0.25548E-02
  146    0.25320E-02
  147    0.25094E-02
  148    0.24871E-02
  149    0.24651E-02
  150    0.24434E-02
  151    0.24219E-02
  152    0.24007E-02
  153    0.23798E-02
  154    0.23592E-02
  155    0.23388E-02
  156    0.23186E-02
  157    0.22987E-02
  158    0.22791E-02
  159    0.22596E-02
  160    0.22405E-02
  161    0.22215E-02
  162    0.22028E-02
  163    0.21843E-02
  164    0.21660E-02
  165    0.21479E-02
  166    0.21300E-02
  167    0.21124E-02
  168    0.20949E-02
  169    0.20777E-02
  170    0.20606E-02
  171    0.20438E-02
  172    0.20271E-02
  173    0.20106E-02
  174    0.19943E-02
  175    0.19782E-02
  176    0.19623E-02
  177    0.19465E-02
  178    0.19310E-02
  179    0.19155E-02
  180    0.19003E-02
  181    0.18852E-02
  182    0.18703E-02
  183    0.18556E-02
  184    0.18410E-02
  185    0.18265E-02
  186    0.18123E-02
  187    0.17981E-02
  188    0.17841E-02
  189    0.17703E-02
  190    0.17566E-02
  191    0.17431E-02
  192    0.17297E-02
  193    0.17164E-02
  194    0.17033E-02
  195    0.16903E-02
  196    0.16774E-02
  197    0.16647E-02
  198    0.16521E-02
  199    0.16396E-02
  200    0.16273E-02
  201    0.16150E-02
  202    0.16029E-02
  203    0.15910E-02
  204    0.15791E-02
  205    0.15673E-02
  206    0.15557E-02
  207    0.15442E-02
  208    0.15328E-02
  209    0.15215E-02
  210    0.15103E-02
  211    0.14992E-02
  212    0.14883E-02
  213    0.14774E-02
  214    0.14667E-02
  215    0.14560E-02
  216    0.14454E-02
  217    0.14350E-02
  218    0.14246E-02
  219    0.14144E-02
  220    0.14042E-02
  221    0.13941E-02
  222    0.13842E-02
  223    0.13743E-02
  224    0.13645E-02
  225    0.13548E-02
  226    0.13452E-02
  227    0.13357E-02
  228    0.13262E-02
  229    0.13169E-02
  230    0.13076E-02
  231    0.12984E-02
  232    0.12893E-02
  233    0.12803E-02
  234    0.12714E-02
  235    0.12625E-02
  236    0.12537E-02
  237    0.12450E-02
  238    0.12364E-02
  239    0.12279E-02
  240    0.12194E-02
  241    0.12110E-02
  242    0.12027E-02
  243    0.11944E-02
  244    0.11862E-02
  245    0.11781E-02
  246    0.11701E-02
  247    0.11621E-02
  248    0.11542E-02
  249    0.11464E-02
  250    0.11386E-02
  251    0.11309E-02
  252    0.11232E-02
  253    0.11157E-02
  254    0.11082E-02
  255    0.11007E-02
  256    0.10933E-02
  257    0.10860E-02
  258    0.10788E-02
  259    0.10715E-02
  260    0.10644E-02
  261    0.10573E-02
  262    0.10503E-02
  263    0.10433E-02
  264    0.10364E-02
  265    0.10296E-02
  266    0.10228E-02
  267    0.10160E-02
  268    0.10093E-02
  269    0.10027E-02
  270    0.99614E-03
  271    0.98961E-03
  272    0.98314E-03
  273    0.97671E-03
  274    0.97034E-03
  275    0.96402E-03
  276    0.95775E-03
  277    0.95153E-03
  278    0.94536E-03
  279    0.93924E-03
  280    0.93316E-03
  281    0.92713E-03
  282    0.92115E-03
  283    0.91522E-03
  284    0.90933E-03
  285    0.90349E-03
  286    0.89769E-03
  287    0.89194E-03
  288    0.88623E-03
  289    0.88057E-03
  290    0.87495E-03
  291    0.86937E-03
  292    0.86384E-03
  293    0.85834E-03
  294    0.85289E-03
  295    0.84748E-03
  296    0.84211E-03
  297    0.83678E-03
  298    0.83149E-03
  299    0.82624E-03
  300    0.82103E-03
  301    0.81586E-03
  302    0.81073E-03
  303    0.80563E-03
  304    0.80057E-03
  305    0.79555E-03
  306    0.79057E-03
  307    0.78562E-03
  308    0.78071E-03
  309    0.77584E-03
  310    0.77100E-03
  311    0.76619E-03
  312    0.76143E-03
  313    0.75669E-03
  314    0.75199E-03
  315    0.74733E-03
  316    0.74269E-03
  317    0.73809E-03
  318    0.73353E-03
  319    0.72899E-03
  320    0.72449E-03
  321    0.72002E-03
  322    0.71559E-03
  323    0.71118E-03
  324    0.70680E-03
  325    0.70246E-03
  326    0.69815E-03
  327    0.69386E-03
  328    0.68961E-03
  329    0.68539E-03
  330    0.68119E-03
  331    0.67703E-03
  332    0.67289E-03
  333    0.66879E-03
  334    0.66471E-03
  335    0.66066E-03
  336    0.65663E-03
  337    0.65264E-03
  338    0.64867E-03
  339    0.64473E-03
  340    0.64082E-03
  341    0.63693E-03
  342    0.63307E-03
  343    0.62924E-03
  344    0.62543E-03
  345    0.62165E-03
  346    0.61789E-03
  347    0.61416E-03
  348    0.61046E-03
  349    0.60678E-03
  350    0.60312E-03
  351    0.59949E-03
  352    0.59588E-03
  353    0.59230E-03
  354    0.58874E-03
  355    0.58521E-03
  356    0.58169E-03
  357    0.57821E-03
  358    0.57474E-03
  359    0.57130E-03
  360    0.56788E-03
  361    0.56448E-03
  362    0.56111E-03
  363    0.55775E-03
  364    0.55442E-03
  365    0.55111E-03
  366    0.54783E-03
  367    0.54456E-03
  368    0.54132E-03
  369    0.53809E-03
  370    0.53489E-03
  371    0.53171E-03
  372    0.52855E-03
  373    0.52541E-03
  374    0.52229E-03
  375    0.51919E-03
  376    0.51611E-03
  377    0.51304E-03
  378    0.51000E-03
  379    0.50698E-03
  380    0.50398E-03
  381    0.50100E-03
  382    0.49803E-03
  383    0.49509E-03
  384    0.49216E-03
  385    0.48925E-03
  386    0.48637E-03
  387    0.48349E-03
  388    0.48064E-03
  389    0.47781E-03
  390    0.47499E-03
  391    0.47219E-03
  392    0.46941E-03
  393    0.46665E-03
  394    0.46390E-03
  395    0.46117E-03
  396    0.45846E-03
  397    0.45576E-03
  398    0.45308E-03
  399    0.45042E-03
  400    0.44778E-03
  401    0.44515E-03
  402    0.44254E-03
  403    0.43994E-03
  404    0.43736E-03
  405    0.43480E-03
  406    0.43225E-03
  407    0.42972E-03
  408    0.42720E-03
  409    0.42470E-03
  410    0.42221E-03
  411    0.41974E-03
  412    0.41729E-03
  413    0.41485E-03
  414    0.41242E-03
  415    0.41001E-03
  416    0.40761E-03
  417    0.40523E-03
  418    0.40287E-03
  419    0.40052E-03
  420    0.39818E-03
  421    0.39585E-03
  422    0.39355E-03
  423    0.39125E-03
  424    0.38897E-03
  425    0.38670E-03
  426    0.38445E-03
  427    0.38221E-03
  428    0.37998E-03
  429    0.37777E-03
  430    0.37557E-03
  431    0.37338E-03
  432    0.37121E-03
  433    0.36905E-03
  434    0.36690E-03
  435    0.36477E-03
  436    0.36265E-03
  437    0.36054E-03
  438    0.35845E-03
  439    0.35636E-03
  440    0.35429E-03
  441    0.35223E-03
  442    0.35019E-03
  443    0.34816E-03
  444    0.34613E-03
  445    0.34412E-03
  446    0.34213E-03
  447    0.34014E-03
  448    0.33817E-03
  449    0.33621E-03
  450    0.33426E-03
  451    0.33232E-03
  452    0.33039E-03
  453    0.32848E-03
  454    0.32657E-03
  455    0.32468E-03
  456    0.32280E-03
  457    0.32093E-03
  458    0.31907E-03
  459    0.31722E-03
  460    0.31538E-03
  461    0.31356E-03
  462    0.31174E-03
  463    0.30994E-03
  464    0.30814E-03
  465    0.30636E-03
  466    0.30459E-03
  467    0.30282E-03
  468    0.30107E-03
  469    0.29933E-03
  470    0.29760E-03
  471    0.29588E-03
  472    0.29416E-03
  473    0.29246E-03
  474    0.29077E-03
  475    0.28909E-03
  476    0.28742E-03
  477    0.28576E-03
  478    0.28411E-03
  479    0.28246E-03
  480    0.28083E-03
  481    0.27921E-03
  482    0.27759E-03
  483    0.27599E-03
  484    0.27440E-03
  485    0.27281E-03
  486    0.27123E-03
  487    0.26967E-03
  488    0.26811E-03
  489    0.26656E-03
  490    0.26502E-03
  491    0.26349E-03
  492    0.26197E-03
  493    0.26046E-03
  494    0.25895E-03
  495    0.25746E-03
  496    0.25597E-03
  497    0.25449E-03
  498    0.25302E-03
  499    0.25156E-03
  500    0.25011E-03
  501    0.24867E-03
  502    0.24723E-03
  503    0.24581E-03
  504    0.24439E-03
  505    0.24298E-03
  506    0.24158E-03
  507    0.24018E-03
  508    0.23880E-03
  509    0.23742E-03
  510    0.23605E-03
  511    0.23469E-03
  512    0.23333E-03
  513    0.23199E-03
  514    0.23065E-03
  515    0.22932E-03
  516    0.22799E-03
  517    0.22668E-03
  518    0.22537E-03
  519    0.22407E-03
  520    0.22278E-03
  521    0.22149E-03
  522    0.22022E-03
  523    0.21895E-03
  524    0.21768E-03
  525    0.21643E-03
  526    0.21518E-03
  527    0.21394E-03
  528    0.21270E-03
  529    0.21148E-03
  530    0.21026E-03
  531    0.20904E-03
  532    0.20784E-03
  533    0.20664E-03
  534    0.20545E-03
  535    0.20426E-03
  536    0.20309E-03
  537    0.20191E-03
  538    0.20075E-03
  539    0.19959E-03
  540    0.19844E-03
  541    0.19730E-03
  542    0.19616E-03
  543    0.19503E-03
  544    0.19390E-03
  545    0.19279E-03
  546    0.19167E-03
  547    0.19057E-03
  548    0.18947E-03
  549    0.18838E-03
  550    0.18729E-03
  551    0.18621E-03
  552    0.18514E-03
  553    0.18407E-03
  554    0.18301E-03
  555    0.18195E-03
  556    0.18090E-03
  557    0.17986E-03
  558    0.17882E-03
  559    0.17779E-03
  560    0.17676E-03
  561    0.17575E-03
  562    0.17473E-03
  563    0.17372E-03
  564    0.17272E-03
  565    0.17173E-03
  566    0.17074E-03
  567    0.16975E-03
  568    0.16877E-03
  569    0.16780E-03
  570    0.16683E-03
  571    0.16587E-03
  572    0.16491E-03
  573    0.16396E-03
  574    0.16301E-03
  575    0.16207E-03
  576    0.16114E-03
  577    0.16021E-03
  578    0.15928E-03
  579    0.15837E-03
  580    0.15745E-03
  581    0.15654E-03
  582    0.15564E-03
  583    0.15474E-03
  584    0.15385E-03
  585    0.15296E-03
  586    0.15208E-03
  587    0.15120E-03
  588    0.15033E-03
  589    0.14946E-03
  590    0.14860E-03
  591    0.14774E-03
  592    0.14689E-03
  593    0.14604E-03
  594    0.14520E-03
  595    0.14436E-03
  596    0.14353E-03
  597    0.14270E-03
  598    0.14188E-03
  599    0.14106E-03
  600    0.14024E-03
  601    0.13943E-03
  602    0.13863E-03
  603    0.13783E-03
  604    0.13703E-03
  605    0.13624E-03
  606    0.13546E-03
  607    0.13467E-03
  608    0.13390E-03
  609    0.13312E-03
  610    0.13235E-03
  611    0.13159E-03
  612    0.13083E-03
  613    0.13007E-03
  614    0.12932E-03
  615    0.12858E-03
  616    0.12783E-03
  617    0.12710E-03
  618    0.12636E-03
  619    0.12563E-03
  620    0.12491E-03
  621    0.12419E-03
  622    0.12347E-03
  623    0.12276E-03
  624    0.12205E-03
  625    0.12134E-03
  626    0.12064E-03
  627    0.11994E-03
  628    0.11925E-03
  629    0.11856E-03
  630    0.11788E-03
  631    0.11720E-03
  632    0.11652E-03
  633    0.11585E-03
  634    0.11518E-03
  635    0.11451E-03
  636    0.11385E-03
  637    0.11319E-03
  638    0.11254E-03
  639    0.11189E-03
  640    0.11124E-03
  641    0.11060E-03
  642    0.10996E-03
  643    0.10932E-03
  644    0.10869E-03
  645    0.10806E-03
  646    0.10744E-03
  647    0.10682E-03
  648    0.10620E-03
  649    0.10559E-03
  650    0.10498E-03
  651    0.10437E-03
  652    0.10377E-03
  653    0.10317E-03
  654    0.10257E-03
  655    0.10198E-03
  656    0.10139E-03
  657    0.10080E-03
  658    0.10022E-03
  659    0.99639E-04
  660    0.99063E-04
  661    0.98490E-04
  662    0.97921E-04
  663    0.97354E-04
  664    0.96791E-04
  665    0.96232E-04
  666    0.95675E-04
  667    0.95122E-04
  668    0.94572E-04
  669    0.94025E-04
  670    0.93481E-04
  671    0.92940E-04
  672    0.92402E-04
  673    0.91868E-04
  674    0.91336E-04
  675    0.90808E-04
  676    0.90283E-04
  677    0.89760E-04
  678    0.89241E-04
  679    0.88725E-04
  680    0.88212E-04
  681    0.87701E-04
  682    0.87194E-04
  683    0.86689E-04
  684    0.86188E-04
  685    0.85689E-04
  686    0.85193E-04
  687    0.84700E-04
  688    0.84210E-04
  689    0.83722E-04
  690    0.83238E-04
  691    0.82756E-04
  692    0.82277E-04
  693    0.81801E-04
  694    0.81327E-04
  695    0.80857E-04
  696    0.80389E-04
  697    0.79923E-04
  698    0.79460E-04
  699    0.79000E-04
  700    0.78543E-04
  701    0.78088E-04
  702    0.77636E-04
  703    0.77187E-04
  704    0.76740E-04
  705    0.76296E-04
  706    0.75854E-04
  707    0.75415E-04
  708    0.74978E-04
  709    0.74544E-04
  710    0.74112E-04
  711    0.73683E-04
  712    0.73256E-04
  713    0.72832E-04
  714    0.72410E-04
  715    0.71991E-04
  716    0.71574E-04
  717    0.71159E-04
  718    0.70747E-04
  719    0.70337E-04
  720    0.69930E-04
  721    0.69524E-04
  722    0.69122E-04
  723    0.68721E-04
  724    0.68323E-04
  725    0.67927E-04
  726    0.67534E-04
  727    0.67142E-04
  728    0.66753E-04
  729    0.66367E-04
  730    0.65982E-04
  731    0.65600E-04
  732    0.65220E-04
  733    0.64842E-04
  734    0.64466E-04
  735    0.64092E-04
  736    0.63721E-04
  737    0.63352E-04
  738    0.62984E-04
  739    0.62619E-04
  740    0.62256E-04
  741    0.61896E-04
  742    0.61537E-04
  743    0.61180E-04
  744    0.60825E-04
  745    0.60473E-04
  746    0.60122E-04
  747    0.59774E-04
  748    0.59427E-04
  749    0.59083E-04
  750    0.58740E-04
  751    0.58400E-04
  752    0.58061E-04
  753    0.57724E-04
  754    0.57390E-04
  755    0.57057E-04
  756    0.56726E-04
  757    0.56397E-04
  758    0.56070E-04
  759    0.55745E-04
  760    0.55422E-04
  761    0.55100E-04
  762    0.54781E-04
  763    0.54463E-04
  764    0.54147E-04
  765    0.53833E-04
  766    0.53521E-04
  767    0.53211E-04
  768    0.52902E-04
  769    0.52595E-04
  770    0.52290E-04
  771    0.51987E-04
  772    0.51685E-04
  773    0.51385E-04
  774    0.51087E-04
  775    0.50791E-04
  776    0.50496E-04
  777    0.50203E-04
  778    0.49912E-04
  779    0.49623E-04
  780    0.49335E-04
  781    0.49048E-04
  782    0.48764E-04
  783    0.48481E-04
  784    0.48200E-04
  785    0.47920E-04
  786    0.47642E-04
  787    0.47365E-04
  788    0.47091E-04
  789    0.46817E-04
  790    0.46546E-04
  791    0.46275E-04
  792    0.46007E-04
  793    0.45740E-04
  794    0.45474E-04
  795    0.45211E-04
  796    0.44948E-04
  797    0.44687E-04
  798    0.44428E-04
  799    0.44170E-04
  800    0.43914E-04
  801    0.43659E-04
  802    0.43405E-04
  803    0.43153E-04
  804    0.42903E-04
  805    0.42654E-04
  806    0.42406E-04
  807    0.42160E-04
  808    0.41915E-04
  809    0.41672E-04
  810    0.41430E-04
  811    0.41189E-04
  812    0.40950E-04
  813    0.40713E-04
  814    0.40476E-04
  815    0.40241E-04
  816    0.40008E-04
  817    0.39775E-04
  818    0.39544E-04
  819    0.39315E-04
  820    0.39086E-04
  821    0.38859E-04
  822    0.38634E-04
  823    0.38409E-04
  824    0.38186E-04
  825    0.37965E-04
  826    0.37744E-04
  827    0.37525E-04
  828    0.37307E-04
  829    0.37090E-04
  830    0.36875E-04
  831    0.36661E-04
  832    0.36448E-04
  833    0.36236E-04
  834    0.36026E-04
  835    0.35816E-04
  836    0.35608E-04
  837    0.35402E-04
  838    0.35196E-04
  839    0.34991E-04
  840    0.34788E-04
  841    0.34586E-04
  842    0.34385E-04
  843    0.34185E-04
  844    0.33987E-04
  845    0.33789E-04
  846    0.33593E-04
  847    0.33398E-04
  848    0.33204E-04
  849    0.33011E-04
  850    0.32819E-04
  851    0.32629E-04
  852    0.32439E-04
  853    0.32250E-04
  854    0.32063E-04
  855    0.31877E-04
  856    0.31692E-04
  857    0.31507E-04
  858    0.31324E-04
  859    0.31142E-04
  860    0.30961E-04
  861    0.30781E-04
  862    0.30603E-04
  863    0.30425E-04
  864    0.30248E-04
  865    0.30072E-04
  866    0.29897E-04
  867    0.29724E-04
  868    0.29551E-04
  869    0.29379E-04
  870    0.29208E-04
  871    0.29039E-04
  872    0.28870E-04
  873    0.28702E-04
  874    0.28535E-04
  875    0.28369E-04
  876    0.28205E-04
  877    0.28041E-04
  878    0.27878E-04
  879    0.27716E-04
  880    0.27554E-04
  881    0.27394E-04
  882    0.27235E-04
  883    0.27077E-04
  884    0.26919E-04
  885    0.26763E-04
  886    0.26607E-04
  887    0.26453E-04
  888    0.26299E-04
  889    0.26146E-04
  890    0.25994E-04
  891    0.25843E-04
  892    0.25693E-04
  893    0.25543E-04
  894    0.25395E-04
  895    0.25247E-04
  896    0.25100E-04
  897    0.24954E-04
  898    0.24809E-04
  899    0.24665E-04
  900    0.24522E-04
  901    0.24379E-04
  902    0.24237E-04
  903    0.24096E-04
  904    0.23956E-04
  905    0.23817E-04
  906    0.23678E-04
  907    0.23541E-04
  908    0.23404E-04
  909    0.23268E-04
  910    0.23133E-04
  911    0.22998E-04
  912    0.22864E-04
  913    0.22731E-04
  914    0.22599E-04
  915    0.22468E-04
  916    0.22337E-04
  917    0.22207E-04
  918    0.22078E-04
  919    0.21950E-04
  920    0.21822E-04
  921    0.21695E-04
  922    0.21569E-04
  923    0.21443E-04
  924    0.21319E-04
  925    0.21195E-04
  926    0.21071E-04
  927    0.20949E-04
  928    0.20827E-04
  929    0.20706E-04
  930    0.20585E-04
  931    0.20466E-04
  932    0.20347E-04
  933    0.20228E-04
  934    0.20111E-04
  935    0.19994E-04
  936    0.19877E-04
  937    0.19762E-04
  938    0.19647E-04
  939    0.19533E-04
  940    0.19419E-04
  941    0.19306E-04
  942    0.19194E-04
  943    0.19082E-04
  944    0.18971E-04
  945    0.18861E-04
  946    0.18751E-04
  947    0.18642E-04
  948    0.18533E-04
  949    0.18426E-04
  950    0.18318E-04
  951    0.18212E-04
  952    0.18106E-04
  953    0.18001E-04
  954    0.17896E-04
  955    0.17792E-04
  956    0.17688E-04
  957    0.17585E-04
  958    0.17483E-04
  959    0.17381E-04
  960    0.17280E-04
  961    0.17180E-04
  962    0.17080E-04
  963    0.16980E-04
  964    0.16881E-04
  965    0.16783E-04
  966    0.16686E-04
  967    0.16588E-04
  968    0.16492E-04
  969    0.16396E-04
  970    0.16301E-04
  971    0.16206E-04
  972    0.16111E-04
  973    0.16018E-04
  974    0.15924E-04
  975    0.15832E-04
  976    0.15740E-04
  977    0.15648E-04
  978    0.15557E-04
  979    0.15467E-04
  980    0.15377E-04
  981    0.15287E-04
  982    0.15198E-04
  983    0.15110E-04
  984    0.15022E-04
  985    0.14934E-04
  986    0.14847E-04
  987    0.14761E-04
  988    0.14675E-04
  989    0.14590E-04
  990    0.14505E-04
  991    0.14420E-04
  992    0.14336E-04
  993    0.14253E-04
  994    0.14170E-04
  995    0.14088E-04
  996    0.14006E-04
  997    0.13924E-04
  998    0.13843E-04
  999    0.13762E-04
 1000    0.13682E-04
 1001    0.13603E-04
 1002    0.13524E-04
 1003    0.13445E-04
 1004    0.13367E-04
 1005    0.13289E-04
 1006    0.13211E-04
 1007    0.13135E-04
 1008    0.13058E-04
 1009    0.12982E-04
 1010    0.12907E-04
 1011    0.12831E-04
 1012    0.12757E-04
 1013    0.12682E-04
 1014    0.12609E-04
 1015    0.12535E-04
 1016    0.12462E-04
 1017    0.12390E-04
 1018    0.12318E-04
 1019    0.12246E-04
 1020    0.12175E-04
 1021    0.12104E-04
 1022    0.12033E-04
 1023    0.11963E-04
 1024    0.11894E-04
 1025    0.11824E-04
 1026    0.11756E-04
 1027    0.11687E-04
 1028    0.11619E-04
 1029    0.11551E-04
 1030    0.11484E-04
 1031    0.11417E-04
 1032    0.11351E-04
 1033    0.11285E-04
 1034    0.11219E-04
 1035    0.11154E-04
 1036    0.11089E-04
 1037    0.11024E-04
 1038    0.10960E-04
 1039    0.10896E-04
 1040    0.10833E-04
 1041    0.10770E-04
 1042    0.10707E-04
 1043    0.10645E-04
 1044    0.10583E-04
 1045    0.10521E-04
 1046    0.10460E-04
 1047    0.10399E-04
 1048    0.10339E-04
 1049    0.10278E-04
 1050    0.10218E-04
 1051    0.10159E-04
 1052    0.10100E-04
 1053    0.10041E-04
 1054    0.99826E-05
 1055    0.99244E-05
 1056    0.98667E-05
 1057    0.98092E-05
 1058    0.97521E-05
 1059    0.96953E-05
 1060    0.96389E-05
 1061    0.95827E-05
 1062    0.95270E-05
 1063    0.94715E-05
 1064    0.94163E-05
 1065    0.93615E-05
 1066    0.93070E-05
 1067    0.92528E-05
 1068    0.91989E-05
 1069    0.91454E-05
 1070    0.90921E-05
 1071    0.90392E-05
 1072    0.89865E-05
 1073    0.89342E-05
 1074    0.88822E-05
 1075    0.88305E-05
 1076    0.87790E-05
 1077    0.87279E-05
 1078    0.86771E-05
 1079    0.86266E-05
 1080    0.85763E-05
 1081    0.85264E-05
 1082    0.84768E-05
 1083    0.84274E-05
 1084    0.83783E-05
 1085    0.83295E-05
 1086    0.82810E-05
 1087    0.82328E-05
 1088    0.81849E-05
 1089    0.81372E-05
 1090    0.80898E-05
 1091    0.80427E-05
 1092    0.79959E-05
 1093    0.79493E-05
 1094    0.79030E-05
 1095    0.78570E-05
 1096    0.78112E-05
 1097    0.77657E-05
 1098    0.77205E-05
 1099    0.76756E-05
 1100    0.76309E-05
 1101    0.75864E-05
 1102    0.75422E-05
 1103    0.74983E-05
 1104    0.74547E-05
 1105    0.74112E-05
 1106    0.73681E-05
 1107    0.73252E-05
 1108    0.72825E-05
 1109    0.72401E-05
 1110    0.71979E-05
 1111    0.71560E-05
 1112    0.71143E-05
 1113    0.70729E-05
 1114    0.70317E-05
 1115    0.69908E-05
 1116    0.69500E-05
 1117    0.69096E-05
 1118    0.68693E-05
 1119    0.68293E-05
 1120    0.67895E-05
 1121    0.67500E-05
 1122    0.67107E-05
 1123    0.66716E-05
 1124    0.66327E-05
 1125    0.65941E-05
 1126    0.65557E-05
 1127    0.65175E-05
 1128    0.64796E-05
 1129    0.64418E-05
 1130    0.64043E-05
 1131    0.63670E-05
 1132    0.63299E-05
 1133    0.62931E-05
 1134    0.62564E-05
 1135    0.62200E-05
 1136    0.61837E-05
 1137    0.61477E-05
 1138    0.61119E-05
 1139    0.60763E-05
 1140    0.60409E-05
 1141    0.60057E-05
 1142    0.59708E-05
 1143    0.59360E-05
 1144    0.59014E-05
 1145    0.58670E-05
 1146    0.58329E-05
 1147    0.57989E-05
 1148    0.57651E-05
 1149    0.57315E-05
 1150    0.56981E-05
 1151    0.56650E-05
 1152    0.56320E-05
 1153    0.55992E-05
 1154    0.55665E-05
 1155    0.55341E-05
 1156    0.55019E-05
 1157    0.54698E-05
 1158    0.54380E-05
 1159    0.54063E-05
 1160    0.53748E-05
 1161    0.53435E-05
 1162    0.53124E-05
 1163    0.52814E-05
 1164    0.52507E-05
 1165    0.52201E-05
 1166    0.51897E-05
 1167    0.51594E-05
 1168    0.51294E-05
 1169    0.50995E-05
 1170    0.50698E-05
 1171    0.50403E-05
 1172    0.50109E-05
 1173    0.49817E-05
 1174    0.49527E-05
 1175    0.49239E-05
 1176    0.48952E-05
 1177    0.48667E-05
 1178    0.48383E-05
 1179    0.48101E-05
 1180    0.47821E-05
 1181    0.47543E-05
 1182    0.47266E-05
 1183    0.46990E-05
 1184    0.46717E-05
 1185    0.46444E-05
 1186    0.46174E-05
 1187    0.45905E-05
 1188    0.45637E-05
 1189    0.45372E-05
 1190    0.45107E-05
 1191    0.44845E-05
 1192    0.44583E-05
 1193    0.44324E-05
 1194    0.44065E-05
 1195    0.43809E-05
 1196    0.43553E-05
 1197    0.43300E-05
 1198    0.43047E-05
 1199    0.42797E-05
 1200    0.42547E-05
 1201    0.42300E-05
 1202    0.42053E-05
 1203    0.41808E-05
 1204    0.41565E-05
 1205    0.41322E-05
 1206    0.41082E-05
 1207    0.40842E-05
 1208    0.40604E-05
 1209    0.40368E-05
 1210    0.40133E-05
 1211    0.39899E-05
 1212    0.39667E-05
 1213    0.39435E-05
 1214    0.39206E-05
 1215    0.38977E-05
 1216    0.38750E-05
 1217    0.38524E-05
 1218    0.38300E-05
 1219    0.38077E-05
 1220    0.37855E-05
 1221    0.37635E-05
 1222    0.37415E-05
 1223    0.37197E-05
 1224    0.36981E-05
 1225    0.36765E-05
 1226    0.36551E-05
 1227    0.36338E-05
 1228    0.36126E-05
 1229    0.35916E-05
 1230    0.35707E-05
 1231    0.35499E-05
 1232    0.35292E-05
 1233    0.35086E-05
 1234    0.34882E-05
 1235    0.34679E-05
 1236    0.34477E-05
 1237    0.34276E-05
 1238    0.34076E-05
 1239    0.33877E-05
 1240    0.33680E-05
 1241    0.33484E-05
 1242    0.33289E-05
 1243    0.33095E-05
 1244    0.32902E-05
 1245    0.32710E-05
 1246    0.32520E-05
 1247    0.32330E-05
 1248    0.32142E-05
 1249    0.31955E-05
 1250    0.31768E-05
 1251    0.31583E-05
 1252    0.31399E-05
 1253    0.31216E-05
 1254    0.31035E-05
 1255    0.30854E-05
 1256    0.30674E-05
 1257    0.30495E-05
 1258    0.30318E-05
 1259    0.30141E-05
 1260    0.29965E-05
 1261    0.29791E-05
 1262    0.29617E-05
 1263    0.29445E-05
 1264    0.29273E-05
 1265    0.29103E-05
 1266    0.28933E-05
 1267    0.28764E-05
 1268    0.28597E-05
 1269    0.28430E-05
 1270    0.28265E-05
 1271    0.28100E-05
 1272    0.27936E-05
 1273    0.27773E-05
 1274    0.27612E-05
 1275    0.27451E-05
 1276    0.27291E-05
 1277    0.27132E-05
 1278    0.26974E-05
 1279    0.26817E-05
 1280    0.26660E-05
 1281    0.26505E-05
 1282    0.26351E-05
 1283    0.26197E-05
 1284    0.26044E-05
 1285    0.25893E-05
 1286    0.25742E-05
 1287    0.25592E-05
 1288    0.25443E-05
 1289    0.25294E-05
 1290    0.25147E-05
 1291    0.25001E-05
 1292    0.24855E-05
 1293    0.24710E-05
 1294    0.24566E-05
 1295    0.24423E-05
 1296    0.24281E-05
 1297    0.24139E-05
 1298    0.23999E-05
 1299    0.23859E-05
 1300    0.23720E-05
 1301    0.23581E-05
 1302    0.23444E-05
 1303    0.23307E-05
 1304    0.23172E-05
 1305    0.23037E-05
 1306    0.22902E-05
 1307    0.22769E-05
 1308    0.22636E-05
 1309    0.22504E-05
 1310    0.22373E-05
 1311    0.22243E-05
 1312    0.22113E-05
 1313    0.21984E-05
 1314    0.21856E-05
 1315    0.21729E-05
 1316    0.21602E-05
 1317    0.21477E-05
 1318    0.21351E-05
 1319    0.21227E-05
 1320    0.21103E-05
 1321    0.20980E-05
 1322    0.20858E-05
 1323    0.20737E-05
 1324    0.20616E-05
 1325    0.20496E-05
 1326    0.20376E-05
 1327    0.20257E-05
 1328    0.20139E-05
 1329    0.20022E-05
 1330    0.19905E-05
 1331    0.19789E-05
 1332    0.19674E-05
 1333    0.19559E-05
 1334    0.19446E-05
 1335    0.19332E-05
 1336    0.19220E-05
 1337    0.19108E-05
 1338    0.18996E-05
 1339    0.18886E-05
 1340    0.18776E-05
 1341    0.18666E-05
 1342    0.18557E-05
 1343    0.18449E-05
 1344    0.18342E-05
 1345    0.18235E-05
 1346    0.18129E-05
 1347    0.18023E-05
 1348    0.17918E-05
 1349    0.17814E-05
 1350    0.17710E-05
 1351    0.17607E-05
 1352    0.17504E-05
 1353    0.17402E-05
 1354    0.17301E-05
 1355    0.17200E-05
 1356    0.17100E-05
 1357    0.17000E-05
 1358    0.16901E-05
 1359    0.16802E-05
 1360    0.16704E-05
 1361    0.16607E-05
 1362    0.16510E-05
 1363    0.16414E-05
 1364    0.16318E-05
 1365    0.16223E-05
 1366    0.16129E-05
 1367    0.16035E-05
 1368    0.15941E-05
 1369    0.15849E-05
 1370    0.15756E-05
 1371    0.15664E-05
 1372    0.15573E-05
 1373    0.15482E-05
 1374    0.15392E-05
 1375    0.15302E-05
 1376    0.15213E-05
 1377    0.15125E-05
 1378    0.15037E-05
 1379    0.14949E-05
 1380    0.14862E-05
 1381    0.14775E-05
 1382    0.14689E-05
 1383    0.14603E-05
 1384    0.14518E-05
 1385    0.14434E-05
 1386    0.14350E-05
 1387    0.14266E-05
 1388    0.14183E-05
 1389    0.14100E-05
 1390    0.14018E-05
 1391    0.13936E-05
 1392    0.13855E-05
 1393    0.13774E-05
 1394    0.13694E-05
 1395    0.13614E-05
 1396    0.13535E-05
 1397    0.13456E-05
 1398    0.13378E-05
 1399    0.13300E-05
 1400    0.13222E-05
 1401    0.13145E-05
 1402    0.13069E-05
 1403    0.12993E-05
 1404    0.12917E-05
 1405    0.12842E-05
 1406    0.12767E-05
 1407    0.12692E-05
 1408    0.12618E-05
 1409    0.12545E-05
 1410    0.12472E-05
 1411    0.12399E-05
 1412    0.12327E-05
 1413    0.12255E-05
 1414    0.12184E-05
 1415    0.12113E-05
 1416    0.12042E-05
 1417    0.11972E-05
 1418    0.11902E-05
 1419    0.11833E-05
 1420    0.11764E-05
 1421    0.11695E-05
 1422    0.11627E-05
 1423    0.11559E-05
 1424    0.11492E-05
 1425    0.11425E-05
 1426    0.11358E-05
 1427    0.11292E-05
 1428    0.11226E-05
 1429    0.11161E-05
 1430    0.11096E-05
 1431    0.11031E-05
 1432    0.10967E-05
 1433    0.10903E-05
 1434    0.10840E-05
 1435    0.10776E-05
 1436    0.10714E-05
 1437    0.10651E-05
 1438    0.10589E-05
 1439    0.10527E-05
 1440    0.10466E-05
 1441    0.10405E-05
 1442    0.10344E-05
 1443    0.10284E-05
 1444    0.10224E-05
 1445    0.10165E-05
 1446    0.10105E-05
 1447    0.10047E-05
 1448    0.99880E-06
 1449    0.99298E-06
 1450    0.98719E-06
 1451    0.98144E-06
 1452    0.97572E-06
 1453    0.97003E-06
 1454    0.96438E-06
 1455    0.95876E-06
 1456    0.95317E-06
 1457    0.94762E-06
 1458    0.94210E-06
 1459    0.93661E-06
 1460    0.93115E-06
 1461    0.92572E-06
 1462    0.92033E-06
 1463    0.91496E-06
 1464    0.90963E-06
 1465    0.90433E-06
 1466    0.89906E-06
 1467    0.89382E-06
 1468    0.88861E-06
 1469    0.88344E-06
 1470    0.87829E-06
 1471    0.87317E-06
 1472    0.86808E-06
 1473    0.86302E-06
 1474    0.85799E-06
 1475    0.85299E-06
 1476    0.84802E-06
 1477    0.84308E-06
 1478    0.83817E-06
 1479    0.83328E-06
 1480    0.82843E-06
 1481    0.82360E-06
 1482    0.81880E-06
 1483    0.81403E-06
 1484    0.80929E-06
 1485    0.80457E-06
 1486    0.79988E-06
 1487    0.79522E-06
 1488    0.79059E-06
 1489    0.78598E-06
 1490    0.78140E-06
 1491    0.77684E-06
 1492    0.77232E-06
 1493    0.76782E-06
 1494    0.76334E-06
 1495    0.75889E-06
 1496    0.75447E-06
 1497    0.75007E-06
 1498    0.74570E-06
 1499    0.74136E-06
 1500    0.73704E-06
 1501    0.73274E-06
 1502    0.72847E-06
 1503    0.72423E-06
 1504    0.72001E-06
 1505    0.71581E-06
 1506    0.71164E-06
 1507    0.70749E-06
 1508    0.70337E-06
 1509    0.69927E-06
 1510    0.69520E-06
 1511    0.69114E-06
 1512    0.68712E-06
 1513    0.68311E-06
 1514    0.67913E-06
 1515    0.67517E-06
 1516    0.67124E-06
 1517    0.66733E-06
 1518    0.66344E-06
 1519    0.65957E-06
 1520    0.65573E-06
 1521    0.65191E-06
 1522    0.64811E-06
 1523    0.64433E-06
 1524    0.64058E-06
 1525    0.63684E-06
 1526    0.63313E-06
 1527    0.62944E-06
 1528    0.62577E-06
 1529    0.62213E-06
 1530    0.61850E-06
 1531    0.61490E-06
 1532    0.61131E-06
 1533    0.60775E-06
 1534    0.60421E-06
 1535    0.60069E-06
 1536    0.59719E-06
 1537    0.59371E-06
 1538    0.59025E-06
 1539    0.58681E-06
 1540    0.58339E-06
 1541    0.57999E-06
 1542    0.57661E-06
 1543    0.57325E-06
 1544    0.56991E-06
 1545    0.56659E-06
 1546    0.56329E-06
 1547    0.56000E-06
 1548    0.55674E-06
 1549    0.55350E-06
 1550    0.55027E-06
 1551    0.54706E-06
 1552    0.54387E-06
 1553    0.54071E-06
 1554    0.53755E-06
 1555    0.53442E-06
 1556    0.53131E-06
 1557    0.52821E-06
 1558    0.52513E-06
 1559    0.52207E-06
 1560    0.51903E-06
 1561    0.51601E-06
 1562    0.51300E-06
 1563    0.51001E-06
 1564    0.50704E-06
 1565    0.50408E-06
 1566    0.50114E-06
 1567    0.49822E-06
 1568    0.49532E-06
 1569    0.49243E-06
 1570    0.48956E-06
 1571    0.48671E-06
 1572    0.48387E-06
 1573    0.48105E-06
 1574    0.47825E-06
 1575    0.47546E-06
 1576    0.47269E-06
 1577    0.46994E-06
 1578    0.46720E-06
 1579    0.46448E-06
 1580    0.46177E-06
 1581    0.45908E-06
 1582    0.45640E-06
 1583    0.45374E-06
 1584    0.45110E-06
 1585    0.44847E-06
 1586    0.44586E-06
 1587    0.44326E-06
 1588    0.44068E-06
 1589    0.43811E-06
 1590    0.43555E-06
 1591    0.43302E-06
 1592    0.43049E-06
 1593    0.42798E-06
 1594    0.42549E-06
 1595    0.42301E-06
 1596    0.42055E-06
 1597    0.41809E-06
 1598    0.41566E-06
 1599    0.41324E-06
 1600    0.41083E-06
 1601    0.40843E-06
 1602    0.40605E-06
 1603    0.40369E-06
 1604    0.40133E-06
 1605    0.39900E-06
 1606    0.39667E-06
 1607    0.39436E-06
 1608    0.39206E-06
 1609    0.38978E-06
 1610    0.38750E-06
 1611    0.38525E-06
 1612    0.38300E-06
 1613    0.38077E-06
 1614    0.37855E-06
 1615    0.37634E-06
 1616    0.37415E-06
 1617    0.37197E-06
 1618    0.36980E-06
 1619    0.36765E-06
 1620    0.36550E-06
 1621    0.36337E-06
 1622    0.36126E-06
 1623    0.35915E-06
 1624    0.35706E-06
 1625    0.35498E-06
 1626    0.35291E-06
 1627    0.35085E-06
 1628    0.34881E-06
 1629    0.34677E-06
 1630    0.34475E-06
 1631    0.34274E-06
 1632    0.34075E-06
 1633    0.33876E-06
 1634    0.33679E-06
 1635    0.33482E-06
 1636    0.33287E-06
 1637    0.33093E-06
 1638    0.32900E-06
 1639    0.32709E-06
 1640    0.32518E-06
 1641    0.32329E-06
 1642    0.32140E-06
 1643    0.31953E-06
 1644    0.31767E-06
 1645    0.31582E-06
 1646    0.31398E-06
 1647    0.31215E-06
 1648    0.31033E-06
 1649    0.30852E-06
 1650    0.30672E-06
 1651    0.30493E-06
 1652    0.30316E-06
 1653    0.30139E-06
 1654    0.29963E-06
 1655    0.29789E-06
 1656    0.29615E-06
 1657    0.29442E-06
 1658    0.29271E-06
 1659    0.29100E-06
 1660    0.28931E-06
 1661    0.28762E-06
 1662    0.28594E-06
 1663    0.28428E-06
 1664    0.28262E-06
 1665    0.28097E-06
 1666    0.27934E-06
 1667    0.27771E-06
 1668    0.27609E-06
 1669    0.27448E-06
 1670    0.27288E-06
 1671    0.27129E-06
 1672    0.26971E-06
 1673    0.26814E-06
 1674    0.26658E-06
 1675    0.26502E-06
 1676    0.26348E-06
 1677    0.26194E-06
 1678    0.26042E-06
 1679    0.25890E-06
 1680    0.25739E-06
 1681    0.25589E-06
 1682    0.25440E-06
 1683    0.25292E-06
 1684    0.25144E-06
 1685    0.24998E-06
 1686    0.24852E-06
 1687    0.24707E-06
 1688    0.24563E-06
 1689    0.24420E-06
 1690    0.24278E-06
 1691    0.24136E-06
 1692    0.23996E-06
 1693    0.23856E-06
 1694    0.23717E-06
 1695    0.23578E-06
 1696    0.23441E-06
 1697    0.23304E-06
 1698    0.23169E-06
 1699    0.23034E-06
 1700    0.22899E-06
 1701    0.22766E-06
 1702    0.22633E-06
 1703    0.22501E-06
 1704    0.22370E-06
 1705    0.22240E-06
 1706    0.22110E-06
 1707    0.21981E-06
 1708    0.21853E-06
 1709    0.21726E-06
 1710    0.21599E-06
 1711    0.21473E-06
 1712    0.21348E-06
 1713    0.21224E-06
 1714    0.21100E-06
 1715    0.20977E-06
 1716    0.20855E-06
 1717    0.20733E-06
 1718    0.20613E-06
 1719    0.20492E-06
 1720    0.20373E-06
 1721    0.20254E-06
 1722    0.20136E-06
 1723    0.20019E-06
 1724    0.19902E-06
 1725    0.19786E-06
 1726    0.19671E-06
 1727    0.19556E-06
 1728    0.19442E-06
 1729    0.19329E-06
 1730    0.19216E-06
 1731    0.19104E-06
 1732    0.18993E-06
 1733    0.18882E-06
 1734    0.18772E-06
 1735    0.18663E-06
 1736    0.18554E-06
 1737    0.18446E-06
 1738    0.18339E-06
 1739    0.18232E-06
 1740    0.18125E-06
 1741    0.18020E-06
 1742    0.17915E-06
 1743    0.17810E-06
 1744    0.17707E-06
 1745    0.17603E-06
 1746    0.17501E-06
 1747    0.17399E-06
 1748    0.17297E-06
 1749    0.17197E-06
 1750    0.17096E-06
 1751    0.16997E-06
 1752    0.16898E-06
 1753    0.16799E-06
 1754    0.16701E-06
 1755    0.16604E-06
 1756    0.16507E-06
 1757    0.16411E-06
 1758    0.16315E-06
 1759    0.16220E-06
 1760    0.16126E-06
 1761    0.16032E-06
 1762    0.15938E-06
 1763    0.15845E-06
 1764    0.15753E-06
 1765    0.15661E-06
 1766    0.15570E-06
 1767    0.15479E-06
 1768    0.15389E-06
 1769    0.15299E-06
 1770    0.15210E-06
 1771    0.15122E-06
 1772    0.15033E-06
 1773    0.14946E-06
 1774    0.14859E-06
 1775    0.14772E-06
 1776    0.14686E-06
 1777    0.14600E-06
 1778    0.14515E-06
 1779    0.14431E-06
 1780    0.14347E-06
 1781    0.14263E-06
 1782    0.14180E-06
 1783    0.14097E-06
 1784    0.14015E-06
 1785    0.13933E-06
 1786    0.13852E-06
 1787    0.13772E-06
 1788    0.13691E-06
 1789    0.13612E-06
 1790    0.13532E-06
 1791    0.13453E-06
 1792    0.13375E-06
 1793    0.13297E-06
 1794    0.13219E-06
 1795    0.13142E-06
 1796    0.13066E-06
 1797    0.12990E-06
 1798    0.12914E-06
 1799    0.12839E-06
 1800    0.12764E-06
 1801    0.12690E-06
 1802    0.12616E-06
 1803    0.12542E-06
 1804    0.12469E-06
 1805    0.12396E-06
 1806    0.12324E-06
 1807    0.12252E-06
 1808    0.12181E-06
 1809    0.12110E-06
 1810    0.12039E-06
 1811    0.11969E-06
 1812    0.11899E-06
 1813    0.11830E-06
 1814    0.11761E-06
 1815    0.11693E-06
 1816    0.11624E-06
 1817    0.11557E-06
 1818    0.11489E-06
 1819    0.11422E-06
 1820    0.11356E-06
 1821    0.11290E-06
 1822    0.11224E-06
 1823    0.11158E-06
 1824    0.11093E-06
 1825    0.11029E-06
 1826    0.10964E-06
 1827    0.10901E-06
 1828    0.10837E-06
 1829    0.10774E-06
 1830    0.10711E-06
 1831    0.10649E-06
 1832    0.10587E-06
 1833    0.10525E-06
 1834    0.10464E-06
 1835    0.10403E-06
 1836    0.10342E-06
 1837    0.10282E-06
 1838    0.10222E-06
 1839    0.10162E-06
 1840    0.10103E-06
 1841    0.10044E-06
 1842    0.99855E-07
 1843    0.99273E-07
 1844    0.98695E-07
 1845    0.98120E-07
 1846    0.97548E-07
 1847    0.96979E-07
 1848    0.96414E-07
 1849    0.95852E-07
 1850    0.95294E-07
 1851    0.94738E-07
 1852    0.94186E-07
 1853    0.93637E-07
 1854    0.93091E-07
 1855    0.92549E-07
 1856    0.92010E-07
 1857    0.91473E-07
 1858    0.90940E-07
 1859    0.90410E-07
 1860    0.89883E-07
 1861    0.89360E-07
 1862    0.88839E-07
 1863    0.88321E-07
 1864    0.87806E-07
 1865    0.87295E-07
 1866    0.86786E-07
 1867    0.86280E-07
 1868    0.85777E-07
 1869    0.85277E-07
 1870    0.84780E-07
 1871    0.84286E-07
 1872    0.83795E-07
 1873    0.83307E-07
 1874    0.82821E-07
 1875    0.82338E-07
 1876    0.81859E-07
 1877    0.81382E-07
 1878    0.80907E-07
 1879    0.80436E-07
 1880    0.79967E-07
 1881    0.79501E-07
 1882    0.79038E-07
 1883    0.78577E-07
 1884    0.78119E-07
 1885    0.77664E-07
 1886    0.77211E-07
 1887    0.76761E-07
 1888    0.76314E-07
 1889    0.75869E-07
 1890    0.75427E-07
 1891    0.74987E-07
 1892    0.74550E-07
 1893    0.74116E-07
 1894    0.73684E-07
 1895    0.73255E-07
 1896    0.72828E-07
 1897    0.72403E-07
 1898    0.71981E-07
 1899    0.71562E-07
 1900    0.71145E-07
 1901    0.70730E-07
 1902    0.70318E-07
 1903    0.69908E-07
 1904    0.69501E-07
 1905    0.69096E-07
 1906    0.68693E-07
 1907    0.68293E-07
 1908    0.67895E-07
 1909    0.67499E-07
 1910    0.67106E-07
 1911    0.66714E-07
 1912    0.66326E-07
 1913    0.65939E-07
 1914    0.65555E-07
 1915    0.65173E-07
 1916    0.64793E-07
 1917    0.64415E-07
 1918    0.64040E-07
 1919    0.63667E-07
 1920    0.63296E-07
 1921    0.62927E-07
 1922    0.62560E-07
 1923    0.62195E-07
 1924    0.61833E-07
 1925    0.61473E-07
 1926    0.61114E-07
 1927    0.60758E-07
 1928    0.60404E-07
 1929    0.60052E-07
 1930    0.59702E-07
 1931    0.59354E-07
 1932    0.59008E-07
 1933    0.58664E-07
 1934    0.58323E-07
 1935    0.57983E-07
 1936    0.57645E-07
 1937    0.57309E-07
 1938    0.56975E-07
 1939    0.56643E-07
 1940    0.56313E-07
 1941    0.55984E-07
 1942    0.55658E-07
 1943    0.55334E-07
 1944    0.55011E-07
 1945    0.54691E-07
 1946    0.54372E-07
 1947    0.54055E-07
 1948    0.53740E-07
 1949    0.53427E-07
 1950    0.53116E-07
 1951    0.52806E-07
 1952    0.52498E-07
 1953    0.52192E-07
 1954    0.51888E-07
 1955    0.51586E-07
 1956    0.51285E-07
 1957    0.50986E-07
 1958    0.50689E-07
 1959    0.50394E-07
 1960    0.50100E-07
 1961    0.49808E-07
 1962    0.49518E-07
 1963    0.49229E-07
 1964    0.48942E-07
 1965    0.48657E-07
 1966    0.48373E-07
 1967    0.48091E-07
 1968    0.47811E-07
 1969    0.47533E-07
 1970    0.47256E-07
 1971    0.46980E-07
 1972    0.46706E-07
 1973    0.46434E-07
 1974    0.46164E-07
 1975    0.45895E-07
 1976    0.45627E-07
 1977    0.45361E-07
 1978    0.45097E-07
 1979    0.44834E-07
 1980    0.44573E-07
 1981    0.44313E-07
 1982    0.44055E-07
 1983    0.43798E-07
 1984    0.43543E-07
 1985    0.43289E-07
 1986    0.43037E-07
 1987    0.42786E-07
 1988    0.42536E-07
 1989    0.42289E-07
 1990    0.42042E-07
 1991    0.41797E-07
 1992    0.41554E-07
 1993    0.41311E-07
 1994    0.41071E-07
 1995    0.40831E-07
 1996    0.40593E-07
 1997    0.40357E-07
 1998    0.40121E-07
 1999    0.39888E-07
 2000    0.39655E-07
 2001    0.39424E-07
 2002    0.39194E-07
 2003    0.38966E-07
 2004    0.38739E-07
 2005    0.38513E-07
 2006    0.38289E-07
 2007    0.38065E-07
 2008    0.37844E-07
 2009    0.37623E-07
 2010    0.37404E-07
 2011    0.37186E-07
 2012    0.36969E-07
 2013    0.36754E-07
 2014    0.36539E-07
 2015    0.36327E-07
 2016    0.36115E-07
 2017    0.35904E-07
 2018    0.35695E-07
 2019    0.35487E-07
 2020    0.35280E-07
 2021    0.35075E-07
 2022    0.34870E-07
 2023    0.34667E-07
 2024    0.34465E-07
 2025    0.34264E-07
 2026    0.34064E-07
 2027    0.33866E-07
 2028    0.33669E-07
 2029    0.33472E-07
 2030    0.33277E-07
 2031    0.33083E-07
 2032    0.32891E-07
 2033    0.32699E-07
 2034    0.32508E-07
 2035    0.32319E-07
 2036    0.32130E-07
 2037    0.31943E-07
 2038    0.31757E-07
 2039    0.31572E-07
 2040    0.31388E-07
 2041    0.31205E-07
 2042    0.31023E-07
 2043    0.30842E-07
 2044    0.30663E-07
 2045    0.30484E-07
 2046    0.30306E-07
 2047    0.30130E-07
 2048    0.29954E-07
 2049    0.29779E-07
 2050    0.29606E-07
 2051    0.29433E-07
 2052    0.29262E-07
 2053    0.29091E-07
 2054    0.28922E-07
 2055    0.28753E-07
 2056    0.28586E-07
 2057    0.28419E-07
 2058    0.28253E-07
 2059    0.28089E-07
 2060    0.27925E-07
 2061    0.27762E-07
 2062    0.27601E-07
 2063    0.27440E-07
 2064    0.27280E-07
 2065    0.27121E-07
 2066    0.26963E-07
 2067    0.26806E-07
 2068    0.26649E-07
 2069    0.26494E-07
 2070    0.26340E-07
 2071    0.26186E-07
 2072    0.26034E-07
 2073    0.25882E-07
 2074    0.25731E-07
 2075    0.25581E-07
 2076    0.25432E-07
 2077    0.25284E-07
 2078    0.25136E-07
 2079    0.24990E-07
 2080    0.24844E-07
 2081    0.24699E-07
 2082    0.24556E-07
 2083    0.24412E-07
 2084    0.24270E-07
 2085    0.24129E-07
 2086    0.23988E-07
 2087    0.23848E-07
 2088    0.23709E-07
 2089    0.23571E-07
 2090    0.23434E-07
 2091    0.23297E-07
 2092    0.23161E-07
 2093    0.23026E-07
 2094    0.22892E-07
 2095    0.22759E-07
 2096    0.22626E-07
 2097    0.22494E-07
 2098    0.22363E-07
 2099    0.22233E-07
 2100    0.22103E-07
 2101    0.21974E-07
 2102    0.21846E-07
 2103    0.21719E-07
 2104    0.21593E-07
 2105    0.21467E-07
 2106    0.21342E-07
 2107    0.21217E-07
 2108    0.21094E-07
 2109    0.20971E-07
 2110    0.20848E-07
 2111    0.20727E-07
 2112    0.20606E-07
 2113    0.20486E-07
 2114    0.20367E-07
 2115    0.20248E-07
 2116    0.20130E-07
 2117    0.20013E-07
 2118    0.19896E-07
 2119    0.19780E-07
 2120    0.19665E-07
 2121    0.19550E-07
 2122    0.19436E-07
 2123    0.19323E-07
 2124    0.19210E-07
 2125    0.19098E-07
 2126    0.18987E-07
 2127    0.18876E-07
 2128    0.18766E-07
 2129    0.18657E-07
 2130    0.18548E-07
 2131    0.18440E-07
 2132    0.18333E-07
 2133    0.18226E-07
 2134    0.18120E-07
 2135    0.18014E-07
 2136    0.17909E-07
 2137    0.17805E-07
 2138    0.17701E-07
 2139    0.17598E-07
 2140    0.17495E-07
 2141    0.17393E-07
 2142    0.17292E-07
 2143    0.17191E-07
 2144    0.17091E-07
 2145    0.16991E-07
 2146    0.16892E-07
 2147    0.16794E-07
 2148    0.16696E-07
 2149    0.16599E-07
 2150    0.16502E-07
 2151    0.16406E-07
 2152    0.16310E-07
 2153    0.16215E-07
 2154    0.16121E-07
 2155    0.16027E-07
 2156    0.15933E-07
 2157    0.15840E-07
 2158    0.15748E-07
 2159    0.15656E-07
 2160    0.15565E-07
 2161    0.15474E-07
 2162    0.15384E-07
 2163    0.15295E-07
 2164    0.15205E-07
 2165    0.15117E-07
 2166    0.15029E-07
 2167    0.14941E-07
 2168    0.14854E-07
 2169    0.14767E-07
 2170    0.14681E-07
 2171    0.14596E-07
 2172    0.14511E-07
 2173    0.14426E-07
 2174    0.14342E-07
 2175    0.14259E-07
 2176    0.14175E-07
 2177    0.14093E-07
 2178    0.14011E-07
 2179    0.13929E-07
 2180    0.13848E-07
 2181    0.13767E-07
 2182    0.13687E-07
 2183    0.13607E-07
 2184    0.13528E-07
 2185    0.13449E-07
 2186    0.13371E-07
 2187    0.13293E-07
 2188    0.13215E-07
 2189    0.13138E-07
 2190    0.13062E-07
 2191    0.12986E-07
 2192    0.12910E-07
 2193    0.12835E-07
 2194    0.12760E-07
 2195    0.12685E-07
 2196    0.12612E-07
 2197    0.12538E-07
 2198    0.12465E-07
 2199    0.12392E-07
 2200    0.12320E-07
 2201    0.12248E-07
 2202    0.12177E-07
 2203    0.12106E-07
 2204    0.12035E-07
 2205    0.11965E-07
 2206    0.11896E-07
 2207    0.11826E-07
 2208    0.11757E-07
 2209    0.11689E-07
 2210    0.11621E-07
 2211    0.11553E-07
 2212    0.11486E-07
 2213    0.11419E-07
 2214    0.11352E-07
 2215    0.11286E-07
 2216    0.11220E-07
 2217    0.11155E-07
 2218    0.11090E-07
 2219    0.11025E-07
 2220    0.10961E-07
 2221    0.10897E-07
 2222    0.10833E-07
 2223    0.10770E-07
 2224    0.10708E-07
 2225    0.10645E-07
 2226    0.10583E-07
 2227    0.10521E-07
 2228    0.10460E-07
 2229    0.10399E-07
 2230    0.10339E-07
 2231    0.10278E-07
 2232    0.10218E-07
 2233    0.10159E-07
 2234    0.10100E-07
 2235    0.10041E-07
 2236    0.99823E-08

iteration:   2236

epsilon =     0.10000E-07
omega =     0.18000E+01
tick =     0.10000E-06

norm_x =     0.18704E+03, norm_analysis =     0.18703E+03
diff =     0.91446E+01

caltime =   11.1478, comtime =    0.1856, checktime =    1.8761
alltime =   13.2094

