 epsilon =  9.999999939225290E-09
 iteration:  500
 relative error =  4.165679193721866E-04
 iteration:  1000
 relative error =  1.013694434955946E-04
 iteration:  1500
 relative error =  2.927319769408134E-05
 iteration:  2000
 relative error =  8.647560472340046E-06
 iteration:  2500
 relative error =  2.564545797085507E-06
 iteration:  3000
 relative error =  7.612378862514009E-07
 iteration:  3500
 relative error =  2.260150946050861E-07
 iteration:  4000
 relative error =  6.710972529887273E-08
 iteration:  4500
 relative error =  1.992703111232349E-08
 iteration:  4783
  1    0.25464E-04
  2    0.50902E-04
  3    0.76290E-04
  4    0.10160E-03
  5    0.12682E-03
  6    0.15190E-03
  7    0.17684E-03
  8    0.20160E-03
  9    0.22617E-03
 10    0.25051E-03
 11    0.27460E-03
 12    0.29843E-03
 13    0.32195E-03
 14    0.34516E-03
 15    0.36803E-03
 16    0.39054E-03
 17    0.41266E-03
 18    0.43438E-03
 19    0.45566E-03
 20    0.47650E-03
 21    0.49686E-03
 22    0.51674E-03
 23    0.53610E-03
 24    0.55494E-03
 25    0.57323E-03
 26    0.59095E-03
 27    0.60809E-03
 28    0.62463E-03
 29    0.64055E-03
 30    0.65584E-03
 31    0.67049E-03
 32    0.68447E-03
 33    0.69777E-03
 34    0.71039E-03
 35    0.72231E-03
 36    0.73351E-03
 37    0.74399E-03
 38    0.75374E-03
 39    0.76274E-03
 40    0.77099E-03
 41    0.77848E-03
 42    0.78520E-03
 43    0.79114E-03
 44    0.79631E-03
 45    0.80069E-03
 46    0.80427E-03
 47    0.80707E-03
 48    0.80907E-03
 49    0.81027E-03
 50    0.81067E-03
 51    0.81027E-03
 52    0.80907E-03
 53    0.80707E-03
 54    0.80427E-03
 55    0.80069E-03
 56    0.79631E-03
 57    0.79114E-03
 58    0.78520E-03
 59    0.77848E-03
 60    0.77099E-03
 61    0.76274E-03
 62    0.75374E-03
 63    0.74399E-03
 64    0.73351E-03
 65    0.72231E-03
 66    0.71039E-03
 67    0.69777E-03
 68    0.68447E-03
 69    0.67049E-03
 70    0.65584E-03
 71    0.64055E-03
 72    0.62463E-03
 73    0.60809E-03
 74    0.59095E-03
 75    0.57323E-03
 76    0.55494E-03
 77    0.53610E-03
 78    0.51674E-03
 79    0.49686E-03
 80    0.47650E-03
 81    0.45566E-03
 82    0.43438E-03
 83    0.41266E-03
 84    0.39054E-03
 85    0.36803E-03
 86    0.34516E-03
 87    0.32195E-03
 88    0.29843E-03
 89    0.27460E-03
 90    0.25051E-03
 91    0.22617E-03
 92    0.20160E-03
 93    0.17684E-03
 94    0.15190E-03
 95    0.12682E-03
 96    0.10160E-03
 97    0.76290E-04
 98    0.50902E-04
 99    0.25464E-04
