    1    0.10067E+01
    2    0.79096E+00
    3    0.62169E+00
    4    0.48893E+00
    5    0.38479E+00
    6    0.30314E+00
    7    0.23911E+00
    8    0.18892E+00
    9    0.14960E+00
   10    0.11880E+00
   11    0.94703E-01
   12    0.75871E-01
   13    0.61178E-01
   14    0.49738E-01
   15    0.40856E-01
   16    0.33978E-01
   17    0.28669E-01
   18    0.24577E-01
   19    0.21425E-01
   20    0.18989E-01
   21    0.17093E-01
   22    0.15603E-01
   23    0.14414E-01
   24    0.13447E-01
   25    0.12646E-01
   26    0.11969E-01
   27    0.11387E-01
   28    0.10877E-01
   29    0.10423E-01
   30    0.10016E-01
   31    0.96454E-02
   32    0.93059E-02
   33    0.89926E-02
   34    0.87017E-02
   35    0.84305E-02
   36    0.81765E-02
   37    0.79379E-02
   38    0.77130E-02
   39    0.75006E-02
   40    0.72995E-02
   41    0.71087E-02
   42    0.69274E-02
   43    0.67548E-02
   44    0.65902E-02
   45    0.64331E-02
   46    0.62829E-02
   47    0.61391E-02
   48    0.60013E-02
   49    0.58692E-02
   50    0.57423E-02
   51    0.56204E-02
   52    0.55031E-02
   53    0.53902E-02
   54    0.52813E-02
   55    0.51764E-02
   56    0.50752E-02
   57    0.49774E-02
   58    0.48829E-02
   59    0.47915E-02
   60    0.47031E-02
   61    0.46175E-02
   62    0.45346E-02
   63    0.44543E-02
   64    0.43764E-02
   65    0.43008E-02
   66    0.42274E-02
   67    0.41561E-02
   68    0.40869E-02
   69    0.40196E-02
   70    0.39541E-02
   71    0.38904E-02
   72    0.38284E-02
   73    0.37681E-02
   74    0.37093E-02
   75    0.36521E-02
   76    0.35962E-02
   77    0.35418E-02
   78    0.34887E-02
   79    0.34369E-02
   80    0.33864E-02
   81    0.33370E-02
   82    0.32888E-02
   83    0.32418E-02
   84    0.31958E-02
   85    0.31508E-02
   86    0.31068E-02
   87    0.30638E-02
   88    0.30218E-02
   89    0.29806E-02
   90    0.29404E-02
   91    0.29010E-02
   92    0.28624E-02
   93    0.28246E-02
   94    0.27876E-02
   95    0.27513E-02
   96    0.27158E-02
   97    0.26809E-02
   98    0.26468E-02
   99    0.26133E-02
  100    0.25805E-02
  101    0.25483E-02
  102    0.25167E-02
  103    0.24857E-02
  104    0.24552E-02
  105    0.24254E-02
  106    0.23960E-02
  107    0.23672E-02
  108    0.23390E-02
  109    0.23112E-02
  110    0.22839E-02
  111    0.22571E-02
  112    0.22308E-02
  113    0.22049E-02
  114    0.21794E-02
  115    0.21544E-02
  116    0.21298E-02
  117    0.21056E-02
  118    0.20819E-02
  119    0.20585E-02
  120    0.20355E-02
  121    0.20128E-02
  122    0.19906E-02
  123    0.19686E-02
  124    0.19471E-02
  125    0.19258E-02
  126    0.19049E-02
  127    0.18844E-02
  128    0.18641E-02
  129    0.18442E-02
  130    0.18245E-02
  131    0.18052E-02
  132    0.17861E-02
  133    0.17673E-02
  134    0.17488E-02
  135    0.17306E-02
  136    0.17126E-02
  137    0.16949E-02
  138    0.16775E-02
  139    0.16603E-02
  140    0.16434E-02
  141    0.16266E-02
  142    0.16102E-02
  143    0.15939E-02
  144    0.15779E-02
  145    0.15621E-02
  146    0.15465E-02
  147    0.15312E-02
  148    0.15160E-02
  149    0.15011E-02
  150    0.14863E-02
  151    0.14718E-02
  152    0.14574E-02
  153    0.14433E-02
  154    0.14293E-02
  155    0.14155E-02
  156    0.14019E-02
  157    0.13884E-02
  158    0.13752E-02
  159    0.13621E-02
  160    0.13491E-02
  161    0.13364E-02
  162    0.13238E-02
  163    0.13113E-02
  164    0.12990E-02
  165    0.12869E-02
  166    0.12749E-02
  167    0.12631E-02
  168    0.12514E-02
  169    0.12399E-02
  170    0.12284E-02
  171    0.12172E-02
  172    0.12060E-02
  173    0.11950E-02
  174    0.11842E-02
  175    0.11734E-02
  176    0.11628E-02
  177    0.11523E-02
  178    0.11420E-02
  179    0.11317E-02
  180    0.11216E-02
  181    0.11116E-02
  182    0.11017E-02
  183    0.10920E-02
  184    0.10823E-02
  185    0.10727E-02
  186    0.10633E-02
  187    0.10540E-02
  188    0.10447E-02
  189    0.10356E-02
  190    0.10266E-02
  191    0.10177E-02
  192    0.10088E-02
  193    0.10001E-02
  194    0.99148E-03
  195    0.98294E-03
  196    0.97450E-03
  197    0.96615E-03
  198    0.95789E-03
  199    0.94972E-03
  200    0.94164E-03
  201    0.93364E-03
  202    0.92573E-03
  203    0.91791E-03
  204    0.91017E-03
  205    0.90251E-03
  206    0.89493E-03
  207    0.88743E-03
  208    0.88001E-03
  209    0.87266E-03
  210    0.86540E-03
  211    0.85820E-03
  212    0.85109E-03
  213    0.84404E-03
  214    0.83707E-03
  215    0.83017E-03
  216    0.82334E-03
  217    0.81658E-03
  218    0.80988E-03
  219    0.80326E-03
  220    0.79670E-03
  221    0.79021E-03
  222    0.78378E-03
  223    0.77741E-03
  224    0.77111E-03
  225    0.76487E-03
  226    0.75870E-03
  227    0.75258E-03
  228    0.74652E-03
  229    0.74053E-03
  230    0.73459E-03
  231    0.72871E-03
  232    0.72288E-03
  233    0.71711E-03
  234    0.71140E-03
  235    0.70574E-03
  236    0.70014E-03
  237    0.69458E-03
  238    0.68909E-03
  239    0.68364E-03
  240    0.67824E-03
  241    0.67290E-03
  242    0.66761E-03
  243    0.66236E-03
  244    0.65716E-03
  245    0.65202E-03
  246    0.64692E-03
  247    0.64186E-03
  248    0.63686E-03
  249    0.63190E-03
  250    0.62698E-03
  251    0.62211E-03
  252    0.61728E-03
  253    0.61250E-03
  254    0.60776E-03
  255    0.60306E-03
  256    0.59841E-03
  257    0.59380E-03
  258    0.58923E-03
  259    0.58470E-03
  260    0.58020E-03
  261    0.57575E-03
  262    0.57134E-03
  263    0.56697E-03
  264    0.56264E-03
  265    0.55834E-03
  266    0.55408E-03
  267    0.54986E-03
  268    0.54568E-03
  269    0.54153E-03
  270    0.53741E-03
  271    0.53334E-03
  272    0.52930E-03
  273    0.52529E-03
  274    0.52131E-03
  275    0.51738E-03
  276    0.51347E-03
  277    0.50960E-03
  278    0.50576E-03
  279    0.50195E-03
  280    0.49818E-03
  281    0.49443E-03
  282    0.49072E-03
  283    0.48704E-03
  284    0.48339E-03
  285    0.47977E-03
  286    0.47618E-03
  287    0.47262E-03
  288    0.46909E-03
  289    0.46559E-03
  290    0.46211E-03
  291    0.45867E-03
  292    0.45525E-03
  293    0.45187E-03
  294    0.44851E-03
  295    0.44517E-03
  296    0.44187E-03
  297    0.43859E-03
  298    0.43534E-03
  299    0.43211E-03
  300    0.42891E-03
  301    0.42573E-03
  302    0.42259E-03
  303    0.41946E-03
  304    0.41636E-03
  305    0.41329E-03
  306    0.41024E-03
  307    0.40721E-03
  308    0.40421E-03
  309    0.40123E-03
  310    0.39828E-03
  311    0.39535E-03
  312    0.39244E-03
  313    0.38956E-03
  314    0.38669E-03
  315    0.38385E-03
  316    0.38104E-03
  317    0.37824E-03
  318    0.37547E-03
  319    0.37271E-03
  320    0.36998E-03
  321    0.36727E-03
  322    0.36459E-03
  323    0.36192E-03
  324    0.35927E-03
  325    0.35664E-03
  326    0.35404E-03
  327    0.35145E-03
  328    0.34888E-03
  329    0.34633E-03
  330    0.34381E-03
  331    0.34130E-03
  332    0.33881E-03
  333    0.33634E-03
  334    0.33389E-03
  335    0.33145E-03
  336    0.32904E-03
  337    0.32664E-03
  338    0.32427E-03
  339    0.32191E-03
  340    0.31956E-03
  341    0.31724E-03
  342    0.31493E-03
  343    0.31264E-03
  344    0.31037E-03
  345    0.30811E-03
  346    0.30588E-03
  347    0.30365E-03
  348    0.30145E-03
  349    0.29926E-03
  350    0.29709E-03
  351    0.29493E-03
  352    0.29279E-03
  353    0.29067E-03
  354    0.28856E-03
  355    0.28647E-03
  356    0.28439E-03
  357    0.28233E-03
  358    0.28028E-03
  359    0.27825E-03
  360    0.27623E-03
  361    0.27423E-03
  362    0.27225E-03
  363    0.27027E-03
  364    0.26832E-03
  365    0.26637E-03
  366    0.26445E-03
  367    0.26253E-03
  368    0.26063E-03
  369    0.25875E-03
  370    0.25687E-03
  371    0.25501E-03
  372    0.25317E-03
  373    0.25134E-03
  374    0.24952E-03
  375    0.24771E-03
  376    0.24592E-03
  377    0.24414E-03
  378    0.24238E-03
  379    0.24063E-03
  380    0.23889E-03
  381    0.23716E-03
  382    0.23544E-03
  383    0.23374E-03
  384    0.23205E-03
  385    0.23037E-03
  386    0.22871E-03
  387    0.22706E-03
  388    0.22542E-03
  389    0.22379E-03
  390    0.22217E-03
  391    0.22056E-03
  392    0.21897E-03
  393    0.21739E-03
  394    0.21582E-03
  395    0.21426E-03
  396    0.21271E-03
  397    0.21117E-03
  398    0.20965E-03
  399    0.20813E-03
  400    0.20663E-03
  401    0.20513E-03
  402    0.20365E-03
  403    0.20218E-03
  404    0.20072E-03
  405    0.19927E-03
  406    0.19783E-03
  407    0.19640E-03
  408    0.19498E-03
  409    0.19357E-03
  410    0.19217E-03
  411    0.19078E-03
  412    0.18940E-03
  413    0.18804E-03
  414    0.18668E-03
  415    0.18533E-03
  416    0.18399E-03
  417    0.18266E-03
  418    0.18134E-03
  419    0.18003E-03
  420    0.17873E-03
  421    0.17743E-03
  422    0.17615E-03
  423    0.17488E-03
  424    0.17361E-03
  425    0.17236E-03
  426    0.17111E-03
  427    0.16988E-03
  428    0.16865E-03
  429    0.16743E-03
  430    0.16622E-03
  431    0.16502E-03
  432    0.16382E-03
  433    0.16264E-03
  434    0.16146E-03
  435    0.16029E-03
  436    0.15913E-03
  437    0.15798E-03
  438    0.15684E-03
  439    0.15570E-03
  440    0.15458E-03
  441    0.15346E-03
  442    0.15235E-03
  443    0.15125E-03
  444    0.15015E-03
  445    0.14907E-03
  446    0.14799E-03
  447    0.14692E-03
  448    0.14585E-03
  449    0.14480E-03
  450    0.14375E-03
  451    0.14271E-03
  452    0.14167E-03
  453    0.14065E-03
  454    0.13963E-03
  455    0.13862E-03
  456    0.13762E-03
  457    0.13662E-03
  458    0.13563E-03
  459    0.13465E-03
  460    0.13367E-03
  461    0.13270E-03
  462    0.13174E-03
  463    0.13079E-03
  464    0.12984E-03
  465    0.12890E-03
  466    0.12796E-03
  467    0.12704E-03
  468    0.12612E-03
  469    0.12520E-03
  470    0.12429E-03
  471    0.12339E-03
  472    0.12250E-03
  473    0.12161E-03
  474    0.12073E-03
  475    0.11985E-03
  476    0.11898E-03
  477    0.11812E-03
  478    0.11726E-03
  479    0.11641E-03
  480    0.11557E-03
  481    0.11473E-03
  482    0.11390E-03
  483    0.11307E-03
  484    0.11225E-03
  485    0.11144E-03
  486    0.11063E-03
  487    0.10982E-03
  488    0.10903E-03
  489    0.10824E-03
  490    0.10745E-03
  491    0.10667E-03
  492    0.10590E-03
  493    0.10513E-03
  494    0.10436E-03
  495    0.10361E-03
  496    0.10285E-03
  497    0.10211E-03
  498    0.10136E-03
  499    0.10063E-03
  500    0.99897E-04
  501    0.99171E-04
  502    0.98450E-04
  503    0.97735E-04
  504    0.97024E-04
  505    0.96319E-04
  506    0.95619E-04
  507    0.94924E-04
  508    0.94234E-04
  509    0.93549E-04
  510    0.92869E-04
  511    0.92193E-04
  512    0.91523E-04
  513    0.90857E-04
  514    0.90197E-04
  515    0.89541E-04
  516    0.88889E-04
  517    0.88243E-04
  518    0.87601E-04
  519    0.86963E-04
  520    0.86331E-04
  521    0.85702E-04
  522    0.85079E-04
  523    0.84459E-04
  524    0.83845E-04
  525    0.83234E-04
  526    0.82629E-04
  527    0.82027E-04
  528    0.81430E-04
  529    0.80837E-04
  530    0.80248E-04
  531    0.79664E-04
  532    0.79084E-04
  533    0.78508E-04
  534    0.77936E-04
  535    0.77368E-04
  536    0.76805E-04
  537    0.76245E-04
  538    0.75690E-04
  539    0.75138E-04
  540    0.74591E-04
  541    0.74047E-04
  542    0.73508E-04
  543    0.72972E-04
  544    0.72440E-04
  545    0.71912E-04
  546    0.71388E-04
  547    0.70868E-04
  548    0.70351E-04
  549    0.69838E-04
  550    0.69329E-04
  551    0.68823E-04
  552    0.68321E-04
  553    0.67823E-04
  554    0.67329E-04
  555    0.66838E-04
  556    0.66350E-04
  557    0.65866E-04
  558    0.65386E-04
  559    0.64909E-04
  560    0.64435E-04
  561    0.63965E-04
  562    0.63498E-04
  563    0.63035E-04
  564    0.62575E-04
  565    0.62118E-04
  566    0.61665E-04
  567    0.61215E-04
  568    0.60768E-04
  569    0.60324E-04
  570    0.59884E-04
  571    0.59447E-04
  572    0.59012E-04
  573    0.58582E-04
  574    0.58154E-04
  575    0.57729E-04
  576    0.57308E-04
  577    0.56889E-04
  578    0.56473E-04
  579    0.56061E-04
  580    0.55651E-04
  581    0.55245E-04
  582    0.54841E-04
  583    0.54441E-04
  584    0.54043E-04
  585    0.53648E-04
  586    0.53256E-04
  587    0.52867E-04
  588    0.52481E-04
  589    0.52097E-04
  590    0.51716E-04
  591    0.51338E-04
  592    0.50963E-04
  593    0.50590E-04
  594    0.50221E-04
  595    0.49853E-04
  596    0.49489E-04
  597    0.49127E-04
  598    0.48768E-04
  599    0.48411E-04
  600    0.48057E-04
  601    0.47706E-04
  602    0.47357E-04
  603    0.47011E-04
  604    0.46667E-04
  605    0.46325E-04
  606    0.45987E-04
  607    0.45650E-04
  608    0.45316E-04
  609    0.44985E-04
  610    0.44656E-04
  611    0.44329E-04
  612    0.44005E-04
  613    0.43683E-04
  614    0.43363E-04
  615    0.43046E-04
  616    0.42731E-04
  617    0.42418E-04
  618    0.42107E-04
  619    0.41799E-04
  620    0.41493E-04
  621    0.41189E-04
  622    0.40888E-04
  623    0.40589E-04
  624    0.40292E-04
  625    0.39997E-04
  626    0.39704E-04
  627    0.39413E-04
  628    0.39124E-04
  629    0.38838E-04
  630    0.38553E-04
  631    0.38271E-04
  632    0.37991E-04
  633    0.37713E-04
  634    0.37436E-04
  635    0.37162E-04
  636    0.36890E-04
  637    0.36620E-04
  638    0.36352E-04
  639    0.36085E-04
  640    0.35821E-04
  641    0.35558E-04
  642    0.35298E-04
  643    0.35039E-04
  644    0.34783E-04
  645    0.34528E-04
  646    0.34275E-04
  647    0.34024E-04
  648    0.33774E-04
  649    0.33527E-04
  650    0.33281E-04
  651    0.33037E-04
  652    0.32795E-04
  653    0.32555E-04
  654    0.32316E-04
  655    0.32079E-04
  656    0.31844E-04
  657    0.31611E-04
  658    0.31379E-04
  659    0.31149E-04
  660    0.30920E-04
  661    0.30694E-04
  662    0.30469E-04
  663    0.30245E-04
  664    0.30023E-04
  665    0.29803E-04
  666    0.29585E-04
  667    0.29368E-04
  668    0.29152E-04
  669    0.28939E-04
  670    0.28726E-04
  671    0.28516E-04
  672    0.28307E-04
  673    0.28099E-04
  674    0.27893E-04
  675    0.27688E-04
  676    0.27485E-04
  677    0.27284E-04
  678    0.27083E-04
  679    0.26885E-04
  680    0.26687E-04
  681    0.26492E-04
  682    0.26297E-04
  683    0.26104E-04
  684    0.25913E-04
  685    0.25723E-04
  686    0.25534E-04
  687    0.25347E-04
  688    0.25161E-04
  689    0.24976E-04
  690    0.24793E-04
  691    0.24611E-04
  692    0.24430E-04
  693    0.24251E-04
  694    0.24073E-04
  695    0.23896E-04
  696    0.23721E-04
  697    0.23547E-04
  698    0.23374E-04
  699    0.23202E-04
  700    0.23032E-04
  701    0.22863E-04
  702    0.22695E-04
  703    0.22528E-04
  704    0.22363E-04
  705    0.22199E-04
  706    0.22036E-04
  707    0.21874E-04
  708    0.21713E-04
  709    0.21554E-04
  710    0.21396E-04
  711    0.21239E-04
  712    0.21083E-04
  713    0.20928E-04
  714    0.20774E-04
  715    0.20622E-04
  716    0.20470E-04
  717    0.20320E-04
  718    0.20171E-04
  719    0.20023E-04
  720    0.19875E-04
  721    0.19730E-04
  722    0.19585E-04
  723    0.19441E-04
  724    0.19298E-04
  725    0.19156E-04
  726    0.19016E-04
  727    0.18876E-04
  728    0.18737E-04
  729    0.18600E-04
  730    0.18463E-04
  731    0.18327E-04
  732    0.18193E-04
  733    0.18059E-04
  734    0.17926E-04
  735    0.17795E-04
  736    0.17664E-04
  737    0.17534E-04
  738    0.17405E-04
  739    0.17277E-04
  740    0.17150E-04
  741    0.17024E-04
  742    0.16899E-04
  743    0.16775E-04
  744    0.16652E-04
  745    0.16530E-04
  746    0.16408E-04
  747    0.16288E-04
  748    0.16168E-04
  749    0.16049E-04
  750    0.15931E-04
  751    0.15814E-04
  752    0.15698E-04
  753    0.15582E-04
  754    0.15468E-04
  755    0.15354E-04
  756    0.15241E-04
  757    0.15129E-04
  758    0.15018E-04
  759    0.14908E-04
  760    0.14798E-04
  761    0.14689E-04
  762    0.14581E-04
  763    0.14474E-04
  764    0.14368E-04
  765    0.14262E-04
  766    0.14157E-04
  767    0.14053E-04
  768    0.13950E-04
  769    0.13847E-04
  770    0.13746E-04
  771    0.13645E-04
  772    0.13544E-04
  773    0.13445E-04
  774    0.13346E-04
  775    0.13248E-04
  776    0.13150E-04
  777    0.13054E-04
  778    0.12958E-04
  779    0.12862E-04
  780    0.12768E-04
  781    0.12674E-04
  782    0.12581E-04
  783    0.12488E-04
  784    0.12396E-04
  785    0.12305E-04
  786    0.12215E-04
  787    0.12125E-04
  788    0.12036E-04
  789    0.11947E-04
  790    0.11859E-04
  791    0.11772E-04
  792    0.11686E-04
  793    0.11600E-04
  794    0.11514E-04
  795    0.11430E-04
  796    0.11346E-04
  797    0.11262E-04
  798    0.11179E-04
  799    0.11097E-04
  800    0.11016E-04
  801    0.10934E-04
  802    0.10854E-04
  803    0.10774E-04
  804    0.10695E-04
  805    0.10616E-04
  806    0.10538E-04
  807    0.10461E-04
  808    0.10384E-04
  809    0.10307E-04
  810    0.10232E-04
  811    0.10156E-04
  812    0.10082E-04
  813    0.10007E-04
  814    0.99338E-05
  815    0.98607E-05
  816    0.97882E-05
  817    0.97162E-05
  818    0.96447E-05
  819    0.95738E-05
  820    0.95033E-05
  821    0.94334E-05
  822    0.93640E-05
  823    0.92951E-05
  824    0.92268E-05
  825    0.91589E-05
  826    0.90915E-05
  827    0.90246E-05
  828    0.89582E-05
  829    0.88923E-05
  830    0.88269E-05
  831    0.87619E-05
  832    0.86975E-05
  833    0.86335E-05
  834    0.85699E-05
  835    0.85069E-05
  836    0.84443E-05
  837    0.83822E-05
  838    0.83205E-05
  839    0.82593E-05
  840    0.81985E-05
  841    0.81382E-05
  842    0.80783E-05
  843    0.80188E-05
  844    0.79598E-05
  845    0.79012E-05
  846    0.78431E-05
  847    0.77854E-05
  848    0.77281E-05
  849    0.76712E-05
  850    0.76148E-05
  851    0.75587E-05
  852    0.75031E-05
  853    0.74479E-05
  854    0.73931E-05
  855    0.73387E-05
  856    0.72847E-05
  857    0.72311E-05
  858    0.71778E-05
  859    0.71250E-05
  860    0.70726E-05
  861    0.70205E-05
  862    0.69689E-05
  863    0.69176E-05
  864    0.68667E-05
  865    0.68161E-05
  866    0.67659E-05
  867    0.67161E-05
  868    0.66667E-05
  869    0.66177E-05
  870    0.65689E-05
  871    0.65206E-05
  872    0.64726E-05
  873    0.64250E-05
  874    0.63777E-05
  875    0.63307E-05
  876    0.62841E-05
  877    0.62379E-05
  878    0.61920E-05
  879    0.61464E-05
  880    0.61011E-05
  881    0.60562E-05
  882    0.60116E-05
  883    0.59674E-05
  884    0.59235E-05
  885    0.58799E-05
  886    0.58366E-05
  887    0.57936E-05
  888    0.57510E-05
  889    0.57086E-05
  890    0.56666E-05
  891    0.56249E-05
  892    0.55835E-05
  893    0.55424E-05
  894    0.55016E-05
  895    0.54611E-05
  896    0.54209E-05
  897    0.53810E-05
  898    0.53414E-05
  899    0.53020E-05
  900    0.52630E-05
  901    0.52243E-05
  902    0.51858E-05
  903    0.51476E-05
  904    0.51097E-05
  905    0.50721E-05
  906    0.50348E-05
  907    0.49977E-05
  908    0.49609E-05
  909    0.49244E-05
  910    0.48881E-05
  911    0.48521E-05
  912    0.48164E-05
  913    0.47810E-05
  914    0.47458E-05
  915    0.47108E-05
  916    0.46761E-05
  917    0.46417E-05
  918    0.46075E-05
  919    0.45736E-05
  920    0.45399E-05
  921    0.45065E-05
  922    0.44733E-05
  923    0.44404E-05
  924    0.44077E-05
  925    0.43753E-05
  926    0.43430E-05
  927    0.43111E-05
  928    0.42793E-05
  929    0.42478E-05
  930    0.42165E-05
  931    0.41855E-05
  932    0.41547E-05
  933    0.41241E-05
  934    0.40937E-05
  935    0.40636E-05
  936    0.40336E-05
  937    0.40039E-05
  938    0.39745E-05
  939    0.39452E-05
  940    0.39161E-05
  941    0.38873E-05
  942    0.38587E-05
  943    0.38303E-05
  944    0.38021E-05
  945    0.37741E-05
  946    0.37463E-05
  947    0.37187E-05
  948    0.36913E-05
  949    0.36641E-05
  950    0.36371E-05
  951    0.36104E-05
  952    0.35838E-05
  953    0.35574E-05
  954    0.35312E-05
  955    0.35052E-05
  956    0.34794E-05
  957    0.34538E-05
  958    0.34283E-05
  959    0.34031E-05
  960    0.33780E-05
  961    0.33531E-05
  962    0.33284E-05
  963    0.33039E-05
  964    0.32796E-05
  965    0.32555E-05
  966    0.32315E-05
  967    0.32077E-05
  968    0.31841E-05
  969    0.31606E-05
  970    0.31373E-05
  971    0.31142E-05
  972    0.30913E-05
  973    0.30685E-05
  974    0.30459E-05
  975    0.30235E-05
  976    0.30012E-05
  977    0.29791E-05
  978    0.29572E-05
  979    0.29354E-05
  980    0.29138E-05
  981    0.28923E-05
  982    0.28710E-05
  983    0.28499E-05
  984    0.28289E-05
  985    0.28081E-05
  986    0.27874E-05
  987    0.27669E-05
  988    0.27465E-05
  989    0.27263E-05
  990    0.27062E-05
  991    0.26862E-05
  992    0.26665E-05
  993    0.26468E-05
  994    0.26273E-05
  995    0.26080E-05
  996    0.25888E-05
  997    0.25697E-05
  998    0.25508E-05
  999    0.25320E-05
 1000    0.25133E-05
 1001    0.24948E-05
 1002    0.24765E-05
 1003    0.24582E-05
 1004    0.24401E-05
 1005    0.24221E-05
 1006    0.24043E-05
 1007    0.23866E-05
 1008    0.23690E-05
 1009    0.23516E-05
 1010    0.23342E-05
 1011    0.23171E-05
 1012    0.23000E-05
 1013    0.22831E-05
 1014    0.22662E-05
 1015    0.22495E-05
 1016    0.22330E-05
 1017    0.22165E-05
 1018    0.22002E-05
 1019    0.21840E-05
 1020    0.21679E-05
 1021    0.21519E-05
 1022    0.21361E-05
 1023    0.21204E-05
 1024    0.21047E-05
 1025    0.20892E-05
 1026    0.20738E-05
 1027    0.20586E-05
 1028    0.20434E-05
 1029    0.20284E-05
 1030    0.20134E-05
 1031    0.19986E-05
 1032    0.19839E-05
 1033    0.19693E-05
 1034    0.19548E-05
 1035    0.19404E-05
 1036    0.19261E-05
 1037    0.19119E-05
 1038    0.18978E-05
 1039    0.18838E-05
 1040    0.18699E-05
 1041    0.18562E-05
 1042    0.18425E-05
 1043    0.18289E-05
 1044    0.18154E-05
 1045    0.18021E-05
 1046    0.17888E-05
 1047    0.17756E-05
 1048    0.17625E-05
 1049    0.17496E-05
 1050    0.17367E-05
 1051    0.17239E-05
 1052    0.17112E-05
 1053    0.16986E-05
 1054    0.16861E-05
 1055    0.16736E-05
 1056    0.16613E-05
 1057    0.16491E-05
 1058    0.16369E-05
 1059    0.16249E-05
 1060    0.16129E-05
 1061    0.16010E-05
 1062    0.15892E-05
 1063    0.15775E-05
 1064    0.15659E-05
 1065    0.15544E-05
 1066    0.15429E-05
 1067    0.15316E-05
 1068    0.15203E-05
 1069    0.15091E-05
 1070    0.14980E-05
 1071    0.14869E-05
 1072    0.14760E-05
 1073    0.14651E-05
 1074    0.14543E-05
 1075    0.14436E-05
 1076    0.14330E-05
 1077    0.14224E-05
 1078    0.14119E-05
 1079    0.14015E-05
 1080    0.13912E-05
 1081    0.13810E-05
 1082    0.13708E-05
 1083    0.13607E-05
 1084    0.13507E-05
 1085    0.13407E-05
 1086    0.13308E-05
 1087    0.13210E-05
 1088    0.13113E-05
 1089    0.13016E-05
 1090    0.12921E-05
 1091    0.12825E-05
 1092    0.12731E-05
 1093    0.12637E-05
 1094    0.12544E-05
 1095    0.12452E-05
 1096    0.12360E-05
 1097    0.12269E-05
 1098    0.12178E-05
 1099    0.12089E-05
 1100    0.12000E-05
 1101    0.11911E-05
 1102    0.11824E-05
 1103    0.11736E-05
 1104    0.11650E-05
 1105    0.11564E-05
 1106    0.11479E-05
 1107    0.11394E-05
 1108    0.11310E-05
 1109    0.11227E-05
 1110    0.11144E-05
 1111    0.11062E-05
 1112    0.10981E-05
 1113    0.10900E-05
 1114    0.10820E-05
 1115    0.10740E-05
 1116    0.10661E-05
 1117    0.10582E-05
 1118    0.10504E-05
 1119    0.10427E-05
 1120    0.10350E-05
 1121    0.10274E-05
 1122    0.10198E-05
 1123    0.10123E-05
 1124    0.10048E-05
 1125    0.99745E-06
 1126    0.99010E-06
 1127    0.98281E-06
 1128    0.97557E-06
 1129    0.96838E-06
 1130    0.96124E-06
 1131    0.95416E-06
 1132    0.94713E-06
 1133    0.94016E-06
 1134    0.93323E-06
 1135    0.92636E-06
 1136    0.91953E-06
 1137    0.91276E-06
 1138    0.90603E-06
 1139    0.89936E-06
 1140    0.89273E-06
 1141    0.88616E-06
 1142    0.87963E-06
 1143    0.87315E-06
 1144    0.86671E-06
 1145    0.86033E-06
 1146    0.85399E-06
 1147    0.84770E-06
 1148    0.84146E-06
 1149    0.83526E-06
 1150    0.82910E-06
 1151    0.82299E-06
 1152    0.81693E-06
 1153    0.81091E-06
 1154    0.80494E-06
 1155    0.79901E-06
 1156    0.79312E-06
 1157    0.78728E-06
 1158    0.78148E-06
 1159    0.77572E-06
 1160    0.77001E-06
 1161    0.76434E-06
 1162    0.75870E-06
 1163    0.75311E-06
 1164    0.74757E-06
 1165    0.74206E-06
 1166    0.73659E-06
 1167    0.73117E-06
 1168    0.72578E-06
 1169    0.72043E-06
 1170    0.71512E-06
 1171    0.70986E-06
 1172    0.70463E-06
 1173    0.69944E-06
 1174    0.69428E-06
 1175    0.68917E-06
 1176    0.68409E-06
 1177    0.67905E-06
 1178    0.67405E-06
 1179    0.66908E-06
 1180    0.66415E-06
 1181    0.65926E-06
 1182    0.65440E-06
 1183    0.64958E-06
 1184    0.64480E-06
 1185    0.64005E-06
 1186    0.63533E-06
 1187    0.63065E-06
 1188    0.62600E-06
 1189    0.62139E-06
 1190    0.61681E-06
 1191    0.61227E-06
 1192    0.60776E-06
 1193    0.60328E-06
 1194    0.59884E-06
 1195    0.59442E-06
 1196    0.59005E-06
 1197    0.58570E-06
 1198    0.58138E-06
 1199    0.57710E-06
 1200    0.57285E-06
 1201    0.56863E-06
 1202    0.56444E-06
 1203    0.56028E-06
 1204    0.55615E-06
 1205    0.55206E-06
 1206    0.54799E-06
 1207    0.54395E-06
 1208    0.53994E-06
 1209    0.53597E-06
 1210    0.53202E-06
 1211    0.52810E-06
 1212    0.52421E-06
 1213    0.52034E-06
 1214    0.51651E-06
 1215    0.51271E-06
 1216    0.50893E-06
 1217    0.50518E-06
 1218    0.50146E-06
 1219    0.49776E-06
 1220    0.49410E-06
 1221    0.49045E-06
 1222    0.48684E-06
 1223    0.48325E-06
 1224    0.47969E-06
 1225    0.47616E-06
 1226    0.47265E-06
 1227    0.46917E-06
 1228    0.46571E-06
 1229    0.46228E-06
 1230    0.45888E-06
 1231    0.45550E-06
 1232    0.45214E-06
 1233    0.44881E-06
 1234    0.44550E-06
 1235    0.44222E-06
 1236    0.43896E-06
 1237    0.43573E-06
 1238    0.43252E-06
 1239    0.42933E-06
 1240    0.42617E-06
 1241    0.42303E-06
 1242    0.41991E-06
 1243    0.41682E-06
 1244    0.41375E-06
 1245    0.41070E-06
 1246    0.40767E-06
 1247    0.40467E-06
 1248    0.40169E-06
 1249    0.39873E-06
 1250    0.39579E-06
 1251    0.39287E-06
 1252    0.38998E-06
 1253    0.38711E-06
 1254    0.38426E-06
 1255    0.38142E-06
 1256    0.37861E-06
 1257    0.37582E-06
 1258    0.37306E-06
 1259    0.37031E-06
 1260    0.36758E-06
 1261    0.36487E-06
 1262    0.36218E-06
 1263    0.35951E-06
 1264    0.35687E-06
 1265    0.35424E-06
 1266    0.35163E-06
 1267    0.34904E-06
 1268    0.34646E-06
 1269    0.34391E-06
 1270    0.34138E-06
 1271    0.33886E-06
 1272    0.33637E-06
 1273    0.33389E-06
 1274    0.33143E-06
 1275    0.32899E-06
 1276    0.32656E-06
 1277    0.32416E-06
 1278    0.32177E-06
 1279    0.31940E-06
 1280    0.31704E-06
 1281    0.31471E-06
 1282    0.31239E-06
 1283    0.31009E-06
 1284    0.30780E-06
 1285    0.30554E-06
 1286    0.30328E-06
 1287    0.30105E-06
 1288    0.29883E-06
 1289    0.29663E-06
 1290    0.29444E-06
 1291    0.29228E-06
 1292    0.29012E-06
 1293    0.28798E-06
 1294    0.28586E-06
 1295    0.28376E-06
 1296    0.28167E-06
 1297    0.27959E-06
 1298    0.27753E-06
 1299    0.27549E-06
 1300    0.27346E-06
 1301    0.27144E-06
 1302    0.26944E-06
 1303    0.26746E-06
 1304    0.26549E-06
 1305    0.26353E-06
 1306    0.26159E-06
 1307    0.25966E-06
 1308    0.25775E-06
 1309    0.25585E-06
 1310    0.25396E-06
 1311    0.25209E-06
 1312    0.25024E-06
 1313    0.24839E-06
 1314    0.24656E-06
 1315    0.24475E-06
 1316    0.24294E-06
 1317    0.24115E-06
 1318    0.23938E-06
 1319    0.23761E-06
 1320    0.23586E-06
 1321    0.23412E-06
 1322    0.23240E-06
 1323    0.23069E-06
 1324    0.22899E-06
 1325    0.22730E-06
 1326    0.22562E-06
 1327    0.22396E-06
 1328    0.22231E-06
 1329    0.22067E-06
 1330    0.21905E-06
 1331    0.21743E-06
 1332    0.21583E-06
 1333    0.21424E-06
 1334    0.21266E-06
 1335    0.21110E-06
 1336    0.20954E-06
 1337    0.20800E-06
 1338    0.20647E-06
 1339    0.20494E-06
 1340    0.20343E-06
 1341    0.20194E-06
 1342    0.20045E-06
 1343    0.19897E-06
 1344    0.19750E-06
 1345    0.19605E-06
 1346    0.19461E-06
 1347    0.19317E-06
 1348    0.19175E-06
 1349    0.19034E-06
 1350    0.18893E-06
 1351    0.18754E-06
 1352    0.18616E-06
 1353    0.18479E-06
 1354    0.18343E-06
 1355    0.18207E-06
 1356    0.18073E-06
 1357    0.17940E-06
 1358    0.17808E-06
 1359    0.17677E-06
 1360    0.17547E-06
 1361    0.17417E-06
 1362    0.17289E-06
 1363    0.17162E-06
 1364    0.17035E-06
 1365    0.16910E-06
 1366    0.16785E-06
 1367    0.16661E-06
 1368    0.16539E-06
 1369    0.16417E-06
 1370    0.16296E-06
 1371    0.16176E-06
 1372    0.16057E-06
 1373    0.15938E-06
 1374    0.15821E-06
 1375    0.15704E-06
 1376    0.15589E-06
 1377    0.15474E-06
 1378    0.15360E-06
 1379    0.15247E-06
 1380    0.15134E-06
 1381    0.15023E-06
 1382    0.14912E-06
 1383    0.14802E-06
 1384    0.14693E-06
 1385    0.14585E-06
 1386    0.14477E-06
 1387    0.14371E-06
 1388    0.14265E-06
 1389    0.14160E-06
 1390    0.14055E-06
 1391    0.13952E-06
 1392    0.13849E-06
 1393    0.13747E-06
 1394    0.13646E-06
 1395    0.13545E-06
 1396    0.13445E-06
 1397    0.13346E-06
 1398    0.13248E-06
 1399    0.13150E-06
 1400    0.13053E-06
 1401    0.12957E-06
 1402    0.12862E-06
 1403    0.12767E-06
 1404    0.12673E-06
 1405    0.12580E-06
 1406    0.12487E-06
 1407    0.12395E-06
 1408    0.12304E-06
 1409    0.12213E-06
 1410    0.12123E-06
 1411    0.12034E-06
 1412    0.11945E-06
 1413    0.11857E-06
 1414    0.11770E-06
 1415    0.11683E-06
 1416    0.11597E-06
 1417    0.11511E-06
 1418    0.11427E-06
 1419    0.11342E-06
 1420    0.11259E-06
 1421    0.11176E-06
 1422    0.11094E-06
 1423    0.11012E-06
 1424    0.10931E-06
 1425    0.10850E-06
 1426    0.10770E-06
 1427    0.10691E-06
 1428    0.10612E-06
 1429    0.10534E-06
 1430    0.10456E-06
 1431    0.10379E-06
 1432    0.10303E-06
 1433    0.10227E-06
 1434    0.10152E-06
 1435    0.10077E-06
 1436    0.10002E-06
 1437    0.99288E-07
 1438    0.98556E-07
 1439    0.97830E-07
 1440    0.97109E-07
 1441    0.96394E-07
 1442    0.95683E-07
 1443    0.94979E-07
 1444    0.94279E-07
 1445    0.93584E-07
 1446    0.92895E-07
 1447    0.92210E-07
 1448    0.91531E-07
 1449    0.90856E-07
 1450    0.90187E-07
 1451    0.89522E-07
 1452    0.88863E-07
 1453    0.88208E-07
 1454    0.87558E-07
 1455    0.86913E-07
 1456    0.86273E-07
 1457    0.85637E-07
 1458    0.85006E-07
 1459    0.84380E-07
 1460    0.83758E-07
 1461    0.83141E-07
 1462    0.82528E-07
 1463    0.81920E-07
 1464    0.81317E-07
 1465    0.80718E-07
 1466    0.80123E-07
 1467    0.79533E-07
 1468    0.78947E-07
 1469    0.78365E-07
 1470    0.77788E-07
 1471    0.77214E-07
 1472    0.76646E-07
 1473    0.76081E-07
 1474    0.75520E-07
 1475    0.74964E-07
 1476    0.74412E-07
 1477    0.73863E-07
 1478    0.73319E-07
 1479    0.72779E-07
 1480    0.72243E-07
 1481    0.71710E-07
 1482    0.71182E-07
 1483    0.70658E-07
 1484    0.70137E-07
 1485    0.69620E-07
 1486    0.69107E-07
 1487    0.68598E-07
 1488    0.68093E-07
 1489    0.67591E-07
 1490    0.67093E-07
 1491    0.66599E-07
 1492    0.66108E-07
 1493    0.65621E-07
 1494    0.65137E-07
 1495    0.64657E-07
 1496    0.64181E-07
 1497    0.63708E-07
 1498    0.63239E-07
 1499    0.62773E-07
 1500    0.62310E-07
 1501    0.61851E-07
 1502    0.61396E-07
 1503    0.60943E-07
 1504    0.60494E-07
 1505    0.60048E-07
 1506    0.59606E-07
 1507    0.59167E-07
 1508    0.58731E-07
 1509    0.58298E-07
 1510    0.57869E-07
 1511    0.57442E-07
 1512    0.57019E-07
 1513    0.56599E-07
 1514    0.56182E-07
 1515    0.55768E-07
 1516    0.55357E-07
 1517    0.54949E-07
 1518    0.54544E-07
 1519    0.54142E-07
 1520    0.53744E-07
 1521    0.53348E-07
 1522    0.52955E-07
 1523    0.52564E-07
 1524    0.52177E-07
 1525    0.51793E-07
 1526    0.51411E-07
 1527    0.51032E-07
 1528    0.50656E-07
 1529    0.50283E-07
 1530    0.49913E-07
 1531    0.49545E-07
 1532    0.49180E-07
 1533    0.48817E-07
 1534    0.48458E-07
 1535    0.48101E-07
 1536    0.47746E-07
 1537    0.47394E-07
 1538    0.47045E-07
 1539    0.46699E-07
 1540    0.46355E-07
 1541    0.46013E-07
 1542    0.45674E-07
 1543    0.45338E-07
 1544    0.45003E-07
 1545    0.44672E-07
 1546    0.44343E-07
 1547    0.44016E-07
 1548    0.43692E-07
 1549    0.43370E-07
 1550    0.43050E-07
 1551    0.42733E-07
 1552    0.42418E-07
 1553    0.42106E-07
 1554    0.41795E-07
 1555    0.41488E-07
 1556    0.41182E-07
 1557    0.40878E-07
 1558    0.40577E-07
 1559    0.40278E-07
 1560    0.39982E-07
 1561    0.39687E-07
 1562    0.39395E-07
 1563    0.39104E-07
 1564    0.38816E-07
 1565    0.38530E-07
 1566    0.38246E-07
 1567    0.37964E-07
 1568    0.37685E-07
 1569    0.37407E-07
 1570    0.37131E-07
 1571    0.36858E-07
 1572    0.36586E-07
 1573    0.36317E-07
 1574    0.36049E-07
 1575    0.35784E-07
 1576    0.35520E-07
 1577    0.35258E-07
 1578    0.34998E-07
 1579    0.34741E-07
 1580    0.34485E-07
 1581    0.34231E-07
 1582    0.33978E-07
 1583    0.33728E-07
 1584    0.33479E-07
 1585    0.33233E-07
 1586    0.32988E-07
 1587    0.32745E-07
 1588    0.32504E-07
 1589    0.32264E-07
 1590    0.32026E-07
 1591    0.31790E-07
 1592    0.31556E-07
 1593    0.31324E-07
 1594    0.31093E-07
 1595    0.30864E-07
 1596    0.30636E-07
 1597    0.30411E-07
 1598    0.30187E-07
 1599    0.29964E-07
 1600    0.29743E-07
 1601    0.29524E-07
 1602    0.29307E-07
 1603    0.29091E-07
 1604    0.28877E-07
 1605    0.28664E-07
 1606    0.28453E-07
 1607    0.28243E-07
 1608    0.28035E-07
 1609    0.27828E-07
 1610    0.27623E-07
 1611    0.27420E-07
 1612    0.27218E-07
 1613    0.27017E-07
 1614    0.26818E-07
 1615    0.26620E-07
 1616    0.26424E-07
 1617    0.26230E-07
 1618    0.26036E-07
 1619    0.25845E-07
 1620    0.25654E-07
 1621    0.25465E-07
 1622    0.25278E-07
 1623    0.25091E-07
 1624    0.24906E-07
 1625    0.24723E-07
 1626    0.24541E-07
 1627    0.24360E-07
 1628    0.24180E-07
 1629    0.24002E-07
 1630    0.23825E-07
 1631    0.23650E-07
 1632    0.23476E-07
 1633    0.23303E-07
 1634    0.23131E-07
 1635    0.22961E-07
 1636    0.22791E-07
 1637    0.22623E-07
 1638    0.22457E-07
 1639    0.22291E-07
 1640    0.22127E-07
 1641    0.21964E-07
 1642    0.21802E-07
 1643    0.21642E-07
 1644    0.21482E-07
 1645    0.21324E-07
 1646    0.21167E-07
 1647    0.21011E-07
 1648    0.20856E-07
 1649    0.20702E-07
 1650    0.20550E-07
 1651    0.20398E-07
 1652    0.20248E-07
 1653    0.20099E-07
 1654    0.19951E-07
 1655    0.19804E-07
 1656    0.19658E-07
 1657    0.19513E-07
 1658    0.19369E-07
 1659    0.19227E-07
 1660    0.19085E-07
 1661    0.18944E-07
 1662    0.18805E-07
 1663    0.18666E-07
 1664    0.18529E-07
 1665    0.18392E-07
 1666    0.18257E-07
 1667    0.18122E-07
 1668    0.17989E-07
 1669    0.17856E-07
 1670    0.17724E-07
 1671    0.17594E-07
 1672    0.17464E-07
 1673    0.17336E-07
 1674    0.17208E-07
 1675    0.17081E-07
 1676    0.16955E-07
 1677    0.16830E-07
 1678    0.16706E-07
 1679    0.16583E-07
 1680    0.16461E-07
 1681    0.16340E-07
 1682    0.16219E-07
 1683    0.16100E-07
 1684    0.15981E-07
 1685    0.15863E-07
 1686    0.15747E-07
 1687    0.15631E-07
 1688    0.15515E-07
 1689    0.15401E-07
 1690    0.15288E-07
 1691    0.15175E-07
 1692    0.15063E-07
 1693    0.14952E-07
 1694    0.14842E-07
 1695    0.14733E-07
 1696    0.14624E-07
 1697    0.14516E-07
 1698    0.14409E-07
 1699    0.14303E-07
 1700    0.14198E-07
 1701    0.14093E-07
 1702    0.13989E-07
 1703    0.13886E-07
 1704    0.13784E-07
 1705    0.13682E-07
 1706    0.13582E-07
 1707    0.13482E-07
 1708    0.13382E-07
 1709    0.13284E-07
 1710    0.13186E-07
 1711    0.13089E-07
 1712    0.12992E-07
 1713    0.12896E-07
 1714    0.12801E-07
 1715    0.12707E-07
 1716    0.12613E-07
 1717    0.12521E-07
 1718    0.12428E-07
 1719    0.12337E-07
 1720    0.12246E-07
 1721    0.12156E-07
 1722    0.12066E-07
 1723    0.11977E-07
 1724    0.11889E-07
 1725    0.11801E-07
 1726    0.11714E-07
 1727    0.11628E-07
 1728    0.11542E-07
 1729    0.11457E-07
 1730    0.11373E-07
 1731    0.11289E-07
 1732    0.11206E-07
 1733    0.11123E-07
 1734    0.11041E-07
 1735    0.10960E-07
 1736    0.10879E-07
 1737    0.10799E-07
 1738    0.10720E-07
 1739    0.10641E-07
 1740    0.10562E-07
 1741    0.10484E-07
 1742    0.10407E-07
 1743    0.10330E-07
 1744    0.10254E-07
 1745    0.10179E-07
 1746    0.10104E-07
 1747    0.10029E-07
 1748    0.99554E-08

iteration:   1748

epsilon =     0.10000E-07
omega =     0.18000E+01
tick =     0.10000E-02

norm_x =     0.18704E+03, norm_analysis =     0.18703E+03
diff =     0.90916E+01

caltime =   36.9310, comtime =    0.0000, checktime =   13.6390
alltime =   50.5700

