before: itr =   1, myrank =   1, x(  1, 2) =     0.00000E+00, x(  1, 3) =     0.00000E+00
before: itr =   1, myrank =   1, x(  2, 2) =     0.00000E+00, x(  2, 3) =     0.00000E+00
before: itr =   1, myrank =   1, x(  3, 2) =     0.00000E+00, x(  3, 3) =     0.00000E+00
before: itr =   1, myrank =   1, x(  4, 2) =     0.00000E+00, x(  4, 3) =     0.00000E+00
before: itr =   1, myrank =   1, x(  5, 2) =     0.00000E+00, x(  5, 3) =     0.00000E+00
before: itr =   1, myrank =   1, x(  6, 2) =     0.00000E+00, x(  6, 3) =     0.00000E+00
before: itr =   1, myrank =   1, x(  7, 2) =     0.00000E+00, x(  7, 3) =     0.00000E+00
before: itr =   1, myrank =   1, x(  8, 2) =     0.00000E+00, x(  8, 3) =     0.00000E+00
before: itr =   1, myrank =   1, x(  9, 2) =     0.00000E+00, x(  9, 3) =     0.00000E+00
before: itr =   1, myrank =   1, x( 10, 2) =     0.00000E+00, x( 10, 3) =     0.00000E+00
before: itr =   1, myrank =   1, x( 11, 2) =     0.00000E+00, x( 11, 3) =     0.00000E+00
before: itr =   1, myrank =   1, x( 12, 2) =     0.00000E+00, x( 12, 3) =     0.00000E+00
before: itr =   1, myrank =   1, x( 13, 2) =     0.00000E+00, x( 13, 3) =     0.00000E+00
before: itr =   1, myrank =   1, x( 14, 2) =     0.00000E+00, x( 14, 3) =     0.00000E+00
before: itr =   1, myrank =   1, x( 15, 2) =     0.00000E+00, x( 15, 3) =     0.00000E+00
before: itr =   1, myrank =   1, x( 16, 2) =     0.00000E+00, x( 16, 3) =     0.00000E+00
after: itr =   1, myrank =   1, x(  1, 2) =     0.00000E+00, x(  1, 3) =     0.00000E+00
after: itr =   1, myrank =   1, x(  2, 2) =     0.00000E+00, x(  2, 3) =     0.00000E+00
after: itr =   1, myrank =   1, x(  3, 2) =     0.00000E+00, x(  3, 3) =     0.00000E+00
after: itr =   1, myrank =   1, x(  4, 2) =     0.00000E+00, x(  4, 3) =     0.00000E+00
after: itr =   1, myrank =   1, x(  5, 2) =     0.00000E+00, x(  5, 3) =     0.00000E+00
after: itr =   1, myrank =   1, x(  6, 2) =     0.00000E+00, x(  6, 3) =     0.00000E+00
after: itr =   1, myrank =   1, x(  7, 2) =     0.00000E+00, x(  7, 3) =     0.00000E+00
after: itr =   1, myrank =   1, x(  8, 2) =     0.00000E+00, x(  8, 3) =     0.00000E+00
after: itr =   1, myrank =   1, x(  9, 2) =     0.00000E+00, x(  9, 3) =     0.00000E+00
after: itr =   1, myrank =   1, x( 10, 2) =     0.00000E+00, x( 10, 3) =     0.00000E+00
after: itr =   1, myrank =   1, x( 11, 2) =     0.00000E+00, x( 11, 3) =     0.00000E+00
after: itr =   1, myrank =   1, x( 12, 2) =     0.00000E+00, x( 12, 3) =     0.00000E+00
after: itr =   1, myrank =   1, x( 13, 2) =     0.00000E+00, x( 13, 3) =     0.00000E+00
after: itr =   1, myrank =   1, x( 14, 2) =     0.00000E+00, x( 14, 3) =     0.00000E+00
after: itr =   1, myrank =   1, x( 15, 2) =     0.00000E+00, x( 15, 3) =     0.00000E+00
after: itr =   1, myrank =   1, x( 16, 2) =     0.00000E+00, x( 16, 3) =     0.00000E+00
before: itr =   6, myrank =   1, x(  1, 2) =     0.23568E-01, x(  1, 3) =     0.62549E-01
before: itr =   6, myrank =   1, x(  2, 2) =     0.42709E-01, x(  2, 3) =     0.10101E+00
before: itr =   6, myrank =   1, x(  3, 2) =     0.46249E-01, x(  3, 3) =     0.10207E+00
before: itr =   6, myrank =   1, x(  4, 2) =     0.26966E-01, x(  4, 3) =     0.62288E-01
before: itr =   6, myrank =   1, x(  5, 2) =     0.42709E-01, x(  5, 3) =     0.10101E+00
before: itr =   6, myrank =   1, x(  6, 2) =     0.74746E-01, x(  6, 3) =     0.16391E+00
before: itr =   6, myrank =   1, x(  7, 2) =     0.75679E-01, x(  7, 3) =     0.16740E+00
before: itr =   6, myrank =   1, x(  8, 2) =     0.42447E-01, x(  8, 3) =     0.10654E+00
before: itr =   6, myrank =   1, x(  9, 2) =     0.46249E-01, x(  9, 3) =     0.10207E+00
before: itr =   6, myrank =   1, x( 10, 2) =     0.75679E-01, x( 10, 3) =     0.16740E+00
before: itr =   6, myrank =   1, x( 11, 2) =     0.65843E-01, x( 11, 3) =     0.17270E+00
before: itr =   6, myrank =   1, x( 12, 2) =     0.30924E-01, x( 12, 3) =     0.94887E-01
before: itr =   6, myrank =   1, x( 13, 2) =     0.26966E-01, x( 13, 3) =     0.62288E-01
before: itr =   6, myrank =   1, x( 14, 2) =     0.42447E-01, x( 14, 3) =     0.10654E+00
before: itr =   6, myrank =   1, x( 15, 2) =     0.30924E-01, x( 15, 3) =     0.94887E-01
before: itr =   6, myrank =   1, x( 16, 2) =     0.35456E-01, x( 16, 3) =     0.65662E-01
after: itr =   6, myrank =   1, x(  1, 2) =     0.27078E-01, x(  1, 3) =     0.62549E-01
after: itr =   6, myrank =   1, x(  2, 2) =     0.45047E-01, x(  2, 3) =     0.10101E+00
after: itr =   6, myrank =   1, x(  3, 2) =     0.43524E-01, x(  3, 3) =     0.10207E+00
after: itr =   6, myrank =   1, x(  4, 2) =     0.26637E-01, x(  4, 3) =     0.62288E-01
after: itr =   6, myrank =   1, x(  5, 2) =     0.45047E-01, x(  5, 3) =     0.10101E+00
after: itr =   6, myrank =   1, x(  6, 2) =     0.71207E-01, x(  6, 3) =     0.16391E+00
after: itr =   6, myrank =   1, x(  7, 2) =     0.65749E-01, x(  7, 3) =     0.16740E+00
after: itr =   6, myrank =   1, x(  8, 2) =     0.38686E-01, x(  8, 3) =     0.10654E+00
after: itr =   6, myrank =   1, x(  9, 2) =     0.43524E-01, x(  9, 3) =     0.10207E+00
after: itr =   6, myrank =   1, x( 10, 2) =     0.65749E-01, x( 10, 3) =     0.16740E+00
after: itr =   6, myrank =   1, x( 11, 2) =     0.62701E-01, x( 11, 3) =     0.17270E+00
after: itr =   6, myrank =   1, x( 12, 2) =     0.49139E-01, x( 12, 3) =     0.94887E-01
after: itr =   6, myrank =   1, x( 13, 2) =     0.26637E-01, x( 13, 3) =     0.62288E-01
after: itr =   6, myrank =   1, x( 14, 2) =     0.38686E-01, x( 14, 3) =     0.10654E+00
after: itr =   6, myrank =   1, x( 15, 2) =     0.49139E-01, x( 15, 3) =     0.94887E-01
after: itr =   6, myrank =   1, x( 16, 2) =     0.23495E-01, x( 16, 3) =     0.65662E-01
before: itr =  11, myrank =   1, x(  1, 2) =     0.26217E-01, x(  1, 3) =     0.62372E-01
before: itr =  11, myrank =   1, x(  2, 2) =     0.43326E-01, x(  2, 3) =     0.10247E+00
before: itr =  11, myrank =   1, x(  3, 2) =     0.41627E-01, x(  3, 3) =     0.10153E+00
before: itr =  11, myrank =   1, x(  4, 2) =     0.26386E-01, x(  4, 3) =     0.63095E-01
before: itr =  11, myrank =   1, x(  5, 2) =     0.43326E-01, x(  5, 3) =     0.10247E+00
before: itr =  11, myrank =   1, x(  6, 2) =     0.67910E-01, x(  6, 3) =     0.16458E+00
before: itr =  11, myrank =   1, x(  7, 2) =     0.69312E-01, x(  7, 3) =     0.16535E+00
before: itr =  11, myrank =   1, x(  8, 2) =     0.42145E-01, x(  8, 3) =     0.10184E+00
before: itr =  11, myrank =   1, x(  9, 2) =     0.41627E-01, x(  9, 3) =     0.10153E+00
before: itr =  11, myrank =   1, x( 10, 2) =     0.69312E-01, x( 10, 3) =     0.16535E+00
before: itr =  11, myrank =   1, x( 11, 2) =     0.67899E-01, x( 11, 3) =     0.16465E+00
before: itr =  11, myrank =   1, x( 12, 2) =     0.42331E-01, x( 12, 3) =     0.10177E+00
before: itr =  11, myrank =   1, x( 13, 2) =     0.26386E-01, x( 13, 3) =     0.63095E-01
before: itr =  11, myrank =   1, x( 14, 2) =     0.42145E-01, x( 14, 3) =     0.10184E+00
before: itr =  11, myrank =   1, x( 15, 2) =     0.42331E-01, x( 15, 3) =     0.10177E+00
before: itr =  11, myrank =   1, x( 16, 2) =     0.26235E-01, x( 16, 3) =     0.62939E-01
after: itr =  11, myrank =   1, x(  1, 2) =     0.26755E-01, x(  1, 3) =     0.62372E-01
after: itr =  11, myrank =   1, x(  2, 2) =     0.41827E-01, x(  2, 3) =     0.10247E+00
after: itr =  11, myrank =   1, x(  3, 2) =     0.42701E-01, x(  3, 3) =     0.10153E+00
after: itr =  11, myrank =   1, x(  4, 2) =     0.26050E-01, x(  4, 3) =     0.63095E-01
after: itr =  11, myrank =   1, x(  5, 2) =     0.41827E-01, x(  5, 3) =     0.10247E+00
after: itr =  11, myrank =   1, x(  6, 2) =     0.68807E-01, x(  6, 3) =     0.16458E+00
after: itr =  11, myrank =   1, x(  7, 2) =     0.68038E-01, x(  7, 3) =     0.16535E+00
after: itr =  11, myrank =   1, x(  8, 2) =     0.42413E-01, x(  8, 3) =     0.10184E+00
after: itr =  11, myrank =   1, x(  9, 2) =     0.42701E-01, x(  9, 3) =     0.10153E+00
after: itr =  11, myrank =   1, x( 10, 2) =     0.68038E-01, x( 10, 3) =     0.16535E+00
after: itr =  11, myrank =   1, x( 11, 2) =     0.68748E-01, x( 11, 3) =     0.16465E+00
after: itr =  11, myrank =   1, x( 12, 2) =     0.42475E-01, x( 12, 3) =     0.10177E+00
after: itr =  11, myrank =   1, x( 13, 2) =     0.26050E-01, x( 13, 3) =     0.63095E-01
after: itr =  11, myrank =   1, x( 14, 2) =     0.42413E-01, x( 14, 3) =     0.10184E+00
after: itr =  11, myrank =   1, x( 15, 2) =     0.42475E-01, x( 15, 3) =     0.10177E+00
after: itr =  11, myrank =   1, x( 16, 2) =     0.26211E-01, x( 16, 3) =     0.62939E-01
before: itr =  16, myrank =   1, x(  1, 2) =     0.26065E-01, x(  1, 3) =     0.62901E-01
before: itr =  16, myrank =   1, x(  2, 2) =     0.42168E-01, x(  2, 3) =     0.10169E+00
before: itr =  16, myrank =   1, x(  3, 2) =     0.42390E-01, x(  3, 3) =     0.10180E+00
before: itr =  16, myrank =   1, x(  4, 2) =     0.26192E-01, x(  4, 3) =     0.62924E-01
before: itr =  16, myrank =   1, x(  5, 2) =     0.42168E-01, x(  5, 3) =     0.10169E+00
before: itr =  16, myrank =   1, x(  6, 2) =     0.68551E-01, x(  6, 3) =     0.16467E+00
before: itr =  16, myrank =   1, x(  7, 2) =     0.68634E-01, x(  7, 3) =     0.16477E+00
before: itr =  16, myrank =   1, x(  8, 2) =     0.42389E-01, x(  8, 3) =     0.10182E+00
before: itr =  16, myrank =   1, x(  9, 2) =     0.42390E-01, x(  9, 3) =     0.10180E+00
before: itr =  16, myrank =   1, x( 10, 2) =     0.68634E-01, x( 10, 3) =     0.16477E+00
before: itr =  16, myrank =   1, x( 11, 2) =     0.68632E-01, x( 11, 3) =     0.16479E+00
before: itr =  16, myrank =   1, x( 12, 2) =     0.42408E-01, x( 12, 3) =     0.10184E+00
before: itr =  16, myrank =   1, x( 13, 2) =     0.26192E-01, x( 13, 3) =     0.62924E-01
before: itr =  16, myrank =   1, x( 14, 2) =     0.42389E-01, x( 14, 3) =     0.10182E+00
before: itr =  16, myrank =   1, x( 15, 2) =     0.42408E-01, x( 15, 3) =     0.10184E+00
before: itr =  16, myrank =   1, x( 16, 2) =     0.26206E-01, x( 16, 3) =     0.62941E-01
after: itr =  16, myrank =   1, x(  1, 2) =     0.26250E-01, x(  1, 3) =     0.62901E-01
after: itr =  16, myrank =   1, x(  2, 2) =     0.42559E-01, x(  2, 3) =     0.10169E+00
after: itr =  16, myrank =   1, x(  3, 2) =     0.42445E-01, x(  3, 3) =     0.10180E+00
after: itr =  16, myrank =   1, x(  4, 2) =     0.26226E-01, x(  4, 3) =     0.62924E-01
after: itr =  16, myrank =   1, x(  5, 2) =     0.42559E-01, x(  5, 3) =     0.10169E+00
after: itr =  16, myrank =   1, x(  6, 2) =     0.68728E-01, x(  6, 3) =     0.16467E+00
after: itr =  16, myrank =   1, x(  7, 2) =     0.68630E-01, x(  7, 3) =     0.16477E+00
after: itr =  16, myrank =   1, x(  8, 2) =     0.42425E-01, x(  8, 3) =     0.10182E+00
after: itr =  16, myrank =   1, x(  9, 2) =     0.42445E-01, x(  9, 3) =     0.10180E+00
after: itr =  16, myrank =   1, x( 10, 2) =     0.68630E-01, x( 10, 3) =     0.16477E+00
after: itr =  16, myrank =   1, x( 11, 2) =     0.68607E-01, x( 11, 3) =     0.16479E+00
after: itr =  16, myrank =   1, x( 12, 2) =     0.42406E-01, x( 12, 3) =     0.10184E+00
after: itr =  16, myrank =   1, x( 13, 2) =     0.26226E-01, x( 13, 3) =     0.62924E-01
after: itr =  16, myrank =   1, x( 14, 2) =     0.42425E-01, x( 14, 3) =     0.10182E+00
after: itr =  16, myrank =   1, x( 15, 2) =     0.42406E-01, x( 15, 3) =     0.10184E+00
after: itr =  16, myrank =   1, x( 16, 2) =     0.26209E-01, x( 16, 3) =     0.62941E-01
before: itr =  21, myrank =   1, x(  1, 2) =     0.26194E-01, x(  1, 3) =     0.62943E-01
before: itr =  21, myrank =   1, x(  2, 2) =     0.42389E-01, x(  2, 3) =     0.10184E+00
before: itr =  21, myrank =   1, x(  3, 2) =     0.42396E-01, x(  3, 3) =     0.10184E+00
before: itr =  21, myrank =   1, x(  4, 2) =     0.26202E-01, x(  4, 3) =     0.62943E-01
before: itr =  21, myrank =   1, x(  5, 2) =     0.42389E-01, x(  5, 3) =     0.10184E+00
before: itr =  21, myrank =   1, x(  6, 2) =     0.68610E-01, x(  6, 3) =     0.16479E+00
before: itr =  21, myrank =   1, x(  7, 2) =     0.68612E-01, x(  7, 3) =     0.16480E+00
before: itr =  21, myrank =   1, x(  8, 2) =     0.42408E-01, x(  8, 3) =     0.10185E+00
before: itr =  21, myrank =   1, x(  9, 2) =     0.42396E-01, x(  9, 3) =     0.10184E+00
before: itr =  21, myrank =   1, x( 10, 2) =     0.68612E-01, x( 10, 3) =     0.16480E+00
before: itr =  21, myrank =   1, x( 11, 2) =     0.68611E-01, x( 11, 3) =     0.16480E+00
before: itr =  21, myrank =   1, x( 12, 2) =     0.42405E-01, x( 12, 3) =     0.10185E+00
before: itr =  21, myrank =   1, x( 13, 2) =     0.26202E-01, x( 13, 3) =     0.62943E-01
before: itr =  21, myrank =   1, x( 14, 2) =     0.42408E-01, x( 14, 3) =     0.10185E+00
before: itr =  21, myrank =   1, x( 15, 2) =     0.42405E-01, x( 15, 3) =     0.10185E+00
before: itr =  21, myrank =   1, x( 16, 2) =     0.26210E-01, x( 16, 3) =     0.62950E-01
after: itr =  21, myrank =   1, x(  1, 2) =     0.26207E-01, x(  1, 3) =     0.62943E-01
after: itr =  21, myrank =   1, x(  2, 2) =     0.42407E-01, x(  2, 3) =     0.10184E+00
after: itr =  21, myrank =   1, x(  3, 2) =     0.42404E-01, x(  3, 3) =     0.10184E+00
after: itr =  21, myrank =   1, x(  4, 2) =     0.26208E-01, x(  4, 3) =     0.62943E-01
after: itr =  21, myrank =   1, x(  5, 2) =     0.42407E-01, x(  5, 3) =     0.10184E+00
after: itr =  21, myrank =   1, x(  6, 2) =     0.68606E-01, x(  6, 3) =     0.16479E+00
after: itr =  21, myrank =   1, x(  7, 2) =     0.68603E-01, x(  7, 3) =     0.16480E+00
after: itr =  21, myrank =   1, x(  8, 2) =     0.42395E-01, x(  8, 3) =     0.10185E+00
after: itr =  21, myrank =   1, x(  9, 2) =     0.42404E-01, x(  9, 3) =     0.10184E+00
after: itr =  21, myrank =   1, x( 10, 2) =     0.68603E-01, x( 10, 3) =     0.16480E+00
after: itr =  21, myrank =   1, x( 11, 2) =     0.68600E-01, x( 11, 3) =     0.16480E+00
after: itr =  21, myrank =   1, x( 12, 2) =     0.42395E-01, x( 12, 3) =     0.10185E+00
after: itr =  21, myrank =   1, x( 13, 2) =     0.26208E-01, x( 13, 3) =     0.62943E-01
after: itr =  21, myrank =   1, x( 14, 2) =     0.42395E-01, x( 14, 3) =     0.10185E+00
after: itr =  21, myrank =   1, x( 15, 2) =     0.42395E-01, x( 15, 3) =     0.10185E+00
after: itr =  21, myrank =   1, x( 16, 2) =     0.26200E-01, x( 16, 3) =     0.62950E-01
before: itr =  26, myrank =   1, x(  1, 2) =     0.26204E-01, x(  1, 3) =     0.62946E-01
before: itr =  26, myrank =   1, x(  2, 2) =     0.42399E-01, x(  2, 3) =     0.10185E+00
before: itr =  26, myrank =   1, x(  3, 2) =     0.42399E-01, x(  3, 3) =     0.10185E+00
before: itr =  26, myrank =   1, x(  4, 2) =     0.26204E-01, x(  4, 3) =     0.62946E-01
before: itr =  26, myrank =   1, x(  5, 2) =     0.42399E-01, x(  5, 3) =     0.10185E+00
before: itr =  26, myrank =   1, x(  6, 2) =     0.68603E-01, x(  6, 3) =     0.16479E+00
before: itr =  26, myrank =   1, x(  7, 2) =     0.68603E-01, x(  7, 3) =     0.16479E+00
before: itr =  26, myrank =   1, x(  8, 2) =     0.42400E-01, x(  8, 3) =     0.10185E+00
before: itr =  26, myrank =   1, x(  9, 2) =     0.42399E-01, x(  9, 3) =     0.10185E+00
before: itr =  26, myrank =   1, x( 10, 2) =     0.68603E-01, x( 10, 3) =     0.16479E+00
before: itr =  26, myrank =   1, x( 11, 2) =     0.68605E-01, x( 11, 3) =     0.16479E+00
before: itr =  26, myrank =   1, x( 12, 2) =     0.42400E-01, x( 12, 3) =     0.10185E+00
before: itr =  26, myrank =   1, x( 13, 2) =     0.26204E-01, x( 13, 3) =     0.62946E-01
before: itr =  26, myrank =   1, x( 14, 2) =     0.42400E-01, x( 14, 3) =     0.10185E+00
before: itr =  26, myrank =   1, x( 15, 2) =     0.42400E-01, x( 15, 3) =     0.10185E+00
before: itr =  26, myrank =   1, x( 16, 2) =     0.26204E-01, x( 16, 3) =     0.62946E-01
after: itr =  26, myrank =   1, x(  1, 2) =     0.26204E-01, x(  1, 3) =     0.62946E-01
after: itr =  26, myrank =   1, x(  2, 2) =     0.42399E-01, x(  2, 3) =     0.10185E+00
after: itr =  26, myrank =   1, x(  3, 2) =     0.42399E-01, x(  3, 3) =     0.10185E+00
after: itr =  26, myrank =   1, x(  4, 2) =     0.26204E-01, x(  4, 3) =     0.62946E-01
after: itr =  26, myrank =   1, x(  5, 2) =     0.42399E-01, x(  5, 3) =     0.10185E+00
after: itr =  26, myrank =   1, x(  6, 2) =     0.68604E-01, x(  6, 3) =     0.16479E+00
after: itr =  26, myrank =   1, x(  7, 2) =     0.68604E-01, x(  7, 3) =     0.16479E+00
after: itr =  26, myrank =   1, x(  8, 2) =     0.42399E-01, x(  8, 3) =     0.10185E+00
after: itr =  26, myrank =   1, x(  9, 2) =     0.42399E-01, x(  9, 3) =     0.10185E+00
after: itr =  26, myrank =   1, x( 10, 2) =     0.68604E-01, x( 10, 3) =     0.16479E+00
after: itr =  26, myrank =   1, x( 11, 2) =     0.68603E-01, x( 11, 3) =     0.16479E+00
after: itr =  26, myrank =   1, x( 12, 2) =     0.42399E-01, x( 12, 3) =     0.10185E+00
after: itr =  26, myrank =   1, x( 13, 2) =     0.26204E-01, x( 13, 3) =     0.62946E-01
after: itr =  26, myrank =   1, x( 14, 2) =     0.42399E-01, x( 14, 3) =     0.10185E+00
after: itr =  26, myrank =   1, x( 15, 2) =     0.42399E-01, x( 15, 3) =     0.10185E+00
after: itr =  26, myrank =   1, x( 16, 2) =     0.26204E-01, x( 16, 3) =     0.62946E-01
before: itr =  31, myrank =   1, x(  1, 2) =     0.26204E-01, x(  1, 3) =     0.62946E-01
before: itr =  31, myrank =   1, x(  2, 2) =     0.42399E-01, x(  2, 3) =     0.10185E+00
before: itr =  31, myrank =   1, x(  3, 2) =     0.42399E-01, x(  3, 3) =     0.10185E+00
before: itr =  31, myrank =   1, x(  4, 2) =     0.26204E-01, x(  4, 3) =     0.62946E-01
before: itr =  31, myrank =   1, x(  5, 2) =     0.42399E-01, x(  5, 3) =     0.10185E+00
before: itr =  31, myrank =   1, x(  6, 2) =     0.68604E-01, x(  6, 3) =     0.16479E+00
before: itr =  31, myrank =   1, x(  7, 2) =     0.68603E-01, x(  7, 3) =     0.16479E+00
before: itr =  31, myrank =   1, x(  8, 2) =     0.42399E-01, x(  8, 3) =     0.10185E+00
before: itr =  31, myrank =   1, x(  9, 2) =     0.42399E-01, x(  9, 3) =     0.10185E+00
before: itr =  31, myrank =   1, x( 10, 2) =     0.68603E-01, x( 10, 3) =     0.16479E+00
before: itr =  31, myrank =   1, x( 11, 2) =     0.68604E-01, x( 11, 3) =     0.16479E+00
before: itr =  31, myrank =   1, x( 12, 2) =     0.42399E-01, x( 12, 3) =     0.10185E+00
before: itr =  31, myrank =   1, x( 13, 2) =     0.26204E-01, x( 13, 3) =     0.62946E-01
before: itr =  31, myrank =   1, x( 14, 2) =     0.42399E-01, x( 14, 3) =     0.10185E+00
before: itr =  31, myrank =   1, x( 15, 2) =     0.42399E-01, x( 15, 3) =     0.10185E+00
before: itr =  31, myrank =   1, x( 16, 2) =     0.26204E-01, x( 16, 3) =     0.62946E-01
after: itr =  31, myrank =   1, x(  1, 2) =     0.26204E-01, x(  1, 3) =     0.62946E-01
after: itr =  31, myrank =   1, x(  2, 2) =     0.42399E-01, x(  2, 3) =     0.10185E+00
after: itr =  31, myrank =   1, x(  3, 2) =     0.42399E-01, x(  3, 3) =     0.10185E+00
after: itr =  31, myrank =   1, x(  4, 2) =     0.26204E-01, x(  4, 3) =     0.62946E-01
after: itr =  31, myrank =   1, x(  5, 2) =     0.42399E-01, x(  5, 3) =     0.10185E+00
after: itr =  31, myrank =   1, x(  6, 2) =     0.68604E-01, x(  6, 3) =     0.16479E+00
after: itr =  31, myrank =   1, x(  7, 2) =     0.68604E-01, x(  7, 3) =     0.16479E+00
after: itr =  31, myrank =   1, x(  8, 2) =     0.42399E-01, x(  8, 3) =     0.10185E+00
after: itr =  31, myrank =   1, x(  9, 2) =     0.42399E-01, x(  9, 3) =     0.10185E+00
after: itr =  31, myrank =   1, x( 10, 2) =     0.68604E-01, x( 10, 3) =     0.16479E+00
after: itr =  31, myrank =   1, x( 11, 2) =     0.68604E-01, x( 11, 3) =     0.16479E+00
after: itr =  31, myrank =   1, x( 12, 2) =     0.42399E-01, x( 12, 3) =     0.10185E+00
after: itr =  31, myrank =   1, x( 13, 2) =     0.26204E-01, x( 13, 3) =     0.62946E-01
after: itr =  31, myrank =   1, x( 14, 2) =     0.42399E-01, x( 14, 3) =     0.10185E+00
after: itr =  31, myrank =   1, x( 15, 2) =     0.42399E-01, x( 15, 3) =     0.10185E+00
after: itr =  31, myrank =   1, x( 16, 2) =     0.26204E-01, x( 16, 3) =     0.62946E-01
before: itr =  36, myrank =   1, x(  1, 2) =     0.26204E-01, x(  1, 3) =     0.62946E-01
before: itr =  36, myrank =   1, x(  2, 2) =     0.42399E-01, x(  2, 3) =     0.10185E+00
before: itr =  36, myrank =   1, x(  3, 2) =     0.42399E-01, x(  3, 3) =     0.10185E+00
before: itr =  36, myrank =   1, x(  4, 2) =     0.26204E-01, x(  4, 3) =     0.62946E-01
before: itr =  36, myrank =   1, x(  5, 2) =     0.42399E-01, x(  5, 3) =     0.10185E+00
before: itr =  36, myrank =   1, x(  6, 2) =     0.68604E-01, x(  6, 3) =     0.16479E+00
before: itr =  36, myrank =   1, x(  7, 2) =     0.68604E-01, x(  7, 3) =     0.16479E+00
before: itr =  36, myrank =   1, x(  8, 2) =     0.42399E-01, x(  8, 3) =     0.10185E+00
before: itr =  36, myrank =   1, x(  9, 2) =     0.42399E-01, x(  9, 3) =     0.10185E+00
before: itr =  36, myrank =   1, x( 10, 2) =     0.68604E-01, x( 10, 3) =     0.16479E+00
before: itr =  36, myrank =   1, x( 11, 2) =     0.68604E-01, x( 11, 3) =     0.16479E+00
before: itr =  36, myrank =   1, x( 12, 2) =     0.42399E-01, x( 12, 3) =     0.10185E+00
before: itr =  36, myrank =   1, x( 13, 2) =     0.26204E-01, x( 13, 3) =     0.62946E-01
before: itr =  36, myrank =   1, x( 14, 2) =     0.42399E-01, x( 14, 3) =     0.10185E+00
before: itr =  36, myrank =   1, x( 15, 2) =     0.42399E-01, x( 15, 3) =     0.10185E+00
before: itr =  36, myrank =   1, x( 16, 2) =     0.26204E-01, x( 16, 3) =     0.62946E-01
after: itr =  36, myrank =   1, x(  1, 2) =     0.26204E-01, x(  1, 3) =     0.62946E-01
after: itr =  36, myrank =   1, x(  2, 2) =     0.42399E-01, x(  2, 3) =     0.10185E+00
after: itr =  36, myrank =   1, x(  3, 2) =     0.42399E-01, x(  3, 3) =     0.10185E+00
after: itr =  36, myrank =   1, x(  4, 2) =     0.26204E-01, x(  4, 3) =     0.62946E-01
after: itr =  36, myrank =   1, x(  5, 2) =     0.42399E-01, x(  5, 3) =     0.10185E+00
after: itr =  36, myrank =   1, x(  6, 2) =     0.68604E-01, x(  6, 3) =     0.16479E+00
after: itr =  36, myrank =   1, x(  7, 2) =     0.68604E-01, x(  7, 3) =     0.16479E+00
after: itr =  36, myrank =   1, x(  8, 2) =     0.42399E-01, x(  8, 3) =     0.10185E+00
after: itr =  36, myrank =   1, x(  9, 2) =     0.42399E-01, x(  9, 3) =     0.10185E+00
after: itr =  36, myrank =   1, x( 10, 2) =     0.68604E-01, x( 10, 3) =     0.16479E+00
after: itr =  36, myrank =   1, x( 11, 2) =     0.68604E-01, x( 11, 3) =     0.16479E+00
after: itr =  36, myrank =   1, x( 12, 2) =     0.42399E-01, x( 12, 3) =     0.10185E+00
after: itr =  36, myrank =   1, x( 13, 2) =     0.26204E-01, x( 13, 3) =     0.62946E-01
after: itr =  36, myrank =   1, x( 14, 2) =     0.42399E-01, x( 14, 3) =     0.10185E+00
after: itr =  36, myrank =   1, x( 15, 2) =     0.42399E-01, x( 15, 3) =     0.10185E+00
after: itr =  36, myrank =   1, x( 16, 2) =     0.26204E-01, x( 16, 3) =     0.62946E-01
before: itr =  41, myrank =   1, x(  1, 2) =     0.26204E-01, x(  1, 3) =     0.62946E-01
before: itr =  41, myrank =   1, x(  2, 2) =     0.42399E-01, x(  2, 3) =     0.10185E+00
before: itr =  41, myrank =   1, x(  3, 2) =     0.42399E-01, x(  3, 3) =     0.10185E+00
before: itr =  41, myrank =   1, x(  4, 2) =     0.26204E-01, x(  4, 3) =     0.62946E-01
before: itr =  41, myrank =   1, x(  5, 2) =     0.42399E-01, x(  5, 3) =     0.10185E+00
before: itr =  41, myrank =   1, x(  6, 2) =     0.68604E-01, x(  6, 3) =     0.16479E+00
before: itr =  41, myrank =   1, x(  7, 2) =     0.68604E-01, x(  7, 3) =     0.16479E+00
before: itr =  41, myrank =   1, x(  8, 2) =     0.42399E-01, x(  8, 3) =     0.10185E+00
before: itr =  41, myrank =   1, x(  9, 2) =     0.42399E-01, x(  9, 3) =     0.10185E+00
before: itr =  41, myrank =   1, x( 10, 2) =     0.68604E-01, x( 10, 3) =     0.16479E+00
before: itr =  41, myrank =   1, x( 11, 2) =     0.68604E-01, x( 11, 3) =     0.16479E+00
before: itr =  41, myrank =   1, x( 12, 2) =     0.42399E-01, x( 12, 3) =     0.10185E+00
before: itr =  41, myrank =   1, x( 13, 2) =     0.26204E-01, x( 13, 3) =     0.62946E-01
before: itr =  41, myrank =   1, x( 14, 2) =     0.42399E-01, x( 14, 3) =     0.10185E+00
before: itr =  41, myrank =   1, x( 15, 2) =     0.42399E-01, x( 15, 3) =     0.10185E+00
before: itr =  41, myrank =   1, x( 16, 2) =     0.26204E-01, x( 16, 3) =     0.62946E-01
after: itr =  41, myrank =   1, x(  1, 2) =     0.26204E-01, x(  1, 3) =     0.62946E-01
after: itr =  41, myrank =   1, x(  2, 2) =     0.42399E-01, x(  2, 3) =     0.10185E+00
after: itr =  41, myrank =   1, x(  3, 2) =     0.42399E-01, x(  3, 3) =     0.10185E+00
after: itr =  41, myrank =   1, x(  4, 2) =     0.26204E-01, x(  4, 3) =     0.62946E-01
after: itr =  41, myrank =   1, x(  5, 2) =     0.42399E-01, x(  5, 3) =     0.10185E+00
after: itr =  41, myrank =   1, x(  6, 2) =     0.68604E-01, x(  6, 3) =     0.16479E+00
after: itr =  41, myrank =   1, x(  7, 2) =     0.68604E-01, x(  7, 3) =     0.16479E+00
after: itr =  41, myrank =   1, x(  8, 2) =     0.42399E-01, x(  8, 3) =     0.10185E+00
after: itr =  41, myrank =   1, x(  9, 2) =     0.42399E-01, x(  9, 3) =     0.10185E+00
after: itr =  41, myrank =   1, x( 10, 2) =     0.68604E-01, x( 10, 3) =     0.16479E+00
after: itr =  41, myrank =   1, x( 11, 2) =     0.68604E-01, x( 11, 3) =     0.16479E+00
after: itr =  41, myrank =   1, x( 12, 2) =     0.42399E-01, x( 12, 3) =     0.10185E+00
after: itr =  41, myrank =   1, x( 13, 2) =     0.26204E-01, x( 13, 3) =     0.62946E-01
after: itr =  41, myrank =   1, x( 14, 2) =     0.42399E-01, x( 14, 3) =     0.10185E+00
after: itr =  41, myrank =   1, x( 15, 2) =     0.42399E-01, x( 15, 3) =     0.10185E+00
after: itr =  41, myrank =   1, x( 16, 2) =     0.26204E-01, x( 16, 3) =     0.62946E-01
